Diffusion Monte Carlo Run -- no drift
!-!-!-!-!-!-!-!-!-!-!-!-!-!-!-!-!-!-!-!-!-!-!-!-!-!
MPI parameters:
Number of boss cpus =                         320
Number of worker cpus for each boss =           3
Total number of cpus =                       1280
Simulation parameters:
random number seed =                           17
hbar^2/2m =                              20.73554
start from sites =                              F
nwalk =                                     10000
equilibration blocks =                          0
averaging blocks =                              1
nsteps/blocks =                               100
time step =                          0.0000250000
time step rotations (vmc) =          0.0500000000
trial energy =                         -100.00000
drift cutoff =                            0.00000
drastic population control up =           1.10000
drastic population control down =         0.90000
rebalance if walkers fluctuate more than   1.00 %
weight cut off =                         20.00000
table size =                                 8000
!-!-!-!-!-!-!-!-!-!-!-!-!-!-!-!-!-!-!-!-!-!-!-!-!-!
System parameters:
lpot =                                         11
lpotper =                                      11
potential  =                          argonne v6'
potentialpr =                         argonne v6'
Coulomb included in energy-propagation          F
multiply central v by =                   1.00000
multiply tau v by =                       1.00000
multiply sigma v by =                     1.00000
multiply sigma tau v by =                 1.00000
multiply tensor v by =                    1.00000
multiply tensor tau v by =                1.00000
multiply spin-orbit v by =                0.00000
multiply spin-orbit tau v by =            0.00000
three-body potential =                        no3
ibox (0 is nearest image) =                     0
!-!-!-!-!-!-!-!-!-!-!-!-!-!-!-!-!-!-!-!-!-!-!-!-!-!
propagate LS =                                  F
calculate LS =                                  F
type of correlations =                     linear
scale orbital   1 with factor    0.97500
scale orbital   2 with factor    0.97500
scale orbital   3 with factor    0.97500
determinant # 1
coefficient                     1.00000   0.00000
1  1  0  1  o16.n1s1_2.orb  # 2J,2M,L,tau radial_file for state                 
1 -1  0  1  o16.n1s1_2.orb  # 2J,2M,L,tau radial_file for state                 
3  3  1  1  o16.n1p3_2.orb  # 2J,2M,L,tau radial_file for state                 
3  1  1  1  o16.n1p3_2.orb  # 2J,2M,L,tau radial_file for state                 
3 -1  1  1  o16.n1p3_2.orb  # 2J,2M,L,tau radial_file for state                 
3 -3  1  1  o16.n1p3_2.orb  # 2J,2M,L,tau radial_file for state                 
1  1  1  1  o16.n1p1_2.orb  # 2J,2M,L,tau radial_file for state                 
1 -1  1  1  o16.n1p1_2.orb  # 2J,2M,L,tau radial_file for state                 
1  1  0 -1  o16.n1s1_2.orb  # 2J,2M,L,tau radial_file for state                 
1 -1  0 -1  o16.n1s1_2.orb  # 2J,2M,L,tau radial_file for state                 
3  3  1 -1  o16.n1p3_2.orb  # 2J,2M,L,tau radial_file for state                 
3  1  1 -1  o16.n1p3_2.orb  # 2J,2M,L,tau radial_file for state                 
3 -1  1 -1  o16.n1p3_2.orb  # 2J,2M,L,tau radial_file for state                 
3 -3  1 -1  o16.n1p3_2.orb  # 2J,2M,L,tau radial_file for state                 
1  1  1 -1  o16.n1p1_2.orb  # 2J,2M,L,tau radial_file for state                 
1 -1  1 -1  o16.n1p1_2.orb  # 2J,2M,L,tau radial_file for state                 
rescaled coefficient            1.00000   0.00000
!-!-!-!-!-!-!-!-!-!-!-!-!-!-!-!-!-!-!-!-!-!-!-!-!-!
No external potential
!-!-!-!-!-!-!-!-!-!-!-!-!-!-!-!-!-!-!-!-!-!-!-!-!-!
rcut in pair sampling =                   1.00000
acut in pair sampling =                   5.00000
a constant in psig =                      0.00000
Number of protons =                             8
Number of neutrons =                            8
range of the potential =                 20.00000
!-!-!-!-!-!-!-!-!-!-!-!-!-!-!-!-!-!-!-!-!-!-!-!-!-!
do V3 =                                         F
three body force =                            no3
three body a2piPwa =                      0.000000000000000
three body a2piPwc =                      0.000000000000000
three body a2piSw =                       0.000000000000000
three body Vd,C,c3 =                      0.000000000000000
three body Ve,C,c3 =                      0.000000000000000
three body A_R =                          0.000000000000000
three body Vd1 =                          0.000000000000000
three body Vd2 =                          0.000000000000000
three body Ve =                           0.000000000000000
propagator: multiply the antic by =       0.000000000000000
propagator: multiply the Vd1 by =         0.000000000000000
propagator: multiply the Ve by =          0.000000000000000
propagator: three body a2piPW =           0.000000000000000
!-!-!-!-!-!-!-!-!-!-!-!-!-!-!-!-!-!-!-!-!-!-!-!-!-!
jastrow healing distance dc =             2.36663
jastrow healing distance dtn =            6.46608
jastrow rho =                             0.01000
potential quencher acn (v1) =             1.63021
potential quencher at  (v2) =             6.51012
potential quencher as  (v3) =             1.32466
potential quencher ast (v4) =             0.86880
potential quencher atn (v5) =             0.21943
potential quencher atn (v6) =             0.08764
potential quencher als (v7) =             1.00000
potential quencher alst (v8) =            0.00000
correlation quencher bt (f2) =            0.05594
correlation quencher bs (f3) =            0.46670
correlation quencher bst (f4) =           0.45270
correlation quencher btn (f5) =           3.90188
correlation quencher btn (f6) =           6.11769
correlation quencher bls (f7) =           0.00000
correlation quencher blst (f8) =          0.00000
!-!-!-!-!-!-!-!-!-!-!-!-!-!-!-!-!-!-!-!-!-!-!-!-!-!
q1c parameter in f3c =                    0.05315
q2c parameter in f3c =                    0.82912
q1p parameter in f3p =                    0.57799
q2p parameter in f3p =                    1.90138
!-!-!-!-!-!-!-!-!-!-!-!-!-!-!-!-!-!-!-!-!-!-!-!-!-!
rscal parameter in Uijk cent =            1.00000
rscal parameter in Uijk xpi =             1.00000
rscal parameter in Uijk delta =           1.00000
eps_c parameter in Uijk =                 0.00000
eps_anti parameter in Uijk =              0.00000
eps_tm parameter in Uijk =                0.00000
eps_vd1 parameter in Uijk =               0.00000
eps_vd2 parameter in Uijk =               0.00000
eps_vdc3 parameter in Uijk =              0.00000
eps_vec3 parameter in Uijk =              0.00000
eps_ve parameter in Uijk =                0.00000
eps_comm parameter in Uijk =              0.00000
eps_comm-XD parameter in Uijk =           0.00000
eps_comm-DD parameter in Uijk =           0.00000
TNI-comm correlation included =                 F
!-!-!-!-!-!-!-!-!-!-!-!-!-!-!-!-!-!-!-!-!-!-!-!-!-!
CSB correlation rscalpp =                 0.00000
CSB correlation rscalnn =                 0.00000
CSB correlation quencher pp =             0.00000
CSB correlation quencher nn =             0.00000
CSB correlation included =                      F
!-!-!-!-!-!-!-!-!-!-!-!-!-!-!-!-!-!-!-!-!-!-!-!-!-!
jastrow initialized
!-!-!-!-!-!-!-!-!-!-!-!-!-!-!-!-!-!-!-!-!-!-!-!-!-!
Symmetrize V6 in the propagator =               T
New propagation of Vlstau and commutator included!
Coulomb included in energy (and propag)         F
Initial walkers from file
Number of walkers =                          9979
Configurations at tau =              0.0025000000
!-!-!-!-!-!-!-!-!-!-!-!-!-!-!-!-!-!-!-!-!-!-!-!-!-!
Time for reading configurations (sec.) =       1.23
!-!-!-!-!-!-!-!-!-!-!-!-!-!-!-!-!-!-!-!-!-!-!-!-!-!
Initial configurations:
!-!-!-!-!-!-!-!-!-!-!-!-!-!-!-!-!-!-!-!-!-!-!-!-!-!
Psi**2 of initial configurations  =   0.1758542E-29  0.0000000E+00  +-    0.7983440E-31  0.0000000E+00
Psig**2 of initial configurations =   0.8345441E-30  0.0000000E+00  +-    0.5258356E-31  0.0000000E+00
!-!-!-!-!-!-!-!-!-!-!-!-!-!-!-!-!-!-!-!-!-!-!-!-!-!
T**2 of initial configurations  =  -0.7075410E-07 -0.1226841E-07
Tz of initial configurations    =   0.6380238E-13 -0.4444466E-13
J**2 of initial configurations  =   0.1496819E-06 -0.1973843E-07
Jz of initial configurations    =  -0.2885605E-14 -0.3251839E-13
!-!-!-!-!-!-!-!-!-!-!-!-!-!-!-!-!-!-!-!-!-!-!-!-!-!
!-!-!-!-!-!-!-!-!-!-!-!-!-!-!-!-!-!-!-!-!-!-!-!-!-!
Time to process initial configurations (sec.) =       2.00
!-!-!-!-!-!-!-!-!-!-!-!-!-!-!-!-!-!-!-!-!-!-!-!-!-!

equilibration done

iteration =                               1
walker number =                       10008
total energy-propagated        5.00000000E-03  -1.0997727267E+02 +-    8.3371053927E-01   
kinetic energy                 5.00000000E-03   4.4043642569E+02 +-    2.7234117851E+00   
potential energy               5.00000000E-03  -5.5041369836E+02 +-    2.8718853897E+00   
im energy                      5.00000000E-03  -1.3020179365E+00 +-    7.4796156585E-01   
imkin energy                   5.00000000E-03  -3.7828026018E-01 +-    5.3975078387E-01   
impot energy                   5.00000000E-03  -9.2373767628E-01 +-    1.0533361338E+00   
v cent                         5.00000000E-03  -9.9065415272E+00 +-    2.9495178346E+00   
v tau                          5.00000000E-03  -2.1246822408E+01 +-    3.3596559995E-01   
v sigma                        5.00000000E-03  -4.8397481181E+01 +-    3.9946218811E-01   
v sigtau                       5.00000000E-03  -2.4304216077E+02 +-    9.4387264985E-01   
v tensor                       5.00000000E-03  -6.0418570870E-01 +-    1.8134411845E-01   
v tenstau                      5.00000000E-03  -2.2721650676E+02 +-    1.2215644118E+00   
v ls                           5.00000000E-03   0.0000000000E+00 +-    0.0000000000E+00   
v lstau                        5.00000000E-03   0.0000000000E+00 +-    0.0000000000E+00   
vpot v6                        5.00000000E-03  -5.5041369836E+02 +-    2.8718853897E+00   
vpot v8                        5.00000000E-03  -5.5041369836E+02 +-    2.8718853897E+00   
v coulomb                      5.00000000E-03   1.4136911535E+01 +-    1.3880093278E-02   
v external                     5.00000000E-03   0.0000000000E+00 +-    0.0000000000E+00   
tni 2pipr-anticomm             5.00000000E-03   0.0000000000E+00 +-    0.0000000000E+00   
tni vd1pr                      5.00000000E-03   0.0000000000E+00 +-    0.0000000000E+00   
tni vepr                       5.00000000E-03   0.0000000000E+00 +-    0.0000000000E+00   
tni central                    5.00000000E-03   0.0000000000E+00 +-    0.0000000000E+00   
tni 2pixx-anticommutator       5.00000000E-03   0.0000000000E+00 +-    0.0000000000E+00   
tni 2pixd-anticommutator       5.00000000E-03   0.0000000000E+00 +-    0.0000000000E+00   
tni 2pidd-anticommutator       5.00000000E-03   0.0000000000E+00 +-    0.0000000000E+00   
tni 2pixx-commutator           5.00000000E-03   0.0000000000E+00 +-    0.0000000000E+00   
tni 2pixd-commutator           5.00000000E-03   0.0000000000E+00 +-    0.0000000000E+00   
tni 2pidd-commutator           5.00000000E-03   0.0000000000E+00 +-    0.0000000000E+00   
tni 2pi-tm                     5.00000000E-03   0.0000000000E+00 +-    0.0000000000E+00   
tni vd1                        5.00000000E-03   0.0000000000E+00 +-    0.0000000000E+00   
tni vd2                        5.00000000E-03   0.0000000000E+00 +-    0.0000000000E+00   
tni ve                         5.00000000E-03   0.0000000000E+00 +-    0.0000000000E+00   
vpottot v8+tni                 5.00000000E-03  -5.5041369836E+02 +-    2.8718853897E+00   
enetot v8+tni                  5.00000000E-03  -1.0997727267E+02 +-    8.3371053927E-01   
vper cent                      5.00000000E-03  -9.9065415272E+00 +-    2.9495178346E+00   
vper tau                       5.00000000E-03  -2.1246822408E+01 +-    3.3596559995E-01   
vper sigma                     5.00000000E-03  -4.8397481181E+01 +-    3.9946218811E-01   
vper sigtau                    5.00000000E-03  -2.4304216077E+02 +-    9.4387264985E-01   
vper tensor                    5.00000000E-03  -6.0418570870E-01 +-    1.8134411845E-01   
vper tenstau                   5.00000000E-03  -2.2721650676E+02 +-    1.2215644118E+00   
vper ls                        5.00000000E-03   0.0000000000E+00 +-    0.0000000000E+00   
vper lstau                     5.00000000E-03   0.0000000000E+00 +-    0.0000000000E+00   
vpotper v6                     5.00000000E-03  -5.5041369836E+02 +-    2.8718853897E+00   
vpotper v8                     5.00000000E-03  -5.5041369836E+02 +-    2.8718853897E+00   
vpotv6pr-vpotv6per diff        5.00000000E-03   0.0000000000E+00 +-    0.0000000000E+00   
vpotv8pr-vpotv8per diff        5.00000000E-03   0.0000000000E+00 +-    0.0000000000E+00   
2piapr-2pia diff               5.00000000E-03   0.0000000000E+00 +-    0.0000000000E+00   
vd1pr-vd1 diff                 5.00000000E-03   0.0000000000E+00 +-    0.0000000000E+00   
vepr-ve diff                   5.00000000E-03   0.0000000000E+00 +-    0.0000000000E+00   
diff1 2piapr-2pia-2picxx       5.00000000E-03   0.0000000000E+00 +-    0.0000000000E+00   
diff2 vd1pr-vd1-2picxd         5.00000000E-03   0.0000000000E+00 +-    0.0000000000E+00   
diff3 vepr-ve-2picdd           5.00000000E-03   0.0000000000E+00 +-    0.0000000000E+00   
sum diff1+dif2+diff3           5.00000000E-03   0.0000000000E+00 +-    0.0000000000E+00   
proton rms                     5.00000000E-03   5.5621724416E+00 +-    9.8883281185E-03   
neutron rms                    5.00000000E-03   5.5590424659E+00 +-    8.6328221433E-03   
total rms                      5.00000000E-03   5.5606074538E+00 +-    7.4825850282E-03   
neutron-proton rms             5.00000000E-03  -3.1299757395E-03 +-    1.0984215377E-02   
GT sigXtau+                    5.00000000E-03   1.0029544635E-16 +-    6.7939478449E-18   
GT sigYtau+                    5.00000000E-03   9.9029947500E-18 +-    5.6414774159E-18   
GT sigZtau+                    5.00000000E-03  -2.2019446324E-17 +-    5.2423251943E-18   
GT sigXtau-                    5.00000000E-03  -5.1530035048E-17 +-    5.7857307326E-18   
GT sigYtau-                    5.00000000E-03  -8.1713419780E-18 +-    5.5359355482E-18   
GT sigZtau-                    5.00000000E-03  -2.1783552618E-17 +-    5.3049300952E-18   
F tau+                         5.00000000E-03  -1.0271427196E-31 +-    6.1753200245E-32   
F tau-                         5.00000000E-03  -1.7601263892E-32 +-    7.6205485802E-32   
Psi**2                         5.00000000E-03   2.1715453816E-30 +-    1.0526861279E-31   
single crossing/step           5.00000000E-03   7.5008452519E-01 +-    2.1651420815E-04   
global crossing/step           5.00000000E-03   3.3810075402E-04 +-    1.8387147465E-05   
energy numerator(real)         5.00000000E-03  -1.0997727267E+02 +-    1.1203502919E+00   
denominator psit/psigi(real)   5.00000000E-03   1.0000000000E+00 +-    0.0000000000E+00   
energy numerator(aimag)        5.00000000E-03  -1.3020179365E+00 +-    7.4796156585E-01   
denominator psit/psigi(aimag)  5.00000000E-03   0.0000000000E+00 +-    0.0000000000E+00   
growth(lin dt) energy          5.00000000E-03   2.8762390469E+04 +-    2.1892626311E+00   
growth(global) energy          5.00000000E-03   5.5292993832E+04 +-    7.2197403942E+01
growth energy                  5.00000000E-03   5.5328254008E+04 +-    9.0852986194E+00
Time for propagation (sec) (min) =           9.630      0.161
Time for energies (sec) (min) =              0.442      0.007
Time for load balancing (sec) (min) =        0.924      0.015
Time for block (sec) (min) =                13.214      0.220
Time for operators (sec) (min) =             1.394      0.023
Elapsed block time (sec) (min) =            14.609      0.243
 
 walkers multiplicity, block, total
   0         758620         758620
   1         241082         241082
   2              0              0
   3            501            501
   4         204677         204677
   5          35904          35904
   6              0              0
   7              0              0
   8              0              0
   9              0              0
 
 

Time for steps      =      14.612 seconds,        0.244 minutes
Master Time for steps =      14.479 seconds,        0.241 minutes

Number of cpus =      1280
Total job time =      22.363 seconds,        0.373 minutes,        0.006 hours
Total cpu-time =     477.080 minutes,        7.951 hours
Total time =          22.814 seconds,        0.380 minutes,        0.006 hours
Finished!
