total number of boss =    500
total number of workers =      0
total number of cpu =    500
total time of execution (sec) =    833.906
total time for rebalance (sec) =      6.271



     cpu #       sent     received  maxnw       minnw

         0       178       171        23        17
         1       210       181        23        17
         2       148       172        23        16
         3       179       170        23        18
         4       153       167        22        16
         5       179       162        22        17
         6       121       181        22        16
         7       156       166        22        17
         8       151       171        23        15
         9       142       187        23        16
        10       183       176        22        17
        11       235       208        23        17
        12       144       185        23        18
        13       179       180        23        15
        14       159       168        23        18
        15       171       158        23        17
        16       174       171        23        17
        17       155       170        23        18
        18       175       178        23        17
        19       166       175        23        17
        20       147       176        23        17
        21       162       144        23        17
        22       172       147        23        18
        23       180       164        23        17
        24       158       158        23        17
        25       184       175        23        16
        26       154       170        22        18
        27       148       178        23        18
        28       154       171        23        18
        29       175       156        23        17
        30       165       168        23        16
        31       208       159        23        16
        32       175       153        23        15
        33       170       150        24        17
        34       172       159        24        17
        35       150       155        23        16
        36       154       171        23        17
        37       144       173        23        18
        38       169       188        23        17
        39       162       155        24        17
        40       154       153        24        17
        41       201       150        23        17
        42       198       179        23        17
        43       145       153        24        17
        44       166       154        23        17
        45       172       167        23        17
        46       188       171        23        18
        47       192       155        23        18
        48       179       170        23        16
        49       145       168        23        17
        50       152       176        23        16
        51       146       149        23        18
        52       191       174        23        17
        53       133       143        23        18
        54       157       154        23        15
        55       170       147        23        16
        56       168       151        24        17
        57       200       183        23        15
        58       176       161        23        17
        59       163       168        23        15
        60       218       167        23        18
        61       177       153        23        16
        62       126       158        23        18
        63       132       163        23        18
        64       178       156        23        18
        65       150       172        23        18
        66       200       168        23        15
        67       181       205        24        17
        68       167       167        23        18
        69       157       170        23        16
        70       136       156        23        17
        71       143       171        24        16
        72       183       171        23        17
        73       188       158        24        18
        74       188       183        23        16
        75       178       176        23        17
        76       171       157        23        18
        77       155       143        23        16
        78       165       167        23        15
        79       185       175        24        18
        80       173       170        24        17
        81       156       178        23        17
        82       171       149        23        17
        83       155       164        23        17
        84       135       154        23        18
        85       180       184        23        16
        86       169       185        23        17
        87       169       152        23        16
        88       255       200        23        13
        89       171       196        23        18
        90       137       150        23        17
        91       156       178        23        17
        92       134       144        23        17
        93       177       193        24        15
        94       156       156        24        17
        95       165       163        24        18
        96       173       146        23        16
        97       158       176        23        16
        98       164       177        24        17
        99       217       187        24        16
       100       178       173        23        17
       101       173       152        23        17
       102       171       172        23        16
       103       163       165        24        17
       104       189       155        24        18
       105       121       154        23        18
       106       145       169        23        18
       107       169       165        23        16
       108       177       162        23        17
       109       150       173        23        16
       110       156       160        24        15
       111       159       171        23        17
       112       154       163        23        16
       113       146       167        23        18
       114       145       161        23        18
       115       178       146        23        18
       116       179       159        24        17
       117       206       175        24        17
       118       139       163        24        17
       119       174       172        24        18
       120       159       181        23        16
       121       134       152        23        17
       122       165       164        23        16
       123       173       177        24        16
       124       166       166        23        18
       125       226       172        24        18
       126       169       157        23        17
       127       170       161        24        18
       128       182       156        24        18
       129       126       145        23        16
       130       160       162        24        17
       131       148       138        23        15
       132       182       168        24        15
       133       171       166        23        17
       134       150       174        23        16
       135       208       174        24        17
       136       196       180        24        17
       137       206       181        23        17
       138       185       183        23        17
       139       159       168        23        16
       140       151       152        23        15
       141       150       168        23        18
       142       156       149        24        17
       143       130       163        23        17
       144       179       176        23        15
       145       174       155        23        17
       146       198       179        23        18
       147       177       163        23        16
       148       164       145        24        17
       149       133       147        23        14
       150       178       160        24        18
       151       151       147        23        17
       152       150       153        24        16
       153       175       147        24        17
       154       213       170        23        17
       155       157       159        23        16
       156       172       171        23        18
       157       135       173        24        16
       158       164       157        24        17
       159       171       162        23        13
       160       143       146        23        16
       161       136       157        23        16
       162       126       138        23        18
       163       174       177        24        17
       164       161       173        23        17
       165       209       175        23        18
       166       180       160        24        17
       167       138       179        24        16
       168       182       155        23        17
       169       156       182        23        16
       170       169       173        24        17
       171       187       167        23        17
       172       180       160        24        18
       173       179       144        23        17
       174       135       153        23        18
       175       147       182        23        16
       176       178       161        23        18
       177       191       166        23        17
       178       154       164        23        16
       179       173       159        23        17
       180       153       152        23        18
       181       192       162        23        18
       182       200       152        23        18
       183       153       157        24        17
       184       169       150        23        18
       185       152       165        23        16
       186       139       139        23        17
       187       151       154        23        17
       188       179       165        24        15
       189       167       179        24        18
       190       187       170        24        17
       191       150       164        23        18
       192       164       168        24        17
       193       185       176        24        16
       194       162       175        24        16
       195       177       165        24        17
       196       156       139        24        17
       197       155       185        23        17
       198       168       153        24        17
       199       160       180        23        17
       200       158       161        23        18
       201       185       169        24        15
       202       162       164        24        16
       203       177       151        23        17
       204       177       159        23        17
       205       195       172        23        17
       206       165       170        24        16
       207       188       182        23        17
       208       152       165        23        17
       209       174       166        23        17
       210       170       153        23        18
       211       154       170        23        16
       212       136       179        23        18
       213       151       149        24        17
       214       153       187        24        15
       215       189       190        24        17
       216       185       157        23        18
       217       191       172        24        16
       218       164       170        23        18
       219       128       165        23        17
       220       143       167        23        17
       221       151       148        23        17
       222       154       159        24        17
       223       142       152        24        18
       224       154       163        23        17
       225       141       172        23        17
       226       139       167        23        17
       227       163       156        24        18
       228       162       151        23        16
       229       180       172        24        18
       230       204       173        24        17
       231       170       154        23        18
       232       182       173        23        17
       233       163       182        24        17
       234       202       162        24        16
       235       163       164        24        17
       236       167       157        23        16
       237       179       176        24        18
       238       149       147        23        17
       239       143       188        23        15
       240       200       167        24        15
       241       202       184        24        17
       242       167       163        24        17
       243       164       167        23        18
       244       153       170        23        17
       245       149       149        23        18
       246       186       155        23        17
       247       199       173        24        18
       248       192       163        23        18
       249       144       171        24        15
       250       185       178        24        16
       251       156       143        23        18
       252       185       187        24        17
       253       140       165        23        17
       254       162       167        23        18
       255       158       164        23        17
       256       166       179        23        17
       257       181       155        23        18
       258       172       195        24        18
       259       160       177        24        18
       260       182       172        23        17
       261       175       148        23        17
       262       159       158        24        18
       263       171       171        24        17
       264       209       182        24        17
       265       157       168        23        18
       266       194       166        23        18
       267       169       155        23        17
       268       151       176        23        17
       269       150       154        23        19
       270       184       162        24        16
       271       143       147        23        17
       272       174       175        23        16
       273       139       141        23        17
       274       181       163        23        14
       275       157       164        23        18
       276       169       164        23        17
       277       179       164        24        17
       278       161       162        24        16
       279       160       182        24        18
       280       151       151        23        18
       281       161       166        24        17
       282       158       149        24        17
       283       191       188        23        17
       284       176       140        24        19
       285       176       191        24        16
       286       162       149        24        16
       287       171       169        24        17
       288       196       179        24        17
       289       165       162        24        18
       290       167       168        23        17
       291       134       178        23        16
       292       150       140        23        17
       293       155       169        23        16
       294       127       166        23        16
       295       171       166        24        17
       296       180       174        23        17
       297       183       161        24        17
       298       178       168        23        18
       299       164       176        23        15
       300       150       160        23        18
       301       156       164        24        17
       302       133       184        24        16
       303       158       183        23        19
       304       169       176        24        18
       305       189       161        24        19
       306       164       153        24        17
       307       163       164        23        18
       308       171       172        25        16
       309       161       168        23        17
       310       163       146        24        18
       311       170       172        23        17
       312       175       155        23        18
       313       165       159        23        18
       314       180       157        24        19
       315       170       190        24        17
       316       171       192        23        17
       317       154       163        23        17
       318       171       180        23        18
       319       187       176        24        18
       320       189       148        24        17
       321       167       165        24        18
       322       165       170        24        16
       323       178       178        23        16
       324       176       177        24        17
       325       177       178        24        18
       326       152       142        23        18
       327       181       168        24        18
       328       144       157        24        15
       329       173       169        24        17
       330       192       170        23        17
       331       181       166        23        18
       332       158       168        24        16
       333       167       154        23        16
       334       164       163        23        17
       335       194       182        24        17
       336       151       165        23        17
       337       134       142        23        18
       338       143       159        24        17
       339       168       143        23        16
       340       161       148        24        15
       341       157       160        24        17
       342       154       165        23        18
       343       148       186        24        14
       344       157       163        24        16
       345       138       177        23        17
       346       206       167        24        18
       347       160       166        23        16
       348       153       145        23        18
       349       154       155        23        17
       350       163       147        24        17
       351       162       185        24        17
       352       167       169        24        17
       353       163       164        24        16
       354       178       176        23        17
       355       177       176        24        18
       356       131       165        23        17
       357       140       182        23        17
       358       144       158        24        16
       359       121       140        23        18
       360       148       169        24        17
       361       176       165        24        17
       362       166       181        25        17
       363       160       185        24        15
       364       191       176        24        17
       365       131       156        23        17
       366       173       167        23        15
       367       159       184        24        18
       368       165       161        24        17
       369       161       166        23        17
       370       155       158        24        17
       371       163       182        24        16
       372       182       177        24        17
       373       170       177        23        16
       374       143       146        23        19
       375       173       190        23        17
       376       198       198        24        16
       377       198       177        25        18
       378       171       188        23        16
       379       164       166        24        18
       380       175       163        24        18
       381       149       176        24        18
       382       202       166        24        18
       383       143       156        23        16
       384       144       168        24        17
       385       137       172        24        16
       386       189       186        24        18
       387       150       166        23        16
       388       200       184        23        17
       389       160       154        24        16
       390       156       164        23        17
       391       160       160        24        15
       392       185       187        23        17
       393       155       156        24        16
       394       141       178        23        17
       395       155       159        24        16
       396       221       184        24        17
       397       141       188        24        18
       398       179       184        24        16
       399       151       165        24        18
       400       179       162        23        16
       401       181       176        24        17
       402       150       163        24        17
       403       136       185        24        16
       404       175       175        24        17
       405       165       172        23        17
       406       176       153        23        18
       407       163       173        23        16
       408       168       150        24        18
       409       138       172        24        17
       410       146       168        23        17
       411       160       159        24        17
       412       213       169        24        16
       413       129       154        24        18
       414       179       176        24        18
       415       190       181        23        17
       416       179       166        24        17
       417       164       178        24        18
       418       189       181        24        16
       419       171       166        23        17
       420       163       164        23        17
       421       227       190        24        17
       422       175       155        24        18
       423       173       176        23        17
       424       153       156        24        17
       425       156       166        24        17
       426       173       162        24        15
       427       176       157        24        15
       428       180       174        24        16
       429       174       177        23        18
       430       185       174        24        19
       431       128       171        23        16
       432       164       164        24        16
       433       205       186        23        18
       434       190       178        24        18
       435       163       168        23        17
       436       153       169        23        15
       437       184       187        24        18
       438       180       164        24        18
       439       172       175        24        16
       440       143       176        23        17
       441       174       190        24        16
       442       152       179        23        16
       443       171       194        24        16
       444       159       170        23        18
       445       135       173        24        18
       446       175       188        24        17
       447       204       187        23        17
       448       165       166        23        17
       449       164       183        24        17
       450       171       175        24        16
       451       197       171        24        16
       452       162       186        24        17
       453       174       176        23        16
       454       156       155        24        18
       455       159       155        23        18
       456       141       141        24        18
       457       184       171        24        17
       458       158       166        24        17
       459       157       160        23        15
       460       138       179        23        17
       461       183       165        24        18
       462       176       175        24        17
       463       167       157        24        17
       464       172       181        24        16
       465       134       141        24        16
       466       162       173        24        17
       467       217       184        24        17
       468       148       148        23        18
       469       158       165        24        17
       470       175       160        24        16
       471       144       170        24        16
       472       158       164        24        16
       473       169       159        24        18
       474       190       176        23        18
       475       148       142        23        18
       476       172       170        24        17
       477       150       153        23        16
       478       166       153        24        18
       479       163       153        23        17
       480       160       160        24        18
       481       143       169        23        17
       482       199       155        24        18
       483       171       189        24        18
       484       188       192        23        17
       485       203       173        24        18
       486       163       183        24        17
       487       161       152        24        17
       488       148       167        23        16
       489       193       197        24        17
       490       165       167        24        16
       491       163       167        23        17
       492       163       161        24        17
       493       174       185        24        15
       494       167       165        23        16
       495       159       171        23        18
       496       168       174        23        18
       497       188       174        24        16
       498       150       154        24        19
       499       184       153        23        18

     total     83388     83388     11715      8465


checkpop calls        5000
rebalance calls       5000

number of walkers   52406852

number of walkers moved      0.159 %
