Unconstrained Diffusion Monte Carlo Run -- no drift
!-!-!-!-!-!-!-!-!-!-!-!-!-!-!-!-!-!-!-!-!-!-!-!-!-!
MPI parameters:
Number of boss cpus =                         100
Number of worker cpus for each boss =           0
Total number of cpus =                        100
Simulation parameters:
random number seed =                          321
hbar^2/2m =                              20.73554
start from sites =                              F
nwalk =                                     10000
equilibration blocks =                          0
averaging blocks =                             10
nsteps/blocks =                               100
time step =                          0.0000250000
time step rotations (vmc) =          0.1700000000
trial energy =                          -26.00000
drift cutoff =                            0.00000
drastic population control up =           1.20000
drastic population control down =         0.80000
rebalance if walkers fluctuate more than   2.00 %
weight cut off =                         20.00000
table size =                                 8000
!-!-!-!-!-!-!-!-!-!-!-!-!-!-!-!-!-!-!-!-!-!-!-!-!-!
System parameters:
lpot =                                         11
lpotper =                                      11
potential  =                          argonne v6'
potentialpr =                         argonne v6'
Coulomb included in energy-propagation          F
multiply central v by =                   1.00000
multiply tau v by =                       1.00000
multiply sigma v by =                     1.00000
multiply sigma tau v by =                 1.00000
multiply tensor v by =                    1.00000
multiply tensor tau v by =                1.00000
multiply spin-orbit v by =                0.00000
multiply spin-orbit tau v by =            0.00000
three-body potential =                        no3
ibox (0 is nearest image) =                     0
!-!-!-!-!-!-!-!-!-!-!-!-!-!-!-!-!-!-!-!-!-!-!-!-!-!
propagate LS =                                  F
calculate LS =                                  F
type of correlations =           independent pair
scale orbital   1 with factor    1.14000
determinant # 1
coefficient                     1.00000   0.00000
1  1  0  1  alpha.orb    # 2J,2M,L,tau radial_file for state                    
1 -1  0  1  alpha.orb    # 2J,2M,L,tau radial_file for state                    
1  1  0 -1  alpha.orb    # 2J,2M,L,tau radial_file for state                    
1 -1  0 -1  alpha.orb    # 2J,2M,L,tau radial_file for state                    
rescaled coefficient            1.00000   0.00000
!-!-!-!-!-!-!-!-!-!-!-!-!-!-!-!-!-!-!-!-!-!-!-!-!-!
No external potential
!-!-!-!-!-!-!-!-!-!-!-!-!-!-!-!-!-!-!-!-!-!-!-!-!-!
rcut in pair sampling =                   1.00000
acut in pair sampling =                   5.00000
a constant in psig =                      0.20000
Number of protons =                             2
Number of neutrons =                            2
range of the potential =                 20.00000
!-!-!-!-!-!-!-!-!-!-!-!-!-!-!-!-!-!-!-!-!-!-!-!-!-!
do V3 =                                         F
three body force =                            no3
three body a2piPwa =                      0.000000000000000
three body a2piPwc =                      0.000000000000000
three body a2piSw =                       0.000000000000000
three body Vd,C,c3 =                      0.000000000000000
three body Ve,C,c3 =                      0.000000000000000
three body A_R =                          0.000000000000000
three body Vd1 =                          0.000000000000000
three body Vd2 =                          0.000000000000000
three body Ve =                           0.000000000000000
propagator: multiply the antic by =       0.000000000000000
propagator: multiply the Vd1 by =         0.000000000000000
propagator: multiply the Ve by =          0.000000000000000
propagator: three body a2piPW =           0.000000000000000
!-!-!-!-!-!-!-!-!-!-!-!-!-!-!-!-!-!-!-!-!-!-!-!-!-!
jastrow healing distance dc =             4.47768
jastrow healing distance dtn =           11.57317
jastrow rho =                             0.01000
potential quencher acn (v1) =             1.50851
potential quencher at  (v2) =             6.06936
potential quencher as  (v3) =             2.76780
potential quencher ast (v4) =             0.80880
potential quencher atn (v5) =             0.61864
potential quencher atn (v6) =             0.20141
potential quencher als (v7) =             0.00000
potential quencher alst (v8) =            0.00000
correlation quencher bt (f2) =            0.26685
correlation quencher bs (f3) =           -0.10565
correlation quencher bst (f4) =           0.42277
correlation quencher btn (f5) =           1.08683
correlation quencher btn (f6) =           4.44810
correlation quencher bls (f7) =           0.00000
correlation quencher blst (f8) =          0.00000
!-!-!-!-!-!-!-!-!-!-!-!-!-!-!-!-!-!-!-!-!-!-!-!-!-!
q1c parameter in f3c =                   12.87526
q2c parameter in f3c =                    1.60340
q1p parameter in f3p =                   -1.81620
q2p parameter in f3p =                    2.14789
!-!-!-!-!-!-!-!-!-!-!-!-!-!-!-!-!-!-!-!-!-!-!-!-!-!
rscal parameter in Uijk cent =            1.00000
rscal parameter in Uijk xpi =             1.00000
rscal parameter in Uijk delta =           1.00000
eps_c parameter in Uijk =                 0.00000
eps_anti parameter in Uijk =              0.00000
eps_tm parameter in Uijk =                0.00000
eps_vd1 parameter in Uijk =               0.00000
eps_vd2 parameter in Uijk =               0.00000
eps_vdc3 parameter in Uijk =              0.00000
eps_vec3 parameter in Uijk =              0.00000
eps_ve parameter in Uijk =                0.00000
eps_comm parameter in Uijk =              0.00000
eps_comm-XD parameter in Uijk =           0.00000
eps_comm-DD parameter in Uijk =           0.00000
TNI-comm correlation included =                 F
!-!-!-!-!-!-!-!-!-!-!-!-!-!-!-!-!-!-!-!-!-!-!-!-!-!
CSB correlation rscalpp =                 1.00000
CSB correlation rscalnn =                 1.00000
CSB correlation quencher pp =             0.00000
CSB correlation quencher nn =             0.00000
CSB correlation included =                      F
!-!-!-!-!-!-!-!-!-!-!-!-!-!-!-!-!-!-!-!-!-!-!-!-!-!
jastrow initialized
!-!-!-!-!-!-!-!-!-!-!-!-!-!-!-!-!-!-!-!-!-!-!-!-!-!
Symmetrize V6 in the propagator =               T
New propagation of Vlstau and commutator included!
Coulomb included in energy (and propag)         F
Initial walkers from file
Number of walkers =                          8600
Configurations at tau =              2.5000000000
Reset tau =                          0.0000000000
!-!-!-!-!-!-!-!-!-!-!-!-!-!-!-!-!-!-!-!-!-!-!-!-!-!
Time for reading configurations (sec.) =       0.73
!-!-!-!-!-!-!-!-!-!-!-!-!-!-!-!-!-!-!-!-!-!-!-!-!-!
Initial configurations:
total energy-propagated        0.00000000E+00  -2.6288915082E+01 +-    3.4903491933E-01   
kinetic energy                 0.00000000E+00   1.0862084338E+02 +-    1.6385184701E+00   
potential energy               0.00000000E+00  -1.3490975846E+02 +-    1.6150216495E+00   
v cent                         0.00000000E+00   1.4979826138E+01 +-    1.4814334649E+00   
v tau                          0.00000000E+00  -7.4327199434E+00 +-    2.4211983928E-01   
v sigma                        0.00000000E+00  -8.1434780243E+00 +-    2.4494069539E-01   
v sigtau                       0.00000000E+00  -6.0233215131E+01 +-    5.5472046775E-01   
v tensor                       0.00000000E+00   4.9119160060E-01 +-    1.2957269018E-01   
v tenstau                      0.00000000E+00  -7.4571363101E+01 +-    9.6525280020E-01   
v ls                           0.00000000E+00   0.0000000000E+00 +-    0.0000000000E+00   
v lstau                        0.00000000E+00   0.0000000000E+00 +-    0.0000000000E+00   
v coulomb                      0.00000000E+00   7.3596443767E-01 +-    2.8859287602E-03   
v external                     0.00000000E+00   0.0000000000E+00 +-    0.0000000000E+00   
tni 2pipr-anticomm             0.00000000E+00   0.0000000000E+00 +-    0.0000000000E+00   
tni vd1pr                      0.00000000E+00   0.0000000000E+00 +-    0.0000000000E+00   
tni vepr                       0.00000000E+00   0.0000000000E+00 +-    0.0000000000E+00   
tni central                    0.00000000E+00   0.0000000000E+00 +-    0.0000000000E+00   
tni 2pixx-anticommutator       0.00000000E+00   0.0000000000E+00 +-    0.0000000000E+00   
tni 2pixd-anticommutator       0.00000000E+00   0.0000000000E+00 +-    0.0000000000E+00   
tni 2pidd-anticommutator       0.00000000E+00   0.0000000000E+00 +-    0.0000000000E+00   
tni 2pixx-commutator           0.00000000E+00   0.0000000000E+00 +-    0.0000000000E+00   
tni 2pixd-commutator           0.00000000E+00   0.0000000000E+00 +-    0.0000000000E+00   
tni 2pidd-commutator           0.00000000E+00   0.0000000000E+00 +-    0.0000000000E+00   
tni 2pi-tm                     0.00000000E+00   0.0000000000E+00 +-    0.0000000000E+00   
tni vd1                        0.00000000E+00   0.0000000000E+00 +-    0.0000000000E+00   
tni vd2                        0.00000000E+00   0.0000000000E+00 +-    0.0000000000E+00   
tni ve                         0.00000000E+00   0.0000000000E+00 +-    0.0000000000E+00   
enetot v8+tni                  0.00000000E+00  -2.6288915082E+01 +-    3.4903491933E-01   
!-!-!-!-!-!-!-!-!-!-!-!-!-!-!-!-!-!-!-!-!-!-!-!-!-!
Psi**2 of initial configurations  =   0.2616722E-04  0.0000000E+00  +-    0.6714151E-06  0.0000000E+00
Psig**2 of initial configurations =   0.1633932E-04  0.0000000E+00  +-    0.4574388E-06  0.0000000E+00
!-!-!-!-!-!-!-!-!-!-!-!-!-!-!-!-!-!-!-!-!-!-!-!-!-!
T**2 of initial configurations  =  -0.1738846E-07 -0.2598761E-08
Tz of initial configurations    =  -0.3512969E-15 -0.4452783E-14
J**2 of initial configurations  =   0.3077390E-07 -0.2576828E-08
Jz of initial configurations    =   0.4803772E-14  0.2985679E-13
!-!-!-!-!-!-!-!-!-!-!-!-!-!-!-!-!-!-!-!-!-!-!-!-!-!
!-!-!-!-!-!-!-!-!-!-!-!-!-!-!-!-!-!-!-!-!-!-!-!-!-!
Time to process initial configurations (sec.) =       1.48
!-!-!-!-!-!-!-!-!-!-!-!-!-!-!-!-!-!-!-!-!-!-!-!-!-!

equilibration done

iteration =                               1
walker number =                        9812
total energy-propagated        2.50000000E-03  -2.6145521984E+01 +-    3.2288780928E-01   
kinetic energy                 2.50000000E-03   1.0119483123E+02 +-    1.6149230853E+00   
potential energy               2.50000000E-03  -1.2734035322E+02 +-    1.5641254196E+00   
im energy                      2.50000000E-03   2.8427100407E-01 +-    2.2465736073E-01   
imkin energy                   2.50000000E-03   1.0746653634E+00 +-    4.2860253519E-01   
impot energy                   2.50000000E-03  -7.9039435935E-01 +-    3.9600399580E-01   
v cent                         2.50000000E-03   2.0313046195E+01 +-    1.5072098666E+00   
v tau                          2.50000000E-03  -7.7206398951E+00 +-    2.2607087330E-01   
v sigma                        2.50000000E-03  -9.1795805077E+00 +-    1.9697455677E-01   
v sigtau                       2.50000000E-03  -6.1494096573E+01 +-    5.2319761413E-01   
v tensor                       2.50000000E-03   8.9392101266E-01 +-    1.1569894202E-01   
v tenstau                      2.50000000E-03  -7.0153003450E+01 +-    8.7750806638E-01   
v ls                           2.50000000E-03   0.0000000000E+00 +-    0.0000000000E+00   
v lstau                        2.50000000E-03   0.0000000000E+00 +-    0.0000000000E+00   
vpot v6                        2.50000000E-03  -1.2734035322E+02 +-    1.5641254196E+00   
vpot v8                        2.50000000E-03  -1.2734035322E+02 +-    1.5641254196E+00   
v coulomb                      2.50000000E-03   7.4179533324E-01 +-    2.7985204609E-03   
v external                     2.50000000E-03   0.0000000000E+00 +-    0.0000000000E+00   
tni 2pipr-anticomm             2.50000000E-03   0.0000000000E+00 +-    0.0000000000E+00   
tni vd1pr                      2.50000000E-03   0.0000000000E+00 +-    0.0000000000E+00   
tni vepr                       2.50000000E-03   0.0000000000E+00 +-    0.0000000000E+00   
tni central                    2.50000000E-03   0.0000000000E+00 +-    0.0000000000E+00   
tni 2pixx-anticommutator       2.50000000E-03   0.0000000000E+00 +-    0.0000000000E+00   
tni 2pixd-anticommutator       2.50000000E-03   0.0000000000E+00 +-    0.0000000000E+00   
tni 2pidd-anticommutator       2.50000000E-03   0.0000000000E+00 +-    0.0000000000E+00   
tni 2pixx-commutator           2.50000000E-03   0.0000000000E+00 +-    0.0000000000E+00   
tni 2pixd-commutator           2.50000000E-03   0.0000000000E+00 +-    0.0000000000E+00   
tni 2pidd-commutator           2.50000000E-03   0.0000000000E+00 +-    0.0000000000E+00   
tni 2pi-tm                     2.50000000E-03   0.0000000000E+00 +-    0.0000000000E+00   
tni vd1                        2.50000000E-03   0.0000000000E+00 +-    0.0000000000E+00   
tni vd2                        2.50000000E-03   0.0000000000E+00 +-    0.0000000000E+00   
tni ve                         2.50000000E-03   0.0000000000E+00 +-    0.0000000000E+00   
vpottot v8+tni                 2.50000000E-03  -1.2734035322E+02 +-    1.5641254196E+00   
enetot v8+tni                  2.50000000E-03  -2.6145521984E+01 +-    3.2288780928E-01   
vper cent                      2.50000000E-03   2.0313046195E+01 +-    1.5072098666E+00   
vper tau                       2.50000000E-03  -7.7206398951E+00 +-    2.2607087330E-01   
vper sigma                     2.50000000E-03  -9.1795805077E+00 +-    1.9697455677E-01   
vper sigtau                    2.50000000E-03  -6.1494096573E+01 +-    5.2319761413E-01   
vper tensor                    2.50000000E-03   8.9392101266E-01 +-    1.1569894202E-01   
vper tenstau                   2.50000000E-03  -7.0153003450E+01 +-    8.7750806638E-01   
vper ls                        2.50000000E-03   0.0000000000E+00 +-    0.0000000000E+00   
vper lstau                     2.50000000E-03   0.0000000000E+00 +-    0.0000000000E+00   
vpotper v6                     2.50000000E-03  -1.2734035322E+02 +-    1.5641254196E+00   
vpotper v8                     2.50000000E-03  -1.2734035322E+02 +-    1.5641254196E+00   
vpotv6pr-vpotv6per diff        2.50000000E-03   0.0000000000E+00 +-    0.0000000000E+00   
vpotv8pr-vpotv8per diff        2.50000000E-03   0.0000000000E+00 +-    0.0000000000E+00   
2piapr-2pia diff               2.50000000E-03   0.0000000000E+00 +-    0.0000000000E+00   
vd1pr-vd1 diff                 2.50000000E-03   0.0000000000E+00 +-    0.0000000000E+00   
vepr-ve diff                   2.50000000E-03   0.0000000000E+00 +-    0.0000000000E+00   
diff1 2piapr-2pia-2picxx       2.50000000E-03   0.0000000000E+00 +-    0.0000000000E+00   
diff2 vd1pr-vd1-2picxd         2.50000000E-03   0.0000000000E+00 +-    0.0000000000E+00   
diff3 vepr-ve-2picdd           2.50000000E-03   0.0000000000E+00 +-    0.0000000000E+00   
sum diff1+dif2+diff3           2.50000000E-03   0.0000000000E+00 +-    0.0000000000E+00   
proton rms                     2.50000000E-03   2.0674932506E+00 +-    1.2846683043E-02   
neutron rms                    2.50000000E-03   2.0917386925E+00 +-    1.2417433204E-02   
total rms                      2.50000000E-03   2.0789214610E+00 +-    1.1070855332E-02   
neutron-proton rms             2.50000000E-03   2.4245441863E-02 +-    1.2148945100E-02   
GT sigXtau+                    2.50000000E-03  -1.9864737836E-05 +-    2.1941306780E-05   
GT sigYtau+                    2.50000000E-03  -4.5988656943E-05 +-    2.1743468450E-05   
GT sigZtau+                    2.50000000E-03  -9.3970818935E-05 +-    2.1779225166E-05   
GT sigXtau-                    2.50000000E-03   2.1931098728E-05 +-    2.1579771410E-05   
GT sigYtau-                    2.50000000E-03  -3.1773444755E-05 +-    2.2025625974E-05   
GT sigZtau-                    2.50000000E-03  -4.8517546844E-05 +-    2.0478889035E-05   
F tau+                         2.50000000E-03  -1.3800987639E-20 +-    3.9167420735E-20   
F tau-                         2.50000000E-03   2.1455006647E-20 +-    3.7814551228E-20   
Psi**2                         2.50000000E-03   2.3311416857E-05 +-    5.6202917335E-07   
single crossing/step           2.50000000E-03   8.4419030997E-03 +-    4.7659495398E-05   
global crossing/step           2.50000000E-03   8.2763755879E-03 +-    9.4387741942E-05   
energy numerator(real)         2.50000000E-03  -2.7383236533E+01 +-    6.6706197983E-01   
denominator psit/psigi(real)   2.50000000E-03   1.0475475922E+00 +-    1.1479414495E-02   
energy numerator(aimag)        2.50000000E-03   8.4267120880E-01 +-    4.4731520369E-01   
denominator psit/psigi(aimag)  2.50000000E-03  -2.2568836194E-02 +-    7.4651930649E-03   
growth(lin dt) energy          2.50000000E-03  -1.7986443089E+02 +-    4.9227729966E+00   
growth(global) energy          2.50000000E-03  -1.5693005732E+02 +-    1.2404379676E+01
growth energy                  2.50000000E-03  -1.7979257908E+02 +-    4.9131523360E+00
Time for propagation (sec) (min) =          18.395      0.307
Time for energies (sec) (min) =              0.687      0.011
Time for load balancing (sec) (min) =        0.065      0.001
Time for block (sec) (min) =                19.985      0.333
Time for operators (sec) (min) =             0.024      0.000
Elapsed block time (sec) (min) =            20.011      0.334
 
 walkers multiplicity, block, total
   0          35254          35254
   1         849770         849770
   2          36113          36113
   3            140            140
   4             16             16
   5              1              1
   6              1              1
   7              0              0
   8              1              1
   9              0              0
  10              1              1
 
 

iteration =                               2
walker number =                       10951
total energy-propagated        5.00000000E-03  -2.6542176366E+01 +-    3.6424374697E-01   
kinetic energy                 5.00000000E-03   9.7267577840E+01 +-    1.7944553321E+00   
potential energy               5.00000000E-03  -1.2380975421E+02 +-    1.7641162387E+00   
im energy                      5.00000000E-03   8.9880061198E-01 +-    2.4557573120E-01   
imkin energy                   5.00000000E-03  -1.0712714019E+00 +-    5.7954167875E-01   
impot energy                   5.00000000E-03   1.9700720138E+00 +-    5.6965690990E-01   
v cent                         5.00000000E-03   2.8212615384E+01 +-    1.6654830257E+00   
v tau                          5.00000000E-03  -8.8521606653E+00 +-    3.9601695676E-01   
v sigma                        5.00000000E-03  -9.3712896623E+00 +-    2.9571152460E-01   
v sigtau                       5.00000000E-03  -6.3108470333E+01 +-    5.0399744755E-01   
v tensor                       5.00000000E-03   8.5130026750E-01 +-    1.5461158283E-01   
v tenstau                      5.00000000E-03  -7.1541749197E+01 +-    1.2165230933E+00   
v ls                           5.00000000E-03   0.0000000000E+00 +-    0.0000000000E+00   
v lstau                        5.00000000E-03   0.0000000000E+00 +-    0.0000000000E+00   
vpot v6                        5.00000000E-03  -1.2380975421E+02 +-    1.7641162387E+00   
vpot v8                        5.00000000E-03  -1.2380975421E+02 +-    1.7641162387E+00   
v coulomb                      5.00000000E-03   7.2626019147E-01 +-    2.6710471969E-03   
v external                     5.00000000E-03   0.0000000000E+00 +-    0.0000000000E+00   
tni 2pipr-anticomm             5.00000000E-03   0.0000000000E+00 +-    0.0000000000E+00   
tni vd1pr                      5.00000000E-03   0.0000000000E+00 +-    0.0000000000E+00   
tni vepr                       5.00000000E-03   0.0000000000E+00 +-    0.0000000000E+00   
tni central                    5.00000000E-03   0.0000000000E+00 +-    0.0000000000E+00   
tni 2pixx-anticommutator       5.00000000E-03   0.0000000000E+00 +-    0.0000000000E+00   
tni 2pixd-anticommutator       5.00000000E-03   0.0000000000E+00 +-    0.0000000000E+00   
tni 2pidd-anticommutator       5.00000000E-03   0.0000000000E+00 +-    0.0000000000E+00   
tni 2pixx-commutator           5.00000000E-03   0.0000000000E+00 +-    0.0000000000E+00   
tni 2pixd-commutator           5.00000000E-03   0.0000000000E+00 +-    0.0000000000E+00   
tni 2pidd-commutator           5.00000000E-03   0.0000000000E+00 +-    0.0000000000E+00   
tni 2pi-tm                     5.00000000E-03   0.0000000000E+00 +-    0.0000000000E+00   
tni vd1                        5.00000000E-03   0.0000000000E+00 +-    0.0000000000E+00   
tni vd2                        5.00000000E-03   0.0000000000E+00 +-    0.0000000000E+00   
tni ve                         5.00000000E-03   0.0000000000E+00 +-    0.0000000000E+00   
vpottot v8+tni                 5.00000000E-03  -1.2380975421E+02 +-    1.7641162387E+00   
enetot v8+tni                  5.00000000E-03  -2.6542176366E+01 +-    3.6424374697E-01   
vper cent                      5.00000000E-03   2.8212615384E+01 +-    1.6654830257E+00   
vper tau                       5.00000000E-03  -8.8521606653E+00 +-    3.9601695676E-01   
vper sigma                     5.00000000E-03  -9.3712896623E+00 +-    2.9571152460E-01   
vper sigtau                    5.00000000E-03  -6.3108470333E+01 +-    5.0399744755E-01   
vper tensor                    5.00000000E-03   8.5130026750E-01 +-    1.5461158283E-01   
vper tenstau                   5.00000000E-03  -7.1541749197E+01 +-    1.2165230933E+00   
vper ls                        5.00000000E-03   0.0000000000E+00 +-    0.0000000000E+00   
vper lstau                     5.00000000E-03   0.0000000000E+00 +-    0.0000000000E+00   
vpotper v6                     5.00000000E-03  -1.2380975421E+02 +-    1.7641162387E+00   
vpotper v8                     5.00000000E-03  -1.2380975421E+02 +-    1.7641162387E+00   
vpotv6pr-vpotv6per diff        5.00000000E-03   0.0000000000E+00 +-    0.0000000000E+00   
vpotv8pr-vpotv8per diff        5.00000000E-03   0.0000000000E+00 +-    0.0000000000E+00   
2piapr-2pia diff               5.00000000E-03   0.0000000000E+00 +-    0.0000000000E+00   
vd1pr-vd1 diff                 5.00000000E-03   0.0000000000E+00 +-    0.0000000000E+00   
vepr-ve diff                   5.00000000E-03   0.0000000000E+00 +-    0.0000000000E+00   
diff1 2piapr-2pia-2picxx       5.00000000E-03   0.0000000000E+00 +-    0.0000000000E+00   
diff2 vd1pr-vd1-2picxd         5.00000000E-03   0.0000000000E+00 +-    0.0000000000E+00   
diff3 vepr-ve-2picdd           5.00000000E-03   0.0000000000E+00 +-    0.0000000000E+00   
sum diff1+dif2+diff3           5.00000000E-03   0.0000000000E+00 +-    0.0000000000E+00   
proton rms                     5.00000000E-03   2.0620467778E+00 +-    1.1937340665E-02   
neutron rms                    5.00000000E-03   2.0530990703E+00 +-    1.2242419164E-02   
total rms                      5.00000000E-03   2.0563087442E+00 +-    1.0599325292E-02   
neutron-proton rms             5.00000000E-03  -8.9477074920E-03 +-    1.1567241845E-02   
GT sigXtau+                    5.00000000E-03   1.5090900589E-04 +-    2.2515440075E-05   
GT sigYtau+                    5.00000000E-03  -2.9211198212E-05 +-    2.1008443877E-05   
GT sigZtau+                    5.00000000E-03  -9.0403108785E-06 +-    2.1057980444E-05   
GT sigXtau-                    5.00000000E-03   5.0440343481E-05 +-    2.2778347378E-05   
GT sigYtau-                    5.00000000E-03  -7.4222915525E-05 +-    2.1393909788E-05   
GT sigZtau-                    5.00000000E-03  -7.3016178834E-05 +-    2.1855195460E-05   
F tau+                         5.00000000E-03  -2.2824576275E-21 +-    7.7054012995E-20   
F tau-                         5.00000000E-03   1.6134968124E-20 +-    4.3513899451E-20   
Psi**2                         5.00000000E-03   2.3501689219E-05 +-    5.1222474308E-07   
single crossing/step           5.00000000E-03   7.4750019713E-03 +-    4.1726665939E-05   
global crossing/step           5.00000000E-03   7.3351331664E-03 +-    8.2674699468E-05   
energy numerator(real)         5.00000000E-03  -1.8044523138E+01 +-    7.2193060402E-01   
denominator psit/psigi(real)   5.00000000E-03   6.8180226317E-01 +-    1.2461593418E-02   
energy numerator(aimag)        5.00000000E-03   2.1431923179E+00 +-    4.9501489945E-01   
denominator psit/psigi(aimag)  5.00000000E-03  -2.3214038307E-02 +-    8.2639784561E-03   
growth(lin dt) energy          5.00000000E-03  -2.1580470910E+02 +-    5.1604951239E+00   
growth(global) energy          5.00000000E-03  -2.2267120792E+02 +-    1.1634125179E+01
growth energy                  5.00000000E-03  -2.1564874599E+02 +-    5.1457801351E+00
Time for propagation (sec) (min) =          21.265      0.354
Time for energies (sec) (min) =              0.767      0.013
Time for load balancing (sec) (min) =        0.029      0.000
Time for block (sec) (min) =                22.893      0.382
Time for operators (sec) (min) =             0.022      0.000
Elapsed block time (sec) (min) =            42.964      0.716
 
 walkers multiplicity, block, total
   0          45224          80478
   1         986301        1836071
   2          45415          81528
   3            303            443
   4             51             67
   5             24             25
   6              6              7
   7              3              3
   8              1              2
   9              0              0
  10              0              1
  12              2              2
  17              1              1
 
 

iteration =                               3
walker number =                       11309
total energy-propagated        7.50000000E-03  -2.6818400506E+01 +-    3.7145092321E-01   
kinetic energy                 7.50000000E-03   1.0842212661E+02 +-    1.4913649582E+00   
potential energy               7.50000000E-03  -1.3524052712E+02 +-    1.4806406804E+00   
im energy                      7.50000000E-03   1.4763049980E+00 +-    2.5760061529E-01   
imkin energy                   7.50000000E-03  -2.9226722134E+00 +-    7.2741369987E-01   
impot energy                   7.50000000E-03   4.3989772114E+00 +-    6.2307548669E-01   
v cent                         7.50000000E-03   1.7229855421E+01 +-    1.3026480833E+00   
v tau                          7.50000000E-03  -9.0841316735E+00 +-    3.0690654009E-01   
v sigma                        7.50000000E-03  -7.3379397493E+00 +-    2.9270342607E-01   
v sigtau                       7.50000000E-03  -6.2062074892E+01 +-    5.0569115321E-01   
v tensor                       7.50000000E-03   1.3220049414E+00 +-    1.8923762822E-01   
v tenstau                      7.50000000E-03  -7.5308241163E+01 +-    1.1577889093E+00   
v ls                           7.50000000E-03   0.0000000000E+00 +-    0.0000000000E+00   
v lstau                        7.50000000E-03   0.0000000000E+00 +-    0.0000000000E+00   
vpot v6                        7.50000000E-03  -1.3524052712E+02 +-    1.4806406804E+00   
vpot v8                        7.50000000E-03  -1.3524052712E+02 +-    1.4806406804E+00   
v coulomb                      7.50000000E-03   7.4646545112E-01 +-    2.9450027898E-03   
v external                     7.50000000E-03   0.0000000000E+00 +-    0.0000000000E+00   
tni 2pipr-anticomm             7.50000000E-03   0.0000000000E+00 +-    0.0000000000E+00   
tni vd1pr                      7.50000000E-03   0.0000000000E+00 +-    0.0000000000E+00   
tni vepr                       7.50000000E-03   0.0000000000E+00 +-    0.0000000000E+00   
tni central                    7.50000000E-03   0.0000000000E+00 +-    0.0000000000E+00   
tni 2pixx-anticommutator       7.50000000E-03   0.0000000000E+00 +-    0.0000000000E+00   
tni 2pixd-anticommutator       7.50000000E-03   0.0000000000E+00 +-    0.0000000000E+00   
tni 2pidd-anticommutator       7.50000000E-03   0.0000000000E+00 +-    0.0000000000E+00   
tni 2pixx-commutator           7.50000000E-03   0.0000000000E+00 +-    0.0000000000E+00   
tni 2pixd-commutator           7.50000000E-03   0.0000000000E+00 +-    0.0000000000E+00   
tni 2pidd-commutator           7.50000000E-03   0.0000000000E+00 +-    0.0000000000E+00   
tni 2pi-tm                     7.50000000E-03   0.0000000000E+00 +-    0.0000000000E+00   
tni vd1                        7.50000000E-03   0.0000000000E+00 +-    0.0000000000E+00   
tni vd2                        7.50000000E-03   0.0000000000E+00 +-    0.0000000000E+00   
tni ve                         7.50000000E-03   0.0000000000E+00 +-    0.0000000000E+00   
vpottot v8+tni                 7.50000000E-03  -1.3524052712E+02 +-    1.4806406804E+00   
enetot v8+tni                  7.50000000E-03  -2.6818400506E+01 +-    3.7145092321E-01   
vper cent                      7.50000000E-03   1.7229855421E+01 +-    1.3026480833E+00   
vper tau                       7.50000000E-03  -9.0841316735E+00 +-    3.0690654009E-01   
vper sigma                     7.50000000E-03  -7.3379397493E+00 +-    2.9270342607E-01   
vper sigtau                    7.50000000E-03  -6.2062074892E+01 +-    5.0569115321E-01   
vper tensor                    7.50000000E-03   1.3220049414E+00 +-    1.8923762822E-01   
vper tenstau                   7.50000000E-03  -7.5308241163E+01 +-    1.1577889093E+00   
vper ls                        7.50000000E-03   0.0000000000E+00 +-    0.0000000000E+00   
vper lstau                     7.50000000E-03   0.0000000000E+00 +-    0.0000000000E+00   
vpotper v6                     7.50000000E-03  -1.3524052712E+02 +-    1.4806406804E+00   
vpotper v8                     7.50000000E-03  -1.3524052712E+02 +-    1.4806406804E+00   
vpotv6pr-vpotv6per diff        7.50000000E-03   0.0000000000E+00 +-    0.0000000000E+00   
vpotv8pr-vpotv8per diff        7.50000000E-03   0.0000000000E+00 +-    0.0000000000E+00   
2piapr-2pia diff               7.50000000E-03   0.0000000000E+00 +-    0.0000000000E+00   
vd1pr-vd1 diff                 7.50000000E-03   0.0000000000E+00 +-    0.0000000000E+00   
vepr-ve diff                   7.50000000E-03   0.0000000000E+00 +-    0.0000000000E+00   
diff1 2piapr-2pia-2picxx       7.50000000E-03   0.0000000000E+00 +-    0.0000000000E+00   
diff2 vd1pr-vd1-2picxd         7.50000000E-03   0.0000000000E+00 +-    0.0000000000E+00   
diff3 vepr-ve-2picdd           7.50000000E-03   0.0000000000E+00 +-    0.0000000000E+00   
sum diff1+dif2+diff3           7.50000000E-03   0.0000000000E+00 +-    0.0000000000E+00   
proton rms                     7.50000000E-03   1.9645475710E+00 +-    9.7703068383E-03   
neutron rms                    7.50000000E-03   2.0678816710E+00 +-    1.2887575664E-02   
total rms                      7.50000000E-03   2.0135676188E+00 +-    9.9618337936E-03   
neutron-proton rms             7.50000000E-03   1.0333410000E-01 +-    1.0908209960E-02   
GT sigXtau+                    7.50000000E-03   1.9626511893E-04 +-    2.2200328532E-05   
GT sigYtau+                    7.50000000E-03   3.4227662280E-04 +-    2.0618703060E-05   
GT sigZtau+                    7.50000000E-03  -1.7350478914E-04 +-    1.9614176862E-05   
GT sigXtau-                    7.50000000E-03   5.2151883377E-06 +-    2.0965728665E-05   
GT sigYtau-                    7.50000000E-03  -1.7040472770E-04 +-    1.9660967723E-05   
GT sigZtau-                    7.50000000E-03  -7.3271666972E-05 +-    1.9307850034E-05   
F tau+                         7.50000000E-03  -9.6480571959E-20 +-    3.8362847621E-20   
F tau-                         7.50000000E-03  -3.2123675614E-20 +-    3.9525803414E-20   
Psi**2                         7.50000000E-03   2.4007472022E-05 +-    4.8641087271E-07   
single crossing/step           7.50000000E-03   6.9929877276E-03 +-    3.9927670624E-05   
global crossing/step           7.50000000E-03   6.8644232782E-03 +-    7.9122996595E-05   
energy numerator(real)         7.50000000E-03  -1.2183336253E+01 +-    7.5595083308E-01   
denominator psit/psigi(real)   7.50000000E-03   4.5352065032E-01 +-    1.3223249162E-02   
energy numerator(aimag)        7.50000000E-03   1.1679838410E-01 +-    5.0588341679E-01   
denominator psit/psigi(aimag)  7.50000000E-03   1.6630500195E-02 +-    8.7477410348E-03   
growth(lin dt) energy          7.50000000E-03  -1.9961934282E+02 +-    5.0626095564E+00   
growth(global) energy          7.50000000E-03  -1.9235390036E+02 +-    1.1281375561E+01
growth energy                  7.50000000E-03  -1.9950523640E+02 +-    5.0502175101E+00
Time for propagation (sec) (min) =          21.741      0.362
Time for energies (sec) (min) =              0.792      0.013
Time for load balancing (sec) (min) =        0.033      0.001
Time for block (sec) (min) =                23.223      0.387
Time for operators (sec) (min) =             0.026      0.000
Elapsed block time (sec) (min) =            66.213      1.104
 
 walkers multiplicity, block, total
   0          47929         128407
   1        1005180        2841251
   2          47504         129032
   3            281            724
   4             39            106
   5             12             37
   6              5             12
   7              4              7
   8              1              3
   9              0              0
  10              0              1
  12              0              2
  17              0              1
 
 

iteration =                               4
walker number =                       11937
total energy-propagated        1.00000000E-02  -3.4020262651E+01 +-    3.4326481612E-01   
kinetic energy                 1.00000000E-02   7.0608659938E+01 +-    2.0617885050E+00   
potential energy               1.00000000E-02  -1.0462892259E+02 +-    2.0074379452E+00   
im energy                      1.00000000E-02  -1.7961193301E+00 +-    2.3465547160E-01   
imkin energy                   1.00000000E-02  -2.6283174544E+00 +-    5.4689946613E-01   
impot energy                   1.00000000E-02   8.3219812432E-01 +-    5.6806615335E-01   
v cent                         1.00000000E-02   4.6299434693E+01 +-    2.1044429437E+00   
v tau                          1.00000000E-02  -8.5525641202E+00 +-    2.6842230966E-01   
v sigma                        1.00000000E-02  -1.3451899792E+01 +-    2.4955671381E-01   
v sigtau                       1.00000000E-02  -6.2273356365E+01 +-    4.7831746737E-01   
v tensor                       1.00000000E-02   1.3139775010E+00 +-    1.4656850680E-01   
v tenstau                      1.00000000E-02  -6.7964514505E+01 +-    9.6917246899E-01   
v ls                           1.00000000E-02   0.0000000000E+00 +-    0.0000000000E+00   
v lstau                        1.00000000E-02   0.0000000000E+00 +-    0.0000000000E+00   
vpot v6                        1.00000000E-02  -1.0462892259E+02 +-    2.0074379452E+00   
vpot v8                        1.00000000E-02  -1.0462892259E+02 +-    2.0074379452E+00   
v coulomb                      1.00000000E-02   7.4491513081E-01 +-    3.1512451378E-03   
v external                     1.00000000E-02   0.0000000000E+00 +-    0.0000000000E+00   
tni 2pipr-anticomm             1.00000000E-02   0.0000000000E+00 +-    0.0000000000E+00   
tni vd1pr                      1.00000000E-02   0.0000000000E+00 +-    0.0000000000E+00   
tni vepr                       1.00000000E-02   0.0000000000E+00 +-    0.0000000000E+00   
tni central                    1.00000000E-02   0.0000000000E+00 +-    0.0000000000E+00   
tni 2pixx-anticommutator       1.00000000E-02   0.0000000000E+00 +-    0.0000000000E+00   
tni 2pixd-anticommutator       1.00000000E-02   0.0000000000E+00 +-    0.0000000000E+00   
tni 2pidd-anticommutator       1.00000000E-02   0.0000000000E+00 +-    0.0000000000E+00   
tni 2pixx-commutator           1.00000000E-02   0.0000000000E+00 +-    0.0000000000E+00   
tni 2pixd-commutator           1.00000000E-02   0.0000000000E+00 +-    0.0000000000E+00   
tni 2pidd-commutator           1.00000000E-02   0.0000000000E+00 +-    0.0000000000E+00   
tni 2pi-tm                     1.00000000E-02   0.0000000000E+00 +-    0.0000000000E+00   
tni vd1                        1.00000000E-02   0.0000000000E+00 +-    0.0000000000E+00   
tni vd2                        1.00000000E-02   0.0000000000E+00 +-    0.0000000000E+00   
tni ve                         1.00000000E-02   0.0000000000E+00 +-    0.0000000000E+00   
vpottot v8+tni                 1.00000000E-02  -1.0462892259E+02 +-    2.0074379452E+00   
enetot v8+tni                  1.00000000E-02  -3.4020262651E+01 +-    3.4326481612E-01   
vper cent                      1.00000000E-02   4.6299434693E+01 +-    2.1044429437E+00   
vper tau                       1.00000000E-02  -8.5525641202E+00 +-    2.6842230966E-01   
vper sigma                     1.00000000E-02  -1.3451899792E+01 +-    2.4955671381E-01   
vper sigtau                    1.00000000E-02  -6.2273356365E+01 +-    4.7831746737E-01   
vper tensor                    1.00000000E-02   1.3139775010E+00 +-    1.4656850680E-01   
vper tenstau                   1.00000000E-02  -6.7964514505E+01 +-    9.6917246899E-01   
vper ls                        1.00000000E-02   0.0000000000E+00 +-    0.0000000000E+00   
vper lstau                     1.00000000E-02   0.0000000000E+00 +-    0.0000000000E+00   
vpotper v6                     1.00000000E-02  -1.0462892259E+02 +-    2.0074379452E+00   
vpotper v8                     1.00000000E-02  -1.0462892259E+02 +-    2.0074379452E+00   
vpotv6pr-vpotv6per diff        1.00000000E-02   0.0000000000E+00 +-    0.0000000000E+00   
vpotv8pr-vpotv8per diff        1.00000000E-02   0.0000000000E+00 +-    0.0000000000E+00   
2piapr-2pia diff               1.00000000E-02   0.0000000000E+00 +-    0.0000000000E+00   
vd1pr-vd1 diff                 1.00000000E-02   0.0000000000E+00 +-    0.0000000000E+00   
vepr-ve diff                   1.00000000E-02   0.0000000000E+00 +-    0.0000000000E+00   
diff1 2piapr-2pia-2picxx       1.00000000E-02   0.0000000000E+00 +-    0.0000000000E+00   
diff2 vd1pr-vd1-2picxd         1.00000000E-02   0.0000000000E+00 +-    0.0000000000E+00   
diff3 vepr-ve-2picdd           1.00000000E-02   0.0000000000E+00 +-    0.0000000000E+00   
sum diff1+dif2+diff3           1.00000000E-02   0.0000000000E+00 +-    0.0000000000E+00   
proton rms                     1.00000000E-02   1.9687350208E+00 +-    1.1371822881E-02   
neutron rms                    1.00000000E-02   2.2036437327E+00 +-    1.3675179794E-02   
total rms                      1.00000000E-02   2.0889931297E+00 +-    1.0783917561E-02   
neutron-proton rms             1.00000000E-02   2.3490871192E-01 +-    1.2033670591E-02   
GT sigXtau+                    1.00000000E-02  -5.7690880262E-05 +-    1.8515711888E-05   
GT sigYtau+                    1.00000000E-02  -4.7016954975E-05 +-    2.1754302139E-05   
GT sigZtau+                    1.00000000E-02  -3.9023219845E-04 +-    1.7324453406E-05   
GT sigXtau-                    1.00000000E-02  -9.8690236002E-05 +-    1.9063769425E-05   
GT sigYtau-                    1.00000000E-02   2.9423141898E-04 +-    2.1298110947E-05   
GT sigZtau-                    1.00000000E-02  -1.9317581357E-04 +-    1.9692414580E-05   
F tau+                         1.00000000E-02  -6.0322357709E-21 +-    3.3216293160E-20   
F tau-                         1.00000000E-02   2.6544042783E-19 +-    3.0159006164E-20   
Psi**2                         1.00000000E-02   2.4723246336E-05 +-    6.6184225940E-07   
single crossing/step           1.00000000E-02   6.5988833563E-03 +-    3.8490736531E-05   
global crossing/step           1.00000000E-02   6.4411321205E-03 +-    7.6061795861E-05   
energy numerator(real)         1.00000000E-02  -9.4574424188E+00 +-    7.7514076905E-01   
denominator psit/psigi(real)   1.00000000E-02   2.8011916868E-01 +-    1.3063614917E-02   
energy numerator(aimag)        1.00000000E-02  -1.9702689193E+00 +-    5.3178999699E-01   
denominator psit/psigi(aimag)  1.00000000E-02   4.4556492367E-02 +-    8.7248964109E-03   
growth(lin dt) energy          1.00000000E-02  -2.0302612352E+02 +-    5.0818028632E+00   
growth(global) energy          1.00000000E-02  -1.9667607895E+02 +-    1.0984024618E+01
growth energy                  1.00000000E-02  -2.0290374828E+02 +-    5.0689319615E+00
Time for propagation (sec) (min) =          22.091      0.368
Time for energies (sec) (min) =              0.837      0.014
Time for load balancing (sec) (min) =        0.028      0.000
Time for block (sec) (min) =                23.666      0.394
Time for operators (sec) (min) =             0.024      0.000
Elapsed block time (sec) (min) =            89.914      1.499
 
 walkers multiplicity, block, total
   0          48983         177390
   1        1020030        3861281
   2          48854         177886
   3            236            960
   4             46            152
   5             13             50
   6              6             18
   7              3             10
   8              1              4
   9              3              3
  10              0              1
  12              0              2
  17              1              2
 
 

iteration =                               5
walker number =                       10930
total energy-propagated        1.25000000E-02  -2.7851140674E+01 +-    2.9165292803E-01   
kinetic energy                 1.25000000E-02   1.2737347538E+02 +-    1.9728058992E+00   
potential energy               1.25000000E-02  -1.5522461605E+02 +-    2.0793876064E+00   
im energy                      1.25000000E-02  -4.0278976325E-01 +-    1.7213949935E-01   
imkin energy                   1.25000000E-02   6.1862981947E-02 +-    4.1192056600E-01   
impot energy                   1.25000000E-02  -4.6465274520E-01 +-    4.1089480673E-01   
v cent                         1.25000000E-02  -8.4014975750E+00 +-    1.8346254820E+00   
v tau                          1.25000000E-02  -4.9090085576E+00 +-    2.7684840569E-01   
v sigma                        1.25000000E-02  -8.0212472953E+00 +-    3.1083345539E-01   
v sigtau                       1.25000000E-02  -5.8970929596E+01 +-    5.1856277944E-01   
v tensor                       1.25000000E-02  -2.1358997824E-01 +-    1.4566558877E-01   
v tenstau                      1.25000000E-02  -7.4708343048E+01 +-    9.9754917267E-01   
v ls                           1.25000000E-02   0.0000000000E+00 +-    0.0000000000E+00   
v lstau                        1.25000000E-02   0.0000000000E+00 +-    0.0000000000E+00   
vpot v6                        1.25000000E-02  -1.5522461605E+02 +-    2.0793876064E+00   
vpot v8                        1.25000000E-02  -1.5522461605E+02 +-    2.0793876064E+00   
v coulomb                      1.25000000E-02   8.4060277940E-01 +-    2.4808989939E-03   
v external                     1.25000000E-02   0.0000000000E+00 +-    0.0000000000E+00   
tni 2pipr-anticomm             1.25000000E-02   0.0000000000E+00 +-    0.0000000000E+00   
tni vd1pr                      1.25000000E-02   0.0000000000E+00 +-    0.0000000000E+00   
tni vepr                       1.25000000E-02   0.0000000000E+00 +-    0.0000000000E+00   
tni central                    1.25000000E-02   0.0000000000E+00 +-    0.0000000000E+00   
tni 2pixx-anticommutator       1.25000000E-02   0.0000000000E+00 +-    0.0000000000E+00   
tni 2pixd-anticommutator       1.25000000E-02   0.0000000000E+00 +-    0.0000000000E+00   
tni 2pidd-anticommutator       1.25000000E-02   0.0000000000E+00 +-    0.0000000000E+00   
tni 2pixx-commutator           1.25000000E-02   0.0000000000E+00 +-    0.0000000000E+00   
tni 2pixd-commutator           1.25000000E-02   0.0000000000E+00 +-    0.0000000000E+00   
tni 2pidd-commutator           1.25000000E-02   0.0000000000E+00 +-    0.0000000000E+00   
tni 2pi-tm                     1.25000000E-02   0.0000000000E+00 +-    0.0000000000E+00   
tni vd1                        1.25000000E-02   0.0000000000E+00 +-    0.0000000000E+00   
tni vd2                        1.25000000E-02   0.0000000000E+00 +-    0.0000000000E+00   
tni ve                         1.25000000E-02   0.0000000000E+00 +-    0.0000000000E+00   
vpottot v8+tni                 1.25000000E-02  -1.5522461605E+02 +-    2.0793876064E+00   
enetot v8+tni                  1.25000000E-02  -2.7851140674E+01 +-    2.9165292803E-01   
vper cent                      1.25000000E-02  -8.4014975750E+00 +-    1.8346254820E+00   
vper tau                       1.25000000E-02  -4.9090085576E+00 +-    2.7684840569E-01   
vper sigma                     1.25000000E-02  -8.0212472953E+00 +-    3.1083345539E-01   
vper sigtau                    1.25000000E-02  -5.8970929596E+01 +-    5.1856277944E-01   
vper tensor                    1.25000000E-02  -2.1358997824E-01 +-    1.4566558877E-01   
vper tenstau                   1.25000000E-02  -7.4708343048E+01 +-    9.9754917267E-01   
vper ls                        1.25000000E-02   0.0000000000E+00 +-    0.0000000000E+00   
vper lstau                     1.25000000E-02   0.0000000000E+00 +-    0.0000000000E+00   
vpotper v6                     1.25000000E-02  -1.5522461605E+02 +-    2.0793876064E+00   
vpotper v8                     1.25000000E-02  -1.5522461605E+02 +-    2.0793876064E+00   
vpotv6pr-vpotv6per diff        1.25000000E-02   0.0000000000E+00 +-    0.0000000000E+00   
vpotv8pr-vpotv8per diff        1.25000000E-02   0.0000000000E+00 +-    0.0000000000E+00   
2piapr-2pia diff               1.25000000E-02   0.0000000000E+00 +-    0.0000000000E+00   
vd1pr-vd1 diff                 1.25000000E-02   0.0000000000E+00 +-    0.0000000000E+00   
vepr-ve diff                   1.25000000E-02   0.0000000000E+00 +-    0.0000000000E+00   
diff1 2piapr-2pia-2picxx       1.25000000E-02   0.0000000000E+00 +-    0.0000000000E+00   
diff2 vd1pr-vd1-2picxd         1.25000000E-02   0.0000000000E+00 +-    0.0000000000E+00   
diff3 vepr-ve-2picdd           1.25000000E-02   0.0000000000E+00 +-    0.0000000000E+00   
sum diff1+dif2+diff3           1.25000000E-02   0.0000000000E+00 +-    0.0000000000E+00   
proton rms                     1.25000000E-02   1.7886431226E+00 +-    1.1542688250E-02   
neutron rms                    1.25000000E-02   2.3162913105E+00 +-    1.5285667044E-02   
total rms                      1.25000000E-02   2.0557064355E+00 +-    1.1918184684E-02   
neutron-proton rms             1.25000000E-02   5.2764818793E-01 +-    1.3179131859E-02   
GT sigXtau+                    1.25000000E-02   1.0201747951E-04 +-    2.9219046248E-05   
GT sigYtau+                    1.25000000E-02   4.0280954997E-04 +-    3.1907172756E-05   
GT sigZtau+                    1.25000000E-02  -2.1615808241E-04 +-    2.7521561633E-05   
GT sigXtau-                    1.25000000E-02  -4.7547622717E-04 +-    2.5402752038E-05   
GT sigYtau-                    1.25000000E-02   1.9637812491E-04 +-    2.9471274604E-05   
GT sigZtau-                    1.25000000E-02  -1.0767587423E-04 +-    2.8791865958E-05   
F tau+                         1.25000000E-02   5.5378346922E-19 +-    6.0075920256E-20   
F tau-                         1.25000000E-02  -1.1169851432E-19 +-    4.5306343424E-20   
Psi**2                         1.25000000E-02   3.2020969638E-05 +-    7.3456942982E-07   
single crossing/step           1.25000000E-02   7.3294421498E-03 +-    4.0982800042E-05   
global crossing/step           1.25000000E-02   7.1978584640E-03 +-    8.1231897017E-05   
energy numerator(real)         1.25000000E-02  -5.8740996478E+00 +-    8.7254359945E-01   
denominator psit/psigi(real)   1.25000000E-02   2.0003616617E-01 +-    1.3728109831E-02   
energy numerator(aimag)        1.25000000E-02  -9.6769210262E-01 +-    6.4463682890E-01   
denominator psit/psigi(aimag)  1.25000000E-02   6.7142830271E-02 +-    9.3760664308E-03   
growth(lin dt) energy          1.25000000E-02  -2.1703363251E+02 +-    5.3060584666E+00   
growth(global) energy          1.25000000E-02  -2.1815553674E+02 +-    1.0762754150E+01
growth energy                  1.25000000E-02  -2.1687422522E+02 +-    5.2907567247E+00
Time for propagation (sec) (min) =          21.633      0.361
Time for energies (sec) (min) =              0.766      0.013
Time for load balancing (sec) (min) =        0.031      0.001
Time for block (sec) (min) =                23.074      0.385
Time for operators (sec) (min) =             0.025      0.000
Elapsed block time (sec) (min) =           113.013      1.884
 
 walkers multiplicity, block, total
   0          51016         228406
   1        1006558        4867839
   2          49088         226974
   3            277           1237
   4             51            203
   5             21             71
   6             11             29
   7              3             13
   8              4              8
   9              1              4
  10              1              2
  12              0              2
  13              1              1
  17              0              2
 
 

iteration =                               6
walker number =                       11622
total energy-propagated        1.50000000E-02  -2.9811755999E+01 +-    5.3074241116E-01   
kinetic energy                 1.50000000E-02   1.1330784480E+02 +-    1.9251837961E+00   
potential energy               1.50000000E-02  -1.4311960080E+02 +-    1.7972903953E+00   
im energy                      1.50000000E-02  -2.0690510094E+00 +-    2.9675523706E-01   
imkin energy                   1.50000000E-02   3.0114901021E+00 +-    6.8257641406E-01   
impot energy                   1.50000000E-02  -5.0805411115E+00 +-    5.7830181983E-01   
v cent                         1.50000000E-02  -2.2508868796E+01 +-    1.5761155281E+00   
v tau                          1.50000000E-02  -1.3323585278E+00 +-    1.2002082145E-01   
v sigma                        1.50000000E-02  -1.8409635354E+01 +-    2.4038580118E-01   
v sigtau                       1.50000000E-02  -6.0716641050E+01 +-    6.4102301185E-01   
v tensor                       1.50000000E-02  -4.2759555605E+00 +-    2.3953082688E-01   
v tenstau                      1.50000000E-02  -3.5876141510E+01 +-    8.6879303789E-01   
v ls                           1.50000000E-02   0.0000000000E+00 +-    0.0000000000E+00   
v lstau                        1.50000000E-02   0.0000000000E+00 +-    0.0000000000E+00   
vpot v6                        1.50000000E-02  -1.4311960080E+02 +-    1.7972903953E+00   
vpot v8                        1.50000000E-02  -1.4311960080E+02 +-    1.7972903953E+00   
v coulomb                      1.50000000E-02   8.8245555355E-01 +-    1.2451962722E-03   
v external                     1.50000000E-02   0.0000000000E+00 +-    0.0000000000E+00   
tni 2pipr-anticomm             1.50000000E-02   0.0000000000E+00 +-    0.0000000000E+00   
tni vd1pr                      1.50000000E-02   0.0000000000E+00 +-    0.0000000000E+00   
tni vepr                       1.50000000E-02   0.0000000000E+00 +-    0.0000000000E+00   
tni central                    1.50000000E-02   0.0000000000E+00 +-    0.0000000000E+00   
tni 2pixx-anticommutator       1.50000000E-02   0.0000000000E+00 +-    0.0000000000E+00   
tni 2pixd-anticommutator       1.50000000E-02   0.0000000000E+00 +-    0.0000000000E+00   
tni 2pidd-anticommutator       1.50000000E-02   0.0000000000E+00 +-    0.0000000000E+00   
tni 2pixx-commutator           1.50000000E-02   0.0000000000E+00 +-    0.0000000000E+00   
tni 2pixd-commutator           1.50000000E-02   0.0000000000E+00 +-    0.0000000000E+00   
tni 2pidd-commutator           1.50000000E-02   0.0000000000E+00 +-    0.0000000000E+00   
tni 2pi-tm                     1.50000000E-02   0.0000000000E+00 +-    0.0000000000E+00   
tni vd1                        1.50000000E-02   0.0000000000E+00 +-    0.0000000000E+00   
tni vd2                        1.50000000E-02   0.0000000000E+00 +-    0.0000000000E+00   
tni ve                         1.50000000E-02   0.0000000000E+00 +-    0.0000000000E+00   
vpottot v8+tni                 1.50000000E-02  -1.4311960080E+02 +-    1.7972903953E+00   
enetot v8+tni                  1.50000000E-02  -2.9811755999E+01 +-    5.3074241116E-01   
vper cent                      1.50000000E-02  -2.2508868796E+01 +-    1.5761155281E+00   
vper tau                       1.50000000E-02  -1.3323585278E+00 +-    1.2002082145E-01   
vper sigma                     1.50000000E-02  -1.8409635354E+01 +-    2.4038580118E-01   
vper sigtau                    1.50000000E-02  -6.0716641050E+01 +-    6.4102301185E-01   
vper tensor                    1.50000000E-02  -4.2759555605E+00 +-    2.3953082688E-01   
vper tenstau                   1.50000000E-02  -3.5876141510E+01 +-    8.6879303789E-01   
vper ls                        1.50000000E-02   0.0000000000E+00 +-    0.0000000000E+00   
vper lstau                     1.50000000E-02   0.0000000000E+00 +-    0.0000000000E+00   
vpotper v6                     1.50000000E-02  -1.4311960080E+02 +-    1.7972903953E+00   
vpotper v8                     1.50000000E-02  -1.4311960080E+02 +-    1.7972903953E+00   
vpotv6pr-vpotv6per diff        1.50000000E-02   0.0000000000E+00 +-    0.0000000000E+00   
vpotv8pr-vpotv8per diff        1.50000000E-02   0.0000000000E+00 +-    0.0000000000E+00   
2piapr-2pia diff               1.50000000E-02   0.0000000000E+00 +-    0.0000000000E+00   
vd1pr-vd1 diff                 1.50000000E-02   0.0000000000E+00 +-    0.0000000000E+00   
vepr-ve diff                   1.50000000E-02   0.0000000000E+00 +-    0.0000000000E+00   
diff1 2piapr-2pia-2picxx       1.50000000E-02   0.0000000000E+00 +-    0.0000000000E+00   
diff2 vd1pr-vd1-2picxd         1.50000000E-02   0.0000000000E+00 +-    0.0000000000E+00   
diff3 vepr-ve-2picdd           1.50000000E-02   0.0000000000E+00 +-    0.0000000000E+00   
sum diff1+dif2+diff3           1.50000000E-02   0.0000000000E+00 +-    0.0000000000E+00   
proton rms                     1.50000000E-02   1.6362890918E+00 +-    1.0599492144E-02   
neutron rms                    1.50000000E-02   2.2504437719E+00 +-    1.7818569412E-02   
total rms                      1.50000000E-02   1.9301190036E+00 +-    1.2573823456E-02   
neutron-proton rms             1.50000000E-02   6.1415468012E-01 +-    1.3413438289E-02   
GT sigXtau+                    1.50000000E-02  -4.3527595628E-04 +-    2.7898286009E-05   
GT sigYtau+                    1.50000000E-02  -3.7615936342E-05 +-    1.7837457628E-05   
GT sigZtau+                    1.50000000E-02   9.0783832718E-05 +-    3.3906336159E-05   
GT sigXtau-                    1.50000000E-02  -3.3841096896E-04 +-    3.0391504128E-05   
GT sigYtau-                    1.50000000E-02  -3.1243489217E-04 +-    2.8861852494E-05   
GT sigZtau-                    1.50000000E-02   1.3495478824E-04 +-    3.0098731621E-05   
F tau+                         1.50000000E-02   7.1483726449E-19 +-    3.2872635942E-20   
F tau-                         1.50000000E-02   4.6501673386E-19 +-    3.1392183891E-20   
Psi**2                         1.50000000E-02   2.6672359521E-05 +-    7.0028963787E-07   
single crossing/step           1.50000000E-02   7.2296683633E-03 +-    4.0248596713E-05   
global crossing/step           1.50000000E-02   7.1005671426E-03 +-    7.9780417791E-05   
energy numerator(real)         1.50000000E-02  -2.5702686464E+00 +-    7.9668917200E-01   
denominator psit/psigi(real)   1.50000000E-02   9.4174213835E-02 +-    1.3326261423E-02   
energy numerator(aimag)        1.50000000E-02  -2.6456572439E+00 +-    5.6489271550E-01   
denominator psit/psigi(aimag)  1.50000000E-02   7.9294591458E-02 +-    8.7502102960E-03   
growth(lin dt) energy          1.50000000E-02  -2.2110742340E+02 +-    5.3332837503E+00   
growth(global) energy          1.50000000E-02  -1.9873902095E+02 +-    1.1416759492E+01
growth energy                  1.50000000E-02  -2.2093633040E+02 +-    5.3173617074E+00
Time for propagation (sec) (min) =          22.129      0.369
Time for energies (sec) (min) =              0.814      0.014
Time for load balancing (sec) (min) =        0.025      0.000
Time for block (sec) (min) =                23.702      0.395
Time for operators (sec) (min) =             0.028      0.000
Elapsed block time (sec) (min) =           136.754      2.279
 
 walkers multiplicity, block, total
   0          51001         279407
   1        1017516        5885355
   2          50751         277725
   3            318           1555
   4             54            257
   5             13             84
   6              3             32
   7              3             16
   8              1              9
   9              0              4
  10              2              4
  12              0              2
  13              0              1
  16              1              1
  17              0              2
  20              1              1
 
 

iteration =                               7
walker number =                       11225
total energy-propagated        1.75000000E-02  -3.7270144962E+01 +-    6.1831769928E-01   
kinetic energy                 1.75000000E-02   1.8192368563E+02 +-    2.6640339519E+00   
potential energy               1.75000000E-02  -2.1919383060E+02 +-    2.7441698359E+00   
im energy                      1.75000000E-02   8.4509354144E+00 +-    4.7883200337E-01   
imkin energy                   1.75000000E-02   1.1833779299E+01 +-    7.5354927786E-01   
impot energy                   1.75000000E-02  -3.3828438850E+00 +-    6.2320985819E-01   
v cent                         1.75000000E-02  -7.7688216452E+01 +-    3.2999554990E+00   
v tau                          1.75000000E-02   1.7682415119E+01 +-    6.1616644945E-01   
v sigma                        1.75000000E-02  -3.7242681505E+01 +-    4.9768068621E-01   
v sigtau                       1.75000000E-02  -6.5889103731E+01 +-    9.6465890734E-01   
v tensor                       1.75000000E-02  -1.0124752931E+01 +-    2.0266249090E-01   
v tenstau                      1.75000000E-02  -4.5931491097E+01 +-    1.4993530752E+00   
v ls                           1.75000000E-02   0.0000000000E+00 +-    0.0000000000E+00   
v lstau                        1.75000000E-02   0.0000000000E+00 +-    0.0000000000E+00   
vpot v6                        1.75000000E-02  -2.1919383060E+02 +-    2.7441698359E+00   
vpot v8                        1.75000000E-02  -2.1919383060E+02 +-    2.7441698359E+00   
v coulomb                      1.75000000E-02   1.0607954378E+00 +-    5.6604228810E-03   
v external                     1.75000000E-02   0.0000000000E+00 +-    0.0000000000E+00   
tni 2pipr-anticomm             1.75000000E-02   0.0000000000E+00 +-    0.0000000000E+00   
tni vd1pr                      1.75000000E-02   0.0000000000E+00 +-    0.0000000000E+00   
tni vepr                       1.75000000E-02   0.0000000000E+00 +-    0.0000000000E+00   
tni central                    1.75000000E-02   0.0000000000E+00 +-    0.0000000000E+00   
tni 2pixx-anticommutator       1.75000000E-02   0.0000000000E+00 +-    0.0000000000E+00   
tni 2pixd-anticommutator       1.75000000E-02   0.0000000000E+00 +-    0.0000000000E+00   
tni 2pidd-anticommutator       1.75000000E-02   0.0000000000E+00 +-    0.0000000000E+00   
tni 2pixx-commutator           1.75000000E-02   0.0000000000E+00 +-    0.0000000000E+00   
tni 2pixd-commutator           1.75000000E-02   0.0000000000E+00 +-    0.0000000000E+00   
tni 2pidd-commutator           1.75000000E-02   0.0000000000E+00 +-    0.0000000000E+00   
tni 2pi-tm                     1.75000000E-02   0.0000000000E+00 +-    0.0000000000E+00   
tni vd1                        1.75000000E-02   0.0000000000E+00 +-    0.0000000000E+00   
tni vd2                        1.75000000E-02   0.0000000000E+00 +-    0.0000000000E+00   
tni ve                         1.75000000E-02   0.0000000000E+00 +-    0.0000000000E+00   
vpottot v8+tni                 1.75000000E-02  -2.1919383060E+02 +-    2.7441698359E+00   
enetot v8+tni                  1.75000000E-02  -3.7270144962E+01 +-    6.1831769928E-01   
vper cent                      1.75000000E-02  -7.7688216452E+01 +-    3.2999554990E+00   
vper tau                       1.75000000E-02   1.7682415119E+01 +-    6.1616644945E-01   
vper sigma                     1.75000000E-02  -3.7242681505E+01 +-    4.9768068621E-01   
vper sigtau                    1.75000000E-02  -6.5889103731E+01 +-    9.6465890734E-01   
vper tensor                    1.75000000E-02  -1.0124752931E+01 +-    2.0266249090E-01   
vper tenstau                   1.75000000E-02  -4.5931491097E+01 +-    1.4993530752E+00   
vper ls                        1.75000000E-02   0.0000000000E+00 +-    0.0000000000E+00   
vper lstau                     1.75000000E-02   0.0000000000E+00 +-    0.0000000000E+00   
vpotper v6                     1.75000000E-02  -2.1919383060E+02 +-    2.7441698359E+00   
vpotper v8                     1.75000000E-02  -2.1919383060E+02 +-    2.7441698359E+00   
vpotv6pr-vpotv6per diff        1.75000000E-02   0.0000000000E+00 +-    0.0000000000E+00   
vpotv8pr-vpotv8per diff        1.75000000E-02   0.0000000000E+00 +-    0.0000000000E+00   
2piapr-2pia diff               1.75000000E-02   0.0000000000E+00 +-    0.0000000000E+00   
vd1pr-vd1 diff                 1.75000000E-02   0.0000000000E+00 +-    0.0000000000E+00   
vepr-ve diff                   1.75000000E-02   0.0000000000E+00 +-    0.0000000000E+00   
diff1 2piapr-2pia-2picxx       1.75000000E-02   0.0000000000E+00 +-    0.0000000000E+00   
diff2 vd1pr-vd1-2picxd         1.75000000E-02   0.0000000000E+00 +-    0.0000000000E+00   
diff3 vepr-ve-2picdd           1.75000000E-02   0.0000000000E+00 +-    0.0000000000E+00   
sum diff1+dif2+diff3           1.75000000E-02   0.0000000000E+00 +-    0.0000000000E+00   
proton rms                     1.75000000E-02   1.8727870286E+00 +-    1.2469009986E-02   
neutron rms                    1.75000000E-02   2.1399297650E+00 +-    1.3339906760E-02   
total rms                      1.75000000E-02   2.0081011603E+00 +-    1.1561218582E-02   
neutron-proton rms             1.75000000E-02   2.6714273639E-01 +-    1.1036709608E-02   
GT sigXtau+                    1.75000000E-02  -1.8913708598E-04 +-    4.6677261169E-05   
GT sigYtau+                    1.75000000E-02   4.7903097668E-04 +-    2.7252740900E-05   
GT sigZtau+                    1.75000000E-02   8.7344183637E-04 +-    2.9991524850E-05   
GT sigXtau-                    1.75000000E-02   7.1427805798E-04 +-    2.8389038058E-05   
GT sigYtau-                    1.75000000E-02   4.3935116946E-04 +-    3.6263127133E-05   
GT sigZtau-                    1.75000000E-02  -6.5345867530E-04 +-    2.3929422928E-05   
F tau+                         1.75000000E-02  -7.3703927450E-19 +-    1.0175509277E-19   
F tau-                         1.75000000E-02   3.1964832784E-20 +-    1.2601127710E-19   
Psi**2                         1.75000000E-02   4.1625008071E-05 +-    1.4361130982E-06   
single crossing/step           1.75000000E-02   7.3366411725E-03 +-    4.0788482666E-05   
global crossing/step           1.75000000E-02   7.1785593538E-03 +-    8.0699739333E-05   
energy numerator(real)         1.75000000E-02  -2.6745276453E+00 +-    8.6487744106E-01   
denominator psit/psigi(real)   1.75000000E-02   5.3981232906E-02 +-    1.3827989983E-02   
energy numerator(aimag)        1.75000000E-02  -1.1755949148E+00 +-    5.7493576354E-01   
denominator psit/psigi(aimag)  1.75000000E-02   5.0534533421E-02 +-    9.0579309049E-03   
growth(lin dt) energy          1.75000000E-02  -2.3306657611E+02 +-    5.4788474850E+00   
growth(global) energy          1.75000000E-02  -2.3568835412E+02 +-    1.2997504371E+01
growth energy                  1.75000000E-02  -2.3285879568E+02 +-    5.4608531632E+00
Time for propagation (sec) (min) =          21.867      0.364
Time for energies (sec) (min) =              0.787      0.013
Time for load balancing (sec) (min) =        0.026      0.000
Time for block (sec) (min) =                23.395      0.390
Time for operators (sec) (min) =             0.024      0.000
Elapsed block time (sec) (min) =           160.173      2.670
 
 walkers multiplicity, block, total
   0          52499         331906
   1        1014406        6899761
   2          51100         328825
   3            309           1864
   4             58            315
   5             17            101
   6              5             37
   7              5             21
   8              0              9
   9              4              8
  10              0              4
  12              0              2
  13              0              1
  16              0              1
  17              0              2
  18              1              1
  20              2              3
 
 

iteration =                               8
walker number =                       10226
total energy-propagated        2.00000000E-02  -3.8355465817E+00 +-    4.3153076747E-01   
kinetic energy                 2.00000000E-02   2.5701095179E+02 +-    2.3666712424E+00   
potential energy               2.00000000E-02  -2.6084649838E+02 +-    2.7081984707E+00   
im energy                      2.00000000E-02   1.2462466625E+01 +-    3.2300642460E-01   
imkin energy                   2.00000000E-02   2.5275068345E+01 +-    7.4106349082E-01   
impot energy                   2.00000000E-02  -1.2812601720E+01 +-    6.6748603486E-01   
v cent                         2.00000000E-02  -4.3196016949E+01 +-    1.8214189457E+00   
v tau                          2.00000000E-02  -1.7506636587E+01 +-    1.1259491681E-01   
v sigma                        2.00000000E-02  -2.2835913559E+00 +-    2.8941034420E-01   
v sigtau                       2.00000000E-02  -8.5215575428E+01 +-    7.7382227397E-01   
v tensor                       2.00000000E-02  -2.5191748999E+00 +-    2.7946608157E-01   
v tenstau                      2.00000000E-02  -1.1012550316E+02 +-    1.4175203477E+00   
v ls                           2.00000000E-02   0.0000000000E+00 +-    0.0000000000E+00   
v lstau                        2.00000000E-02   0.0000000000E+00 +-    0.0000000000E+00   
vpot v6                        2.00000000E-02  -2.6084649838E+02 +-    2.7081984707E+00   
vpot v8                        2.00000000E-02  -2.6084649838E+02 +-    2.7081984707E+00   
v coulomb                      2.00000000E-02   8.9501792547E-01 +-    5.3095850437E-03   
v external                     2.00000000E-02   0.0000000000E+00 +-    0.0000000000E+00   
tni 2pipr-anticomm             2.00000000E-02   0.0000000000E+00 +-    0.0000000000E+00   
tni vd1pr                      2.00000000E-02   0.0000000000E+00 +-    0.0000000000E+00   
tni vepr                       2.00000000E-02   0.0000000000E+00 +-    0.0000000000E+00   
tni central                    2.00000000E-02   0.0000000000E+00 +-    0.0000000000E+00   
tni 2pixx-anticommutator       2.00000000E-02   0.0000000000E+00 +-    0.0000000000E+00   
tni 2pixd-anticommutator       2.00000000E-02   0.0000000000E+00 +-    0.0000000000E+00   
tni 2pidd-anticommutator       2.00000000E-02   0.0000000000E+00 +-    0.0000000000E+00   
tni 2pixx-commutator           2.00000000E-02   0.0000000000E+00 +-    0.0000000000E+00   
tni 2pixd-commutator           2.00000000E-02   0.0000000000E+00 +-    0.0000000000E+00   
tni 2pidd-commutator           2.00000000E-02   0.0000000000E+00 +-    0.0000000000E+00   
tni 2pi-tm                     2.00000000E-02   0.0000000000E+00 +-    0.0000000000E+00   
tni vd1                        2.00000000E-02   0.0000000000E+00 +-    0.0000000000E+00   
tni vd2                        2.00000000E-02   0.0000000000E+00 +-    0.0000000000E+00   
tni ve                         2.00000000E-02   0.0000000000E+00 +-    0.0000000000E+00   
vpottot v8+tni                 2.00000000E-02  -2.6084649838E+02 +-    2.7081984707E+00   
enetot v8+tni                  2.00000000E-02  -3.8355465817E+00 +-    4.3153076747E-01   
vper cent                      2.00000000E-02  -4.3196016949E+01 +-    1.8214189457E+00   
vper tau                       2.00000000E-02  -1.7506636587E+01 +-    1.1259491681E-01   
vper sigma                     2.00000000E-02  -2.2835913559E+00 +-    2.8941034420E-01   
vper sigtau                    2.00000000E-02  -8.5215575428E+01 +-    7.7382227397E-01   
vper tensor                    2.00000000E-02  -2.5191748999E+00 +-    2.7946608157E-01   
vper tenstau                   2.00000000E-02  -1.1012550316E+02 +-    1.4175203477E+00   
vper ls                        2.00000000E-02   0.0000000000E+00 +-    0.0000000000E+00   
vper lstau                     2.00000000E-02   0.0000000000E+00 +-    0.0000000000E+00   
vpotper v6                     2.00000000E-02  -2.6084649838E+02 +-    2.7081984707E+00   
vpotper v8                     2.00000000E-02  -2.6084649838E+02 +-    2.7081984707E+00   
vpotv6pr-vpotv6per diff        2.00000000E-02   0.0000000000E+00 +-    0.0000000000E+00   
vpotv8pr-vpotv8per diff        2.00000000E-02   0.0000000000E+00 +-    0.0000000000E+00   
2piapr-2pia diff               2.00000000E-02   0.0000000000E+00 +-    0.0000000000E+00   
vd1pr-vd1 diff                 2.00000000E-02   0.0000000000E+00 +-    0.0000000000E+00   
vepr-ve diff                   2.00000000E-02   0.0000000000E+00 +-    0.0000000000E+00   
diff1 2piapr-2pia-2picxx       2.00000000E-02   0.0000000000E+00 +-    0.0000000000E+00   
diff2 vd1pr-vd1-2picxd         2.00000000E-02   0.0000000000E+00 +-    0.0000000000E+00   
diff3 vepr-ve-2picdd           2.00000000E-02   0.0000000000E+00 +-    0.0000000000E+00   
sum diff1+dif2+diff3           2.00000000E-02   0.0000000000E+00 +-    0.0000000000E+00   
proton rms                     2.00000000E-02   1.4931410935E+00 +-    1.5634220698E-02   
neutron rms                    2.00000000E-02   1.7422634402E+00 +-    1.9461626228E-02   
total rms                      2.00000000E-02   1.6161195309E+00 +-    1.6164940964E-02   
neutron-proton rms             2.00000000E-02   2.4912234677E-01 +-    1.4542877098E-02   
GT sigXtau+                    2.00000000E-02  -5.4099007380E-04 +-    4.0350074196E-05   
GT sigYtau+                    2.00000000E-02   1.0743698555E-03 +-    5.0351387326E-05   
GT sigZtau+                    2.00000000E-02  -5.4553030086E-04 +-    6.7698203267E-05   
GT sigXtau-                    2.00000000E-02  -1.4066192524E-03 +-    4.1748031649E-05   
GT sigYtau-                    2.00000000E-02  -9.2892387144E-04 +-    5.3191697660E-05   
GT sigZtau-                    2.00000000E-02  -7.0596612044E-04 +-    4.3011518356E-05   
F tau+                         2.00000000E-02   6.2070192119E-19 +-    5.6279320377E-20   
F tau-                         2.00000000E-02  -2.8847365008E-18 +-    7.2998144741E-20   
Psi**2                         2.00000000E-02   6.0402895916E-05 +-    1.2784750043E-06   
single crossing/step           2.00000000E-02   7.3500619313E-03 +-    4.0803150382E-05   
global crossing/step           2.00000000E-02   7.2017371795E-03 +-    8.0784728704E-05   
energy numerator(real)         2.00000000E-02   5.2121058245E-01 +-    9.0019504430E-01   
denominator psit/psigi(real)   2.00000000E-02   4.6503867312E-03 +-    1.4186602302E-02   
energy numerator(aimag)        2.00000000E-02  -2.3953261815E-01 +-    6.0705792185E-01   
denominator psit/psigi(aimag)  2.00000000E-02   4.9154605364E-02 +-    9.6124050737E-03   
growth(lin dt) energy          2.00000000E-02  -2.3066996388E+02 +-    5.3911368676E+00   
growth(global) energy          2.00000000E-02  -2.1977213015E+02 +-    1.1276331804E+01
growth energy                  2.00000000E-02  -2.3046982031E+02 +-    5.3737574010E+00
Time for propagation (sec) (min) =          21.894      0.365
Time for energies (sec) (min) =              0.717      0.012
Time for load balancing (sec) (min) =        0.033      0.001
Time for block (sec) (min) =                23.363      0.389
Time for operators (sec) (min) =             0.021      0.000
Elapsed block time (sec) (min) =           183.557      3.059
 
 walkers multiplicity, block, total
   0          53691         385597
   1        1013737        7913498
   2          51775         380600
   3            333           2197
   4             53            368
   5              9            110
   6              5             42
   7              4             25
   8              1             10
   9              0              8
  10              0              4
  12              0              2
  13              0              1
  16              0              1
  17              0              2
  18              0              1
  20              0              3
 
 

iteration =                               9
walker number =                       11377
total energy-propagated        2.25000000E-02  -7.0796748106E+01 +-    1.2786149815E+00   
kinetic energy                 2.25000000E-02  -3.1695105986E+02 +-    3.7213882705E+00   
potential energy               2.25000000E-02   2.4615431176E+02 +-    3.6857200419E+00   
im energy                      2.25000000E-02  -3.2394098194E+01 +-    1.1896567547E+00   
imkin energy                   2.25000000E-02  -7.0214028478E+00 +-    5.0066952914E+00   
impot energy                   2.25000000E-02  -2.5372695346E+01 +-    4.4262958465E+00   
v cent                         2.25000000E-02   3.6052578535E+02 +-    5.6526673596E+00   
v tau                          2.25000000E-02  -1.6897504853E+02 +-    2.0152726696E+00   
v sigma                        2.25000000E-02  -3.6615874455E+01 +-    1.7666237102E+00   
v sigtau                       2.25000000E-02  -1.5052129791E+02 +-    1.6577826677E+00   
v tensor                       2.25000000E-02  -1.3648753934E+01 +-    1.1610153723E+00   
v tenstau                      2.25000000E-02   2.5538950123E+02 +-    5.7834652218E+00   
v ls                           2.25000000E-02   0.0000000000E+00 +-    0.0000000000E+00   
v lstau                        2.25000000E-02   0.0000000000E+00 +-    0.0000000000E+00   
vpot v6                        2.25000000E-02   2.4615431176E+02 +-    3.6857200419E+00   
vpot v8                        2.25000000E-02   2.4615431176E+02 +-    3.6857200419E+00   
v coulomb                      2.25000000E-02   1.0806631870E+00 +-    1.6403631605E-02   
v external                     2.25000000E-02   0.0000000000E+00 +-    0.0000000000E+00   
tni 2pipr-anticomm             2.25000000E-02   0.0000000000E+00 +-    0.0000000000E+00   
tni vd1pr                      2.25000000E-02   0.0000000000E+00 +-    0.0000000000E+00   
tni vepr                       2.25000000E-02   0.0000000000E+00 +-    0.0000000000E+00   
tni central                    2.25000000E-02   0.0000000000E+00 +-    0.0000000000E+00   
tni 2pixx-anticommutator       2.25000000E-02   0.0000000000E+00 +-    0.0000000000E+00   
tni 2pixd-anticommutator       2.25000000E-02   0.0000000000E+00 +-    0.0000000000E+00   
tni 2pidd-anticommutator       2.25000000E-02   0.0000000000E+00 +-    0.0000000000E+00   
tni 2pixx-commutator           2.25000000E-02   0.0000000000E+00 +-    0.0000000000E+00   
tni 2pixd-commutator           2.25000000E-02   0.0000000000E+00 +-    0.0000000000E+00   
tni 2pidd-commutator           2.25000000E-02   0.0000000000E+00 +-    0.0000000000E+00   
tni 2pi-tm                     2.25000000E-02   0.0000000000E+00 +-    0.0000000000E+00   
tni vd1                        2.25000000E-02   0.0000000000E+00 +-    0.0000000000E+00   
tni vd2                        2.25000000E-02   0.0000000000E+00 +-    0.0000000000E+00   
tni ve                         2.25000000E-02   0.0000000000E+00 +-    0.0000000000E+00   
vpottot v8+tni                 2.25000000E-02   2.4615431176E+02 +-    3.6857200419E+00   
enetot v8+tni                  2.25000000E-02  -7.0796748106E+01 +-    1.2786149815E+00   
vper cent                      2.25000000E-02   3.6052578535E+02 +-    5.6526673596E+00   
vper tau                       2.25000000E-02  -1.6897504853E+02 +-    2.0152726696E+00   
vper sigma                     2.25000000E-02  -3.6615874455E+01 +-    1.7666237102E+00   
vper sigtau                    2.25000000E-02  -1.5052129791E+02 +-    1.6577826677E+00   
vper tensor                    2.25000000E-02  -1.3648753934E+01 +-    1.1610153723E+00   
vper tenstau                   2.25000000E-02   2.5538950123E+02 +-    5.7834652218E+00   
vper ls                        2.25000000E-02   0.0000000000E+00 +-    0.0000000000E+00   
vper lstau                     2.25000000E-02   0.0000000000E+00 +-    0.0000000000E+00   
vpotper v6                     2.25000000E-02   2.4615431176E+02 +-    3.6857200419E+00   
vpotper v8                     2.25000000E-02   2.4615431176E+02 +-    3.6857200419E+00   
vpotv6pr-vpotv6per diff        2.25000000E-02   0.0000000000E+00 +-    0.0000000000E+00   
vpotv8pr-vpotv8per diff        2.25000000E-02   0.0000000000E+00 +-    0.0000000000E+00   
2piapr-2pia diff               2.25000000E-02   0.0000000000E+00 +-    0.0000000000E+00   
vd1pr-vd1 diff                 2.25000000E-02   0.0000000000E+00 +-    0.0000000000E+00   
vepr-ve diff                   2.25000000E-02   0.0000000000E+00 +-    0.0000000000E+00   
diff1 2piapr-2pia-2picxx       2.25000000E-02   0.0000000000E+00 +-    0.0000000000E+00   
diff2 vd1pr-vd1-2picxd         2.25000000E-02   0.0000000000E+00 +-    0.0000000000E+00   
diff3 vepr-ve-2picdd           2.25000000E-02   0.0000000000E+00 +-    0.0000000000E+00   
sum diff1+dif2+diff3           2.25000000E-02   0.0000000000E+00 +-    0.0000000000E+00   
proton rms                     2.25000000E-02   3.6611340090E-01 +-    1.6247325994E-02   
neutron rms                    2.25000000E-02   9.9806289639E-01 +-    2.1003223740E-02   
total rms                      2.25000000E-02   6.8990654769E-01 +-    1.3560502424E-02   
neutron-proton rms             2.25000000E-02   6.3194949549E-01 +-    1.7362657245E-02   
GT sigXtau+                    2.25000000E-02   8.6558062046E-03 +-    1.2068213257E-04   
GT sigYtau+                    2.25000000E-02  -1.1229139368E-02 +-    1.2629507912E-04   
GT sigZtau+                    2.25000000E-02   1.2632319327E-03 +-    1.3249452687E-04   
GT sigXtau-                    2.25000000E-02   7.7644822620E-03 +-    1.3969902431E-04   
GT sigYtau-                    2.25000000E-02  -7.8862177273E-03 +-    1.8303790166E-04   
GT sigZtau-                    2.25000000E-02   1.2139716596E-02 +-    1.4949873891E-04   
F tau+                         2.25000000E-02   2.6544114189E-19 +-    4.1862941849E-19   
F tau-                         2.25000000E-02   8.8015953926E-18 +-    5.3458249520E-19   
Psi**2                         2.25000000E-02  -4.8394787782E-04 +-    6.1606460032E-06   
single crossing/step           2.25000000E-02   8.5687017622E-03 +-    4.4253748072E-05   
global crossing/step           2.25000000E-02   8.4631202338E-03 +-    8.7965205232E-05   
energy numerator(real)         2.25000000E-02   4.7981021512E-01 +-    9.1426021620E-01   
denominator psit/psigi(real)   2.25000000E-02  -8.1627833484E-03 +-    1.3555843289E-02   
energy numerator(aimag)        2.25000000E-02   4.7999557777E-01 +-    6.2802359074E-01   
denominator psit/psigi(aimag)  2.25000000E-02  -3.8169524326E-03 +-    9.0456667822E-03   
growth(lin dt) energy          2.25000000E-02  -2.9742342502E+02 +-    6.1364862457E+00   
growth(global) energy          2.25000000E-02  -2.9927376555E+02 +-    1.1848695253E+01
growth energy                  2.25000000E-02  -2.9695726941E+02 +-    6.1064894004E+00
Time for propagation (sec) (min) =          21.678      0.361
Time for energies (sec) (min) =              0.798      0.013
Time for load balancing (sec) (min) =        0.031      0.001
Time for block (sec) (min) =                23.164      0.386
Time for operators (sec) (min) =             0.025      0.000
Elapsed block time (sec) (min) =           206.757      3.446
 
 walkers multiplicity, block, total
   0          55803         441400
   1         996800        8910298
   2          55311         435911
   3            503           2700
   4            100            468
   5             25            135
   6             15             57
   7              6             31
   8              2             12
   9              3             11
  10              1              5
  11              3              3
  12              0              2
  13              0              1
  15              1              1
  16              0              1
  17              1              3
  18              0              1
  20              1              4
 
 

iteration =                              10
walker number =                        9974
total energy-propagated        2.50000000E-02  -1.2286909089E+03 +-    1.9305869614E+01   
kinetic energy                 2.50000000E-02  -2.7027311627E+03 +-    3.0483452684E+01   
potential energy               2.50000000E-02   1.4740402538E+03 +-    7.4864740181E+00   
im energy                      2.50000000E-02   6.4813787194E+02 +-    1.0158795298E+01   
imkin energy                   2.50000000E-02   2.0614140299E+02 +-    1.1727442353E+01   
impot energy                   2.50000000E-02   4.4199646894E+02 +-    7.1361550068E+00   
v cent                         2.50000000E-02   2.4334085727E+03 +-    2.4416820795E+01   
v tau                          2.50000000E-02  -3.7200426727E+02 +-    2.7307387951E+00   
v sigma                        2.50000000E-02  -3.5107257307E+02 +-    6.0849965487E+00   
v sigtau                       2.50000000E-02  -8.8900847929E+02 +-    9.7749789515E+00   
v tensor                       2.50000000E-02   2.5325794947E+02 +-    2.7823229807E+00   
v tenstau                      2.50000000E-02   3.9945905130E+02 +-    1.0876284310E+01   
v ls                           2.50000000E-02   0.0000000000E+00 +-    0.0000000000E+00   
v lstau                        2.50000000E-02   0.0000000000E+00 +-    0.0000000000E+00   
vpot v6                        2.50000000E-02   1.4740402538E+03 +-    7.4864740181E+00   
vpot v8                        2.50000000E-02   1.4740402538E+03 +-    7.4864740181E+00   
v coulomb                      2.50000000E-02   3.4838146641E-02 +-    2.2582049621E-02   
v external                     2.50000000E-02   0.0000000000E+00 +-    0.0000000000E+00   
tni 2pipr-anticomm             2.50000000E-02   0.0000000000E+00 +-    0.0000000000E+00   
tni vd1pr                      2.50000000E-02   0.0000000000E+00 +-    0.0000000000E+00   
tni vepr                       2.50000000E-02   0.0000000000E+00 +-    0.0000000000E+00   
tni central                    2.50000000E-02   0.0000000000E+00 +-    0.0000000000E+00   
tni 2pixx-anticommutator       2.50000000E-02   0.0000000000E+00 +-    0.0000000000E+00   
tni 2pixd-anticommutator       2.50000000E-02   0.0000000000E+00 +-    0.0000000000E+00   
tni 2pidd-anticommutator       2.50000000E-02   0.0000000000E+00 +-    0.0000000000E+00   
tni 2pixx-commutator           2.50000000E-02   0.0000000000E+00 +-    0.0000000000E+00   
tni 2pixd-commutator           2.50000000E-02   0.0000000000E+00 +-    0.0000000000E+00   
tni 2pidd-commutator           2.50000000E-02   0.0000000000E+00 +-    0.0000000000E+00   
tni 2pi-tm                     2.50000000E-02   0.0000000000E+00 +-    0.0000000000E+00   
tni vd1                        2.50000000E-02   0.0000000000E+00 +-    0.0000000000E+00   
tni vd2                        2.50000000E-02   0.0000000000E+00 +-    0.0000000000E+00   
tni ve                         2.50000000E-02   0.0000000000E+00 +-    0.0000000000E+00   
vpottot v8+tni                 2.50000000E-02   1.4740402538E+03 +-    7.4864740181E+00   
enetot v8+tni                  2.50000000E-02  -1.2286909089E+03 +-    1.9305869614E+01   
vper cent                      2.50000000E-02   2.4334085727E+03 +-    2.4416820795E+01   
vper tau                       2.50000000E-02  -3.7200426727E+02 +-    2.7307387951E+00   
vper sigma                     2.50000000E-02  -3.5107257307E+02 +-    6.0849965487E+00   
vper sigtau                    2.50000000E-02  -8.8900847929E+02 +-    9.7749789515E+00   
vper tensor                    2.50000000E-02   2.5325794947E+02 +-    2.7823229807E+00   
vper tenstau                   2.50000000E-02   3.9945905130E+02 +-    1.0876284310E+01   
vper ls                        2.50000000E-02   0.0000000000E+00 +-    0.0000000000E+00   
vper lstau                     2.50000000E-02   0.0000000000E+00 +-    0.0000000000E+00   
vpotper v6                     2.50000000E-02   1.4740402538E+03 +-    7.4864740181E+00   
vpotper v8                     2.50000000E-02   1.4740402538E+03 +-    7.4864740181E+00   
vpotv6pr-vpotv6per diff        2.50000000E-02   0.0000000000E+00 +-    0.0000000000E+00   
vpotv8pr-vpotv8per diff        2.50000000E-02   0.0000000000E+00 +-    0.0000000000E+00   
2piapr-2pia diff               2.50000000E-02   0.0000000000E+00 +-    0.0000000000E+00   
vd1pr-vd1 diff                 2.50000000E-02   0.0000000000E+00 +-    0.0000000000E+00   
vepr-ve diff                   2.50000000E-02   0.0000000000E+00 +-    0.0000000000E+00   
diff1 2piapr-2pia-2picxx       2.50000000E-02   0.0000000000E+00 +-    0.0000000000E+00   
diff2 vd1pr-vd1-2picxd         2.50000000E-02   0.0000000000E+00 +-    0.0000000000E+00   
diff3 vepr-ve-2picdd           2.50000000E-02   0.0000000000E+00 +-    0.0000000000E+00   
sum diff1+dif2+diff3           2.50000000E-02   0.0000000000E+00 +-    0.0000000000E+00   
proton rms                     2.50000000E-02  -5.4936076091E+00 +-    1.0973929434E-01   
neutron rms                    2.50000000E-02  -1.3104244236E+00 +-    4.0344386413E-02   
total rms                      2.50000000E-02  -3.1267617087E+00 +-    5.8979856710E-02   
neutron-proton rms             2.50000000E-02   4.1831831855E+00 +-    8.8466058330E-02   
GT sigXtau+                    2.50000000E-02  -1.1462027369E-02 +-    1.1623854747E-04   
GT sigYtau+                    2.50000000E-02   3.2108028203E-03 +-    1.9060627216E-04   
GT sigZtau+                    2.50000000E-02   3.7643277866E-02 +-    3.6949665848E-04   
GT sigXtau-                    2.50000000E-02   3.2720861753E-04 +-    2.7348071453E-04   
GT sigYtau-                    2.50000000E-02  -8.0562006143E-03 +-    3.7873561407E-04   
GT sigZtau-                    2.50000000E-02   2.2841030080E-03 +-    9.1085472369E-05   
F tau+                         2.50000000E-02  -1.0544972210E-18 +-    2.3041791059E-19   
F tau-                         2.50000000E-02  -1.6436889287E-17 +-    1.9324945680E-19   
Psi**2                         2.50000000E-02  -8.8320040483E-04 +-    1.3228780757E-05   
single crossing/step           2.50000000E-02   7.7687999349E-03 +-    4.1757543216E-05   
global crossing/step           2.50000000E-02   7.5724536053E-03 +-    8.2461122515E-05   
energy numerator(real)         2.50000000E-02   4.6288634003E+00 +-    1.0978313033E+00   
denominator psit/psigi(real)   2.50000000E-02  -1.0120821957E-03 +-    1.4190725781E-02   
energy numerator(aimag)        2.50000000E-02   1.1189464567E+00 +-    7.4235933806E-01   
denominator psit/psigi(aimag)  2.50000000E-02  -2.1861948882E-03 +-    9.3314567391E-03   
growth(lin dt) energy          2.50000000E-02  -2.7678391671E+02 +-    5.9923074479E+00   
growth(global) energy          2.50000000E-02  -2.7444714942E+02 +-    1.1814936016E+01
growth energy                  2.50000000E-02  -2.7641180937E+02 +-    5.9660894684E+00
Time for propagation (sec) (min) =          22.088      0.368
Time for energies (sec) (min) =              0.700      0.012
Time for load balancing (sec) (min) =        0.028      0.000
Time for block (sec) (min) =                23.510      0.392
Time for operators (sec) (min) =             0.025      0.000
Elapsed block time (sec) (min) =           230.293      3.838
 
 walkers multiplicity, block, total
   0          59794         501194
   1        1023986        9934284
   2          56852         492763
   3            488           3188
   4             82            550
   5             31            166
   6             15             72
   7              5             36
   8              1             13
   9              1             12
  10              2              7
  11              3              6
  12              0              2
  13              1              2
  14              1              1
  15              0              1
  16              0              1
  17              0              3
  18              0              1
  20              0              4
 
 

Time for steps      =     230.304 seconds,        3.838 minutes
Master Time for steps =     230.064 seconds,        3.834 minutes

Number of cpus =       100
Total job time =     235.101 seconds,        3.918 minutes,        0.065 hours
Total cpu-time =     391.835 minutes,        6.531 hours
Total time =         234.887 seconds,        3.915 minutes,        0.065 hours
Finished!
