Unconstrained Diffusion Monte Carlo Run -- no drift
!-!-!-!-!-!-!-!-!-!-!-!-!-!-!-!-!-!-!-!-!-!-!-!-!-!
MPI parameters:
Number of boss cpus =                         100
Number of worker cpus for each boss =           0
Total number of cpus =                        100
Simulation parameters:
random number seed =                          321
hbar^2/2m =                              20.73554
start from sites =                              F
nwalk =                                     10000
equilibration blocks =                          0
averaging blocks =                             10
nsteps/blocks =                               100
time step =                          0.0000250000
time step rotations (vmc) =          0.1700000000
trial energy =                          -26.00000
drift cutoff =                            0.00000
drastic population control up =           1.20000
drastic population control down =         0.80000
rebalance if walkers fluctuate more than   2.00 %
weight cut off =                         20.00000
table size =                                 8000
!-!-!-!-!-!-!-!-!-!-!-!-!-!-!-!-!-!-!-!-!-!-!-!-!-!
System parameters:
lpot =                                         11
lpotper =                                      11
potential  =                          argonne v6'
potentialpr =                         argonne v6'
Coulomb included in energy-propagation          F
multiply central v by =                   1.00000
multiply tau v by =                       1.00000
multiply sigma v by =                     1.00000
multiply sigma tau v by =                 1.00000
multiply tensor v by =                    1.00000
multiply tensor tau v by =                1.00000
multiply spin-orbit v by =                0.00000
multiply spin-orbit tau v by =            0.00000
three-body potential =                        no3
ibox (0 is nearest image) =                     0
!-!-!-!-!-!-!-!-!-!-!-!-!-!-!-!-!-!-!-!-!-!-!-!-!-!
propagate LS =                                  F
calculate LS =                                  F
type of correlations =           independent pair
scale orbital   1 with factor    1.14000
determinant # 1
coefficient                     1.00000   0.00000
1  1  0  1  alpha.orb    # 2J,2M,L,tau radial_file for state                    
1 -1  0  1  alpha.orb    # 2J,2M,L,tau radial_file for state                    
1  1  0 -1  alpha.orb    # 2J,2M,L,tau radial_file for state                    
1 -1  0 -1  alpha.orb    # 2J,2M,L,tau radial_file for state                    
rescaled coefficient            1.00000   0.00000
!-!-!-!-!-!-!-!-!-!-!-!-!-!-!-!-!-!-!-!-!-!-!-!-!-!
No external potential
!-!-!-!-!-!-!-!-!-!-!-!-!-!-!-!-!-!-!-!-!-!-!-!-!-!
rcut in pair sampling =                   1.00000
acut in pair sampling =                   5.00000
a constant in psig =                      0.20000
Number of protons =                             2
Number of neutrons =                            2
range of the potential =                 20.00000
!-!-!-!-!-!-!-!-!-!-!-!-!-!-!-!-!-!-!-!-!-!-!-!-!-!
do V3 =                                         F
three body force =                            no3
three body a2piPwa =                      0.000000000000000
three body a2piPwc =                      0.000000000000000
three body a2piSw =                       0.000000000000000
three body Vd,C,c3 =                      0.000000000000000
three body Ve,C,c3 =                      0.000000000000000
three body A_R =                          0.000000000000000
three body Vd1 =                          0.000000000000000
three body Vd2 =                          0.000000000000000
three body Ve =                           0.000000000000000
propagator: multiply the antic by =       0.000000000000000
propagator: multiply the Vd1 by =         0.000000000000000
propagator: multiply the Ve by =          0.000000000000000
propagator: three body a2piPW =           0.000000000000000
!-!-!-!-!-!-!-!-!-!-!-!-!-!-!-!-!-!-!-!-!-!-!-!-!-!
jastrow healing distance dc =             4.47768
jastrow healing distance dtn =           11.57317
jastrow rho =                             0.01000
potential quencher acn (v1) =             1.50851
potential quencher at  (v2) =             6.06936
potential quencher as  (v3) =             2.76780
potential quencher ast (v4) =             0.80880
potential quencher atn (v5) =             0.61864
potential quencher atn (v6) =             0.20141
potential quencher als (v7) =             0.00000
potential quencher alst (v8) =            0.00000
correlation quencher bt (f2) =            0.26685
correlation quencher bs (f3) =           -0.10565
correlation quencher bst (f4) =           0.42277
correlation quencher btn (f5) =           1.08683
correlation quencher btn (f6) =           4.44810
correlation quencher bls (f7) =           0.00000
correlation quencher blst (f8) =          0.00000
!-!-!-!-!-!-!-!-!-!-!-!-!-!-!-!-!-!-!-!-!-!-!-!-!-!
q1c parameter in f3c =                   12.87526
q2c parameter in f3c =                    1.60340
q1p parameter in f3p =                   -1.81620
q2p parameter in f3p =                    2.14789
!-!-!-!-!-!-!-!-!-!-!-!-!-!-!-!-!-!-!-!-!-!-!-!-!-!
rscal parameter in Uijk cent =            1.00000
rscal parameter in Uijk xpi =             1.00000
rscal parameter in Uijk delta =           1.00000
eps_c parameter in Uijk =                 0.00000
eps_anti parameter in Uijk =              0.00000
eps_tm parameter in Uijk =                0.00000
eps_vd1 parameter in Uijk =               0.00000
eps_vd2 parameter in Uijk =               0.00000
eps_vdc3 parameter in Uijk =              0.00000
eps_vec3 parameter in Uijk =              0.00000
eps_ve parameter in Uijk =                0.00000
eps_comm parameter in Uijk =              0.00000
eps_comm-XD parameter in Uijk =           0.00000
eps_comm-DD parameter in Uijk =           0.00000
TNI-comm correlation included =                 F
!-!-!-!-!-!-!-!-!-!-!-!-!-!-!-!-!-!-!-!-!-!-!-!-!-!
CSB correlation rscalpp =                 1.00000
CSB correlation rscalnn =                 1.00000
CSB correlation quencher pp =             0.00000
CSB correlation quencher nn =             0.00000
CSB correlation included =                      F
!-!-!-!-!-!-!-!-!-!-!-!-!-!-!-!-!-!-!-!-!-!-!-!-!-!
jastrow initialized
!-!-!-!-!-!-!-!-!-!-!-!-!-!-!-!-!-!-!-!-!-!-!-!-!-!
Symmetrize V6 in the propagator =               T
New propagation of Vlstau and commutator included!
Coulomb included in energy (and propag)         F
Initial walkers from file
Number of walkers =                          8564
Configurations at tau =              2.6875000000
Reset tau =                          0.0000000000
!-!-!-!-!-!-!-!-!-!-!-!-!-!-!-!-!-!-!-!-!-!-!-!-!-!
Time for reading configurations (sec.) =       0.73
!-!-!-!-!-!-!-!-!-!-!-!-!-!-!-!-!-!-!-!-!-!-!-!-!-!
Initial configurations:
total energy-propagated        0.00000000E+00  -2.6316465949E+01 +-    3.4028988535E-01   
kinetic energy                 0.00000000E+00   1.0597613184E+02 +-    1.7236150887E+00   
potential energy               0.00000000E+00  -1.3229259779E+02 +-    1.6927711822E+00   
v cent                         0.00000000E+00   1.7479738044E+01 +-    1.5451115985E+00   
v tau                          0.00000000E+00  -7.4081238051E+00 +-    2.2713234726E-01   
v sigma                        0.00000000E+00  -8.2250484426E+00 +-    2.4874248512E-01   
v sigtau                       0.00000000E+00  -5.9912562886E+01 +-    5.5905873787E-01   
v tensor                       0.00000000E+00   5.2691691866E-01 +-    1.3478912559E-01   
v tenstau                      0.00000000E+00  -7.4753517622E+01 +-    9.8669655830E-01   
v ls                           0.00000000E+00   0.0000000000E+00 +-    0.0000000000E+00   
v lstau                        0.00000000E+00   0.0000000000E+00 +-    0.0000000000E+00   
v coulomb                      0.00000000E+00   7.4256111933E-01 +-    2.8665528210E-03   
v external                     0.00000000E+00   0.0000000000E+00 +-    0.0000000000E+00   
tni 2pipr-anticomm             0.00000000E+00   0.0000000000E+00 +-    0.0000000000E+00   
tni vd1pr                      0.00000000E+00   0.0000000000E+00 +-    0.0000000000E+00   
tni vepr                       0.00000000E+00   0.0000000000E+00 +-    0.0000000000E+00   
tni central                    0.00000000E+00   0.0000000000E+00 +-    0.0000000000E+00   
tni 2pixx-anticommutator       0.00000000E+00   0.0000000000E+00 +-    0.0000000000E+00   
tni 2pixd-anticommutator       0.00000000E+00   0.0000000000E+00 +-    0.0000000000E+00   
tni 2pidd-anticommutator       0.00000000E+00   0.0000000000E+00 +-    0.0000000000E+00   
tni 2pixx-commutator           0.00000000E+00   0.0000000000E+00 +-    0.0000000000E+00   
tni 2pixd-commutator           0.00000000E+00   0.0000000000E+00 +-    0.0000000000E+00   
tni 2pidd-commutator           0.00000000E+00   0.0000000000E+00 +-    0.0000000000E+00   
tni 2pi-tm                     0.00000000E+00   0.0000000000E+00 +-    0.0000000000E+00   
tni vd1                        0.00000000E+00   0.0000000000E+00 +-    0.0000000000E+00   
tni vd2                        0.00000000E+00   0.0000000000E+00 +-    0.0000000000E+00   
tni ve                         0.00000000E+00   0.0000000000E+00 +-    0.0000000000E+00   
enetot v8+tni                  0.00000000E+00  -2.6316465949E+01 +-    3.4028988535E-01   
!-!-!-!-!-!-!-!-!-!-!-!-!-!-!-!-!-!-!-!-!-!-!-!-!-!
Psi**2 of initial configurations  =   0.2688400E-04  0.0000000E+00  +-    0.7105059E-06  0.0000000E+00
Psig**2 of initial configurations =   0.1743975E-04  0.0000000E+00  +-    0.5460420E-06  0.0000000E+00
!-!-!-!-!-!-!-!-!-!-!-!-!-!-!-!-!-!-!-!-!-!-!-!-!-!
T**2 of initial configurations  =  -0.1728678E-07  0.1854430E-09
Tz of initial configurations    =   0.7577747E-14 -0.3977309E-14
J**2 of initial configurations  =   0.3185136E-07  0.3920923E-09
Jz of initial configurations    =   0.6065350E-14  0.1644503E-15
!-!-!-!-!-!-!-!-!-!-!-!-!-!-!-!-!-!-!-!-!-!-!-!-!-!
!-!-!-!-!-!-!-!-!-!-!-!-!-!-!-!-!-!-!-!-!-!-!-!-!-!
Time to process initial configurations (sec.) =       1.48
!-!-!-!-!-!-!-!-!-!-!-!-!-!-!-!-!-!-!-!-!-!-!-!-!-!

equilibration done

iteration =                               1
walker number =                       10499
total energy-propagated        2.50000000E-03  -2.6232000943E+01 +-    3.1985638031E-01   
kinetic energy                 2.50000000E-03   1.1220246945E+02 +-    1.4888412606E+00   
potential energy               2.50000000E-03  -1.3843447039E+02 +-    1.4458869468E+00   
im energy                      2.50000000E-03  -6.5206743810E-01 +-    2.1803496873E-01   
imkin energy                   2.50000000E-03  -4.6856132050E-01 +-    4.4136682298E-01   
impot energy                   2.50000000E-03  -1.8350611760E-01 +-    4.0514027899E-01   
v cent                         2.50000000E-03   1.1437052016E+01 +-    1.2636974594E+00   
v tau                          2.50000000E-03  -6.4318048077E+00 +-    2.0088729258E-01   
v sigma                        2.50000000E-03  -8.8705511699E+00 +-    2.1700516257E-01   
v sigtau                       2.50000000E-03  -6.0381129508E+01 +-    4.9788877938E-01   
v tensor                       2.50000000E-03   3.9619142094E-02 +-    1.1224310383E-01   
v tenstau                      2.50000000E-03  -7.4227656067E+01 +-    8.7305160251E-01   
v ls                           2.50000000E-03   0.0000000000E+00 +-    0.0000000000E+00   
v lstau                        2.50000000E-03   0.0000000000E+00 +-    0.0000000000E+00   
vpot v6                        2.50000000E-03  -1.3843447039E+02 +-    1.4458869468E+00   
vpot v8                        2.50000000E-03  -1.3843447039E+02 +-    1.4458869468E+00   
v coulomb                      2.50000000E-03   7.5188695649E-01 +-    2.4589466597E-03   
v external                     2.50000000E-03   0.0000000000E+00 +-    0.0000000000E+00   
tni 2pipr-anticomm             2.50000000E-03   0.0000000000E+00 +-    0.0000000000E+00   
tni vd1pr                      2.50000000E-03   0.0000000000E+00 +-    0.0000000000E+00   
tni vepr                       2.50000000E-03   0.0000000000E+00 +-    0.0000000000E+00   
tni central                    2.50000000E-03   0.0000000000E+00 +-    0.0000000000E+00   
tni 2pixx-anticommutator       2.50000000E-03   0.0000000000E+00 +-    0.0000000000E+00   
tni 2pixd-anticommutator       2.50000000E-03   0.0000000000E+00 +-    0.0000000000E+00   
tni 2pidd-anticommutator       2.50000000E-03   0.0000000000E+00 +-    0.0000000000E+00   
tni 2pixx-commutator           2.50000000E-03   0.0000000000E+00 +-    0.0000000000E+00   
tni 2pixd-commutator           2.50000000E-03   0.0000000000E+00 +-    0.0000000000E+00   
tni 2pidd-commutator           2.50000000E-03   0.0000000000E+00 +-    0.0000000000E+00   
tni 2pi-tm                     2.50000000E-03   0.0000000000E+00 +-    0.0000000000E+00   
tni vd1                        2.50000000E-03   0.0000000000E+00 +-    0.0000000000E+00   
tni vd2                        2.50000000E-03   0.0000000000E+00 +-    0.0000000000E+00   
tni ve                         2.50000000E-03   0.0000000000E+00 +-    0.0000000000E+00   
vpottot v8+tni                 2.50000000E-03  -1.3843447039E+02 +-    1.4458869468E+00   
enetot v8+tni                  2.50000000E-03  -2.6232000943E+01 +-    3.1985638031E-01   
vper cent                      2.50000000E-03   1.1437052016E+01 +-    1.2636974594E+00   
vper tau                       2.50000000E-03  -6.4318048077E+00 +-    2.0088729258E-01   
vper sigma                     2.50000000E-03  -8.8705511699E+00 +-    2.1700516257E-01   
vper sigtau                    2.50000000E-03  -6.0381129508E+01 +-    4.9788877938E-01   
vper tensor                    2.50000000E-03   3.9619142094E-02 +-    1.1224310383E-01   
vper tenstau                   2.50000000E-03  -7.4227656067E+01 +-    8.7305160251E-01   
vper ls                        2.50000000E-03   0.0000000000E+00 +-    0.0000000000E+00   
vper lstau                     2.50000000E-03   0.0000000000E+00 +-    0.0000000000E+00   
vpotper v6                     2.50000000E-03  -1.3843447039E+02 +-    1.4458869468E+00   
vpotper v8                     2.50000000E-03  -1.3843447039E+02 +-    1.4458869468E+00   
vpotv6pr-vpotv6per diff        2.50000000E-03   0.0000000000E+00 +-    0.0000000000E+00   
vpotv8pr-vpotv8per diff        2.50000000E-03   0.0000000000E+00 +-    0.0000000000E+00   
2piapr-2pia diff               2.50000000E-03   0.0000000000E+00 +-    0.0000000000E+00   
vd1pr-vd1 diff                 2.50000000E-03   0.0000000000E+00 +-    0.0000000000E+00   
vepr-ve diff                   2.50000000E-03   0.0000000000E+00 +-    0.0000000000E+00   
diff1 2piapr-2pia-2picxx       2.50000000E-03   0.0000000000E+00 +-    0.0000000000E+00   
diff2 vd1pr-vd1-2picxd         2.50000000E-03   0.0000000000E+00 +-    0.0000000000E+00   
diff3 vepr-ve-2picdd           2.50000000E-03   0.0000000000E+00 +-    0.0000000000E+00   
sum diff1+dif2+diff3           2.50000000E-03   0.0000000000E+00 +-    0.0000000000E+00   
proton rms                     2.50000000E-03   2.0024654371E+00 +-    1.1965933718E-02   
neutron rms                    2.50000000E-03   2.0299448385E+00 +-    1.3065817823E-02   
total rms                      2.50000000E-03   2.0153036584E+00 +-    1.1076684820E-02   
neutron-proton rms             2.50000000E-03   2.7479401386E-02 +-    1.1177178223E-02   
GT sigXtau+                    2.50000000E-03  -1.7961529807E-05 +-    2.3930130499E-05   
GT sigYtau+                    2.50000000E-03   1.2198552253E-05 +-    2.3245182060E-05   
GT sigZtau+                    2.50000000E-03  -3.9445821358E-05 +-    2.4714968668E-05   
GT sigXtau-                    2.50000000E-03  -2.5087272342E-05 +-    2.3157498404E-05   
GT sigYtau-                    2.50000000E-03  -3.6267852958E-05 +-    2.3096219805E-05   
GT sigZtau-                    2.50000000E-03   3.4101779751E-05 +-    2.2537894363E-05   
F tau+                         2.50000000E-03  -9.6222436607E-20 +-    4.2622688138E-20   
F tau-                         2.50000000E-03  -1.1653128280E-20 +-    4.1577307143E-20   
Psi**2                         2.50000000E-03   3.3295465912E-05 +-    8.3887169700E-07   
single crossing/step           2.50000000E-03   8.9233320511E-03 +-    4.7750715167E-05   
global crossing/step           2.50000000E-03   8.7939037734E-03 +-    9.4812491631E-05   
energy numerator(real)         2.50000000E-03  -2.6790964689E+01 +-    6.5323289556E-01   
denominator psit/psigi(real)   2.50000000E-03   1.0226165165E+00 +-    1.1254919320E-02   
energy numerator(aimag)        2.50000000E-03  -1.9412620041E+00 +-    4.6141705979E-01   
denominator psit/psigi(aimag)  2.50000000E-03   3.1389281599E-02 +-    7.2019804083E-03   
growth(lin dt) energy          2.50000000E-03  -1.8949487741E+02 +-    4.9234716019E+00   
growth(global) energy          2.50000000E-03  -1.8565442844E+02 +-    1.1644382283E+01
growth energy                  2.50000000E-03  -1.8940364022E+02 +-    4.9126690648E+00
Time for propagation (sec) (min) =          19.347      0.322
Time for energies (sec) (min) =              0.735      0.012
Time for load balancing (sec) (min) =        0.064      0.001
Time for block (sec) (min) =                20.855      0.348
Time for operators (sec) (min) =             0.021      0.000
Elapsed block time (sec) (min) =            20.877      0.348
 
 walkers multiplicity, block, total
   0          37445          37445
   1         893085         893085
   2          38922          38922
   3            167            167
   4             20             20
   5              5              5
   6              0              0
   7              3              3
   8              1              1
   9              0              0
  20              1              1
 
 

iteration =                               2
walker number =                       10777
total energy-propagated        5.00000000E-03  -2.8125078854E+01 +-    5.2877711033E-01   
kinetic energy                 5.00000000E-03   1.0735964938E+02 +-    1.9329511109E+00   
potential energy               5.00000000E-03  -1.3548472824E+02 +-    1.7469231840E+00   
im energy                      5.00000000E-03  -4.3397706670E-01 +-    4.7337645749E-01   
imkin energy                   5.00000000E-03  -3.3543159640E+00 +-    1.0282789775E+00   
impot energy                   5.00000000E-03   2.9203388973E+00 +-    6.5909000177E-01   
v cent                         5.00000000E-03   1.5109493806E+01 +-    1.3472096172E+00   
v tau                          5.00000000E-03  -7.4813082910E+00 +-    2.9283518541E-01   
v sigma                        5.00000000E-03  -8.5892701821E+00 +-    2.2738863987E-01   
v sigtau                       5.00000000E-03  -6.3131313435E+01 +-    5.1700742642E-01   
v tensor                       5.00000000E-03   2.7180845228E-01 +-    1.3281180794E-01   
v tenstau                      5.00000000E-03  -7.1664138589E+01 +-    1.1890449042E+00   
v ls                           5.00000000E-03   0.0000000000E+00 +-    0.0000000000E+00   
v lstau                        5.00000000E-03   0.0000000000E+00 +-    0.0000000000E+00   
vpot v6                        5.00000000E-03  -1.3548472824E+02 +-    1.7469231840E+00   
vpot v8                        5.00000000E-03  -1.3548472824E+02 +-    1.7469231840E+00   
v coulomb                      5.00000000E-03   7.8643500823E-01 +-    2.3920096200E-03   
v external                     5.00000000E-03   0.0000000000E+00 +-    0.0000000000E+00   
tni 2pipr-anticomm             5.00000000E-03   0.0000000000E+00 +-    0.0000000000E+00   
tni vd1pr                      5.00000000E-03   0.0000000000E+00 +-    0.0000000000E+00   
tni vepr                       5.00000000E-03   0.0000000000E+00 +-    0.0000000000E+00   
tni central                    5.00000000E-03   0.0000000000E+00 +-    0.0000000000E+00   
tni 2pixx-anticommutator       5.00000000E-03   0.0000000000E+00 +-    0.0000000000E+00   
tni 2pixd-anticommutator       5.00000000E-03   0.0000000000E+00 +-    0.0000000000E+00   
tni 2pidd-anticommutator       5.00000000E-03   0.0000000000E+00 +-    0.0000000000E+00   
tni 2pixx-commutator           5.00000000E-03   0.0000000000E+00 +-    0.0000000000E+00   
tni 2pixd-commutator           5.00000000E-03   0.0000000000E+00 +-    0.0000000000E+00   
tni 2pidd-commutator           5.00000000E-03   0.0000000000E+00 +-    0.0000000000E+00   
tni 2pi-tm                     5.00000000E-03   0.0000000000E+00 +-    0.0000000000E+00   
tni vd1                        5.00000000E-03   0.0000000000E+00 +-    0.0000000000E+00   
tni vd2                        5.00000000E-03   0.0000000000E+00 +-    0.0000000000E+00   
tni ve                         5.00000000E-03   0.0000000000E+00 +-    0.0000000000E+00   
vpottot v8+tni                 5.00000000E-03  -1.3548472824E+02 +-    1.7469231840E+00   
enetot v8+tni                  5.00000000E-03  -2.8125078854E+01 +-    5.2877711033E-01   
vper cent                      5.00000000E-03   1.5109493806E+01 +-    1.3472096172E+00   
vper tau                       5.00000000E-03  -7.4813082910E+00 +-    2.9283518541E-01   
vper sigma                     5.00000000E-03  -8.5892701821E+00 +-    2.2738863987E-01   
vper sigtau                    5.00000000E-03  -6.3131313435E+01 +-    5.1700742642E-01   
vper tensor                    5.00000000E-03   2.7180845228E-01 +-    1.3281180794E-01   
vper tenstau                   5.00000000E-03  -7.1664138589E+01 +-    1.1890449042E+00   
vper ls                        5.00000000E-03   0.0000000000E+00 +-    0.0000000000E+00   
vper lstau                     5.00000000E-03   0.0000000000E+00 +-    0.0000000000E+00   
vpotper v6                     5.00000000E-03  -1.3548472824E+02 +-    1.7469231840E+00   
vpotper v8                     5.00000000E-03  -1.3548472824E+02 +-    1.7469231840E+00   
vpotv6pr-vpotv6per diff        5.00000000E-03   0.0000000000E+00 +-    0.0000000000E+00   
vpotv8pr-vpotv8per diff        5.00000000E-03   0.0000000000E+00 +-    0.0000000000E+00   
2piapr-2pia diff               5.00000000E-03   0.0000000000E+00 +-    0.0000000000E+00   
vd1pr-vd1 diff                 5.00000000E-03   0.0000000000E+00 +-    0.0000000000E+00   
vepr-ve diff                   5.00000000E-03   0.0000000000E+00 +-    0.0000000000E+00   
diff1 2piapr-2pia-2picxx       5.00000000E-03   0.0000000000E+00 +-    0.0000000000E+00   
diff2 vd1pr-vd1-2picxd         5.00000000E-03   0.0000000000E+00 +-    0.0000000000E+00   
diff3 vepr-ve-2picdd           5.00000000E-03   0.0000000000E+00 +-    0.0000000000E+00   
sum diff1+dif2+diff3           5.00000000E-03   0.0000000000E+00 +-    0.0000000000E+00   
proton rms                     5.00000000E-03   1.8827676527E+00 +-    1.1670081593E-02   
neutron rms                    5.00000000E-03   2.0245602294E+00 +-    1.3165697912E-02   
total rms                      5.00000000E-03   1.9530103093E+00 +-    1.0925086761E-02   
neutron-proton rms             5.00000000E-03   1.4179257665E-01 +-    1.1708569007E-02   
GT sigXtau+                    5.00000000E-03   7.7221690322E-05 +-    2.5215583409E-05   
GT sigYtau+                    5.00000000E-03  -3.1189818109E-05 +-    2.5029034944E-05   
GT sigZtau+                    5.00000000E-03   6.6236643803E-05 +-    2.3145442398E-05   
GT sigXtau-                    5.00000000E-03  -7.4822711482E-05 +-    2.3462161188E-05   
GT sigYtau-                    5.00000000E-03  -1.9964792727E-06 +-    2.3464147286E-05   
GT sigZtau-                    5.00000000E-03  -8.2359695830E-05 +-    2.1245726056E-05   
F tau+                         5.00000000E-03  -7.7149204661E-20 +-    4.4899693118E-20   
F tau-                         5.00000000E-03  -3.7828386825E-20 +-    4.3973297021E-20   
Psi**2                         5.00000000E-03   3.2900990420E-05 +-    6.8278409584E-07   
single crossing/step           5.00000000E-03   7.5661516824E-03 +-    4.1486143519E-05   
global crossing/step           5.00000000E-03   7.4593408165E-03 +-    8.2388981443E-05   
energy numerator(real)         5.00000000E-03  -2.0552687382E+01 +-    8.8595347807E-01   
denominator psit/psigi(real)   5.00000000E-03   7.3128267443E-01 +-    1.2790503798E-02   
energy numerator(aimag)        5.00000000E-03  -1.3154373572E+00 +-    5.8709345133E-01   
denominator psit/psigi(aimag)  5.00000000E-03   3.6222231519E-02 +-    8.5770634509E-03   
growth(lin dt) energy          5.00000000E-03  -1.9209996803E+02 +-    4.9521140337E+00   
growth(global) energy          5.00000000E-03  -1.8666365348E+02 +-    1.1297916416E+01
growth energy                  5.00000000E-03  -1.9200309020E+02 +-    4.9409258045E+00
Time for propagation (sec) (min) =          21.767      0.363
Time for energies (sec) (min) =              0.754      0.013
Time for load balancing (sec) (min) =        0.032      0.001
Time for block (sec) (min) =                23.169      0.386
Time for operators (sec) (min) =             0.024      0.000
Elapsed block time (sec) (min) =            44.092      0.735
 
 walkers multiplicity, block, total
   0          46455          83900
   1        1009995        1903080
   2          45958          84880
   3            242            409
   4             41             61
   5             20             25
   6              7              7
   7              1              4
   8              2              3
   9              3              3
  10              1              1
  20              0              1
 
 

iteration =                               3
walker number =                       10042
total energy-propagated        7.50000000E-03  -2.8590193374E+01 +-    2.5540008068E-01   
kinetic energy                 7.50000000E-03   1.0940276724E+02 +-    1.7686044871E+00   
potential energy               7.50000000E-03  -1.3799296061E+02 +-    1.8086668102E+00   
im energy                      7.50000000E-03   7.1095043622E-01 +-    2.4966586468E-01   
imkin energy                   7.50000000E-03   3.9105956427E+00 +-    5.1981331726E-01   
impot energy                   7.50000000E-03  -3.1996452065E+00 +-    5.5492484278E-01   
v cent                         7.50000000E-03   1.8666223831E+01 +-    1.6179717498E+00   
v tau                          7.50000000E-03  -7.4142152621E+00 +-    3.0501431753E-01   
v sigma                        7.50000000E-03  -9.9565309075E+00 +-    2.2498805950E-01   
v sigtau                       7.50000000E-03  -6.2815054519E+01 +-    4.6769796597E-01   
v tensor                       7.50000000E-03   4.3836330955E-01 +-    1.1234832234E-01   
v tenstau                      7.50000000E-03  -7.6911747065E+01 +-    9.6413743375E-01   
v ls                           7.50000000E-03   0.0000000000E+00 +-    0.0000000000E+00   
v lstau                        7.50000000E-03   0.0000000000E+00 +-    0.0000000000E+00   
vpot v6                        7.50000000E-03  -1.3799296061E+02 +-    1.8086668102E+00   
vpot v8                        7.50000000E-03  -1.3799296061E+02 +-    1.8086668102E+00   
v coulomb                      7.50000000E-03   7.8697551771E-01 +-    2.5303185860E-03   
v external                     7.50000000E-03   0.0000000000E+00 +-    0.0000000000E+00   
tni 2pipr-anticomm             7.50000000E-03   0.0000000000E+00 +-    0.0000000000E+00   
tni vd1pr                      7.50000000E-03   0.0000000000E+00 +-    0.0000000000E+00   
tni vepr                       7.50000000E-03   0.0000000000E+00 +-    0.0000000000E+00   
tni central                    7.50000000E-03   0.0000000000E+00 +-    0.0000000000E+00   
tni 2pixx-anticommutator       7.50000000E-03   0.0000000000E+00 +-    0.0000000000E+00   
tni 2pixd-anticommutator       7.50000000E-03   0.0000000000E+00 +-    0.0000000000E+00   
tni 2pidd-anticommutator       7.50000000E-03   0.0000000000E+00 +-    0.0000000000E+00   
tni 2pixx-commutator           7.50000000E-03   0.0000000000E+00 +-    0.0000000000E+00   
tni 2pixd-commutator           7.50000000E-03   0.0000000000E+00 +-    0.0000000000E+00   
tni 2pidd-commutator           7.50000000E-03   0.0000000000E+00 +-    0.0000000000E+00   
tni 2pi-tm                     7.50000000E-03   0.0000000000E+00 +-    0.0000000000E+00   
tni vd1                        7.50000000E-03   0.0000000000E+00 +-    0.0000000000E+00   
tni vd2                        7.50000000E-03   0.0000000000E+00 +-    0.0000000000E+00   
tni ve                         7.50000000E-03   0.0000000000E+00 +-    0.0000000000E+00   
vpottot v8+tni                 7.50000000E-03  -1.3799296061E+02 +-    1.8086668102E+00   
enetot v8+tni                  7.50000000E-03  -2.8590193374E+01 +-    2.5540008068E-01   
vper cent                      7.50000000E-03   1.8666223831E+01 +-    1.6179717498E+00   
vper tau                       7.50000000E-03  -7.4142152621E+00 +-    3.0501431753E-01   
vper sigma                     7.50000000E-03  -9.9565309075E+00 +-    2.2498805950E-01   
vper sigtau                    7.50000000E-03  -6.2815054519E+01 +-    4.6769796597E-01   
vper tensor                    7.50000000E-03   4.3836330955E-01 +-    1.1234832234E-01   
vper tenstau                   7.50000000E-03  -7.6911747065E+01 +-    9.6413743375E-01   
vper ls                        7.50000000E-03   0.0000000000E+00 +-    0.0000000000E+00   
vper lstau                     7.50000000E-03   0.0000000000E+00 +-    0.0000000000E+00   
vpotper v6                     7.50000000E-03  -1.3799296061E+02 +-    1.8086668102E+00   
vpotper v8                     7.50000000E-03  -1.3799296061E+02 +-    1.8086668102E+00   
vpotv6pr-vpotv6per diff        7.50000000E-03   0.0000000000E+00 +-    0.0000000000E+00   
vpotv8pr-vpotv8per diff        7.50000000E-03   0.0000000000E+00 +-    0.0000000000E+00   
2piapr-2pia diff               7.50000000E-03   0.0000000000E+00 +-    0.0000000000E+00   
vd1pr-vd1 diff                 7.50000000E-03   0.0000000000E+00 +-    0.0000000000E+00   
vepr-ve diff                   7.50000000E-03   0.0000000000E+00 +-    0.0000000000E+00   
diff1 2piapr-2pia-2picxx       7.50000000E-03   0.0000000000E+00 +-    0.0000000000E+00   
diff2 vd1pr-vd1-2picxd         7.50000000E-03   0.0000000000E+00 +-    0.0000000000E+00   
diff3 vepr-ve-2picdd           7.50000000E-03   0.0000000000E+00 +-    0.0000000000E+00   
sum diff1+dif2+diff3           7.50000000E-03   0.0000000000E+00 +-    0.0000000000E+00   
proton rms                     7.50000000E-03   1.8803358306E+00 +-    1.1938589602E-02   
neutron rms                    7.50000000E-03   1.9791109645E+00 +-    1.2212517249E-02   
total rms                      7.50000000E-03   1.9272266491E+00 +-    1.0572882171E-02   
neutron-proton rms             7.50000000E-03   9.8775133918E-02 +-    1.1550074879E-02   
GT sigXtau+                    7.50000000E-03  -1.4678121792E-04 +-    2.3766784511E-05   
GT sigYtau+                    7.50000000E-03  -6.2298594393E-05 +-    2.4799112988E-05   
GT sigZtau+                    7.50000000E-03   2.6582925203E-05 +-    2.2726717113E-05   
GT sigXtau-                    7.50000000E-03   1.2178010803E-04 +-    2.4980710537E-05   
GT sigYtau-                    7.50000000E-03  -8.9297897268E-05 +-    2.2488154783E-05   
GT sigZtau-                    7.50000000E-03   2.3150012913E-04 +-    2.4534946777E-05   
F tau+                         7.50000000E-03  -9.1180595202E-20 +-    4.6433373346E-20   
F tau-                         7.50000000E-03   2.6394384532E-20 +-    3.8174410593E-20   
Psi**2                         7.50000000E-03   2.8740783556E-05 +-    6.7490591044E-07   
single crossing/step           7.50000000E-03   7.3831119749E-03 +-    4.0603268658E-05   
global crossing/step           7.50000000E-03   7.1689522370E-03 +-    8.0028735216E-05   
energy numerator(real)         7.50000000E-03  -1.3952729263E+01 +-    8.4424634237E-01   
denominator psit/psigi(real)   7.50000000E-03   4.8447403376E-01 +-    1.3594661283E-02   
energy numerator(aimag)        7.50000000E-03  -2.0938616137E-01 +-    5.9060726107E-01   
denominator psit/psigi(aimag)  7.50000000E-03   4.5300326719E-02 +-    9.3592772308E-03   
growth(lin dt) energy          7.50000000E-03  -2.1727096029E+02 +-    5.1714576363E+00   
growth(global) energy          7.50000000E-03  -2.2434816167E+02 +-    1.0696341584E+01
growth energy                  7.50000000E-03  -2.1711088354E+02 +-    5.1565222037E+00
Time for propagation (sec) (min) =          22.182      0.370
Time for energies (sec) (min) =              0.703      0.012
Time for load balancing (sec) (min) =        0.034      0.001
Time for block (sec) (min) =                23.537      0.392
Time for operators (sec) (min) =             0.026      0.000
Elapsed block time (sec) (min) =            67.655      1.128
 
 walkers multiplicity, block, total
   0          51450         135350
   1        1033820        2936900
   2          49736         134616
   3            340            749
   4             47            108
   5             22             47
   6              7             14
   7              3              7
   8              0              3
   9              1              4
  10              1              2
  20              0              1
 
 

iteration =                               4
walker number =                       11317
total energy-propagated        1.00000000E-02  -3.2279503074E+01 +-    3.9885951818E-01   
kinetic energy                 1.00000000E-02   1.2911449905E+02 +-    1.3184634993E+00   
potential energy               1.00000000E-02  -1.6139400212E+02 +-    1.0445549660E+00   
im energy                      1.00000000E-02   3.1257086357E+00 +-    3.7054707108E-01   
imkin energy                   1.00000000E-02   4.2663483069E+00 +-    7.5749381978E-01   
impot energy                   1.00000000E-02  -1.1406396713E+00 +-    4.3620990126E-01   
v cent                         1.00000000E-02  -5.0364528207E+00 +-    6.3712099555E-01   
v tau                          1.00000000E-02  -5.1884239248E+00 +-    3.5864119608E-01   
v sigma                        1.00000000E-02  -8.9519612967E+00 +-    1.6805233882E-01   
v sigtau                       1.00000000E-02  -6.4303692858E+01 +-    4.9721365717E-01   
v tensor                       1.00000000E-02  -1.1808792368E+00 +-    2.0793633041E-01   
v tenstau                      1.00000000E-02  -7.6732591982E+01 +-    8.0069108200E-01   
v ls                           1.00000000E-02   0.0000000000E+00 +-    0.0000000000E+00   
v lstau                        1.00000000E-02   0.0000000000E+00 +-    0.0000000000E+00   
vpot v6                        1.00000000E-02  -1.6139400212E+02 +-    1.0445549660E+00   
vpot v8                        1.00000000E-02  -1.6139400212E+02 +-    1.0445549660E+00   
v coulomb                      1.00000000E-02   7.4781032383E-01 +-    1.9729537487E-03   
v external                     1.00000000E-02   0.0000000000E+00 +-    0.0000000000E+00   
tni 2pipr-anticomm             1.00000000E-02   0.0000000000E+00 +-    0.0000000000E+00   
tni vd1pr                      1.00000000E-02   0.0000000000E+00 +-    0.0000000000E+00   
tni vepr                       1.00000000E-02   0.0000000000E+00 +-    0.0000000000E+00   
tni central                    1.00000000E-02   0.0000000000E+00 +-    0.0000000000E+00   
tni 2pixx-anticommutator       1.00000000E-02   0.0000000000E+00 +-    0.0000000000E+00   
tni 2pixd-anticommutator       1.00000000E-02   0.0000000000E+00 +-    0.0000000000E+00   
tni 2pidd-anticommutator       1.00000000E-02   0.0000000000E+00 +-    0.0000000000E+00   
tni 2pixx-commutator           1.00000000E-02   0.0000000000E+00 +-    0.0000000000E+00   
tni 2pixd-commutator           1.00000000E-02   0.0000000000E+00 +-    0.0000000000E+00   
tni 2pidd-commutator           1.00000000E-02   0.0000000000E+00 +-    0.0000000000E+00   
tni 2pi-tm                     1.00000000E-02   0.0000000000E+00 +-    0.0000000000E+00   
tni vd1                        1.00000000E-02   0.0000000000E+00 +-    0.0000000000E+00   
tni vd2                        1.00000000E-02   0.0000000000E+00 +-    0.0000000000E+00   
tni ve                         1.00000000E-02   0.0000000000E+00 +-    0.0000000000E+00   
vpottot v8+tni                 1.00000000E-02  -1.6139400212E+02 +-    1.0445549660E+00   
enetot v8+tni                  1.00000000E-02  -3.2279503074E+01 +-    3.9885951818E-01   
vper cent                      1.00000000E-02  -5.0364528207E+00 +-    6.3712099555E-01   
vper tau                       1.00000000E-02  -5.1884239248E+00 +-    3.5864119608E-01   
vper sigma                     1.00000000E-02  -8.9519612967E+00 +-    1.6805233882E-01   
vper sigtau                    1.00000000E-02  -6.4303692858E+01 +-    4.9721365717E-01   
vper tensor                    1.00000000E-02  -1.1808792368E+00 +-    2.0793633041E-01   
vper tenstau                   1.00000000E-02  -7.6732591982E+01 +-    8.0069108200E-01   
vper ls                        1.00000000E-02   0.0000000000E+00 +-    0.0000000000E+00   
vper lstau                     1.00000000E-02   0.0000000000E+00 +-    0.0000000000E+00   
vpotper v6                     1.00000000E-02  -1.6139400212E+02 +-    1.0445549660E+00   
vpotper v8                     1.00000000E-02  -1.6139400212E+02 +-    1.0445549660E+00   
vpotv6pr-vpotv6per diff        1.00000000E-02   0.0000000000E+00 +-    0.0000000000E+00   
vpotv8pr-vpotv8per diff        1.00000000E-02   0.0000000000E+00 +-    0.0000000000E+00   
2piapr-2pia diff               1.00000000E-02   0.0000000000E+00 +-    0.0000000000E+00   
vd1pr-vd1 diff                 1.00000000E-02   0.0000000000E+00 +-    0.0000000000E+00   
vepr-ve diff                   1.00000000E-02   0.0000000000E+00 +-    0.0000000000E+00   
diff1 2piapr-2pia-2picxx       1.00000000E-02   0.0000000000E+00 +-    0.0000000000E+00   
diff2 vd1pr-vd1-2picxd         1.00000000E-02   0.0000000000E+00 +-    0.0000000000E+00   
diff3 vepr-ve-2picdd           1.00000000E-02   0.0000000000E+00 +-    0.0000000000E+00   
sum diff1+dif2+diff3           1.00000000E-02   0.0000000000E+00 +-    0.0000000000E+00   
proton rms                     1.00000000E-02   1.8853509652E+00 +-    9.9876235507E-03   
neutron rms                    1.00000000E-02   1.9374877373E+00 +-    1.0125890716E-02   
total rms                      1.00000000E-02   1.9159103832E+00 +-    9.2857520114E-03   
neutron-proton rms             1.00000000E-02   5.2136772096E-02 +-    8.3093358024E-03   
GT sigXtau+                    1.00000000E-02   2.2366308706E-04 +-    2.3405529328E-05   
GT sigYtau+                    1.00000000E-02   1.1173723554E-04 +-    2.1913194301E-05   
GT sigZtau+                    1.00000000E-02   1.2264067801E-04 +-    2.4924827179E-05   
GT sigXtau-                    1.00000000E-02  -1.9061254812E-04 +-    2.1197089354E-05   
GT sigYtau-                    1.00000000E-02  -1.7208013149E-04 +-    2.3459576076E-05   
GT sigZtau-                    1.00000000E-02   7.3089228414E-05 +-    1.9381331778E-05   
F tau+                         1.00000000E-02   5.6164164259E-20 +-    3.9968474566E-20   
F tau-                         1.00000000E-02  -3.4510770807E-19 +-    4.4891378511E-20   
Psi**2                         1.00000000E-02   2.3342297619E-05 +-    2.7249782108E-07   
single crossing/step           1.00000000E-02   7.4397889240E-03 +-    4.1089444575E-05   
global crossing/step           1.00000000E-02   7.2797442944E-03 +-    8.1296721622E-05   
energy numerator(real)         1.00000000E-02  -1.0916061542E+01 +-    9.1244310802E-01   
denominator psit/psigi(real)   1.00000000E-02   3.2505952992E-01 +-    1.3204202637E-02   
energy numerator(aimag)        1.00000000E-02   1.0695495068E+00 +-    6.4651255534E-01   
denominator psit/psigi(aimag)  1.00000000E-02   5.0791555885E-02 +-    8.9641375941E-03   
growth(lin dt) energy          1.00000000E-02  -2.3319929491E+02 +-    5.5508395074E+00   
growth(global) energy          1.00000000E-02  -2.2585623565E+02 +-    1.1598709551E+01
growth energy                  1.00000000E-02  -2.3299108741E+02 +-    5.5325854815E+00
Time for propagation (sec) (min) =          21.825      0.364
Time for energies (sec) (min) =              0.793      0.013
Time for load balancing (sec) (min) =        0.029      0.000
Time for block (sec) (min) =                23.185      0.386
Time for operators (sec) (min) =             0.029      0.000
Elapsed block time (sec) (min) =            90.879      1.515
 
 walkers multiplicity, block, total
   0          50524         185874
   1        1003878        3940778
   2          50517         185133
   3            413           1162
   4             72            180
   5             21             68
   6              7             21
   7              7             14
   8              3              6
   9              1              5
  10              1              3
  12              2              2
  20              1              2
 
 

iteration =                               5
walker number =                       10872
total energy-propagated        1.25000000E-02  -2.3451192159E+01 +-    3.2492150830E-01   
kinetic energy                 1.25000000E-02   1.1577422946E+02 +-    1.2299551577E+00   
potential energy               1.25000000E-02  -1.3922542162E+02 +-    1.1359443293E+00   
im energy                      1.25000000E-02   3.6133238184E-01 +-    1.4558785056E-01   
imkin energy                   1.25000000E-02  -6.0147723194E+00 +-    2.1991468602E-01   
impot energy                   1.25000000E-02   6.3761047013E+00 +-    3.3929249263E-01   
v cent                         1.25000000E-02   2.4644773716E+01 +-    1.5334311457E+00   
v tau                          1.25000000E-02  -1.0827779344E+01 +-    2.2317371117E-01   
v sigma                        1.25000000E-02  -4.1604638085E+00 +-    2.8143930862E-01   
v sigtau                       1.25000000E-02  -5.5209252844E+01 +-    3.1437945541E-01   
v tensor                       1.25000000E-02   2.2935433547E+00 +-    1.2175227154E-01   
v tenstau                      1.25000000E-02  -9.5966242695E+01 +-    7.1061035029E-01   
v ls                           1.25000000E-02   0.0000000000E+00 +-    0.0000000000E+00   
v lstau                        1.25000000E-02   0.0000000000E+00 +-    0.0000000000E+00   
vpot v6                        1.25000000E-02  -1.3922542162E+02 +-    1.1359443293E+00   
vpot v8                        1.25000000E-02  -1.3922542162E+02 +-    1.1359443293E+00   
v coulomb                      1.25000000E-02   7.4112185099E-01 +-    4.6785867000E-03   
v external                     1.25000000E-02   0.0000000000E+00 +-    0.0000000000E+00   
tni 2pipr-anticomm             1.25000000E-02   0.0000000000E+00 +-    0.0000000000E+00   
tni vd1pr                      1.25000000E-02   0.0000000000E+00 +-    0.0000000000E+00   
tni vepr                       1.25000000E-02   0.0000000000E+00 +-    0.0000000000E+00   
tni central                    1.25000000E-02   0.0000000000E+00 +-    0.0000000000E+00   
tni 2pixx-anticommutator       1.25000000E-02   0.0000000000E+00 +-    0.0000000000E+00   
tni 2pixd-anticommutator       1.25000000E-02   0.0000000000E+00 +-    0.0000000000E+00   
tni 2pidd-anticommutator       1.25000000E-02   0.0000000000E+00 +-    0.0000000000E+00   
tni 2pixx-commutator           1.25000000E-02   0.0000000000E+00 +-    0.0000000000E+00   
tni 2pixd-commutator           1.25000000E-02   0.0000000000E+00 +-    0.0000000000E+00   
tni 2pidd-commutator           1.25000000E-02   0.0000000000E+00 +-    0.0000000000E+00   
tni 2pi-tm                     1.25000000E-02   0.0000000000E+00 +-    0.0000000000E+00   
tni vd1                        1.25000000E-02   0.0000000000E+00 +-    0.0000000000E+00   
tni vd2                        1.25000000E-02   0.0000000000E+00 +-    0.0000000000E+00   
tni ve                         1.25000000E-02   0.0000000000E+00 +-    0.0000000000E+00   
vpottot v8+tni                 1.25000000E-02  -1.3922542162E+02 +-    1.1359443293E+00   
enetot v8+tni                  1.25000000E-02  -2.3451192159E+01 +-    3.2492150830E-01   
vper cent                      1.25000000E-02   2.4644773716E+01 +-    1.5334311457E+00   
vper tau                       1.25000000E-02  -1.0827779344E+01 +-    2.2317371117E-01   
vper sigma                     1.25000000E-02  -4.1604638085E+00 +-    2.8143930862E-01   
vper sigtau                    1.25000000E-02  -5.5209252844E+01 +-    3.1437945541E-01   
vper tensor                    1.25000000E-02   2.2935433547E+00 +-    1.2175227154E-01   
vper tenstau                   1.25000000E-02  -9.5966242695E+01 +-    7.1061035029E-01   
vper ls                        1.25000000E-02   0.0000000000E+00 +-    0.0000000000E+00   
vper lstau                     1.25000000E-02   0.0000000000E+00 +-    0.0000000000E+00   
vpotper v6                     1.25000000E-02  -1.3922542162E+02 +-    1.1359443293E+00   
vpotper v8                     1.25000000E-02  -1.3922542162E+02 +-    1.1359443293E+00   
vpotv6pr-vpotv6per diff        1.25000000E-02   0.0000000000E+00 +-    0.0000000000E+00   
vpotv8pr-vpotv8per diff        1.25000000E-02   0.0000000000E+00 +-    0.0000000000E+00   
2piapr-2pia diff               1.25000000E-02   0.0000000000E+00 +-    0.0000000000E+00   
vd1pr-vd1 diff                 1.25000000E-02   0.0000000000E+00 +-    0.0000000000E+00   
vepr-ve diff                   1.25000000E-02   0.0000000000E+00 +-    0.0000000000E+00   
diff1 2piapr-2pia-2picxx       1.25000000E-02   0.0000000000E+00 +-    0.0000000000E+00   
diff2 vd1pr-vd1-2picxd         1.25000000E-02   0.0000000000E+00 +-    0.0000000000E+00   
diff3 vepr-ve-2picdd           1.25000000E-02   0.0000000000E+00 +-    0.0000000000E+00   
sum diff1+dif2+diff3           1.25000000E-02   0.0000000000E+00 +-    0.0000000000E+00   
proton rms                     1.25000000E-02   1.9538408986E+00 +-    1.0586242221E-02   
neutron rms                    1.25000000E-02   1.9235289701E+00 +-    1.2548848694E-02   
total rms                      1.25000000E-02   1.9419555129E+00 +-    1.0180686424E-02   
neutron-proton rms             1.25000000E-02  -3.0311928523E-02 +-    1.0613885683E-02   
GT sigXtau+                    1.25000000E-02  -1.8351243068E-04 +-    2.1523393616E-05   
GT sigYtau+                    1.25000000E-02   3.4774874085E-05 +-    2.5335373492E-05   
GT sigZtau+                    1.25000000E-02   2.5774355924E-04 +-    2.4651380330E-05   
GT sigXtau-                    1.25000000E-02  -2.6068472699E-04 +-    1.1811176405E-05   
GT sigYtau-                    1.25000000E-02   1.8963700555E-04 +-    2.4724573586E-05   
GT sigZtau-                    1.25000000E-02   2.4438336857E-04 +-    2.1349540223E-05   
F tau+                         1.25000000E-02   5.0957098920E-19 +-    3.4498545654E-20   
F tau-                         1.25000000E-02  -7.3521469725E-20 +-    3.2290451566E-20   
Psi**2                         1.25000000E-02   2.7383060789E-05 +-    6.2764495952E-07   
single crossing/step           1.25000000E-02   7.4947156718E-03 +-    4.1082242379E-05   
global crossing/step           1.25000000E-02   7.3540422728E-03 +-    8.1395499323E-05   
energy numerator(real)         1.25000000E-02  -5.2337374045E+00 +-    9.4159360984E-01   
denominator psit/psigi(real)   1.25000000E-02   2.2363028003E-01 +-    1.3492077350E-02   
energy numerator(aimag)        1.25000000E-02   5.0173810217E-01 +-    5.8891291827E-01   
denominator psit/psigi(aimag)  1.25000000E-02  -7.1212114461E-03 +-    9.0157479229E-03   
growth(lin dt) energy          1.25000000E-02  -2.3842309149E+02 +-    5.5842507288E+00   
growth(global) energy          1.25000000E-02  -2.2936037167E+02 +-    1.2480060815E+01
growth energy                  1.25000000E-02  -2.3819772666E+02 +-    5.5651601215E+00
Time for propagation (sec) (min) =          21.998      0.367
Time for energies (sec) (min) =              0.762      0.013
Time for load balancing (sec) (min) =        0.028      0.000
Time for block (sec) (min) =                23.377      0.390
Time for operators (sec) (min) =             0.024      0.000
Elapsed block time (sec) (min) =           114.280      1.905
 
 walkers multiplicity, block, total
   0          53800         239674
   1        1019418        4960196
   2          52186         237319
   3            378           1540
   4             62            242
   5             23             91
   6              3             24
   7              6             20
   8              1              7
   9              1              6
  10              2              5
  11              2              2
  12              0              2
  14              1              1
  19              1              1
  20              0              2
 
 

iteration =                               6
walker number =                       10721
total energy-propagated        1.50000000E-02  -3.0798412366E+01 +-    7.5397340201E-01   
kinetic energy                 1.50000000E-02   3.8641235737E+01 +-    1.6269348503E+00   
potential energy               1.50000000E-02  -6.9439648103E+01 +-    1.8653239981E+00   
im energy                      1.50000000E-02  -1.6384596151E+00 +-    3.6837235189E-01   
imkin energy                   1.50000000E-02  -8.9975591610E+00 +-    3.1136755531E-01   
impot energy                   1.50000000E-02   7.3590995459E+00 +-    5.4726954325E-01   
v cent                         1.50000000E-02   3.1465677868E+01 +-    2.0332457082E+00   
v tau                          1.50000000E-02  -5.2467532141E+00 +-    5.6855000020E-01   
v sigma                        1.50000000E-02  -2.5892811002E+01 +-    3.1431352463E-01   
v sigtau                       1.50000000E-02  -6.9132807880E+01 +-    5.5271357004E-01   
v tensor                       1.50000000E-02  -2.7924741840E+00 +-    1.9796038971E-01   
v tenstau                      1.50000000E-02   2.1595203098E+00 +-    1.0140512900E+00   
v ls                           1.50000000E-02   0.0000000000E+00 +-    0.0000000000E+00   
v lstau                        1.50000000E-02   0.0000000000E+00 +-    0.0000000000E+00   
vpot v6                        1.50000000E-02  -6.9439648103E+01 +-    1.8653239981E+00   
vpot v8                        1.50000000E-02  -6.9439648103E+01 +-    1.8653239981E+00   
v coulomb                      1.50000000E-02   7.9652676393E-01 +-    3.0739992989E-03   
v external                     1.50000000E-02   0.0000000000E+00 +-    0.0000000000E+00   
tni 2pipr-anticomm             1.50000000E-02   0.0000000000E+00 +-    0.0000000000E+00   
tni vd1pr                      1.50000000E-02   0.0000000000E+00 +-    0.0000000000E+00   
tni vepr                       1.50000000E-02   0.0000000000E+00 +-    0.0000000000E+00   
tni central                    1.50000000E-02   0.0000000000E+00 +-    0.0000000000E+00   
tni 2pixx-anticommutator       1.50000000E-02   0.0000000000E+00 +-    0.0000000000E+00   
tni 2pixd-anticommutator       1.50000000E-02   0.0000000000E+00 +-    0.0000000000E+00   
tni 2pidd-anticommutator       1.50000000E-02   0.0000000000E+00 +-    0.0000000000E+00   
tni 2pixx-commutator           1.50000000E-02   0.0000000000E+00 +-    0.0000000000E+00   
tni 2pixd-commutator           1.50000000E-02   0.0000000000E+00 +-    0.0000000000E+00   
tni 2pidd-commutator           1.50000000E-02   0.0000000000E+00 +-    0.0000000000E+00   
tni 2pi-tm                     1.50000000E-02   0.0000000000E+00 +-    0.0000000000E+00   
tni vd1                        1.50000000E-02   0.0000000000E+00 +-    0.0000000000E+00   
tni vd2                        1.50000000E-02   0.0000000000E+00 +-    0.0000000000E+00   
tni ve                         1.50000000E-02   0.0000000000E+00 +-    0.0000000000E+00   
vpottot v8+tni                 1.50000000E-02  -6.9439648103E+01 +-    1.8653239981E+00   
enetot v8+tni                  1.50000000E-02  -3.0798412366E+01 +-    7.5397340201E-01   
vper cent                      1.50000000E-02   3.1465677868E+01 +-    2.0332457082E+00   
vper tau                       1.50000000E-02  -5.2467532141E+00 +-    5.6855000020E-01   
vper sigma                     1.50000000E-02  -2.5892811002E+01 +-    3.1431352463E-01   
vper sigtau                    1.50000000E-02  -6.9132807880E+01 +-    5.5271357004E-01   
vper tensor                    1.50000000E-02  -2.7924741840E+00 +-    1.9796038971E-01   
vper tenstau                   1.50000000E-02   2.1595203098E+00 +-    1.0140512900E+00   
vper ls                        1.50000000E-02   0.0000000000E+00 +-    0.0000000000E+00   
vper lstau                     1.50000000E-02   0.0000000000E+00 +-    0.0000000000E+00   
vpotper v6                     1.50000000E-02  -6.9439648103E+01 +-    1.8653239981E+00   
vpotper v8                     1.50000000E-02  -6.9439648103E+01 +-    1.8653239981E+00   
vpotv6pr-vpotv6per diff        1.50000000E-02   0.0000000000E+00 +-    0.0000000000E+00   
vpotv8pr-vpotv8per diff        1.50000000E-02   0.0000000000E+00 +-    0.0000000000E+00   
2piapr-2pia diff               1.50000000E-02   0.0000000000E+00 +-    0.0000000000E+00   
vd1pr-vd1 diff                 1.50000000E-02   0.0000000000E+00 +-    0.0000000000E+00   
vepr-ve diff                   1.50000000E-02   0.0000000000E+00 +-    0.0000000000E+00   
diff1 2piapr-2pia-2picxx       1.50000000E-02   0.0000000000E+00 +-    0.0000000000E+00   
diff2 vd1pr-vd1-2picxd         1.50000000E-02   0.0000000000E+00 +-    0.0000000000E+00   
diff3 vepr-ve-2picdd           1.50000000E-02   0.0000000000E+00 +-    0.0000000000E+00   
sum diff1+dif2+diff3           1.50000000E-02   0.0000000000E+00 +-    0.0000000000E+00   
proton rms                     1.50000000E-02   1.9087141220E+00 +-    1.0875353873E-02   
neutron rms                    1.50000000E-02   1.8912117185E+00 +-    1.1354299961E-02   
total rms                      1.50000000E-02   1.9030571917E+00 +-    1.0518579704E-02   
neutron-proton rms             1.50000000E-02  -1.7502403446E-02 +-    8.3402548877E-03   
GT sigXtau+                    1.50000000E-02  -5.0529102633E-04 +-    1.6070493316E-05   
GT sigYtau+                    1.50000000E-02   7.4687045777E-04 +-    3.7375255784E-05   
GT sigZtau+                    1.50000000E-02  -8.7627803779E-04 +-    2.8156161649E-05   
GT sigXtau-                    1.50000000E-02  -9.7398161550E-04 +-    1.7432892593E-05   
GT sigYtau-                    1.50000000E-02   1.6213896053E-05 +-    3.3393747535E-05   
GT sigZtau-                    1.50000000E-02  -2.3241692336E-04 +-    2.8009067224E-05   
F tau+                         1.50000000E-02   4.9050522297E-19 +-    3.4851318471E-20   
F tau-                         1.50000000E-02   1.6747890688E-19 +-    4.7505378313E-20   
Psi**2                         1.50000000E-02   3.4762782623E-05 +-    1.2803150622E-06   
single crossing/step           1.50000000E-02   7.7323674252E-03 +-    4.1929119652E-05   
global crossing/step           1.50000000E-02   7.6063435384E-03 +-    8.3177343104E-05   
energy numerator(real)         1.50000000E-02  -3.1555435910E+00 +-    9.1118281021E-01   
denominator psit/psigi(real)   1.50000000E-02   1.0424077517E-01 +-    1.3654004487E-02   
energy numerator(aimag)        1.50000000E-02   1.9665976740E+00 +-    6.3142438118E-01   
denominator psit/psigi(aimag)  1.50000000E-02  -3.0566940239E-03 +-    9.1610327429E-03   
growth(lin dt) energy          1.50000000E-02  -2.5373682449E+02 +-    5.7281225961E+00   
growth(global) energy          1.50000000E-02  -2.4740491620E+02 +-    1.2800088198E+01
growth energy                  1.50000000E-02  -2.5345725801E+02 +-    5.7063527438E+00
Time for propagation (sec) (min) =          21.791      0.363
Time for energies (sec) (min) =              0.752      0.013
Time for load balancing (sec) (min) =        0.033      0.001
Time for block (sec) (min) =                23.099      0.385
Time for operators (sec) (min) =             0.031      0.001
Elapsed block time (sec) (min) =           137.418      2.290
 
 walkers multiplicity, block, total
   0          54537         294211
   1        1006912        5967108
   2          53209         290528
   3            395           1935
   4             65            307
   5             12            103
   6              7             31
   7              4             24
   8              2              9
   9              2              8
  10              1              6
  11              0              2
  12              3              5
  14              1              2
  19              0              1
  20              0              2
 
 

iteration =                               7
walker number =                       11198
total energy-propagated        1.75000000E-02   1.0665697743E+01 +-    8.0514076168E-01   
kinetic energy                 1.75000000E-02   2.0990191648E+02 +-    1.5363404777E+00   
potential energy               1.75000000E-02  -1.9923621874E+02 +-    1.8048741404E+00   
im energy                      1.75000000E-02  -1.0145598142E+01 +-    6.0071354829E-01   
imkin energy                   1.75000000E-02  -1.3337854379E+01 +-    8.2109959782E-01   
impot energy                   1.75000000E-02   3.1922562367E+00 +-    7.9092103368E-01   
v cent                         1.75000000E-02  -1.8946192611E+01 +-    1.9849505531E+00   
v tau                          1.75000000E-02  -1.3718569728E+01 +-    4.2944628509E-01   
v sigma                        1.75000000E-02  -7.2325672788E+00 +-    5.8595556406E-01   
v sigtau                       1.75000000E-02  -6.6345274075E+01 +-    7.1438842199E-01   
v tensor                       1.75000000E-02  -2.8824620302E+00 +-    2.2289170006E-01   
v tenstau                      1.75000000E-02  -9.0111153016E+01 +-    1.5008041721E+00   
v ls                           1.75000000E-02   0.0000000000E+00 +-    0.0000000000E+00   
v lstau                        1.75000000E-02   0.0000000000E+00 +-    0.0000000000E+00   
vpot v6                        1.75000000E-02  -1.9923621874E+02 +-    1.8048741404E+00   
vpot v8                        1.75000000E-02  -1.9923621874E+02 +-    1.8048741404E+00   
v coulomb                      1.75000000E-02   7.4232823571E-01 +-    4.1502522498E-03   
v external                     1.75000000E-02   0.0000000000E+00 +-    0.0000000000E+00   
tni 2pipr-anticomm             1.75000000E-02   0.0000000000E+00 +-    0.0000000000E+00   
tni vd1pr                      1.75000000E-02   0.0000000000E+00 +-    0.0000000000E+00   
tni vepr                       1.75000000E-02   0.0000000000E+00 +-    0.0000000000E+00   
tni central                    1.75000000E-02   0.0000000000E+00 +-    0.0000000000E+00   
tni 2pixx-anticommutator       1.75000000E-02   0.0000000000E+00 +-    0.0000000000E+00   
tni 2pixd-anticommutator       1.75000000E-02   0.0000000000E+00 +-    0.0000000000E+00   
tni 2pidd-anticommutator       1.75000000E-02   0.0000000000E+00 +-    0.0000000000E+00   
tni 2pixx-commutator           1.75000000E-02   0.0000000000E+00 +-    0.0000000000E+00   
tni 2pixd-commutator           1.75000000E-02   0.0000000000E+00 +-    0.0000000000E+00   
tni 2pidd-commutator           1.75000000E-02   0.0000000000E+00 +-    0.0000000000E+00   
tni 2pi-tm                     1.75000000E-02   0.0000000000E+00 +-    0.0000000000E+00   
tni vd1                        1.75000000E-02   0.0000000000E+00 +-    0.0000000000E+00   
tni vd2                        1.75000000E-02   0.0000000000E+00 +-    0.0000000000E+00   
tni ve                         1.75000000E-02   0.0000000000E+00 +-    0.0000000000E+00   
vpottot v8+tni                 1.75000000E-02  -1.9923621874E+02 +-    1.8048741404E+00   
enetot v8+tni                  1.75000000E-02   1.0665697743E+01 +-    8.0514076168E-01   
vper cent                      1.75000000E-02  -1.8946192611E+01 +-    1.9849505531E+00   
vper tau                       1.75000000E-02  -1.3718569728E+01 +-    4.2944628509E-01   
vper sigma                     1.75000000E-02  -7.2325672788E+00 +-    5.8595556406E-01   
vper sigtau                    1.75000000E-02  -6.6345274075E+01 +-    7.1438842199E-01   
vper tensor                    1.75000000E-02  -2.8824620302E+00 +-    2.2289170006E-01   
vper tenstau                   1.75000000E-02  -9.0111153016E+01 +-    1.5008041721E+00   
vper ls                        1.75000000E-02   0.0000000000E+00 +-    0.0000000000E+00   
vper lstau                     1.75000000E-02   0.0000000000E+00 +-    0.0000000000E+00   
vpotper v6                     1.75000000E-02  -1.9923621874E+02 +-    1.8048741404E+00   
vpotper v8                     1.75000000E-02  -1.9923621874E+02 +-    1.8048741404E+00   
vpotv6pr-vpotv6per diff        1.75000000E-02   0.0000000000E+00 +-    0.0000000000E+00   
vpotv8pr-vpotv8per diff        1.75000000E-02   0.0000000000E+00 +-    0.0000000000E+00   
2piapr-2pia diff               1.75000000E-02   0.0000000000E+00 +-    0.0000000000E+00   
vd1pr-vd1 diff                 1.75000000E-02   0.0000000000E+00 +-    0.0000000000E+00   
vepr-ve diff                   1.75000000E-02   0.0000000000E+00 +-    0.0000000000E+00   
diff1 2piapr-2pia-2picxx       1.75000000E-02   0.0000000000E+00 +-    0.0000000000E+00   
diff2 vd1pr-vd1-2picxd         1.75000000E-02   0.0000000000E+00 +-    0.0000000000E+00   
diff3 vepr-ve-2picdd           1.75000000E-02   0.0000000000E+00 +-    0.0000000000E+00   
sum diff1+dif2+diff3           1.75000000E-02   0.0000000000E+00 +-    0.0000000000E+00   
proton rms                     1.75000000E-02   1.7187082725E+00 +-    1.1900125848E-02   
neutron rms                    1.75000000E-02   1.5631584756E+00 +-    1.1145678501E-02   
total rms                      1.75000000E-02   1.6260761431E+00 +-    9.9131956469E-03   
neutron-proton rms             1.75000000E-02  -1.5554979686E-01 +-    1.1132841112E-02   
GT sigXtau+                    1.75000000E-02   3.6485486763E-04 +-    3.4945558370E-05   
GT sigYtau+                    1.75000000E-02  -2.1132239022E-03 +-    2.3239080097E-05   
GT sigZtau+                    1.75000000E-02  -7.1579370703E-04 +-    3.4128739569E-05   
GT sigXtau-                    1.75000000E-02  -8.2639726145E-04 +-    2.9942312354E-05   
GT sigYtau-                    1.75000000E-02   1.6984709038E-03 +-    2.1013997616E-05   
GT sigZtau-                    1.75000000E-02   1.8717087354E-04 +-    2.6718744919E-05   
F tau+                         1.75000000E-02   1.0186186560E-19 +-    6.5312808431E-20   
F tau-                         1.75000000E-02   1.9239402546E-19 +-    4.6062256073E-20   
Psi**2                         1.75000000E-02   3.2885197522E-05 +-    8.5055262015E-07   
single crossing/step           1.75000000E-02   8.1458162241E-03 +-    4.2931470033E-05   
global crossing/step           1.75000000E-02   7.9788301852E-03 +-    8.4985457681E-05   
energy numerator(real)         1.75000000E-02  -2.6456950554E-01 +-    9.5307961760E-01   
denominator psit/psigi(real)   1.75000000E-02   6.9010872695E-02 +-    1.3605288634E-02   
energy numerator(aimag)        1.75000000E-02  -1.8259687284E+00 +-    6.8473250357E-01   
denominator psit/psigi(aimag)  1.75000000E-02  -5.6393716057E-02 +-    9.1840231440E-03   
growth(lin dt) energy          1.75000000E-02  -2.6519840529E+02 +-    5.8474265255E+00   
growth(global) energy          1.75000000E-02  -2.7062467834E+02 +-    1.1960562082E+01
growth energy                  1.75000000E-02  -2.6487446374E+02 +-    5.8235322745E+00
Time for propagation (sec) (min) =          21.894      0.365
Time for energies (sec) (min) =              0.785      0.013
Time for load balancing (sec) (min) =        0.029      0.000
Time for block (sec) (min) =                23.265      0.388
Time for operators (sec) (min) =             0.023      0.000
Elapsed block time (sec) (min) =           160.706      2.678
 
 walkers multiplicity, block, total
   0          55336         349547
   1        1009675        6976783
   2          54421         344949
   3            430           2365
   4             87            394
   5             26            129
   6              8             39
   7              5             29
   8              3             12
   9              2             10
  10              2              8
  11              0              2
  12              1              6
  14              1              3
  19              1              2
  20              0              2
 
 

iteration =                               8
walker number =                       11195
total energy-propagated        2.00000000E-02  -2.3572628528E+01 +-    9.7217693874E-01   
kinetic energy                 2.00000000E-02   2.1603583241E+02 +-    2.5901580923E+00   
potential energy               2.00000000E-02  -2.3960846094E+02 +-    3.2767393960E+00   
im energy                      2.00000000E-02  -6.7931732968E+00 +-    6.4059341019E-01   
imkin energy                   2.00000000E-02  -1.3873852020E+01 +-    1.2862103226E+00   
impot energy                   2.00000000E-02   7.0806787235E+00 +-    1.9204797213E+00   
v cent                         2.00000000E-02   2.7038005783E+01 +-    2.2134203428E+00   
v tau                          2.00000000E-02  -6.4778226530E+00 +-    4.7004735115E-01   
v sigma                        2.00000000E-02   7.0889868677E-02 +-    4.4346959947E-01   
v sigtau                       2.00000000E-02  -7.6971925564E+01 +-    8.3030737015E-01   
v tensor                       2.00000000E-02  -2.8923324512E-01 +-    5.8672868986E-01   
v tenstau                      2.00000000E-02  -1.8297837513E+02 +-    3.5419988370E+00   
v ls                           2.00000000E-02   0.0000000000E+00 +-    0.0000000000E+00   
v lstau                        2.00000000E-02   0.0000000000E+00 +-    0.0000000000E+00   
vpot v6                        2.00000000E-02  -2.3960846094E+02 +-    3.2767393960E+00   
vpot v8                        2.00000000E-02  -2.3960846094E+02 +-    3.2767393960E+00   
v coulomb                      2.00000000E-02   8.3125972633E-01 +-    3.1534402542E-03   
v external                     2.00000000E-02   0.0000000000E+00 +-    0.0000000000E+00   
tni 2pipr-anticomm             2.00000000E-02   0.0000000000E+00 +-    0.0000000000E+00   
tni vd1pr                      2.00000000E-02   0.0000000000E+00 +-    0.0000000000E+00   
tni vepr                       2.00000000E-02   0.0000000000E+00 +-    0.0000000000E+00   
tni central                    2.00000000E-02   0.0000000000E+00 +-    0.0000000000E+00   
tni 2pixx-anticommutator       2.00000000E-02   0.0000000000E+00 +-    0.0000000000E+00   
tni 2pixd-anticommutator       2.00000000E-02   0.0000000000E+00 +-    0.0000000000E+00   
tni 2pidd-anticommutator       2.00000000E-02   0.0000000000E+00 +-    0.0000000000E+00   
tni 2pixx-commutator           2.00000000E-02   0.0000000000E+00 +-    0.0000000000E+00   
tni 2pixd-commutator           2.00000000E-02   0.0000000000E+00 +-    0.0000000000E+00   
tni 2pidd-commutator           2.00000000E-02   0.0000000000E+00 +-    0.0000000000E+00   
tni 2pi-tm                     2.00000000E-02   0.0000000000E+00 +-    0.0000000000E+00   
tni vd1                        2.00000000E-02   0.0000000000E+00 +-    0.0000000000E+00   
tni vd2                        2.00000000E-02   0.0000000000E+00 +-    0.0000000000E+00   
tni ve                         2.00000000E-02   0.0000000000E+00 +-    0.0000000000E+00   
vpottot v8+tni                 2.00000000E-02  -2.3960846094E+02 +-    3.2767393960E+00   
enetot v8+tni                  2.00000000E-02  -2.3572628528E+01 +-    9.7217693874E-01   
vper cent                      2.00000000E-02   2.7038005783E+01 +-    2.2134203428E+00   
vper tau                       2.00000000E-02  -6.4778226530E+00 +-    4.7004735115E-01   
vper sigma                     2.00000000E-02   7.0889868677E-02 +-    4.4346959947E-01   
vper sigtau                    2.00000000E-02  -7.6971925564E+01 +-    8.3030737015E-01   
vper tensor                    2.00000000E-02  -2.8923324512E-01 +-    5.8672868986E-01   
vper tenstau                   2.00000000E-02  -1.8297837513E+02 +-    3.5419988370E+00   
vper ls                        2.00000000E-02   0.0000000000E+00 +-    0.0000000000E+00   
vper lstau                     2.00000000E-02   0.0000000000E+00 +-    0.0000000000E+00   
vpotper v6                     2.00000000E-02  -2.3960846094E+02 +-    3.2767393960E+00   
vpotper v8                     2.00000000E-02  -2.3960846094E+02 +-    3.2767393960E+00   
vpotv6pr-vpotv6per diff        2.00000000E-02   0.0000000000E+00 +-    0.0000000000E+00   
vpotv8pr-vpotv8per diff        2.00000000E-02   0.0000000000E+00 +-    0.0000000000E+00   
2piapr-2pia diff               2.00000000E-02   0.0000000000E+00 +-    0.0000000000E+00   
vd1pr-vd1 diff                 2.00000000E-02   0.0000000000E+00 +-    0.0000000000E+00   
vepr-ve diff                   2.00000000E-02   0.0000000000E+00 +-    0.0000000000E+00   
diff1 2piapr-2pia-2picxx       2.00000000E-02   0.0000000000E+00 +-    0.0000000000E+00   
diff2 vd1pr-vd1-2picxd         2.00000000E-02   0.0000000000E+00 +-    0.0000000000E+00   
diff3 vepr-ve-2picdd           2.00000000E-02   0.0000000000E+00 +-    0.0000000000E+00   
sum diff1+dif2+diff3           2.00000000E-02   0.0000000000E+00 +-    0.0000000000E+00   
proton rms                     2.00000000E-02   1.7606606170E+00 +-    1.2018198387E-02   
neutron rms                    2.00000000E-02   1.8443458206E+00 +-    1.3369835914E-02   
total rms                      2.00000000E-02   1.8071546988E+00 +-    1.1170033752E-02   
neutron-proton rms             2.00000000E-02   8.3685203521E-02 +-    1.2510785997E-02   
GT sigXtau+                    2.00000000E-02   1.4767041322E-03 +-    3.5906870212E-05   
GT sigYtau+                    2.00000000E-02   1.0316882530E-03 +-    4.0978987651E-05   
GT sigZtau+                    2.00000000E-02  -5.2848674644E-04 +-    3.5750990143E-05   
GT sigXtau-                    2.00000000E-02  -1.8030487271E-03 +-    3.7709977443E-05   
GT sigYtau-                    2.00000000E-02  -1.3046014241E-03 +-    2.9408810011E-05   
GT sigZtau-                    2.00000000E-02  -6.0731106574E-04 +-    4.8331130642E-05   
F tau+                         2.00000000E-02   6.2209000154E-19 +-    4.6903970494E-20   
F tau-                         2.00000000E-02  -2.8813727538E-19 +-    5.5847401801E-20   
Psi**2                         2.00000000E-02   7.8239350253E-05 +-    1.4251608185E-06   
single crossing/step           2.00000000E-02   8.0979308373E-03 +-    4.2758030817E-05   
global crossing/step           2.00000000E-02   7.8735067605E-03 +-    8.4332288875E-05   
energy numerator(real)         2.00000000E-02  -1.6345777252E+00 +-    9.5851548750E-01   
denominator psit/psigi(real)   2.00000000E-02   6.6696940745E-02 +-    1.3610904646E-02   
energy numerator(aimag)        2.00000000E-02  -1.7799805581E+00 +-    6.7335461314E-01   
denominator psit/psigi(aimag)  2.00000000E-02  -2.2683565963E-03 +-    9.1755161169E-03   
growth(lin dt) energy          2.00000000E-02  -2.5846054076E+02 +-    5.7555196593E+00   
growth(global) energy          2.00000000E-02  -2.5408992162E+02 +-    1.1738663838E+01
growth energy                  2.00000000E-02  -2.5816308054E+02 +-    5.7329692781E+00
Time for propagation (sec) (min) =          21.942      0.366
Time for energies (sec) (min) =              0.785      0.013
Time for load balancing (sec) (min) =        0.031      0.001
Time for block (sec) (min) =                23.288      0.388
Time for operators (sec) (min) =             0.023      0.000
Elapsed block time (sec) (min) =           184.016      3.067
 
 walkers multiplicity, block, total
   0          55626         405173
   1        1011974        7988757
   2          54327         399276
   3            428           2793
   4             64            458
   5             27            156
   6              9             48
   7              5             34
   8              2             14
   9              2             12
  10              1              9
  11              0              2
  12              0              6
  13              1              1
  14              0              3
  15              1              1
  19              0              2
  20              0              2
 
 

iteration =                               9
walker number =                       10959
total energy-propagated        2.25000000E-02  -2.0338808293E+01 +-    7.8216419607E-01   
kinetic energy                 2.25000000E-02   1.4566973528E+02 +-    2.8387757053E+00   
potential energy               2.25000000E-02  -1.6600854357E+02 +-    2.9516058525E+00   
im energy                      2.25000000E-02   4.2208202867E+00 +-    7.7979577265E-01   
imkin energy                   2.25000000E-02  -1.4565015125E+00 +-    3.3483194990E-01   
impot energy                   2.25000000E-02   5.6773217992E+00 +-    9.2231945678E-01   
v cent                         2.25000000E-02   8.9159431019E+01 +-    2.9326078033E+00   
v tau                          2.25000000E-02  -4.6301140128E+01 +-    5.3598268265E-01   
v sigma                        2.25000000E-02   2.3093593604E+01 +-    4.4297807927E-01   
v sigtau                       2.25000000E-02  -5.6639804272E+01 +-    7.2951144718E-01   
v tensor                       2.25000000E-02   1.6649396666E+00 +-    4.6371308199E-01   
v tenstau                      2.25000000E-02  -1.7698556346E+02 +-    2.1715058949E+00   
v ls                           2.25000000E-02   0.0000000000E+00 +-    0.0000000000E+00   
v lstau                        2.25000000E-02   0.0000000000E+00 +-    0.0000000000E+00   
vpot v6                        2.25000000E-02  -1.6600854357E+02 +-    2.9516058525E+00   
vpot v8                        2.25000000E-02  -1.6600854357E+02 +-    2.9516058525E+00   
v coulomb                      2.25000000E-02   7.2761507736E-01 +-    4.7525342452E-03   
v external                     2.25000000E-02   0.0000000000E+00 +-    0.0000000000E+00   
tni 2pipr-anticomm             2.25000000E-02   0.0000000000E+00 +-    0.0000000000E+00   
tni vd1pr                      2.25000000E-02   0.0000000000E+00 +-    0.0000000000E+00   
tni vepr                       2.25000000E-02   0.0000000000E+00 +-    0.0000000000E+00   
tni central                    2.25000000E-02   0.0000000000E+00 +-    0.0000000000E+00   
tni 2pixx-anticommutator       2.25000000E-02   0.0000000000E+00 +-    0.0000000000E+00   
tni 2pixd-anticommutator       2.25000000E-02   0.0000000000E+00 +-    0.0000000000E+00   
tni 2pidd-anticommutator       2.25000000E-02   0.0000000000E+00 +-    0.0000000000E+00   
tni 2pixx-commutator           2.25000000E-02   0.0000000000E+00 +-    0.0000000000E+00   
tni 2pixd-commutator           2.25000000E-02   0.0000000000E+00 +-    0.0000000000E+00   
tni 2pidd-commutator           2.25000000E-02   0.0000000000E+00 +-    0.0000000000E+00   
tni 2pi-tm                     2.25000000E-02   0.0000000000E+00 +-    0.0000000000E+00   
tni vd1                        2.25000000E-02   0.0000000000E+00 +-    0.0000000000E+00   
tni vd2                        2.25000000E-02   0.0000000000E+00 +-    0.0000000000E+00   
tni ve                         2.25000000E-02   0.0000000000E+00 +-    0.0000000000E+00   
vpottot v8+tni                 2.25000000E-02  -1.6600854357E+02 +-    2.9516058525E+00   
enetot v8+tni                  2.25000000E-02  -2.0338808293E+01 +-    7.8216419607E-01   
vper cent                      2.25000000E-02   8.9159431019E+01 +-    2.9326078033E+00   
vper tau                       2.25000000E-02  -4.6301140128E+01 +-    5.3598268265E-01   
vper sigma                     2.25000000E-02   2.3093593604E+01 +-    4.4297807927E-01   
vper sigtau                    2.25000000E-02  -5.6639804272E+01 +-    7.2951144718E-01   
vper tensor                    2.25000000E-02   1.6649396666E+00 +-    4.6371308199E-01   
vper tenstau                   2.25000000E-02  -1.7698556346E+02 +-    2.1715058949E+00   
vper ls                        2.25000000E-02   0.0000000000E+00 +-    0.0000000000E+00   
vper lstau                     2.25000000E-02   0.0000000000E+00 +-    0.0000000000E+00   
vpotper v6                     2.25000000E-02  -1.6600854357E+02 +-    2.9516058525E+00   
vpotper v8                     2.25000000E-02  -1.6600854357E+02 +-    2.9516058525E+00   
vpotv6pr-vpotv6per diff        2.25000000E-02   0.0000000000E+00 +-    0.0000000000E+00   
vpotv8pr-vpotv8per diff        2.25000000E-02   0.0000000000E+00 +-    0.0000000000E+00   
2piapr-2pia diff               2.25000000E-02   0.0000000000E+00 +-    0.0000000000E+00   
vd1pr-vd1 diff                 2.25000000E-02   0.0000000000E+00 +-    0.0000000000E+00   
vepr-ve diff                   2.25000000E-02   0.0000000000E+00 +-    0.0000000000E+00   
diff1 2piapr-2pia-2picxx       2.25000000E-02   0.0000000000E+00 +-    0.0000000000E+00   
diff2 vd1pr-vd1-2picxd         2.25000000E-02   0.0000000000E+00 +-    0.0000000000E+00   
diff3 vepr-ve-2picdd           2.25000000E-02   0.0000000000E+00 +-    0.0000000000E+00   
sum diff1+dif2+diff3           2.25000000E-02   0.0000000000E+00 +-    0.0000000000E+00   
proton rms                     2.25000000E-02   1.8650291118E+00 +-    1.2815040819E-02   
neutron rms                    2.25000000E-02   2.5019909222E+00 +-    1.9149611654E-02   
total rms                      2.25000000E-02   2.1747553189E+00 +-    1.3397236887E-02   
neutron-proton rms             2.25000000E-02   6.3696181043E-01 +-    1.8733719022E-02   
GT sigXtau+                    2.25000000E-02   6.3853342733E-04 +-    5.4910178194E-05   
GT sigYtau+                    2.25000000E-02   2.5817647517E-03 +-    3.9064635690E-05   
GT sigZtau+                    2.25000000E-02  -1.5880086897E-03 +-    3.6412151532E-05   
GT sigXtau-                    2.25000000E-02   1.1554048161E-03 +-    3.7217421668E-05   
GT sigYtau-                    2.25000000E-02  -1.4509349424E-04 +-    3.5409260853E-05   
GT sigZtau-                    2.25000000E-02   1.4144988113E-03 +-    4.5725549630E-05   
F tau+                         2.25000000E-02   1.0163834245E-18 +-    2.7453500629E-19   
F tau-                         2.25000000E-02  -8.3754866653E-19 +-    1.1684530497E-19   
Psi**2                         2.25000000E-02   6.0293316554E-06 +-    1.6932868860E-06   
single crossing/step           2.25000000E-02   7.4300978803E-03 +-    4.1041167256E-05   
global crossing/step           2.25000000E-02   7.3049382333E-03 +-    8.1393193043E-05   
energy numerator(real)         2.25000000E-02  -6.7818001518E-01 +-    9.2517672373E-01   
denominator psit/psigi(real)   2.25000000E-02   2.8646776320E-02 +-    1.3449988742E-02   
energy numerator(aimag)        2.25000000E-02  -5.5315824229E-01 +-    6.1620206143E-01   
denominator psit/psigi(aimag)  2.25000000E-02   3.1472758976E-02 +-    8.9414455628E-03   
growth(lin dt) energy          2.25000000E-02  -2.5418981735E+02 +-    5.5846946922E+00   
growth(global) energy          2.25000000E-02  -2.4666125848E+02 +-    1.2519247253E+01
growth energy                  2.25000000E-02  -2.5390855890E+02 +-    5.5634171114E+00
Time for propagation (sec) (min) =          21.869      0.364
Time for energies (sec) (min) =              0.768      0.013
Time for load balancing (sec) (min) =        0.026      0.000
Time for block (sec) (min) =                23.198      0.387
Time for operators (sec) (min) =             0.026      0.000
Elapsed block time (sec) (min) =           207.250      3.454
 
 walkers multiplicity, block, total
   0          55041         460214
   1        1009474        8998231
   2          53678         452954
   3            380           3173
   4             66            524
   5             17            173
   6              6             54
   7              9             43
   8              0             14
   9              1             13
  10              1             10
  11              0              2
  12              0              6
  13              0              1
  14              0              3
  15              0              1
  19              0              2
  20              0              2
 
 

iteration =                              10
walker number =                       11466
total energy-propagated        2.50000000E-02  -7.7179806339E+01 +-    1.4768057533E+00   
kinetic energy                 2.50000000E-02  -2.7029652182E+02 +-    4.4632761591E+00   
potential energy               2.50000000E-02   1.9311671548E+02 +-    4.2016539703E+00   
im energy                      2.50000000E-02  -1.0010377210E+01 +-    1.1616849517E+00   
imkin energy                   2.50000000E-02  -6.6402352268E+01 +-    2.1576046841E+00   
impot energy                   2.50000000E-02   5.6391975057E+01 +-    1.3027963628E+00   
v cent                         2.50000000E-02   1.1068345721E+02 +-    5.9307092810E+00   
v tau                          2.50000000E-02   2.1316868036E+01 +-    8.5871432060E-01   
v sigma                        2.50000000E-02  -1.7443388515E+01 +-    9.8538311748E-01   
v sigtau                       2.50000000E-02   1.3715427310E+01 +-    1.1642956898E+00   
v tensor                       2.50000000E-02  -2.2591900219E+01 +-    4.1864223634E-01   
v tenstau                      2.50000000E-02   8.7436251666E+01 +-    1.8716334862E+00   
v ls                           2.50000000E-02   0.0000000000E+00 +-    0.0000000000E+00   
v lstau                        2.50000000E-02   0.0000000000E+00 +-    0.0000000000E+00   
vpot v6                        2.50000000E-02   1.9311671548E+02 +-    4.2016539703E+00   
vpot v8                        2.50000000E-02   1.9311671548E+02 +-    4.2016539703E+00   
v coulomb                      2.50000000E-02   5.9308578003E-01 +-    7.0647288534E-03   
v external                     2.50000000E-02   0.0000000000E+00 +-    0.0000000000E+00   
tni 2pipr-anticomm             2.50000000E-02   0.0000000000E+00 +-    0.0000000000E+00   
tni vd1pr                      2.50000000E-02   0.0000000000E+00 +-    0.0000000000E+00   
tni vepr                       2.50000000E-02   0.0000000000E+00 +-    0.0000000000E+00   
tni central                    2.50000000E-02   0.0000000000E+00 +-    0.0000000000E+00   
tni 2pixx-anticommutator       2.50000000E-02   0.0000000000E+00 +-    0.0000000000E+00   
tni 2pixd-anticommutator       2.50000000E-02   0.0000000000E+00 +-    0.0000000000E+00   
tni 2pidd-anticommutator       2.50000000E-02   0.0000000000E+00 +-    0.0000000000E+00   
tni 2pixx-commutator           2.50000000E-02   0.0000000000E+00 +-    0.0000000000E+00   
tni 2pixd-commutator           2.50000000E-02   0.0000000000E+00 +-    0.0000000000E+00   
tni 2pidd-commutator           2.50000000E-02   0.0000000000E+00 +-    0.0000000000E+00   
tni 2pi-tm                     2.50000000E-02   0.0000000000E+00 +-    0.0000000000E+00   
tni vd1                        2.50000000E-02   0.0000000000E+00 +-    0.0000000000E+00   
tni vd2                        2.50000000E-02   0.0000000000E+00 +-    0.0000000000E+00   
tni ve                         2.50000000E-02   0.0000000000E+00 +-    0.0000000000E+00   
vpottot v8+tni                 2.50000000E-02   1.9311671548E+02 +-    4.2016539703E+00   
enetot v8+tni                  2.50000000E-02  -7.7179806339E+01 +-    1.4768057533E+00   
vper cent                      2.50000000E-02   1.1068345721E+02 +-    5.9307092810E+00   
vper tau                       2.50000000E-02   2.1316868036E+01 +-    8.5871432060E-01   
vper sigma                     2.50000000E-02  -1.7443388515E+01 +-    9.8538311748E-01   
vper sigtau                    2.50000000E-02   1.3715427310E+01 +-    1.1642956898E+00   
vper tensor                    2.50000000E-02  -2.2591900219E+01 +-    4.1864223634E-01   
vper tenstau                   2.50000000E-02   8.7436251666E+01 +-    1.8716334862E+00   
vper ls                        2.50000000E-02   0.0000000000E+00 +-    0.0000000000E+00   
vper lstau                     2.50000000E-02   0.0000000000E+00 +-    0.0000000000E+00   
vpotper v6                     2.50000000E-02   1.9311671548E+02 +-    4.2016539703E+00   
vpotper v8                     2.50000000E-02   1.9311671548E+02 +-    4.2016539703E+00   
vpotv6pr-vpotv6per diff        2.50000000E-02   0.0000000000E+00 +-    0.0000000000E+00   
vpotv8pr-vpotv8per diff        2.50000000E-02   0.0000000000E+00 +-    0.0000000000E+00   
2piapr-2pia diff               2.50000000E-02   0.0000000000E+00 +-    0.0000000000E+00   
vd1pr-vd1 diff                 2.50000000E-02   0.0000000000E+00 +-    0.0000000000E+00   
vepr-ve diff                   2.50000000E-02   0.0000000000E+00 +-    0.0000000000E+00   
diff1 2piapr-2pia-2picxx       2.50000000E-02   0.0000000000E+00 +-    0.0000000000E+00   
diff2 vd1pr-vd1-2picxd         2.50000000E-02   0.0000000000E+00 +-    0.0000000000E+00   
diff3 vepr-ve-2picdd           2.50000000E-02   0.0000000000E+00 +-    0.0000000000E+00   
sum diff1+dif2+diff3           2.50000000E-02   0.0000000000E+00 +-    0.0000000000E+00   
proton rms                     2.50000000E-02   2.9451946869E+00 +-    2.1041455854E-02   
neutron rms                    2.50000000E-02   2.2330296855E+00 +-    1.7132460269E-02   
total rms                      2.50000000E-02   2.6028413546E+00 +-    1.7745813319E-02   
neutron-proton rms             2.50000000E-02  -7.1216500140E-01 +-    1.4275935227E-02   
GT sigXtau+                    2.50000000E-02   1.1777043770E-03 +-    6.1479021686E-05   
GT sigYtau+                    2.50000000E-02   4.4630562689E-03 +-    7.2273292887E-05   
GT sigZtau+                    2.50000000E-02   6.9519013061E-04 +-    5.8343503144E-05   
GT sigXtau-                    2.50000000E-02   1.2752459893E-03 +-    8.0157721511E-05   
GT sigYtau-                    2.50000000E-02   3.0488794693E-03 +-    6.6119874347E-05   
GT sigZtau-                    2.50000000E-02   2.0748436745E-03 +-    6.6412309348E-05   
F tau+                         2.50000000E-02   5.9587723223E-18 +-    8.6234388734E-20   
F tau-                         2.50000000E-02   2.8466551164E-18 +-    1.0126428492E-19   
Psi**2                         2.50000000E-02  -1.0647191816E-04 +-    2.7348651101E-06   
single crossing/step           2.50000000E-02   7.2899775965E-03 +-    4.0517392409E-05   
global crossing/step           2.50000000E-02   7.1084994388E-03 +-    8.0027093926E-05   
energy numerator(real)         2.50000000E-02  -8.9046935027E-01 +-    9.6335759624E-01   
denominator psit/psigi(real)   2.50000000E-02   1.8479064543E-02 +-    1.2909810955E-02   
energy numerator(aimag)        2.50000000E-02  -1.9106933834E+00 +-    6.5045296851E-01   
denominator psit/psigi(aimag)  2.50000000E-02   7.3834129111E-03 +-    8.5526566065E-03   
growth(lin dt) energy          2.50000000E-02  -2.4944803990E+02 +-    5.7227930034E+00   
growth(global) energy          2.50000000E-02  -2.6467686762E+02 +-    1.2224241829E+01
growth energy                  2.50000000E-02  -2.4918424004E+02 +-    5.7016527903E+00
Time for propagation (sec) (min) =          22.017      0.367
Time for energies (sec) (min) =              0.804      0.013
Time for load balancing (sec) (min) =        0.026      0.000
Time for block (sec) (min) =                23.360      0.389
Time for operators (sec) (min) =             0.026      0.000
Elapsed block time (sec) (min) =           230.637      3.844
 
 walkers multiplicity, block, total
   0          55039         515253
   1        1016256       10014487
   2          54332         507286
   3            397           3570
   4             60            584
   5             18            191
   6              9             63
   7              8             51
   8              1             15
   9              2             15
  10              1             11
  11              0              2
  12              0              6
  13              2              3
  14              0              3
  15              0              1
  19              0              2
  20              1              3
 
 

Time for steps      =     230.646 seconds,        3.844 minutes
Master Time for steps =     230.463 seconds,        3.841 minutes

Number of cpus =       100
Total job time =     236.017 seconds,        3.934 minutes,        0.066 hours
Total cpu-time =     393.361 minutes,        6.556 hours
Total time =         235.779 seconds,        3.930 minutes,        0.065 hours
Finished!
