Unconstrained Diffusion Monte Carlo Run -- no drift
!-!-!-!-!-!-!-!-!-!-!-!-!-!-!-!-!-!-!-!-!-!-!-!-!-!
MPI parameters:
Number of boss cpus =                         100
Number of worker cpus for each boss =           0
Total number of cpus =                        100
Simulation parameters:
random number seed =                          321
hbar^2/2m =                              20.73554
start from sites =                              F
nwalk =                                     10000
equilibration blocks =                          0
averaging blocks =                             10
nsteps/blocks =                               100
time step =                          0.0000250000
time step rotations (vmc) =          0.1700000000
trial energy =                          -26.00000
drift cutoff =                            0.00000
drastic population control up =           1.20000
drastic population control down =         0.80000
rebalance if walkers fluctuate more than   2.00 %
weight cut off =                         20.00000
table size =                                 8000
!-!-!-!-!-!-!-!-!-!-!-!-!-!-!-!-!-!-!-!-!-!-!-!-!-!
System parameters:
lpot =                                         11
lpotper =                                      11
potential  =                          argonne v6'
potentialpr =                         argonne v6'
Coulomb included in energy-propagation          F
multiply central v by =                   1.00000
multiply tau v by =                       1.00000
multiply sigma v by =                     1.00000
multiply sigma tau v by =                 1.00000
multiply tensor v by =                    1.00000
multiply tensor tau v by =                1.00000
multiply spin-orbit v by =                0.00000
multiply spin-orbit tau v by =            0.00000
three-body potential =                        no3
ibox (0 is nearest image) =                     0
!-!-!-!-!-!-!-!-!-!-!-!-!-!-!-!-!-!-!-!-!-!-!-!-!-!
propagate LS =                                  F
calculate LS =                                  F
type of correlations =           independent pair
scale orbital   1 with factor    1.14000
determinant # 1
coefficient                     1.00000   0.00000
1  1  0  1  alpha.orb    # 2J,2M,L,tau radial_file for state                    
1 -1  0  1  alpha.orb    # 2J,2M,L,tau radial_file for state                    
1  1  0 -1  alpha.orb    # 2J,2M,L,tau radial_file for state                    
1 -1  0 -1  alpha.orb    # 2J,2M,L,tau radial_file for state                    
rescaled coefficient            1.00000   0.00000
!-!-!-!-!-!-!-!-!-!-!-!-!-!-!-!-!-!-!-!-!-!-!-!-!-!
No external potential
!-!-!-!-!-!-!-!-!-!-!-!-!-!-!-!-!-!-!-!-!-!-!-!-!-!
rcut in pair sampling =                   1.00000
acut in pair sampling =                   5.00000
a constant in psig =                      0.20000
Number of protons =                             2
Number of neutrons =                            2
range of the potential =                 20.00000
!-!-!-!-!-!-!-!-!-!-!-!-!-!-!-!-!-!-!-!-!-!-!-!-!-!
do V3 =                                         F
three body force =                            no3
three body a2piPwa =                      0.000000000000000
three body a2piPwc =                      0.000000000000000
three body a2piSw =                       0.000000000000000
three body Vd,C,c3 =                      0.000000000000000
three body Ve,C,c3 =                      0.000000000000000
three body A_R =                          0.000000000000000
three body Vd1 =                          0.000000000000000
three body Vd2 =                          0.000000000000000
three body Ve =                           0.000000000000000
propagator: multiply the antic by =       0.000000000000000
propagator: multiply the Vd1 by =         0.000000000000000
propagator: multiply the Ve by =          0.000000000000000
propagator: three body a2piPW =           0.000000000000000
!-!-!-!-!-!-!-!-!-!-!-!-!-!-!-!-!-!-!-!-!-!-!-!-!-!
jastrow healing distance dc =             4.47768
jastrow healing distance dtn =           11.57317
jastrow rho =                             0.01000
potential quencher acn (v1) =             1.50851
potential quencher at  (v2) =             6.06936
potential quencher as  (v3) =             2.76780
potential quencher ast (v4) =             0.80880
potential quencher atn (v5) =             0.61864
potential quencher atn (v6) =             0.20141
potential quencher als (v7) =             0.00000
potential quencher alst (v8) =            0.00000
correlation quencher bt (f2) =            0.26685
correlation quencher bs (f3) =           -0.10565
correlation quencher bst (f4) =           0.42277
correlation quencher btn (f5) =           1.08683
correlation quencher btn (f6) =           4.44810
correlation quencher bls (f7) =           0.00000
correlation quencher blst (f8) =          0.00000
!-!-!-!-!-!-!-!-!-!-!-!-!-!-!-!-!-!-!-!-!-!-!-!-!-!
q1c parameter in f3c =                   12.87526
q2c parameter in f3c =                    1.60340
q1p parameter in f3p =                   -1.81620
q2p parameter in f3p =                    2.14789
!-!-!-!-!-!-!-!-!-!-!-!-!-!-!-!-!-!-!-!-!-!-!-!-!-!
rscal parameter in Uijk cent =            1.00000
rscal parameter in Uijk xpi =             1.00000
rscal parameter in Uijk delta =           1.00000
eps_c parameter in Uijk =                 0.00000
eps_anti parameter in Uijk =              0.00000
eps_tm parameter in Uijk =                0.00000
eps_vd1 parameter in Uijk =               0.00000
eps_vd2 parameter in Uijk =               0.00000
eps_vdc3 parameter in Uijk =              0.00000
eps_vec3 parameter in Uijk =              0.00000
eps_ve parameter in Uijk =                0.00000
eps_comm parameter in Uijk =              0.00000
eps_comm-XD parameter in Uijk =           0.00000
eps_comm-DD parameter in Uijk =           0.00000
TNI-comm correlation included =                 F
!-!-!-!-!-!-!-!-!-!-!-!-!-!-!-!-!-!-!-!-!-!-!-!-!-!
CSB correlation rscalpp =                 1.00000
CSB correlation rscalnn =                 1.00000
CSB correlation quencher pp =             0.00000
CSB correlation quencher nn =             0.00000
CSB correlation included =                      F
!-!-!-!-!-!-!-!-!-!-!-!-!-!-!-!-!-!-!-!-!-!-!-!-!-!
jastrow initialized
!-!-!-!-!-!-!-!-!-!-!-!-!-!-!-!-!-!-!-!-!-!-!-!-!-!
Symmetrize V6 in the propagator =               T
New propagation of Vlstau and commutator included!
Coulomb included in energy (and propag)         F
Initial walkers from file
Number of walkers =                          9472
Configurations at tau =              0.8500000000
Reset tau =                          0.0000000000
!-!-!-!-!-!-!-!-!-!-!-!-!-!-!-!-!-!-!-!-!-!-!-!-!-!
Time for reading configurations (sec.) =       0.78
!-!-!-!-!-!-!-!-!-!-!-!-!-!-!-!-!-!-!-!-!-!-!-!-!-!
Initial configurations:
total energy-propagated        0.00000000E+00  -2.6113380599E+01 +-    3.3528655421E-01   
kinetic energy                 0.00000000E+00   1.0713297303E+02 +-    1.6120029463E+00   
potential energy               0.00000000E+00  -1.3324635363E+02 +-    1.5893347661E+00   
v cent                         0.00000000E+00   1.6478786434E+01 +-    1.4423765223E+00   
v tau                          0.00000000E+00  -7.4477895636E+00 +-    2.1313594014E-01   
v sigma                        0.00000000E+00  -8.2144836074E+00 +-    2.3197341802E-01   
v sigtau                       0.00000000E+00  -6.0268580786E+01 +-    5.3217651091E-01   
v tensor                       0.00000000E+00   5.1087165849E-01 +-    1.3002355924E-01   
v tenstau                      0.00000000E+00  -7.4305157761E+01 +-    9.6014194868E-01   
v ls                           0.00000000E+00   0.0000000000E+00 +-    0.0000000000E+00   
v lstau                        0.00000000E+00   0.0000000000E+00 +-    0.0000000000E+00   
v coulomb                      0.00000000E+00   7.4300175707E-01 +-    2.7623243617E-03   
v external                     0.00000000E+00   0.0000000000E+00 +-    0.0000000000E+00   
tni 2pipr-anticomm             0.00000000E+00   0.0000000000E+00 +-    0.0000000000E+00   
tni vd1pr                      0.00000000E+00   0.0000000000E+00 +-    0.0000000000E+00   
tni vepr                       0.00000000E+00   0.0000000000E+00 +-    0.0000000000E+00   
tni central                    0.00000000E+00   0.0000000000E+00 +-    0.0000000000E+00   
tni 2pixx-anticommutator       0.00000000E+00   0.0000000000E+00 +-    0.0000000000E+00   
tni 2pixd-anticommutator       0.00000000E+00   0.0000000000E+00 +-    0.0000000000E+00   
tni 2pidd-anticommutator       0.00000000E+00   0.0000000000E+00 +-    0.0000000000E+00   
tni 2pixx-commutator           0.00000000E+00   0.0000000000E+00 +-    0.0000000000E+00   
tni 2pixd-commutator           0.00000000E+00   0.0000000000E+00 +-    0.0000000000E+00   
tni 2pidd-commutator           0.00000000E+00   0.0000000000E+00 +-    0.0000000000E+00   
tni 2pi-tm                     0.00000000E+00   0.0000000000E+00 +-    0.0000000000E+00   
tni vd1                        0.00000000E+00   0.0000000000E+00 +-    0.0000000000E+00   
tni vd2                        0.00000000E+00   0.0000000000E+00 +-    0.0000000000E+00   
tni ve                         0.00000000E+00   0.0000000000E+00 +-    0.0000000000E+00   
enetot v8+tni                  0.00000000E+00  -2.6113380599E+01 +-    3.3528655421E-01   
!-!-!-!-!-!-!-!-!-!-!-!-!-!-!-!-!-!-!-!-!-!-!-!-!-!
Psi**2 of initial configurations  =   0.2697587E-04  0.0000000E+00  +-    0.6817286E-06  0.0000000E+00
Psig**2 of initial configurations =   0.1739356E-04  0.0000000E+00  +-    0.4949253E-06  0.0000000E+00
!-!-!-!-!-!-!-!-!-!-!-!-!-!-!-!-!-!-!-!-!-!-!-!-!-!
T**2 of initial configurations  =  -0.1438062E-07  0.2380733E-08
Tz of initial configurations    =  -0.9554774E-14 -0.2278756E-13
J**2 of initial configurations  =   0.3363788E-07  0.2085429E-08
Jz of initial configurations    =  -0.3935279E-13  0.1309223E-14
!-!-!-!-!-!-!-!-!-!-!-!-!-!-!-!-!-!-!-!-!-!-!-!-!-!
!-!-!-!-!-!-!-!-!-!-!-!-!-!-!-!-!-!-!-!-!-!-!-!-!-!
Time to process initial configurations (sec.) =       1.65
!-!-!-!-!-!-!-!-!-!-!-!-!-!-!-!-!-!-!-!-!-!-!-!-!-!

equilibration done

iteration =                               1
walker number =                       10010
total energy-propagated        2.50000000E-03  -2.6084715205E+01 +-    3.9607632364E-01   
kinetic energy                 2.50000000E-03   1.0315720200E+02 +-    1.5296724753E+00   
potential energy               2.50000000E-03  -1.2924191721E+02 +-    1.4988015069E+00   
im energy                      2.50000000E-03  -1.8230472694E+00 +-    2.5221854823E-01   
imkin energy                   2.50000000E-03  -2.1487357926E-01 +-    5.5467782173E-01   
impot energy                   2.50000000E-03  -1.6081736902E+00 +-    4.8471702698E-01   
v cent                         2.50000000E-03   1.4983909349E+01 +-    1.3056367402E+00   
v tau                          2.50000000E-03  -6.9192175690E+00 +-    2.3570667018E-01   
v sigma                        2.50000000E-03  -9.5840053229E+00 +-    2.6625440472E-01   
v sigtau                       2.50000000E-03  -6.1132537265E+01 +-    5.0810201255E-01   
v tensor                       2.50000000E-03   2.8017619714E-01 +-    1.2580122847E-01   
v tenstau                      2.50000000E-03  -6.6870242597E+01 +-    1.0552738172E+00   
v ls                           2.50000000E-03   0.0000000000E+00 +-    0.0000000000E+00   
v lstau                        2.50000000E-03   0.0000000000E+00 +-    0.0000000000E+00   
vpot v6                        2.50000000E-03  -1.2924191721E+02 +-    1.4988015069E+00   
vpot v8                        2.50000000E-03  -1.2924191721E+02 +-    1.4988015069E+00   
v coulomb                      2.50000000E-03   7.4982551367E-01 +-    2.5499442206E-03   
v external                     2.50000000E-03   0.0000000000E+00 +-    0.0000000000E+00   
tni 2pipr-anticomm             2.50000000E-03   0.0000000000E+00 +-    0.0000000000E+00   
tni vd1pr                      2.50000000E-03   0.0000000000E+00 +-    0.0000000000E+00   
tni vepr                       2.50000000E-03   0.0000000000E+00 +-    0.0000000000E+00   
tni central                    2.50000000E-03   0.0000000000E+00 +-    0.0000000000E+00   
tni 2pixx-anticommutator       2.50000000E-03   0.0000000000E+00 +-    0.0000000000E+00   
tni 2pixd-anticommutator       2.50000000E-03   0.0000000000E+00 +-    0.0000000000E+00   
tni 2pidd-anticommutator       2.50000000E-03   0.0000000000E+00 +-    0.0000000000E+00   
tni 2pixx-commutator           2.50000000E-03   0.0000000000E+00 +-    0.0000000000E+00   
tni 2pixd-commutator           2.50000000E-03   0.0000000000E+00 +-    0.0000000000E+00   
tni 2pidd-commutator           2.50000000E-03   0.0000000000E+00 +-    0.0000000000E+00   
tni 2pi-tm                     2.50000000E-03   0.0000000000E+00 +-    0.0000000000E+00   
tni vd1                        2.50000000E-03   0.0000000000E+00 +-    0.0000000000E+00   
tni vd2                        2.50000000E-03   0.0000000000E+00 +-    0.0000000000E+00   
tni ve                         2.50000000E-03   0.0000000000E+00 +-    0.0000000000E+00   
vpottot v8+tni                 2.50000000E-03  -1.2924191721E+02 +-    1.4988015069E+00   
enetot v8+tni                  2.50000000E-03  -2.6084715205E+01 +-    3.9607632364E-01   
vper cent                      2.50000000E-03   1.4983909349E+01 +-    1.3056367402E+00   
vper tau                       2.50000000E-03  -6.9192175690E+00 +-    2.3570667018E-01   
vper sigma                     2.50000000E-03  -9.5840053229E+00 +-    2.6625440472E-01   
vper sigtau                    2.50000000E-03  -6.1132537265E+01 +-    5.0810201255E-01   
vper tensor                    2.50000000E-03   2.8017619714E-01 +-    1.2580122847E-01   
vper tenstau                   2.50000000E-03  -6.6870242597E+01 +-    1.0552738172E+00   
vper ls                        2.50000000E-03   0.0000000000E+00 +-    0.0000000000E+00   
vper lstau                     2.50000000E-03   0.0000000000E+00 +-    0.0000000000E+00   
vpotper v6                     2.50000000E-03  -1.2924191721E+02 +-    1.4988015069E+00   
vpotper v8                     2.50000000E-03  -1.2924191721E+02 +-    1.4988015069E+00   
vpotv6pr-vpotv6per diff        2.50000000E-03   0.0000000000E+00 +-    0.0000000000E+00   
vpotv8pr-vpotv8per diff        2.50000000E-03   0.0000000000E+00 +-    0.0000000000E+00   
2piapr-2pia diff               2.50000000E-03   0.0000000000E+00 +-    0.0000000000E+00   
vd1pr-vd1 diff                 2.50000000E-03   0.0000000000E+00 +-    0.0000000000E+00   
vepr-ve diff                   2.50000000E-03   0.0000000000E+00 +-    0.0000000000E+00   
diff1 2piapr-2pia-2picxx       2.50000000E-03   0.0000000000E+00 +-    0.0000000000E+00   
diff2 vd1pr-vd1-2picxd         2.50000000E-03   0.0000000000E+00 +-    0.0000000000E+00   
diff3 vepr-ve-2picdd           2.50000000E-03   0.0000000000E+00 +-    0.0000000000E+00   
sum diff1+dif2+diff3           2.50000000E-03   0.0000000000E+00 +-    0.0000000000E+00   
proton rms                     2.50000000E-03   2.0908798198E+00 +-    1.3159728938E-02   
neutron rms                    2.50000000E-03   2.0619217414E+00 +-    1.2695901279E-02   
total rms                      2.50000000E-03   2.0746260818E+00 +-    1.1595271829E-02   
neutron-proton rms             2.50000000E-03  -2.8958078314E-02 +-    1.1319664996E-02   
GT sigXtau+                    2.50000000E-03   9.9106444694E-05 +-    2.2214165178E-05   
GT sigYtau+                    2.50000000E-03  -5.7727029017E-05 +-    2.2791634693E-05   
GT sigZtau+                    2.50000000E-03  -3.3385054651E-05 +-    2.4068361725E-05   
GT sigXtau-                    2.50000000E-03   2.0530455712E-05 +-    2.2033269447E-05   
GT sigYtau-                    2.50000000E-03   2.5254294206E-05 +-    2.2752842672E-05   
GT sigZtau-                    2.50000000E-03   1.9279167729E-05 +-    2.3839709445E-05   
F tau+                         2.50000000E-03  -3.5825898131E-20 +-    4.1527191741E-20   
F tau-                         2.50000000E-03  -6.4092736041E-22 +-    3.9843189528E-20   
Psi**2                         2.50000000E-03   2.6133149755E-05 +-    6.3266417391E-07   
single crossing/step           2.50000000E-03   9.2544552959E-03 +-    4.6248838008E-05   
global crossing/step           2.50000000E-03   9.1326800081E-03 +-    9.1892739619E-05   
energy numerator(real)         2.50000000E-03  -2.7317417602E+01 +-    8.1114078227E-01   
denominator psit/psigi(real)   2.50000000E-03   1.0477205630E+00 +-    1.1803126678E-02   
energy numerator(aimag)        2.50000000E-03  -3.5689946895E+00 +-    5.3666292353E-01   
denominator psit/psigi(aimag)  2.50000000E-03   3.6416539530E-03 +-    7.5200799969E-03   
growth(lin dt) energy          2.50000000E-03  -2.0021606776E+02 +-    4.6757695234E+00   
growth(global) energy          2.50000000E-03  -2.0067729835E+02 +-    1.2401242349E+01
growth energy                  2.50000000E-03  -2.0010053385E+02 +-    4.6642774542E+00
Time for propagation (sec) (min) =          21.428      0.357
Time for energies (sec) (min) =              0.702      0.012
Time for load balancing (sec) (min) =        0.068      0.001
Time for block (sec) (min) =                22.831      0.381
Time for operators (sec) (min) =             0.023      0.000
Elapsed block time (sec) (min) =            22.855      0.381
 
 walkers multiplicity, block, total
   0          43321          43321
   1         996797         996797
   2          43317          43317
   3            202            202
   4             33             33
   5              7              7
   6              1              1
   7              1              1
   8              0              0
   9              0              0
 
 

iteration =                               2
walker number =                       10722
total energy-propagated        5.00000000E-03  -2.6780937252E+01 +-    3.5069272199E-01   
kinetic energy                 5.00000000E-03   1.0428287463E+02 +-    1.5651565692E+00   
potential energy               5.00000000E-03  -1.3106381188E+02 +-    1.5860987440E+00   
im energy                      5.00000000E-03  -1.7030212078E-01 +-    2.1331120712E-01   
imkin energy                   5.00000000E-03  -2.3481025444E+00 +-    4.3992997904E-01   
impot energy                   5.00000000E-03   2.1778004237E+00 +-    4.2762186095E-01   
v cent                         5.00000000E-03   2.2350751191E+01 +-    1.5409491787E+00   
v tau                          5.00000000E-03  -9.2585170717E+00 +-    2.3424295461E-01   
v sigma                        5.00000000E-03  -8.4243690269E+00 +-    2.5700035119E-01   
v sigtau                       5.00000000E-03  -6.3870184102E+01 +-    5.3355601504E-01   
v tensor                       5.00000000E-03   5.6780545276E-01 +-    1.3277853886E-01   
v tenstau                      5.00000000E-03  -7.2429298324E+01 +-    1.0367247382E+00   
v ls                           5.00000000E-03   0.0000000000E+00 +-    0.0000000000E+00   
v lstau                        5.00000000E-03   0.0000000000E+00 +-    0.0000000000E+00   
vpot v6                        5.00000000E-03  -1.3106381188E+02 +-    1.5860987440E+00   
vpot v8                        5.00000000E-03  -1.3106381188E+02 +-    1.5860987440E+00   
v coulomb                      5.00000000E-03   7.5796908305E-01 +-    2.6660829376E-03   
v external                     5.00000000E-03   0.0000000000E+00 +-    0.0000000000E+00   
tni 2pipr-anticomm             5.00000000E-03   0.0000000000E+00 +-    0.0000000000E+00   
tni vd1pr                      5.00000000E-03   0.0000000000E+00 +-    0.0000000000E+00   
tni vepr                       5.00000000E-03   0.0000000000E+00 +-    0.0000000000E+00   
tni central                    5.00000000E-03   0.0000000000E+00 +-    0.0000000000E+00   
tni 2pixx-anticommutator       5.00000000E-03   0.0000000000E+00 +-    0.0000000000E+00   
tni 2pixd-anticommutator       5.00000000E-03   0.0000000000E+00 +-    0.0000000000E+00   
tni 2pidd-anticommutator       5.00000000E-03   0.0000000000E+00 +-    0.0000000000E+00   
tni 2pixx-commutator           5.00000000E-03   0.0000000000E+00 +-    0.0000000000E+00   
tni 2pixd-commutator           5.00000000E-03   0.0000000000E+00 +-    0.0000000000E+00   
tni 2pidd-commutator           5.00000000E-03   0.0000000000E+00 +-    0.0000000000E+00   
tni 2pi-tm                     5.00000000E-03   0.0000000000E+00 +-    0.0000000000E+00   
tni vd1                        5.00000000E-03   0.0000000000E+00 +-    0.0000000000E+00   
tni vd2                        5.00000000E-03   0.0000000000E+00 +-    0.0000000000E+00   
tni ve                         5.00000000E-03   0.0000000000E+00 +-    0.0000000000E+00   
vpottot v8+tni                 5.00000000E-03  -1.3106381188E+02 +-    1.5860987440E+00   
enetot v8+tni                  5.00000000E-03  -2.6780937252E+01 +-    3.5069272199E-01   
vper cent                      5.00000000E-03   2.2350751191E+01 +-    1.5409491787E+00   
vper tau                       5.00000000E-03  -9.2585170717E+00 +-    2.3424295461E-01   
vper sigma                     5.00000000E-03  -8.4243690269E+00 +-    2.5700035119E-01   
vper sigtau                    5.00000000E-03  -6.3870184102E+01 +-    5.3355601504E-01   
vper tensor                    5.00000000E-03   5.6780545276E-01 +-    1.3277853886E-01   
vper tenstau                   5.00000000E-03  -7.2429298324E+01 +-    1.0367247382E+00   
vper ls                        5.00000000E-03   0.0000000000E+00 +-    0.0000000000E+00   
vper lstau                     5.00000000E-03   0.0000000000E+00 +-    0.0000000000E+00   
vpotper v6                     5.00000000E-03  -1.3106381188E+02 +-    1.5860987440E+00   
vpotper v8                     5.00000000E-03  -1.3106381188E+02 +-    1.5860987440E+00   
vpotv6pr-vpotv6per diff        5.00000000E-03   0.0000000000E+00 +-    0.0000000000E+00   
vpotv8pr-vpotv8per diff        5.00000000E-03   0.0000000000E+00 +-    0.0000000000E+00   
2piapr-2pia diff               5.00000000E-03   0.0000000000E+00 +-    0.0000000000E+00   
vd1pr-vd1 diff                 5.00000000E-03   0.0000000000E+00 +-    0.0000000000E+00   
vepr-ve diff                   5.00000000E-03   0.0000000000E+00 +-    0.0000000000E+00   
diff1 2piapr-2pia-2picxx       5.00000000E-03   0.0000000000E+00 +-    0.0000000000E+00   
diff2 vd1pr-vd1-2picxd         5.00000000E-03   0.0000000000E+00 +-    0.0000000000E+00   
diff3 vepr-ve-2picdd           5.00000000E-03   0.0000000000E+00 +-    0.0000000000E+00   
sum diff1+dif2+diff3           5.00000000E-03   0.0000000000E+00 +-    0.0000000000E+00   
proton rms                     5.00000000E-03   2.0422018236E+00 +-    1.2570766035E-02   
neutron rms                    5.00000000E-03   2.0884106793E+00 +-    1.3204211200E-02   
total rms                      5.00000000E-03   2.0624214013E+00 +-    1.1571797012E-02   
neutron-proton rms             5.00000000E-03   4.6208855766E-02 +-    1.1313070787E-02   
GT sigXtau+                    5.00000000E-03   1.1834967186E-05 +-    2.3209873613E-05   
GT sigYtau+                    5.00000000E-03  -9.5267375641E-05 +-    2.4025507699E-05   
GT sigZtau+                    5.00000000E-03  -1.8217971466E-04 +-    2.5869046762E-05   
GT sigXtau-                    5.00000000E-03  -3.2866708765E-05 +-    2.1613663667E-05   
GT sigYtau-                    5.00000000E-03   3.7790768569E-05 +-    2.0063181724E-05   
GT sigZtau-                    5.00000000E-03  -6.6412550841E-05 +-    2.4217570031E-05   
F tau+                         5.00000000E-03  -1.8055016873E-19 +-    6.8550858100E-20   
F tau-                         5.00000000E-03   5.4463595045E-21 +-    3.0345016712E-20   
Psi**2                         5.00000000E-03   2.9117813656E-05 +-    6.6053357089E-07   
single crossing/step           5.00000000E-03   7.7645731193E-03 +-    4.2174369769E-05   
global crossing/step           5.00000000E-03   7.6168172084E-03 +-    8.3548547721E-05   
energy numerator(real)         5.00000000E-03  -1.8763250344E+01 +-    8.3046195498E-01   
denominator psit/psigi(real)   5.00000000E-03   7.0188886291E-01 +-    1.2825489878E-02   
energy numerator(aimag)        5.00000000E-03  -1.6941059963E+00 +-    5.5696854595E-01   
denominator psit/psigi(aimag)  5.00000000E-03   4.2094615738E-02 +-    8.3170437679E-03   
growth(lin dt) energy          5.00000000E-03  -2.0279566976E+02 +-    5.1233307753E+00   
growth(global) energy          5.00000000E-03  -2.0066364616E+02 +-    1.0835131350E+01
growth energy                  5.00000000E-03  -2.0267386298E+02 +-    5.1103814162E+00
Time for propagation (sec) (min) =          21.656      0.361
Time for energies (sec) (min) =              0.751      0.013
Time for load balancing (sec) (min) =        0.030      0.000
Time for block (sec) (min) =                23.023      0.384
Time for operators (sec) (min) =             0.022      0.000
Elapsed block time (sec) (min) =            45.922      0.765
 
 walkers multiplicity, block, total
   0          46579          89900
   1        1001492        1998289
   2          46454          89771
   3            295            497
   4             36             69
   5             11             18
   6              4              5
   7              2              3
   8              1              1
   9              1              1
  10              1              1
  11              1              1
  14              1              1
  17              1              1
 
 

iteration =                               3
walker number =                       11352
total energy-propagated        7.50000000E-03  -2.4292259082E+01 +-    2.7877123135E-01   
kinetic energy                 7.50000000E-03   1.1655506953E+02 +-    1.5527784874E+00   
potential energy               7.50000000E-03  -1.4084732861E+02 +-    1.4957629482E+00   
im energy                      7.50000000E-03  -3.0493711205E-01 +-    2.1660481523E-01   
imkin energy                   7.50000000E-03   1.9435070369E-01 +-    5.5482707225E-01   
impot energy                   7.50000000E-03  -4.9928781573E-01 +-    5.0350446038E-01   
v cent                         7.50000000E-03   1.5342145573E+01 +-    1.1366672341E+00   
v tau                          7.50000000E-03  -5.5901083407E+00 +-    2.4659684499E-01   
v sigma                        7.50000000E-03  -1.3385780280E+01 +-    3.3564798073E-01   
v sigtau                       7.50000000E-03  -6.8295767369E+01 +-    5.7926397962E-01   
v tensor                       7.50000000E-03   7.4142705326E-01 +-    1.5832108696E-01   
v tenstau                      7.50000000E-03  -6.9659245244E+01 +-    1.0150580381E+00   
v ls                           7.50000000E-03   0.0000000000E+00 +-    0.0000000000E+00   
v lstau                        7.50000000E-03   0.0000000000E+00 +-    0.0000000000E+00   
vpot v6                        7.50000000E-03  -1.4084732861E+02 +-    1.4957629482E+00   
vpot v8                        7.50000000E-03  -1.4084732861E+02 +-    1.4957629482E+00   
v coulomb                      7.50000000E-03   7.8326935343E-01 +-    2.4149531783E-03   
v external                     7.50000000E-03   0.0000000000E+00 +-    0.0000000000E+00   
tni 2pipr-anticomm             7.50000000E-03   0.0000000000E+00 +-    0.0000000000E+00   
tni vd1pr                      7.50000000E-03   0.0000000000E+00 +-    0.0000000000E+00   
tni vepr                       7.50000000E-03   0.0000000000E+00 +-    0.0000000000E+00   
tni central                    7.50000000E-03   0.0000000000E+00 +-    0.0000000000E+00   
tni 2pixx-anticommutator       7.50000000E-03   0.0000000000E+00 +-    0.0000000000E+00   
tni 2pixd-anticommutator       7.50000000E-03   0.0000000000E+00 +-    0.0000000000E+00   
tni 2pidd-anticommutator       7.50000000E-03   0.0000000000E+00 +-    0.0000000000E+00   
tni 2pixx-commutator           7.50000000E-03   0.0000000000E+00 +-    0.0000000000E+00   
tni 2pixd-commutator           7.50000000E-03   0.0000000000E+00 +-    0.0000000000E+00   
tni 2pidd-commutator           7.50000000E-03   0.0000000000E+00 +-    0.0000000000E+00   
tni 2pi-tm                     7.50000000E-03   0.0000000000E+00 +-    0.0000000000E+00   
tni vd1                        7.50000000E-03   0.0000000000E+00 +-    0.0000000000E+00   
tni vd2                        7.50000000E-03   0.0000000000E+00 +-    0.0000000000E+00   
tni ve                         7.50000000E-03   0.0000000000E+00 +-    0.0000000000E+00   
vpottot v8+tni                 7.50000000E-03  -1.4084732861E+02 +-    1.4957629482E+00   
enetot v8+tni                  7.50000000E-03  -2.4292259082E+01 +-    2.7877123135E-01   
vper cent                      7.50000000E-03   1.5342145573E+01 +-    1.1366672341E+00   
vper tau                       7.50000000E-03  -5.5901083407E+00 +-    2.4659684499E-01   
vper sigma                     7.50000000E-03  -1.3385780280E+01 +-    3.3564798073E-01   
vper sigtau                    7.50000000E-03  -6.8295767369E+01 +-    5.7926397962E-01   
vper tensor                    7.50000000E-03   7.4142705326E-01 +-    1.5832108696E-01   
vper tenstau                   7.50000000E-03  -6.9659245244E+01 +-    1.0150580381E+00   
vper ls                        7.50000000E-03   0.0000000000E+00 +-    0.0000000000E+00   
vper lstau                     7.50000000E-03   0.0000000000E+00 +-    0.0000000000E+00   
vpotper v6                     7.50000000E-03  -1.4084732861E+02 +-    1.4957629482E+00   
vpotper v8                     7.50000000E-03  -1.4084732861E+02 +-    1.4957629482E+00   
vpotv6pr-vpotv6per diff        7.50000000E-03   0.0000000000E+00 +-    0.0000000000E+00   
vpotv8pr-vpotv8per diff        7.50000000E-03   0.0000000000E+00 +-    0.0000000000E+00   
2piapr-2pia diff               7.50000000E-03   0.0000000000E+00 +-    0.0000000000E+00   
vd1pr-vd1 diff                 7.50000000E-03   0.0000000000E+00 +-    0.0000000000E+00   
vepr-ve diff                   7.50000000E-03   0.0000000000E+00 +-    0.0000000000E+00   
diff1 2piapr-2pia-2picxx       7.50000000E-03   0.0000000000E+00 +-    0.0000000000E+00   
diff2 vd1pr-vd1-2picxd         7.50000000E-03   0.0000000000E+00 +-    0.0000000000E+00   
diff3 vepr-ve-2picdd           7.50000000E-03   0.0000000000E+00 +-    0.0000000000E+00   
sum diff1+dif2+diff3           7.50000000E-03   0.0000000000E+00 +-    0.0000000000E+00   
proton rms                     7.50000000E-03   1.9521126633E+00 +-    1.1941642488E-02   
neutron rms                    7.50000000E-03   2.0859606282E+00 +-    1.2657501273E-02   
total rms                      7.50000000E-03   2.0189869745E+00 +-    1.1333884063E-02   
neutron-proton rms             7.50000000E-03   1.3384796488E-01 +-    9.5851665203E-03   
GT sigXtau+                    7.50000000E-03  -1.6271094699E-05 +-    2.2213913501E-05   
GT sigYtau+                    7.50000000E-03   5.2127294974E-05 +-    2.3832913495E-05   
GT sigZtau+                    7.50000000E-03   1.3035368189E-04 +-    2.6261238141E-05   
GT sigXtau-                    7.50000000E-03   2.3137305253E-04 +-    2.2279137439E-05   
GT sigYtau-                    7.50000000E-03   6.4143305361E-05 +-    2.3721568763E-05   
GT sigZtau-                    7.50000000E-03  -4.2356611677E-06 +-    2.7239039759E-05   
F tau+                         7.50000000E-03   1.3189221044E-19 +-    4.6645711096E-20   
F tau-                         7.50000000E-03  -8.8698694847E-20 +-    4.1444399185E-20   
Psi**2                         7.50000000E-03   3.5440480221E-05 +-    7.5390809207E-07   
single crossing/step           7.50000000E-03   7.7486577487E-03 +-    4.1822982927E-05   
global crossing/step           7.50000000E-03   7.5948675949E-03 +-    8.2818148601E-05   
energy numerator(real)         7.50000000E-03  -1.0469864727E+01 +-    8.8495509492E-01   
denominator psit/psigi(real)   7.50000000E-03   4.3599554921E-01 +-    1.3388877660E-02   
energy numerator(aimag)        7.50000000E-03  -2.5311325177E+00 +-    5.8035180513E-01   
denominator psit/psigi(aimag)  7.50000000E-03   7.5213259953E-02 +-    8.5883804852E-03   
growth(lin dt) energy          7.50000000E-03  -2.3449976428E+02 +-    5.3494545041E+00   
growth(global) energy          7.50000000E-03  -2.7490949259E+02 +-    1.1401219304E+01
growth energy                  7.50000000E-03  -2.3428734880E+02 +-    5.3317033400E+00
Time for propagation (sec) (min) =          21.984      0.366
Time for energies (sec) (min) =              0.796      0.013
Time for load balancing (sec) (min) =        0.030      0.000
Time for block (sec) (min) =                23.315      0.389
Time for operators (sec) (min) =             0.020      0.000
Elapsed block time (sec) (min) =            69.257      1.154
 
 walkers multiplicity, block, total
   0          50868         140768
   1        1021276        3019565
   2          50369         140140
   3            397            894
   4             51            120
   5             17             35
   6              4              9
   7              7             10
   8              5              6
   9              1              2
  10              1              2
  11              0              1
  14              0              1
  17              0              1
 
 

iteration =                               4
walker number =                       11844
total energy-propagated        1.00000000E-02  -2.5772680282E+01 +-    3.2366751470E-01   
kinetic energy                 1.00000000E-02   1.1352245247E+02 +-    1.7547722667E+00   
potential energy               1.00000000E-02  -1.3929513275E+02 +-    1.8070947995E+00   
im energy                      1.00000000E-02  -9.3154221254E-01 +-    2.7314700706E-01   
imkin energy                   1.00000000E-02  -1.7011869578E+00 +-    5.0361437993E-01   
impot energy                   1.00000000E-02   7.6964474524E-01 +-    4.6106437166E-01   
v cent                         1.00000000E-02   1.9437251868E+01 +-    1.5343758136E+00   
v tau                          1.00000000E-02  -6.2382128474E+00 +-    3.0390911488E-01   
v sigma                        1.00000000E-02  -1.2923552554E+01 +-    2.8220361001E-01   
v sigtau                       1.00000000E-02  -6.3775910206E+01 +-    4.1493770858E-01   
v tensor                       1.00000000E-02   1.1301961365E+00 +-    1.3745352662E-01   
v tenstau                      1.00000000E-02  -7.6924905144E+01 +-    8.4182203199E-01   
v ls                           1.00000000E-02   0.0000000000E+00 +-    0.0000000000E+00   
v lstau                        1.00000000E-02   0.0000000000E+00 +-    0.0000000000E+00   
vpot v6                        1.00000000E-02  -1.3929513275E+02 +-    1.8070947995E+00   
vpot v8                        1.00000000E-02  -1.3929513275E+02 +-    1.8070947995E+00   
v coulomb                      1.00000000E-02   7.9814742946E-01 +-    2.5158246511E-03   
v external                     1.00000000E-02   0.0000000000E+00 +-    0.0000000000E+00   
tni 2pipr-anticomm             1.00000000E-02   0.0000000000E+00 +-    0.0000000000E+00   
tni vd1pr                      1.00000000E-02   0.0000000000E+00 +-    0.0000000000E+00   
tni vepr                       1.00000000E-02   0.0000000000E+00 +-    0.0000000000E+00   
tni central                    1.00000000E-02   0.0000000000E+00 +-    0.0000000000E+00   
tni 2pixx-anticommutator       1.00000000E-02   0.0000000000E+00 +-    0.0000000000E+00   
tni 2pixd-anticommutator       1.00000000E-02   0.0000000000E+00 +-    0.0000000000E+00   
tni 2pidd-anticommutator       1.00000000E-02   0.0000000000E+00 +-    0.0000000000E+00   
tni 2pixx-commutator           1.00000000E-02   0.0000000000E+00 +-    0.0000000000E+00   
tni 2pixd-commutator           1.00000000E-02   0.0000000000E+00 +-    0.0000000000E+00   
tni 2pidd-commutator           1.00000000E-02   0.0000000000E+00 +-    0.0000000000E+00   
tni 2pi-tm                     1.00000000E-02   0.0000000000E+00 +-    0.0000000000E+00   
tni vd1                        1.00000000E-02   0.0000000000E+00 +-    0.0000000000E+00   
tni vd2                        1.00000000E-02   0.0000000000E+00 +-    0.0000000000E+00   
tni ve                         1.00000000E-02   0.0000000000E+00 +-    0.0000000000E+00   
vpottot v8+tni                 1.00000000E-02  -1.3929513275E+02 +-    1.8070947995E+00   
enetot v8+tni                  1.00000000E-02  -2.5772680282E+01 +-    3.2366751470E-01   
vper cent                      1.00000000E-02   1.9437251868E+01 +-    1.5343758136E+00   
vper tau                       1.00000000E-02  -6.2382128474E+00 +-    3.0390911488E-01   
vper sigma                     1.00000000E-02  -1.2923552554E+01 +-    2.8220361001E-01   
vper sigtau                    1.00000000E-02  -6.3775910206E+01 +-    4.1493770858E-01   
vper tensor                    1.00000000E-02   1.1301961365E+00 +-    1.3745352662E-01   
vper tenstau                   1.00000000E-02  -7.6924905144E+01 +-    8.4182203199E-01   
vper ls                        1.00000000E-02   0.0000000000E+00 +-    0.0000000000E+00   
vper lstau                     1.00000000E-02   0.0000000000E+00 +-    0.0000000000E+00   
vpotper v6                     1.00000000E-02  -1.3929513275E+02 +-    1.8070947995E+00   
vpotper v8                     1.00000000E-02  -1.3929513275E+02 +-    1.8070947995E+00   
vpotv6pr-vpotv6per diff        1.00000000E-02   0.0000000000E+00 +-    0.0000000000E+00   
vpotv8pr-vpotv8per diff        1.00000000E-02   0.0000000000E+00 +-    0.0000000000E+00   
2piapr-2pia diff               1.00000000E-02   0.0000000000E+00 +-    0.0000000000E+00   
vd1pr-vd1 diff                 1.00000000E-02   0.0000000000E+00 +-    0.0000000000E+00   
vepr-ve diff                   1.00000000E-02   0.0000000000E+00 +-    0.0000000000E+00   
diff1 2piapr-2pia-2picxx       1.00000000E-02   0.0000000000E+00 +-    0.0000000000E+00   
diff2 vd1pr-vd1-2picxd         1.00000000E-02   0.0000000000E+00 +-    0.0000000000E+00   
diff3 vepr-ve-2picdd           1.00000000E-02   0.0000000000E+00 +-    0.0000000000E+00   
sum diff1+dif2+diff3           1.00000000E-02   0.0000000000E+00 +-    0.0000000000E+00   
proton rms                     1.00000000E-02   1.9452430173E+00 +-    1.2009044763E-02   
neutron rms                    1.00000000E-02   2.0061919755E+00 +-    1.2437405114E-02   
total rms                      1.00000000E-02   1.9692337601E+00 +-    1.0439400293E-02   
neutron-proton rms             1.00000000E-02   6.0948958196E-02 +-    1.2341231786E-02   
GT sigXtau+                    1.00000000E-02  -1.6385179216E-05 +-    2.3247072083E-05   
GT sigYtau+                    1.00000000E-02  -1.8464611470E-04 +-    2.1756244479E-05   
GT sigZtau+                    1.00000000E-02   8.8101205167E-05 +-    2.4835175083E-05   
GT sigXtau-                    1.00000000E-02  -1.7047421815E-04 +-    2.5379898448E-05   
GT sigYtau-                    1.00000000E-02  -3.0707915207E-04 +-    2.2096503391E-05   
GT sigZtau-                    1.00000000E-02   1.2232579140E-04 +-    2.4875412507E-05   
F tau+                         1.00000000E-02   1.6626977524E-19 +-    4.5871949687E-20   
F tau-                         1.00000000E-02   4.6389317115E-20 +-    5.2992894165E-20   
Psi**2                         1.00000000E-02   3.0238538145E-05 +-    5.9923924470E-07   
single crossing/step           1.00000000E-02   8.0357150883E-03 +-    4.2323925191E-05   
global crossing/step           1.00000000E-02   7.8833515660E-03 +-    8.3847953446E-05   
energy numerator(real)         1.00000000E-02  -8.0352793736E+00 +-    7.8608059901E-01   
denominator psit/psigi(real)   1.00000000E-02   3.1726205310E-01 +-    1.2937856840E-02   
energy numerator(aimag)        1.00000000E-02  -2.2901672504E+00 +-    5.6608609436E-01   
denominator psit/psigi(aimag)  1.00000000E-02   5.9701917405E-02 +-    8.5504360677E-03   
growth(lin dt) energy          1.00000000E-02  -2.5482453215E+02 +-    5.6421354671E+00   
growth(global) energy          1.00000000E-02  -2.6492596531E+02 +-    1.3076717738E+01
growth energy                  1.00000000E-02  -2.5454089443E+02 +-    5.6205461716E+00
Time for propagation (sec) (min) =          22.260      0.371
Time for energies (sec) (min) =              0.831      0.014
Time for load balancing (sec) (min) =        0.033      0.001
Time for block (sec) (min) =                23.638      0.394
Time for operators (sec) (min) =             0.023      0.000
Elapsed block time (sec) (min) =            92.928      1.549
 
 walkers multiplicity, block, total
   0          54440         195208
   1        1027981        4047546
   2          53559         193699
   3            411           1305
   4             93            213
   5             33             68
   6              9             18
   7              7             17
   8              2              8
   9              0              2
  10              0              2
  11              2              3
  14              0              1
  17              0              1
  20              1              1
 
 

iteration =                               5
walker number =                       11861
total energy-propagated        1.25000000E-02  -2.8085381036E+01 +-    4.4807316434E-01   
kinetic energy                 1.25000000E-02   1.1209135216E+02 +-    1.5310675249E+00   
potential energy               1.25000000E-02  -1.4017673320E+02 +-    1.4562344327E+00   
im energy                      1.25000000E-02  -3.0123794932E+00 +-    5.2442086339E-01   
imkin energy                   1.25000000E-02   5.7696012875E+00 +-    1.2704510061E+00   
impot energy                   1.25000000E-02  -8.7819807808E+00 +-    1.1174897124E+00   
v cent                         1.25000000E-02   3.7776324718E+01 +-    1.9587673455E+00   
v tau                          1.25000000E-02  -1.3980111819E+01 +-    2.9847056757E-01   
v sigma                        1.25000000E-02  -8.9142227289E+00 +-    1.2740221384E-01   
v sigtau                       1.25000000E-02  -7.0748359290E+01 +-    3.8706966593E-01   
v tensor                       1.25000000E-02   4.9094822087E+00 +-    2.3145454332E-01   
v tenstau                      1.25000000E-02  -8.9219846287E+01 +-    1.5946394504E+00   
v ls                           1.25000000E-02   0.0000000000E+00 +-    0.0000000000E+00   
v lstau                        1.25000000E-02   0.0000000000E+00 +-    0.0000000000E+00   
vpot v6                        1.25000000E-02  -1.4017673320E+02 +-    1.4562344327E+00   
vpot v8                        1.25000000E-02  -1.4017673320E+02 +-    1.4562344327E+00   
v coulomb                      1.25000000E-02   7.7600625074E-01 +-    2.2887069804E-03   
v external                     1.25000000E-02   0.0000000000E+00 +-    0.0000000000E+00   
tni 2pipr-anticomm             1.25000000E-02   0.0000000000E+00 +-    0.0000000000E+00   
tni vd1pr                      1.25000000E-02   0.0000000000E+00 +-    0.0000000000E+00   
tni vepr                       1.25000000E-02   0.0000000000E+00 +-    0.0000000000E+00   
tni central                    1.25000000E-02   0.0000000000E+00 +-    0.0000000000E+00   
tni 2pixx-anticommutator       1.25000000E-02   0.0000000000E+00 +-    0.0000000000E+00   
tni 2pixd-anticommutator       1.25000000E-02   0.0000000000E+00 +-    0.0000000000E+00   
tni 2pidd-anticommutator       1.25000000E-02   0.0000000000E+00 +-    0.0000000000E+00   
tni 2pixx-commutator           1.25000000E-02   0.0000000000E+00 +-    0.0000000000E+00   
tni 2pixd-commutator           1.25000000E-02   0.0000000000E+00 +-    0.0000000000E+00   
tni 2pidd-commutator           1.25000000E-02   0.0000000000E+00 +-    0.0000000000E+00   
tni 2pi-tm                     1.25000000E-02   0.0000000000E+00 +-    0.0000000000E+00   
tni vd1                        1.25000000E-02   0.0000000000E+00 +-    0.0000000000E+00   
tni vd2                        1.25000000E-02   0.0000000000E+00 +-    0.0000000000E+00   
tni ve                         1.25000000E-02   0.0000000000E+00 +-    0.0000000000E+00   
vpottot v8+tni                 1.25000000E-02  -1.4017673320E+02 +-    1.4562344327E+00   
enetot v8+tni                  1.25000000E-02  -2.8085381036E+01 +-    4.4807316434E-01   
vper cent                      1.25000000E-02   3.7776324718E+01 +-    1.9587673455E+00   
vper tau                       1.25000000E-02  -1.3980111819E+01 +-    2.9847056757E-01   
vper sigma                     1.25000000E-02  -8.9142227289E+00 +-    1.2740221384E-01   
vper sigtau                    1.25000000E-02  -7.0748359290E+01 +-    3.8706966593E-01   
vper tensor                    1.25000000E-02   4.9094822087E+00 +-    2.3145454332E-01   
vper tenstau                   1.25000000E-02  -8.9219846287E+01 +-    1.5946394504E+00   
vper ls                        1.25000000E-02   0.0000000000E+00 +-    0.0000000000E+00   
vper lstau                     1.25000000E-02   0.0000000000E+00 +-    0.0000000000E+00   
vpotper v6                     1.25000000E-02  -1.4017673320E+02 +-    1.4562344327E+00   
vpotper v8                     1.25000000E-02  -1.4017673320E+02 +-    1.4562344327E+00   
vpotv6pr-vpotv6per diff        1.25000000E-02   0.0000000000E+00 +-    0.0000000000E+00   
vpotv8pr-vpotv8per diff        1.25000000E-02   0.0000000000E+00 +-    0.0000000000E+00   
2piapr-2pia diff               1.25000000E-02   0.0000000000E+00 +-    0.0000000000E+00   
vd1pr-vd1 diff                 1.25000000E-02   0.0000000000E+00 +-    0.0000000000E+00   
vepr-ve diff                   1.25000000E-02   0.0000000000E+00 +-    0.0000000000E+00   
diff1 2piapr-2pia-2picxx       1.25000000E-02   0.0000000000E+00 +-    0.0000000000E+00   
diff2 vd1pr-vd1-2picxd         1.25000000E-02   0.0000000000E+00 +-    0.0000000000E+00   
diff3 vepr-ve-2picdd           1.25000000E-02   0.0000000000E+00 +-    0.0000000000E+00   
sum diff1+dif2+diff3           1.25000000E-02   0.0000000000E+00 +-    0.0000000000E+00   
proton rms                     1.25000000E-02   1.9665820278E+00 +-    1.3484508979E-02   
neutron rms                    1.25000000E-02   1.9834551544E+00 +-    1.2254754924E-02   
total rms                      1.25000000E-02   1.9768017958E+00 +-    1.1722191822E-02   
neutron-proton rms             1.25000000E-02   1.6873126622E-02 +-    1.1253875992E-02   
GT sigXtau+                    1.25000000E-02   3.3271627522E-05 +-    2.5079821208E-05   
GT sigYtau+                    1.25000000E-02  -1.8089793260E-05 +-    2.4890439482E-05   
GT sigZtau+                    1.25000000E-02   2.8625769277E-04 +-    2.6412749355E-05   
GT sigXtau-                    1.25000000E-02   1.8214537440E-04 +-    2.7178390128E-05   
GT sigYtau-                    1.25000000E-02  -1.5496350123E-04 +-    2.5996805517E-05   
GT sigZtau-                    1.25000000E-02  -4.9346557782E-04 +-    2.7654228276E-05   
F tau+                         1.25000000E-02  -2.9250888454E-19 +-    4.7483885027E-20   
F tau-                         1.25000000E-02   5.7482972166E-20 +-    4.8672391907E-20   
Psi**2                         1.25000000E-02   4.1091225055E-05 +-    8.0481144931E-07   
single crossing/step           1.25000000E-02   8.0268402526E-03 +-    4.2896037926E-05   
global crossing/step           1.25000000E-02   7.8988138376E-03 +-    8.5110634703E-05   
energy numerator(real)         1.25000000E-02  -5.5410506299E+00 +-    8.9230915945E-01   
denominator psit/psigi(real)   1.25000000E-02   1.9965651470E-01 +-    1.2973515718E-02   
energy numerator(aimag)        1.25000000E-02  -1.2222172550E+00 +-    6.4409158274E-01   
denominator psit/psigi(aimag)  1.25000000E-02   2.0505099682E-02 +-    8.6372296817E-03   
growth(lin dt) energy          1.25000000E-02  -2.5766179867E+02 +-    5.8070946431E+00   
growth(global) energy          1.25000000E-02  -2.5566915099E+02 +-    1.2201328937E+01
growth energy                  1.25000000E-02  -2.5736740303E+02 +-    5.7844535290E+00
Time for propagation (sec) (min) =          21.651      0.361
Time for energies (sec) (min) =              0.833      0.014
Time for load balancing (sec) (min) =        0.029      0.000
Time for block (sec) (min) =                22.986      0.383
Time for operators (sec) (min) =             0.023      0.000
Elapsed block time (sec) (min) =           115.938      1.932
 
 walkers multiplicity, block, total
   0          53491         248699
   1         999668        5047214
   2          52106         245805
   3            459           1764
   4             73            286
   5             27             95
   6              7             25
   7              3             20
   8              0              8
   9              3              5
  10              4              6
  11              0              3
  13              1              1
  14              1              2
  17              0              1
  20              1              2
 
 

iteration =                               6
walker number =                       11497
total energy-propagated        1.50000000E-02  -2.2982747258E+01 +-    6.5205099498E-01   
kinetic energy                 1.50000000E-02   8.0966792412E+01 +-    2.4572134480E+00   
potential energy               1.50000000E-02  -1.0394953967E+02 +-    2.5017786343E+00   
im energy                      1.50000000E-02  -1.0349812036E+01 +-    3.6417687309E-01   
imkin energy                   1.50000000E-02  -4.3558263193E+00 +-    8.9840356621E-01   
impot energy                   1.50000000E-02  -5.9939857164E+00 +-    9.1762590889E-01   
v cent                         1.50000000E-02   5.5737494652E+01 +-    2.4378928112E+00   
v tau                          1.50000000E-02  -1.2901575545E+01 +-    3.3250113640E-01   
v sigma                        1.50000000E-02  -8.3190027330E+00 +-    3.5311179916E-01   
v sigtau                       1.50000000E-02  -7.4420724265E+01 +-    5.7120223382E-01   
v tensor                       1.50000000E-02   1.6516819612E+00 +-    1.4544658825E-01   
v tenstau                      1.50000000E-02  -6.5697413741E+01 +-    1.4124557089E+00   
v ls                           1.50000000E-02   0.0000000000E+00 +-    0.0000000000E+00   
v lstau                        1.50000000E-02   0.0000000000E+00 +-    0.0000000000E+00   
vpot v6                        1.50000000E-02  -1.0394953967E+02 +-    2.5017786343E+00   
vpot v8                        1.50000000E-02  -1.0394953967E+02 +-    2.5017786343E+00   
v coulomb                      1.50000000E-02   6.8472177435E-01 +-    3.9030018099E-03   
v external                     1.50000000E-02   0.0000000000E+00 +-    0.0000000000E+00   
tni 2pipr-anticomm             1.50000000E-02   0.0000000000E+00 +-    0.0000000000E+00   
tni vd1pr                      1.50000000E-02   0.0000000000E+00 +-    0.0000000000E+00   
tni vepr                       1.50000000E-02   0.0000000000E+00 +-    0.0000000000E+00   
tni central                    1.50000000E-02   0.0000000000E+00 +-    0.0000000000E+00   
tni 2pixx-anticommutator       1.50000000E-02   0.0000000000E+00 +-    0.0000000000E+00   
tni 2pixd-anticommutator       1.50000000E-02   0.0000000000E+00 +-    0.0000000000E+00   
tni 2pidd-anticommutator       1.50000000E-02   0.0000000000E+00 +-    0.0000000000E+00   
tni 2pixx-commutator           1.50000000E-02   0.0000000000E+00 +-    0.0000000000E+00   
tni 2pixd-commutator           1.50000000E-02   0.0000000000E+00 +-    0.0000000000E+00   
tni 2pidd-commutator           1.50000000E-02   0.0000000000E+00 +-    0.0000000000E+00   
tni 2pi-tm                     1.50000000E-02   0.0000000000E+00 +-    0.0000000000E+00   
tni vd1                        1.50000000E-02   0.0000000000E+00 +-    0.0000000000E+00   
tni vd2                        1.50000000E-02   0.0000000000E+00 +-    0.0000000000E+00   
tni ve                         1.50000000E-02   0.0000000000E+00 +-    0.0000000000E+00   
vpottot v8+tni                 1.50000000E-02  -1.0394953967E+02 +-    2.5017786343E+00   
enetot v8+tni                  1.50000000E-02  -2.2982747258E+01 +-    6.5205099498E-01   
vper cent                      1.50000000E-02   5.5737494652E+01 +-    2.4378928112E+00   
vper tau                       1.50000000E-02  -1.2901575545E+01 +-    3.3250113640E-01   
vper sigma                     1.50000000E-02  -8.3190027330E+00 +-    3.5311179916E-01   
vper sigtau                    1.50000000E-02  -7.4420724265E+01 +-    5.7120223382E-01   
vper tensor                    1.50000000E-02   1.6516819612E+00 +-    1.4544658825E-01   
vper tenstau                   1.50000000E-02  -6.5697413741E+01 +-    1.4124557089E+00   
vper ls                        1.50000000E-02   0.0000000000E+00 +-    0.0000000000E+00   
vper lstau                     1.50000000E-02   0.0000000000E+00 +-    0.0000000000E+00   
vpotper v6                     1.50000000E-02  -1.0394953967E+02 +-    2.5017786343E+00   
vpotper v8                     1.50000000E-02  -1.0394953967E+02 +-    2.5017786343E+00   
vpotv6pr-vpotv6per diff        1.50000000E-02   0.0000000000E+00 +-    0.0000000000E+00   
vpotv8pr-vpotv8per diff        1.50000000E-02   0.0000000000E+00 +-    0.0000000000E+00   
2piapr-2pia diff               1.50000000E-02   0.0000000000E+00 +-    0.0000000000E+00   
vd1pr-vd1 diff                 1.50000000E-02   0.0000000000E+00 +-    0.0000000000E+00   
vepr-ve diff                   1.50000000E-02   0.0000000000E+00 +-    0.0000000000E+00   
diff1 2piapr-2pia-2picxx       1.50000000E-02   0.0000000000E+00 +-    0.0000000000E+00   
diff2 vd1pr-vd1-2picxd         1.50000000E-02   0.0000000000E+00 +-    0.0000000000E+00   
diff3 vepr-ve-2picdd           1.50000000E-02   0.0000000000E+00 +-    0.0000000000E+00   
sum diff1+dif2+diff3           1.50000000E-02   0.0000000000E+00 +-    0.0000000000E+00   
proton rms                     1.50000000E-02   2.0766791543E+00 +-    1.3057435459E-02   
neutron rms                    1.50000000E-02   1.8628654159E+00 +-    1.1020219067E-02   
total rms                      1.50000000E-02   1.9655521270E+00 +-    1.0387539034E-02   
neutron-proton rms             1.50000000E-02  -2.1381373835E-01 +-    1.3782830345E-02   
GT sigXtau+                    1.50000000E-02  -6.5440841059E-05 +-    3.3003786575E-05   
GT sigYtau+                    1.50000000E-02  -4.8239419195E-04 +-    1.7025321508E-05   
GT sigZtau+                    1.50000000E-02  -2.7064124300E-04 +-    2.3782542075E-05   
GT sigXtau-                    1.50000000E-02   6.8834173138E-04 +-    2.9634013986E-05   
GT sigYtau-                    1.50000000E-02  -6.5034408419E-04 +-    2.1315193003E-05   
GT sigZtau-                    1.50000000E-02   4.7928648150E-04 +-    2.5055643081E-05   
F tau+                         1.50000000E-02  -1.0911824809E-19 +-    4.7689202878E-20   
F tau-                         1.50000000E-02   1.4069084184E-19 +-    5.3240825416E-20   
Psi**2                         1.50000000E-02   2.0336101189E-05 +-    9.8951311633E-07   
single crossing/step           1.50000000E-02   7.9225953435E-03 +-    4.2589579465E-05   
global crossing/step           1.50000000E-02   7.7688974554E-03 +-    8.4355410627E-05   
energy numerator(real)         1.50000000E-02  -2.0918819416E+00 +-    8.5520818108E-01   
denominator psit/psigi(real)   1.50000000E-02   1.2121928554E-01 +-    1.3602427584E-02   
energy numerator(aimag)        1.50000000E-02  -2.9136046548E+00 +-    5.8006066396E-01   
denominator psit/psigi(aimag)  1.50000000E-02   4.4489496818E-02 +-    8.9762457862E-03   
growth(lin dt) energy          1.50000000E-02  -2.4403769010E+02 +-    5.6828869934E+00   
growth(global) energy          1.50000000E-02  -2.4372944509E+02 +-    1.2264704486E+01
growth energy                  1.50000000E-02  -2.4379312879E+02 +-    5.6626601037E+00
Time for propagation (sec) (min) =          21.690      0.361
Time for energies (sec) (min) =              0.807      0.013
Time for load balancing (sec) (min) =        0.025      0.000
Time for block (sec) (min) =                23.053      0.384
Time for operators (sec) (min) =             0.027      0.000
Elapsed block time (sec) (min) =           139.027      2.317
 
 walkers multiplicity, block, total
   0          54146         302845
   1        1000117        6047331
   2          52642         298447
   3            369           2133
   4             64            350
   5             13            108
   6             10             35
   7              8             28
   8              0              8
   9              0              5
  10              2              8
  11              1              4
  13              0              1
  14              1              3
  17              0              1
  20              1              3
 
 

iteration =                               7
walker number =                       11184
total energy-propagated        1.75000000E-02  -3.2426787370E+01 +-    5.2916431845E-01   
kinetic energy                 1.75000000E-02   1.3216080001E+02 +-    3.1041846005E+00   
potential energy               1.75000000E-02  -1.6458758738E+02 +-    3.0872626750E+00   
im energy                      1.75000000E-02   7.6028414572E+00 +-    3.3600761580E-01   
imkin energy                   1.75000000E-02   2.1709278771E+01 +-    7.8071963123E-01   
impot energy                   1.75000000E-02  -1.4106437314E+01 +-    7.8553232068E-01   
v cent                         1.75000000E-02   3.8682152218E+01 +-    2.6908885597E+00   
v tau                          1.75000000E-02  -1.1017455075E+01 +-    3.7780066106E-01   
v sigma                        1.75000000E-02  -1.4738034425E+01 +-    3.2939617169E-01   
v sigtau                       1.75000000E-02  -8.0877379582E+01 +-    6.6309379694E-01   
v tensor                       1.75000000E-02   1.3720725875E+00 +-    2.0312122214E-01   
v tenstau                      1.75000000E-02  -9.8008943107E+01 +-    1.6293133099E+00   
v ls                           1.75000000E-02   0.0000000000E+00 +-    0.0000000000E+00   
v lstau                        1.75000000E-02   0.0000000000E+00 +-    0.0000000000E+00   
vpot v6                        1.75000000E-02  -1.6458758738E+02 +-    3.0872626750E+00   
vpot v8                        1.75000000E-02  -1.6458758738E+02 +-    3.0872626750E+00   
v coulomb                      1.75000000E-02   6.9730606268E-01 +-    1.3915204233E-03   
v external                     1.75000000E-02   0.0000000000E+00 +-    0.0000000000E+00   
tni 2pipr-anticomm             1.75000000E-02   0.0000000000E+00 +-    0.0000000000E+00   
tni vd1pr                      1.75000000E-02   0.0000000000E+00 +-    0.0000000000E+00   
tni vepr                       1.75000000E-02   0.0000000000E+00 +-    0.0000000000E+00   
tni central                    1.75000000E-02   0.0000000000E+00 +-    0.0000000000E+00   
tni 2pixx-anticommutator       1.75000000E-02   0.0000000000E+00 +-    0.0000000000E+00   
tni 2pixd-anticommutator       1.75000000E-02   0.0000000000E+00 +-    0.0000000000E+00   
tni 2pidd-anticommutator       1.75000000E-02   0.0000000000E+00 +-    0.0000000000E+00   
tni 2pixx-commutator           1.75000000E-02   0.0000000000E+00 +-    0.0000000000E+00   
tni 2pixd-commutator           1.75000000E-02   0.0000000000E+00 +-    0.0000000000E+00   
tni 2pidd-commutator           1.75000000E-02   0.0000000000E+00 +-    0.0000000000E+00   
tni 2pi-tm                     1.75000000E-02   0.0000000000E+00 +-    0.0000000000E+00   
tni vd1                        1.75000000E-02   0.0000000000E+00 +-    0.0000000000E+00   
tni vd2                        1.75000000E-02   0.0000000000E+00 +-    0.0000000000E+00   
tni ve                         1.75000000E-02   0.0000000000E+00 +-    0.0000000000E+00   
vpottot v8+tni                 1.75000000E-02  -1.6458758738E+02 +-    3.0872626750E+00   
enetot v8+tni                  1.75000000E-02  -3.2426787370E+01 +-    5.2916431845E-01   
vper cent                      1.75000000E-02   3.8682152218E+01 +-    2.6908885597E+00   
vper tau                       1.75000000E-02  -1.1017455075E+01 +-    3.7780066106E-01   
vper sigma                     1.75000000E-02  -1.4738034425E+01 +-    3.2939617169E-01   
vper sigtau                    1.75000000E-02  -8.0877379582E+01 +-    6.6309379694E-01   
vper tensor                    1.75000000E-02   1.3720725875E+00 +-    2.0312122214E-01   
vper tenstau                   1.75000000E-02  -9.8008943107E+01 +-    1.6293133099E+00   
vper ls                        1.75000000E-02   0.0000000000E+00 +-    0.0000000000E+00   
vper lstau                     1.75000000E-02   0.0000000000E+00 +-    0.0000000000E+00   
vpotper v6                     1.75000000E-02  -1.6458758738E+02 +-    3.0872626750E+00   
vpotper v8                     1.75000000E-02  -1.6458758738E+02 +-    3.0872626750E+00   
vpotv6pr-vpotv6per diff        1.75000000E-02   0.0000000000E+00 +-    0.0000000000E+00   
vpotv8pr-vpotv8per diff        1.75000000E-02   0.0000000000E+00 +-    0.0000000000E+00   
2piapr-2pia diff               1.75000000E-02   0.0000000000E+00 +-    0.0000000000E+00   
vd1pr-vd1 diff                 1.75000000E-02   0.0000000000E+00 +-    0.0000000000E+00   
vepr-ve diff                   1.75000000E-02   0.0000000000E+00 +-    0.0000000000E+00   
diff1 2piapr-2pia-2picxx       1.75000000E-02   0.0000000000E+00 +-    0.0000000000E+00   
diff2 vd1pr-vd1-2picxd         1.75000000E-02   0.0000000000E+00 +-    0.0000000000E+00   
diff3 vepr-ve-2picdd           1.75000000E-02   0.0000000000E+00 +-    0.0000000000E+00   
sum diff1+dif2+diff3           1.75000000E-02   0.0000000000E+00 +-    0.0000000000E+00   
proton rms                     1.75000000E-02   1.8695491140E+00 +-    1.2243840587E-02   
neutron rms                    1.75000000E-02   1.5379314324E+00 +-    9.2076890342E-03   
total rms                      1.75000000E-02   1.7259783438E+00 +-    1.0166306124E-02   
neutron-proton rms             1.75000000E-02  -3.3161768156E-01 +-    8.7909066621E-03   
GT sigXtau+                    1.75000000E-02   1.9819637936E-04 +-    3.0077420685E-05   
GT sigYtau+                    1.75000000E-02  -5.7875177411E-06 +-    3.0036575753E-05   
GT sigZtau+                    1.75000000E-02  -2.4288026372E-05 +-    3.5216917202E-05   
GT sigXtau-                    1.75000000E-02  -4.3110941224E-04 +-    3.0359842932E-05   
GT sigYtau-                    1.75000000E-02  -4.5230970324E-05 +-    2.7437163025E-05   
GT sigZtau-                    1.75000000E-02  -6.7894703838E-05 +-    2.3386695041E-05   
F tau+                         1.75000000E-02  -7.9083924732E-19 +-    4.9279865951E-20   
F tau-                         1.75000000E-02   1.0379808520E-18 +-    4.8939190907E-20   
Psi**2                         1.75000000E-02   3.6678901088E-05 +-    9.6553231395E-07   
single crossing/step           1.75000000E-02   7.9695705647E-03 +-    4.2465473110E-05   
global crossing/step           1.75000000E-02   7.8372766057E-03 +-    8.4228689958E-05   
energy numerator(real)         1.75000000E-02  -3.8353096846E+00 +-    9.2267363057E-01   
denominator psit/psigi(real)   1.75000000E-02   1.1284943440E-01 +-    1.3712701453E-02   
energy numerator(aimag)        1.75000000E-02   8.7420204891E-01 +-    6.3034527946E-01   
denominator psit/psigi(aimag)  1.75000000E-02   1.4699827132E-02 +-    9.0324740599E-03   
growth(lin dt) energy          1.75000000E-02  -2.4521253760E+02 +-    5.6229233093E+00   
growth(global) energy          1.75000000E-02  -2.3724162479E+02 +-    1.1581149980E+01
growth energy                  1.75000000E-02  -2.4496386044E+02 +-    5.6027500567E+00
Time for propagation (sec) (min) =          21.943      0.366
Time for energies (sec) (min) =              0.786      0.013
Time for load balancing (sec) (min) =        0.026      0.000
Time for block (sec) (min) =                23.252      0.388
Time for operators (sec) (min) =             0.023      0.000
Elapsed block time (sec) (min) =           162.302      2.705
 
 walkers multiplicity, block, total
   0          54879         357724
   1        1011232        7058563
   2          53538         351985
   3            347           2480
   4             55            405
   5             21            129
   6              4             39
   7              3             31
   8              2             10
   9              1              6
  10              0              8
  11              0              4
  12              1              1
  13              0              1
  14              0              3
  15              1              1
  17              0              1
  20              0              3
 
 

iteration =                               8
walker number =                       11701
total energy-propagated        2.00000000E-02   3.2461781014E+00 +-    7.8028172197E-01   
kinetic energy                 2.00000000E-02   1.4113009493E+02 +-    2.7551926027E+00   
potential energy               2.00000000E-02  -1.3788391683E+02 +-    2.4552157623E+00   
im energy                      2.00000000E-02  -1.3865069141E+01 +-    8.6328795826E-01   
imkin energy                   2.00000000E-02  -2.0776578956E+01 +-    1.0145664246E+00   
impot energy                   2.00000000E-02   6.9115098146E+00 +-    1.6393064629E+00   
v cent                         2.00000000E-02   6.8374434902E+01 +-    3.0281088892E+00   
v tau                          2.00000000E-02  -2.7762564145E+01 +-    9.1408419744E-01   
v sigma                        2.00000000E-02   1.1027758432E+01 +-    4.5517891855E-01   
v sigtau                       2.00000000E-02  -5.3875869807E+01 +-    5.7653125942E-01   
v tensor                       2.00000000E-02   7.4021349881E+00 +-    5.2718682869E-01   
v tenstau                      2.00000000E-02  -1.4304981120E+02 +-    2.4176296473E+00   
v ls                           2.00000000E-02   0.0000000000E+00 +-    0.0000000000E+00   
v lstau                        2.00000000E-02   0.0000000000E+00 +-    0.0000000000E+00   
vpot v6                        2.00000000E-02  -1.3788391683E+02 +-    2.4552157623E+00   
vpot v8                        2.00000000E-02  -1.3788391683E+02 +-    2.4552157623E+00   
v coulomb                      2.00000000E-02   5.6510669247E-01 +-    4.4278898256E-03   
v external                     2.00000000E-02   0.0000000000E+00 +-    0.0000000000E+00   
tni 2pipr-anticomm             2.00000000E-02   0.0000000000E+00 +-    0.0000000000E+00   
tni vd1pr                      2.00000000E-02   0.0000000000E+00 +-    0.0000000000E+00   
tni vepr                       2.00000000E-02   0.0000000000E+00 +-    0.0000000000E+00   
tni central                    2.00000000E-02   0.0000000000E+00 +-    0.0000000000E+00   
tni 2pixx-anticommutator       2.00000000E-02   0.0000000000E+00 +-    0.0000000000E+00   
tni 2pixd-anticommutator       2.00000000E-02   0.0000000000E+00 +-    0.0000000000E+00   
tni 2pidd-anticommutator       2.00000000E-02   0.0000000000E+00 +-    0.0000000000E+00   
tni 2pixx-commutator           2.00000000E-02   0.0000000000E+00 +-    0.0000000000E+00   
tni 2pixd-commutator           2.00000000E-02   0.0000000000E+00 +-    0.0000000000E+00   
tni 2pidd-commutator           2.00000000E-02   0.0000000000E+00 +-    0.0000000000E+00   
tni 2pi-tm                     2.00000000E-02   0.0000000000E+00 +-    0.0000000000E+00   
tni vd1                        2.00000000E-02   0.0000000000E+00 +-    0.0000000000E+00   
tni vd2                        2.00000000E-02   0.0000000000E+00 +-    0.0000000000E+00   
tni ve                         2.00000000E-02   0.0000000000E+00 +-    0.0000000000E+00   
vpottot v8+tni                 2.00000000E-02  -1.3788391683E+02 +-    2.4552157623E+00   
enetot v8+tni                  2.00000000E-02   3.2461781014E+00 +-    7.8028172197E-01   
vper cent                      2.00000000E-02   6.8374434902E+01 +-    3.0281088892E+00   
vper tau                       2.00000000E-02  -2.7762564145E+01 +-    9.1408419744E-01   
vper sigma                     2.00000000E-02   1.1027758432E+01 +-    4.5517891855E-01   
vper sigtau                    2.00000000E-02  -5.3875869807E+01 +-    5.7653125942E-01   
vper tensor                    2.00000000E-02   7.4021349881E+00 +-    5.2718682869E-01   
vper tenstau                   2.00000000E-02  -1.4304981120E+02 +-    2.4176296473E+00   
vper ls                        2.00000000E-02   0.0000000000E+00 +-    0.0000000000E+00   
vper lstau                     2.00000000E-02   0.0000000000E+00 +-    0.0000000000E+00   
vpotper v6                     2.00000000E-02  -1.3788391683E+02 +-    2.4552157623E+00   
vpotper v8                     2.00000000E-02  -1.3788391683E+02 +-    2.4552157623E+00   
vpotv6pr-vpotv6per diff        2.00000000E-02   0.0000000000E+00 +-    0.0000000000E+00   
vpotv8pr-vpotv8per diff        2.00000000E-02   0.0000000000E+00 +-    0.0000000000E+00   
2piapr-2pia diff               2.00000000E-02   0.0000000000E+00 +-    0.0000000000E+00   
vd1pr-vd1 diff                 2.00000000E-02   0.0000000000E+00 +-    0.0000000000E+00   
vepr-ve diff                   2.00000000E-02   0.0000000000E+00 +-    0.0000000000E+00   
diff1 2piapr-2pia-2picxx       2.00000000E-02   0.0000000000E+00 +-    0.0000000000E+00   
diff2 vd1pr-vd1-2picxd         2.00000000E-02   0.0000000000E+00 +-    0.0000000000E+00   
diff3 vepr-ve-2picdd           2.00000000E-02   0.0000000000E+00 +-    0.0000000000E+00   
sum diff1+dif2+diff3           2.00000000E-02   0.0000000000E+00 +-    0.0000000000E+00   
proton rms                     2.00000000E-02   2.0610982959E+00 +-    1.2518297413E-02   
neutron rms                    2.00000000E-02   1.8756199334E+00 +-    1.4633120932E-02   
total rms                      2.00000000E-02   1.9328025385E+00 +-    9.6525274380E-03   
neutron-proton rms             2.00000000E-02  -1.8547836253E-01 +-    1.6647610725E-02   
GT sigXtau+                    2.00000000E-02  -1.1190160401E-05 +-    3.4072732428E-05   
GT sigYtau+                    2.00000000E-02  -1.1228660339E-03 +-    1.6201771948E-05   
GT sigZtau+                    2.00000000E-02  -1.0129983978E-03 +-    1.6826820182E-05   
GT sigXtau-                    2.00000000E-02  -1.4098187937E-03 +-    3.1696770295E-05   
GT sigYtau-                    2.00000000E-02   8.7025668602E-04 +-    3.3638116647E-05   
GT sigZtau-                    2.00000000E-02   1.8111244827E-03 +-    4.0504938597E-05   
F tau+                         2.00000000E-02   4.8415150454E-19 +-    5.8057884900E-20   
F tau-                         2.00000000E-02   4.9851284268E-20 +-    6.2948339519E-20   
Psi**2                         2.00000000E-02   4.3866718480E-05 +-    1.5147610605E-06   
single crossing/step           2.00000000E-02   8.3284716778E-03 +-    4.3383971936E-05   
global crossing/step           2.00000000E-02   8.0773367851E-03 +-    8.5460559042E-05   
energy numerator(real)         2.00000000E-02   6.9097099338E-01 +-    9.1915280256E-01   
denominator psit/psigi(real)   2.00000000E-02   5.0431576521E-02 +-    1.2987801471E-02   
energy numerator(aimag)        2.00000000E-02  -5.3980493237E-01 +-    6.7714772555E-01   
denominator psit/psigi(aimag)  2.00000000E-02   3.9755262449E-02 +-    8.5851704918E-03   
growth(lin dt) energy          2.00000000E-02  -2.6668544946E+02 +-    5.8437302933E+00   
growth(global) energy          2.00000000E-02  -2.7311827774E+02 +-    1.1517601605E+01
growth energy                  2.00000000E-02  -2.6635551182E+02 +-    5.8196359466E+00
Time for propagation (sec) (min) =          21.966      0.366
Time for energies (sec) (min) =              0.821      0.014
Time for load balancing (sec) (min) =        0.027      0.000
Time for block (sec) (min) =                23.307      0.388
Time for operators (sec) (min) =             0.027      0.000
Elapsed block time (sec) (min) =           185.636      3.094
 
 walkers multiplicity, block, total
   0          55958         413682
   1        1009514        8068077
   2          55086         407071
   3            458           2938
   4             73            478
   5             20            149
   6             13             52
   7              3             34
   8              3             13
   9              4             10
  10              2             10
  11              2              6
  12              0              1
  13              0              1
  14              0              3
  15              0              1
  17              0              1
  20              0              3
 
 

iteration =                               9
walker number =                       11309
total energy-propagated        2.25000000E-02  -1.8159238458E+01 +-    6.7137066411E-01   
kinetic energy                 2.25000000E-02   1.4170166810E+02 +-    9.8361054049E-01   
potential energy               2.25000000E-02  -1.5986090656E+02 +-    6.5065656720E-01   
im energy                      2.25000000E-02   1.7730698462E+01 +-    3.1511298729E-01   
imkin energy                   2.25000000E-02   3.9306225297E+01 +-    8.8402763993E-01   
impot energy                   2.25000000E-02  -2.1575526835E+01 +-    8.7709799810E-01   
v cent                         2.25000000E-02   2.7544534503E+01 +-    1.4299590292E+00   
v tau                          2.25000000E-02  -1.5935466165E+01 +-    5.1651798072E-01   
v sigma                        2.25000000E-02  -2.1828722489E+00 +-    4.3965457974E-01   
v sigtau                       2.25000000E-02  -7.0608306437E+01 +-    8.0112182023E-01   
v tensor                       2.25000000E-02   3.8315618450E-02 +-    2.5724203325E-01   
v tenstau                      2.25000000E-02  -9.8717111832E+01 +-    1.2834173542E+00   
v ls                           2.25000000E-02   0.0000000000E+00 +-    0.0000000000E+00   
v lstau                        2.25000000E-02   0.0000000000E+00 +-    0.0000000000E+00   
vpot v6                        2.25000000E-02  -1.5986090656E+02 +-    6.5065656720E-01   
vpot v8                        2.25000000E-02  -1.5986090656E+02 +-    6.5065656720E-01   
v coulomb                      2.25000000E-02   7.3292689672E-01 +-    4.7661424120E-03   
v external                     2.25000000E-02   0.0000000000E+00 +-    0.0000000000E+00   
tni 2pipr-anticomm             2.25000000E-02   0.0000000000E+00 +-    0.0000000000E+00   
tni vd1pr                      2.25000000E-02   0.0000000000E+00 +-    0.0000000000E+00   
tni vepr                       2.25000000E-02   0.0000000000E+00 +-    0.0000000000E+00   
tni central                    2.25000000E-02   0.0000000000E+00 +-    0.0000000000E+00   
tni 2pixx-anticommutator       2.25000000E-02   0.0000000000E+00 +-    0.0000000000E+00   
tni 2pixd-anticommutator       2.25000000E-02   0.0000000000E+00 +-    0.0000000000E+00   
tni 2pidd-anticommutator       2.25000000E-02   0.0000000000E+00 +-    0.0000000000E+00   
tni 2pixx-commutator           2.25000000E-02   0.0000000000E+00 +-    0.0000000000E+00   
tni 2pixd-commutator           2.25000000E-02   0.0000000000E+00 +-    0.0000000000E+00   
tni 2pidd-commutator           2.25000000E-02   0.0000000000E+00 +-    0.0000000000E+00   
tni 2pi-tm                     2.25000000E-02   0.0000000000E+00 +-    0.0000000000E+00   
tni vd1                        2.25000000E-02   0.0000000000E+00 +-    0.0000000000E+00   
tni vd2                        2.25000000E-02   0.0000000000E+00 +-    0.0000000000E+00   
tni ve                         2.25000000E-02   0.0000000000E+00 +-    0.0000000000E+00   
vpottot v8+tni                 2.25000000E-02  -1.5986090656E+02 +-    6.5065656720E-01   
enetot v8+tni                  2.25000000E-02  -1.8159238458E+01 +-    6.7137066411E-01   
vper cent                      2.25000000E-02   2.7544534503E+01 +-    1.4299590292E+00   
vper tau                       2.25000000E-02  -1.5935466165E+01 +-    5.1651798072E-01   
vper sigma                     2.25000000E-02  -2.1828722489E+00 +-    4.3965457974E-01   
vper sigtau                    2.25000000E-02  -7.0608306437E+01 +-    8.0112182023E-01   
vper tensor                    2.25000000E-02   3.8315618450E-02 +-    2.5724203325E-01   
vper tenstau                   2.25000000E-02  -9.8717111832E+01 +-    1.2834173542E+00   
vper ls                        2.25000000E-02   0.0000000000E+00 +-    0.0000000000E+00   
vper lstau                     2.25000000E-02   0.0000000000E+00 +-    0.0000000000E+00   
vpotper v6                     2.25000000E-02  -1.5986090656E+02 +-    6.5065656720E-01   
vpotper v8                     2.25000000E-02  -1.5986090656E+02 +-    6.5065656720E-01   
vpotv6pr-vpotv6per diff        2.25000000E-02   0.0000000000E+00 +-    0.0000000000E+00   
vpotv8pr-vpotv8per diff        2.25000000E-02   0.0000000000E+00 +-    0.0000000000E+00   
2piapr-2pia diff               2.25000000E-02   0.0000000000E+00 +-    0.0000000000E+00   
vd1pr-vd1 diff                 2.25000000E-02   0.0000000000E+00 +-    0.0000000000E+00   
vepr-ve diff                   2.25000000E-02   0.0000000000E+00 +-    0.0000000000E+00   
diff1 2piapr-2pia-2picxx       2.25000000E-02   0.0000000000E+00 +-    0.0000000000E+00   
diff2 vd1pr-vd1-2picxd         2.25000000E-02   0.0000000000E+00 +-    0.0000000000E+00   
diff3 vepr-ve-2picdd           2.25000000E-02   0.0000000000E+00 +-    0.0000000000E+00   
sum diff1+dif2+diff3           2.25000000E-02   0.0000000000E+00 +-    0.0000000000E+00   
proton rms                     2.25000000E-02   2.0176069633E+00 +-    1.5844887081E-02   
neutron rms                    2.25000000E-02   1.6805153708E+00 +-    1.1355550669E-02   
total rms                      2.25000000E-02   1.8551698645E+00 +-    1.1068899650E-02   
neutron-proton rms             2.25000000E-02  -3.3709159251E-01 +-    1.5604660288E-02   
GT sigXtau+                    2.25000000E-02  -4.0411912563E-04 +-    2.2759578360E-05   
GT sigYtau+                    2.25000000E-02   2.1797975916E-05 +-    3.0612323515E-05   
GT sigZtau+                    2.25000000E-02   7.5254078139E-04 +-    3.9927014912E-05   
GT sigXtau-                    2.25000000E-02   5.4984003180E-04 +-    2.7418586770E-05   
GT sigYtau-                    2.25000000E-02  -2.8956943071E-04 +-    3.8667076484E-05   
GT sigZtau-                    2.25000000E-02   2.7184922225E-04 +-    3.5928994735E-05   
F tau+                         2.25000000E-02   5.4458293953E-19 +-    4.5005309384E-20   
F tau-                         2.25000000E-02  -1.1457600271E-18 +-    6.5995455932E-20   
Psi**2                         2.25000000E-02  -1.6038314713E-05 +-    1.5649223636E-06   
single crossing/step           2.25000000E-02   7.3799760728E-03 +-    4.0896290836E-05   
global crossing/step           2.25000000E-02   7.2347692673E-03 +-    8.0989840811E-05   
energy numerator(real)         2.25000000E-02  -1.9685647040E+00 +-    8.7801797365E-01   
denominator psit/psigi(real)   2.25000000E-02   1.7566253960E-02 +-    1.3215070175E-02   
energy numerator(aimag)        2.25000000E-02  -6.9518494385E-01 +-    5.9903308037E-01   
denominator psit/psigi(aimag)  2.25000000E-02   6.3436956357E-02 +-    8.8434520221E-03   
growth(lin dt) energy          2.25000000E-02  -2.5197985536E+02 +-    5.7315723732E+00   
growth(global) energy          2.25000000E-02  -2.4031148869E+02 +-    1.2275763462E+01
growth energy                  2.25000000E-02  -2.5170680312E+02 +-    5.7100390204E+00
Time for propagation (sec) (min) =          21.924      0.365
Time for energies (sec) (min) =              0.794      0.013
Time for load balancing (sec) (min) =        0.024      0.000
Time for block (sec) (min) =                23.229      0.387
Time for operators (sec) (min) =             0.026      0.000
Elapsed block time (sec) (min) =           208.901      3.482
 
 walkers multiplicity, block, total
   0          55540         469222
   1        1009112        9077189
   2          53881         460952
   3            411           3349
   4             72            550
   5             21            170
   6             12             64
   7              3             37
   8              3             16
   9              2             12
  10              0             10
  11              0              6
  12              1              2
  13              0              1
  14              0              3
  15              0              1
  17              0              1
  20              1              4
 
 

iteration =                              10
walker number =                       11624
total energy-propagated        2.50000000E-02  -9.0571275814E+00 +-    2.9695528108E-01   
kinetic energy                 2.50000000E-02   1.6190294085E+02 +-    3.1628564647E+00   
potential energy               2.50000000E-02  -1.7096006843E+02 +-    3.1465907413E+00   
im energy                      2.50000000E-02  -3.4247677609E+01 +-    5.4964087314E-01   
imkin energy                   2.50000000E-02   3.6718793796E+01 +-    8.0482011241E-01   
impot energy                   2.50000000E-02  -7.0966471406E+01 +-    9.5566274472E-01   
v cent                         2.50000000E-02  -2.3873358371E+01 +-    2.9292049775E+00   
v tau                          2.50000000E-02  -3.3920356436E+00 +-    5.0846266242E-01   
v sigma                        2.50000000E-02  -2.8904614970E+01 +-    4.0584838930E-01   
v sigtau                       2.50000000E-02  -8.4411553543E+01 +-    8.4864326955E-01   
v tensor                       2.50000000E-02  -1.8771558883E+00 +-    1.6695255111E-01   
v tenstau                      2.50000000E-02  -2.8501350011E+01 +-    1.0822582150E+00   
v ls                           2.50000000E-02   0.0000000000E+00 +-    0.0000000000E+00   
v lstau                        2.50000000E-02   0.0000000000E+00 +-    0.0000000000E+00   
vpot v6                        2.50000000E-02  -1.7096006843E+02 +-    3.1465907413E+00   
vpot v8                        2.50000000E-02  -1.7096006843E+02 +-    3.1465907413E+00   
v coulomb                      2.50000000E-02   6.7212544578E-01 +-    4.3681897250E-03   
v external                     2.50000000E-02   0.0000000000E+00 +-    0.0000000000E+00   
tni 2pipr-anticomm             2.50000000E-02   0.0000000000E+00 +-    0.0000000000E+00   
tni vd1pr                      2.50000000E-02   0.0000000000E+00 +-    0.0000000000E+00   
tni vepr                       2.50000000E-02   0.0000000000E+00 +-    0.0000000000E+00   
tni central                    2.50000000E-02   0.0000000000E+00 +-    0.0000000000E+00   
tni 2pixx-anticommutator       2.50000000E-02   0.0000000000E+00 +-    0.0000000000E+00   
tni 2pixd-anticommutator       2.50000000E-02   0.0000000000E+00 +-    0.0000000000E+00   
tni 2pidd-anticommutator       2.50000000E-02   0.0000000000E+00 +-    0.0000000000E+00   
tni 2pixx-commutator           2.50000000E-02   0.0000000000E+00 +-    0.0000000000E+00   
tni 2pixd-commutator           2.50000000E-02   0.0000000000E+00 +-    0.0000000000E+00   
tni 2pidd-commutator           2.50000000E-02   0.0000000000E+00 +-    0.0000000000E+00   
tni 2pi-tm                     2.50000000E-02   0.0000000000E+00 +-    0.0000000000E+00   
tni vd1                        2.50000000E-02   0.0000000000E+00 +-    0.0000000000E+00   
tni vd2                        2.50000000E-02   0.0000000000E+00 +-    0.0000000000E+00   
tni ve                         2.50000000E-02   0.0000000000E+00 +-    0.0000000000E+00   
vpottot v8+tni                 2.50000000E-02  -1.7096006843E+02 +-    3.1465907413E+00   
enetot v8+tni                  2.50000000E-02  -9.0571275814E+00 +-    2.9695528108E-01   
vper cent                      2.50000000E-02  -2.3873358371E+01 +-    2.9292049775E+00   
vper tau                       2.50000000E-02  -3.3920356436E+00 +-    5.0846266242E-01   
vper sigma                     2.50000000E-02  -2.8904614970E+01 +-    4.0584838930E-01   
vper sigtau                    2.50000000E-02  -8.4411553543E+01 +-    8.4864326955E-01   
vper tensor                    2.50000000E-02  -1.8771558883E+00 +-    1.6695255111E-01   
vper tenstau                   2.50000000E-02  -2.8501350011E+01 +-    1.0822582150E+00   
vper ls                        2.50000000E-02   0.0000000000E+00 +-    0.0000000000E+00   
vper lstau                     2.50000000E-02   0.0000000000E+00 +-    0.0000000000E+00   
vpotper v6                     2.50000000E-02  -1.7096006843E+02 +-    3.1465907413E+00   
vpotper v8                     2.50000000E-02  -1.7096006843E+02 +-    3.1465907413E+00   
vpotv6pr-vpotv6per diff        2.50000000E-02   0.0000000000E+00 +-    0.0000000000E+00   
vpotv8pr-vpotv8per diff        2.50000000E-02   0.0000000000E+00 +-    0.0000000000E+00   
2piapr-2pia diff               2.50000000E-02   0.0000000000E+00 +-    0.0000000000E+00   
vd1pr-vd1 diff                 2.50000000E-02   0.0000000000E+00 +-    0.0000000000E+00   
vepr-ve diff                   2.50000000E-02   0.0000000000E+00 +-    0.0000000000E+00   
diff1 2piapr-2pia-2picxx       2.50000000E-02   0.0000000000E+00 +-    0.0000000000E+00   
diff2 vd1pr-vd1-2picxd         2.50000000E-02   0.0000000000E+00 +-    0.0000000000E+00   
diff3 vepr-ve-2picdd           2.50000000E-02   0.0000000000E+00 +-    0.0000000000E+00   
sum diff1+dif2+diff3           2.50000000E-02   0.0000000000E+00 +-    0.0000000000E+00   
proton rms                     2.50000000E-02   2.9357816085E+00 +-    1.6936416762E-02   
neutron rms                    2.50000000E-02   1.7816191798E+00 +-    1.3113438520E-02   
total rms                      2.50000000E-02   2.3000750741E+00 +-    1.0542982584E-02   
neutron-proton rms             2.50000000E-02  -1.1541624287E+00 +-    1.7514257337E-02   
GT sigXtau+                    2.50000000E-02   1.2116846575E-05 +-    4.2895483012E-05   
GT sigYtau+                    2.50000000E-02   4.4540172838E-04 +-    3.9606706308E-05   
GT sigZtau+                    2.50000000E-02   1.5342945900E-03 +-    2.9168278936E-05   
GT sigXtau-                    2.50000000E-02  -9.4926232535E-04 +-    2.4332046275E-05   
GT sigYtau-                    2.50000000E-02  -1.9667653095E-03 +-    3.1009202946E-05   
GT sigZtau-                    2.50000000E-02  -6.6695075660E-04 +-    2.5083980799E-05   
F tau+                         2.50000000E-02  -2.6705893464E-19 +-    7.1907930191E-20   
F tau-                         2.50000000E-02  -6.7896948348E-19 +-    1.3109664199E-19   
Psi**2                         2.50000000E-02   2.3323964296E-05 +-    3.5870747923E-07   
single crossing/step           2.50000000E-02   7.8660677102E-03 +-    4.2074194569E-05   
global crossing/step           2.50000000E-02   7.6569289355E-03 +-    8.3030957040E-05   
energy numerator(real)         2.50000000E-02   9.1503794174E-01 +-    9.7237087491E-01   
denominator psit/psigi(real)   2.50000000E-02   3.9795194192E-02 +-    1.3081640568E-02   
energy numerator(aimag)        2.50000000E-02  -2.3624646968E+00 +-    6.8185980376E-01   
denominator psit/psigi(aimag)  2.50000000E-02   2.3624701642E-02 +-    8.3976275857E-03   
growth(lin dt) energy          2.50000000E-02  -2.6854529623E+02 +-    5.9787000943E+00   
growth(global) energy          2.50000000E-02  -2.6566004647E+02 +-    1.1584844253E+01
growth energy                  2.50000000E-02  -2.6820778209E+02 +-    5.9537635635E+00
Time for propagation (sec) (min) =          22.066      0.368
Time for energies (sec) (min) =              0.816      0.014
Time for load balancing (sec) (min) =        0.028      0.000
Time for block (sec) (min) =                23.422      0.390
Time for operators (sec) (min) =             0.021      0.000
Elapsed block time (sec) (min) =           232.344      3.872
 
 walkers multiplicity, block, total
   0          56827         526049
   1        1013253       10090442
   2          55488         516440
   3            530           3879
   4             84            634
   5             28            198
   6             14             78
   7             10             47
   8              3             19
   9              2             14
  10              3             13
  11              1              7
  12              1              3
  13              0              1
  14              0              3
  15              0              1
  16              1              1
  17              0              1
  20              0              4
 
 

Time for steps      =     232.353 seconds,        3.873 minutes
Master Time for steps =     232.145 seconds,        3.869 minutes

Number of cpus =       100
Total job time =     237.942 seconds,        3.966 minutes,        0.066 hours
Total cpu-time =     396.570 minutes,        6.609 hours
Total time =         237.712 seconds,        3.962 minutes,        0.066 hours
Finished!
