Unconstrained Diffusion Monte Carlo Run -- no drift
!-!-!-!-!-!-!-!-!-!-!-!-!-!-!-!-!-!-!-!-!-!-!-!-!-!
MPI parameters:
Number of boss cpus =                         100
Number of worker cpus for each boss =           0
Total number of cpus =                        100
Simulation parameters:
random number seed =                          321
hbar^2/2m =                              20.73554
start from sites =                              F
nwalk =                                     10000
equilibration blocks =                          0
averaging blocks =                             10
nsteps/blocks =                               100
time step =                          0.0000250000
time step rotations (vmc) =          0.1700000000
trial energy =                          -26.00000
drift cutoff =                            0.00000
drastic population control up =           1.20000
drastic population control down =         0.80000
rebalance if walkers fluctuate more than   2.00 %
weight cut off =                         20.00000
table size =                                 8000
!-!-!-!-!-!-!-!-!-!-!-!-!-!-!-!-!-!-!-!-!-!-!-!-!-!
System parameters:
lpot =                                         11
lpotper =                                      11
potential  =                          argonne v6'
potentialpr =                         argonne v6'
Coulomb included in energy-propagation          F
multiply central v by =                   1.00000
multiply tau v by =                       1.00000
multiply sigma v by =                     1.00000
multiply sigma tau v by =                 1.00000
multiply tensor v by =                    1.00000
multiply tensor tau v by =                1.00000
multiply spin-orbit v by =                0.00000
multiply spin-orbit tau v by =            0.00000
three-body potential =                        no3
ibox (0 is nearest image) =                     0
!-!-!-!-!-!-!-!-!-!-!-!-!-!-!-!-!-!-!-!-!-!-!-!-!-!
propagate LS =                                  F
calculate LS =                                  F
type of correlations =           independent pair
scale orbital   1 with factor    1.14000
determinant # 1
coefficient                     1.00000   0.00000
1  1  0  1  alpha.orb    # 2J,2M,L,tau radial_file for state                    
1 -1  0  1  alpha.orb    # 2J,2M,L,tau radial_file for state                    
1  1  0 -1  alpha.orb    # 2J,2M,L,tau radial_file for state                    
1 -1  0 -1  alpha.orb    # 2J,2M,L,tau radial_file for state                    
rescaled coefficient            1.00000   0.00000
!-!-!-!-!-!-!-!-!-!-!-!-!-!-!-!-!-!-!-!-!-!-!-!-!-!
No external potential
!-!-!-!-!-!-!-!-!-!-!-!-!-!-!-!-!-!-!-!-!-!-!-!-!-!
rcut in pair sampling =                   1.00000
acut in pair sampling =                   5.00000
a constant in psig =                      0.20000
Number of protons =                             2
Number of neutrons =                            2
range of the potential =                 20.00000
!-!-!-!-!-!-!-!-!-!-!-!-!-!-!-!-!-!-!-!-!-!-!-!-!-!
do V3 =                                         F
three body force =                            no3
three body a2piPwa =                      0.000000000000000
three body a2piPwc =                      0.000000000000000
three body a2piSw =                       0.000000000000000
three body Vd,C,c3 =                      0.000000000000000
three body Ve,C,c3 =                      0.000000000000000
three body A_R =                          0.000000000000000
three body Vd1 =                          0.000000000000000
three body Vd2 =                          0.000000000000000
three body Ve =                           0.000000000000000
propagator: multiply the antic by =       0.000000000000000
propagator: multiply the Vd1 by =         0.000000000000000
propagator: multiply the Ve by =          0.000000000000000
propagator: three body a2piPW =           0.000000000000000
!-!-!-!-!-!-!-!-!-!-!-!-!-!-!-!-!-!-!-!-!-!-!-!-!-!
jastrow healing distance dc =             4.47768
jastrow healing distance dtn =           11.57317
jastrow rho =                             0.01000
potential quencher acn (v1) =             1.50851
potential quencher at  (v2) =             6.06936
potential quencher as  (v3) =             2.76780
potential quencher ast (v4) =             0.80880
potential quencher atn (v5) =             0.61864
potential quencher atn (v6) =             0.20141
potential quencher als (v7) =             0.00000
potential quencher alst (v8) =            0.00000
correlation quencher bt (f2) =            0.26685
correlation quencher bs (f3) =           -0.10565
correlation quencher bst (f4) =           0.42277
correlation quencher btn (f5) =           1.08683
correlation quencher btn (f6) =           4.44810
correlation quencher bls (f7) =           0.00000
correlation quencher blst (f8) =          0.00000
!-!-!-!-!-!-!-!-!-!-!-!-!-!-!-!-!-!-!-!-!-!-!-!-!-!
q1c parameter in f3c =                   12.87526
q2c parameter in f3c =                    1.60340
q1p parameter in f3p =                   -1.81620
q2p parameter in f3p =                    2.14789
!-!-!-!-!-!-!-!-!-!-!-!-!-!-!-!-!-!-!-!-!-!-!-!-!-!
rscal parameter in Uijk cent =            1.00000
rscal parameter in Uijk xpi =             1.00000
rscal parameter in Uijk delta =           1.00000
eps_c parameter in Uijk =                 0.00000
eps_anti parameter in Uijk =              0.00000
eps_tm parameter in Uijk =                0.00000
eps_vd1 parameter in Uijk =               0.00000
eps_vd2 parameter in Uijk =               0.00000
eps_vdc3 parameter in Uijk =              0.00000
eps_vec3 parameter in Uijk =              0.00000
eps_ve parameter in Uijk =                0.00000
eps_comm parameter in Uijk =              0.00000
eps_comm-XD parameter in Uijk =           0.00000
eps_comm-DD parameter in Uijk =           0.00000
TNI-comm correlation included =                 F
!-!-!-!-!-!-!-!-!-!-!-!-!-!-!-!-!-!-!-!-!-!-!-!-!-!
CSB correlation rscalpp =                 1.00000
CSB correlation rscalnn =                 1.00000
CSB correlation quencher pp =             0.00000
CSB correlation quencher nn =             0.00000
CSB correlation included =                      F
!-!-!-!-!-!-!-!-!-!-!-!-!-!-!-!-!-!-!-!-!-!-!-!-!-!
jastrow initialized
!-!-!-!-!-!-!-!-!-!-!-!-!-!-!-!-!-!-!-!-!-!-!-!-!-!
Symmetrize V6 in the propagator =               T
New propagation of Vlstau and commutator included!
Coulomb included in energy (and propag)         F
Initial walkers from file
Number of walkers =                          9016
Configurations at tau =              3.0625000000
Reset tau =                          0.0000000000
!-!-!-!-!-!-!-!-!-!-!-!-!-!-!-!-!-!-!-!-!-!-!-!-!-!
Time for reading configurations (sec.) =       0.73
!-!-!-!-!-!-!-!-!-!-!-!-!-!-!-!-!-!-!-!-!-!-!-!-!-!
Initial configurations:
total energy-propagated        0.00000000E+00  -2.6214941073E+01 +-    3.4055212903E-01   
kinetic energy                 0.00000000E+00   1.0238890066E+02 +-    1.7001613795E+00   
potential energy               0.00000000E+00  -1.2860384173E+02 +-    1.6654544921E+00   
v cent                         0.00000000E+00   1.9286264925E+01 +-    1.5757731475E+00   
v tau                          0.00000000E+00  -7.6735032285E+00 +-    2.2974925216E-01   
v sigma                        0.00000000E+00  -8.6556059073E+00 +-    2.3650761809E-01   
v sigtau                       0.00000000E+00  -6.0310528135E+01 +-    5.4768076232E-01   
v tensor                       0.00000000E+00   6.1140264810E-01 +-    1.2873441776E-01   
v tenstau                      0.00000000E+00  -7.1861872036E+01 +-    9.4527098156E-01   
v ls                           0.00000000E+00   0.0000000000E+00 +-    0.0000000000E+00   
v lstau                        0.00000000E+00   0.0000000000E+00 +-    0.0000000000E+00   
v coulomb                      0.00000000E+00   7.4363394186E-01 +-    2.7609188895E-03   
v external                     0.00000000E+00   0.0000000000E+00 +-    0.0000000000E+00   
tni 2pipr-anticomm             0.00000000E+00   0.0000000000E+00 +-    0.0000000000E+00   
tni vd1pr                      0.00000000E+00   0.0000000000E+00 +-    0.0000000000E+00   
tni vepr                       0.00000000E+00   0.0000000000E+00 +-    0.0000000000E+00   
tni central                    0.00000000E+00   0.0000000000E+00 +-    0.0000000000E+00   
tni 2pixx-anticommutator       0.00000000E+00   0.0000000000E+00 +-    0.0000000000E+00   
tni 2pixd-anticommutator       0.00000000E+00   0.0000000000E+00 +-    0.0000000000E+00   
tni 2pidd-anticommutator       0.00000000E+00   0.0000000000E+00 +-    0.0000000000E+00   
tni 2pixx-commutator           0.00000000E+00   0.0000000000E+00 +-    0.0000000000E+00   
tni 2pixd-commutator           0.00000000E+00   0.0000000000E+00 +-    0.0000000000E+00   
tni 2pidd-commutator           0.00000000E+00   0.0000000000E+00 +-    0.0000000000E+00   
tni 2pi-tm                     0.00000000E+00   0.0000000000E+00 +-    0.0000000000E+00   
tni vd1                        0.00000000E+00   0.0000000000E+00 +-    0.0000000000E+00   
tni vd2                        0.00000000E+00   0.0000000000E+00 +-    0.0000000000E+00   
tni ve                         0.00000000E+00   0.0000000000E+00 +-    0.0000000000E+00   
enetot v8+tni                  0.00000000E+00  -2.6214941073E+01 +-    3.4055212903E-01   
!-!-!-!-!-!-!-!-!-!-!-!-!-!-!-!-!-!-!-!-!-!-!-!-!-!
Psi**2 of initial configurations  =   0.2724339E-04  0.0000000E+00  +-    0.6881271E-06  0.0000000E+00
Psig**2 of initial configurations =   0.1744347E-04  0.0000000E+00  +-    0.4949503E-06  0.0000000E+00
!-!-!-!-!-!-!-!-!-!-!-!-!-!-!-!-!-!-!-!-!-!-!-!-!-!
T**2 of initial configurations  =  -0.1754959E-07 -0.8563977E-09
Tz of initial configurations    =   0.1653022E-15  0.3293589E-14
J**2 of initial configurations  =   0.3028334E-07 -0.7788275E-09
Jz of initial configurations    =  -0.1630088E-13 -0.5517010E-13
!-!-!-!-!-!-!-!-!-!-!-!-!-!-!-!-!-!-!-!-!-!-!-!-!-!
!-!-!-!-!-!-!-!-!-!-!-!-!-!-!-!-!-!-!-!-!-!-!-!-!-!
Time to process initial configurations (sec.) =       1.55
!-!-!-!-!-!-!-!-!-!-!-!-!-!-!-!-!-!-!-!-!-!-!-!-!-!

equilibration done

iteration =                               1
walker number =                       11567
total energy-propagated        2.50000000E-03  -2.6474507248E+01 +-    2.9358691995E-01   
kinetic energy                 2.50000000E-03   1.0605027948E+02 +-    1.2588559505E+00   
potential energy               2.50000000E-03  -1.3252478673E+02 +-    1.2786169831E+00   
im energy                      2.50000000E-03   1.7053990185E+00 +-    2.1029776923E-01   
imkin energy                   2.50000000E-03   9.0887052202E-01 +-    3.2360104490E-01   
impot energy                   2.50000000E-03   7.9652849644E-01 +-    4.0519602067E-01   
v cent                         2.50000000E-03   8.2059550988E+00 +-    1.0667339510E+00   
v tau                          2.50000000E-03  -7.2938270705E+00 +-    1.7281163058E-01   
v sigma                        2.50000000E-03  -7.6476434813E+00 +-    1.2418254637E-01   
v sigtau                       2.50000000E-03  -5.8747740641E+01 +-    4.6357220807E-01   
v tensor                       2.50000000E-03   5.2413145713E-01 +-    1.1811039864E-01   
v tenstau                      2.50000000E-03  -6.7565662095E+01 +-    8.6501816663E-01   
v ls                           2.50000000E-03   0.0000000000E+00 +-    0.0000000000E+00   
v lstau                        2.50000000E-03   0.0000000000E+00 +-    0.0000000000E+00   
vpot v6                        2.50000000E-03  -1.3252478673E+02 +-    1.2786169831E+00   
vpot v8                        2.50000000E-03  -1.3252478673E+02 +-    1.2786169831E+00   
v coulomb                      2.50000000E-03   7.3446572273E-01 +-    2.4093377552E-03   
v external                     2.50000000E-03   0.0000000000E+00 +-    0.0000000000E+00   
tni 2pipr-anticomm             2.50000000E-03   0.0000000000E+00 +-    0.0000000000E+00   
tni vd1pr                      2.50000000E-03   0.0000000000E+00 +-    0.0000000000E+00   
tni vepr                       2.50000000E-03   0.0000000000E+00 +-    0.0000000000E+00   
tni central                    2.50000000E-03   0.0000000000E+00 +-    0.0000000000E+00   
tni 2pixx-anticommutator       2.50000000E-03   0.0000000000E+00 +-    0.0000000000E+00   
tni 2pixd-anticommutator       2.50000000E-03   0.0000000000E+00 +-    0.0000000000E+00   
tni 2pidd-anticommutator       2.50000000E-03   0.0000000000E+00 +-    0.0000000000E+00   
tni 2pixx-commutator           2.50000000E-03   0.0000000000E+00 +-    0.0000000000E+00   
tni 2pixd-commutator           2.50000000E-03   0.0000000000E+00 +-    0.0000000000E+00   
tni 2pidd-commutator           2.50000000E-03   0.0000000000E+00 +-    0.0000000000E+00   
tni 2pi-tm                     2.50000000E-03   0.0000000000E+00 +-    0.0000000000E+00   
tni vd1                        2.50000000E-03   0.0000000000E+00 +-    0.0000000000E+00   
tni vd2                        2.50000000E-03   0.0000000000E+00 +-    0.0000000000E+00   
tni ve                         2.50000000E-03   0.0000000000E+00 +-    0.0000000000E+00   
vpottot v8+tni                 2.50000000E-03  -1.3252478673E+02 +-    1.2786169831E+00   
enetot v8+tni                  2.50000000E-03  -2.6474507248E+01 +-    2.9358691995E-01   
vper cent                      2.50000000E-03   8.2059550988E+00 +-    1.0667339510E+00   
vper tau                       2.50000000E-03  -7.2938270705E+00 +-    1.7281163058E-01   
vper sigma                     2.50000000E-03  -7.6476434813E+00 +-    1.2418254637E-01   
vper sigtau                    2.50000000E-03  -5.8747740641E+01 +-    4.6357220807E-01   
vper tensor                    2.50000000E-03   5.2413145713E-01 +-    1.1811039864E-01   
vper tenstau                   2.50000000E-03  -6.7565662095E+01 +-    8.6501816663E-01   
vper ls                        2.50000000E-03   0.0000000000E+00 +-    0.0000000000E+00   
vper lstau                     2.50000000E-03   0.0000000000E+00 +-    0.0000000000E+00   
vpotper v6                     2.50000000E-03  -1.3252478673E+02 +-    1.2786169831E+00   
vpotper v8                     2.50000000E-03  -1.3252478673E+02 +-    1.2786169831E+00   
vpotv6pr-vpotv6per diff        2.50000000E-03   0.0000000000E+00 +-    0.0000000000E+00   
vpotv8pr-vpotv8per diff        2.50000000E-03   0.0000000000E+00 +-    0.0000000000E+00   
2piapr-2pia diff               2.50000000E-03   0.0000000000E+00 +-    0.0000000000E+00   
vd1pr-vd1 diff                 2.50000000E-03   0.0000000000E+00 +-    0.0000000000E+00   
vepr-ve diff                   2.50000000E-03   0.0000000000E+00 +-    0.0000000000E+00   
diff1 2piapr-2pia-2picxx       2.50000000E-03   0.0000000000E+00 +-    0.0000000000E+00   
diff2 vd1pr-vd1-2picxd         2.50000000E-03   0.0000000000E+00 +-    0.0000000000E+00   
diff3 vepr-ve-2picdd           2.50000000E-03   0.0000000000E+00 +-    0.0000000000E+00   
sum diff1+dif2+diff3           2.50000000E-03   0.0000000000E+00 +-    0.0000000000E+00   
proton rms                     2.50000000E-03   2.0819734839E+00 +-    1.2321357370E-02   
neutron rms                    2.50000000E-03   2.1102893911E+00 +-    1.1898315455E-02   
total rms                      2.50000000E-03   2.0961732350E+00 +-    1.0942664147E-02   
neutron-proton rms             2.50000000E-03   2.8315907224E-02 +-    1.0335750293E-02   
GT sigXtau+                    2.50000000E-03   3.9618648278E-06 +-    2.1431773677E-05   
GT sigYtau+                    2.50000000E-03   1.4987319593E-05 +-    2.0857142406E-05   
GT sigZtau+                    2.50000000E-03  -4.1285949073E-05 +-    2.0849158574E-05   
GT sigXtau-                    2.50000000E-03   2.2300257384E-05 +-    2.0986969616E-05   
GT sigYtau-                    2.50000000E-03  -2.0975273500E-05 +-    2.0435571738E-05   
GT sigZtau-                    2.50000000E-03   2.5769564183E-05 +-    2.0685815462E-05   
F tau+                         2.50000000E-03  -6.1499142073E-20 +-    3.8224915915E-20   
F tau-                         2.50000000E-03  -4.9925512348E-20 +-    3.7791007927E-20   
Psi**2                         2.50000000E-03   2.5290552840E-05 +-    5.5290380536E-07   
single crossing/step           2.50000000E-03   8.7707364738E-03 +-    4.6457014944E-05   
global crossing/step           2.50000000E-03   8.6699462386E-03 +-    9.2383315998E-05   
energy numerator(real)         2.50000000E-03  -2.6632416580E+01 +-    7.6510770553E-01   
denominator psit/psigi(real)   2.50000000E-03   1.0038813538E+00 +-    1.0933954199E-02   
energy numerator(aimag)        2.50000000E-03   2.1384086903E+00 +-    5.7421016073E-01   
denominator psit/psigi(aimag)  2.50000000E-03   2.0624932896E-02 +-    6.9007573558E-03   
growth(lin dt) energy          2.50000000E-03  -2.0571930668E+02 +-    5.0131573536E+00   
growth(global) energy          2.50000000E-03  -2.0387166437E+02 +-    1.2947845116E+01
growth energy                  2.50000000E-03  -2.0559019031E+02 +-    5.0001287889E+00
Time for propagation (sec) (min) =          20.055      0.334
Time for energies (sec) (min) =              0.808      0.013
Time for load balancing (sec) (min) =        0.065      0.001
Time for block (sec) (min) =                21.567      0.359
Time for operators (sec) (min) =             0.020      0.000
Elapsed block time (sec) (min) =            21.590      0.360
 
 walkers multiplicity, block, total
   0          39011          39011
   1         926898         926898
   2          40860          40860
   3            200            200
   4             46             46
   5             11             11
   6              5              5
   7              4              4
   8              1              1
   9              1              1
  10              3              3
  11              1              1
  20              1              1
 
 

iteration =                               2
walker number =                       11107
total energy-propagated        5.00000000E-03  -2.6673091940E+01 +-    2.4362588481E-01   
kinetic energy                 5.00000000E-03   1.0476758906E+02 +-    1.5736975951E+00   
potential energy               5.00000000E-03  -1.3144068100E+02 +-    1.5132515464E+00   
im energy                      5.00000000E-03  -1.7270808492E-01 +-    1.6310096235E-01   
imkin energy                   5.00000000E-03  -1.6343856669E+00 +-    4.3829642828E-01   
impot energy                   5.00000000E-03   1.4616775820E+00 +-    4.0689049789E-01   
v cent                         5.00000000E-03   1.8707140699E+01 +-    1.4658025585E+00   
v tau                          5.00000000E-03  -7.2004820673E+00 +-    1.9863610959E-01   
v sigma                        5.00000000E-03  -8.7022026389E+00 +-    2.0807407350E-01   
v sigtau                       5.00000000E-03  -5.9750021146E+01 +-    5.2177169485E-01   
v tensor                       5.00000000E-03   3.2829205132E-01 +-    9.8867616514E-02   
v tenstau                      5.00000000E-03  -7.4823407895E+01 +-    8.6886803518E-01   
v ls                           5.00000000E-03   0.0000000000E+00 +-    0.0000000000E+00   
v lstau                        5.00000000E-03   0.0000000000E+00 +-    0.0000000000E+00   
vpot v6                        5.00000000E-03  -1.3144068100E+02 +-    1.5132515464E+00   
vpot v8                        5.00000000E-03  -1.3144068100E+02 +-    1.5132515464E+00   
v coulomb                      5.00000000E-03   7.5598896234E-01 +-    2.3659280440E-03   
v external                     5.00000000E-03   0.0000000000E+00 +-    0.0000000000E+00   
tni 2pipr-anticomm             5.00000000E-03   0.0000000000E+00 +-    0.0000000000E+00   
tni vd1pr                      5.00000000E-03   0.0000000000E+00 +-    0.0000000000E+00   
tni vepr                       5.00000000E-03   0.0000000000E+00 +-    0.0000000000E+00   
tni central                    5.00000000E-03   0.0000000000E+00 +-    0.0000000000E+00   
tni 2pixx-anticommutator       5.00000000E-03   0.0000000000E+00 +-    0.0000000000E+00   
tni 2pixd-anticommutator       5.00000000E-03   0.0000000000E+00 +-    0.0000000000E+00   
tni 2pidd-anticommutator       5.00000000E-03   0.0000000000E+00 +-    0.0000000000E+00   
tni 2pixx-commutator           5.00000000E-03   0.0000000000E+00 +-    0.0000000000E+00   
tni 2pixd-commutator           5.00000000E-03   0.0000000000E+00 +-    0.0000000000E+00   
tni 2pidd-commutator           5.00000000E-03   0.0000000000E+00 +-    0.0000000000E+00   
tni 2pi-tm                     5.00000000E-03   0.0000000000E+00 +-    0.0000000000E+00   
tni vd1                        5.00000000E-03   0.0000000000E+00 +-    0.0000000000E+00   
tni vd2                        5.00000000E-03   0.0000000000E+00 +-    0.0000000000E+00   
tni ve                         5.00000000E-03   0.0000000000E+00 +-    0.0000000000E+00   
vpottot v8+tni                 5.00000000E-03  -1.3144068100E+02 +-    1.5132515464E+00   
enetot v8+tni                  5.00000000E-03  -2.6673091940E+01 +-    2.4362588481E-01   
vper cent                      5.00000000E-03   1.8707140699E+01 +-    1.4658025585E+00   
vper tau                       5.00000000E-03  -7.2004820673E+00 +-    1.9863610959E-01   
vper sigma                     5.00000000E-03  -8.7022026389E+00 +-    2.0807407350E-01   
vper sigtau                    5.00000000E-03  -5.9750021146E+01 +-    5.2177169485E-01   
vper tensor                    5.00000000E-03   3.2829205132E-01 +-    9.8867616514E-02   
vper tenstau                   5.00000000E-03  -7.4823407895E+01 +-    8.6886803518E-01   
vper ls                        5.00000000E-03   0.0000000000E+00 +-    0.0000000000E+00   
vper lstau                     5.00000000E-03   0.0000000000E+00 +-    0.0000000000E+00   
vpotper v6                     5.00000000E-03  -1.3144068100E+02 +-    1.5132515464E+00   
vpotper v8                     5.00000000E-03  -1.3144068100E+02 +-    1.5132515464E+00   
vpotv6pr-vpotv6per diff        5.00000000E-03   0.0000000000E+00 +-    0.0000000000E+00   
vpotv8pr-vpotv8per diff        5.00000000E-03   0.0000000000E+00 +-    0.0000000000E+00   
2piapr-2pia diff               5.00000000E-03   0.0000000000E+00 +-    0.0000000000E+00   
vd1pr-vd1 diff                 5.00000000E-03   0.0000000000E+00 +-    0.0000000000E+00   
vepr-ve diff                   5.00000000E-03   0.0000000000E+00 +-    0.0000000000E+00   
diff1 2piapr-2pia-2picxx       5.00000000E-03   0.0000000000E+00 +-    0.0000000000E+00   
diff2 vd1pr-vd1-2picxd         5.00000000E-03   0.0000000000E+00 +-    0.0000000000E+00   
diff3 vepr-ve-2picdd           5.00000000E-03   0.0000000000E+00 +-    0.0000000000E+00   
sum diff1+dif2+diff3           5.00000000E-03   0.0000000000E+00 +-    0.0000000000E+00   
proton rms                     5.00000000E-03   2.0564145578E+00 +-    1.2168095069E-02   
neutron rms                    5.00000000E-03   2.0632904733E+00 +-    1.1363119627E-02   
total rms                      5.00000000E-03   2.0622365175E+00 +-    1.0746732620E-02   
neutron-proton rms             5.00000000E-03   6.8759155693E-03 +-    9.6417180873E-03   
GT sigXtau+                    5.00000000E-03   7.1967783662E-06 +-    1.9974037064E-05   
GT sigYtau+                    5.00000000E-03  -1.1422708917E-04 +-    2.2546143843E-05   
GT sigZtau+                    5.00000000E-03  -2.2923318989E-05 +-    2.2034673230E-05   
GT sigXtau-                    5.00000000E-03  -3.0834869209E-05 +-    2.2849795327E-05   
GT sigYtau-                    5.00000000E-03   4.0749256764E-05 +-    2.2130511296E-05   
GT sigZtau-                    5.00000000E-03  -2.9422284952E-05 +-    2.1921307900E-05   
F tau+                         5.00000000E-03  -1.6248417079E-19 +-    3.7879164135E-20   
F tau-                         5.00000000E-03  -5.4822520711E-20 +-    3.9232333770E-20   
Psi**2                         5.00000000E-03   2.7880374389E-05 +-    6.9469986661E-07   
single crossing/step           5.00000000E-03   7.4787277203E-03 +-    4.1085834046E-05   
global crossing/step           5.00000000E-03   7.3554694820E-03 +-    8.1496771862E-05   
energy numerator(real)         5.00000000E-03  -1.6444498595E+01 +-    7.8811403525E-01   
denominator psit/psigi(real)   5.00000000E-03   6.1741144984E-01 +-    1.2630841690E-02   
energy numerator(aimag)        5.00000000E-03  -1.3123923835E+00 +-    5.3128646142E-01   
denominator psit/psigi(aimag)  5.00000000E-03   3.2012939540E-02 +-    8.2714207504E-03   
growth(lin dt) energy          5.00000000E-03  -2.2134590561E+02 +-    5.1475376530E+00   
growth(global) energy          5.00000000E-03  -2.3216956247E+02 +-    1.1786220015E+01
growth energy                  5.00000000E-03  -2.2117411574E+02 +-    5.1321515116E+00
Time for propagation (sec) (min) =          21.901      0.365
Time for energies (sec) (min) =              0.777      0.013
Time for load balancing (sec) (min) =        0.029      0.000
Time for block (sec) (min) =                23.305      0.388
Time for operators (sec) (min) =             0.016      0.000
Elapsed block time (sec) (min) =            44.931      0.749
 
 walkers multiplicity, block, total
   0          49337          88348
   1        1025704        1952602
   2          47916          88776
   3            310            510
   4             52             98
   5             18             29
   6              5             10
   7              2              6
   8              5              6
   9              1              2
  10              0              3
  11              1              2
  12              1              1
  13              1              1
  20              0              1
 
 

iteration =                               3
walker number =                       10520
total energy-propagated        7.50000000E-03  -2.6859083296E+01 +-    3.2134878681E-01   
kinetic energy                 7.50000000E-03   1.0308635377E+02 +-    1.5753566914E+00   
potential energy               7.50000000E-03  -1.2994543707E+02 +-    1.5306651355E+00   
im energy                      7.50000000E-03  -2.1852989926E+00 +-    2.4071564041E-01   
imkin energy                   7.50000000E-03   6.8656712055E+00 +-    6.6159525139E-01   
impot energy                   7.50000000E-03  -9.0509701981E+00 +-    6.9104692128E-01   
v cent                         7.50000000E-03   1.7166719061E+01 +-    1.5322468250E+00   
v tau                          7.50000000E-03  -6.7640147919E+00 +-    2.3234135568E-01   
v sigma                        7.50000000E-03  -7.3648810031E+00 +-    1.9095794133E-01   
v sigtau                       7.50000000E-03  -5.5871540763E+01 +-    4.1663006402E-01   
v tensor                       7.50000000E-03   4.8317963509E-01 +-    1.1351347847E-01   
v tenstau                      7.50000000E-03  -7.7594899205E+01 +-    7.2785469490E-01   
v ls                           7.50000000E-03   0.0000000000E+00 +-    0.0000000000E+00   
v lstau                        7.50000000E-03   0.0000000000E+00 +-    0.0000000000E+00   
vpot v6                        7.50000000E-03  -1.2994543707E+02 +-    1.5306651355E+00   
vpot v8                        7.50000000E-03  -1.2994543707E+02 +-    1.5306651355E+00   
v coulomb                      7.50000000E-03   7.5688588142E-01 +-    2.5274088276E-03   
v external                     7.50000000E-03   0.0000000000E+00 +-    0.0000000000E+00   
tni 2pipr-anticomm             7.50000000E-03   0.0000000000E+00 +-    0.0000000000E+00   
tni vd1pr                      7.50000000E-03   0.0000000000E+00 +-    0.0000000000E+00   
tni vepr                       7.50000000E-03   0.0000000000E+00 +-    0.0000000000E+00   
tni central                    7.50000000E-03   0.0000000000E+00 +-    0.0000000000E+00   
tni 2pixx-anticommutator       7.50000000E-03   0.0000000000E+00 +-    0.0000000000E+00   
tni 2pixd-anticommutator       7.50000000E-03   0.0000000000E+00 +-    0.0000000000E+00   
tni 2pidd-anticommutator       7.50000000E-03   0.0000000000E+00 +-    0.0000000000E+00   
tni 2pixx-commutator           7.50000000E-03   0.0000000000E+00 +-    0.0000000000E+00   
tni 2pixd-commutator           7.50000000E-03   0.0000000000E+00 +-    0.0000000000E+00   
tni 2pidd-commutator           7.50000000E-03   0.0000000000E+00 +-    0.0000000000E+00   
tni 2pi-tm                     7.50000000E-03   0.0000000000E+00 +-    0.0000000000E+00   
tni vd1                        7.50000000E-03   0.0000000000E+00 +-    0.0000000000E+00   
tni vd2                        7.50000000E-03   0.0000000000E+00 +-    0.0000000000E+00   
tni ve                         7.50000000E-03   0.0000000000E+00 +-    0.0000000000E+00   
vpottot v8+tni                 7.50000000E-03  -1.2994543707E+02 +-    1.5306651355E+00   
enetot v8+tni                  7.50000000E-03  -2.6859083296E+01 +-    3.2134878681E-01   
vper cent                      7.50000000E-03   1.7166719061E+01 +-    1.5322468250E+00   
vper tau                       7.50000000E-03  -6.7640147919E+00 +-    2.3234135568E-01   
vper sigma                     7.50000000E-03  -7.3648810031E+00 +-    1.9095794133E-01   
vper sigtau                    7.50000000E-03  -5.5871540763E+01 +-    4.1663006402E-01   
vper tensor                    7.50000000E-03   4.8317963509E-01 +-    1.1351347847E-01   
vper tenstau                   7.50000000E-03  -7.7594899205E+01 +-    7.2785469490E-01   
vper ls                        7.50000000E-03   0.0000000000E+00 +-    0.0000000000E+00   
vper lstau                     7.50000000E-03   0.0000000000E+00 +-    0.0000000000E+00   
vpotper v6                     7.50000000E-03  -1.2994543707E+02 +-    1.5306651355E+00   
vpotper v8                     7.50000000E-03  -1.2994543707E+02 +-    1.5306651355E+00   
vpotv6pr-vpotv6per diff        7.50000000E-03   0.0000000000E+00 +-    0.0000000000E+00   
vpotv8pr-vpotv8per diff        7.50000000E-03   0.0000000000E+00 +-    0.0000000000E+00   
2piapr-2pia diff               7.50000000E-03   0.0000000000E+00 +-    0.0000000000E+00   
vd1pr-vd1 diff                 7.50000000E-03   0.0000000000E+00 +-    0.0000000000E+00   
vepr-ve diff                   7.50000000E-03   0.0000000000E+00 +-    0.0000000000E+00   
diff1 2piapr-2pia-2picxx       7.50000000E-03   0.0000000000E+00 +-    0.0000000000E+00   
diff2 vd1pr-vd1-2picxd         7.50000000E-03   0.0000000000E+00 +-    0.0000000000E+00   
diff3 vepr-ve-2picdd           7.50000000E-03   0.0000000000E+00 +-    0.0000000000E+00   
sum diff1+dif2+diff3           7.50000000E-03   0.0000000000E+00 +-    0.0000000000E+00   
proton rms                     7.50000000E-03   2.0368896434E+00 +-    1.1712746947E-02   
neutron rms                    7.50000000E-03   2.1874880949E+00 +-    1.1870850330E-02   
total rms                      7.50000000E-03   2.1134163020E+00 +-    1.0500945425E-02   
neutron-proton rms             7.50000000E-03   1.5059845150E-01 +-    1.0751821275E-02   
GT sigXtau+                    7.50000000E-03   2.0998647690E-04 +-    2.1988515367E-05   
GT sigYtau+                    7.50000000E-03  -1.7889382900E-04 +-    2.2308661079E-05   
GT sigZtau+                    7.50000000E-03   4.5081473692E-05 +-    2.3952372419E-05   
GT sigXtau-                    7.50000000E-03  -1.0632153323E-04 +-    2.2844186450E-05   
GT sigYtau-                    7.50000000E-03  -2.7934312692E-05 +-    2.0489170094E-05   
GT sigZtau-                    7.50000000E-03  -1.8434664314E-04 +-    2.1046178931E-05   
F tau+                         7.50000000E-03  -1.1169001215E-19 +-    3.3667161394E-20   
F tau-                         7.50000000E-03  -1.0023402798E-19 +-    3.8094958789E-20   
Psi**2                         7.50000000E-03   2.2121592842E-05 +-    5.8159863095E-07   
single crossing/step           7.50000000E-03   7.5663722043E-03 +-    4.1307542898E-05   
global crossing/step           7.50000000E-03   7.4259428084E-03 +-    8.1850631004E-05   
energy numerator(real)         7.50000000E-03  -9.9847242060E+00 +-    8.2310720924E-01   
denominator psit/psigi(real)   7.50000000E-03   3.7064524286E-01 +-    1.3728835880E-02   
energy numerator(aimag)        7.50000000E-03  -5.9786875138E-01 +-    5.6944986656E-01   
denominator psit/psigi(aimag)  7.50000000E-03  -1.1922640072E-02 +-    9.0396534259E-03   
growth(lin dt) energy          7.50000000E-03  -2.1940184214E+02 +-    5.2907328161E+00   
growth(global) energy          7.50000000E-03  -2.2884483283E+02 +-    1.1008256723E+01
growth energy                  7.50000000E-03  -2.1923569181E+02 +-    5.2751648616E+00
Time for propagation (sec) (min) =          21.924      0.365
Time for energies (sec) (min) =              0.736      0.012
Time for load balancing (sec) (min) =        0.034      0.001
Time for block (sec) (min) =                23.217      0.387
Time for operators (sec) (min) =             0.014      0.000
Elapsed block time (sec) (min) =            68.162      1.136
 
 walkers multiplicity, block, total
   0          51617         139965
   1        1022092        2974694
   2          50103         138879
   3            318            828
   4             47            145
   5             10             39
   6              9             19
   7              2              8
   8              2              8
   9              1              3
  10              2              5
  11              0              2
  12              0              1
  13              0              1
  14              1              1
  20              0              1
 
 

iteration =                               4
walker number =                       10720
total energy-propagated        1.00000000E-02  -7.6439859483E+00 +-    4.0794865506E-01   
kinetic energy                 1.00000000E-02   1.0859269996E+02 +-    1.8969297000E+00   
potential energy               1.00000000E-02  -1.1623668591E+02 +-    2.0205539099E+00   
im energy                      1.00000000E-02   4.8470304406E-01 +-    3.1346305275E-01   
imkin energy                   1.00000000E-02   1.4525456135E+00 +-    3.7073183919E-01   
impot energy                   1.00000000E-02  -9.6784256939E-01 +-    3.3699468984E-01   
v cent                         1.00000000E-02   3.2162579424E+01 +-    1.8606277589E+00   
v tau                          1.00000000E-02  -9.2565659955E+00 +-    2.7383813466E-01   
v sigma                        1.00000000E-02  -7.7298167063E+00 +-    2.0401326152E-01   
v sigtau                       1.00000000E-02  -5.9390606200E+01 +-    5.8317012241E-01   
v tensor                       1.00000000E-02   3.6465753856E+00 +-    1.6652064179E-01   
v tenstau                      1.00000000E-02  -7.5668851819E+01 +-    1.0267100853E+00   
v ls                           1.00000000E-02   0.0000000000E+00 +-    0.0000000000E+00   
v lstau                        1.00000000E-02   0.0000000000E+00 +-    0.0000000000E+00   
vpot v6                        1.00000000E-02  -1.1623668591E+02 +-    2.0205539099E+00   
vpot v8                        1.00000000E-02  -1.1623668591E+02 +-    2.0205539099E+00   
v coulomb                      1.00000000E-02   8.3883095941E-01 +-    1.2139685158E-03   
v external                     1.00000000E-02   0.0000000000E+00 +-    0.0000000000E+00   
tni 2pipr-anticomm             1.00000000E-02   0.0000000000E+00 +-    0.0000000000E+00   
tni vd1pr                      1.00000000E-02   0.0000000000E+00 +-    0.0000000000E+00   
tni vepr                       1.00000000E-02   0.0000000000E+00 +-    0.0000000000E+00   
tni central                    1.00000000E-02   0.0000000000E+00 +-    0.0000000000E+00   
tni 2pixx-anticommutator       1.00000000E-02   0.0000000000E+00 +-    0.0000000000E+00   
tni 2pixd-anticommutator       1.00000000E-02   0.0000000000E+00 +-    0.0000000000E+00   
tni 2pidd-anticommutator       1.00000000E-02   0.0000000000E+00 +-    0.0000000000E+00   
tni 2pixx-commutator           1.00000000E-02   0.0000000000E+00 +-    0.0000000000E+00   
tni 2pixd-commutator           1.00000000E-02   0.0000000000E+00 +-    0.0000000000E+00   
tni 2pidd-commutator           1.00000000E-02   0.0000000000E+00 +-    0.0000000000E+00   
tni 2pi-tm                     1.00000000E-02   0.0000000000E+00 +-    0.0000000000E+00   
tni vd1                        1.00000000E-02   0.0000000000E+00 +-    0.0000000000E+00   
tni vd2                        1.00000000E-02   0.0000000000E+00 +-    0.0000000000E+00   
tni ve                         1.00000000E-02   0.0000000000E+00 +-    0.0000000000E+00   
vpottot v8+tni                 1.00000000E-02  -1.1623668591E+02 +-    2.0205539099E+00   
enetot v8+tni                  1.00000000E-02  -7.6439859483E+00 +-    4.0794865506E-01   
vper cent                      1.00000000E-02   3.2162579424E+01 +-    1.8606277589E+00   
vper tau                       1.00000000E-02  -9.2565659955E+00 +-    2.7383813466E-01   
vper sigma                     1.00000000E-02  -7.7298167063E+00 +-    2.0401326152E-01   
vper sigtau                    1.00000000E-02  -5.9390606200E+01 +-    5.8317012241E-01   
vper tensor                    1.00000000E-02   3.6465753856E+00 +-    1.6652064179E-01   
vper tenstau                   1.00000000E-02  -7.5668851819E+01 +-    1.0267100853E+00   
vper ls                        1.00000000E-02   0.0000000000E+00 +-    0.0000000000E+00   
vper lstau                     1.00000000E-02   0.0000000000E+00 +-    0.0000000000E+00   
vpotper v6                     1.00000000E-02  -1.1623668591E+02 +-    2.0205539099E+00   
vpotper v8                     1.00000000E-02  -1.1623668591E+02 +-    2.0205539099E+00   
vpotv6pr-vpotv6per diff        1.00000000E-02   0.0000000000E+00 +-    0.0000000000E+00   
vpotv8pr-vpotv8per diff        1.00000000E-02   0.0000000000E+00 +-    0.0000000000E+00   
2piapr-2pia diff               1.00000000E-02   0.0000000000E+00 +-    0.0000000000E+00   
vd1pr-vd1 diff                 1.00000000E-02   0.0000000000E+00 +-    0.0000000000E+00   
vepr-ve diff                   1.00000000E-02   0.0000000000E+00 +-    0.0000000000E+00   
diff1 2piapr-2pia-2picxx       1.00000000E-02   0.0000000000E+00 +-    0.0000000000E+00   
diff2 vd1pr-vd1-2picxd         1.00000000E-02   0.0000000000E+00 +-    0.0000000000E+00   
diff3 vepr-ve-2picdd           1.00000000E-02   0.0000000000E+00 +-    0.0000000000E+00   
sum diff1+dif2+diff3           1.00000000E-02   0.0000000000E+00 +-    0.0000000000E+00   
proton rms                     1.00000000E-02   1.7477721429E+00 +-    9.1967245727E-03   
neutron rms                    1.00000000E-02   2.1120416523E+00 +-    1.2849087398E-02   
total rms                      1.00000000E-02   1.9271934462E+00 +-    9.8382322493E-03   
neutron-proton rms             1.00000000E-02   3.6426950936E-01 +-    1.0536496071E-02   
GT sigXtau+                    1.00000000E-02   5.0247913679E-05 +-    2.5693084806E-05   
GT sigYtau+                    1.00000000E-02  -3.4606362411E-04 +-    2.1913911106E-05   
GT sigZtau+                    1.00000000E-02   1.7817060871E-04 +-    2.3982562543E-05   
GT sigXtau-                    1.00000000E-02  -9.9561232470E-05 +-    2.7377467411E-05   
GT sigYtau-                    1.00000000E-02   1.6819972573E-04 +-    1.9826200176E-05   
GT sigZtau-                    1.00000000E-02  -2.2277336569E-04 +-    2.3863746931E-05   
F tau+                         1.00000000E-02   1.9544595964E-19 +-    3.9272049826E-20   
F tau-                         1.00000000E-02  -2.4094071802E-19 +-    3.9984865976E-20   
Psi**2                         1.00000000E-02   1.5694797015E-05 +-    4.1659343301E-07   
single crossing/step           1.00000000E-02   7.8802372403E-03 +-    4.2302442680E-05   
global crossing/step           1.00000000E-02   7.6815604097E-03 +-    8.3539909548E-05   
energy numerator(real)         1.00000000E-02  -1.7954391910E+00 +-    9.7012667792E-01   
denominator psit/psigi(real)   1.00000000E-02   2.2563491640E-01 +-    1.3656972428E-02   
energy numerator(aimag)        1.00000000E-02  -4.3704671186E-01 +-    6.7130652738E-01   
denominator psit/psigi(aimag)  1.00000000E-02  -2.5299756635E-02 +-    9.2463042155E-03   
growth(lin dt) energy          1.00000000E-02  -2.5322930600E+02 +-    5.6450382371E+00   
growth(global) energy          1.00000000E-02  -2.5851504098E+02 +-    1.1275993368E+01
growth energy                  1.00000000E-02  -2.5295162909E+02 +-    5.6236610482E+00
Time for propagation (sec) (min) =          21.771      0.363
Time for energies (sec) (min) =              0.750      0.012
Time for load balancing (sec) (min) =        0.030      0.000
Time for block (sec) (min) =                23.051      0.384
Time for operators (sec) (min) =             0.015      0.000
Elapsed block time (sec) (min) =            91.237      1.521
 
 walkers multiplicity, block, total
   0          53297         193262
   1        1010255        3984949
   2          52252         191131
   3            403           1231
   4             68            213
   5             27             66
   6             11             30
   7              1              9
   8              3             11
   9              1              4
  10              2              7
  11              0              2
  12              0              1
  13              0              1
  14              0              1
  20              1              2
 
 

iteration =                               5
walker number =                       10484
total energy-propagated        1.25000000E-02  -2.8528776649E+01 +-    5.8020471706E-01   
kinetic energy                 1.25000000E-02   5.6845174332E+01 +-    2.4745424455E+00   
potential energy               1.25000000E-02  -8.5373950981E+01 +-    2.2358925381E+00   
im energy                      1.25000000E-02  -5.4811605388E-01 +-    4.1069757263E-01   
imkin energy                   1.25000000E-02   1.0163353883E+01 +-    1.0849522402E+00   
impot energy                   1.25000000E-02  -1.0711469937E+01 +-    1.0787287878E+00   
v cent                         1.25000000E-02  -2.3177802012E+01 +-    1.9508936737E+00   
v tau                          1.25000000E-02   4.0334730565E+00 +-    2.2121317004E-01   
v sigma                        1.25000000E-02  -1.0467378683E+01 +-    5.0919892088E-01   
v sigtau                       1.25000000E-02  -5.1593903324E+01 +-    5.7321506095E-01   
v tensor                       1.25000000E-02  -1.0413594405E+01 +-    1.9964128537E-01   
v tenstau                      1.25000000E-02   6.2452543876E+00 +-    2.0593990323E+00   
v ls                           1.25000000E-02   0.0000000000E+00 +-    0.0000000000E+00   
v lstau                        1.25000000E-02   0.0000000000E+00 +-    0.0000000000E+00   
vpot v6                        1.25000000E-02  -8.5373950981E+01 +-    2.2358925381E+00   
vpot v8                        1.25000000E-02  -8.5373950981E+01 +-    2.2358925381E+00   
v coulomb                      1.25000000E-02   7.9268570474E-01 +-    3.8109319770E-03   
v external                     1.25000000E-02   0.0000000000E+00 +-    0.0000000000E+00   
tni 2pipr-anticomm             1.25000000E-02   0.0000000000E+00 +-    0.0000000000E+00   
tni vd1pr                      1.25000000E-02   0.0000000000E+00 +-    0.0000000000E+00   
tni vepr                       1.25000000E-02   0.0000000000E+00 +-    0.0000000000E+00   
tni central                    1.25000000E-02   0.0000000000E+00 +-    0.0000000000E+00   
tni 2pixx-anticommutator       1.25000000E-02   0.0000000000E+00 +-    0.0000000000E+00   
tni 2pixd-anticommutator       1.25000000E-02   0.0000000000E+00 +-    0.0000000000E+00   
tni 2pidd-anticommutator       1.25000000E-02   0.0000000000E+00 +-    0.0000000000E+00   
tni 2pixx-commutator           1.25000000E-02   0.0000000000E+00 +-    0.0000000000E+00   
tni 2pixd-commutator           1.25000000E-02   0.0000000000E+00 +-    0.0000000000E+00   
tni 2pidd-commutator           1.25000000E-02   0.0000000000E+00 +-    0.0000000000E+00   
tni 2pi-tm                     1.25000000E-02   0.0000000000E+00 +-    0.0000000000E+00   
tni vd1                        1.25000000E-02   0.0000000000E+00 +-    0.0000000000E+00   
tni vd2                        1.25000000E-02   0.0000000000E+00 +-    0.0000000000E+00   
tni ve                         1.25000000E-02   0.0000000000E+00 +-    0.0000000000E+00   
vpottot v8+tni                 1.25000000E-02  -8.5373950981E+01 +-    2.2358925381E+00   
enetot v8+tni                  1.25000000E-02  -2.8528776649E+01 +-    5.8020471706E-01   
vper cent                      1.25000000E-02  -2.3177802012E+01 +-    1.9508936737E+00   
vper tau                       1.25000000E-02   4.0334730565E+00 +-    2.2121317004E-01   
vper sigma                     1.25000000E-02  -1.0467378683E+01 +-    5.0919892088E-01   
vper sigtau                    1.25000000E-02  -5.1593903324E+01 +-    5.7321506095E-01   
vper tensor                    1.25000000E-02  -1.0413594405E+01 +-    1.9964128537E-01   
vper tenstau                   1.25000000E-02   6.2452543876E+00 +-    2.0593990323E+00   
vper ls                        1.25000000E-02   0.0000000000E+00 +-    0.0000000000E+00   
vper lstau                     1.25000000E-02   0.0000000000E+00 +-    0.0000000000E+00   
vpotper v6                     1.25000000E-02  -8.5373950981E+01 +-    2.2358925381E+00   
vpotper v8                     1.25000000E-02  -8.5373950981E+01 +-    2.2358925381E+00   
vpotv6pr-vpotv6per diff        1.25000000E-02   0.0000000000E+00 +-    0.0000000000E+00   
vpotv8pr-vpotv8per diff        1.25000000E-02   0.0000000000E+00 +-    0.0000000000E+00   
2piapr-2pia diff               1.25000000E-02   0.0000000000E+00 +-    0.0000000000E+00   
vd1pr-vd1 diff                 1.25000000E-02   0.0000000000E+00 +-    0.0000000000E+00   
vepr-ve diff                   1.25000000E-02   0.0000000000E+00 +-    0.0000000000E+00   
diff1 2piapr-2pia-2picxx       1.25000000E-02   0.0000000000E+00 +-    0.0000000000E+00   
diff2 vd1pr-vd1-2picxd         1.25000000E-02   0.0000000000E+00 +-    0.0000000000E+00   
diff3 vepr-ve-2picdd           1.25000000E-02   0.0000000000E+00 +-    0.0000000000E+00   
sum diff1+dif2+diff3           1.25000000E-02   0.0000000000E+00 +-    0.0000000000E+00   
proton rms                     1.25000000E-02   1.6631205198E+00 +-    1.3253005503E-02   
neutron rms                    1.25000000E-02   2.2058980060E+00 +-    1.3986549719E-02   
total rms                      1.25000000E-02   1.9388510409E+00 +-    8.7254604441E-03   
neutron-proton rms             1.25000000E-02   5.4277748620E-01 +-    1.3149549562E-02   
GT sigXtau+                    1.25000000E-02   1.0081748501E-03 +-    3.2744381098E-05   
GT sigYtau+                    1.25000000E-02  -1.3839979261E-05 +-    1.1378876413E-05   
GT sigZtau+                    1.25000000E-02   1.2467529156E-03 +-    3.6484468483E-05   
GT sigXtau-                    1.25000000E-02  -6.1103825413E-04 +-    2.7839026640E-05   
GT sigYtau-                    1.25000000E-02   2.8170317847E-04 +-    1.9230842101E-05   
GT sigZtau-                    1.25000000E-02  -2.0074409303E-04 +-    2.7371019212E-05   
F tau+                         1.25000000E-02  -7.8461933269E-19 +-    5.9095143455E-20   
F tau-                         1.25000000E-02  -5.8661305317E-19 +-    1.1232457090E-19   
Psi**2                         1.25000000E-02   1.6008043427E-05 +-    9.3352436049E-07   
single crossing/step           1.25000000E-02   7.7046640678E-03 +-    4.1636601772E-05   
global crossing/step           1.25000000E-02   7.4701999249E-03 +-    8.2006038648E-05   
energy numerator(real)         1.25000000E-02  -2.4353413412E+00 +-    9.4044017895E-01   
denominator psit/psigi(real)   1.25000000E-02   8.6356483174E-02 +-    1.3976034297E-02   
energy numerator(aimag)        1.25000000E-02  -7.3123945388E-01 +-    6.8157481629E-01   
denominator psit/psigi(aimag)  1.25000000E-02   2.1679838547E-02 +-    9.5194376301E-03   
growth(lin dt) energy          1.25000000E-02  -2.6402338960E+02 +-    5.8251059789E+00   
growth(global) energy          1.25000000E-02  -2.4259093488E+02 +-    1.1256622752E+01
growth energy                  1.25000000E-02  -2.6370414719E+02 +-    5.8014742721E+00
Time for propagation (sec) (min) =          21.987      0.366
Time for energies (sec) (min) =              0.734      0.012
Time for load balancing (sec) (min) =        0.030      0.001
Time for block (sec) (min) =                23.270      0.388
Time for operators (sec) (min) =             0.016      0.000
Elapsed block time (sec) (min) =           114.522      1.909
 
 walkers multiplicity, block, total
   0          55901         249163
   1        1015843        5000792
   2          54231         245362
   3            429           1660
   4             85            298
   5             24             90
   6              7             37
   7              7             16
   8              5             16
   9              5              9
  10              3             10
  11              1              3
  12              1              2
  13              1              2
  14              1              2
  20              0              2
 
 

iteration =                               6
walker number =                       11276
total energy-propagated        1.50000000E-02  -4.2950088896E+01 +-    7.8429085999E-01   
kinetic energy                 1.50000000E-02   4.7484255357E+01 +-    4.9773139538E+00   
potential energy               1.50000000E-02  -9.0434344253E+01 +-    4.6606754238E+00   
im energy                      1.50000000E-02   7.9439407849E+00 +-    6.2419494428E-01   
imkin energy                   1.50000000E-02   8.1282274774E+01 +-    1.3087844047E+00   
impot energy                   1.50000000E-02  -7.3338333989E+01 +-    1.5890523524E+00   
v cent                         1.50000000E-02   1.8660203921E+02 +-    4.4194583483E+00   
v tau                          1.50000000E-02  -3.4283871067E-01 +-    7.8195605393E-01   
v sigma                        1.50000000E-02  -1.9829179153E+01 +-    1.2741655200E+00   
v sigtau                       1.50000000E-02  -1.3260651589E+02 +-    1.0187500498E+00   
v tensor                       1.50000000E-02  -1.8360155831E+01 +-    4.2385287479E-01   
v tenstau                      1.50000000E-02  -1.0589769387E+02 +-    3.6218974789E+00   
v ls                           1.50000000E-02   0.0000000000E+00 +-    0.0000000000E+00   
v lstau                        1.50000000E-02   0.0000000000E+00 +-    0.0000000000E+00   
vpot v6                        1.50000000E-02  -9.0434344253E+01 +-    4.6606754238E+00   
vpot v8                        1.50000000E-02  -9.0434344253E+01 +-    4.6606754238E+00   
v coulomb                      1.50000000E-02   1.1415236942E+00 +-    5.2173479485E-03   
v external                     1.50000000E-02   0.0000000000E+00 +-    0.0000000000E+00   
tni 2pipr-anticomm             1.50000000E-02   0.0000000000E+00 +-    0.0000000000E+00   
tni vd1pr                      1.50000000E-02   0.0000000000E+00 +-    0.0000000000E+00   
tni vepr                       1.50000000E-02   0.0000000000E+00 +-    0.0000000000E+00   
tni central                    1.50000000E-02   0.0000000000E+00 +-    0.0000000000E+00   
tni 2pixx-anticommutator       1.50000000E-02   0.0000000000E+00 +-    0.0000000000E+00   
tni 2pixd-anticommutator       1.50000000E-02   0.0000000000E+00 +-    0.0000000000E+00   
tni 2pidd-anticommutator       1.50000000E-02   0.0000000000E+00 +-    0.0000000000E+00   
tni 2pixx-commutator           1.50000000E-02   0.0000000000E+00 +-    0.0000000000E+00   
tni 2pixd-commutator           1.50000000E-02   0.0000000000E+00 +-    0.0000000000E+00   
tni 2pidd-commutator           1.50000000E-02   0.0000000000E+00 +-    0.0000000000E+00   
tni 2pi-tm                     1.50000000E-02   0.0000000000E+00 +-    0.0000000000E+00   
tni vd1                        1.50000000E-02   0.0000000000E+00 +-    0.0000000000E+00   
tni vd2                        1.50000000E-02   0.0000000000E+00 +-    0.0000000000E+00   
tni ve                         1.50000000E-02   0.0000000000E+00 +-    0.0000000000E+00   
vpottot v8+tni                 1.50000000E-02  -9.0434344253E+01 +-    4.6606754238E+00   
enetot v8+tni                  1.50000000E-02  -4.2950088896E+01 +-    7.8429085999E-01   
vper cent                      1.50000000E-02   1.8660203921E+02 +-    4.4194583483E+00   
vper tau                       1.50000000E-02  -3.4283871067E-01 +-    7.8195605393E-01   
vper sigma                     1.50000000E-02  -1.9829179153E+01 +-    1.2741655200E+00   
vper sigtau                    1.50000000E-02  -1.3260651589E+02 +-    1.0187500498E+00   
vper tensor                    1.50000000E-02  -1.8360155831E+01 +-    4.2385287479E-01   
vper tenstau                   1.50000000E-02  -1.0589769387E+02 +-    3.6218974789E+00   
vper ls                        1.50000000E-02   0.0000000000E+00 +-    0.0000000000E+00   
vper lstau                     1.50000000E-02   0.0000000000E+00 +-    0.0000000000E+00   
vpotper v6                     1.50000000E-02  -9.0434344253E+01 +-    4.6606754238E+00   
vpotper v8                     1.50000000E-02  -9.0434344253E+01 +-    4.6606754238E+00   
vpotv6pr-vpotv6per diff        1.50000000E-02   0.0000000000E+00 +-    0.0000000000E+00   
vpotv8pr-vpotv8per diff        1.50000000E-02   0.0000000000E+00 +-    0.0000000000E+00   
2piapr-2pia diff               1.50000000E-02   0.0000000000E+00 +-    0.0000000000E+00   
vd1pr-vd1 diff                 1.50000000E-02   0.0000000000E+00 +-    0.0000000000E+00   
vepr-ve diff                   1.50000000E-02   0.0000000000E+00 +-    0.0000000000E+00   
diff1 2piapr-2pia-2picxx       1.50000000E-02   0.0000000000E+00 +-    0.0000000000E+00   
diff2 vd1pr-vd1-2picxd         1.50000000E-02   0.0000000000E+00 +-    0.0000000000E+00   
diff3 vepr-ve-2picdd           1.50000000E-02   0.0000000000E+00 +-    0.0000000000E+00   
sum diff1+dif2+diff3           1.50000000E-02   0.0000000000E+00 +-    0.0000000000E+00   
proton rms                     1.50000000E-02   1.5961363433E+00 +-    1.9902476515E-02   
neutron rms                    1.50000000E-02   1.9409324895E+00 +-    1.3003463853E-02   
total rms                      1.50000000E-02   1.7855043223E+00 +-    1.2075844241E-02   
neutron-proton rms             1.50000000E-02   3.4479614620E-01 +-    1.6553852483E-02   
GT sigXtau+                    1.50000000E-02  -4.6834152525E-04 +-    2.4394700928E-05   
GT sigYtau+                    1.50000000E-02   9.5537279614E-04 +-    1.2272232281E-05   
GT sigZtau+                    1.50000000E-02   2.7115064398E-03 +-    5.2516813251E-05   
GT sigXtau-                    1.50000000E-02   1.9481849051E-03 +-    9.2083457233E-05   
GT sigYtau-                    1.50000000E-02   2.1790011008E-03 +-    7.2916205765E-05   
GT sigZtau-                    1.50000000E-02   1.2947316396E-03 +-    4.6350067057E-05   
F tau+                         1.50000000E-02   3.7875723833E-18 +-    1.1990478242E-19   
F tau-                         1.50000000E-02  -6.6062628536E-18 +-    9.9365440345E-20   
Psi**2                         1.50000000E-02  -3.7595095741E-05 +-    1.9217943427E-06   
single crossing/step           1.50000000E-02   8.2512764406E-03 +-    4.3188455908E-05   
global crossing/step           1.50000000E-02   8.1099562363E-03 +-    8.5640126461E-05   
energy numerator(real)         1.50000000E-02  -9.4382779221E-01 +-    8.9828229104E-01   
denominator psit/psigi(real)   1.50000000E-02   2.1734153705E-02 +-    1.3590643461E-02   
energy numerator(aimag)        1.50000000E-02  -3.5791567126E-01 +-    6.1962014186E-01   
denominator psit/psigi(aimag)  1.50000000E-02   8.9201004567E-03 +-    9.1626093521E-03   
growth(lin dt) energy          1.50000000E-02  -2.6237740977E+02 +-    5.8177131815E+00   
growth(global) energy          1.50000000E-02  -2.8012634736E+02 +-    1.2645468869E+01
growth energy                  1.50000000E-02  -2.6206469240E+02 +-    5.7943494669E+00
Time for propagation (sec) (min) =          21.874      0.365
Time for energies (sec) (min) =              0.790      0.013
Time for load balancing (sec) (min) =        0.030      0.001
Time for block (sec) (min) =                23.215      0.387
Time for operators (sec) (min) =             0.019      0.000
Elapsed block time (sec) (min) =           137.765      2.296
 
 walkers multiplicity, block, total
   0          55517         304680
   1        1009815        6010607
   2          54946         300308
   3            459           2119
   4             74            372
   5             20            110
   6              5             42
   7              4             20
   8              6             22
   9              3             12
  10              0             10
  11              1              4
  12              0              2
  13              0              2
  14              0              2
  19              1              1
  20              0              2
 
 

iteration =                               7
walker number =                       11926
total energy-propagated        1.75000000E-02  -3.7768446667E+01 +-    1.7066369747E+00   
kinetic energy                 1.75000000E-02   2.3133951922E+00 +-    4.8488550913E+00   
potential energy               1.75000000E-02  -4.0081841859E+01 +-    4.6431943814E+00   
im energy                      1.75000000E-02  -4.4042065946E+00 +-    1.4383919891E+00   
imkin energy                   1.75000000E-02  -3.6375988315E+00 +-    2.2667428722E+00   
impot energy                   1.75000000E-02  -7.6660776310E-01 +-    1.6988795811E+00   
v cent                         1.75000000E-02   3.1221317182E+02 +-    4.4702435450E+00   
v tau                          1.75000000E-02  -3.9878969517E+01 +-    9.5200274250E-01   
v sigma                        1.75000000E-02  -6.3042070754E+01 +-    5.6169072758E-01   
v sigtau                       1.75000000E-02  -1.3645202236E+02 +-    1.1654644716E+00   
v tensor                       1.75000000E-02   9.3009712319E+00 +-    2.8721119118E-01   
v tenstau                      1.75000000E-02  -1.2222292228E+02 +-    2.5269731768E+00   
v ls                           1.75000000E-02   0.0000000000E+00 +-    0.0000000000E+00   
v lstau                        1.75000000E-02   0.0000000000E+00 +-    0.0000000000E+00   
vpot v6                        1.75000000E-02  -4.0081841859E+01 +-    4.6431943814E+00   
vpot v8                        1.75000000E-02  -4.0081841859E+01 +-    4.6431943814E+00   
v coulomb                      1.75000000E-02   9.7845945317E-01 +-    1.8564102143E-03   
v external                     1.75000000E-02   0.0000000000E+00 +-    0.0000000000E+00   
tni 2pipr-anticomm             1.75000000E-02   0.0000000000E+00 +-    0.0000000000E+00   
tni vd1pr                      1.75000000E-02   0.0000000000E+00 +-    0.0000000000E+00   
tni vepr                       1.75000000E-02   0.0000000000E+00 +-    0.0000000000E+00   
tni central                    1.75000000E-02   0.0000000000E+00 +-    0.0000000000E+00   
tni 2pixx-anticommutator       1.75000000E-02   0.0000000000E+00 +-    0.0000000000E+00   
tni 2pixd-anticommutator       1.75000000E-02   0.0000000000E+00 +-    0.0000000000E+00   
tni 2pidd-anticommutator       1.75000000E-02   0.0000000000E+00 +-    0.0000000000E+00   
tni 2pixx-commutator           1.75000000E-02   0.0000000000E+00 +-    0.0000000000E+00   
tni 2pixd-commutator           1.75000000E-02   0.0000000000E+00 +-    0.0000000000E+00   
tni 2pidd-commutator           1.75000000E-02   0.0000000000E+00 +-    0.0000000000E+00   
tni 2pi-tm                     1.75000000E-02   0.0000000000E+00 +-    0.0000000000E+00   
tni vd1                        1.75000000E-02   0.0000000000E+00 +-    0.0000000000E+00   
tni vd2                        1.75000000E-02   0.0000000000E+00 +-    0.0000000000E+00   
tni ve                         1.75000000E-02   0.0000000000E+00 +-    0.0000000000E+00   
vpottot v8+tni                 1.75000000E-02  -4.0081841859E+01 +-    4.6431943814E+00   
enetot v8+tni                  1.75000000E-02  -3.7768446667E+01 +-    1.7066369747E+00   
vper cent                      1.75000000E-02   3.1221317182E+02 +-    4.4702435450E+00   
vper tau                       1.75000000E-02  -3.9878969517E+01 +-    9.5200274250E-01   
vper sigma                     1.75000000E-02  -6.3042070754E+01 +-    5.6169072758E-01   
vper sigtau                    1.75000000E-02  -1.3645202236E+02 +-    1.1654644716E+00   
vper tensor                    1.75000000E-02   9.3009712319E+00 +-    2.8721119118E-01   
vper tenstau                   1.75000000E-02  -1.2222292228E+02 +-    2.5269731768E+00   
vper ls                        1.75000000E-02   0.0000000000E+00 +-    0.0000000000E+00   
vper lstau                     1.75000000E-02   0.0000000000E+00 +-    0.0000000000E+00   
vpotper v6                     1.75000000E-02  -4.0081841859E+01 +-    4.6431943814E+00   
vpotper v8                     1.75000000E-02  -4.0081841859E+01 +-    4.6431943814E+00   
vpotv6pr-vpotv6per diff        1.75000000E-02   0.0000000000E+00 +-    0.0000000000E+00   
vpotv8pr-vpotv8per diff        1.75000000E-02   0.0000000000E+00 +-    0.0000000000E+00   
2piapr-2pia diff               1.75000000E-02   0.0000000000E+00 +-    0.0000000000E+00   
vd1pr-vd1 diff                 1.75000000E-02   0.0000000000E+00 +-    0.0000000000E+00   
vepr-ve diff                   1.75000000E-02   0.0000000000E+00 +-    0.0000000000E+00   
diff1 2piapr-2pia-2picxx       1.75000000E-02   0.0000000000E+00 +-    0.0000000000E+00   
diff2 vd1pr-vd1-2picxd         1.75000000E-02   0.0000000000E+00 +-    0.0000000000E+00   
diff3 vepr-ve-2picdd           1.75000000E-02   0.0000000000E+00 +-    0.0000000000E+00   
sum diff1+dif2+diff3           1.75000000E-02   0.0000000000E+00 +-    0.0000000000E+00   
proton rms                     1.75000000E-02   1.3134767981E+00 +-    1.1706551653E-02   
neutron rms                    1.75000000E-02   1.6741587431E+00 +-    2.2742092681E-02   
total rms                      1.75000000E-02   1.5009396862E+00 +-    1.5479638799E-02   
neutron-proton rms             1.75000000E-02   3.6068194496E-01 +-    1.9003380369E-02   
GT sigXtau+                    1.75000000E-02  -4.3700047766E-04 +-    3.9132194863E-05   
GT sigYtau+                    1.75000000E-02  -3.2936825788E-04 +-    5.7832189432E-05   
GT sigZtau+                    1.75000000E-02  -1.6153975022E-03 +-    5.1795730234E-05   
GT sigXtau-                    1.75000000E-02   1.1305456005E-03 +-    3.0495515415E-05   
GT sigYtau-                    1.75000000E-02   1.3992830085E-03 +-    7.3314001557E-05   
GT sigZtau-                    1.75000000E-02  -2.8623307596E-03 +-    3.4107323745E-05   
F tau+                         1.75000000E-02  -1.2778841394E-18 +-    7.6809357882E-20   
F tau-                         1.75000000E-02   2.6432629408E-18 +-    6.7450279880E-20   
Psi**2                         1.75000000E-02   1.2450294443E-04 +-    2.2811675441E-06   
single crossing/step           1.75000000E-02   8.3316894193E-03 +-    4.3333129996E-05   
global crossing/step           1.75000000E-02   8.1344197408E-03 +-    8.5642630989E-05   
energy numerator(real)         1.75000000E-02   9.4567416567E-01 +-    9.6921625088E-01   
denominator psit/psigi(real)   1.75000000E-02  -2.3501199963E-02 +-    1.3245434253E-02   
energy numerator(aimag)        1.75000000E-02  -3.0061023770E-01 +-    6.7304945061E-01   
denominator psit/psigi(aimag)  1.75000000E-02   1.1188776779E-02 +-    8.7534891521E-03   
growth(lin dt) energy          1.75000000E-02  -2.7613492808E+02 +-    5.8448782844E+00   
growth(global) energy          1.75000000E-02  -2.7283200450E+02 +-    1.2304821768E+01
growth energy                  1.75000000E-02  -2.7576560683E+02 +-    5.8194100297E+00
Time for propagation (sec) (min) =          21.941      0.366
Time for energies (sec) (min) =              0.835      0.014
Time for load balancing (sec) (min) =        0.028      0.000
Time for block (sec) (min) =                23.290      0.388
Time for operators (sec) (min) =             0.017      0.000
Elapsed block time (sec) (min) =           161.072      2.685
 
 walkers multiplicity, block, total
   0          56092         360772
   1        1012017        7022624
   2          55371         355679
   3            464           2583
   4             70            442
   5             21            131
   6             10             52
   7              5             25
   8              3             25
   9              6             18
  10              0             10
  11              0              4
  12              0              2
  13              0              2
  14              0              2
  19              0              1
  20              0              2
 
 

iteration =                               8
walker number =                       10931
total energy-propagated        2.00000000E-02   1.7512190734E+01 +-    1.5150251595E+00   
kinetic energy                 2.00000000E-02   2.0033889046E+01 +-    3.2533767766E+00   
potential energy               2.00000000E-02  -2.5216983121E+00 +-    3.3912374893E+00   
im energy                      2.00000000E-02   1.0058808628E+01 +-    1.1509587621E+00   
imkin energy                   2.00000000E-02   7.9875307787E+01 +-    2.0561769772E+00   
impot energy                   2.00000000E-02  -6.9816499159E+01 +-    2.0161501461E+00   
v cent                         2.00000000E-02  -2.8537014708E+01 +-    2.0022135470E+00   
v tau                          2.00000000E-02   1.1184585811E+01 +-    7.6622118638E-01   
v sigma                        2.00000000E-02  -1.5247529335E+01 +-    1.0562254918E+00   
v sigtau                       2.00000000E-02  -2.8657584776E+01 +-    1.5385503042E+00   
v tensor                       2.00000000E-02  -3.6559809262E+00 +-    5.2927100121E-01   
v tenstau                      2.00000000E-02   6.2391825622E+01 +-    3.4474312247E+00   
v ls                           2.00000000E-02   0.0000000000E+00 +-    0.0000000000E+00   
v lstau                        2.00000000E-02   0.0000000000E+00 +-    0.0000000000E+00   
vpot v6                        2.00000000E-02  -2.5216983121E+00 +-    3.3912374893E+00   
vpot v8                        2.00000000E-02  -2.5216983121E+00 +-    3.3912374893E+00   
v coulomb                      2.00000000E-02   7.3265037763E-01 +-    3.5175613396E-03   
v external                     2.00000000E-02   0.0000000000E+00 +-    0.0000000000E+00   
tni 2pipr-anticomm             2.00000000E-02   0.0000000000E+00 +-    0.0000000000E+00   
tni vd1pr                      2.00000000E-02   0.0000000000E+00 +-    0.0000000000E+00   
tni vepr                       2.00000000E-02   0.0000000000E+00 +-    0.0000000000E+00   
tni central                    2.00000000E-02   0.0000000000E+00 +-    0.0000000000E+00   
tni 2pixx-anticommutator       2.00000000E-02   0.0000000000E+00 +-    0.0000000000E+00   
tni 2pixd-anticommutator       2.00000000E-02   0.0000000000E+00 +-    0.0000000000E+00   
tni 2pidd-anticommutator       2.00000000E-02   0.0000000000E+00 +-    0.0000000000E+00   
tni 2pixx-commutator           2.00000000E-02   0.0000000000E+00 +-    0.0000000000E+00   
tni 2pixd-commutator           2.00000000E-02   0.0000000000E+00 +-    0.0000000000E+00   
tni 2pidd-commutator           2.00000000E-02   0.0000000000E+00 +-    0.0000000000E+00   
tni 2pi-tm                     2.00000000E-02   0.0000000000E+00 +-    0.0000000000E+00   
tni vd1                        2.00000000E-02   0.0000000000E+00 +-    0.0000000000E+00   
tni vd2                        2.00000000E-02   0.0000000000E+00 +-    0.0000000000E+00   
tni ve                         2.00000000E-02   0.0000000000E+00 +-    0.0000000000E+00   
vpottot v8+tni                 2.00000000E-02  -2.5216983121E+00 +-    3.3912374893E+00   
enetot v8+tni                  2.00000000E-02   1.7512190734E+01 +-    1.5150251595E+00   
vper cent                      2.00000000E-02  -2.8537014708E+01 +-    2.0022135470E+00   
vper tau                       2.00000000E-02   1.1184585811E+01 +-    7.6622118638E-01   
vper sigma                     2.00000000E-02  -1.5247529335E+01 +-    1.0562254918E+00   
vper sigtau                    2.00000000E-02  -2.8657584776E+01 +-    1.5385503042E+00   
vper tensor                    2.00000000E-02  -3.6559809262E+00 +-    5.2927100121E-01   
vper tenstau                   2.00000000E-02   6.2391825622E+01 +-    3.4474312247E+00   
vper ls                        2.00000000E-02   0.0000000000E+00 +-    0.0000000000E+00   
vper lstau                     2.00000000E-02   0.0000000000E+00 +-    0.0000000000E+00   
vpotper v6                     2.00000000E-02  -2.5216983121E+00 +-    3.3912374893E+00   
vpotper v8                     2.00000000E-02  -2.5216983121E+00 +-    3.3912374893E+00   
vpotv6pr-vpotv6per diff        2.00000000E-02   0.0000000000E+00 +-    0.0000000000E+00   
vpotv8pr-vpotv8per diff        2.00000000E-02   0.0000000000E+00 +-    0.0000000000E+00   
2piapr-2pia diff               2.00000000E-02   0.0000000000E+00 +-    0.0000000000E+00   
vd1pr-vd1 diff                 2.00000000E-02   0.0000000000E+00 +-    0.0000000000E+00   
vepr-ve diff                   2.00000000E-02   0.0000000000E+00 +-    0.0000000000E+00   
diff1 2piapr-2pia-2picxx       2.00000000E-02   0.0000000000E+00 +-    0.0000000000E+00   
diff2 vd1pr-vd1-2picxd         2.00000000E-02   0.0000000000E+00 +-    0.0000000000E+00   
diff3 vepr-ve-2picdd           2.00000000E-02   0.0000000000E+00 +-    0.0000000000E+00   
sum diff1+dif2+diff3           2.00000000E-02   0.0000000000E+00 +-    0.0000000000E+00   
proton rms                     2.00000000E-02   1.9897790510E+00 +-    1.2907796520E-02   
neutron rms                    2.00000000E-02   2.4282825696E+00 +-    1.3660575935E-02   
total rms                      2.00000000E-02   2.2214622511E+00 +-    1.1715223166E-02   
neutron-proton rms             2.00000000E-02   4.3850351859E-01 +-    1.4006530826E-02   
GT sigXtau+                    2.00000000E-02  -1.5951288132E-03 +-    4.2823199607E-05   
GT sigYtau+                    2.00000000E-02  -3.4175151127E-03 +-    5.6342039811E-05   
GT sigZtau+                    2.00000000E-02  -2.9362821142E-03 +-    5.0338304733E-05   
GT sigXtau-                    2.00000000E-02   9.5353630327E-05 +-    3.7707825332E-05   
GT sigYtau-                    2.00000000E-02  -1.4411103918E-04 +-    4.5036432553E-05   
GT sigZtau-                    2.00000000E-02  -1.8411635592E-03 +-    5.3737375727E-05   
F tau+                         2.00000000E-02  -2.5269257770E-19 +-    5.5462936941E-20   
F tau-                         2.00000000E-02   5.1707042416E-19 +-    6.6636037559E-20   
Psi**2                         2.00000000E-02   3.8867845015E-05 +-    1.4840921197E-06   
single crossing/step           2.00000000E-02   8.8499123073E-03 +-    4.4955882313E-05   
global crossing/step           2.00000000E-02   8.6678912002E-03 +-    8.8990498169E-05   
energy numerator(real)         2.00000000E-02  -2.3621763748E-01 +-    9.6569717384E-01   
denominator psit/psigi(real)   2.00000000E-02  -1.2146453829E-02 +-    1.3679467258E-02   
energy numerator(aimag)        2.00000000E-02   5.9370073002E-01 +-    6.3881967007E-01   
denominator psit/psigi(aimag)  2.00000000E-02   3.4376423396E-02 +-    8.9495058062E-03   
growth(lin dt) energy          2.00000000E-02  -2.9727623083E+02 +-    6.0693265476E+00   
growth(global) energy          2.00000000E-02  -2.8878456525E+02 +-    1.2399299987E+01
growth energy                  2.00000000E-02  -2.9681078329E+02 +-    6.0396851593E+00
Time for propagation (sec) (min) =          21.641      0.361
Time for energies (sec) (min) =              0.765      0.013
Time for load balancing (sec) (min) =        0.027      0.000
Time for block (sec) (min) =                22.965      0.383
Time for operators (sec) (min) =             0.015      0.000
Elapsed block time (sec) (min) =           184.052      3.068
 
 walkers multiplicity, block, total
   0          58428         419200
   1        1006256        8028880
   2          55874         411553
   3            503           3086
   4             81            523
   5             27            158
   6             12             64
   7              6             31
   8              8             33
   9              2             20
  10              2             12
  11              0              4
  12              0              2
  13              0              2
  14              0              2
  17              1              1
  19              0              1
  20              0              2
 
 

iteration =                               9
walker number =                       10091
total energy-propagated        2.25000000E-02  -1.7718036956E+01 +-    6.9343946541E-01   
kinetic energy                 2.25000000E-02   5.7239655975E+01 +-    3.4335468710E+00   
potential energy               2.25000000E-02  -7.4957692930E+01 +-    3.5229620678E+00   
im energy                      2.25000000E-02   6.7084371287E+00 +-    3.9114728074E-01   
imkin energy                   2.25000000E-02  -1.1451184867E+01 +-    8.4032777789E-01   
impot energy                   2.25000000E-02   1.8159621995E+01 +-    8.7078133159E-01   
v cent                         2.25000000E-02   1.2189050731E+01 +-    2.4309565448E+00   
v tau                          2.25000000E-02   6.6990024279E+00 +-    4.0847150967E-01   
v sigma                        2.25000000E-02  -2.3915606115E+01 +-    4.2276026931E-01   
v sigtau                       2.25000000E-02  -7.8209739168E+01 +-    7.3083343158E-01   
v tensor                       2.25000000E-02  -1.3539731445E+01 +-    2.4150575975E-01   
v tenstau                      2.25000000E-02   2.1819330639E+01 +-    1.1331350113E+00   
v ls                           2.25000000E-02   0.0000000000E+00 +-    0.0000000000E+00   
v lstau                        2.25000000E-02   0.0000000000E+00 +-    0.0000000000E+00   
vpot v6                        2.25000000E-02  -7.4957692930E+01 +-    3.5229620678E+00   
vpot v8                        2.25000000E-02  -7.4957692930E+01 +-    3.5229620678E+00   
v coulomb                      2.25000000E-02   8.8728359172E-01 +-    3.2546950846E-03   
v external                     2.25000000E-02   0.0000000000E+00 +-    0.0000000000E+00   
tni 2pipr-anticomm             2.25000000E-02   0.0000000000E+00 +-    0.0000000000E+00   
tni vd1pr                      2.25000000E-02   0.0000000000E+00 +-    0.0000000000E+00   
tni vepr                       2.25000000E-02   0.0000000000E+00 +-    0.0000000000E+00   
tni central                    2.25000000E-02   0.0000000000E+00 +-    0.0000000000E+00   
tni 2pixx-anticommutator       2.25000000E-02   0.0000000000E+00 +-    0.0000000000E+00   
tni 2pixd-anticommutator       2.25000000E-02   0.0000000000E+00 +-    0.0000000000E+00   
tni 2pidd-anticommutator       2.25000000E-02   0.0000000000E+00 +-    0.0000000000E+00   
tni 2pixx-commutator           2.25000000E-02   0.0000000000E+00 +-    0.0000000000E+00   
tni 2pixd-commutator           2.25000000E-02   0.0000000000E+00 +-    0.0000000000E+00   
tni 2pidd-commutator           2.25000000E-02   0.0000000000E+00 +-    0.0000000000E+00   
tni 2pi-tm                     2.25000000E-02   0.0000000000E+00 +-    0.0000000000E+00   
tni vd1                        2.25000000E-02   0.0000000000E+00 +-    0.0000000000E+00   
tni vd2                        2.25000000E-02   0.0000000000E+00 +-    0.0000000000E+00   
tni ve                         2.25000000E-02   0.0000000000E+00 +-    0.0000000000E+00   
vpottot v8+tni                 2.25000000E-02  -7.4957692930E+01 +-    3.5229620678E+00   
enetot v8+tni                  2.25000000E-02  -1.7718036956E+01 +-    6.9343946541E-01   
vper cent                      2.25000000E-02   1.2189050731E+01 +-    2.4309565448E+00   
vper tau                       2.25000000E-02   6.6990024279E+00 +-    4.0847150967E-01   
vper sigma                     2.25000000E-02  -2.3915606115E+01 +-    4.2276026931E-01   
vper sigtau                    2.25000000E-02  -7.8209739168E+01 +-    7.3083343158E-01   
vper tensor                    2.25000000E-02  -1.3539731445E+01 +-    2.4150575975E-01   
vper tenstau                   2.25000000E-02   2.1819330639E+01 +-    1.1331350113E+00   
vper ls                        2.25000000E-02   0.0000000000E+00 +-    0.0000000000E+00   
vper lstau                     2.25000000E-02   0.0000000000E+00 +-    0.0000000000E+00   
vpotper v6                     2.25000000E-02  -7.4957692930E+01 +-    3.5229620678E+00   
vpotper v8                     2.25000000E-02  -7.4957692930E+01 +-    3.5229620678E+00   
vpotv6pr-vpotv6per diff        2.25000000E-02   0.0000000000E+00 +-    0.0000000000E+00   
vpotv8pr-vpotv8per diff        2.25000000E-02   0.0000000000E+00 +-    0.0000000000E+00   
2piapr-2pia diff               2.25000000E-02   0.0000000000E+00 +-    0.0000000000E+00   
vd1pr-vd1 diff                 2.25000000E-02   0.0000000000E+00 +-    0.0000000000E+00   
vepr-ve diff                   2.25000000E-02   0.0000000000E+00 +-    0.0000000000E+00   
diff1 2piapr-2pia-2picxx       2.25000000E-02   0.0000000000E+00 +-    0.0000000000E+00   
diff2 vd1pr-vd1-2picxd         2.25000000E-02   0.0000000000E+00 +-    0.0000000000E+00   
diff3 vepr-ve-2picdd           2.25000000E-02   0.0000000000E+00 +-    0.0000000000E+00   
sum diff1+dif2+diff3           2.25000000E-02   0.0000000000E+00 +-    0.0000000000E+00   
proton rms                     2.25000000E-02   1.5434782002E+00 +-    1.1922350682E-02   
neutron rms                    2.25000000E-02   1.5152901718E+00 +-    9.9962223119E-03   
total rms                      2.25000000E-02   1.5242572858E+00 +-    7.0730413935E-03   
neutron-proton rms             2.25000000E-02  -2.8188028343E-02 +-    1.4514904266E-02   
GT sigXtau+                    2.25000000E-02   1.6035955102E-04 +-    1.3295750491E-05   
GT sigYtau+                    2.25000000E-02  -1.7303449839E-04 +-    4.5771050485E-05   
GT sigZtau+                    2.25000000E-02  -8.8993027795E-04 +-    4.4036039367E-05   
GT sigXtau-                    2.25000000E-02  -9.0592157836E-04 +-    2.3427441772E-05   
GT sigYtau-                    2.25000000E-02  -8.7868598540E-04 +-    3.7665460649E-05   
GT sigZtau-                    2.25000000E-02  -1.9392206866E-04 +-    1.7995223496E-05   
F tau+                         2.25000000E-02   7.1458271420E-19 +-    5.3140650479E-20   
F tau-                         2.25000000E-02  -6.6613332984E-20 +-    5.0816876854E-20   
Psi**2                         2.25000000E-02   1.5099238397E-05 +-    1.0675733137E-06   
single crossing/step           2.25000000E-02   8.6304978377E-03 +-    4.4018389695E-05   
global crossing/step           2.25000000E-02   8.4198874208E-03 +-    8.6965198307E-05   
energy numerator(real)         2.25000000E-02  -1.7043330421E+00 +-    9.4301318851E-01   
denominator psit/psigi(real)   2.25000000E-02   6.0339695337E-02 +-    1.4050313680E-02   
energy numerator(aimag)        2.25000000E-02   5.4871361282E-01 +-    6.6656136257E-01   
denominator psit/psigi(aimag)  2.25000000E-02   3.3536705328E-02 +-    9.2242813038E-03   
growth(lin dt) energy          2.25000000E-02  -2.8715046967E+02 +-    6.1578727615E+00   
growth(global) energy          2.25000000E-02  -2.9799245967E+02 +-    1.2598400224E+01
growth energy                  2.25000000E-02  -2.8673244403E+02 +-    6.1293362076E+00
Time for propagation (sec) (min) =          22.015      0.367
Time for energies (sec) (min) =              0.706      0.012
Time for load balancing (sec) (min) =        0.028      0.000
Time for block (sec) (min) =                23.256      0.388
Time for operators (sec) (min) =             0.016      0.000
Elapsed block time (sec) (min) =           207.332      3.456
 
 walkers multiplicity, block, total
   0          59621         478821
   1        1022713        9051593
   2          57113         468666
   3            510           3596
   4             92            615
   5             36            194
   6              9             73
   7              9             40
   8              0             33
   9              1             21
  10              1             13
  11              3              7
  12              0              2
  13              0              2
  14              0              2
  16              2              2
  17              1              2
  18              1              1
  19              0              1
  20              1              3
 
 

iteration =                              10
walker number =                       10146
total energy-propagated        2.50000000E-02   5.4434199236E+00 +-    1.1726031866E+00   
kinetic energy                 2.50000000E-02   1.0908938151E+02 +-    2.3039851586E+00   
potential energy               2.50000000E-02  -1.0364596159E+02 +-    2.8365853102E+00   
im energy                      2.50000000E-02  -1.2907477506E+00 +-    5.3762493488E-01   
imkin energy                   2.50000000E-02  -1.6851673879E+01 +-    1.2883968573E+00   
impot energy                   2.50000000E-02   1.5560926129E+01 +-    1.4158760545E+00   
v cent                         2.50000000E-02   1.1966456926E+02 +-    3.2419402579E+00   
v tau                          2.50000000E-02  -2.5506654849E+01 +-    5.7768377831E-01   
v sigma                        2.50000000E-02  -3.3218181390E+01 +-    5.2467386978E-01   
v sigtau                       2.50000000E-02  -9.8230171435E+01 +-    8.0161498801E-01   
v tensor                       2.50000000E-02   4.4453585786E+00 +-    2.1210299116E-01   
v tenstau                      2.50000000E-02  -7.0800881756E+01 +-    2.3135928308E+00   
v ls                           2.50000000E-02   0.0000000000E+00 +-    0.0000000000E+00   
v lstau                        2.50000000E-02   0.0000000000E+00 +-    0.0000000000E+00   
vpot v6                        2.50000000E-02  -1.0364596159E+02 +-    2.8365853102E+00   
vpot v8                        2.50000000E-02  -1.0364596159E+02 +-    2.8365853102E+00   
v coulomb                      2.50000000E-02   9.7467414349E-01 +-    5.0414197399E-03   
v external                     2.50000000E-02   0.0000000000E+00 +-    0.0000000000E+00   
tni 2pipr-anticomm             2.50000000E-02   0.0000000000E+00 +-    0.0000000000E+00   
tni vd1pr                      2.50000000E-02   0.0000000000E+00 +-    0.0000000000E+00   
tni vepr                       2.50000000E-02   0.0000000000E+00 +-    0.0000000000E+00   
tni central                    2.50000000E-02   0.0000000000E+00 +-    0.0000000000E+00   
tni 2pixx-anticommutator       2.50000000E-02   0.0000000000E+00 +-    0.0000000000E+00   
tni 2pixd-anticommutator       2.50000000E-02   0.0000000000E+00 +-    0.0000000000E+00   
tni 2pidd-anticommutator       2.50000000E-02   0.0000000000E+00 +-    0.0000000000E+00   
tni 2pixx-commutator           2.50000000E-02   0.0000000000E+00 +-    0.0000000000E+00   
tni 2pixd-commutator           2.50000000E-02   0.0000000000E+00 +-    0.0000000000E+00   
tni 2pidd-commutator           2.50000000E-02   0.0000000000E+00 +-    0.0000000000E+00   
tni 2pi-tm                     2.50000000E-02   0.0000000000E+00 +-    0.0000000000E+00   
tni vd1                        2.50000000E-02   0.0000000000E+00 +-    0.0000000000E+00   
tni vd2                        2.50000000E-02   0.0000000000E+00 +-    0.0000000000E+00   
tni ve                         2.50000000E-02   0.0000000000E+00 +-    0.0000000000E+00   
vpottot v8+tni                 2.50000000E-02  -1.0364596159E+02 +-    2.8365853102E+00   
enetot v8+tni                  2.50000000E-02   5.4434199236E+00 +-    1.1726031866E+00   
vper cent                      2.50000000E-02   1.1966456926E+02 +-    3.2419402579E+00   
vper tau                       2.50000000E-02  -2.5506654849E+01 +-    5.7768377831E-01   
vper sigma                     2.50000000E-02  -3.3218181390E+01 +-    5.2467386978E-01   
vper sigtau                    2.50000000E-02  -9.8230171435E+01 +-    8.0161498801E-01   
vper tensor                    2.50000000E-02   4.4453585786E+00 +-    2.1210299116E-01   
vper tenstau                   2.50000000E-02  -7.0800881756E+01 +-    2.3135928308E+00   
vper ls                        2.50000000E-02   0.0000000000E+00 +-    0.0000000000E+00   
vper lstau                     2.50000000E-02   0.0000000000E+00 +-    0.0000000000E+00   
vpotper v6                     2.50000000E-02  -1.0364596159E+02 +-    2.8365853102E+00   
vpotper v8                     2.50000000E-02  -1.0364596159E+02 +-    2.8365853102E+00   
vpotv6pr-vpotv6per diff        2.50000000E-02   0.0000000000E+00 +-    0.0000000000E+00   
vpotv8pr-vpotv8per diff        2.50000000E-02   0.0000000000E+00 +-    0.0000000000E+00   
2piapr-2pia diff               2.50000000E-02   0.0000000000E+00 +-    0.0000000000E+00   
vd1pr-vd1 diff                 2.50000000E-02   0.0000000000E+00 +-    0.0000000000E+00   
vepr-ve diff                   2.50000000E-02   0.0000000000E+00 +-    0.0000000000E+00   
diff1 2piapr-2pia-2picxx       2.50000000E-02   0.0000000000E+00 +-    0.0000000000E+00   
diff2 vd1pr-vd1-2picxd         2.50000000E-02   0.0000000000E+00 +-    0.0000000000E+00   
diff3 vepr-ve-2picdd           2.50000000E-02   0.0000000000E+00 +-    0.0000000000E+00   
sum diff1+dif2+diff3           2.50000000E-02   0.0000000000E+00 +-    0.0000000000E+00   
proton rms                     2.50000000E-02   1.3560685455E+00 +-    1.3693539809E-02   
neutron rms                    2.50000000E-02   1.2380142216E+00 +-    1.1458071185E-02   
total rms                      2.50000000E-02   1.2379250335E+00 +-    6.2716810208E-03   
neutron-proton rms             2.50000000E-02  -1.1805432385E-01 +-    1.8163296075E-02   
GT sigXtau+                    2.50000000E-02   7.5838912046E-04 +-    3.1215127504E-05   
GT sigYtau+                    2.50000000E-02   4.5307572130E-04 +-    4.6812024486E-05   
GT sigZtau+                    2.50000000E-02   1.5885624876E-03 +-    3.4660791605E-05   
GT sigXtau-                    2.50000000E-02  -1.4547622360E-03 +-    3.3580562227E-05   
GT sigYtau-                    2.50000000E-02  -3.6292812158E-04 +-    4.1053878436E-05   
GT sigZtau-                    2.50000000E-02   1.4146314033E-03 +-    4.3349845824E-05   
F tau+                         2.50000000E-02  -6.5063788316E-19 +-    5.4021813416E-20   
F tau-                         2.50000000E-02   4.4503087116E-19 +-    7.3895773944E-20   
Psi**2                         2.50000000E-02   3.4331600772E-05 +-    8.5116675236E-07   
single crossing/step           2.50000000E-02   8.8089266473E-03 +-    4.4683509025E-05   
global crossing/step           2.50000000E-02   8.5999198731E-03 +-    8.8309770532E-05   
energy numerator(real)         2.50000000E-02   3.2167208586E-01 +-    1.0612305305E+00   
denominator psit/psigi(real)   2.50000000E-02   6.2260669996E-02 +-    1.4173347286E-02   
energy numerator(aimag)        2.50000000E-02  -2.6713948869E-01 +-    7.4340922896E-01   
denominator psit/psigi(aimag)  2.50000000E-02  -4.4149456552E-03 +-    9.3928281993E-03   
growth(lin dt) energy          2.50000000E-02  -2.9776665083E+02 +-    6.1574147603E+00   
growth(global) energy          2.50000000E-02  -3.2984419195E+02 +-    1.3360778043E+01
growth energy                  2.50000000E-02  -2.9729884204E+02 +-    6.1272616967E+00
Time for propagation (sec) (min) =          21.807      0.363
Time for energies (sec) (min) =              0.710      0.012
Time for load balancing (sec) (min) =        0.027      0.000
Time for block (sec) (min) =                23.029      0.384
Time for operators (sec) (min) =             0.014      0.000
Elapsed block time (sec) (min) =           230.374      3.840
 
 walkers multiplicity, block, total
   0          59104         537925
   1        1012155       10063748
   2          57447         526113
   3            550           4146
   4             91            706
   5             34            228
   6             11             84
   7              9             49
   8              2             35
   9              3             24
  10              2             15
  11              0              7
  12              1              3
  13              0              2
  14              1              3
  15              1              1
  16              0              2
  17              0              2
  18              0              1
  19              0              1
  20              0              3
 
 

Time for steps      =     230.383 seconds,        3.840 minutes
Master Time for steps =     230.265 seconds,        3.838 minutes

Number of cpus =       100
Total job time =     235.442 seconds,        3.924 minutes,        0.065 hours
Total cpu-time =     392.403 minutes,        6.540 hours
Total time =         235.216 seconds,        3.920 minutes,        0.065 hours
Finished!
