Unconstrained Diffusion Monte Carlo Run -- no drift
!-!-!-!-!-!-!-!-!-!-!-!-!-!-!-!-!-!-!-!-!-!-!-!-!-!
MPI parameters:
Number of boss cpus =                         100
Number of worker cpus for each boss =           0
Total number of cpus =                        100
Simulation parameters:
random number seed =                          321
hbar^2/2m =                              20.73554
start from sites =                              F
nwalk =                                     10000
equilibration blocks =                          0
averaging blocks =                             10
nsteps/blocks =                               100
time step =                          0.0000250000
time step rotations (vmc) =          0.1700000000
trial energy =                          -26.00000
drift cutoff =                            0.00000
drastic population control up =           1.20000
drastic population control down =         0.80000
rebalance if walkers fluctuate more than   2.00 %
weight cut off =                         20.00000
table size =                                 8000
!-!-!-!-!-!-!-!-!-!-!-!-!-!-!-!-!-!-!-!-!-!-!-!-!-!
System parameters:
lpot =                                         11
lpotper =                                      11
potential  =                          argonne v6'
potentialpr =                         argonne v6'
Coulomb included in energy-propagation          F
multiply central v by =                   1.00000
multiply tau v by =                       1.00000
multiply sigma v by =                     1.00000
multiply sigma tau v by =                 1.00000
multiply tensor v by =                    1.00000
multiply tensor tau v by =                1.00000
multiply spin-orbit v by =                0.00000
multiply spin-orbit tau v by =            0.00000
three-body potential =                        no3
ibox (0 is nearest image) =                     0
!-!-!-!-!-!-!-!-!-!-!-!-!-!-!-!-!-!-!-!-!-!-!-!-!-!
propagate LS =                                  F
calculate LS =                                  F
type of correlations =           independent pair
scale orbital   1 with factor    1.14000
determinant # 1
coefficient                     1.00000   0.00000
1  1  0  1  alpha.orb    # 2J,2M,L,tau radial_file for state                    
1 -1  0  1  alpha.orb    # 2J,2M,L,tau radial_file for state                    
1  1  0 -1  alpha.orb    # 2J,2M,L,tau radial_file for state                    
1 -1  0 -1  alpha.orb    # 2J,2M,L,tau radial_file for state                    
rescaled coefficient            1.00000   0.00000
!-!-!-!-!-!-!-!-!-!-!-!-!-!-!-!-!-!-!-!-!-!-!-!-!-!
No external potential
!-!-!-!-!-!-!-!-!-!-!-!-!-!-!-!-!-!-!-!-!-!-!-!-!-!
rcut in pair sampling =                   1.00000
acut in pair sampling =                   5.00000
a constant in psig =                      0.20000
Number of protons =                             2
Number of neutrons =                            2
range of the potential =                 20.00000
!-!-!-!-!-!-!-!-!-!-!-!-!-!-!-!-!-!-!-!-!-!-!-!-!-!
do V3 =                                         F
three body force =                            no3
three body a2piPwa =                      0.000000000000000
three body a2piPwc =                      0.000000000000000
three body a2piSw =                       0.000000000000000
three body Vd,C,c3 =                      0.000000000000000
three body Ve,C,c3 =                      0.000000000000000
three body A_R =                          0.000000000000000
three body Vd1 =                          0.000000000000000
three body Vd2 =                          0.000000000000000
three body Ve =                           0.000000000000000
propagator: multiply the antic by =       0.000000000000000
propagator: multiply the Vd1 by =         0.000000000000000
propagator: multiply the Ve by =          0.000000000000000
propagator: three body a2piPW =           0.000000000000000
!-!-!-!-!-!-!-!-!-!-!-!-!-!-!-!-!-!-!-!-!-!-!-!-!-!
jastrow healing distance dc =             4.47768
jastrow healing distance dtn =           11.57317
jastrow rho =                             0.01000
potential quencher acn (v1) =             1.50851
potential quencher at  (v2) =             6.06936
potential quencher as  (v3) =             2.76780
potential quencher ast (v4) =             0.80880
potential quencher atn (v5) =             0.61864
potential quencher atn (v6) =             0.20141
potential quencher als (v7) =             0.00000
potential quencher alst (v8) =            0.00000
correlation quencher bt (f2) =            0.26685
correlation quencher bs (f3) =           -0.10565
correlation quencher bst (f4) =           0.42277
correlation quencher btn (f5) =           1.08683
correlation quencher btn (f6) =           4.44810
correlation quencher bls (f7) =           0.00000
correlation quencher blst (f8) =          0.00000
!-!-!-!-!-!-!-!-!-!-!-!-!-!-!-!-!-!-!-!-!-!-!-!-!-!
q1c parameter in f3c =                   12.87526
q2c parameter in f3c =                    1.60340
q1p parameter in f3p =                   -1.81620
q2p parameter in f3p =                    2.14789
!-!-!-!-!-!-!-!-!-!-!-!-!-!-!-!-!-!-!-!-!-!-!-!-!-!
rscal parameter in Uijk cent =            1.00000
rscal parameter in Uijk xpi =             1.00000
rscal parameter in Uijk delta =           1.00000
eps_c parameter in Uijk =                 0.00000
eps_anti parameter in Uijk =              0.00000
eps_tm parameter in Uijk =                0.00000
eps_vd1 parameter in Uijk =               0.00000
eps_vd2 parameter in Uijk =               0.00000
eps_vdc3 parameter in Uijk =              0.00000
eps_vec3 parameter in Uijk =              0.00000
eps_ve parameter in Uijk =                0.00000
eps_comm parameter in Uijk =              0.00000
eps_comm-XD parameter in Uijk =           0.00000
eps_comm-DD parameter in Uijk =           0.00000
TNI-comm correlation included =                 F
!-!-!-!-!-!-!-!-!-!-!-!-!-!-!-!-!-!-!-!-!-!-!-!-!-!
CSB correlation rscalpp =                 1.00000
CSB correlation rscalnn =                 1.00000
CSB correlation quencher pp =             0.00000
CSB correlation quencher nn =             0.00000
CSB correlation included =                      F
!-!-!-!-!-!-!-!-!-!-!-!-!-!-!-!-!-!-!-!-!-!-!-!-!-!
jastrow initialized
!-!-!-!-!-!-!-!-!-!-!-!-!-!-!-!-!-!-!-!-!-!-!-!-!-!
Symmetrize V6 in the propagator =               T
New propagation of Vlstau and commutator included!
Coulomb included in energy (and propag)         F
Initial walkers from file
Number of walkers =                          8189
Configurations at tau =              2.9500000000
Reset tau =                          0.0000000000
!-!-!-!-!-!-!-!-!-!-!-!-!-!-!-!-!-!-!-!-!-!-!-!-!-!
Time for reading configurations (sec.) =       0.71
!-!-!-!-!-!-!-!-!-!-!-!-!-!-!-!-!-!-!-!-!-!-!-!-!-!
Initial configurations:
total energy-propagated        0.00000000E+00  -2.6173160898E+01 +-    3.7207737874E-01   
kinetic energy                 0.00000000E+00   1.0395708699E+02 +-    1.7965942105E+00   
potential energy               0.00000000E+00  -1.3013024789E+02 +-    1.7513995696E+00   
v cent                         0.00000000E+00   1.8675527341E+01 +-    1.6394686699E+00   
v tau                          0.00000000E+00  -7.6731304004E+00 +-    2.5820798767E-01   
v sigma                        0.00000000E+00  -8.5374002755E+00 +-    2.5404617942E-01   
v sigtau                       0.00000000E+00  -6.0043495145E+01 +-    5.6850723024E-01   
v tensor                       0.00000000E+00   6.9451767195E-01 +-    1.4042912140E-01   
v tenstau                      0.00000000E+00  -7.3246267080E+01 +-    1.0331438492E+00   
v ls                           0.00000000E+00   0.0000000000E+00 +-    0.0000000000E+00   
v lstau                        0.00000000E+00   0.0000000000E+00 +-    0.0000000000E+00   
v coulomb                      0.00000000E+00   7.4167310199E-01 +-    2.9496306054E-03   
v external                     0.00000000E+00   0.0000000000E+00 +-    0.0000000000E+00   
tni 2pipr-anticomm             0.00000000E+00   0.0000000000E+00 +-    0.0000000000E+00   
tni vd1pr                      0.00000000E+00   0.0000000000E+00 +-    0.0000000000E+00   
tni vepr                       0.00000000E+00   0.0000000000E+00 +-    0.0000000000E+00   
tni central                    0.00000000E+00   0.0000000000E+00 +-    0.0000000000E+00   
tni 2pixx-anticommutator       0.00000000E+00   0.0000000000E+00 +-    0.0000000000E+00   
tni 2pixd-anticommutator       0.00000000E+00   0.0000000000E+00 +-    0.0000000000E+00   
tni 2pidd-anticommutator       0.00000000E+00   0.0000000000E+00 +-    0.0000000000E+00   
tni 2pixx-commutator           0.00000000E+00   0.0000000000E+00 +-    0.0000000000E+00   
tni 2pixd-commutator           0.00000000E+00   0.0000000000E+00 +-    0.0000000000E+00   
tni 2pidd-commutator           0.00000000E+00   0.0000000000E+00 +-    0.0000000000E+00   
tni 2pi-tm                     0.00000000E+00   0.0000000000E+00 +-    0.0000000000E+00   
tni vd1                        0.00000000E+00   0.0000000000E+00 +-    0.0000000000E+00   
tni vd2                        0.00000000E+00   0.0000000000E+00 +-    0.0000000000E+00   
tni ve                         0.00000000E+00   0.0000000000E+00 +-    0.0000000000E+00   
enetot v8+tni                  0.00000000E+00  -2.6173160898E+01 +-    3.7207737874E-01   
!-!-!-!-!-!-!-!-!-!-!-!-!-!-!-!-!-!-!-!-!-!-!-!-!-!
Psi**2 of initial configurations  =   0.2662296E-04  0.0000000E+00  +-    0.7163214E-06  0.0000000E+00
Psig**2 of initial configurations =   0.1792574E-04  0.0000000E+00  +-    0.5727898E-06  0.0000000E+00
!-!-!-!-!-!-!-!-!-!-!-!-!-!-!-!-!-!-!-!-!-!-!-!-!-!
T**2 of initial configurations  =  -0.1802031E-07  0.5633379E-09
Tz of initial configurations    =   0.9157304E-14 -0.2370100E-13
J**2 of initial configurations  =   0.2829363E-07  0.5180987E-09
Jz of initial configurations    =   0.5778679E-14 -0.1399791E-13
!-!-!-!-!-!-!-!-!-!-!-!-!-!-!-!-!-!-!-!-!-!-!-!-!-!
!-!-!-!-!-!-!-!-!-!-!-!-!-!-!-!-!-!-!-!-!-!-!-!-!-!
Time to process initial configurations (sec.) =       1.40
!-!-!-!-!-!-!-!-!-!-!-!-!-!-!-!-!-!-!-!-!-!-!-!-!-!

equilibration done

iteration =                               1
walker number =                       10335
total energy-propagated        2.50000000E-03  -2.5966793053E+01 +-    3.2690243680E-01   
kinetic energy                 2.50000000E-03   1.0165378014E+02 +-    1.5229722154E+00   
potential energy               2.50000000E-03  -1.2762057320E+02 +-    1.4767182285E+00   
im energy                      2.50000000E-03   1.6996646739E-01 +-    1.9767733529E-01   
imkin energy                   2.50000000E-03   1.0115938506E+00 +-    4.4223471107E-01   
impot energy                   2.50000000E-03  -8.4162738325E-01 +-    4.4315084199E-01   
v cent                         2.50000000E-03   1.4655431458E+01 +-    1.2814063803E+00   
v tau                          2.50000000E-03  -6.4051062139E+00 +-    2.3131072072E-01   
v sigma                        2.50000000E-03  -9.5969594495E+00 +-    2.3904238068E-01   
v sigtau                       2.50000000E-03  -5.9357750000E+01 +-    5.0546334357E-01   
v tensor                       2.50000000E-03   4.0896007800E-01 +-    1.4181996734E-01   
v tenstau                      2.50000000E-03  -6.7325149069E+01 +-    1.0023509645E+00   
v ls                           2.50000000E-03   0.0000000000E+00 +-    0.0000000000E+00   
v lstau                        2.50000000E-03   0.0000000000E+00 +-    0.0000000000E+00   
vpot v6                        2.50000000E-03  -1.2762057320E+02 +-    1.4767182285E+00   
vpot v8                        2.50000000E-03  -1.2762057320E+02 +-    1.4767182285E+00   
v coulomb                      2.50000000E-03   7.3318994814E-01 +-    2.6191668043E-03   
v external                     2.50000000E-03   0.0000000000E+00 +-    0.0000000000E+00   
tni 2pipr-anticomm             2.50000000E-03   0.0000000000E+00 +-    0.0000000000E+00   
tni vd1pr                      2.50000000E-03   0.0000000000E+00 +-    0.0000000000E+00   
tni vepr                       2.50000000E-03   0.0000000000E+00 +-    0.0000000000E+00   
tni central                    2.50000000E-03   0.0000000000E+00 +-    0.0000000000E+00   
tni 2pixx-anticommutator       2.50000000E-03   0.0000000000E+00 +-    0.0000000000E+00   
tni 2pixd-anticommutator       2.50000000E-03   0.0000000000E+00 +-    0.0000000000E+00   
tni 2pidd-anticommutator       2.50000000E-03   0.0000000000E+00 +-    0.0000000000E+00   
tni 2pixx-commutator           2.50000000E-03   0.0000000000E+00 +-    0.0000000000E+00   
tni 2pixd-commutator           2.50000000E-03   0.0000000000E+00 +-    0.0000000000E+00   
tni 2pidd-commutator           2.50000000E-03   0.0000000000E+00 +-    0.0000000000E+00   
tni 2pi-tm                     2.50000000E-03   0.0000000000E+00 +-    0.0000000000E+00   
tni vd1                        2.50000000E-03   0.0000000000E+00 +-    0.0000000000E+00   
tni vd2                        2.50000000E-03   0.0000000000E+00 +-    0.0000000000E+00   
tni ve                         2.50000000E-03   0.0000000000E+00 +-    0.0000000000E+00   
vpottot v8+tni                 2.50000000E-03  -1.2762057320E+02 +-    1.4767182285E+00   
enetot v8+tni                  2.50000000E-03  -2.5966793053E+01 +-    3.2690243680E-01   
vper cent                      2.50000000E-03   1.4655431458E+01 +-    1.2814063803E+00   
vper tau                       2.50000000E-03  -6.4051062139E+00 +-    2.3131072072E-01   
vper sigma                     2.50000000E-03  -9.5969594495E+00 +-    2.3904238068E-01   
vper sigtau                    2.50000000E-03  -5.9357750000E+01 +-    5.0546334357E-01   
vper tensor                    2.50000000E-03   4.0896007800E-01 +-    1.4181996734E-01   
vper tenstau                   2.50000000E-03  -6.7325149069E+01 +-    1.0023509645E+00   
vper ls                        2.50000000E-03   0.0000000000E+00 +-    0.0000000000E+00   
vper lstau                     2.50000000E-03   0.0000000000E+00 +-    0.0000000000E+00   
vpotper v6                     2.50000000E-03  -1.2762057320E+02 +-    1.4767182285E+00   
vpotper v8                     2.50000000E-03  -1.2762057320E+02 +-    1.4767182285E+00   
vpotv6pr-vpotv6per diff        2.50000000E-03   0.0000000000E+00 +-    0.0000000000E+00   
vpotv8pr-vpotv8per diff        2.50000000E-03   0.0000000000E+00 +-    0.0000000000E+00   
2piapr-2pia diff               2.50000000E-03   0.0000000000E+00 +-    0.0000000000E+00   
vd1pr-vd1 diff                 2.50000000E-03   0.0000000000E+00 +-    0.0000000000E+00   
vepr-ve diff                   2.50000000E-03   0.0000000000E+00 +-    0.0000000000E+00   
diff1 2piapr-2pia-2picxx       2.50000000E-03   0.0000000000E+00 +-    0.0000000000E+00   
diff2 vd1pr-vd1-2picxd         2.50000000E-03   0.0000000000E+00 +-    0.0000000000E+00   
diff3 vepr-ve-2picdd           2.50000000E-03   0.0000000000E+00 +-    0.0000000000E+00   
sum diff1+dif2+diff3           2.50000000E-03   0.0000000000E+00 +-    0.0000000000E+00   
proton rms                     2.50000000E-03   2.1467036978E+00 +-    1.3722064024E-02   
neutron rms                    2.50000000E-03   2.0879086944E+00 +-    1.3385182369E-02   
total rms                      2.50000000E-03   2.1137266996E+00 +-    1.1929877599E-02   
neutron-proton rms             2.50000000E-03  -5.8795003398E-02 +-    1.2546094228E-02   
GT sigXtau+                    2.50000000E-03  -5.6655087582E-05 +-    2.2624398148E-05   
GT sigYtau+                    2.50000000E-03  -2.1376902606E-05 +-    2.2094628500E-05   
GT sigZtau+                    2.50000000E-03  -1.9316785168E-05 +-    2.3817179487E-05   
GT sigXtau-                    2.50000000E-03   1.0559260715E-05 +-    2.2415818363E-05   
GT sigYtau-                    2.50000000E-03   5.9117014315E-05 +-    2.2166122841E-05   
GT sigZtau-                    2.50000000E-03   2.8375073635E-05 +-    2.2407422108E-05   
F tau+                         2.50000000E-03   5.6438091787E-20 +-    3.8667474262E-20   
F tau-                         2.50000000E-03   7.0119673371E-20 +-    3.8441340212E-20   
Psi**2                         2.50000000E-03   2.6345325233E-05 +-    6.6167765181E-07   
single crossing/step           2.50000000E-03   8.4687774685E-03 +-    4.7524239167E-05   
global crossing/step           2.50000000E-03   8.3154647849E-03 +-    9.4191485319E-05   
energy numerator(real)         2.50000000E-03  -2.5489542928E+01 +-    7.5588555217E-01   
denominator psit/psigi(real)   2.50000000E-03   9.8195136038E-01 +-    1.1651167962E-02   
energy numerator(aimag)        2.50000000E-03  -9.4621733375E-01 +-    4.8780736152E-01   
denominator psit/psigi(aimag)  2.50000000E-03   1.5514510580E-02 +-    7.3398692162E-03   
growth(lin dt) energy          2.50000000E-03  -2.0443163281E+02 +-    5.1672925751E+00   
growth(global) energy          2.50000000E-03  -1.9728303912E+02 +-    1.2174458660E+01
growth energy                  2.50000000E-03  -2.0430576205E+02 +-    5.1540190145E+00
Time for propagation (sec) (min) =          18.590      0.310
Time for energies (sec) (min) =              0.723      0.012
Time for load balancing (sec) (min) =        0.058      0.001
Time for block (sec) (min) =                20.188      0.336
Time for operators (sec) (min) =             0.019      0.000
Elapsed block time (sec) (min) =            20.209      0.337
 
 walkers multiplicity, block, total
   0          36091          36091
   1         855478         855478
   2          37662          37662
   3            193            193
   4             28             28
   5             11             11
   6              3              3
   7              5              5
   8              0              0
   9              2              2
 
 

iteration =                               2
walker number =                       11288
total energy-propagated        5.00000000E-03  -2.6753825601E+01 +-    3.1518438272E-01   
kinetic energy                 5.00000000E-03   1.0889115070E+02 +-    1.1322265065E+00   
potential energy               5.00000000E-03  -1.3564497630E+02 +-    1.1445697289E+00   
im energy                      5.00000000E-03  -5.9869661616E-01 +-    2.0899853733E-01   
imkin energy                   5.00000000E-03  -2.8252788467E-01 +-    4.8065603847E-01   
impot energy                   5.00000000E-03  -3.1616873149E-01 +-    4.6026955064E-01   
v cent                         5.00000000E-03   9.9541447173E+00 +-    8.6636204866E-01   
v tau                          5.00000000E-03  -5.0301502526E+00 +-    2.7298603123E-01   
v sigma                        5.00000000E-03  -1.0274654908E+01 +-    2.5488614460E-01   
v sigtau                       5.00000000E-03  -6.4196770584E+01 +-    5.2798325089E-01   
v tensor                       5.00000000E-03   5.1925871252E-01 +-    1.4041113795E-01   
v tenstau                      5.00000000E-03  -6.6616803984E+01 +-    9.1752072319E-01   
v ls                           5.00000000E-03   0.0000000000E+00 +-    0.0000000000E+00   
v lstau                        5.00000000E-03   0.0000000000E+00 +-    0.0000000000E+00   
vpot v6                        5.00000000E-03  -1.3564497630E+02 +-    1.1445697289E+00   
vpot v8                        5.00000000E-03  -1.3564497630E+02 +-    1.1445697289E+00   
v coulomb                      5.00000000E-03   7.4162312898E-01 +-    2.7569734961E-03   
v external                     5.00000000E-03   0.0000000000E+00 +-    0.0000000000E+00   
tni 2pipr-anticomm             5.00000000E-03   0.0000000000E+00 +-    0.0000000000E+00   
tni vd1pr                      5.00000000E-03   0.0000000000E+00 +-    0.0000000000E+00   
tni vepr                       5.00000000E-03   0.0000000000E+00 +-    0.0000000000E+00   
tni central                    5.00000000E-03   0.0000000000E+00 +-    0.0000000000E+00   
tni 2pixx-anticommutator       5.00000000E-03   0.0000000000E+00 +-    0.0000000000E+00   
tni 2pixd-anticommutator       5.00000000E-03   0.0000000000E+00 +-    0.0000000000E+00   
tni 2pidd-anticommutator       5.00000000E-03   0.0000000000E+00 +-    0.0000000000E+00   
tni 2pixx-commutator           5.00000000E-03   0.0000000000E+00 +-    0.0000000000E+00   
tni 2pixd-commutator           5.00000000E-03   0.0000000000E+00 +-    0.0000000000E+00   
tni 2pidd-commutator           5.00000000E-03   0.0000000000E+00 +-    0.0000000000E+00   
tni 2pi-tm                     5.00000000E-03   0.0000000000E+00 +-    0.0000000000E+00   
tni vd1                        5.00000000E-03   0.0000000000E+00 +-    0.0000000000E+00   
tni vd2                        5.00000000E-03   0.0000000000E+00 +-    0.0000000000E+00   
tni ve                         5.00000000E-03   0.0000000000E+00 +-    0.0000000000E+00   
vpottot v8+tni                 5.00000000E-03  -1.3564497630E+02 +-    1.1445697289E+00   
enetot v8+tni                  5.00000000E-03  -2.6753825601E+01 +-    3.1518438272E-01   
vper cent                      5.00000000E-03   9.9541447173E+00 +-    8.6636204866E-01   
vper tau                       5.00000000E-03  -5.0301502526E+00 +-    2.7298603123E-01   
vper sigma                     5.00000000E-03  -1.0274654908E+01 +-    2.5488614460E-01   
vper sigtau                    5.00000000E-03  -6.4196770584E+01 +-    5.2798325089E-01   
vper tensor                    5.00000000E-03   5.1925871252E-01 +-    1.4041113795E-01   
vper tenstau                   5.00000000E-03  -6.6616803984E+01 +-    9.1752072319E-01   
vper ls                        5.00000000E-03   0.0000000000E+00 +-    0.0000000000E+00   
vper lstau                     5.00000000E-03   0.0000000000E+00 +-    0.0000000000E+00   
vpotper v6                     5.00000000E-03  -1.3564497630E+02 +-    1.1445697289E+00   
vpotper v8                     5.00000000E-03  -1.3564497630E+02 +-    1.1445697289E+00   
vpotv6pr-vpotv6per diff        5.00000000E-03   0.0000000000E+00 +-    0.0000000000E+00   
vpotv8pr-vpotv8per diff        5.00000000E-03   0.0000000000E+00 +-    0.0000000000E+00   
2piapr-2pia diff               5.00000000E-03   0.0000000000E+00 +-    0.0000000000E+00   
vd1pr-vd1 diff                 5.00000000E-03   0.0000000000E+00 +-    0.0000000000E+00   
vepr-ve diff                   5.00000000E-03   0.0000000000E+00 +-    0.0000000000E+00   
diff1 2piapr-2pia-2picxx       5.00000000E-03   0.0000000000E+00 +-    0.0000000000E+00   
diff2 vd1pr-vd1-2picxd         5.00000000E-03   0.0000000000E+00 +-    0.0000000000E+00   
diff3 vepr-ve-2picdd           5.00000000E-03   0.0000000000E+00 +-    0.0000000000E+00   
sum diff1+dif2+diff3           5.00000000E-03   0.0000000000E+00 +-    0.0000000000E+00   
proton rms                     5.00000000E-03   2.1169098052E+00 +-    1.2663678511E-02   
neutron rms                    5.00000000E-03   2.0622325424E+00 +-    1.2421824794E-02   
total rms                      5.00000000E-03   2.0873453219E+00 +-    1.1232133572E-02   
neutron-proton rms             5.00000000E-03  -5.4677262814E-02 +-    1.0963131288E-02   
GT sigXtau+                    5.00000000E-03  -3.1795191863E-05 +-    1.6420966418E-05   
GT sigYtau+                    5.00000000E-03   3.0748696244E-05 +-    2.1559921271E-05   
GT sigZtau+                    5.00000000E-03   1.2858919818E-04 +-    2.4266751050E-05   
GT sigXtau-                    5.00000000E-03  -1.2693429959E-04 +-    2.1906074228E-05   
GT sigYtau-                    5.00000000E-03  -1.1533022426E-04 +-    2.1895977763E-05   
GT sigZtau-                    5.00000000E-03   3.7099659404E-05 +-    2.6646215537E-05   
F tau+                         5.00000000E-03  -8.5059269752E-20 +-    3.7068908535E-20   
F tau-                         5.00000000E-03  -1.9930580000E-19 +-    3.9808538421E-20   
Psi**2                         5.00000000E-03   2.5628018870E-05 +-    5.7925584895E-07   
single crossing/step           5.00000000E-03   7.4984950544E-03 +-    4.1383209515E-05   
global crossing/step           5.00000000E-03   7.3848187346E-03 +-    8.2141362092E-05   
energy numerator(real)         5.00000000E-03  -1.7153595767E+01 +-    7.6166380371E-01   
denominator psit/psigi(real)   5.00000000E-03   6.4149253623E-01 +-    1.2668470087E-02   
energy numerator(aimag)        5.00000000E-03  -8.3674855797E-01 +-    5.2393256151E-01   
denominator psit/psigi(aimag)  5.00000000E-03   2.1463152185E-02 +-    8.1240739822E-03   
growth(lin dt) energy          5.00000000E-03  -2.1344968018E+02 +-    5.1040697877E+00   
growth(global) energy          5.00000000E-03  -2.1377469189E+02 +-    1.0366509958E+01
growth energy                  5.00000000E-03  -2.1330021236E+02 +-    5.0898180857E+00
Time for propagation (sec) (min) =          21.725      0.362
Time for energies (sec) (min) =              0.790      0.013
Time for load balancing (sec) (min) =        0.032      0.001
Time for block (sec) (min) =                23.313      0.389
Time for operators (sec) (min) =             0.017      0.000
Elapsed block time (sec) (min) =            43.555      0.726
 
 walkers multiplicity, block, total
   0          46828          82919
   1        1004363        1859841
   2          46882          84544
   3            328            521
   4             42             70
   5             14             25
   6              8             11
   7              0              5
   8              1              1
   9              0              2
  15              1              1
 
 

iteration =                               3
walker number =                       11415
total energy-propagated        7.50000000E-03  -2.4956747560E+01 +-    4.3316837253E-01   
kinetic energy                 7.50000000E-03   1.0915230393E+02 +-    1.5770401382E+00   
potential energy               7.50000000E-03  -1.3410905149E+02 +-    1.6622842997E+00   
im energy                      7.50000000E-03   1.8082659747E+00 +-    2.8640087225E-01   
imkin energy                   7.50000000E-03   5.3247915042E+00 +-    5.2196396666E-01   
impot energy                   7.50000000E-03  -3.5165255296E+00 +-    5.2673449984E-01   
v cent                         7.50000000E-03   2.3483020903E+01 +-    1.4870540950E+00   
v tau                          7.50000000E-03  -8.3006454477E+00 +-    1.9908718934E-01   
v sigma                        7.50000000E-03  -7.5313532634E+00 +-    2.5983601949E-01   
v sigtau                       7.50000000E-03  -6.1089210359E+01 +-    5.3068796383E-01   
v tensor                       7.50000000E-03   1.5621018697E+00 +-    1.4631584739E-01   
v tenstau                      7.50000000E-03  -8.2232965197E+01 +-    1.0708143198E+00   
v ls                           7.50000000E-03   0.0000000000E+00 +-    0.0000000000E+00   
v lstau                        7.50000000E-03   0.0000000000E+00 +-    0.0000000000E+00   
vpot v6                        7.50000000E-03  -1.3410905149E+02 +-    1.6622842997E+00   
vpot v8                        7.50000000E-03  -1.3410905149E+02 +-    1.6622842997E+00   
v coulomb                      7.50000000E-03   7.3593332172E-01 +-    2.4903490796E-03   
v external                     7.50000000E-03   0.0000000000E+00 +-    0.0000000000E+00   
tni 2pipr-anticomm             7.50000000E-03   0.0000000000E+00 +-    0.0000000000E+00   
tni vd1pr                      7.50000000E-03   0.0000000000E+00 +-    0.0000000000E+00   
tni vepr                       7.50000000E-03   0.0000000000E+00 +-    0.0000000000E+00   
tni central                    7.50000000E-03   0.0000000000E+00 +-    0.0000000000E+00   
tni 2pixx-anticommutator       7.50000000E-03   0.0000000000E+00 +-    0.0000000000E+00   
tni 2pixd-anticommutator       7.50000000E-03   0.0000000000E+00 +-    0.0000000000E+00   
tni 2pidd-anticommutator       7.50000000E-03   0.0000000000E+00 +-    0.0000000000E+00   
tni 2pixx-commutator           7.50000000E-03   0.0000000000E+00 +-    0.0000000000E+00   
tni 2pixd-commutator           7.50000000E-03   0.0000000000E+00 +-    0.0000000000E+00   
tni 2pidd-commutator           7.50000000E-03   0.0000000000E+00 +-    0.0000000000E+00   
tni 2pi-tm                     7.50000000E-03   0.0000000000E+00 +-    0.0000000000E+00   
tni vd1                        7.50000000E-03   0.0000000000E+00 +-    0.0000000000E+00   
tni vd2                        7.50000000E-03   0.0000000000E+00 +-    0.0000000000E+00   
tni ve                         7.50000000E-03   0.0000000000E+00 +-    0.0000000000E+00   
vpottot v8+tni                 7.50000000E-03  -1.3410905149E+02 +-    1.6622842997E+00   
enetot v8+tni                  7.50000000E-03  -2.4956747560E+01 +-    4.3316837253E-01   
vper cent                      7.50000000E-03   2.3483020903E+01 +-    1.4870540950E+00   
vper tau                       7.50000000E-03  -8.3006454477E+00 +-    1.9908718934E-01   
vper sigma                     7.50000000E-03  -7.5313532634E+00 +-    2.5983601949E-01   
vper sigtau                    7.50000000E-03  -6.1089210359E+01 +-    5.3068796383E-01   
vper tensor                    7.50000000E-03   1.5621018697E+00 +-    1.4631584739E-01   
vper tenstau                   7.50000000E-03  -8.2232965197E+01 +-    1.0708143198E+00   
vper ls                        7.50000000E-03   0.0000000000E+00 +-    0.0000000000E+00   
vper lstau                     7.50000000E-03   0.0000000000E+00 +-    0.0000000000E+00   
vpotper v6                     7.50000000E-03  -1.3410905149E+02 +-    1.6622842997E+00   
vpotper v8                     7.50000000E-03  -1.3410905149E+02 +-    1.6622842997E+00   
vpotv6pr-vpotv6per diff        7.50000000E-03   0.0000000000E+00 +-    0.0000000000E+00   
vpotv8pr-vpotv8per diff        7.50000000E-03   0.0000000000E+00 +-    0.0000000000E+00   
2piapr-2pia diff               7.50000000E-03   0.0000000000E+00 +-    0.0000000000E+00   
vd1pr-vd1 diff                 7.50000000E-03   0.0000000000E+00 +-    0.0000000000E+00   
vepr-ve diff                   7.50000000E-03   0.0000000000E+00 +-    0.0000000000E+00   
diff1 2piapr-2pia-2picxx       7.50000000E-03   0.0000000000E+00 +-    0.0000000000E+00   
diff2 vd1pr-vd1-2picxd         7.50000000E-03   0.0000000000E+00 +-    0.0000000000E+00   
diff3 vepr-ve-2picdd           7.50000000E-03   0.0000000000E+00 +-    0.0000000000E+00   
sum diff1+dif2+diff3           7.50000000E-03   0.0000000000E+00 +-    0.0000000000E+00   
proton rms                     7.50000000E-03   2.0806917911E+00 +-    1.2144098922E-02   
neutron rms                    7.50000000E-03   2.0074074424E+00 +-    1.1558097657E-02   
total rms                      7.50000000E-03   2.0428273665E+00 +-    1.0677356711E-02   
neutron-proton rms             7.50000000E-03  -7.3284348703E-02 +-    1.0321318328E-02   
GT sigXtau+                    7.50000000E-03  -2.2690295783E-04 +-    1.9504565022E-05   
GT sigYtau+                    7.50000000E-03   1.5777585743E-05 +-    2.0274555968E-05   
GT sigZtau+                    7.50000000E-03   4.3929357961E-05 +-    1.3453916376E-05   
GT sigXtau-                    7.50000000E-03   1.2503241427E-04 +-    2.2509211780E-05   
GT sigYtau-                    7.50000000E-03  -1.0619792317E-04 +-    2.2358692138E-05   
GT sigZtau-                    7.50000000E-03   1.0062796358E-04 +-    2.1119980848E-05   
F tau+                         7.50000000E-03  -2.3103466453E-19 +-    3.8526391589E-20   
F tau-                         7.50000000E-03  -4.3640331331E-19 +-    4.0404473193E-20   
Psi**2                         7.50000000E-03   2.4019834248E-05 +-    5.0303034990E-07   
single crossing/step           7.50000000E-03   8.1050499267E-03 +-    4.2670914962E-05   
global crossing/step           7.50000000E-03   7.9306552348E-03 +-    8.4426116810E-05   
energy numerator(real)         7.50000000E-03  -9.5924589052E+00 +-    8.3388264055E-01   
denominator psit/psigi(real)   7.50000000E-03   3.8438982261E-01 +-    1.3193971703E-02   
energy numerator(aimag)        7.50000000E-03   1.1019770033E+00 +-    5.8955590475E-01   
denominator psit/psigi(aimag)  7.50000000E-03  -2.3173712149E-04 +-    8.7026699065E-03   
growth(lin dt) energy          7.50000000E-03  -2.3989677635E+02 +-    5.3638801593E+00   
growth(global) energy          7.50000000E-03  -2.5702178329E+02 +-    1.1758025420E+01
growth energy                  7.50000000E-03  -2.3966644871E+02 +-    5.3453613344E+00
Time for propagation (sec) (min) =          22.082      0.368
Time for energies (sec) (min) =              0.799      0.013
Time for load balancing (sec) (min) =        0.034      0.001
Time for block (sec) (min) =                23.610      0.393
Time for operators (sec) (min) =             0.022      0.000
Elapsed block time (sec) (min) =            67.187      1.120
 
 walkers multiplicity, block, total
   0          51641         134560
   1        1025128        2884969
   2          50664         135208
   3            388            909
   4             57            127
   5             18             43
   6              5             16
   7              3              8
   8              3              4
   9              0              2
  10              1              1
  13              1              1
  15              0              1
 
 

iteration =                               4
walker number =                       10889
total energy-propagated        1.00000000E-02  -2.4297444351E+01 +-    5.5327189338E-01   
kinetic energy                 1.00000000E-02   1.1117134050E+02 +-    2.0498410616E+00   
potential energy               1.00000000E-02  -1.3546878485E+02 +-    2.1769138802E+00   
im energy                      1.00000000E-02   8.9143772178E-01 +-    3.3989796431E-01   
imkin energy                   1.00000000E-02   7.3723787950E+00 +-    7.2422121236E-01   
impot energy                   1.00000000E-02  -6.4809410732E+00 +-    8.8489880710E-01   
v cent                         1.00000000E-02   2.4875639431E+01 +-    2.0021616782E+00   
v tau                          1.00000000E-02  -4.0891318310E+00 +-    4.0794225165E-01   
v sigma                        1.00000000E-02  -1.1699743456E+01 +-    2.8681015552E-01   
v sigtau                       1.00000000E-02  -6.8048304842E+01 +-    4.7680215288E-01   
v tensor                       1.00000000E-02  -1.6071310099E+00 +-    2.2088514474E-01   
v tenstau                      1.00000000E-02  -7.4900113145E+01 +-    1.5603206492E+00   
v ls                           1.00000000E-02   0.0000000000E+00 +-    0.0000000000E+00   
v lstau                        1.00000000E-02   0.0000000000E+00 +-    0.0000000000E+00   
vpot v6                        1.00000000E-02  -1.3546878485E+02 +-    2.1769138802E+00   
vpot v8                        1.00000000E-02  -1.3546878485E+02 +-    2.1769138802E+00   
v coulomb                      1.00000000E-02   7.7604811307E-01 +-    2.7287864055E-03   
v external                     1.00000000E-02   0.0000000000E+00 +-    0.0000000000E+00   
tni 2pipr-anticomm             1.00000000E-02   0.0000000000E+00 +-    0.0000000000E+00   
tni vd1pr                      1.00000000E-02   0.0000000000E+00 +-    0.0000000000E+00   
tni vepr                       1.00000000E-02   0.0000000000E+00 +-    0.0000000000E+00   
tni central                    1.00000000E-02   0.0000000000E+00 +-    0.0000000000E+00   
tni 2pixx-anticommutator       1.00000000E-02   0.0000000000E+00 +-    0.0000000000E+00   
tni 2pixd-anticommutator       1.00000000E-02   0.0000000000E+00 +-    0.0000000000E+00   
tni 2pidd-anticommutator       1.00000000E-02   0.0000000000E+00 +-    0.0000000000E+00   
tni 2pixx-commutator           1.00000000E-02   0.0000000000E+00 +-    0.0000000000E+00   
tni 2pixd-commutator           1.00000000E-02   0.0000000000E+00 +-    0.0000000000E+00   
tni 2pidd-commutator           1.00000000E-02   0.0000000000E+00 +-    0.0000000000E+00   
tni 2pi-tm                     1.00000000E-02   0.0000000000E+00 +-    0.0000000000E+00   
tni vd1                        1.00000000E-02   0.0000000000E+00 +-    0.0000000000E+00   
tni vd2                        1.00000000E-02   0.0000000000E+00 +-    0.0000000000E+00   
tni ve                         1.00000000E-02   0.0000000000E+00 +-    0.0000000000E+00   
vpottot v8+tni                 1.00000000E-02  -1.3546878485E+02 +-    2.1769138802E+00   
enetot v8+tni                  1.00000000E-02  -2.4297444351E+01 +-    5.5327189338E-01   
vper cent                      1.00000000E-02   2.4875639431E+01 +-    2.0021616782E+00   
vper tau                       1.00000000E-02  -4.0891318310E+00 +-    4.0794225165E-01   
vper sigma                     1.00000000E-02  -1.1699743456E+01 +-    2.8681015552E-01   
vper sigtau                    1.00000000E-02  -6.8048304842E+01 +-    4.7680215288E-01   
vper tensor                    1.00000000E-02  -1.6071310099E+00 +-    2.2088514474E-01   
vper tenstau                   1.00000000E-02  -7.4900113145E+01 +-    1.5603206492E+00   
vper ls                        1.00000000E-02   0.0000000000E+00 +-    0.0000000000E+00   
vper lstau                     1.00000000E-02   0.0000000000E+00 +-    0.0000000000E+00   
vpotper v6                     1.00000000E-02  -1.3546878485E+02 +-    2.1769138802E+00   
vpotper v8                     1.00000000E-02  -1.3546878485E+02 +-    2.1769138802E+00   
vpotv6pr-vpotv6per diff        1.00000000E-02   0.0000000000E+00 +-    0.0000000000E+00   
vpotv8pr-vpotv8per diff        1.00000000E-02   0.0000000000E+00 +-    0.0000000000E+00   
2piapr-2pia diff               1.00000000E-02   0.0000000000E+00 +-    0.0000000000E+00   
vd1pr-vd1 diff                 1.00000000E-02   0.0000000000E+00 +-    0.0000000000E+00   
vepr-ve diff                   1.00000000E-02   0.0000000000E+00 +-    0.0000000000E+00   
diff1 2piapr-2pia-2picxx       1.00000000E-02   0.0000000000E+00 +-    0.0000000000E+00   
diff2 vd1pr-vd1-2picxd         1.00000000E-02   0.0000000000E+00 +-    0.0000000000E+00   
diff3 vepr-ve-2picdd           1.00000000E-02   0.0000000000E+00 +-    0.0000000000E+00   
sum diff1+dif2+diff3           1.00000000E-02   0.0000000000E+00 +-    0.0000000000E+00   
proton rms                     1.00000000E-02   2.0002116578E+00 +-    1.3483709415E-02   
neutron rms                    1.00000000E-02   1.8947239601E+00 +-    1.0990815703E-02   
total rms                      1.00000000E-02   1.9475665710E+00 +-    1.0851355764E-02   
neutron-proton rms             1.00000000E-02  -1.0548769770E-01 +-    1.1464491265E-02   
GT sigXtau+                    1.00000000E-02   1.1478763577E-04 +-    2.1842715551E-05   
GT sigYtau+                    1.00000000E-02   1.0335671531E-04 +-    2.1782489108E-05   
GT sigZtau+                    1.00000000E-02   6.0567263257E-05 +-    3.2690769801E-05   
GT sigXtau-                    1.00000000E-02  -1.7243898083E-04 +-    2.4659876819E-05   
GT sigYtau-                    1.00000000E-02   2.4333275937E-04 +-    2.3257390595E-05   
GT sigZtau-                    1.00000000E-02  -4.8121031393E-04 +-    2.6636096049E-05   
F tau+                         1.00000000E-02  -2.6247984117E-19 +-    4.0772801428E-20   
F tau-                         1.00000000E-02  -1.0436545019E-19 +-    5.1396257979E-20   
Psi**2                         1.00000000E-02   2.4060819478E-05 +-    7.3685071459E-07   
single crossing/step           1.00000000E-02   7.5885274942E-03 +-    4.1462914628E-05   
global crossing/step           1.00000000E-02   7.4721040232E-03 +-    8.2292071483E-05   
energy numerator(real)         1.00000000E-02  -5.4891676613E+00 +-    9.6435954412E-01   
denominator psit/psigi(real)   1.00000000E-02   2.2493663219E-01 +-    1.3765350914E-02   
energy numerator(aimag)        1.00000000E-02   4.0466010983E-02 +-    6.5276309314E-01   
denominator psit/psigi(aimag)  1.00000000E-02   1.4028690982E-02 +-    8.7925662412E-03   
growth(lin dt) energy          1.00000000E-02  -2.2861979055E+02 +-    5.4072120860E+00   
growth(global) energy          1.00000000E-02  -2.3625223411E+02 +-    1.1496472665E+01
growth energy                  1.00000000E-02  -2.2842606666E+02 +-    5.3900550911E+00
Time for propagation (sec) (min) =          21.911      0.365
Time for energies (sec) (min) =              0.763      0.013
Time for load balancing (sec) (min) =        0.030      0.001
Time for block (sec) (min) =                23.433      0.391
Time for operators (sec) (min) =             0.017      0.000
Elapsed block time (sec) (min) =            90.646      1.511
 
 walkers multiplicity, block, total
   0          52841         187401
   1        1014582        3899551
   2          51352         186560
   3            327           1236
   4             60            187
   5             12             55
   6              3             19
   7              4             12
   8              1              5
   9              1              3
  10              3              4
  13              0              1
  15              0              1
 
 

iteration =                               5
walker number =                       10940
total energy-propagated        1.25000000E-02  -1.8066149998E+01 +-    3.1622014669E-01   
kinetic energy                 1.25000000E-02   1.9622648201E+02 +-    2.0168836752E+00   
potential energy               1.25000000E-02  -2.1429263201E+02 +-    2.0038580243E+00   
im energy                      1.25000000E-02  -7.4673875088E+00 +-    3.7060833406E-01   
imkin energy                   1.25000000E-02  -1.1988240019E+01 +-    6.6583520413E-01   
impot energy                   1.25000000E-02   4.5208525100E+00 +-    4.8305026488E-01   
v cent                         1.25000000E-02   1.7618661726E+00 +-    1.2188476395E+00   
v tau                          1.25000000E-02  -1.1992767611E+01 +-    3.6734724596E-01   
v sigma                        1.25000000E-02  -3.8462519328E+00 +-    5.6112308896E-01   
v sigtau                       1.25000000E-02  -7.4882127740E+01 +-    6.5906148146E-01   
v tensor                       1.25000000E-02   3.8941460406E+00 +-    2.7443400757E-01   
v tenstau                      1.25000000E-02  -1.2922749694E+02 +-    1.8851656363E+00   
v ls                           1.25000000E-02   0.0000000000E+00 +-    0.0000000000E+00   
v lstau                        1.25000000E-02   0.0000000000E+00 +-    0.0000000000E+00   
vpot v6                        1.25000000E-02  -2.1429263201E+02 +-    2.0038580243E+00   
vpot v8                        1.25000000E-02  -2.1429263201E+02 +-    2.0038580243E+00   
v coulomb                      1.25000000E-02   8.5315487361E-01 +-    2.5518042965E-03   
v external                     1.25000000E-02   0.0000000000E+00 +-    0.0000000000E+00   
tni 2pipr-anticomm             1.25000000E-02   0.0000000000E+00 +-    0.0000000000E+00   
tni vd1pr                      1.25000000E-02   0.0000000000E+00 +-    0.0000000000E+00   
tni vepr                       1.25000000E-02   0.0000000000E+00 +-    0.0000000000E+00   
tni central                    1.25000000E-02   0.0000000000E+00 +-    0.0000000000E+00   
tni 2pixx-anticommutator       1.25000000E-02   0.0000000000E+00 +-    0.0000000000E+00   
tni 2pixd-anticommutator       1.25000000E-02   0.0000000000E+00 +-    0.0000000000E+00   
tni 2pidd-anticommutator       1.25000000E-02   0.0000000000E+00 +-    0.0000000000E+00   
tni 2pixx-commutator           1.25000000E-02   0.0000000000E+00 +-    0.0000000000E+00   
tni 2pixd-commutator           1.25000000E-02   0.0000000000E+00 +-    0.0000000000E+00   
tni 2pidd-commutator           1.25000000E-02   0.0000000000E+00 +-    0.0000000000E+00   
tni 2pi-tm                     1.25000000E-02   0.0000000000E+00 +-    0.0000000000E+00   
tni vd1                        1.25000000E-02   0.0000000000E+00 +-    0.0000000000E+00   
tni vd2                        1.25000000E-02   0.0000000000E+00 +-    0.0000000000E+00   
tni ve                         1.25000000E-02   0.0000000000E+00 +-    0.0000000000E+00   
vpottot v8+tni                 1.25000000E-02  -2.1429263201E+02 +-    2.0038580243E+00   
enetot v8+tni                  1.25000000E-02  -1.8066149998E+01 +-    3.1622014669E-01   
vper cent                      1.25000000E-02   1.7618661726E+00 +-    1.2188476395E+00   
vper tau                       1.25000000E-02  -1.1992767611E+01 +-    3.6734724596E-01   
vper sigma                     1.25000000E-02  -3.8462519328E+00 +-    5.6112308896E-01   
vper sigtau                    1.25000000E-02  -7.4882127740E+01 +-    6.5906148146E-01   
vper tensor                    1.25000000E-02   3.8941460406E+00 +-    2.7443400757E-01   
vper tenstau                   1.25000000E-02  -1.2922749694E+02 +-    1.8851656363E+00   
vper ls                        1.25000000E-02   0.0000000000E+00 +-    0.0000000000E+00   
vper lstau                     1.25000000E-02   0.0000000000E+00 +-    0.0000000000E+00   
vpotper v6                     1.25000000E-02  -2.1429263201E+02 +-    2.0038580243E+00   
vpotper v8                     1.25000000E-02  -2.1429263201E+02 +-    2.0038580243E+00   
vpotv6pr-vpotv6per diff        1.25000000E-02   0.0000000000E+00 +-    0.0000000000E+00   
vpotv8pr-vpotv8per diff        1.25000000E-02   0.0000000000E+00 +-    0.0000000000E+00   
2piapr-2pia diff               1.25000000E-02   0.0000000000E+00 +-    0.0000000000E+00   
vd1pr-vd1 diff                 1.25000000E-02   0.0000000000E+00 +-    0.0000000000E+00   
vepr-ve diff                   1.25000000E-02   0.0000000000E+00 +-    0.0000000000E+00   
diff1 2piapr-2pia-2picxx       1.25000000E-02   0.0000000000E+00 +-    0.0000000000E+00   
diff2 vd1pr-vd1-2picxd         1.25000000E-02   0.0000000000E+00 +-    0.0000000000E+00   
diff3 vepr-ve-2picdd           1.25000000E-02   0.0000000000E+00 +-    0.0000000000E+00   
sum diff1+dif2+diff3           1.25000000E-02   0.0000000000E+00 +-    0.0000000000E+00   
proton rms                     1.25000000E-02   1.6254398782E+00 +-    1.2646836913E-02   
neutron rms                    1.25000000E-02   1.7462297098E+00 +-    1.0458875972E-02   
total rms                      1.25000000E-02   1.6899172594E+00 +-    1.1374309028E-02   
neutron-proton rms             1.25000000E-02   1.2078983164E-01 +-    8.5945675183E-03   
GT sigXtau+                    1.25000000E-02  -4.1127838695E-04 +-    3.4609727369E-05   
GT sigYtau+                    1.25000000E-02  -9.2847327056E-05 +-    3.6262657181E-05   
GT sigZtau+                    1.25000000E-02   1.0741008986E-04 +-    4.2130648004E-05   
GT sigXtau-                    1.25000000E-02   1.9998832957E-04 +-    3.3744676936E-05   
GT sigYtau-                    1.25000000E-02  -3.3452235964E-05 +-    3.0637635003E-05   
GT sigZtau-                    1.25000000E-02   1.3881208949E-04 +-    4.1849658358E-05   
F tau+                         1.25000000E-02   6.0226749014E-19 +-    6.7757636118E-20   
F tau-                         1.25000000E-02  -5.4307297263E-19 +-    5.8736367106E-20   
Psi**2                         1.25000000E-02   6.8229879546E-05 +-    1.1728233142E-06   
single crossing/step           1.25000000E-02   8.4691849636E-03 +-    4.3868445627E-05   
global crossing/step           1.25000000E-02   8.2959328845E-03 +-    8.6842434038E-05   
energy numerator(real)         1.25000000E-02  -2.1028985519E+00 +-    9.3394597463E-01   
denominator psit/psigi(real)   1.25000000E-02   1.3596254745E-01 +-    1.3832115087E-02   
energy numerator(aimag)        1.25000000E-02  -2.0895655914E+00 +-    6.3418205869E-01   
denominator psit/psigi(aimag)  1.25000000E-02   3.1665404434E-02 +-    8.9451874009E-03   
growth(lin dt) energy          1.25000000E-02  -2.6631199101E+02 +-    5.8240206334E+00   
growth(global) energy          1.25000000E-02  -2.5452266727E+02 +-    1.2908101491E+01
growth energy                  1.25000000E-02  -2.6598356439E+02 +-    5.8000629036E+00
Time for propagation (sec) (min) =          21.833      0.364
Time for energies (sec) (min) =              0.766      0.013
Time for load balancing (sec) (min) =        0.029      0.000
Time for block (sec) (min) =                23.301      0.388
Time for operators (sec) (min) =             0.015      0.000
Elapsed block time (sec) (min) =           113.962      1.899
 
 walkers multiplicity, block, total
   0          54906         242307
   1        1005889        4905440
   2          53548         240108
   3            468           1704
   4             67            254
   5             31             86
   6              6             25
   7              5             17
   8              2              7
   9              1              4
  10              2              6
  11              1              1
  13              2              3
  15              1              2
 
 

iteration =                               6
walker number =                       11390
total energy-propagated        1.50000000E-02  -3.1282174492E+01 +-    5.5210871516E-01   
kinetic energy                 1.50000000E-02   5.1328570944E+01 +-    2.4169806352E+00   
potential energy               1.50000000E-02  -8.2610745436E+01 +-    2.3209173825E+00   
im energy                      1.50000000E-02  -1.4525956980E+01 +-    3.8443321585E-01   
imkin energy                   1.50000000E-02   1.9632690169E+00 +-    4.6317948332E-01   
impot energy                   1.50000000E-02  -1.6489225997E+01 +-    3.4326953179E-01   
v cent                         1.50000000E-02   9.0143112415E+01 +-    2.2322798596E+00   
v tau                          1.50000000E-02  -1.3398046770E+01 +-    2.7264370916E-01   
v sigma                        1.50000000E-02  -2.7730608924E+01 +-    4.7877017888E-01   
v sigtau                       1.50000000E-02  -1.0997432747E+02 +-    8.1693724192E-01   
v tensor                       1.50000000E-02   5.8954870518E+00 +-    2.4960672234E-01   
v tenstau                      1.50000000E-02  -2.7546361734E+01 +-    8.8743793191E-01   
v ls                           1.50000000E-02   0.0000000000E+00 +-    0.0000000000E+00   
v lstau                        1.50000000E-02   0.0000000000E+00 +-    0.0000000000E+00   
vpot v6                        1.50000000E-02  -8.2610745436E+01 +-    2.3209173825E+00   
vpot v8                        1.50000000E-02  -8.2610745436E+01 +-    2.3209173825E+00   
v coulomb                      1.50000000E-02   7.5646571502E-01 +-    5.4850770090E-03   
v external                     1.50000000E-02   0.0000000000E+00 +-    0.0000000000E+00   
tni 2pipr-anticomm             1.50000000E-02   0.0000000000E+00 +-    0.0000000000E+00   
tni vd1pr                      1.50000000E-02   0.0000000000E+00 +-    0.0000000000E+00   
tni vepr                       1.50000000E-02   0.0000000000E+00 +-    0.0000000000E+00   
tni central                    1.50000000E-02   0.0000000000E+00 +-    0.0000000000E+00   
tni 2pixx-anticommutator       1.50000000E-02   0.0000000000E+00 +-    0.0000000000E+00   
tni 2pixd-anticommutator       1.50000000E-02   0.0000000000E+00 +-    0.0000000000E+00   
tni 2pidd-anticommutator       1.50000000E-02   0.0000000000E+00 +-    0.0000000000E+00   
tni 2pixx-commutator           1.50000000E-02   0.0000000000E+00 +-    0.0000000000E+00   
tni 2pixd-commutator           1.50000000E-02   0.0000000000E+00 +-    0.0000000000E+00   
tni 2pidd-commutator           1.50000000E-02   0.0000000000E+00 +-    0.0000000000E+00   
tni 2pi-tm                     1.50000000E-02   0.0000000000E+00 +-    0.0000000000E+00   
tni vd1                        1.50000000E-02   0.0000000000E+00 +-    0.0000000000E+00   
tni vd2                        1.50000000E-02   0.0000000000E+00 +-    0.0000000000E+00   
tni ve                         1.50000000E-02   0.0000000000E+00 +-    0.0000000000E+00   
vpottot v8+tni                 1.50000000E-02  -8.2610745436E+01 +-    2.3209173825E+00   
enetot v8+tni                  1.50000000E-02  -3.1282174492E+01 +-    5.5210871516E-01   
vper cent                      1.50000000E-02   9.0143112415E+01 +-    2.2322798596E+00   
vper tau                       1.50000000E-02  -1.3398046770E+01 +-    2.7264370916E-01   
vper sigma                     1.50000000E-02  -2.7730608924E+01 +-    4.7877017888E-01   
vper sigtau                    1.50000000E-02  -1.0997432747E+02 +-    8.1693724192E-01   
vper tensor                    1.50000000E-02   5.8954870518E+00 +-    2.4960672234E-01   
vper tenstau                   1.50000000E-02  -2.7546361734E+01 +-    8.8743793191E-01   
vper ls                        1.50000000E-02   0.0000000000E+00 +-    0.0000000000E+00   
vper lstau                     1.50000000E-02   0.0000000000E+00 +-    0.0000000000E+00   
vpotper v6                     1.50000000E-02  -8.2610745436E+01 +-    2.3209173825E+00   
vpotper v8                     1.50000000E-02  -8.2610745436E+01 +-    2.3209173825E+00   
vpotv6pr-vpotv6per diff        1.50000000E-02   0.0000000000E+00 +-    0.0000000000E+00   
vpotv8pr-vpotv8per diff        1.50000000E-02   0.0000000000E+00 +-    0.0000000000E+00   
2piapr-2pia diff               1.50000000E-02   0.0000000000E+00 +-    0.0000000000E+00   
vd1pr-vd1 diff                 1.50000000E-02   0.0000000000E+00 +-    0.0000000000E+00   
vepr-ve diff                   1.50000000E-02   0.0000000000E+00 +-    0.0000000000E+00   
diff1 2piapr-2pia-2picxx       1.50000000E-02   0.0000000000E+00 +-    0.0000000000E+00   
diff2 vd1pr-vd1-2picxd         1.50000000E-02   0.0000000000E+00 +-    0.0000000000E+00   
diff3 vepr-ve-2picdd           1.50000000E-02   0.0000000000E+00 +-    0.0000000000E+00   
sum diff1+dif2+diff3           1.50000000E-02   0.0000000000E+00 +-    0.0000000000E+00   
proton rms                     1.50000000E-02   2.2023278207E+00 +-    1.8203187003E-02   
neutron rms                    1.50000000E-02   1.5981955712E+00 +-    1.2688778566E-02   
total rms                      1.50000000E-02   1.8981340306E+00 +-    1.4258352821E-02   
neutron-proton rms             1.50000000E-02  -6.0413224954E-01 +-    1.2004293441E-02   
GT sigXtau+                    1.50000000E-02  -1.2437990702E-03 +-    3.8203413119E-05   
GT sigYtau+                    1.50000000E-02   7.0128652256E-04 +-    2.9287588763E-05   
GT sigZtau+                    1.50000000E-02   3.8996627064E-05 +-    3.1116785178E-05   
GT sigXtau-                    1.50000000E-02   6.0336956553E-04 +-    3.8516325513E-05   
GT sigYtau-                    1.50000000E-02   1.1418153459E-03 +-    4.3721673192E-05   
GT sigZtau-                    1.50000000E-02  -1.3831812058E-04 +-    3.8819229587E-05   
F tau+                         1.50000000E-02  -7.1700593379E-20 +-    5.8961452404E-20   
F tau-                         1.50000000E-02   4.4744736858E-19 +-    5.9655935059E-20   
Psi**2                         1.50000000E-02   4.4755411611E-05 +-    6.0524475090E-07   
single crossing/step           1.50000000E-02   7.7211356754E-03 +-    4.1765852712E-05   
global crossing/step           1.50000000E-02   7.5389904601E-03 +-    8.2548124332E-05   
energy numerator(real)         1.50000000E-02  -1.2841286296E+00 +-    8.8337634738E-01   
denominator psit/psigi(real)   1.50000000E-02   5.6699660092E-02 +-    1.3335641190E-02   
energy numerator(aimag)        1.50000000E-02  -2.2664488244E+00 +-    6.1733906825E-01   
denominator psit/psigi(aimag)  1.50000000E-02   5.6840825706E-02 +-    8.7582058487E-03   
growth(lin dt) energy          1.50000000E-02  -2.6468548265E+02 +-    5.8457978218E+00   
growth(global) energy          1.50000000E-02  -2.6825313484E+02 +-    1.3323042816E+01
growth energy                  1.50000000E-02  -2.6436359660E+02 +-    5.8219846948E+00
Time for propagation (sec) (min) =          21.978      0.366
Time for energies (sec) (min) =              0.798      0.013
Time for load balancing (sec) (min) =        0.031      0.001
Time for block (sec) (min) =                23.409      0.390
Time for operators (sec) (min) =             0.018      0.000
Elapsed block time (sec) (min) =           137.397      2.290
 
 walkers multiplicity, block, total
   0          55281         297588
   1        1011949        5917389
   2          54295         294403
   3            438           2142
   4             94            348
   5             25            111
   6              7             32
   7              7             24
   8              6             13
   9              0              4
  10              2              8
  11              1              2
  13              1              4
  15              0              2
  20              1              1
 
 

iteration =                               7
walker number =                       11245
total energy-propagated        1.75000000E-02  -1.6643728262E+01 +-    1.1602499742E+00   
kinetic energy                 1.75000000E-02   7.0054430739E+01 +-    3.3486896682E+00   
potential energy               1.75000000E-02  -8.6698159000E+01 +-    3.3720939956E+00   
im energy                      1.75000000E-02  -4.1098414576E+00 +-    8.3713799523E-01   
imkin energy                   1.75000000E-02  -1.0945698277E+01 +-    8.3777858796E-01   
impot energy                   1.75000000E-02   6.8358568199E+00 +-    1.1036077909E+00   
v cent                         1.75000000E-02   1.4775365314E+02 +-    3.9497044264E+00   
v tau                          1.75000000E-02  -1.5187077340E+01 +-    4.7688660399E-01   
v sigma                        1.75000000E-02  -1.2210235090E+01 +-    5.1440783772E-01   
v sigtau                       1.75000000E-02  -7.0083363885E+01 +-    1.0996514899E+00   
v tensor                       1.75000000E-02  -2.5719141575E+00 +-    3.5104819049E-01   
v tenstau                      1.75000000E-02  -1.3439922167E+02 +-    2.1351030523E+00   
v ls                           1.75000000E-02   0.0000000000E+00 +-    0.0000000000E+00   
v lstau                        1.75000000E-02   0.0000000000E+00 +-    0.0000000000E+00   
vpot v6                        1.75000000E-02  -8.6698159000E+01 +-    3.3720939956E+00   
vpot v8                        1.75000000E-02  -8.6698159000E+01 +-    3.3720939956E+00   
v coulomb                      1.75000000E-02   1.0452582972E+00 +-    4.7739430485E-03   
v external                     1.75000000E-02   0.0000000000E+00 +-    0.0000000000E+00   
tni 2pipr-anticomm             1.75000000E-02   0.0000000000E+00 +-    0.0000000000E+00   
tni vd1pr                      1.75000000E-02   0.0000000000E+00 +-    0.0000000000E+00   
tni vepr                       1.75000000E-02   0.0000000000E+00 +-    0.0000000000E+00   
tni central                    1.75000000E-02   0.0000000000E+00 +-    0.0000000000E+00   
tni 2pixx-anticommutator       1.75000000E-02   0.0000000000E+00 +-    0.0000000000E+00   
tni 2pixd-anticommutator       1.75000000E-02   0.0000000000E+00 +-    0.0000000000E+00   
tni 2pidd-anticommutator       1.75000000E-02   0.0000000000E+00 +-    0.0000000000E+00   
tni 2pixx-commutator           1.75000000E-02   0.0000000000E+00 +-    0.0000000000E+00   
tni 2pixd-commutator           1.75000000E-02   0.0000000000E+00 +-    0.0000000000E+00   
tni 2pidd-commutator           1.75000000E-02   0.0000000000E+00 +-    0.0000000000E+00   
tni 2pi-tm                     1.75000000E-02   0.0000000000E+00 +-    0.0000000000E+00   
tni vd1                        1.75000000E-02   0.0000000000E+00 +-    0.0000000000E+00   
tni vd2                        1.75000000E-02   0.0000000000E+00 +-    0.0000000000E+00   
tni ve                         1.75000000E-02   0.0000000000E+00 +-    0.0000000000E+00   
vpottot v8+tni                 1.75000000E-02  -8.6698159000E+01 +-    3.3720939956E+00   
enetot v8+tni                  1.75000000E-02  -1.6643728262E+01 +-    1.1602499742E+00   
vper cent                      1.75000000E-02   1.4775365314E+02 +-    3.9497044264E+00   
vper tau                       1.75000000E-02  -1.5187077340E+01 +-    4.7688660399E-01   
vper sigma                     1.75000000E-02  -1.2210235090E+01 +-    5.1440783772E-01   
vper sigtau                    1.75000000E-02  -7.0083363885E+01 +-    1.0996514899E+00   
vper tensor                    1.75000000E-02  -2.5719141575E+00 +-    3.5104819049E-01   
vper tenstau                   1.75000000E-02  -1.3439922167E+02 +-    2.1351030523E+00   
vper ls                        1.75000000E-02   0.0000000000E+00 +-    0.0000000000E+00   
vper lstau                     1.75000000E-02   0.0000000000E+00 +-    0.0000000000E+00   
vpotper v6                     1.75000000E-02  -8.6698159000E+01 +-    3.3720939956E+00   
vpotper v8                     1.75000000E-02  -8.6698159000E+01 +-    3.3720939956E+00   
vpotv6pr-vpotv6per diff        1.75000000E-02   0.0000000000E+00 +-    0.0000000000E+00   
vpotv8pr-vpotv8per diff        1.75000000E-02   0.0000000000E+00 +-    0.0000000000E+00   
2piapr-2pia diff               1.75000000E-02   0.0000000000E+00 +-    0.0000000000E+00   
vd1pr-vd1 diff                 1.75000000E-02   0.0000000000E+00 +-    0.0000000000E+00   
vepr-ve diff                   1.75000000E-02   0.0000000000E+00 +-    0.0000000000E+00   
diff1 2piapr-2pia-2picxx       1.75000000E-02   0.0000000000E+00 +-    0.0000000000E+00   
diff2 vd1pr-vd1-2picxd         1.75000000E-02   0.0000000000E+00 +-    0.0000000000E+00   
diff3 vepr-ve-2picdd           1.75000000E-02   0.0000000000E+00 +-    0.0000000000E+00   
sum diff1+dif2+diff3           1.75000000E-02   0.0000000000E+00 +-    0.0000000000E+00   
proton rms                     1.75000000E-02   1.1462047081E+00 +-    1.3515555201E-02   
neutron rms                    1.75000000E-02   1.8680797859E+00 +-    1.9586354874E-02   
total rms                      1.75000000E-02   1.4439336838E+00 +-    1.3144745028E-02   
neutron-proton rms             1.75000000E-02   7.2187507772E-01 +-    1.5212090923E-02   
GT sigXtau+                    1.75000000E-02   1.1150653649E-03 +-    5.8032635288E-05   
GT sigYtau+                    1.75000000E-02   4.6299449634E-04 +-    5.3396203516E-05   
GT sigZtau+                    1.75000000E-02   2.2893961933E-03 +-    4.7182350819E-05   
GT sigXtau-                    1.75000000E-02  -1.3882870188E-03 +-    4.2248245391E-05   
GT sigYtau-                    1.75000000E-02   9.3051676065E-05 +-    5.7418098574E-05   
GT sigZtau-                    1.75000000E-02   6.3455610913E-04 +-    4.9362461152E-05   
F tau+                         1.75000000E-02   2.1081508270E-18 +-    1.0032320979E-19   
F tau-                         1.75000000E-02   3.0010290089E-19 +-    1.0369851379E-19   
Psi**2                         1.75000000E-02   4.2674900740E-05 +-    1.7669801163E-06   
single crossing/step           1.75000000E-02   7.3697051199E-03 +-    4.0986938685E-05   
global crossing/step           1.75000000E-02   7.1841535265E-03 +-    8.0942909660E-05   
energy numerator(real)         1.75000000E-02  -2.8036746235E-01 +-    8.3363400105E-01   
denominator psit/psigi(real)   1.75000000E-02   2.8642371100E-02 +-    1.3387426442E-02   
energy numerator(aimag)        1.75000000E-02  -7.9051012398E-01 +-    5.5536876362E-01   
denominator psit/psigi(aimag)  1.75000000E-02   3.8783576086E-02 +-    8.7658885655E-03   
growth(lin dt) energy          1.75000000E-02  -2.3892402787E+02 +-    5.5918048818E+00   
growth(global) energy          1.75000000E-02  -2.4571429418E+02 +-    1.1439065143E+01
growth energy                  1.75000000E-02  -2.3869698212E+02 +-    5.5726183755E+00
Time for propagation (sec) (min) =          21.790      0.363
Time for energies (sec) (min) =              0.788      0.013
Time for load balancing (sec) (min) =        0.033      0.001
Time for block (sec) (min) =                23.290      0.388
Time for operators (sec) (min) =             0.018      0.000
Elapsed block time (sec) (min) =           160.705      2.678
 
 walkers multiplicity, block, total
   0          54237         351825
   1        1004978        6922367
   2          53064         347467
   3            350           2492
   4             47            395
   5             26            137
   6              8             40
   7              3             27
   8              0             13
   9              0              4
  10              0              8
  11              0              2
  13              1              5
  14              1              1
  15              0              2
  20              0              1
 
 

iteration =                               8
walker number =                       10108
total energy-propagated        2.00000000E-02  -5.0155885179E+01 +-    8.4453530289E-01   
kinetic energy                 2.00000000E-02   1.7670671607E+02 +-    3.0938145182E+00   
potential energy               2.00000000E-02  -2.2686260125E+02 +-    2.5363144618E+00   
im energy                      2.00000000E-02   1.2475127493E+01 +-    2.4526648270E-01   
imkin energy                   2.00000000E-02  -1.3532214158E+01 +-    1.0274665592E+00   
impot energy                   2.00000000E-02   2.6007341650E+01 +-    1.0604694270E+00   
v cent                         2.00000000E-02  -2.4593935978E+01 +-    2.7146267300E+00   
v tau                          2.00000000E-02  -2.3987981292E+01 +-    2.1337253556E-01   
v sigma                        2.00000000E-02  -7.5347237785E+00 +-    1.0271985658E+00   
v sigtau                       2.00000000E-02  -1.0054071717E+02 +-    8.9627874489E-01   
v tensor                       2.00000000E-02   1.2598057063E+00 +-    4.0394319308E-01   
v tenstau                      2.00000000E-02  -7.1465048734E+01 +-    2.8142950108E+00   
v ls                           2.00000000E-02   0.0000000000E+00 +-    0.0000000000E+00   
v lstau                        2.00000000E-02   0.0000000000E+00 +-    0.0000000000E+00   
vpot v6                        2.00000000E-02  -2.2686260125E+02 +-    2.5363144618E+00   
vpot v8                        2.00000000E-02  -2.2686260125E+02 +-    2.5363144618E+00   
v coulomb                      2.00000000E-02   7.3154386612E-01 +-    6.2315084367E-03   
v external                     2.00000000E-02   0.0000000000E+00 +-    0.0000000000E+00   
tni 2pipr-anticomm             2.00000000E-02   0.0000000000E+00 +-    0.0000000000E+00   
tni vd1pr                      2.00000000E-02   0.0000000000E+00 +-    0.0000000000E+00   
tni vepr                       2.00000000E-02   0.0000000000E+00 +-    0.0000000000E+00   
tni central                    2.00000000E-02   0.0000000000E+00 +-    0.0000000000E+00   
tni 2pixx-anticommutator       2.00000000E-02   0.0000000000E+00 +-    0.0000000000E+00   
tni 2pixd-anticommutator       2.00000000E-02   0.0000000000E+00 +-    0.0000000000E+00   
tni 2pidd-anticommutator       2.00000000E-02   0.0000000000E+00 +-    0.0000000000E+00   
tni 2pixx-commutator           2.00000000E-02   0.0000000000E+00 +-    0.0000000000E+00   
tni 2pixd-commutator           2.00000000E-02   0.0000000000E+00 +-    0.0000000000E+00   
tni 2pidd-commutator           2.00000000E-02   0.0000000000E+00 +-    0.0000000000E+00   
tni 2pi-tm                     2.00000000E-02   0.0000000000E+00 +-    0.0000000000E+00   
tni vd1                        2.00000000E-02   0.0000000000E+00 +-    0.0000000000E+00   
tni vd2                        2.00000000E-02   0.0000000000E+00 +-    0.0000000000E+00   
tni ve                         2.00000000E-02   0.0000000000E+00 +-    0.0000000000E+00   
vpottot v8+tni                 2.00000000E-02  -2.2686260125E+02 +-    2.5363144618E+00   
enetot v8+tni                  2.00000000E-02  -5.0155885179E+01 +-    8.4453530289E-01   
vper cent                      2.00000000E-02  -2.4593935978E+01 +-    2.7146267300E+00   
vper tau                       2.00000000E-02  -2.3987981292E+01 +-    2.1337253556E-01   
vper sigma                     2.00000000E-02  -7.5347237785E+00 +-    1.0271985658E+00   
vper sigtau                    2.00000000E-02  -1.0054071717E+02 +-    8.9627874489E-01   
vper tensor                    2.00000000E-02   1.2598057063E+00 +-    4.0394319308E-01   
vper tenstau                   2.00000000E-02  -7.1465048734E+01 +-    2.8142950108E+00   
vper ls                        2.00000000E-02   0.0000000000E+00 +-    0.0000000000E+00   
vper lstau                     2.00000000E-02   0.0000000000E+00 +-    0.0000000000E+00   
vpotper v6                     2.00000000E-02  -2.2686260125E+02 +-    2.5363144618E+00   
vpotper v8                     2.00000000E-02  -2.2686260125E+02 +-    2.5363144618E+00   
vpotv6pr-vpotv6per diff        2.00000000E-02   0.0000000000E+00 +-    0.0000000000E+00   
vpotv8pr-vpotv8per diff        2.00000000E-02   0.0000000000E+00 +-    0.0000000000E+00   
2piapr-2pia diff               2.00000000E-02   0.0000000000E+00 +-    0.0000000000E+00   
vd1pr-vd1 diff                 2.00000000E-02   0.0000000000E+00 +-    0.0000000000E+00   
vepr-ve diff                   2.00000000E-02   0.0000000000E+00 +-    0.0000000000E+00   
diff1 2piapr-2pia-2picxx       2.00000000E-02   0.0000000000E+00 +-    0.0000000000E+00   
diff2 vd1pr-vd1-2picxd         2.00000000E-02   0.0000000000E+00 +-    0.0000000000E+00   
diff3 vepr-ve-2picdd           2.00000000E-02   0.0000000000E+00 +-    0.0000000000E+00   
sum diff1+dif2+diff3           2.00000000E-02   0.0000000000E+00 +-    0.0000000000E+00   
proton rms                     2.00000000E-02   1.4622276004E+00 +-    8.5199248556E-03   
neutron rms                    2.00000000E-02   1.4878007172E+00 +-    7.7095342189E-03   
total rms                      2.00000000E-02   1.4606103333E+00 +-    5.4905223399E-03   
neutron-proton rms             2.00000000E-02   2.5573116782E-02 +-    1.2084931779E-02   
GT sigXtau+                    2.00000000E-02  -2.6409383093E-04 +-    3.1063511893E-05   
GT sigYtau+                    2.00000000E-02  -4.7842693012E-05 +-    4.0034083554E-05   
GT sigZtau+                    2.00000000E-02  -1.8554752180E-03 +-    3.0348002391E-05   
GT sigXtau-                    2.00000000E-02   7.5511276499E-04 +-    2.1771221267E-05   
GT sigYtau-                    2.00000000E-02   4.4440625952E-05 +-    4.5110795361E-05   
GT sigZtau-                    2.00000000E-02  -1.0723754250E-03 +-    4.3458363042E-05   
F tau+                         2.00000000E-02  -8.4515469920E-20 +-    6.3532114586E-20   
F tau-                         2.00000000E-02  -9.7187230619E-19 +-    9.3733140408E-20   
Psi**2                         2.00000000E-02   1.1268871034E-05 +-    1.3316474946E-06   
single crossing/step           2.00000000E-02   8.1478203063E-03 +-    4.2631513522E-05   
global crossing/step           2.00000000E-02   7.9737542583E-03 +-    8.4354752311E-05   
energy numerator(real)         2.00000000E-02  -1.9285926522E+00 +-    9.9403080335E-01   
denominator psit/psigi(real)   2.00000000E-02   4.2887231578E-02 +-    1.4134309951E-02   
energy numerator(aimag)        2.00000000E-02  -2.2652777875E+00 +-    7.2998366539E-01   
denominator psit/psigi(aimag)  2.00000000E-02   4.0463858099E-02 +-    9.5060796372E-03   
growth(lin dt) energy          2.00000000E-02  -2.7736559323E+02 +-    6.0283174249E+00   
growth(global) energy          2.00000000E-02  -2.9103023496E+02 +-    1.3574163009E+01
growth energy                  2.00000000E-02  -2.7699097989E+02 +-    6.0018523057E+00
Time for propagation (sec) (min) =          22.255      0.371
Time for energies (sec) (min) =              0.708      0.012
Time for load balancing (sec) (min) =        0.027      0.000
Time for block (sec) (min) =                23.691      0.395
Time for operators (sec) (min) =             0.013      0.000
Elapsed block time (sec) (min) =           184.409      3.073
 
 walkers multiplicity, block, total
   0          59354         411179
   1        1031366        7953733
   2          56556         404023
   3            530           3022
   4             88            483
   5             31            168
   6              8             48
   7              5             32
   8              3             16
   9              2              6
  10              0              8
  11              0              2
  13              3              8
  14              1              2
  15              3              5
  16              1              1
  20              0              1
 
 

iteration =                               9
walker number =                       11150
total energy-propagated        2.25000000E-02  -6.7134570530E+01 +-    1.0297689590E+00   
kinetic energy                 2.25000000E-02   1.1516506028E+02 +-    2.4536306832E+00   
potential energy               2.25000000E-02  -1.8229963081E+02 +-    2.7947009622E+00   
im energy                      2.25000000E-02   3.6380280031E+01 +-    2.5202122391E-01   
imkin energy                   2.25000000E-02   8.4575213078E-01 +-    7.5865083117E-01   
impot energy                   2.25000000E-02   3.5534527900E+01 +-    8.0757094232E-01   
v cent                         2.25000000E-02   5.8311137465E+01 +-    2.7536101157E+00   
v tau                          2.25000000E-02   1.8625318408E+01 +-    5.7706125723E-01   
v sigma                        2.25000000E-02  -2.8260743532E+01 +-    4.5942857842E-01   
v sigtau                       2.25000000E-02  -1.1614898044E+02 +-    6.4902124150E-01   
v tensor                       2.25000000E-02  -4.1440743809E+00 +-    2.6319573973E-01   
v tenstau                      2.25000000E-02  -1.1068228833E+02 +-    1.7218589348E+00   
v ls                           2.25000000E-02   0.0000000000E+00 +-    0.0000000000E+00   
v lstau                        2.25000000E-02   0.0000000000E+00 +-    0.0000000000E+00   
vpot v6                        2.25000000E-02  -1.8229963081E+02 +-    2.7947009622E+00   
vpot v8                        2.25000000E-02  -1.8229963081E+02 +-    2.7947009622E+00   
v coulomb                      2.25000000E-02   1.0240228630E+00 +-    6.7501085764E-03   
v external                     2.25000000E-02   0.0000000000E+00 +-    0.0000000000E+00   
tni 2pipr-anticomm             2.25000000E-02   0.0000000000E+00 +-    0.0000000000E+00   
tni vd1pr                      2.25000000E-02   0.0000000000E+00 +-    0.0000000000E+00   
tni vepr                       2.25000000E-02   0.0000000000E+00 +-    0.0000000000E+00   
tni central                    2.25000000E-02   0.0000000000E+00 +-    0.0000000000E+00   
tni 2pixx-anticommutator       2.25000000E-02   0.0000000000E+00 +-    0.0000000000E+00   
tni 2pixd-anticommutator       2.25000000E-02   0.0000000000E+00 +-    0.0000000000E+00   
tni 2pidd-anticommutator       2.25000000E-02   0.0000000000E+00 +-    0.0000000000E+00   
tni 2pixx-commutator           2.25000000E-02   0.0000000000E+00 +-    0.0000000000E+00   
tni 2pixd-commutator           2.25000000E-02   0.0000000000E+00 +-    0.0000000000E+00   
tni 2pidd-commutator           2.25000000E-02   0.0000000000E+00 +-    0.0000000000E+00   
tni 2pi-tm                     2.25000000E-02   0.0000000000E+00 +-    0.0000000000E+00   
tni vd1                        2.25000000E-02   0.0000000000E+00 +-    0.0000000000E+00   
tni vd2                        2.25000000E-02   0.0000000000E+00 +-    0.0000000000E+00   
tni ve                         2.25000000E-02   0.0000000000E+00 +-    0.0000000000E+00   
vpottot v8+tni                 2.25000000E-02  -1.8229963081E+02 +-    2.7947009622E+00   
enetot v8+tni                  2.25000000E-02  -6.7134570530E+01 +-    1.0297689590E+00   
vper cent                      2.25000000E-02   5.8311137465E+01 +-    2.7536101157E+00   
vper tau                       2.25000000E-02   1.8625318408E+01 +-    5.7706125723E-01   
vper sigma                     2.25000000E-02  -2.8260743532E+01 +-    4.5942857842E-01   
vper sigtau                    2.25000000E-02  -1.1614898044E+02 +-    6.4902124150E-01   
vper tensor                    2.25000000E-02  -4.1440743809E+00 +-    2.6319573973E-01   
vper tenstau                   2.25000000E-02  -1.1068228833E+02 +-    1.7218589348E+00   
vper ls                        2.25000000E-02   0.0000000000E+00 +-    0.0000000000E+00   
vper lstau                     2.25000000E-02   0.0000000000E+00 +-    0.0000000000E+00   
vpotper v6                     2.25000000E-02  -1.8229963081E+02 +-    2.7947009622E+00   
vpotper v8                     2.25000000E-02  -1.8229963081E+02 +-    2.7947009622E+00   
vpotv6pr-vpotv6per diff        2.25000000E-02   0.0000000000E+00 +-    0.0000000000E+00   
vpotv8pr-vpotv8per diff        2.25000000E-02   0.0000000000E+00 +-    0.0000000000E+00   
2piapr-2pia diff               2.25000000E-02   0.0000000000E+00 +-    0.0000000000E+00   
vd1pr-vd1 diff                 2.25000000E-02   0.0000000000E+00 +-    0.0000000000E+00   
vepr-ve diff                   2.25000000E-02   0.0000000000E+00 +-    0.0000000000E+00   
diff1 2piapr-2pia-2picxx       2.25000000E-02   0.0000000000E+00 +-    0.0000000000E+00   
diff2 vd1pr-vd1-2picxd         2.25000000E-02   0.0000000000E+00 +-    0.0000000000E+00   
diff3 vepr-ve-2picdd           2.25000000E-02   0.0000000000E+00 +-    0.0000000000E+00   
sum diff1+dif2+diff3           2.25000000E-02   0.0000000000E+00 +-    0.0000000000E+00   
proton rms                     2.25000000E-02   1.1996232226E+00 +-    1.6907301677E-02   
neutron rms                    2.25000000E-02   1.3043024910E+00 +-    9.7799798294E-03   
total rms                      2.25000000E-02   1.2540202738E+00 +-    1.0074232919E-02   
neutron-proton rms             2.25000000E-02   1.0467926841E-01 +-    1.4350007973E-02   
GT sigXtau+                    2.25000000E-02  -1.6275135310E-03 +-    5.3228121633E-05   
GT sigYtau+                    2.25000000E-02   2.0319676704E-04 +-    6.3283357634E-05   
GT sigZtau+                    2.25000000E-02   9.2879082375E-04 +-    5.8405042655E-05   
GT sigXtau-                    2.25000000E-02  -1.2108903793E-03 +-    4.4928030426E-05   
GT sigYtau-                    2.25000000E-02  -3.4479472993E-05 +-    4.5732539395E-05   
GT sigZtau-                    2.25000000E-02   5.0288028494E-04 +-    4.4849640081E-05   
F tau+                         2.25000000E-02  -7.0080628978E-19 +-    1.0475146387E-19   
F tau-                         2.25000000E-02  -4.2717513832E-19 +-    8.8251446587E-20   
Psi**2                         2.25000000E-02   7.2132883903E-05 +-    1.6034475985E-06   
single crossing/step           2.25000000E-02   9.0698240178E-03 +-    4.5331515158E-05   
global crossing/step           2.25000000E-02   8.7616127952E-03 +-    8.9123115125E-05   
energy numerator(real)         2.25000000E-02  -4.8839604015E+00 +-    8.9606198961E-01   
denominator psit/psigi(real)   2.25000000E-02   3.4616840868E-02 +-    1.3610932047E-02   
energy numerator(aimag)        2.25000000E-02  -6.6554185118E-01 +-    6.3735372237E-01   
denominator psit/psigi(aimag)  2.25000000E-02   4.1625263234E-02 +-    8.9840512305E-03   
growth(lin dt) energy          2.25000000E-02  -2.8907669731E+02 +-    6.2051742483E+00   
growth(global) energy          2.25000000E-02  -2.9104653791E+02 +-    1.3104935999E+01
growth energy                  2.25000000E-02  -2.8864984617E+02 +-    6.1761188202E+00
Time for propagation (sec) (min) =          21.893      0.365
Time for energies (sec) (min) =              0.781      0.013
Time for load balancing (sec) (min) =        0.032      0.001
Time for block (sec) (min) =                23.394      0.390
Time for operators (sec) (min) =             0.018      0.000
Elapsed block time (sec) (min) =           207.830      3.464
 
 walkers multiplicity, block, total
   0          57823         469002
   1        1001810        8955543
   2          57113         461136
   3            565           3587
   4             99            582
   5             29            197
   6             14             62
   7              8             40
   8              2             18
   9              3              9
  10              2             10
  11              0              2
  13              0              8
  14              0              2
  15              0              5
  16              0              1
  17              1              1
  20              1              2
 
 

iteration =                              10
walker number =                       11636
total energy-propagated        2.50000000E-02  -5.3677661534E+01 +-    8.8775356644E-01   
kinetic energy                 2.50000000E-02  -8.7433423995E+00 +-    2.8740573473E+00   
potential energy               2.50000000E-02  -4.4934319135E+01 +-    3.1561139363E+00   
im energy                      2.50000000E-02   1.7581515233E+00 +-    1.1386518944E+00   
imkin energy                   2.50000000E-02  -2.4979621966E+01 +-    5.9930290510E-01   
impot energy                   2.50000000E-02   2.6737773490E+01 +-    7.0257727163E-01   
v cent                         2.50000000E-02   1.9444314812E+02 +-    3.1555139873E+00   
v tau                          2.50000000E-02  -1.7694950364E+01 +-    6.9922697654E-01   
v sigma                        2.50000000E-02  -2.0315013499E+01 +-    1.7020268545E+00   
v sigtau                       2.50000000E-02  -1.3536573584E+02 +-    9.4491628117E-01   
v tensor                       2.50000000E-02   1.3770896057E+01 +-    2.9362235378E-01   
v tenstau                      2.50000000E-02  -7.9772663609E+01 +-    1.5217370156E+00   
v ls                           2.50000000E-02   0.0000000000E+00 +-    0.0000000000E+00   
v lstau                        2.50000000E-02   0.0000000000E+00 +-    0.0000000000E+00   
vpot v6                        2.50000000E-02  -4.4934319135E+01 +-    3.1561139363E+00   
vpot v8                        2.50000000E-02  -4.4934319135E+01 +-    3.1561139363E+00   
v coulomb                      2.50000000E-02   9.2897863671E-01 +-    7.4239721009E-03   
v external                     2.50000000E-02   0.0000000000E+00 +-    0.0000000000E+00   
tni 2pipr-anticomm             2.50000000E-02   0.0000000000E+00 +-    0.0000000000E+00   
tni vd1pr                      2.50000000E-02   0.0000000000E+00 +-    0.0000000000E+00   
tni vepr                       2.50000000E-02   0.0000000000E+00 +-    0.0000000000E+00   
tni central                    2.50000000E-02   0.0000000000E+00 +-    0.0000000000E+00   
tni 2pixx-anticommutator       2.50000000E-02   0.0000000000E+00 +-    0.0000000000E+00   
tni 2pixd-anticommutator       2.50000000E-02   0.0000000000E+00 +-    0.0000000000E+00   
tni 2pidd-anticommutator       2.50000000E-02   0.0000000000E+00 +-    0.0000000000E+00   
tni 2pixx-commutator           2.50000000E-02   0.0000000000E+00 +-    0.0000000000E+00   
tni 2pixd-commutator           2.50000000E-02   0.0000000000E+00 +-    0.0000000000E+00   
tni 2pidd-commutator           2.50000000E-02   0.0000000000E+00 +-    0.0000000000E+00   
tni 2pi-tm                     2.50000000E-02   0.0000000000E+00 +-    0.0000000000E+00   
tni vd1                        2.50000000E-02   0.0000000000E+00 +-    0.0000000000E+00   
tni vd2                        2.50000000E-02   0.0000000000E+00 +-    0.0000000000E+00   
tni ve                         2.50000000E-02   0.0000000000E+00 +-    0.0000000000E+00   
vpottot v8+tni                 2.50000000E-02  -4.4934319135E+01 +-    3.1561139363E+00   
enetot v8+tni                  2.50000000E-02  -5.3677661534E+01 +-    8.8775356644E-01   
vper cent                      2.50000000E-02   1.9444314812E+02 +-    3.1555139873E+00   
vper tau                       2.50000000E-02  -1.7694950364E+01 +-    6.9922697654E-01   
vper sigma                     2.50000000E-02  -2.0315013499E+01 +-    1.7020268545E+00   
vper sigtau                    2.50000000E-02  -1.3536573584E+02 +-    9.4491628117E-01   
vper tensor                    2.50000000E-02   1.3770896057E+01 +-    2.9362235378E-01   
vper tenstau                   2.50000000E-02  -7.9772663609E+01 +-    1.5217370156E+00   
vper ls                        2.50000000E-02   0.0000000000E+00 +-    0.0000000000E+00   
vper lstau                     2.50000000E-02   0.0000000000E+00 +-    0.0000000000E+00   
vpotper v6                     2.50000000E-02  -4.4934319135E+01 +-    3.1561139363E+00   
vpotper v8                     2.50000000E-02  -4.4934319135E+01 +-    3.1561139363E+00   
vpotv6pr-vpotv6per diff        2.50000000E-02   0.0000000000E+00 +-    0.0000000000E+00   
vpotv8pr-vpotv8per diff        2.50000000E-02   0.0000000000E+00 +-    0.0000000000E+00   
2piapr-2pia diff               2.50000000E-02   0.0000000000E+00 +-    0.0000000000E+00   
vd1pr-vd1 diff                 2.50000000E-02   0.0000000000E+00 +-    0.0000000000E+00   
vepr-ve diff                   2.50000000E-02   0.0000000000E+00 +-    0.0000000000E+00   
diff1 2piapr-2pia-2picxx       2.50000000E-02   0.0000000000E+00 +-    0.0000000000E+00   
diff2 vd1pr-vd1-2picxd         2.50000000E-02   0.0000000000E+00 +-    0.0000000000E+00   
diff3 vepr-ve-2picdd           2.50000000E-02   0.0000000000E+00 +-    0.0000000000E+00   
sum diff1+dif2+diff3           2.50000000E-02   0.0000000000E+00 +-    0.0000000000E+00   
proton rms                     2.50000000E-02   1.5933210813E+00 +-    9.5619758696E-03   
neutron rms                    2.50000000E-02   1.5354581477E+00 +-    1.3326951529E-02   
total rms                      2.50000000E-02   1.5717375025E+00 +-    1.1140968665E-02   
neutron-proton rms             2.50000000E-02  -5.7862933665E-02 +-    7.2052891331E-03   
GT sigXtau+                    2.50000000E-02  -9.5820701106E-04 +-    2.3547106190E-05   
GT sigYtau+                    2.50000000E-02  -4.6335584780E-04 +-    3.4589228361E-05   
GT sigZtau+                    2.50000000E-02   1.0416914450E-03 +-    2.9357869142E-05   
GT sigXtau-                    2.50000000E-02   1.0073064731E-03 +-    4.2703452302E-05   
GT sigYtau-                    2.50000000E-02   1.3998103677E-03 +-    1.1347368241E-05   
GT sigZtau-                    2.50000000E-02  -7.3642463045E-05 +-    3.2504822344E-05   
F tau+                         2.50000000E-02  -1.1943422839E-18 +-    6.7247881939E-20   
F tau-                         2.50000000E-02  -7.7365094127E-19 +-    9.0466341128E-20   
Psi**2                         2.50000000E-02   2.8411566579E-05 +-    1.5290477702E-06   
single crossing/step           2.50000000E-02   8.2761155761E-03 +-    4.3154912112E-05   
global crossing/step           2.50000000E-02   8.1558561788E-03 +-    8.5685644633E-05   
energy numerator(real)         2.50000000E-02  -2.6197341850E+00 +-    1.0138143573E+00   
denominator psit/psigi(real)   2.50000000E-02   3.9091647226E-02 +-    1.3159332601E-02   
energy numerator(aimag)        2.50000000E-02  -1.6450333532E+00 +-    7.1823143687E-01   
denominator psit/psigi(aimag)  2.50000000E-02   4.0112575253E-02 +-    8.8076210178E-03   
growth(lin dt) energy          2.50000000E-02  -2.7963604962E+02 +-    5.9110099464E+00   
growth(global) energy          2.50000000E-02  -2.7211165903E+02 +-    1.2058365908E+01
growth energy                  2.50000000E-02  -2.7925157439E+02 +-    5.8847358540E+00
Time for propagation (sec) (min) =          22.062      0.368
Time for energies (sec) (min) =              0.815      0.014
Time for load balancing (sec) (min) =        0.030      0.001
Time for block (sec) (min) =                23.656      0.394
Time for operators (sec) (min) =             0.020      0.000
Elapsed block time (sec) (min) =           231.506      3.858
 
 walkers multiplicity, block, total
   0          57184         526186
   1        1011792        9967335
   2          56300         517436
   3            437           4024
   4             75            657
   5             29            226
   6              8             70
   7              6             46
   8              2             20
   9              2             11
  10              1             11
  11              1              3
  13              0              8
  14              1              3
  15              0              5
  16              0              1
  17              0              1
  18              1              1
  20              0              2
 
 

Time for steps      =     231.515 seconds,        3.859 minutes
Master Time for steps =     231.370 seconds,        3.856 minutes

Number of cpus =       100
Total job time =     236.472 seconds,        3.941 minutes,        0.066 hours
Total cpu-time =     394.119 minutes,        6.569 hours
Total time =         236.248 seconds,        3.937 minutes,        0.066 hours
Finished!
