Unconstrained Diffusion Monte Carlo Run -- no drift
!-!-!-!-!-!-!-!-!-!-!-!-!-!-!-!-!-!-!-!-!-!-!-!-!-!
MPI parameters:
Number of boss cpus =                         100
Number of worker cpus for each boss =           0
Total number of cpus =                        100
Simulation parameters:
random number seed =                          321
hbar^2/2m =                              20.73554
start from sites =                              F
nwalk =                                     10000
equilibration blocks =                          0
averaging blocks =                             10
nsteps/blocks =                               100
time step =                          0.0000250000
time step rotations (vmc) =          0.1700000000
trial energy =                          -26.00000
drift cutoff =                            0.00000
drastic population control up =           1.20000
drastic population control down =         0.80000
rebalance if walkers fluctuate more than   2.00 %
weight cut off =                         20.00000
table size =                                 8000
!-!-!-!-!-!-!-!-!-!-!-!-!-!-!-!-!-!-!-!-!-!-!-!-!-!
System parameters:
lpot =                                         11
lpotper =                                      11
potential  =                          argonne v6'
potentialpr =                         argonne v6'
Coulomb included in energy-propagation          F
multiply central v by =                   1.00000
multiply tau v by =                       1.00000
multiply sigma v by =                     1.00000
multiply sigma tau v by =                 1.00000
multiply tensor v by =                    1.00000
multiply tensor tau v by =                1.00000
multiply spin-orbit v by =                0.00000
multiply spin-orbit tau v by =            0.00000
three-body potential =                        no3
ibox (0 is nearest image) =                     0
!-!-!-!-!-!-!-!-!-!-!-!-!-!-!-!-!-!-!-!-!-!-!-!-!-!
propagate LS =                                  F
calculate LS =                                  F
type of correlations =           independent pair
scale orbital   1 with factor    1.14000
determinant # 1
coefficient                     1.00000   0.00000
1  1  0  1  alpha.orb    # 2J,2M,L,tau radial_file for state                    
1 -1  0  1  alpha.orb    # 2J,2M,L,tau radial_file for state                    
1  1  0 -1  alpha.orb    # 2J,2M,L,tau radial_file for state                    
1 -1  0 -1  alpha.orb    # 2J,2M,L,tau radial_file for state                    
rescaled coefficient            1.00000   0.00000
!-!-!-!-!-!-!-!-!-!-!-!-!-!-!-!-!-!-!-!-!-!-!-!-!-!
No external potential
!-!-!-!-!-!-!-!-!-!-!-!-!-!-!-!-!-!-!-!-!-!-!-!-!-!
rcut in pair sampling =                   1.00000
acut in pair sampling =                   5.00000
a constant in psig =                      0.20000
Number of protons =                             2
Number of neutrons =                            2
range of the potential =                 20.00000
!-!-!-!-!-!-!-!-!-!-!-!-!-!-!-!-!-!-!-!-!-!-!-!-!-!
do V3 =                                         F
three body force =                            no3
three body a2piPwa =                      0.000000000000000
three body a2piPwc =                      0.000000000000000
three body a2piSw =                       0.000000000000000
three body Vd,C,c3 =                      0.000000000000000
three body Ve,C,c3 =                      0.000000000000000
three body A_R =                          0.000000000000000
three body Vd1 =                          0.000000000000000
three body Vd2 =                          0.000000000000000
three body Ve =                           0.000000000000000
propagator: multiply the antic by =       0.000000000000000
propagator: multiply the Vd1 by =         0.000000000000000
propagator: multiply the Ve by =          0.000000000000000
propagator: three body a2piPW =           0.000000000000000
!-!-!-!-!-!-!-!-!-!-!-!-!-!-!-!-!-!-!-!-!-!-!-!-!-!
jastrow healing distance dc =             4.47768
jastrow healing distance dtn =           11.57317
jastrow rho =                             0.01000
potential quencher acn (v1) =             1.50851
potential quencher at  (v2) =             6.06936
potential quencher as  (v3) =             2.76780
potential quencher ast (v4) =             0.80880
potential quencher atn (v5) =             0.61864
potential quencher atn (v6) =             0.20141
potential quencher als (v7) =             0.00000
potential quencher alst (v8) =            0.00000
correlation quencher bt (f2) =            0.26685
correlation quencher bs (f3) =           -0.10565
correlation quencher bst (f4) =           0.42277
correlation quencher btn (f5) =           1.08683
correlation quencher btn (f6) =           4.44810
correlation quencher bls (f7) =           0.00000
correlation quencher blst (f8) =          0.00000
!-!-!-!-!-!-!-!-!-!-!-!-!-!-!-!-!-!-!-!-!-!-!-!-!-!
q1c parameter in f3c =                   12.87526
q2c parameter in f3c =                    1.60340
q1p parameter in f3p =                   -1.81620
q2p parameter in f3p =                    2.14789
!-!-!-!-!-!-!-!-!-!-!-!-!-!-!-!-!-!-!-!-!-!-!-!-!-!
rscal parameter in Uijk cent =            1.00000
rscal parameter in Uijk xpi =             1.00000
rscal parameter in Uijk delta =           1.00000
eps_c parameter in Uijk =                 0.00000
eps_anti parameter in Uijk =              0.00000
eps_tm parameter in Uijk =                0.00000
eps_vd1 parameter in Uijk =               0.00000
eps_vd2 parameter in Uijk =               0.00000
eps_vdc3 parameter in Uijk =              0.00000
eps_vec3 parameter in Uijk =              0.00000
eps_ve parameter in Uijk =                0.00000
eps_comm parameter in Uijk =              0.00000
eps_comm-XD parameter in Uijk =           0.00000
eps_comm-DD parameter in Uijk =           0.00000
TNI-comm correlation included =                 F
!-!-!-!-!-!-!-!-!-!-!-!-!-!-!-!-!-!-!-!-!-!-!-!-!-!
CSB correlation rscalpp =                 1.00000
CSB correlation rscalnn =                 1.00000
CSB correlation quencher pp =             0.00000
CSB correlation quencher nn =             0.00000
CSB correlation included =                      F
!-!-!-!-!-!-!-!-!-!-!-!-!-!-!-!-!-!-!-!-!-!-!-!-!-!
jastrow initialized
!-!-!-!-!-!-!-!-!-!-!-!-!-!-!-!-!-!-!-!-!-!-!-!-!-!
Symmetrize V6 in the propagator =               T
New propagation of Vlstau and commutator included!
Coulomb included in energy (and propag)         F
Initial walkers from file
Number of walkers =                          8647
Configurations at tau =              1.8250000000
Reset tau =                          0.0000000000
!-!-!-!-!-!-!-!-!-!-!-!-!-!-!-!-!-!-!-!-!-!-!-!-!-!
Time for reading configurations (sec.) =       0.75
!-!-!-!-!-!-!-!-!-!-!-!-!-!-!-!-!-!-!-!-!-!-!-!-!-!
Initial configurations:
total energy-propagated        0.00000000E+00  -2.6461762822E+01 +-    3.4488642631E-01   
kinetic energy                 0.00000000E+00   1.0765709519E+02 +-    1.6290800120E+00   
potential energy               0.00000000E+00  -1.3411885802E+02 +-    1.5904296413E+00   
v cent                         0.00000000E+00   1.5252958795E+01 +-    1.4366763733E+00   
v tau                          0.00000000E+00  -7.2363468797E+00 +-    2.2007664634E-01   
v sigma                        0.00000000E+00  -8.6546957717E+00 +-    2.5061439968E-01   
v sigtau                       0.00000000E+00  -6.0592214077E+01 +-    5.4918277454E-01   
v tensor                       0.00000000E+00   5.6252042366E-01 +-    1.3461157596E-01   
v tenstau                      0.00000000E+00  -7.3451080505E+01 +-    9.8216365125E-01   
v ls                           0.00000000E+00   0.0000000000E+00 +-    0.0000000000E+00   
v lstau                        0.00000000E+00   0.0000000000E+00 +-    0.0000000000E+00   
v coulomb                      0.00000000E+00   7.4180890797E-01 +-    2.8759033526E-03   
v external                     0.00000000E+00   0.0000000000E+00 +-    0.0000000000E+00   
tni 2pipr-anticomm             0.00000000E+00   0.0000000000E+00 +-    0.0000000000E+00   
tni vd1pr                      0.00000000E+00   0.0000000000E+00 +-    0.0000000000E+00   
tni vepr                       0.00000000E+00   0.0000000000E+00 +-    0.0000000000E+00   
tni central                    0.00000000E+00   0.0000000000E+00 +-    0.0000000000E+00   
tni 2pixx-anticommutator       0.00000000E+00   0.0000000000E+00 +-    0.0000000000E+00   
tni 2pixd-anticommutator       0.00000000E+00   0.0000000000E+00 +-    0.0000000000E+00   
tni 2pidd-anticommutator       0.00000000E+00   0.0000000000E+00 +-    0.0000000000E+00   
tni 2pixx-commutator           0.00000000E+00   0.0000000000E+00 +-    0.0000000000E+00   
tni 2pixd-commutator           0.00000000E+00   0.0000000000E+00 +-    0.0000000000E+00   
tni 2pidd-commutator           0.00000000E+00   0.0000000000E+00 +-    0.0000000000E+00   
tni 2pi-tm                     0.00000000E+00   0.0000000000E+00 +-    0.0000000000E+00   
tni vd1                        0.00000000E+00   0.0000000000E+00 +-    0.0000000000E+00   
tni vd2                        0.00000000E+00   0.0000000000E+00 +-    0.0000000000E+00   
tni ve                         0.00000000E+00   0.0000000000E+00 +-    0.0000000000E+00   
enetot v8+tni                  0.00000000E+00  -2.6461762822E+01 +-    3.4488642631E-01   
!-!-!-!-!-!-!-!-!-!-!-!-!-!-!-!-!-!-!-!-!-!-!-!-!-!
Psi**2 of initial configurations  =   0.2655440E-04  0.0000000E+00  +-    0.6919004E-06  0.0000000E+00
Psig**2 of initial configurations =   0.1707855E-04  0.0000000E+00  +-    0.5275514E-06  0.0000000E+00
!-!-!-!-!-!-!-!-!-!-!-!-!-!-!-!-!-!-!-!-!-!-!-!-!-!
T**2 of initial configurations  =  -0.1639774E-07  0.7669297E-09
Tz of initial configurations    =   0.1029899E-13 -0.8548762E-14
J**2 of initial configurations  =   0.3335617E-07  0.1095656E-08
Jz of initial configurations    =  -0.2050045E-13 -0.1503105E-13
!-!-!-!-!-!-!-!-!-!-!-!-!-!-!-!-!-!-!-!-!-!-!-!-!-!
!-!-!-!-!-!-!-!-!-!-!-!-!-!-!-!-!-!-!-!-!-!-!-!-!-!
Time to process initial configurations (sec.) =       1.49
!-!-!-!-!-!-!-!-!-!-!-!-!-!-!-!-!-!-!-!-!-!-!-!-!-!

equilibration done

iteration =                               1
walker number =                       10716
total energy-propagated        2.50000000E-03  -2.5620395553E+01 +-    3.7493049715E-01   
kinetic energy                 2.50000000E-03   1.0506692056E+02 +-    1.4345983723E+00   
potential energy               2.50000000E-03  -1.3068731611E+02 +-    1.4166449517E+00   
im energy                      2.50000000E-03   4.7392054622E-01 +-    2.5759292336E-01   
imkin energy                   2.50000000E-03  -1.1411042026E+00 +-    4.7124218686E-01   
impot energy                   2.50000000E-03   1.6150247488E+00 +-    4.5672670097E-01   
v cent                         2.50000000E-03   9.3835311894E+00 +-    1.1496214994E+00   
v tau                          2.50000000E-03  -6.2680952560E+00 +-    2.2353562796E-01   
v sigma                        2.50000000E-03  -9.4089074185E+00 +-    2.3652453730E-01   
v sigtau                       2.50000000E-03  -5.9568229284E+01 +-    5.0844293154E-01   
v tensor                       2.50000000E-03   3.1709331132E-01 +-    1.2001798215E-01   
v tenstau                      2.50000000E-03  -6.5142708656E+01 +-    9.3157444286E-01   
v ls                           2.50000000E-03   0.0000000000E+00 +-    0.0000000000E+00   
v lstau                        2.50000000E-03   0.0000000000E+00 +-    0.0000000000E+00   
vpot v6                        2.50000000E-03  -1.3068731611E+02 +-    1.4166449517E+00   
vpot v8                        2.50000000E-03  -1.3068731611E+02 +-    1.4166449517E+00   
v coulomb                      2.50000000E-03   7.3905701432E-01 +-    2.6058491909E-03   
v external                     2.50000000E-03   0.0000000000E+00 +-    0.0000000000E+00   
tni 2pipr-anticomm             2.50000000E-03   0.0000000000E+00 +-    0.0000000000E+00   
tni vd1pr                      2.50000000E-03   0.0000000000E+00 +-    0.0000000000E+00   
tni vepr                       2.50000000E-03   0.0000000000E+00 +-    0.0000000000E+00   
tni central                    2.50000000E-03   0.0000000000E+00 +-    0.0000000000E+00   
tni 2pixx-anticommutator       2.50000000E-03   0.0000000000E+00 +-    0.0000000000E+00   
tni 2pixd-anticommutator       2.50000000E-03   0.0000000000E+00 +-    0.0000000000E+00   
tni 2pidd-anticommutator       2.50000000E-03   0.0000000000E+00 +-    0.0000000000E+00   
tni 2pixx-commutator           2.50000000E-03   0.0000000000E+00 +-    0.0000000000E+00   
tni 2pixd-commutator           2.50000000E-03   0.0000000000E+00 +-    0.0000000000E+00   
tni 2pidd-commutator           2.50000000E-03   0.0000000000E+00 +-    0.0000000000E+00   
tni 2pi-tm                     2.50000000E-03   0.0000000000E+00 +-    0.0000000000E+00   
tni vd1                        2.50000000E-03   0.0000000000E+00 +-    0.0000000000E+00   
tni vd2                        2.50000000E-03   0.0000000000E+00 +-    0.0000000000E+00   
tni ve                         2.50000000E-03   0.0000000000E+00 +-    0.0000000000E+00   
vpottot v8+tni                 2.50000000E-03  -1.3068731611E+02 +-    1.4166449517E+00   
enetot v8+tni                  2.50000000E-03  -2.5620395553E+01 +-    3.7493049715E-01   
vper cent                      2.50000000E-03   9.3835311894E+00 +-    1.1496214994E+00   
vper tau                       2.50000000E-03  -6.2680952560E+00 +-    2.2353562796E-01   
vper sigma                     2.50000000E-03  -9.4089074185E+00 +-    2.3652453730E-01   
vper sigtau                    2.50000000E-03  -5.9568229284E+01 +-    5.0844293154E-01   
vper tensor                    2.50000000E-03   3.1709331132E-01 +-    1.2001798215E-01   
vper tenstau                   2.50000000E-03  -6.5142708656E+01 +-    9.3157444286E-01   
vper ls                        2.50000000E-03   0.0000000000E+00 +-    0.0000000000E+00   
vper lstau                     2.50000000E-03   0.0000000000E+00 +-    0.0000000000E+00   
vpotper v6                     2.50000000E-03  -1.3068731611E+02 +-    1.4166449517E+00   
vpotper v8                     2.50000000E-03  -1.3068731611E+02 +-    1.4166449517E+00   
vpotv6pr-vpotv6per diff        2.50000000E-03   0.0000000000E+00 +-    0.0000000000E+00   
vpotv8pr-vpotv8per diff        2.50000000E-03   0.0000000000E+00 +-    0.0000000000E+00   
2piapr-2pia diff               2.50000000E-03   0.0000000000E+00 +-    0.0000000000E+00   
vd1pr-vd1 diff                 2.50000000E-03   0.0000000000E+00 +-    0.0000000000E+00   
vepr-ve diff                   2.50000000E-03   0.0000000000E+00 +-    0.0000000000E+00   
diff1 2piapr-2pia-2picxx       2.50000000E-03   0.0000000000E+00 +-    0.0000000000E+00   
diff2 vd1pr-vd1-2picxd         2.50000000E-03   0.0000000000E+00 +-    0.0000000000E+00   
diff3 vepr-ve-2picdd           2.50000000E-03   0.0000000000E+00 +-    0.0000000000E+00   
sum diff1+dif2+diff3           2.50000000E-03   0.0000000000E+00 +-    0.0000000000E+00   
proton rms                     2.50000000E-03   2.1597303427E+00 +-    1.3043256538E-02   
neutron rms                    2.50000000E-03   2.1845612610E+00 +-    1.4537279175E-02   
total rms                      2.50000000E-03   2.1662006735E+00 +-    1.1715179869E-02   
neutron-proton rms             2.50000000E-03   2.4830918292E-02 +-    1.3937204947E-02   
GT sigXtau+                    2.50000000E-03  -6.9666749917E-05 +-    2.1632561786E-05   
GT sigYtau+                    2.50000000E-03   8.7726757614E-05 +-    2.1567463108E-05   
GT sigZtau+                    2.50000000E-03   1.6368200160E-05 +-    2.1150837311E-05   
GT sigXtau-                    2.50000000E-03  -2.4735827290E-05 +-    2.1847008749E-05   
GT sigYtau-                    2.50000000E-03   3.1457403388E-05 +-    2.2405797813E-05   
GT sigZtau-                    2.50000000E-03   9.7300785700E-06 +-    2.0973679605E-05   
F tau+                         2.50000000E-03  -4.0157131791E-20 +-    3.5303268712E-20   
F tau-                         2.50000000E-03   1.7794168229E-20 +-    3.5535240075E-20   
Psi**2                         2.50000000E-03   2.4209547982E-05 +-    5.2214860341E-07   
single crossing/step           2.50000000E-03   8.6549135547E-03 +-    4.7196021746E-05   
global crossing/step           2.50000000E-03   8.5121274711E-03 +-    9.3616921213E-05   
energy numerator(real)         2.50000000E-03  -2.6210457120E+01 +-    7.7370678036E-01   
denominator psit/psigi(real)   2.50000000E-03   1.0229040596E+00 +-    1.1184423310E-02   
energy numerator(aimag)        2.50000000E-03   4.5248878290E-01 +-    5.3450242191E-01   
denominator psit/psigi(aimag)  2.50000000E-03   5.5831646516E-03 +-    7.3238103678E-03   
growth(lin dt) energy          2.50000000E-03  -1.9347707875E+02 +-    4.9258009254E+00   
growth(global) energy          2.50000000E-03  -1.8995049508E+02 +-    1.0596220091E+01
growth energy                  2.50000000E-03  -1.9337715089E+02 +-    4.9145049445E+00
Time for propagation (sec) (min) =          19.220      0.320
Time for energies (sec) (min) =              0.751      0.013
Time for load balancing (sec) (min) =        0.058      0.001
Time for block (sec) (min) =                20.727      0.345
Time for operators (sec) (min) =             0.020      0.000
Elapsed block time (sec) (min) =            20.750      0.346
 
 walkers multiplicity, block, total
   0          36952          36952
   1         887273         887273
   2          38572          38572
   3            144            144
   4             22             22
   5              7              7
   6              2              2
   7              2              2
   8              2              2
   9              1              1
  10              1              1
  15              1              1
 
 

iteration =                               2
walker number =                        9934
total energy-propagated        5.00000000E-03  -2.5935545518E+01 +-    3.2040350530E-01   
kinetic energy                 5.00000000E-03   9.2797389357E+01 +-    1.6605190606E+00   
potential energy               5.00000000E-03  -1.1873293488E+02 +-    1.6279608444E+00   
im energy                      5.00000000E-03  -2.0134310591E-01 +-    2.4351394874E-01   
imkin energy                   5.00000000E-03   3.1314456504E+00 +-    3.1161375851E-01   
impot energy                   5.00000000E-03  -3.3327887564E+00 +-    4.0811563166E-01   
v cent                         5.00000000E-03   2.5682692624E+01 +-    1.5568762346E+00   
v tau                          5.00000000E-03  -8.2137614244E+00 +-    2.6700827552E-01   
v sigma                        5.00000000E-03  -8.7272527622E+00 +-    2.0684127282E-01   
v sigtau                       5.00000000E-03  -6.1197952087E+01 +-    4.9707618868E-01   
v tensor                       5.00000000E-03   1.5586229897E-01 +-    1.1971788990E-01   
v tenstau                      5.00000000E-03  -6.6432523525E+01 +-    8.8946759866E-01   
v ls                           5.00000000E-03   0.0000000000E+00 +-    0.0000000000E+00   
v lstau                        5.00000000E-03   0.0000000000E+00 +-    0.0000000000E+00   
vpot v6                        5.00000000E-03  -1.1873293488E+02 +-    1.6279608444E+00   
vpot v8                        5.00000000E-03  -1.1873293488E+02 +-    1.6279608444E+00   
v coulomb                      5.00000000E-03   7.3849437300E-01 +-    2.5098007222E-03   
v external                     5.00000000E-03   0.0000000000E+00 +-    0.0000000000E+00   
tni 2pipr-anticomm             5.00000000E-03   0.0000000000E+00 +-    0.0000000000E+00   
tni vd1pr                      5.00000000E-03   0.0000000000E+00 +-    0.0000000000E+00   
tni vepr                       5.00000000E-03   0.0000000000E+00 +-    0.0000000000E+00   
tni central                    5.00000000E-03   0.0000000000E+00 +-    0.0000000000E+00   
tni 2pixx-anticommutator       5.00000000E-03   0.0000000000E+00 +-    0.0000000000E+00   
tni 2pixd-anticommutator       5.00000000E-03   0.0000000000E+00 +-    0.0000000000E+00   
tni 2pidd-anticommutator       5.00000000E-03   0.0000000000E+00 +-    0.0000000000E+00   
tni 2pixx-commutator           5.00000000E-03   0.0000000000E+00 +-    0.0000000000E+00   
tni 2pixd-commutator           5.00000000E-03   0.0000000000E+00 +-    0.0000000000E+00   
tni 2pidd-commutator           5.00000000E-03   0.0000000000E+00 +-    0.0000000000E+00   
tni 2pi-tm                     5.00000000E-03   0.0000000000E+00 +-    0.0000000000E+00   
tni vd1                        5.00000000E-03   0.0000000000E+00 +-    0.0000000000E+00   
tni vd2                        5.00000000E-03   0.0000000000E+00 +-    0.0000000000E+00   
tni ve                         5.00000000E-03   0.0000000000E+00 +-    0.0000000000E+00   
vpottot v8+tni                 5.00000000E-03  -1.1873293488E+02 +-    1.6279608444E+00   
enetot v8+tni                  5.00000000E-03  -2.5935545518E+01 +-    3.2040350530E-01   
vper cent                      5.00000000E-03   2.5682692624E+01 +-    1.5568762346E+00   
vper tau                       5.00000000E-03  -8.2137614244E+00 +-    2.6700827552E-01   
vper sigma                     5.00000000E-03  -8.7272527622E+00 +-    2.0684127282E-01   
vper sigtau                    5.00000000E-03  -6.1197952087E+01 +-    4.9707618868E-01   
vper tensor                    5.00000000E-03   1.5586229897E-01 +-    1.1971788990E-01   
vper tenstau                   5.00000000E-03  -6.6432523525E+01 +-    8.8946759866E-01   
vper ls                        5.00000000E-03   0.0000000000E+00 +-    0.0000000000E+00   
vper lstau                     5.00000000E-03   0.0000000000E+00 +-    0.0000000000E+00   
vpotper v6                     5.00000000E-03  -1.1873293488E+02 +-    1.6279608444E+00   
vpotper v8                     5.00000000E-03  -1.1873293488E+02 +-    1.6279608444E+00   
vpotv6pr-vpotv6per diff        5.00000000E-03   0.0000000000E+00 +-    0.0000000000E+00   
vpotv8pr-vpotv8per diff        5.00000000E-03   0.0000000000E+00 +-    0.0000000000E+00   
2piapr-2pia diff               5.00000000E-03   0.0000000000E+00 +-    0.0000000000E+00   
vd1pr-vd1 diff                 5.00000000E-03   0.0000000000E+00 +-    0.0000000000E+00   
vepr-ve diff                   5.00000000E-03   0.0000000000E+00 +-    0.0000000000E+00   
diff1 2piapr-2pia-2picxx       5.00000000E-03   0.0000000000E+00 +-    0.0000000000E+00   
diff2 vd1pr-vd1-2picxd         5.00000000E-03   0.0000000000E+00 +-    0.0000000000E+00   
diff3 vepr-ve-2picdd           5.00000000E-03   0.0000000000E+00 +-    0.0000000000E+00   
sum diff1+dif2+diff3           5.00000000E-03   0.0000000000E+00 +-    0.0000000000E+00   
proton rms                     5.00000000E-03   2.0886212696E+00 +-    1.3300873878E-02   
neutron rms                    5.00000000E-03   2.1190302414E+00 +-    1.3740568703E-02   
total rms                      5.00000000E-03   2.1026721569E+00 +-    1.2078293886E-02   
neutron-proton rms             5.00000000E-03   3.0408971789E-02 +-    1.2004495699E-02   
GT sigXtau+                    5.00000000E-03  -3.6033102626E-05 +-    2.1773669681E-05   
GT sigYtau+                    5.00000000E-03   7.3416956723E-05 +-    2.3027593676E-05   
GT sigZtau+                    5.00000000E-03   1.0251720362E-04 +-    2.3191756893E-05   
GT sigXtau-                    5.00000000E-03  -1.1134215593E-04 +-    2.3081982919E-05   
GT sigYtau-                    5.00000000E-03  -2.1403348262E-05 +-    2.2670180611E-05   
GT sigZtau-                    5.00000000E-03   2.9228244720E-05 +-    2.2822233448E-05   
F tau+                         5.00000000E-03   3.9880303514E-20 +-    4.1694329440E-20   
F tau-                         5.00000000E-03  -3.1461214803E-20 +-    3.9790337705E-20   
Psi**2                         5.00000000E-03   2.5353567033E-05 +-    6.1516428378E-07   
single crossing/step           5.00000000E-03   7.7187533661E-03 +-    4.1458213717E-05   
global crossing/step           5.00000000E-03   7.5131952174E-03 +-    8.1813376204E-05   
energy numerator(real)         5.00000000E-03  -1.7716562584E+01 +-    8.4058906894E-01   
denominator psit/psigi(real)   5.00000000E-03   6.8425516772E-01 +-    1.3345222350E-02   
energy numerator(aimag)        5.00000000E-03  -1.4828887469E+00 +-    5.8149894560E-01   
denominator psit/psigi(aimag)  5.00000000E-03   2.3428869509E-02 +-    9.0113251681E-03   
growth(lin dt) energy          5.00000000E-03  -2.2028100242E+02 +-    5.0285581374E+00   
growth(global) energy          5.00000000E-03  -2.2294723848E+02 +-    1.1575817399E+01
growth energy                  5.00000000E-03  -2.2011231337E+02 +-    5.0136681411E+00
Time for propagation (sec) (min) =          22.233      0.371
Time for energies (sec) (min) =              0.697      0.012
Time for load balancing (sec) (min) =        0.035      0.001
Time for block (sec) (min) =                23.714      0.395
Time for operators (sec) (min) =             0.019      0.000
Elapsed block time (sec) (min) =            44.506      0.742
 
 walkers multiplicity, block, total
   0          49599          86551
   1        1040197        1927470
   2          47895          86467
   3            294            438
   4             58             80
   5             10             17
   6              8             10
   7              3              5
   8              4              6
   9              3              4
  10              0              1
  11              1              1
  15              0              1
 
 

iteration =                               3
walker number =                       10260
total energy-propagated        7.50000000E-03  -2.9606551847E+01 +-    3.3842060469E-01   
kinetic energy                 7.50000000E-03   1.0549720366E+02 +-    1.5290327978E+00   
potential energy               7.50000000E-03  -1.3510375551E+02 +-    1.4758910827E+00   
im energy                      7.50000000E-03   2.6014368403E+00 +-    2.2776092424E-01   
imkin energy                   7.50000000E-03   1.4327392142E+00 +-    4.4233497265E-01   
impot energy                   7.50000000E-03   1.1686976261E+00 +-    4.8589707453E-01   
v cent                         7.50000000E-03   1.9080983361E+01 +-    1.5402874666E+00   
v tau                          7.50000000E-03  -8.0720236120E+00 +-    1.8970799916E-01   
v sigma                        7.50000000E-03  -1.1860089681E+01 +-    1.9821243917E-01   
v sigtau                       7.50000000E-03  -6.8366890983E+01 +-    5.8982502592E-01   
v tensor                       7.50000000E-03   7.1231839637E-01 +-    1.4525252732E-01   
v tenstau                      7.50000000E-03  -6.6598052987E+01 +-    9.7880955719E-01   
v ls                           7.50000000E-03   0.0000000000E+00 +-    0.0000000000E+00   
v lstau                        7.50000000E-03   0.0000000000E+00 +-    0.0000000000E+00   
vpot v6                        7.50000000E-03  -1.3510375551E+02 +-    1.4758910827E+00   
vpot v8                        7.50000000E-03  -1.3510375551E+02 +-    1.4758910827E+00   
v coulomb                      7.50000000E-03   7.6560686269E-01 +-    2.0771133196E-03   
v external                     7.50000000E-03   0.0000000000E+00 +-    0.0000000000E+00   
tni 2pipr-anticomm             7.50000000E-03   0.0000000000E+00 +-    0.0000000000E+00   
tni vd1pr                      7.50000000E-03   0.0000000000E+00 +-    0.0000000000E+00   
tni vepr                       7.50000000E-03   0.0000000000E+00 +-    0.0000000000E+00   
tni central                    7.50000000E-03   0.0000000000E+00 +-    0.0000000000E+00   
tni 2pixx-anticommutator       7.50000000E-03   0.0000000000E+00 +-    0.0000000000E+00   
tni 2pixd-anticommutator       7.50000000E-03   0.0000000000E+00 +-    0.0000000000E+00   
tni 2pidd-anticommutator       7.50000000E-03   0.0000000000E+00 +-    0.0000000000E+00   
tni 2pixx-commutator           7.50000000E-03   0.0000000000E+00 +-    0.0000000000E+00   
tni 2pixd-commutator           7.50000000E-03   0.0000000000E+00 +-    0.0000000000E+00   
tni 2pidd-commutator           7.50000000E-03   0.0000000000E+00 +-    0.0000000000E+00   
tni 2pi-tm                     7.50000000E-03   0.0000000000E+00 +-    0.0000000000E+00   
tni vd1                        7.50000000E-03   0.0000000000E+00 +-    0.0000000000E+00   
tni vd2                        7.50000000E-03   0.0000000000E+00 +-    0.0000000000E+00   
tni ve                         7.50000000E-03   0.0000000000E+00 +-    0.0000000000E+00   
vpottot v8+tni                 7.50000000E-03  -1.3510375551E+02 +-    1.4758910827E+00   
enetot v8+tni                  7.50000000E-03  -2.9606551847E+01 +-    3.3842060469E-01   
vper cent                      7.50000000E-03   1.9080983361E+01 +-    1.5402874666E+00   
vper tau                       7.50000000E-03  -8.0720236120E+00 +-    1.8970799916E-01   
vper sigma                     7.50000000E-03  -1.1860089681E+01 +-    1.9821243917E-01   
vper sigtau                    7.50000000E-03  -6.8366890983E+01 +-    5.8982502592E-01   
vper tensor                    7.50000000E-03   7.1231839637E-01 +-    1.4525252732E-01   
vper tenstau                   7.50000000E-03  -6.6598052987E+01 +-    9.7880955719E-01   
vper ls                        7.50000000E-03   0.0000000000E+00 +-    0.0000000000E+00   
vper lstau                     7.50000000E-03   0.0000000000E+00 +-    0.0000000000E+00   
vpotper v6                     7.50000000E-03  -1.3510375551E+02 +-    1.4758910827E+00   
vpotper v8                     7.50000000E-03  -1.3510375551E+02 +-    1.4758910827E+00   
vpotv6pr-vpotv6per diff        7.50000000E-03   0.0000000000E+00 +-    0.0000000000E+00   
vpotv8pr-vpotv8per diff        7.50000000E-03   0.0000000000E+00 +-    0.0000000000E+00   
2piapr-2pia diff               7.50000000E-03   0.0000000000E+00 +-    0.0000000000E+00   
vd1pr-vd1 diff                 7.50000000E-03   0.0000000000E+00 +-    0.0000000000E+00   
vepr-ve diff                   7.50000000E-03   0.0000000000E+00 +-    0.0000000000E+00   
diff1 2piapr-2pia-2picxx       7.50000000E-03   0.0000000000E+00 +-    0.0000000000E+00   
diff2 vd1pr-vd1-2picxd         7.50000000E-03   0.0000000000E+00 +-    0.0000000000E+00   
diff3 vepr-ve-2picdd           7.50000000E-03   0.0000000000E+00 +-    0.0000000000E+00   
sum diff1+dif2+diff3           7.50000000E-03   0.0000000000E+00 +-    0.0000000000E+00   
proton rms                     7.50000000E-03   2.0033062972E+00 +-    1.2632312885E-02   
neutron rms                    7.50000000E-03   1.9903935122E+00 +-    1.3000146644E-02   
total rms                      7.50000000E-03   1.9991401460E+00 +-    1.1961957717E-02   
neutron-proton rms             7.50000000E-03  -1.2912784925E-02 +-    9.2700615294E-03   
GT sigXtau+                    7.50000000E-03  -3.5239872555E-05 +-    2.3278837251E-05   
GT sigYtau+                    7.50000000E-03   9.5517185280E-05 +-    2.6214812085E-05   
GT sigZtau+                    7.50000000E-03   1.1571739335E-04 +-    2.4401704927E-05   
GT sigXtau-                    7.50000000E-03   1.4946291223E-04 +-    2.0619521424E-05   
GT sigYtau-                    7.50000000E-03   1.8871287237E-04 +-    2.4037885995E-05   
GT sigZtau-                    7.50000000E-03   1.8819803798E-04 +-    2.5660374274E-05   
F tau+                         7.50000000E-03  -2.3841419138E-20 +-    4.4379520077E-20   
F tau-                         7.50000000E-03   8.2206012712E-20 +-    4.3832748268E-20   
Psi**2                         7.50000000E-03   3.4309317892E-05 +-    8.0695609435E-07   
single crossing/step           7.50000000E-03   7.3925025968E-03 +-    4.1377120016E-05   
global crossing/step           7.50000000E-03   7.2151795955E-03 +-    8.1763010402E-05   
energy numerator(real)         7.50000000E-03  -1.3303688379E+01 +-    7.8000613765E-01   
denominator psit/psigi(real)   7.50000000E-03   4.4597896134E-01 +-    1.3815557680E-02   
energy numerator(aimag)        7.50000000E-03   4.1148109862E-01 +-    5.3516046581E-01   
denominator psit/psigi(aimag)  7.50000000E-03   3.2439505859E-02 +-    9.2301116604E-03   
growth(lin dt) energy          7.50000000E-03  -2.1752496167E+02 +-    5.3411159443E+00   
growth(global) energy          7.50000000E-03  -1.9534795126E+02 +-    1.1712343554E+01
growth energy                  7.50000000E-03  -2.1736416688E+02 +-    5.3256455484E+00
Time for propagation (sec) (min) =          21.382      0.356
Time for energies (sec) (min) =              0.719      0.012
Time for load balancing (sec) (min) =        0.029      0.000
Time for block (sec) (min) =                22.754      0.379
Time for operators (sec) (min) =             0.015      0.000
Elapsed block time (sec) (min) =            67.274      1.121
 
 walkers multiplicity, block, total
   0          48003         134554
   1         987774        2915244
   2          47363         133830
   3            298            736
   4             45            125
   5             24             41
   6             12             22
   7              3              8
   8              3              9
   9              0              4
  10              1              2
  11              0              1
  13              1              1
  15              0              1
  20              1              1
 
 

iteration =                               4
walker number =                       11259
total energy-propagated        1.00000000E-02  -2.6118963386E+01 +-    3.6106658332E-01   
kinetic energy                 1.00000000E-02   1.0795411235E+02 +-    1.7201298844E+00   
potential energy               1.00000000E-02  -1.3407307574E+02 +-    1.7892666345E+00   
im energy                      1.00000000E-02  -2.4013715646E+00 +-    2.6366502929E-01   
imkin energy                   1.00000000E-02   4.7507977282E+00 +-    3.3390909725E-01   
impot energy                   1.00000000E-02  -7.1521692928E+00 +-    3.9947004786E-01   
v cent                         1.00000000E-02   1.2451389996E+01 +-    1.4568267169E+00   
v tau                          1.00000000E-02  -6.1402732615E+00 +-    2.1002671337E-01   
v sigma                        1.00000000E-02  -7.0354832376E+00 +-    2.2990440410E-01   
v sigtau                       1.00000000E-02  -5.7765951294E+01 +-    4.7380185123E-01   
v tensor                       1.00000000E-02   4.5196042889E-01 +-    9.9140725638E-02   
v tenstau                      1.00000000E-02  -7.6034718369E+01 +-    1.0030236165E+00   
v ls                           1.00000000E-02   0.0000000000E+00 +-    0.0000000000E+00   
v lstau                        1.00000000E-02   0.0000000000E+00 +-    0.0000000000E+00   
vpot v6                        1.00000000E-02  -1.3407307574E+02 +-    1.7892666345E+00   
vpot v8                        1.00000000E-02  -1.3407307574E+02 +-    1.7892666345E+00   
v coulomb                      1.00000000E-02   8.1097212800E-01 +-    8.0932448182E-04   
v external                     1.00000000E-02   0.0000000000E+00 +-    0.0000000000E+00   
tni 2pipr-anticomm             1.00000000E-02   0.0000000000E+00 +-    0.0000000000E+00   
tni vd1pr                      1.00000000E-02   0.0000000000E+00 +-    0.0000000000E+00   
tni vepr                       1.00000000E-02   0.0000000000E+00 +-    0.0000000000E+00   
tni central                    1.00000000E-02   0.0000000000E+00 +-    0.0000000000E+00   
tni 2pixx-anticommutator       1.00000000E-02   0.0000000000E+00 +-    0.0000000000E+00   
tni 2pixd-anticommutator       1.00000000E-02   0.0000000000E+00 +-    0.0000000000E+00   
tni 2pidd-anticommutator       1.00000000E-02   0.0000000000E+00 +-    0.0000000000E+00   
tni 2pixx-commutator           1.00000000E-02   0.0000000000E+00 +-    0.0000000000E+00   
tni 2pixd-commutator           1.00000000E-02   0.0000000000E+00 +-    0.0000000000E+00   
tni 2pidd-commutator           1.00000000E-02   0.0000000000E+00 +-    0.0000000000E+00   
tni 2pi-tm                     1.00000000E-02   0.0000000000E+00 +-    0.0000000000E+00   
tni vd1                        1.00000000E-02   0.0000000000E+00 +-    0.0000000000E+00   
tni vd2                        1.00000000E-02   0.0000000000E+00 +-    0.0000000000E+00   
tni ve                         1.00000000E-02   0.0000000000E+00 +-    0.0000000000E+00   
vpottot v8+tni                 1.00000000E-02  -1.3407307574E+02 +-    1.7892666345E+00   
enetot v8+tni                  1.00000000E-02  -2.6118963386E+01 +-    3.6106658332E-01   
vper cent                      1.00000000E-02   1.2451389996E+01 +-    1.4568267169E+00   
vper tau                       1.00000000E-02  -6.1402732615E+00 +-    2.1002671337E-01   
vper sigma                     1.00000000E-02  -7.0354832376E+00 +-    2.2990440410E-01   
vper sigtau                    1.00000000E-02  -5.7765951294E+01 +-    4.7380185123E-01   
vper tensor                    1.00000000E-02   4.5196042889E-01 +-    9.9140725638E-02   
vper tenstau                   1.00000000E-02  -7.6034718369E+01 +-    1.0030236165E+00   
vper ls                        1.00000000E-02   0.0000000000E+00 +-    0.0000000000E+00   
vper lstau                     1.00000000E-02   0.0000000000E+00 +-    0.0000000000E+00   
vpotper v6                     1.00000000E-02  -1.3407307574E+02 +-    1.7892666345E+00   
vpotper v8                     1.00000000E-02  -1.3407307574E+02 +-    1.7892666345E+00   
vpotv6pr-vpotv6per diff        1.00000000E-02   0.0000000000E+00 +-    0.0000000000E+00   
vpotv8pr-vpotv8per diff        1.00000000E-02   0.0000000000E+00 +-    0.0000000000E+00   
2piapr-2pia diff               1.00000000E-02   0.0000000000E+00 +-    0.0000000000E+00   
vd1pr-vd1 diff                 1.00000000E-02   0.0000000000E+00 +-    0.0000000000E+00   
vepr-ve diff                   1.00000000E-02   0.0000000000E+00 +-    0.0000000000E+00   
diff1 2piapr-2pia-2picxx       1.00000000E-02   0.0000000000E+00 +-    0.0000000000E+00   
diff2 vd1pr-vd1-2picxd         1.00000000E-02   0.0000000000E+00 +-    0.0000000000E+00   
diff3 vepr-ve-2picdd           1.00000000E-02   0.0000000000E+00 +-    0.0000000000E+00   
sum diff1+dif2+diff3           1.00000000E-02   0.0000000000E+00 +-    0.0000000000E+00   
proton rms                     1.00000000E-02   1.9715385943E+00 +-    1.1830710215E-02   
neutron rms                    1.00000000E-02   2.0315532178E+00 +-    1.2578009997E-02   
total rms                      1.00000000E-02   2.0030227198E+00 +-    1.1219443210E-02   
neutron-proton rms             1.00000000E-02   6.0014623453E-02 +-    9.5135085957E-03   
GT sigXtau+                    1.00000000E-02   1.4232352941E-04 +-    2.8121951412E-05   
GT sigYtau+                    1.00000000E-02  -4.7591461158E-05 +-    2.3893635808E-05   
GT sigZtau+                    1.00000000E-02   3.5619537018E-05 +-    2.4321044960E-05   
GT sigXtau-                    1.00000000E-02  -1.8818126442E-04 +-    2.7269678358E-05   
GT sigYtau-                    1.00000000E-02   2.5602956206E-05 +-    2.3113163615E-05   
GT sigZtau-                    1.00000000E-02  -1.4329178416E-04 +-    2.6323635658E-05   
F tau+                         1.00000000E-02  -2.3442857406E-20 +-    3.1947086514E-20   
F tau-                         1.00000000E-02  -3.3319677626E-19 +-    4.5057453332E-20   
Psi**2                         1.00000000E-02   3.9547740467E-05 +-    9.8722591100E-07   
single crossing/step           1.00000000E-02   7.3177415232E-03 +-    4.0864880408E-05   
global crossing/step           1.00000000E-02   7.1678556387E-03 +-    8.0894520496E-05   
energy numerator(real)         1.00000000E-02  -7.0647959754E+00 +-    8.0211441213E-01   
denominator psit/psigi(real)   1.00000000E-02   2.7045049746E-01 +-    1.3363877826E-02   
energy numerator(aimag)        1.00000000E-02  -7.9471455936E-02 +-    5.2930335374E-01   
denominator psit/psigi(aimag)  1.00000000E-02  -1.9036055941E-03 +-    8.9831580538E-03   
growth(lin dt) energy          1.00000000E-02  -2.1600137972E+02 +-    5.2579455165E+00   
growth(global) energy          1.00000000E-02  -2.1692783304E+02 +-    1.0089615267E+01
growth energy                  1.00000000E-02  -2.1584486795E+02 +-    5.2429205782E+00
Time for propagation (sec) (min) =          21.705      0.362
Time for energies (sec) (min) =              0.790      0.013
Time for load balancing (sec) (min) =        0.030      0.001
Time for block (sec) (min) =                23.137      0.386
Time for operators (sec) (min) =             0.015      0.000
Elapsed block time (sec) (min) =            90.439      1.507
 
 walkers multiplicity, block, total
   0          48650         183204
   1        1001742        3916986
   2          48788         182618
   3            289           1025
   4             41            166
   5             12             53
   6              9             31
   7              2             10
   8              1             10
   9              0              4
  10              1              3
  11              2              3
  13              0              1
  15              0              1
  20              1              2
 
 

iteration =                               5
walker number =                       11564
total energy-propagated        1.25000000E-02  -2.5367424596E+01 +-    6.0102546661E-01   
kinetic energy                 1.25000000E-02   9.5277005386E+01 +-    1.9418681329E+00   
potential energy               1.25000000E-02  -1.2064442998E+02 +-    1.8148439547E+00   
im energy                      1.25000000E-02  -6.4590915299E+00 +-    4.1877622857E-01   
imkin energy                   1.25000000E-02  -5.6426255768E+00 +-    1.0408738972E+00   
impot energy                   1.25000000E-02  -8.1646595309E-01 +-    8.9348898078E-01   
v cent                         1.25000000E-02   5.1063307673E+01 +-    1.8920172120E+00   
v tau                          1.25000000E-02  -1.0164032992E+01 +-    3.2537060359E-01   
v sigma                        1.25000000E-02  -1.8868707985E+01 +-    3.6411786639E-01   
v sigtau                       1.25000000E-02  -6.5763767705E+01 +-    6.9106199534E-01   
v tensor                       1.25000000E-02  -1.0916643555E-01 +-    1.6098496014E-01   
v tenstau                      1.25000000E-02  -7.6802062540E+01 +-    1.6245463938E+00   
v ls                           1.25000000E-02   0.0000000000E+00 +-    0.0000000000E+00   
v lstau                        1.25000000E-02   0.0000000000E+00 +-    0.0000000000E+00   
vpot v6                        1.25000000E-02  -1.2064442998E+02 +-    1.8148439547E+00   
vpot v8                        1.25000000E-02  -1.2064442998E+02 +-    1.8148439547E+00   
v coulomb                      1.25000000E-02   8.9209005598E-01 +-    1.6891103191E-03   
v external                     1.25000000E-02   0.0000000000E+00 +-    0.0000000000E+00   
tni 2pipr-anticomm             1.25000000E-02   0.0000000000E+00 +-    0.0000000000E+00   
tni vd1pr                      1.25000000E-02   0.0000000000E+00 +-    0.0000000000E+00   
tni vepr                       1.25000000E-02   0.0000000000E+00 +-    0.0000000000E+00   
tni central                    1.25000000E-02   0.0000000000E+00 +-    0.0000000000E+00   
tni 2pixx-anticommutator       1.25000000E-02   0.0000000000E+00 +-    0.0000000000E+00   
tni 2pixd-anticommutator       1.25000000E-02   0.0000000000E+00 +-    0.0000000000E+00   
tni 2pidd-anticommutator       1.25000000E-02   0.0000000000E+00 +-    0.0000000000E+00   
tni 2pixx-commutator           1.25000000E-02   0.0000000000E+00 +-    0.0000000000E+00   
tni 2pixd-commutator           1.25000000E-02   0.0000000000E+00 +-    0.0000000000E+00   
tni 2pidd-commutator           1.25000000E-02   0.0000000000E+00 +-    0.0000000000E+00   
tni 2pi-tm                     1.25000000E-02   0.0000000000E+00 +-    0.0000000000E+00   
tni vd1                        1.25000000E-02   0.0000000000E+00 +-    0.0000000000E+00   
tni vd2                        1.25000000E-02   0.0000000000E+00 +-    0.0000000000E+00   
tni ve                         1.25000000E-02   0.0000000000E+00 +-    0.0000000000E+00   
vpottot v8+tni                 1.25000000E-02  -1.2064442998E+02 +-    1.8148439547E+00   
enetot v8+tni                  1.25000000E-02  -2.5367424596E+01 +-    6.0102546661E-01   
vper cent                      1.25000000E-02   5.1063307673E+01 +-    1.8920172120E+00   
vper tau                       1.25000000E-02  -1.0164032992E+01 +-    3.2537060359E-01   
vper sigma                     1.25000000E-02  -1.8868707985E+01 +-    3.6411786639E-01   
vper sigtau                    1.25000000E-02  -6.5763767705E+01 +-    6.9106199534E-01   
vper tensor                    1.25000000E-02  -1.0916643555E-01 +-    1.6098496014E-01   
vper tenstau                   1.25000000E-02  -7.6802062540E+01 +-    1.6245463938E+00   
vper ls                        1.25000000E-02   0.0000000000E+00 +-    0.0000000000E+00   
vper lstau                     1.25000000E-02   0.0000000000E+00 +-    0.0000000000E+00   
vpotper v6                     1.25000000E-02  -1.2064442998E+02 +-    1.8148439547E+00   
vpotper v8                     1.25000000E-02  -1.2064442998E+02 +-    1.8148439547E+00   
vpotv6pr-vpotv6per diff        1.25000000E-02   0.0000000000E+00 +-    0.0000000000E+00   
vpotv8pr-vpotv8per diff        1.25000000E-02   0.0000000000E+00 +-    0.0000000000E+00   
2piapr-2pia diff               1.25000000E-02   0.0000000000E+00 +-    0.0000000000E+00   
vd1pr-vd1 diff                 1.25000000E-02   0.0000000000E+00 +-    0.0000000000E+00   
vepr-ve diff                   1.25000000E-02   0.0000000000E+00 +-    0.0000000000E+00   
diff1 2piapr-2pia-2picxx       1.25000000E-02   0.0000000000E+00 +-    0.0000000000E+00   
diff2 vd1pr-vd1-2picxd         1.25000000E-02   0.0000000000E+00 +-    0.0000000000E+00   
diff3 vepr-ve-2picdd           1.25000000E-02   0.0000000000E+00 +-    0.0000000000E+00   
sum diff1+dif2+diff3           1.25000000E-02   0.0000000000E+00 +-    0.0000000000E+00   
proton rms                     1.25000000E-02   1.8555084629E+00 +-    1.2836256341E-02   
neutron rms                    1.25000000E-02   2.0882414580E+00 +-    1.4037150147E-02   
total rms                      1.25000000E-02   1.9641843728E+00 +-    1.1435686848E-02   
neutron-proton rms             1.25000000E-02   2.3273299516E-01 +-    1.4396170662E-02   
GT sigXtau+                    1.25000000E-02  -2.1578521520E-04 +-    1.9922743176E-05   
GT sigYtau+                    1.25000000E-02   7.7572115804E-04 +-    3.0041312182E-05   
GT sigZtau+                    1.25000000E-02   2.0023598388E-04 +-    2.9840271909E-05   
GT sigXtau-                    1.25000000E-02   1.2937308723E-04 +-    2.2069422705E-05   
GT sigYtau-                    1.25000000E-02  -1.6305000128E-05 +-    2.5015360570E-05   
GT sigZtau-                    1.25000000E-02   3.8237558023E-05 +-    3.1864120999E-05   
F tau+                         1.25000000E-02  -2.2214098057E-19 +-    7.1566167917E-20   
F tau-                         1.25000000E-02   5.9485933128E-19 +-    8.7784989312E-20   
Psi**2                         1.25000000E-02   3.0262485726E-05 +-    7.4075921813E-07   
single crossing/step           1.25000000E-02   8.4036983564E-03 +-    4.3575506953E-05   
global crossing/step           1.25000000E-02   8.1475769640E-03 +-    8.5823758995E-05   
energy numerator(real)         1.25000000E-02  -3.4878669313E+00 +-    8.3679367044E-01   
denominator psit/psigi(real)   1.25000000E-02   1.3413716611E-01 +-    1.3378185996E-02   
energy numerator(aimag)        1.25000000E-02  -4.2806731099E-01 +-    5.9724131087E-01   
denominator psit/psigi(aimag)  1.25000000E-02  -1.4398061891E-02 +-    9.0426562125E-03   
growth(lin dt) energy          1.25000000E-02  -2.5233333927E+02 +-    5.7380896997E+00   
growth(global) energy          1.25000000E-02  -2.6168384586E+02 +-    9.7805617106E+00
growth energy                  1.25000000E-02  -2.5205898259E+02 +-    5.7164810703E+00
Time for propagation (sec) (min) =          21.905      0.365
Time for energies (sec) (min) =              0.811      0.014
Time for load balancing (sec) (min) =        0.028      0.000
Time for block (sec) (min) =                23.312      0.389
Time for operators (sec) (min) =             0.019      0.000
Elapsed block time (sec) (min) =           113.770      1.896
 
 walkers multiplicity, block, total
   0          53553         236757
   1        1014566        4931552
   2          52497         235115
   3            422           1447
   4             91            257
   5             11             64
   6              6             37
   7              7             17
   8              3             13
   9              2              6
  10              1              4
  11              1              4
  12              1              1
  13              1              2
  15              1              2
  17              1              1
  20              1              3
 
 

iteration =                               6
walker number =                       11099
total energy-propagated        1.50000000E-02  -3.6192549273E+01 +-    7.1955011653E-01   
kinetic energy                 1.50000000E-02   9.0051781119E+01 +-    1.7457101224E+00   
potential energy               1.50000000E-02  -1.2624433039E+02 +-    1.4642059210E+00   
im energy                      1.50000000E-02  -5.5913629790E+00 +-    4.3209720922E-01   
imkin energy                   1.50000000E-02   2.2735855705E+00 +-    1.2877601545E+00   
impot energy                   1.50000000E-02  -7.8649485494E+00 +-    1.1609005429E+00   
v cent                         1.50000000E-02   2.2240123908E+01 +-    1.9299674732E+00   
v tau                          1.50000000E-02  -8.7360427838E+00 +-    4.0554455429E-01   
v sigma                        1.50000000E-02  -1.5504828118E+01 +-    5.7504614772E-01   
v sigtau                       1.50000000E-02  -7.4383849766E+01 +-    5.7659916426E-01   
v tensor                       1.50000000E-02  -8.0992053576E-02 +-    3.1482762856E-01   
v tenstau                      1.50000000E-02  -4.9778741578E+01 +-    1.2301199117E+00   
v ls                           1.50000000E-02   0.0000000000E+00 +-    0.0000000000E+00   
v lstau                        1.50000000E-02   0.0000000000E+00 +-    0.0000000000E+00   
vpot v6                        1.50000000E-02  -1.2624433039E+02 +-    1.4642059210E+00   
vpot v8                        1.50000000E-02  -1.2624433039E+02 +-    1.4642059210E+00   
v coulomb                      1.50000000E-02   8.3908286349E-01 +-    3.1282747669E-03   
v external                     1.50000000E-02   0.0000000000E+00 +-    0.0000000000E+00   
tni 2pipr-anticomm             1.50000000E-02   0.0000000000E+00 +-    0.0000000000E+00   
tni vd1pr                      1.50000000E-02   0.0000000000E+00 +-    0.0000000000E+00   
tni vepr                       1.50000000E-02   0.0000000000E+00 +-    0.0000000000E+00   
tni central                    1.50000000E-02   0.0000000000E+00 +-    0.0000000000E+00   
tni 2pixx-anticommutator       1.50000000E-02   0.0000000000E+00 +-    0.0000000000E+00   
tni 2pixd-anticommutator       1.50000000E-02   0.0000000000E+00 +-    0.0000000000E+00   
tni 2pidd-anticommutator       1.50000000E-02   0.0000000000E+00 +-    0.0000000000E+00   
tni 2pixx-commutator           1.50000000E-02   0.0000000000E+00 +-    0.0000000000E+00   
tni 2pixd-commutator           1.50000000E-02   0.0000000000E+00 +-    0.0000000000E+00   
tni 2pidd-commutator           1.50000000E-02   0.0000000000E+00 +-    0.0000000000E+00   
tni 2pi-tm                     1.50000000E-02   0.0000000000E+00 +-    0.0000000000E+00   
tni vd1                        1.50000000E-02   0.0000000000E+00 +-    0.0000000000E+00   
tni vd2                        1.50000000E-02   0.0000000000E+00 +-    0.0000000000E+00   
tni ve                         1.50000000E-02   0.0000000000E+00 +-    0.0000000000E+00   
vpottot v8+tni                 1.50000000E-02  -1.2624433039E+02 +-    1.4642059210E+00   
enetot v8+tni                  1.50000000E-02  -3.6192549273E+01 +-    7.1955011653E-01   
vper cent                      1.50000000E-02   2.2240123908E+01 +-    1.9299674732E+00   
vper tau                       1.50000000E-02  -8.7360427838E+00 +-    4.0554455429E-01   
vper sigma                     1.50000000E-02  -1.5504828118E+01 +-    5.7504614772E-01   
vper sigtau                    1.50000000E-02  -7.4383849766E+01 +-    5.7659916426E-01   
vper tensor                    1.50000000E-02  -8.0992053576E-02 +-    3.1482762856E-01   
vper tenstau                   1.50000000E-02  -4.9778741578E+01 +-    1.2301199117E+00   
vper ls                        1.50000000E-02   0.0000000000E+00 +-    0.0000000000E+00   
vper lstau                     1.50000000E-02   0.0000000000E+00 +-    0.0000000000E+00   
vpotper v6                     1.50000000E-02  -1.2624433039E+02 +-    1.4642059210E+00   
vpotper v8                     1.50000000E-02  -1.2624433039E+02 +-    1.4642059210E+00   
vpotv6pr-vpotv6per diff        1.50000000E-02   0.0000000000E+00 +-    0.0000000000E+00   
vpotv8pr-vpotv8per diff        1.50000000E-02   0.0000000000E+00 +-    0.0000000000E+00   
2piapr-2pia diff               1.50000000E-02   0.0000000000E+00 +-    0.0000000000E+00   
vd1pr-vd1 diff                 1.50000000E-02   0.0000000000E+00 +-    0.0000000000E+00   
vepr-ve diff                   1.50000000E-02   0.0000000000E+00 +-    0.0000000000E+00   
diff1 2piapr-2pia-2picxx       1.50000000E-02   0.0000000000E+00 +-    0.0000000000E+00   
diff2 vd1pr-vd1-2picxd         1.50000000E-02   0.0000000000E+00 +-    0.0000000000E+00   
diff3 vepr-ve-2picdd           1.50000000E-02   0.0000000000E+00 +-    0.0000000000E+00   
sum diff1+dif2+diff3           1.50000000E-02   0.0000000000E+00 +-    0.0000000000E+00   
proton rms                     1.50000000E-02   1.7796845426E+00 +-    8.3328084263E-03   
neutron rms                    1.50000000E-02   1.7357389237E+00 +-    1.0067645181E-02   
total rms                      1.50000000E-02   1.7543136756E+00 +-    8.8747613747E-03   
neutron-proton rms             1.50000000E-02  -4.3945618916E-02 +-    6.6456275558E-03   
GT sigXtau+                    1.50000000E-02   1.7469858319E-03 +-    1.4955859344E-05   
GT sigYtau+                    1.50000000E-02  -1.6072703121E-04 +-    1.8689317159E-05   
GT sigZtau+                    1.50000000E-02   5.0112662924E-04 +-    2.7850649202E-05   
GT sigXtau-                    1.50000000E-02   1.0078183646E-03 +-    2.6854203145E-05   
GT sigYtau-                    1.50000000E-02  -1.0194223962E-03 +-    1.1899206427E-05   
GT sigZtau-                    1.50000000E-02   6.2124955456E-04 +-    1.7006929596E-05   
F tau+                         1.50000000E-02   4.5235004929E-19 +-    4.1949517932E-20   
F tau-                         1.50000000E-02   2.2152988870E-19 +-    4.3755668486E-20   
Psi**2                         1.50000000E-02   2.5481459565E-06 +-    1.1327084547E-06   
single crossing/step           1.50000000E-02   7.7292673392E-03 +-    4.1945948938E-05   
global crossing/step           1.50000000E-02   7.5778570209E-03 +-    8.3072482771E-05   
energy numerator(real)         1.50000000E-02  -4.5605186788E+00 +-    9.3076314549E-01   
denominator psit/psigi(real)   1.50000000E-02   1.2244823532E-01 +-    1.3403194632E-02   
energy numerator(aimag)        1.50000000E-02  -9.3954741727E-01 +-    6.7201013077E-01   
denominator psit/psigi(aimag)  1.50000000E-02  -1.1601748942E-02 +-    9.1596288777E-03   
growth(lin dt) energy          1.50000000E-02  -2.3965721667E+02 +-    5.6348181563E+00   
growth(global) energy          1.50000000E-02  -2.3088185105E+02 +-    1.1471663876E+01
growth energy                  1.50000000E-02  -2.3942769944E+02 +-    5.6153784798E+00
Time for propagation (sec) (min) =          21.760      0.363
Time for energies (sec) (min) =              0.779      0.013
Time for load balancing (sec) (min) =        0.026      0.000
Time for block (sec) (min) =                23.154      0.386
Time for operators (sec) (min) =             0.027      0.000
Elapsed block time (sec) (min) =           136.963      2.283
 
 walkers multiplicity, block, total
   0          53530         290287
   1        1007887        5939439
   2          51840         286955
   3            387           1834
   4             78            335
   5             21             85
   6             10             47
   7              3             20
   8              1             14
   9              1              7
  10              1              5
  11              1              5
  12              0              1
  13              1              3
  15              0              2
  17              0              1
  20              1              4
 
 

iteration =                               7
walker number =                       11021
total energy-propagated        1.75000000E-02  -1.1186268763E+01 +-    6.2839837652E-01   
kinetic energy                 1.75000000E-02   1.2825810145E+02 +-    2.4270508583E+00   
potential energy               1.75000000E-02  -1.3944437022E+02 +-    2.3782555487E+00   
im energy                      1.75000000E-02  -3.6362875856E+00 +-    3.8030107388E-01   
imkin energy                   1.75000000E-02  -1.2920281395E+00 +-    6.2502690385E-01   
impot energy                   1.75000000E-02  -2.3442594461E+00 +-    2.9400627912E-01   
v cent                         1.75000000E-02  -1.1210958845E+02 +-    3.7282981018E+00   
v tau                          1.75000000E-02   1.5322207936E+01 +-    4.8797145937E-01   
v sigma                        1.75000000E-02   1.2191912852E+01 +-    3.7768462250E-01   
v sigtau                       1.75000000E-02   1.2317488931E+01 +-    1.1629593491E+00   
v tensor                       1.75000000E-02  -1.1544597029E+01 +-    2.6597759294E-01   
v tenstau                      1.75000000E-02  -5.5621794453E+01 +-    1.5116830306E+00   
v ls                           1.75000000E-02   0.0000000000E+00 +-    0.0000000000E+00   
v lstau                        1.75000000E-02   0.0000000000E+00 +-    0.0000000000E+00   
vpot v6                        1.75000000E-02  -1.3944437022E+02 +-    2.3782555487E+00   
vpot v8                        1.75000000E-02  -1.3944437022E+02 +-    2.3782555487E+00   
v coulomb                      1.75000000E-02   7.9867218032E-01 +-    4.1232683394E-03   
v external                     1.75000000E-02   0.0000000000E+00 +-    0.0000000000E+00   
tni 2pipr-anticomm             1.75000000E-02   0.0000000000E+00 +-    0.0000000000E+00   
tni vd1pr                      1.75000000E-02   0.0000000000E+00 +-    0.0000000000E+00   
tni vepr                       1.75000000E-02   0.0000000000E+00 +-    0.0000000000E+00   
tni central                    1.75000000E-02   0.0000000000E+00 +-    0.0000000000E+00   
tni 2pixx-anticommutator       1.75000000E-02   0.0000000000E+00 +-    0.0000000000E+00   
tni 2pixd-anticommutator       1.75000000E-02   0.0000000000E+00 +-    0.0000000000E+00   
tni 2pidd-anticommutator       1.75000000E-02   0.0000000000E+00 +-    0.0000000000E+00   
tni 2pixx-commutator           1.75000000E-02   0.0000000000E+00 +-    0.0000000000E+00   
tni 2pixd-commutator           1.75000000E-02   0.0000000000E+00 +-    0.0000000000E+00   
tni 2pidd-commutator           1.75000000E-02   0.0000000000E+00 +-    0.0000000000E+00   
tni 2pi-tm                     1.75000000E-02   0.0000000000E+00 +-    0.0000000000E+00   
tni vd1                        1.75000000E-02   0.0000000000E+00 +-    0.0000000000E+00   
tni vd2                        1.75000000E-02   0.0000000000E+00 +-    0.0000000000E+00   
tni ve                         1.75000000E-02   0.0000000000E+00 +-    0.0000000000E+00   
vpottot v8+tni                 1.75000000E-02  -1.3944437022E+02 +-    2.3782555487E+00   
enetot v8+tni                  1.75000000E-02  -1.1186268763E+01 +-    6.2839837652E-01   
vper cent                      1.75000000E-02  -1.1210958845E+02 +-    3.7282981018E+00   
vper tau                       1.75000000E-02   1.5322207936E+01 +-    4.8797145937E-01   
vper sigma                     1.75000000E-02   1.2191912852E+01 +-    3.7768462250E-01   
vper sigtau                    1.75000000E-02   1.2317488931E+01 +-    1.1629593491E+00   
vper tensor                    1.75000000E-02  -1.1544597029E+01 +-    2.6597759294E-01   
vper tenstau                   1.75000000E-02  -5.5621794453E+01 +-    1.5116830306E+00   
vper ls                        1.75000000E-02   0.0000000000E+00 +-    0.0000000000E+00   
vper lstau                     1.75000000E-02   0.0000000000E+00 +-    0.0000000000E+00   
vpotper v6                     1.75000000E-02  -1.3944437022E+02 +-    2.3782555487E+00   
vpotper v8                     1.75000000E-02  -1.3944437022E+02 +-    2.3782555487E+00   
vpotv6pr-vpotv6per diff        1.75000000E-02   0.0000000000E+00 +-    0.0000000000E+00   
vpotv8pr-vpotv8per diff        1.75000000E-02   0.0000000000E+00 +-    0.0000000000E+00   
2piapr-2pia diff               1.75000000E-02   0.0000000000E+00 +-    0.0000000000E+00   
vd1pr-vd1 diff                 1.75000000E-02   0.0000000000E+00 +-    0.0000000000E+00   
vepr-ve diff                   1.75000000E-02   0.0000000000E+00 +-    0.0000000000E+00   
diff1 2piapr-2pia-2picxx       1.75000000E-02   0.0000000000E+00 +-    0.0000000000E+00   
diff2 vd1pr-vd1-2picxd         1.75000000E-02   0.0000000000E+00 +-    0.0000000000E+00   
diff3 vepr-ve-2picdd           1.75000000E-02   0.0000000000E+00 +-    0.0000000000E+00   
sum diff1+dif2+diff3           1.75000000E-02   0.0000000000E+00 +-    0.0000000000E+00   
proton rms                     1.75000000E-02   1.8803232871E+00 +-    1.1256850961E-02   
neutron rms                    1.75000000E-02   2.3232674694E+00 +-    8.5585635137E-03   
total rms                      1.75000000E-02   2.1010224495E+00 +-    8.8100593638E-03   
neutron-proton rms             1.75000000E-02   4.4294418226E-01 +-    9.4451074534E-03   
GT sigXtau+                    1.75000000E-02   1.2248691338E-03 +-    2.8178810767E-05   
GT sigYtau+                    1.75000000E-02   4.3022221912E-04 +-    2.4745071933E-05   
GT sigZtau+                    1.75000000E-02   1.6001836165E-03 +-    2.8930893935E-05   
GT sigXtau-                    1.75000000E-02   2.8845940531E-04 +-    4.0205636921E-05   
GT sigYtau-                    1.75000000E-02   5.3587210651E-04 +-    4.3522028450E-05   
GT sigZtau-                    1.75000000E-02   3.3936360264E-04 +-    3.2927516783E-05   
F tau+                         1.75000000E-02   2.4734454790E-18 +-    5.0077420626E-20   
F tau-                         1.75000000E-02   9.8130305356E-19 +-    5.0203369767E-20   
Psi**2                         1.75000000E-02  -7.1081117417E-06 +-    1.1195451383E-06   
single crossing/step           1.75000000E-02   7.7356862238E-03 +-    4.1818366027E-05   
global crossing/step           1.75000000E-02   7.5739280445E-03 +-    8.2764408617E-05   
energy numerator(real)         1.75000000E-02  -7.9849493022E-01 +-    8.8462908335E-01   
denominator psit/psigi(real)   1.75000000E-02   5.7603532798E-02 +-    1.3333511716E-02   
energy numerator(aimag)        1.75000000E-02   7.6781298597E-01 +-    6.2491520663E-01   
denominator psit/psigi(aimag)  1.75000000E-02   1.0082083598E-02 +-    9.1523219775E-03   
growth(lin dt) energy          1.75000000E-02  -2.5198670330E+02 +-    5.7672785181E+00   
growth(global) energy          1.75000000E-02  -2.4637755166E+02 +-    1.1018299791E+01
growth energy                  1.75000000E-02  -2.5171362582E+02 +-    5.7456074838E+00
Time for propagation (sec) (min) =          21.914      0.365
Time for energies (sec) (min) =              0.773      0.013
Time for load balancing (sec) (min) =        0.029      0.000
Time for block (sec) (min) =                23.278      0.388
Time for operators (sec) (min) =             0.020      0.000
Elapsed block time (sec) (min) =           160.261      2.671
 
 walkers multiplicity, block, total
   0          55275         345562
   1        1011646        6951085
   2          53980         340935
   3            386           2220
   4             72            407
   5             12             97
   6             13             60
   7              3             23
   8              4             18
   9              1              8
  10              1              6
  11              1              6
  12              1              2
  13              0              3
  14              1              1
  15              0              2
  17              0              1
  20              1              5
 
 

iteration =                               8
walker number =                       10558
total energy-propagated        2.00000000E-02   1.1273126218E+01 +-    8.8266963796E-01   
kinetic energy                 2.00000000E-02  -1.6116807087E+02 +-    1.8974460999E+00   
potential energy               2.00000000E-02   1.7244119709E+02 +-    1.3465103307E+00   
im energy                      2.00000000E-02   2.1457175551E+01 +-    7.9789720599E-01   
imkin energy                   2.00000000E-02  -2.0221431564E+00 +-    1.4034066543E+00   
impot energy                   2.00000000E-02   2.3479318707E+01 +-    9.6332366449E-01   
v cent                         2.00000000E-02   1.0070124830E+02 +-    4.4163114456E+00   
v tau                          2.00000000E-02   4.0446105062E+01 +-    1.0950699240E+00   
v sigma                        2.00000000E-02  -4.2043509368E+01 +-    1.0229374486E+00   
v sigtau                       2.00000000E-02  -2.6001347837E+01 +-    1.5369753891E+00   
v tensor                       2.00000000E-02  -1.8757955828E+01 +-    3.5847817882E-01   
v tenstau                      2.00000000E-02   1.1809665676E+02 +-    1.9770069936E+00   
v ls                           2.00000000E-02   0.0000000000E+00 +-    0.0000000000E+00   
v lstau                        2.00000000E-02   0.0000000000E+00 +-    0.0000000000E+00   
vpot v6                        2.00000000E-02   1.7244119709E+02 +-    1.3465103307E+00   
vpot v8                        2.00000000E-02   1.7244119709E+02 +-    1.3465103307E+00   
v coulomb                      2.00000000E-02   4.0712347256E-01 +-    6.9573045024E-03   
v external                     2.00000000E-02   0.0000000000E+00 +-    0.0000000000E+00   
tni 2pipr-anticomm             2.00000000E-02   0.0000000000E+00 +-    0.0000000000E+00   
tni vd1pr                      2.00000000E-02   0.0000000000E+00 +-    0.0000000000E+00   
tni vepr                       2.00000000E-02   0.0000000000E+00 +-    0.0000000000E+00   
tni central                    2.00000000E-02   0.0000000000E+00 +-    0.0000000000E+00   
tni 2pixx-anticommutator       2.00000000E-02   0.0000000000E+00 +-    0.0000000000E+00   
tni 2pixd-anticommutator       2.00000000E-02   0.0000000000E+00 +-    0.0000000000E+00   
tni 2pidd-anticommutator       2.00000000E-02   0.0000000000E+00 +-    0.0000000000E+00   
tni 2pixx-commutator           2.00000000E-02   0.0000000000E+00 +-    0.0000000000E+00   
tni 2pixd-commutator           2.00000000E-02   0.0000000000E+00 +-    0.0000000000E+00   
tni 2pidd-commutator           2.00000000E-02   0.0000000000E+00 +-    0.0000000000E+00   
tni 2pi-tm                     2.00000000E-02   0.0000000000E+00 +-    0.0000000000E+00   
tni vd1                        2.00000000E-02   0.0000000000E+00 +-    0.0000000000E+00   
tni vd2                        2.00000000E-02   0.0000000000E+00 +-    0.0000000000E+00   
tni ve                         2.00000000E-02   0.0000000000E+00 +-    0.0000000000E+00   
vpottot v8+tni                 2.00000000E-02   1.7244119709E+02 +-    1.3465103307E+00   
enetot v8+tni                  2.00000000E-02   1.1273126218E+01 +-    8.8266963796E-01   
vper cent                      2.00000000E-02   1.0070124830E+02 +-    4.4163114456E+00   
vper tau                       2.00000000E-02   4.0446105062E+01 +-    1.0950699240E+00   
vper sigma                     2.00000000E-02  -4.2043509368E+01 +-    1.0229374486E+00   
vper sigtau                    2.00000000E-02  -2.6001347837E+01 +-    1.5369753891E+00   
vper tensor                    2.00000000E-02  -1.8757955828E+01 +-    3.5847817882E-01   
vper tenstau                   2.00000000E-02   1.1809665676E+02 +-    1.9770069936E+00   
vper ls                        2.00000000E-02   0.0000000000E+00 +-    0.0000000000E+00   
vper lstau                     2.00000000E-02   0.0000000000E+00 +-    0.0000000000E+00   
vpotper v6                     2.00000000E-02   1.7244119709E+02 +-    1.3465103307E+00   
vpotper v8                     2.00000000E-02   1.7244119709E+02 +-    1.3465103307E+00   
vpotv6pr-vpotv6per diff        2.00000000E-02   0.0000000000E+00 +-    0.0000000000E+00   
vpotv8pr-vpotv8per diff        2.00000000E-02   0.0000000000E+00 +-    0.0000000000E+00   
2piapr-2pia diff               2.00000000E-02   0.0000000000E+00 +-    0.0000000000E+00   
vd1pr-vd1 diff                 2.00000000E-02   0.0000000000E+00 +-    0.0000000000E+00   
vepr-ve diff                   2.00000000E-02   0.0000000000E+00 +-    0.0000000000E+00   
diff1 2piapr-2pia-2picxx       2.00000000E-02   0.0000000000E+00 +-    0.0000000000E+00   
diff2 vd1pr-vd1-2picxd         2.00000000E-02   0.0000000000E+00 +-    0.0000000000E+00   
diff3 vepr-ve-2picdd           2.00000000E-02   0.0000000000E+00 +-    0.0000000000E+00   
sum diff1+dif2+diff3           2.00000000E-02   0.0000000000E+00 +-    0.0000000000E+00   
proton rms                     2.00000000E-02   2.1922038455E+00 +-    1.8479088975E-02   
neutron rms                    2.00000000E-02   1.6003984435E+00 +-    7.8247726172E-03   
total rms                      2.00000000E-02   1.9040769387E+00 +-    1.1208993162E-02   
neutron-proton rms             2.00000000E-02  -5.9180540207E-01 +-    1.7026532880E-02   
GT sigXtau+                    2.00000000E-02   1.8602460264E-03 +-    6.0703218958E-05   
GT sigYtau+                    2.00000000E-02   3.0209616458E-04 +-    6.7467933474E-05   
GT sigZtau+                    2.00000000E-02   6.4362745172E-04 +-    5.8128652272E-05   
GT sigXtau-                    2.00000000E-02  -2.6857047265E-04 +-    3.9217699517E-05   
GT sigYtau-                    2.00000000E-02  -5.4232159783E-04 +-    5.6647089225E-05   
GT sigZtau-                    2.00000000E-02  -1.0012994122E-03 +-    2.0726573228E-05   
F tau+                         2.00000000E-02  -2.5479890596E-18 +-    1.0685294226E-19   
F tau-                         2.00000000E-02   1.2351031860E-18 +-    4.9725029342E-20   
Psi**2                         2.00000000E-02   1.4814131775E-05 +-    1.5112479845E-06   
single crossing/step           2.00000000E-02   8.3813062211E-03 +-    4.3476395404E-05   
global crossing/step           2.00000000E-02   8.1738886786E-03 +-    8.5879092547E-05   
energy numerator(real)         2.00000000E-02   2.6627387300E-01 +-    9.1813104480E-01   
denominator psit/psigi(real)   2.00000000E-02   2.9854135844E-02 +-    1.3904570414E-02   
energy numerator(aimag)        2.00000000E-02   7.3146919621E-01 +-    6.3481853114E-01   
denominator psit/psigi(aimag)  2.00000000E-02   3.0076338359E-03 +-    9.3861918978E-03   
growth(lin dt) energy          2.00000000E-02  -3.0154894878E+02 +-    6.3880789995E+00   
growth(global) energy          2.00000000E-02  -3.0913674329E+02 +-    1.5463489144E+01
growth energy                  2.00000000E-02  -3.0106272916E+02 +-    6.3561800486E+00
Time for propagation (sec) (min) =          21.951      0.366
Time for energies (sec) (min) =              0.741      0.012
Time for load balancing (sec) (min) =        0.035      0.001
Time for block (sec) (min) =                23.320      0.389
Time for operators (sec) (min) =             0.016      0.000
Elapsed block time (sec) (min) =           183.597      3.060
 
 walkers multiplicity, block, total
   0          58412         403974
   1        1020212        7971297
   2          56033         396968
   3            538           2758
   4            128            535
   5             34            131
   6             12             72
   7              3             26
   8              3             21
   9              1              9
  10              1              7
  11              1              7
  12              1              3
  13              1              4
  14              0              1
  15              0              2
  17              0              1
  20              9             14
 
 

iteration =                               9
walker number =                       10914
total energy-propagated        2.25000000E-02  -9.4561258505E+01 +-    8.7612754825E-01   
kinetic energy                 2.25000000E-02   2.1630960171E+02 +-    2.3763105012E+00   
potential energy               2.25000000E-02  -3.1087086021E+02 +-    3.2551900125E+00   
im energy                      2.25000000E-02  -5.1851832082E+01 +-    8.3346995255E-01   
imkin energy                   2.25000000E-02   3.0275077148E+01 +-    1.2171665917E+00   
impot energy                   2.25000000E-02  -8.2126909230E+01 +-    1.1075600263E+00   
v cent                         2.25000000E-02  -6.2152761468E+01 +-    3.5031051767E+00   
v tau                          2.25000000E-02  -3.2875932506E+01 +-    3.6237281989E-01   
v sigma                        2.25000000E-02   1.7452627754E+01 +-    5.5107276106E-01   
v sigtau                       2.25000000E-02  -5.0520876857E+01 +-    4.2060047210E-01   
v tensor                       2.25000000E-02   2.7043296897E+01 +-    2.0737310632E-01   
v tenstau                      2.25000000E-02  -2.0981721404E+02 +-    1.7649992707E+00   
v ls                           2.25000000E-02   0.0000000000E+00 +-    0.0000000000E+00   
v lstau                        2.25000000E-02   0.0000000000E+00 +-    0.0000000000E+00   
vpot v6                        2.25000000E-02  -3.1087086021E+02 +-    3.2551900125E+00   
vpot v8                        2.25000000E-02  -3.1087086021E+02 +-    3.2551900125E+00   
v coulomb                      2.25000000E-02   8.3004076524E-01 +-    5.0492333971E-03   
v external                     2.25000000E-02   0.0000000000E+00 +-    0.0000000000E+00   
tni 2pipr-anticomm             2.25000000E-02   0.0000000000E+00 +-    0.0000000000E+00   
tni vd1pr                      2.25000000E-02   0.0000000000E+00 +-    0.0000000000E+00   
tni vepr                       2.25000000E-02   0.0000000000E+00 +-    0.0000000000E+00   
tni central                    2.25000000E-02   0.0000000000E+00 +-    0.0000000000E+00   
tni 2pixx-anticommutator       2.25000000E-02   0.0000000000E+00 +-    0.0000000000E+00   
tni 2pixd-anticommutator       2.25000000E-02   0.0000000000E+00 +-    0.0000000000E+00   
tni 2pidd-anticommutator       2.25000000E-02   0.0000000000E+00 +-    0.0000000000E+00   
tni 2pixx-commutator           2.25000000E-02   0.0000000000E+00 +-    0.0000000000E+00   
tni 2pixd-commutator           2.25000000E-02   0.0000000000E+00 +-    0.0000000000E+00   
tni 2pidd-commutator           2.25000000E-02   0.0000000000E+00 +-    0.0000000000E+00   
tni 2pi-tm                     2.25000000E-02   0.0000000000E+00 +-    0.0000000000E+00   
tni vd1                        2.25000000E-02   0.0000000000E+00 +-    0.0000000000E+00   
tni vd2                        2.25000000E-02   0.0000000000E+00 +-    0.0000000000E+00   
tni ve                         2.25000000E-02   0.0000000000E+00 +-    0.0000000000E+00   
vpottot v8+tni                 2.25000000E-02  -3.1087086021E+02 +-    3.2551900125E+00   
enetot v8+tni                  2.25000000E-02  -9.4561258505E+01 +-    8.7612754825E-01   
vper cent                      2.25000000E-02  -6.2152761468E+01 +-    3.5031051767E+00   
vper tau                       2.25000000E-02  -3.2875932506E+01 +-    3.6237281989E-01   
vper sigma                     2.25000000E-02   1.7452627754E+01 +-    5.5107276106E-01   
vper sigtau                    2.25000000E-02  -5.0520876857E+01 +-    4.2060047210E-01   
vper tensor                    2.25000000E-02   2.7043296897E+01 +-    2.0737310632E-01   
vper tenstau                   2.25000000E-02  -2.0981721404E+02 +-    1.7649992707E+00   
vper ls                        2.25000000E-02   0.0000000000E+00 +-    0.0000000000E+00   
vper lstau                     2.25000000E-02   0.0000000000E+00 +-    0.0000000000E+00   
vpotper v6                     2.25000000E-02  -3.1087086021E+02 +-    3.2551900125E+00   
vpotper v8                     2.25000000E-02  -3.1087086021E+02 +-    3.2551900125E+00   
vpotv6pr-vpotv6per diff        2.25000000E-02   0.0000000000E+00 +-    0.0000000000E+00   
vpotv8pr-vpotv8per diff        2.25000000E-02   0.0000000000E+00 +-    0.0000000000E+00   
2piapr-2pia diff               2.25000000E-02   0.0000000000E+00 +-    0.0000000000E+00   
vd1pr-vd1 diff                 2.25000000E-02   0.0000000000E+00 +-    0.0000000000E+00   
vepr-ve diff                   2.25000000E-02   0.0000000000E+00 +-    0.0000000000E+00   
diff1 2piapr-2pia-2picxx       2.25000000E-02   0.0000000000E+00 +-    0.0000000000E+00   
diff2 vd1pr-vd1-2picxd         2.25000000E-02   0.0000000000E+00 +-    0.0000000000E+00   
diff3 vepr-ve-2picdd           2.25000000E-02   0.0000000000E+00 +-    0.0000000000E+00   
sum diff1+dif2+diff3           2.25000000E-02   0.0000000000E+00 +-    0.0000000000E+00   
proton rms                     2.25000000E-02   9.8453228077E-01 +-    1.8470485527E-02   
neutron rms                    2.25000000E-02   1.3586669983E+00 +-    1.0578034278E-02   
total rms                      2.25000000E-02   1.1490658745E+00 +-    1.0612088714E-02   
neutron-proton rms             2.25000000E-02   3.7413471755E-01 +-    2.0043495053E-02   
GT sigXtau+                    2.25000000E-02   1.4326746729E-03 +-    5.8437859741E-05   
GT sigYtau+                    2.25000000E-02   8.4243711067E-04 +-    3.4224839176E-05   
GT sigZtau+                    2.25000000E-02  -3.6237692718E-03 +-    5.1317189371E-05   
GT sigXtau-                    2.25000000E-02   3.9558509333E-03 +-    6.2738279817E-05   
GT sigYtau-                    2.25000000E-02   1.6203222019E-03 +-    6.3082973459E-05   
GT sigZtau-                    2.25000000E-02  -1.2703079477E-03 +-    5.5856613830E-05   
F tau+                         2.25000000E-02   2.3295010115E-18 +-    1.5148904464E-19   
F tau-                         2.25000000E-02  -4.7658475348E-19 +-    9.1146809816E-20   
Psi**2                         2.25000000E-02   2.9423441255E-05 +-    1.2238617860E-06   
single crossing/step           2.25000000E-02   8.0399338104E-03 +-    4.2753313116E-05   
global crossing/step           2.25000000E-02   7.8070782587E-03 +-    8.4269180135E-05   
energy numerator(real)         2.25000000E-02   1.9675358283E+00 +-    8.3355548717E-01   
denominator psit/psigi(real)   2.25000000E-02  -2.5777245288E-02 +-    1.3778083267E-02   
energy numerator(aimag)        2.25000000E-02   2.4080640461E+00 +-    5.8066155575E-01   
denominator psit/psigi(aimag)  2.25000000E-02  -6.9013985311E-03 +-    9.3756329008E-03   
growth(lin dt) energy          2.25000000E-02  -2.6009855012E+02 +-    5.8198062581E+00   
growth(global) energy          2.25000000E-02  -2.6347281816E+02 +-    1.3581829630E+01
growth energy                  2.25000000E-02  -2.5979475576E+02 +-    5.7967629107E+00
Time for propagation (sec) (min) =          21.779      0.363
Time for energies (sec) (min) =              0.766      0.013
Time for load balancing (sec) (min) =        0.029      0.000
Time for block (sec) (min) =                23.108      0.385
Time for operators (sec) (min) =             0.020      0.000
Elapsed block time (sec) (min) =           206.738      3.446
 
 walkers multiplicity, block, total
   0          55826         459800
   1        1003678        8974975
   2          54874         451842
   3            404           3162
   4             76            611
   5             33            164
   6              9             81
   7              4             30
   8              5             26
   9              1             10
  10              2              9
  11              1              8
  12              0              3
  13              0              4
  14              0              1
  15              0              2
  17              0              1
  20              0             14
 
 

iteration =                              10
walker number =                       10845
total energy-propagated        2.50000000E-02   3.4358838159E+01 +-    1.8161204255E+00   
kinetic energy                 2.50000000E-02   2.1784528032E+01 +-    2.9386666954E+00   
potential energy               2.50000000E-02   1.2574310128E+01 +-    5.1169602191E+00   
im energy                      2.50000000E-02  -3.2994460680E-01 +-    1.2209852804E+00   
imkin energy                   2.50000000E-02  -1.5848120958E+01 +-    2.5089559798E+00   
impot energy                   2.50000000E-02   1.5518176351E+01 +-    3.0873115085E+00   
v cent                         2.50000000E-02   2.3172109405E+02 +-    3.2654446837E+00   
v tau                          2.50000000E-02   1.2617009749E+01 +-    9.3090938203E-01   
v sigma                        2.50000000E-02  -1.1890469859E+02 +-    6.2035149176E-01   
v sigtau                       2.50000000E-02  -1.4116939082E+02 +-    6.2801221716E-01   
v tensor                       2.50000000E-02  -1.1678292096E+01 +-    9.4611191977E-01   
v tenstau                      2.50000000E-02   3.9988587825E+01 +-    5.4287946996E+00   
v ls                           2.50000000E-02   0.0000000000E+00 +-    0.0000000000E+00   
v lstau                        2.50000000E-02   0.0000000000E+00 +-    0.0000000000E+00   
vpot v6                        2.50000000E-02   1.2574310128E+01 +-    5.1169602191E+00   
vpot v8                        2.50000000E-02   1.2574310128E+01 +-    5.1169602191E+00   
v coulomb                      2.50000000E-02   7.2061404591E-01 +-    7.4321502816E-03   
v external                     2.50000000E-02   0.0000000000E+00 +-    0.0000000000E+00   
tni 2pipr-anticomm             2.50000000E-02   0.0000000000E+00 +-    0.0000000000E+00   
tni vd1pr                      2.50000000E-02   0.0000000000E+00 +-    0.0000000000E+00   
tni vepr                       2.50000000E-02   0.0000000000E+00 +-    0.0000000000E+00   
tni central                    2.50000000E-02   0.0000000000E+00 +-    0.0000000000E+00   
tni 2pixx-anticommutator       2.50000000E-02   0.0000000000E+00 +-    0.0000000000E+00   
tni 2pixd-anticommutator       2.50000000E-02   0.0000000000E+00 +-    0.0000000000E+00   
tni 2pidd-anticommutator       2.50000000E-02   0.0000000000E+00 +-    0.0000000000E+00   
tni 2pixx-commutator           2.50000000E-02   0.0000000000E+00 +-    0.0000000000E+00   
tni 2pixd-commutator           2.50000000E-02   0.0000000000E+00 +-    0.0000000000E+00   
tni 2pidd-commutator           2.50000000E-02   0.0000000000E+00 +-    0.0000000000E+00   
tni 2pi-tm                     2.50000000E-02   0.0000000000E+00 +-    0.0000000000E+00   
tni vd1                        2.50000000E-02   0.0000000000E+00 +-    0.0000000000E+00   
tni vd2                        2.50000000E-02   0.0000000000E+00 +-    0.0000000000E+00   
tni ve                         2.50000000E-02   0.0000000000E+00 +-    0.0000000000E+00   
vpottot v8+tni                 2.50000000E-02   1.2574310128E+01 +-    5.1169602191E+00   
enetot v8+tni                  2.50000000E-02   3.4358838159E+01 +-    1.8161204255E+00   
vper cent                      2.50000000E-02   2.3172109405E+02 +-    3.2654446837E+00   
vper tau                       2.50000000E-02   1.2617009749E+01 +-    9.3090938203E-01   
vper sigma                     2.50000000E-02  -1.1890469859E+02 +-    6.2035149176E-01   
vper sigtau                    2.50000000E-02  -1.4116939082E+02 +-    6.2801221716E-01   
vper tensor                    2.50000000E-02  -1.1678292096E+01 +-    9.4611191977E-01   
vper tenstau                   2.50000000E-02   3.9988587825E+01 +-    5.4287946996E+00   
vper ls                        2.50000000E-02   0.0000000000E+00 +-    0.0000000000E+00   
vper lstau                     2.50000000E-02   0.0000000000E+00 +-    0.0000000000E+00   
vpotper v6                     2.50000000E-02   1.2574310128E+01 +-    5.1169602191E+00   
vpotper v8                     2.50000000E-02   1.2574310128E+01 +-    5.1169602191E+00   
vpotv6pr-vpotv6per diff        2.50000000E-02   0.0000000000E+00 +-    0.0000000000E+00   
vpotv8pr-vpotv8per diff        2.50000000E-02   0.0000000000E+00 +-    0.0000000000E+00   
2piapr-2pia diff               2.50000000E-02   0.0000000000E+00 +-    0.0000000000E+00   
vd1pr-vd1 diff                 2.50000000E-02   0.0000000000E+00 +-    0.0000000000E+00   
vepr-ve diff                   2.50000000E-02   0.0000000000E+00 +-    0.0000000000E+00   
diff1 2piapr-2pia-2picxx       2.50000000E-02   0.0000000000E+00 +-    0.0000000000E+00   
diff2 vd1pr-vd1-2picxd         2.50000000E-02   0.0000000000E+00 +-    0.0000000000E+00   
diff3 vepr-ve-2picdd           2.50000000E-02   0.0000000000E+00 +-    0.0000000000E+00   
sum diff1+dif2+diff3           2.50000000E-02   0.0000000000E+00 +-    0.0000000000E+00   
proton rms                     2.50000000E-02   2.5103686938E+00 +-    1.4550020678E-02   
neutron rms                    2.50000000E-02  -1.3445399942E-01 +-    1.8430611010E-02   
total rms                      2.50000000E-02   1.1982346736E+00 +-    1.2249324787E-02   
neutron-proton rms             2.50000000E-02  -2.6448226932E+00 +-    2.3845928091E-02   
GT sigXtau+                    2.50000000E-02  -2.8105464917E-03 +-    4.4414313283E-05   
GT sigYtau+                    2.50000000E-02   3.2262681767E-03 +-    9.0808590678E-05   
GT sigZtau+                    2.50000000E-02  -2.8760347751E-03 +-    7.0156634148E-05   
GT sigXtau-                    2.50000000E-02   4.5625601039E-03 +-    3.5804963658E-05   
GT sigYtau-                    2.50000000E-02  -3.9889133142E-03 +-    5.7207345563E-05   
GT sigZtau-                    2.50000000E-02   5.1398119720E-03 +-    7.1781152876E-05   
F tau+                         2.50000000E-02  -1.5567162612E-19 +-    9.8942862222E-20   
F tau-                         2.50000000E-02   3.8081826983E-18 +-    7.1696649294E-20   
Psi**2                         2.50000000E-02   7.0078836773E-05 +-    2.4733762896E-06   
single crossing/step           2.50000000E-02   8.1159438864E-03 +-    4.2922783482E-05   
global crossing/step           2.50000000E-02   7.9598592400E-03 +-    8.5022763614E-05   
energy numerator(real)         2.50000000E-02  -1.2356419483E+00 +-    1.0252714183E+00   
denominator psit/psigi(real)   2.50000000E-02  -1.3242716420E-02 +-    1.3708776719E-02   
energy numerator(aimag)        2.50000000E-02  -8.9191594903E-02 +-    6.7094791227E-01   
denominator psit/psigi(aimag)  2.50000000E-02   1.6096338711E-02 +-    9.1978096203E-03   
growth(lin dt) energy          2.50000000E-02  -2.5207661330E+02 +-    5.7994165219E+00   
growth(global) energy          2.50000000E-02  -2.4973035206E+02 +-    9.7321992655E+00
growth energy                  2.50000000E-02  -2.5180320431E+02 +-    5.7776094763E+00
Time for propagation (sec) (min) =          21.815      0.364
Time for energies (sec) (min) =              0.761      0.013
Time for load balancing (sec) (min) =        0.029      0.000
Time for block (sec) (min) =                23.158      0.386
Time for operators (sec) (min) =             0.018      0.000
Elapsed block time (sec) (min) =           229.914      3.832
 
 walkers multiplicity, block, total
   0          55946         515746
   1        1005366        9980341
   2          54670         506512
   3            372           3534
   4             72            683
   5             25            189
   6              7             88
   7              6             36
   8              3             29
   9              3             13
  10              0              9
  11              2             10
  12              1              4
  13              0              4
  14              0              1
  15              0              2
  17              0              1
  20              0             14
 
 

Time for steps      =     229.927 seconds,        3.832 minutes
Master Time for steps =     229.673 seconds,        3.828 minutes

Number of cpus =       100
Total job time =     235.051 seconds,        3.918 minutes,        0.065 hours
Total cpu-time =     391.751 minutes,        6.529 hours
Total time =         234.827 seconds,        3.914 minutes,        0.065 hours
Finished!
