Unconstrained Diffusion Monte Carlo Run -- no drift
!-!-!-!-!-!-!-!-!-!-!-!-!-!-!-!-!-!-!-!-!-!-!-!-!-!
MPI parameters:
Number of boss cpus =                         100
Number of worker cpus for each boss =           0
Total number of cpus =                        100
Simulation parameters:
random number seed =                          321
hbar^2/2m =                              20.73554
start from sites =                              F
nwalk =                                     10000
equilibration blocks =                          0
averaging blocks =                             10
nsteps/blocks =                               100
time step =                          0.0000250000
time step rotations (vmc) =          0.1700000000
trial energy =                          -26.00000
drift cutoff =                            0.00000
drastic population control up =           1.20000
drastic population control down =         0.80000
rebalance if walkers fluctuate more than   2.00 %
weight cut off =                         20.00000
table size =                                 8000
!-!-!-!-!-!-!-!-!-!-!-!-!-!-!-!-!-!-!-!-!-!-!-!-!-!
System parameters:
lpot =                                         11
lpotper =                                      11
potential  =                          argonne v6'
potentialpr =                         argonne v6'
Coulomb included in energy-propagation          F
multiply central v by =                   1.00000
multiply tau v by =                       1.00000
multiply sigma v by =                     1.00000
multiply sigma tau v by =                 1.00000
multiply tensor v by =                    1.00000
multiply tensor tau v by =                1.00000
multiply spin-orbit v by =                0.00000
multiply spin-orbit tau v by =            0.00000
three-body potential =                        no3
ibox (0 is nearest image) =                     0
!-!-!-!-!-!-!-!-!-!-!-!-!-!-!-!-!-!-!-!-!-!-!-!-!-!
propagate LS =                                  F
calculate LS =                                  F
type of correlations =           independent pair
scale orbital   1 with factor    1.14000
determinant # 1
coefficient                     1.00000   0.00000
1  1  0  1  alpha.orb    # 2J,2M,L,tau radial_file for state                    
1 -1  0  1  alpha.orb    # 2J,2M,L,tau radial_file for state                    
1  1  0 -1  alpha.orb    # 2J,2M,L,tau radial_file for state                    
1 -1  0 -1  alpha.orb    # 2J,2M,L,tau radial_file for state                    
rescaled coefficient            1.00000   0.00000
!-!-!-!-!-!-!-!-!-!-!-!-!-!-!-!-!-!-!-!-!-!-!-!-!-!
No external potential
!-!-!-!-!-!-!-!-!-!-!-!-!-!-!-!-!-!-!-!-!-!-!-!-!-!
rcut in pair sampling =                   1.00000
acut in pair sampling =                   5.00000
a constant in psig =                      0.20000
Number of protons =                             2
Number of neutrons =                            2
range of the potential =                 20.00000
!-!-!-!-!-!-!-!-!-!-!-!-!-!-!-!-!-!-!-!-!-!-!-!-!-!
do V3 =                                         F
three body force =                            no3
three body a2piPwa =                      0.000000000000000
three body a2piPwc =                      0.000000000000000
three body a2piSw =                       0.000000000000000
three body Vd,C,c3 =                      0.000000000000000
three body Ve,C,c3 =                      0.000000000000000
three body A_R =                          0.000000000000000
three body Vd1 =                          0.000000000000000
three body Vd2 =                          0.000000000000000
three body Ve =                           0.000000000000000
propagator: multiply the antic by =       0.000000000000000
propagator: multiply the Vd1 by =         0.000000000000000
propagator: multiply the Ve by =          0.000000000000000
propagator: three body a2piPW =           0.000000000000000
!-!-!-!-!-!-!-!-!-!-!-!-!-!-!-!-!-!-!-!-!-!-!-!-!-!
jastrow healing distance dc =             4.47768
jastrow healing distance dtn =           11.57317
jastrow rho =                             0.01000
potential quencher acn (v1) =             1.50851
potential quencher at  (v2) =             6.06936
potential quencher as  (v3) =             2.76780
potential quencher ast (v4) =             0.80880
potential quencher atn (v5) =             0.61864
potential quencher atn (v6) =             0.20141
potential quencher als (v7) =             0.00000
potential quencher alst (v8) =            0.00000
correlation quencher bt (f2) =            0.26685
correlation quencher bs (f3) =           -0.10565
correlation quencher bst (f4) =           0.42277
correlation quencher btn (f5) =           1.08683
correlation quencher btn (f6) =           4.44810
correlation quencher bls (f7) =           0.00000
correlation quencher blst (f8) =          0.00000
!-!-!-!-!-!-!-!-!-!-!-!-!-!-!-!-!-!-!-!-!-!-!-!-!-!
q1c parameter in f3c =                   12.87526
q2c parameter in f3c =                    1.60340
q1p parameter in f3p =                   -1.81620
q2p parameter in f3p =                    2.14789
!-!-!-!-!-!-!-!-!-!-!-!-!-!-!-!-!-!-!-!-!-!-!-!-!-!
rscal parameter in Uijk cent =            1.00000
rscal parameter in Uijk xpi =             1.00000
rscal parameter in Uijk delta =           1.00000
eps_c parameter in Uijk =                 0.00000
eps_anti parameter in Uijk =              0.00000
eps_tm parameter in Uijk =                0.00000
eps_vd1 parameter in Uijk =               0.00000
eps_vd2 parameter in Uijk =               0.00000
eps_vdc3 parameter in Uijk =              0.00000
eps_vec3 parameter in Uijk =              0.00000
eps_ve parameter in Uijk =                0.00000
eps_comm parameter in Uijk =              0.00000
eps_comm-XD parameter in Uijk =           0.00000
eps_comm-DD parameter in Uijk =           0.00000
TNI-comm correlation included =                 F
!-!-!-!-!-!-!-!-!-!-!-!-!-!-!-!-!-!-!-!-!-!-!-!-!-!
CSB correlation rscalpp =                 1.00000
CSB correlation rscalnn =                 1.00000
CSB correlation quencher pp =             0.00000
CSB correlation quencher nn =             0.00000
CSB correlation included =                      F
!-!-!-!-!-!-!-!-!-!-!-!-!-!-!-!-!-!-!-!-!-!-!-!-!-!
jastrow initialized
!-!-!-!-!-!-!-!-!-!-!-!-!-!-!-!-!-!-!-!-!-!-!-!-!-!
Symmetrize V6 in the propagator =               T
New propagation of Vlstau and commutator included!
Coulomb included in energy (and propag)         F
Initial walkers from file
Number of walkers =                          8392
Configurations at tau =              3.6250000000
Reset tau =                          0.0000000000
!-!-!-!-!-!-!-!-!-!-!-!-!-!-!-!-!-!-!-!-!-!-!-!-!-!
Time for reading configurations (sec.) =       0.75
!-!-!-!-!-!-!-!-!-!-!-!-!-!-!-!-!-!-!-!-!-!-!-!-!-!
Initial configurations:
total energy-propagated        0.00000000E+00  -2.7035302646E+01 +-    3.7513279809E-01   
kinetic energy                 0.00000000E+00   1.0895768593E+02 +-    1.6762085642E+00   
potential energy               0.00000000E+00  -1.3599298857E+02 +-    1.6208987073E+00   
v cent                         0.00000000E+00   1.5067475575E+01 +-    1.4515526696E+00   
v tau                          0.00000000E+00  -7.2639220775E+00 +-    2.3027676631E-01   
v sigma                        0.00000000E+00  -8.9261604483E+00 +-    2.6037282419E-01   
v sigtau                       0.00000000E+00  -6.2023376763E+01 +-    5.8224298007E-01   
v tensor                       0.00000000E+00   2.2558569544E-01 +-    1.3359785539E-01   
v tenstau                      0.00000000E+00  -7.3072590553E+01 +-    1.0111896560E+00   
v ls                           0.00000000E+00   0.0000000000E+00 +-    0.0000000000E+00   
v lstau                        0.00000000E+00   0.0000000000E+00 +-    0.0000000000E+00   
v coulomb                      0.00000000E+00   7.4968325385E-01 +-    2.9251255147E-03   
v external                     0.00000000E+00   0.0000000000E+00 +-    0.0000000000E+00   
tni 2pipr-anticomm             0.00000000E+00   0.0000000000E+00 +-    0.0000000000E+00   
tni vd1pr                      0.00000000E+00   0.0000000000E+00 +-    0.0000000000E+00   
tni vepr                       0.00000000E+00   0.0000000000E+00 +-    0.0000000000E+00   
tni central                    0.00000000E+00   0.0000000000E+00 +-    0.0000000000E+00   
tni 2pixx-anticommutator       0.00000000E+00   0.0000000000E+00 +-    0.0000000000E+00   
tni 2pixd-anticommutator       0.00000000E+00   0.0000000000E+00 +-    0.0000000000E+00   
tni 2pidd-anticommutator       0.00000000E+00   0.0000000000E+00 +-    0.0000000000E+00   
tni 2pixx-commutator           0.00000000E+00   0.0000000000E+00 +-    0.0000000000E+00   
tni 2pixd-commutator           0.00000000E+00   0.0000000000E+00 +-    0.0000000000E+00   
tni 2pidd-commutator           0.00000000E+00   0.0000000000E+00 +-    0.0000000000E+00   
tni 2pi-tm                     0.00000000E+00   0.0000000000E+00 +-    0.0000000000E+00   
tni vd1                        0.00000000E+00   0.0000000000E+00 +-    0.0000000000E+00   
tni vd2                        0.00000000E+00   0.0000000000E+00 +-    0.0000000000E+00   
tni ve                         0.00000000E+00   0.0000000000E+00 +-    0.0000000000E+00   
enetot v8+tni                  0.00000000E+00  -2.7035302646E+01 +-    3.7513279809E-01   
!-!-!-!-!-!-!-!-!-!-!-!-!-!-!-!-!-!-!-!-!-!-!-!-!-!
Psi**2 of initial configurations  =   0.2688471E-04  0.0000000E+00  +-    0.7053708E-06  0.0000000E+00
Psig**2 of initial configurations =   0.1652382E-04  0.0000000E+00  +-    0.4722298E-06  0.0000000E+00
!-!-!-!-!-!-!-!-!-!-!-!-!-!-!-!-!-!-!-!-!-!-!-!-!-!
T**2 of initial configurations  =  -0.1601767E-07 -0.9555455E-09
Tz of initial configurations    =   0.2820729E-13 -0.8180327E-14
J**2 of initial configurations  =   0.3114482E-07 -0.4599458E-09
Jz of initial configurations    =  -0.3618260E-14  0.6198531E-14
!-!-!-!-!-!-!-!-!-!-!-!-!-!-!-!-!-!-!-!-!-!-!-!-!-!
!-!-!-!-!-!-!-!-!-!-!-!-!-!-!-!-!-!-!-!-!-!-!-!-!-!
Time to process initial configurations (sec.) =       1.45
!-!-!-!-!-!-!-!-!-!-!-!-!-!-!-!-!-!-!-!-!-!-!-!-!-!

equilibration done

iteration =                               1
walker number =                       10734
total energy-propagated        2.50000000E-03  -2.5521747848E+01 +-    3.3761485742E-01   
kinetic energy                 2.50000000E-03   1.0866361035E+02 +-    1.4746520176E+00   
potential energy               2.50000000E-03  -1.3418535820E+02 +-    1.4652408445E+00   
im energy                      2.50000000E-03   1.0733728067E+00 +-    2.0049671801E-01   
imkin energy                   2.50000000E-03   6.2461519392E-02 +-    4.2267120518E-01   
impot energy                   2.50000000E-03   1.0109112873E+00 +-    4.0831621136E-01   
v cent                         2.50000000E-03   1.5359229321E+01 +-    1.2934925521E+00   
v tau                          2.50000000E-03  -6.5189202408E+00 +-    1.8900310830E-01   
v sigma                        2.50000000E-03  -1.0954200244E+01 +-    2.2365576740E-01   
v sigtau                       2.50000000E-03  -6.4101325567E+01 +-    5.0731454653E-01   
v tensor                       2.50000000E-03  -2.6581982265E-02 +-    1.0942254780E-01   
v tenstau                      2.50000000E-03  -6.7943559483E+01 +-    9.0190018981E-01   
v ls                           2.50000000E-03   0.0000000000E+00 +-    0.0000000000E+00   
v lstau                        2.50000000E-03   0.0000000000E+00 +-    0.0000000000E+00   
vpot v6                        2.50000000E-03  -1.3418535820E+02 +-    1.4652408445E+00   
vpot v8                        2.50000000E-03  -1.3418535820E+02 +-    1.4652408445E+00   
v coulomb                      2.50000000E-03   7.5804772836E-01 +-    2.5918155059E-03   
v external                     2.50000000E-03   0.0000000000E+00 +-    0.0000000000E+00   
tni 2pipr-anticomm             2.50000000E-03   0.0000000000E+00 +-    0.0000000000E+00   
tni vd1pr                      2.50000000E-03   0.0000000000E+00 +-    0.0000000000E+00   
tni vepr                       2.50000000E-03   0.0000000000E+00 +-    0.0000000000E+00   
tni central                    2.50000000E-03   0.0000000000E+00 +-    0.0000000000E+00   
tni 2pixx-anticommutator       2.50000000E-03   0.0000000000E+00 +-    0.0000000000E+00   
tni 2pixd-anticommutator       2.50000000E-03   0.0000000000E+00 +-    0.0000000000E+00   
tni 2pidd-anticommutator       2.50000000E-03   0.0000000000E+00 +-    0.0000000000E+00   
tni 2pixx-commutator           2.50000000E-03   0.0000000000E+00 +-    0.0000000000E+00   
tni 2pixd-commutator           2.50000000E-03   0.0000000000E+00 +-    0.0000000000E+00   
tni 2pidd-commutator           2.50000000E-03   0.0000000000E+00 +-    0.0000000000E+00   
tni 2pi-tm                     2.50000000E-03   0.0000000000E+00 +-    0.0000000000E+00   
tni vd1                        2.50000000E-03   0.0000000000E+00 +-    0.0000000000E+00   
tni vd2                        2.50000000E-03   0.0000000000E+00 +-    0.0000000000E+00   
tni ve                         2.50000000E-03   0.0000000000E+00 +-    0.0000000000E+00   
vpottot v8+tni                 2.50000000E-03  -1.3418535820E+02 +-    1.4652408445E+00   
enetot v8+tni                  2.50000000E-03  -2.5521747848E+01 +-    3.3761485742E-01   
vper cent                      2.50000000E-03   1.5359229321E+01 +-    1.2934925521E+00   
vper tau                       2.50000000E-03  -6.5189202408E+00 +-    1.8900310830E-01   
vper sigma                     2.50000000E-03  -1.0954200244E+01 +-    2.2365576740E-01   
vper sigtau                    2.50000000E-03  -6.4101325567E+01 +-    5.0731454653E-01   
vper tensor                    2.50000000E-03  -2.6581982265E-02 +-    1.0942254780E-01   
vper tenstau                   2.50000000E-03  -6.7943559483E+01 +-    9.0190018981E-01   
vper ls                        2.50000000E-03   0.0000000000E+00 +-    0.0000000000E+00   
vper lstau                     2.50000000E-03   0.0000000000E+00 +-    0.0000000000E+00   
vpotper v6                     2.50000000E-03  -1.3418535820E+02 +-    1.4652408445E+00   
vpotper v8                     2.50000000E-03  -1.3418535820E+02 +-    1.4652408445E+00   
vpotv6pr-vpotv6per diff        2.50000000E-03   0.0000000000E+00 +-    0.0000000000E+00   
vpotv8pr-vpotv8per diff        2.50000000E-03   0.0000000000E+00 +-    0.0000000000E+00   
2piapr-2pia diff               2.50000000E-03   0.0000000000E+00 +-    0.0000000000E+00   
vd1pr-vd1 diff                 2.50000000E-03   0.0000000000E+00 +-    0.0000000000E+00   
vepr-ve diff                   2.50000000E-03   0.0000000000E+00 +-    0.0000000000E+00   
diff1 2piapr-2pia-2picxx       2.50000000E-03   0.0000000000E+00 +-    0.0000000000E+00   
diff2 vd1pr-vd1-2picxd         2.50000000E-03   0.0000000000E+00 +-    0.0000000000E+00   
diff3 vepr-ve-2picdd           2.50000000E-03   0.0000000000E+00 +-    0.0000000000E+00   
sum diff1+dif2+diff3           2.50000000E-03   0.0000000000E+00 +-    0.0000000000E+00   
proton rms                     2.50000000E-03   2.0226245716E+00 +-    1.2277092096E-02   
neutron rms                    2.50000000E-03   2.0110996841E+00 +-    1.2255924492E-02   
total rms                      2.50000000E-03   2.0160991938E+00 +-    1.0978985616E-02   
neutron-proton rms             2.50000000E-03  -1.1524887580E-02 +-    1.0932381886E-02   
GT sigXtau+                    2.50000000E-03   7.6970242885E-05 +-    2.1903166957E-05   
GT sigYtau+                    2.50000000E-03   6.2277120115E-06 +-    2.2791496179E-05   
GT sigZtau+                    2.50000000E-03  -5.5439286414E-06 +-    2.2204347695E-05   
GT sigXtau-                    2.50000000E-03  -8.3770363795E-05 +-    2.0917525205E-05   
GT sigYtau-                    2.50000000E-03   7.7437048141E-05 +-    2.1990833614E-05   
GT sigZtau-                    2.50000000E-03   1.6923460822E-05 +-    2.1290016098E-05   
F tau+                         2.50000000E-03  -3.3050243776E-20 +-    3.9970308615E-20   
F tau-                         2.50000000E-03   4.7439318501E-21 +-    3.9721717573E-20   
Psi**2                         2.50000000E-03   2.7347176289E-05 +-    6.1976484527E-07   
single crossing/step           2.50000000E-03   8.4979217304E-03 +-    4.7787362801E-05   
global crossing/step           2.50000000E-03   8.3466861520E-03 +-    9.4727670536E-05   
energy numerator(real)         2.50000000E-03  -2.6667137736E+01 +-    7.3632293805E-01   
denominator psit/psigi(real)   2.50000000E-03   1.0466257023E+00 +-    1.1046908308E-02   
energy numerator(aimag)        2.50000000E-03   2.9472541885E+00 +-    5.0979887031E-01   
denominator psit/psigi(aimag)  2.50000000E-03  -1.8936131817E-02 +-    7.3235563479E-03   
growth(lin dt) energy          2.50000000E-03  -1.9396710815E+02 +-    5.1044577973E+00   
growth(global) energy          2.50000000E-03  -2.0262528050E+02 +-    1.1674856016E+01
growth energy                  2.50000000E-03  -1.9386608360E+02 +-    5.0926785231E+00
Time for propagation (sec) (min) =          18.402      0.307
Time for energies (sec) (min) =              0.752      0.013
Time for load balancing (sec) (min) =        0.064      0.001
Time for block (sec) (min) =                19.862      0.331
Time for operators (sec) (min) =             0.023      0.000
Elapsed block time (sec) (min) =            19.886      0.331
 
 walkers multiplicity, block, total
   0          35186          35186
   1         850013         850013
   2          36987          36987
   3            162            162
   4             31             31
   5             13             13
   6              4              4
   7              1              1
   8              2              2
   9              0              0
  10              1              1
  12              1              1
  13              1              1
 
 

iteration =                               2
walker number =                       11402
total energy-propagated        5.00000000E-03  -2.8268247034E+01 +-    3.0973012370E-01   
kinetic energy                 5.00000000E-03   1.0441931572E+02 +-    1.4010854153E+00   
potential energy               5.00000000E-03  -1.3268756276E+02 +-    1.3732626640E+00   
im energy                      5.00000000E-03   5.1745091147E-01 +-    2.0273523672E-01   
imkin energy                   5.00000000E-03  -1.2684110763E+00 +-    4.5070346997E-01   
impot energy                   5.00000000E-03   1.7858619877E+00 +-    4.1509112758E-01   
v cent                         5.00000000E-03   1.5438140216E+01 +-    1.2752933222E+00   
v tau                          5.00000000E-03  -7.1226343799E+00 +-    1.9289782238E-01   
v sigma                        5.00000000E-03  -1.0302689702E+01 +-    1.8485715235E-01   
v sigtau                       5.00000000E-03  -6.2197767513E+01 +-    4.5133340461E-01   
v tensor                       5.00000000E-03   8.1739663152E-01 +-    1.1889943684E-01   
v tenstau                      5.00000000E-03  -6.9320008010E+01 +-    9.6248389599E-01   
v ls                           5.00000000E-03   0.0000000000E+00 +-    0.0000000000E+00   
v lstau                        5.00000000E-03   0.0000000000E+00 +-    0.0000000000E+00   
vpot v6                        5.00000000E-03  -1.3268756276E+02 +-    1.3732626640E+00   
vpot v8                        5.00000000E-03  -1.3268756276E+02 +-    1.3732626640E+00   
v coulomb                      5.00000000E-03   7.4739317660E-01 +-    2.5414909374E-03   
v external                     5.00000000E-03   0.0000000000E+00 +-    0.0000000000E+00   
tni 2pipr-anticomm             5.00000000E-03   0.0000000000E+00 +-    0.0000000000E+00   
tni vd1pr                      5.00000000E-03   0.0000000000E+00 +-    0.0000000000E+00   
tni vepr                       5.00000000E-03   0.0000000000E+00 +-    0.0000000000E+00   
tni central                    5.00000000E-03   0.0000000000E+00 +-    0.0000000000E+00   
tni 2pixx-anticommutator       5.00000000E-03   0.0000000000E+00 +-    0.0000000000E+00   
tni 2pixd-anticommutator       5.00000000E-03   0.0000000000E+00 +-    0.0000000000E+00   
tni 2pidd-anticommutator       5.00000000E-03   0.0000000000E+00 +-    0.0000000000E+00   
tni 2pixx-commutator           5.00000000E-03   0.0000000000E+00 +-    0.0000000000E+00   
tni 2pixd-commutator           5.00000000E-03   0.0000000000E+00 +-    0.0000000000E+00   
tni 2pidd-commutator           5.00000000E-03   0.0000000000E+00 +-    0.0000000000E+00   
tni 2pi-tm                     5.00000000E-03   0.0000000000E+00 +-    0.0000000000E+00   
tni vd1                        5.00000000E-03   0.0000000000E+00 +-    0.0000000000E+00   
tni vd2                        5.00000000E-03   0.0000000000E+00 +-    0.0000000000E+00   
tni ve                         5.00000000E-03   0.0000000000E+00 +-    0.0000000000E+00   
vpottot v8+tni                 5.00000000E-03  -1.3268756276E+02 +-    1.3732626640E+00   
enetot v8+tni                  5.00000000E-03  -2.8268247034E+01 +-    3.0973012370E-01   
vper cent                      5.00000000E-03   1.5438140216E+01 +-    1.2752933222E+00   
vper tau                       5.00000000E-03  -7.1226343799E+00 +-    1.9289782238E-01   
vper sigma                     5.00000000E-03  -1.0302689702E+01 +-    1.8485715235E-01   
vper sigtau                    5.00000000E-03  -6.2197767513E+01 +-    4.5133340461E-01   
vper tensor                    5.00000000E-03   8.1739663152E-01 +-    1.1889943684E-01   
vper tenstau                   5.00000000E-03  -6.9320008010E+01 +-    9.6248389599E-01   
vper ls                        5.00000000E-03   0.0000000000E+00 +-    0.0000000000E+00   
vper lstau                     5.00000000E-03   0.0000000000E+00 +-    0.0000000000E+00   
vpotper v6                     5.00000000E-03  -1.3268756276E+02 +-    1.3732626640E+00   
vpotper v8                     5.00000000E-03  -1.3268756276E+02 +-    1.3732626640E+00   
vpotv6pr-vpotv6per diff        5.00000000E-03   0.0000000000E+00 +-    0.0000000000E+00   
vpotv8pr-vpotv8per diff        5.00000000E-03   0.0000000000E+00 +-    0.0000000000E+00   
2piapr-2pia diff               5.00000000E-03   0.0000000000E+00 +-    0.0000000000E+00   
vd1pr-vd1 diff                 5.00000000E-03   0.0000000000E+00 +-    0.0000000000E+00   
vepr-ve diff                   5.00000000E-03   0.0000000000E+00 +-    0.0000000000E+00   
diff1 2piapr-2pia-2picxx       5.00000000E-03   0.0000000000E+00 +-    0.0000000000E+00   
diff2 vd1pr-vd1-2picxd         5.00000000E-03   0.0000000000E+00 +-    0.0000000000E+00   
diff3 vepr-ve-2picdd           5.00000000E-03   0.0000000000E+00 +-    0.0000000000E+00   
sum diff1+dif2+diff3           5.00000000E-03   0.0000000000E+00 +-    0.0000000000E+00   
proton rms                     5.00000000E-03   2.0370649368E+00 +-    1.1614232165E-02   
neutron rms                    5.00000000E-03   2.0514252698E+00 +-    1.2075545159E-02   
total rms                      5.00000000E-03   2.0438258521E+00 +-    1.0643124631E-02   
neutron-proton rms             5.00000000E-03   1.4360333045E-02 +-    1.0372609941E-02   
GT sigXtau+                    5.00000000E-03   1.6998361667E-05 +-    2.2632501685E-05   
GT sigYtau+                    5.00000000E-03   1.2999217146E-04 +-    2.3385589586E-05   
GT sigZtau+                    5.00000000E-03   4.2998185365E-05 +-    2.1952729619E-05   
GT sigXtau-                    5.00000000E-03  -3.6401805021E-05 +-    2.0585893306E-05   
GT sigYtau-                    5.00000000E-03   7.0651923755E-05 +-    2.0625075729E-05   
GT sigZtau-                    5.00000000E-03  -6.5379854836E-05 +-    2.1082236005E-05   
F tau+                         5.00000000E-03  -3.7279012989E-20 +-    3.5448592800E-20   
F tau-                         5.00000000E-03  -9.8892713897E-21 +-    3.2232807673E-20   
Psi**2                         5.00000000E-03   2.4293132845E-05 +-    5.9965891947E-07   
single crossing/step           5.00000000E-03   7.4909445604E-03 +-    4.1201586927E-05   
global crossing/step           5.00000000E-03   7.3402488944E-03 +-    8.1576300987E-05   
energy numerator(real)         5.00000000E-03  -1.7470674475E+01 +-    7.5222737553E-01   
denominator psit/psigi(real)   5.00000000E-03   6.2040262109E-01 +-    1.2543794324E-02   
energy numerator(aimag)        5.00000000E-03   2.3085200935E+00 +-    4.9578007379E-01   
denominator psit/psigi(aimag)  5.00000000E-03  -2.6818262682E-02 +-    8.4163032003E-03   
growth(lin dt) energy          5.00000000E-03  -2.0347185917E+02 +-    5.0833596725E+00   
growth(global) energy          5.00000000E-03  -2.0270378859E+02 +-    1.1946479137E+01
growth energy                  5.00000000E-03  -2.0334838070E+02 +-    5.0704283708E+00
Time for propagation (sec) (min) =          21.848      0.364
Time for energies (sec) (min) =              0.800      0.013
Time for load balancing (sec) (min) =        0.027      0.000
Time for block (sec) (min) =                23.273      0.388
Time for operators (sec) (min) =             0.025      0.000
Elapsed block time (sec) (min) =            43.200      0.720
 
 walkers multiplicity, block, total
   0          47424          82610
   1        1011916        1861929
   2          47220          84207
   3            302            464
   4             52             83
   5             11             24
   6              1              5
   7              3              4
   8              2              4
   9              0              0
  10              0              1
  12              0              1
  13              1              2
  20              1              1
 
 

iteration =                               3
walker number =                       10735
total energy-propagated        7.50000000E-03  -2.4864000282E+01 +-    1.7438820159E-01   
kinetic energy                 7.50000000E-03   9.9763174009E+01 +-    1.0330784322E+00   
potential energy               7.50000000E-03  -1.2462717429E+02 +-    9.5932025972E-01   
im energy                      7.50000000E-03   2.0741939787E+00 +-    1.8222504234E-01   
imkin energy                   7.50000000E-03  -2.8397204024E+00 +-    4.1683951223E-01   
impot energy                   7.50000000E-03   4.9139143811E+00 +-    1.8080535469E-01   
v cent                         7.50000000E-03   9.8175719434E+00 +-    8.5622561816E-01   
v tau                          7.50000000E-03  -5.8552266524E+00 +-    1.6687064686E-01   
v sigma                        7.50000000E-03  -9.6023219628E+00 +-    1.2101603592E-01   
v sigtau                       7.50000000E-03  -5.9240310754E+01 +-    4.2493441638E-01   
v tensor                       7.50000000E-03  -1.4059049463E-01 +-    6.1506368377E-02   
v tenstau                      7.50000000E-03  -5.9606296370E+01 +-    7.0956415544E-01   
v ls                           7.50000000E-03   0.0000000000E+00 +-    0.0000000000E+00   
v lstau                        7.50000000E-03   0.0000000000E+00 +-    0.0000000000E+00   
vpot v6                        7.50000000E-03  -1.2462717429E+02 +-    9.5932025972E-01   
vpot v8                        7.50000000E-03  -1.2462717429E+02 +-    9.5932025972E-01   
v coulomb                      7.50000000E-03   7.3740643850E-01 +-    2.0703495000E-03   
v external                     7.50000000E-03   0.0000000000E+00 +-    0.0000000000E+00   
tni 2pipr-anticomm             7.50000000E-03   0.0000000000E+00 +-    0.0000000000E+00   
tni vd1pr                      7.50000000E-03   0.0000000000E+00 +-    0.0000000000E+00   
tni vepr                       7.50000000E-03   0.0000000000E+00 +-    0.0000000000E+00   
tni central                    7.50000000E-03   0.0000000000E+00 +-    0.0000000000E+00   
tni 2pixx-anticommutator       7.50000000E-03   0.0000000000E+00 +-    0.0000000000E+00   
tni 2pixd-anticommutator       7.50000000E-03   0.0000000000E+00 +-    0.0000000000E+00   
tni 2pidd-anticommutator       7.50000000E-03   0.0000000000E+00 +-    0.0000000000E+00   
tni 2pixx-commutator           7.50000000E-03   0.0000000000E+00 +-    0.0000000000E+00   
tni 2pixd-commutator           7.50000000E-03   0.0000000000E+00 +-    0.0000000000E+00   
tni 2pidd-commutator           7.50000000E-03   0.0000000000E+00 +-    0.0000000000E+00   
tni 2pi-tm                     7.50000000E-03   0.0000000000E+00 +-    0.0000000000E+00   
tni vd1                        7.50000000E-03   0.0000000000E+00 +-    0.0000000000E+00   
tni vd2                        7.50000000E-03   0.0000000000E+00 +-    0.0000000000E+00   
tni ve                         7.50000000E-03   0.0000000000E+00 +-    0.0000000000E+00   
vpottot v8+tni                 7.50000000E-03  -1.2462717429E+02 +-    9.5932025972E-01   
enetot v8+tni                  7.50000000E-03  -2.4864000282E+01 +-    1.7438820159E-01   
vper cent                      7.50000000E-03   9.8175719434E+00 +-    8.5622561816E-01   
vper tau                       7.50000000E-03  -5.8552266524E+00 +-    1.6687064686E-01   
vper sigma                     7.50000000E-03  -9.6023219628E+00 +-    1.2101603592E-01   
vper sigtau                    7.50000000E-03  -5.9240310754E+01 +-    4.2493441638E-01   
vper tensor                    7.50000000E-03  -1.4059049463E-01 +-    6.1506368377E-02   
vper tenstau                   7.50000000E-03  -5.9606296370E+01 +-    7.0956415544E-01   
vper ls                        7.50000000E-03   0.0000000000E+00 +-    0.0000000000E+00   
vper lstau                     7.50000000E-03   0.0000000000E+00 +-    0.0000000000E+00   
vpotper v6                     7.50000000E-03  -1.2462717429E+02 +-    9.5932025972E-01   
vpotper v8                     7.50000000E-03  -1.2462717429E+02 +-    9.5932025972E-01   
vpotv6pr-vpotv6per diff        7.50000000E-03   0.0000000000E+00 +-    0.0000000000E+00   
vpotv8pr-vpotv8per diff        7.50000000E-03   0.0000000000E+00 +-    0.0000000000E+00   
2piapr-2pia diff               7.50000000E-03   0.0000000000E+00 +-    0.0000000000E+00   
vd1pr-vd1 diff                 7.50000000E-03   0.0000000000E+00 +-    0.0000000000E+00   
vepr-ve diff                   7.50000000E-03   0.0000000000E+00 +-    0.0000000000E+00   
diff1 2piapr-2pia-2picxx       7.50000000E-03   0.0000000000E+00 +-    0.0000000000E+00   
diff2 vd1pr-vd1-2picxd         7.50000000E-03   0.0000000000E+00 +-    0.0000000000E+00   
diff3 vepr-ve-2picdd           7.50000000E-03   0.0000000000E+00 +-    0.0000000000E+00   
sum diff1+dif2+diff3           7.50000000E-03   0.0000000000E+00 +-    0.0000000000E+00   
proton rms                     7.50000000E-03   2.1479435018E+00 +-    1.1798677374E-02   
neutron rms                    7.50000000E-03   2.1315113156E+00 +-    1.1526925003E-02   
total rms                      7.50000000E-03   2.1407675057E+00 +-    1.0482736195E-02   
neutron-proton rms             7.50000000E-03  -1.6432186159E-02 +-    1.0198791089E-02   
GT sigXtau+                    7.50000000E-03   1.2045288686E-05 +-    1.2778496123E-05   
GT sigYtau+                    7.50000000E-03   1.9623249764E-04 +-    1.8342005391E-05   
GT sigZtau+                    7.50000000E-03  -6.3038780247E-05 +-    1.3915876421E-05   
GT sigXtau-                    7.50000000E-03   1.9554944572E-04 +-    2.0305959165E-05   
GT sigYtau-                    7.50000000E-03  -5.0049374846E-05 +-    2.0698469081E-05   
GT sigZtau-                    7.50000000E-03   3.8035332620E-05 +-    1.9485211703E-05   
F tau+                         7.50000000E-03  -4.5796045982E-20 +-    3.7322633323E-20   
F tau-                         7.50000000E-03   5.8201433766E-20 +-    4.4117036226E-20   
Psi**2                         7.50000000E-03   2.1953623311E-05 +-    5.0612412646E-07   
single crossing/step           7.50000000E-03   7.7660029776E-03 +-    4.1972961788E-05   
global crossing/step           7.50000000E-03   7.6087075805E-03 +-    8.3098025169E-05   
energy numerator(real)         7.50000000E-03  -8.8799536970E+00 +-    7.9261197813E-01   
denominator psit/psigi(real)   7.50000000E-03   3.6275711477E-01 +-    1.3719306803E-02   
energy numerator(aimag)        7.50000000E-03   2.3040886503E+00 +-    5.8575493105E-01   
denominator psit/psigi(aimag)  7.50000000E-03  -3.5867943340E-02 +-    9.0421534221E-03   
growth(lin dt) energy          7.50000000E-03  -2.2710006303E+02 +-    5.3416898891E+00   
growth(global) energy          7.50000000E-03  -2.3049227114E+02 +-    1.0586234195E+01
growth energy                  7.50000000E-03  -2.2691103044E+02 +-    5.3249468121E+00
Time for propagation (sec) (min) =          21.822      0.364
Time for energies (sec) (min) =              0.753      0.013
Time for load balancing (sec) (min) =        0.036      0.001
Time for block (sec) (min) =                23.142      0.386
Time for operators (sec) (min) =             0.022      0.000
Elapsed block time (sec) (min) =            66.364      1.106
 
 walkers multiplicity, block, total
   0          51041         133651
   1        1016699        2878628
   2          49360         133567
   3            325            789
   4             56            139
   5             24             48
   6              5             10
   7              3              7
   8              3              7
   9              2              2
  10              1              2
  12              1              2
  13              0              2
  20              0              1
 
 

iteration =                               4
walker number =                       11003
total energy-propagated        1.00000000E-02  -2.5321052337E+01 +-    5.2356044093E-01   
kinetic energy                 1.00000000E-02   6.4636818126E+01 +-    2.6345581618E+00   
potential energy               1.00000000E-02  -8.9957870463E+01 +-    2.7063684546E+00   
im energy                      1.00000000E-02   5.1555547809E+00 +-    3.2431521892E-01   
imkin energy                   1.00000000E-02  -4.9875438866E+00 +-    5.7736408989E-01   
impot energy                   1.00000000E-02   1.0143098667E+01 +-    7.4810592021E-01   
v cent                         1.00000000E-02   6.6439220394E+01 +-    3.1062621610E+00   
v tau                          1.00000000E-02  -1.3217238910E+01 +-    4.9917869603E-01   
v sigma                        1.00000000E-02  -2.5169812829E-01 +-    3.2337461085E-01   
v sigtau                       1.00000000E-02  -4.5526484285E+01 +-    6.5638891634E-01   
v tensor                       1.00000000E-02  -4.5636224610E-01 +-    2.1869170917E-01   
v tenstau                      1.00000000E-02  -9.6945307287E+01 +-    1.2786985850E+00   
v ls                           1.00000000E-02   0.0000000000E+00 +-    0.0000000000E+00   
v lstau                        1.00000000E-02   0.0000000000E+00 +-    0.0000000000E+00   
vpot v6                        1.00000000E-02  -8.9957870463E+01 +-    2.7063684546E+00   
vpot v8                        1.00000000E-02  -8.9957870463E+01 +-    2.7063684546E+00   
v coulomb                      1.00000000E-02   6.7874839779E-01 +-    2.9588407498E-03   
v external                     1.00000000E-02   0.0000000000E+00 +-    0.0000000000E+00   
tni 2pipr-anticomm             1.00000000E-02   0.0000000000E+00 +-    0.0000000000E+00   
tni vd1pr                      1.00000000E-02   0.0000000000E+00 +-    0.0000000000E+00   
tni vepr                       1.00000000E-02   0.0000000000E+00 +-    0.0000000000E+00   
tni central                    1.00000000E-02   0.0000000000E+00 +-    0.0000000000E+00   
tni 2pixx-anticommutator       1.00000000E-02   0.0000000000E+00 +-    0.0000000000E+00   
tni 2pixd-anticommutator       1.00000000E-02   0.0000000000E+00 +-    0.0000000000E+00   
tni 2pidd-anticommutator       1.00000000E-02   0.0000000000E+00 +-    0.0000000000E+00   
tni 2pixx-commutator           1.00000000E-02   0.0000000000E+00 +-    0.0000000000E+00   
tni 2pixd-commutator           1.00000000E-02   0.0000000000E+00 +-    0.0000000000E+00   
tni 2pidd-commutator           1.00000000E-02   0.0000000000E+00 +-    0.0000000000E+00   
tni 2pi-tm                     1.00000000E-02   0.0000000000E+00 +-    0.0000000000E+00   
tni vd1                        1.00000000E-02   0.0000000000E+00 +-    0.0000000000E+00   
tni vd2                        1.00000000E-02   0.0000000000E+00 +-    0.0000000000E+00   
tni ve                         1.00000000E-02   0.0000000000E+00 +-    0.0000000000E+00   
vpottot v8+tni                 1.00000000E-02  -8.9957870463E+01 +-    2.7063684546E+00   
enetot v8+tni                  1.00000000E-02  -2.5321052337E+01 +-    5.2356044093E-01   
vper cent                      1.00000000E-02   6.6439220394E+01 +-    3.1062621610E+00   
vper tau                       1.00000000E-02  -1.3217238910E+01 +-    4.9917869603E-01   
vper sigma                     1.00000000E-02  -2.5169812829E-01 +-    3.2337461085E-01   
vper sigtau                    1.00000000E-02  -4.5526484285E+01 +-    6.5638891634E-01   
vper tensor                    1.00000000E-02  -4.5636224610E-01 +-    2.1869170917E-01   
vper tenstau                   1.00000000E-02  -9.6945307287E+01 +-    1.2786985850E+00   
vper ls                        1.00000000E-02   0.0000000000E+00 +-    0.0000000000E+00   
vper lstau                     1.00000000E-02   0.0000000000E+00 +-    0.0000000000E+00   
vpotper v6                     1.00000000E-02  -8.9957870463E+01 +-    2.7063684546E+00   
vpotper v8                     1.00000000E-02  -8.9957870463E+01 +-    2.7063684546E+00   
vpotv6pr-vpotv6per diff        1.00000000E-02   0.0000000000E+00 +-    0.0000000000E+00   
vpotv8pr-vpotv8per diff        1.00000000E-02   0.0000000000E+00 +-    0.0000000000E+00   
2piapr-2pia diff               1.00000000E-02   0.0000000000E+00 +-    0.0000000000E+00   
vd1pr-vd1 diff                 1.00000000E-02   0.0000000000E+00 +-    0.0000000000E+00   
vepr-ve diff                   1.00000000E-02   0.0000000000E+00 +-    0.0000000000E+00   
diff1 2piapr-2pia-2picxx       1.00000000E-02   0.0000000000E+00 +-    0.0000000000E+00   
diff2 vd1pr-vd1-2picxd         1.00000000E-02   0.0000000000E+00 +-    0.0000000000E+00   
diff3 vepr-ve-2picdd           1.00000000E-02   0.0000000000E+00 +-    0.0000000000E+00   
sum diff1+dif2+diff3           1.00000000E-02   0.0000000000E+00 +-    0.0000000000E+00   
proton rms                     1.00000000E-02   2.2225741410E+00 +-    1.2170258188E-02   
neutron rms                    1.00000000E-02   2.0362726421E+00 +-    1.1876607505E-02   
total rms                      1.00000000E-02   2.1290897062E+00 +-    1.1114504462E-02   
neutron-proton rms             1.00000000E-02  -1.8630149890E-01 +-    9.1410438901E-03   
GT sigXtau+                    1.00000000E-02  -9.5745917022E-05 +-    2.0786347522E-05   
GT sigYtau+                    1.00000000E-02   3.7801136846E-04 +-    2.3372542934E-05   
GT sigZtau+                    1.00000000E-02   6.8685929071E-04 +-    2.3559739447E-05   
GT sigXtau-                    1.00000000E-02   7.8288718822E-05 +-    2.4945081378E-05   
GT sigYtau-                    1.00000000E-02   1.2515649327E-04 +-    1.9657905269E-05   
GT sigZtau-                    1.00000000E-02  -5.4589269816E-04 +-    2.0944758641E-05   
F tau+                         1.00000000E-02  -6.2981135538E-19 +-    4.0376882006E-20   
F tau-                         1.00000000E-02   1.3830999608E-19 +-    5.0915072198E-20   
Psi**2                         1.00000000E-02   2.6307882386E-05 +-    8.1941419337E-07   
single crossing/step           1.00000000E-02   7.8066584655E-03 +-    4.2305316162E-05   
global crossing/step           1.00000000E-02   7.5640434359E-03 +-    8.3295674450E-05   
energy numerator(real)         1.00000000E-02  -3.5156691253E+00 +-    8.5520316546E-01   
denominator psit/psigi(real)   1.00000000E-02   1.5640447841E-01 +-    1.3740387929E-02   
energy numerator(aimag)        1.00000000E-02   2.6712927894E+00 +-    6.1093847319E-01   
denominator psit/psigi(aimag)  1.00000000E-02  -5.8733304259E-02 +-    9.3188040979E-03   
growth(lin dt) energy          1.00000000E-02  -2.6048234331E+02 +-    5.7955464338E+00   
growth(global) energy          1.00000000E-02  -2.6354731241E+02 +-    1.2758207950E+01
growth energy                  1.00000000E-02  -2.6017705521E+02 +-    5.7725457187E+00
Time for propagation (sec) (min) =          21.591      0.360
Time for energies (sec) (min) =              0.772      0.013
Time for load balancing (sec) (min) =        0.033      0.001
Time for block (sec) (min) =                22.902      0.382
Time for operators (sec) (min) =             0.025      0.000
Elapsed block time (sec) (min) =            89.301      1.488
 
 walkers multiplicity, block, total
   0          52898         186549
   1        1000809        3879437
   2          51770         185337
   3            424           1213
   4             83            222
   5             28             76
   6              9             19
   7              5             12
   8              0              7
   9              1              3
  10              2              4
  12              1              3
  13              2              4
  15              1              1
  19              1              1
  20              1              2
 
 

iteration =                               5
walker number =                       10641
total energy-propagated        1.25000000E-02  -5.5391105768E+01 +-    6.8846920061E-01   
kinetic energy                 1.25000000E-02   1.4861516774E+01 +-    2.3676598981E+00   
potential energy               1.25000000E-02  -7.0252622543E+01 +-    2.1011151835E+00   
im energy                      1.25000000E-02   1.3372839313E+01 +-    4.5063688406E-01   
imkin energy                   1.25000000E-02   5.4952826866E+01 +-    6.8611287694E-01   
impot energy                   1.25000000E-02  -4.1579987552E+01 +-    6.1082464293E-01   
v cent                         1.25000000E-02   4.5049659463E+01 +-    2.2771799716E+00   
v tau                          1.25000000E-02  -1.2803458155E+01 +-    2.8220561125E-01   
v sigma                        1.25000000E-02  -3.0152037554E+01 +-    6.0988417263E-01   
v sigtau                       1.25000000E-02  -8.5921120122E+01 +-    9.6252013006E-01   
v tensor                       1.25000000E-02  -3.5990867093E+00 +-    2.9006920948E-01   
v tenstau                      1.25000000E-02   1.7173420534E+01 +-    1.9698816630E+00   
v ls                           1.25000000E-02   0.0000000000E+00 +-    0.0000000000E+00   
v lstau                        1.25000000E-02   0.0000000000E+00 +-    0.0000000000E+00   
vpot v6                        1.25000000E-02  -7.0252622543E+01 +-    2.1011151835E+00   
vpot v8                        1.25000000E-02  -7.0252622543E+01 +-    2.1011151835E+00   
v coulomb                      1.25000000E-02   8.5917959294E-01 +-    2.8073548008E-03   
v external                     1.25000000E-02   0.0000000000E+00 +-    0.0000000000E+00   
tni 2pipr-anticomm             1.25000000E-02   0.0000000000E+00 +-    0.0000000000E+00   
tni vd1pr                      1.25000000E-02   0.0000000000E+00 +-    0.0000000000E+00   
tni vepr                       1.25000000E-02   0.0000000000E+00 +-    0.0000000000E+00   
tni central                    1.25000000E-02   0.0000000000E+00 +-    0.0000000000E+00   
tni 2pixx-anticommutator       1.25000000E-02   0.0000000000E+00 +-    0.0000000000E+00   
tni 2pixd-anticommutator       1.25000000E-02   0.0000000000E+00 +-    0.0000000000E+00   
tni 2pidd-anticommutator       1.25000000E-02   0.0000000000E+00 +-    0.0000000000E+00   
tni 2pixx-commutator           1.25000000E-02   0.0000000000E+00 +-    0.0000000000E+00   
tni 2pixd-commutator           1.25000000E-02   0.0000000000E+00 +-    0.0000000000E+00   
tni 2pidd-commutator           1.25000000E-02   0.0000000000E+00 +-    0.0000000000E+00   
tni 2pi-tm                     1.25000000E-02   0.0000000000E+00 +-    0.0000000000E+00   
tni vd1                        1.25000000E-02   0.0000000000E+00 +-    0.0000000000E+00   
tni vd2                        1.25000000E-02   0.0000000000E+00 +-    0.0000000000E+00   
tni ve                         1.25000000E-02   0.0000000000E+00 +-    0.0000000000E+00   
vpottot v8+tni                 1.25000000E-02  -7.0252622543E+01 +-    2.1011151835E+00   
enetot v8+tni                  1.25000000E-02  -5.5391105768E+01 +-    6.8846920061E-01   
vper cent                      1.25000000E-02   4.5049659463E+01 +-    2.2771799716E+00   
vper tau                       1.25000000E-02  -1.2803458155E+01 +-    2.8220561125E-01   
vper sigma                     1.25000000E-02  -3.0152037554E+01 +-    6.0988417263E-01   
vper sigtau                    1.25000000E-02  -8.5921120122E+01 +-    9.6252013006E-01   
vper tensor                    1.25000000E-02  -3.5990867093E+00 +-    2.9006920948E-01   
vper tenstau                   1.25000000E-02   1.7173420534E+01 +-    1.9698816630E+00   
vper ls                        1.25000000E-02   0.0000000000E+00 +-    0.0000000000E+00   
vper lstau                     1.25000000E-02   0.0000000000E+00 +-    0.0000000000E+00   
vpotper v6                     1.25000000E-02  -7.0252622543E+01 +-    2.1011151835E+00   
vpotper v8                     1.25000000E-02  -7.0252622543E+01 +-    2.1011151835E+00   
vpotv6pr-vpotv6per diff        1.25000000E-02   0.0000000000E+00 +-    0.0000000000E+00   
vpotv8pr-vpotv8per diff        1.25000000E-02   0.0000000000E+00 +-    0.0000000000E+00   
2piapr-2pia diff               1.25000000E-02   0.0000000000E+00 +-    0.0000000000E+00   
vd1pr-vd1 diff                 1.25000000E-02   0.0000000000E+00 +-    0.0000000000E+00   
vepr-ve diff                   1.25000000E-02   0.0000000000E+00 +-    0.0000000000E+00   
diff1 2piapr-2pia-2picxx       1.25000000E-02   0.0000000000E+00 +-    0.0000000000E+00   
diff2 vd1pr-vd1-2picxd         1.25000000E-02   0.0000000000E+00 +-    0.0000000000E+00   
diff3 vepr-ve-2picdd           1.25000000E-02   0.0000000000E+00 +-    0.0000000000E+00   
sum diff1+dif2+diff3           1.25000000E-02   0.0000000000E+00 +-    0.0000000000E+00   
proton rms                     1.25000000E-02   1.7171270166E+00 +-    1.4920341066E-02   
neutron rms                    1.25000000E-02   1.9020839874E+00 +-    1.7751153619E-02   
total rms                      1.25000000E-02   1.8449331090E+00 +-    1.4136643690E-02   
neutron-proton rms             1.25000000E-02   1.8495697084E-01 +-    1.4296244345E-02   
GT sigXtau+                    1.25000000E-02   3.9433529156E-04 +-    5.4714528199E-05   
GT sigYtau+                    1.25000000E-02   4.6961410778E-04 +-    3.0817432908E-05   
GT sigZtau+                    1.25000000E-02  -4.6630780716E-05 +-    4.1826982384E-05   
GT sigXtau-                    1.25000000E-02  -2.3542735357E-03 +-    3.6653025022E-05   
GT sigYtau-                    1.25000000E-02   9.7244018711E-04 +-    4.7491530252E-05   
GT sigZtau-                    1.25000000E-02  -2.1811096398E-03 +-    3.5737026111E-05   
F tau+                         1.25000000E-02   1.4218350920E-19 +-    6.7574461998E-20   
F tau-                         1.25000000E-02   4.6774821620E-19 +-    4.0565255861E-20   
Psi**2                         1.25000000E-02   4.3284957301E-05 +-    1.7391918644E-06   
single crossing/step           1.25000000E-02   8.2388073311E-03 +-    4.3158049741E-05   
global crossing/step           1.25000000E-02   8.0806054527E-03 +-    8.5490177803E-05   
energy numerator(real)         1.25000000E-02  -1.1924025693E+00 +-    9.3974338136E-01   
denominator psit/psigi(real)   1.25000000E-02   2.7729484575E-02 +-    1.4011090333E-02   
energy numerator(aimag)        1.25000000E-02   2.1165333145E+00 +-    6.8841346747E-01   
denominator psit/psigi(aimag)  1.25000000E-02  -3.2998587449E-02 +-    9.2317217811E-03   
growth(lin dt) energy          1.25000000E-02  -2.5536053160E+02 +-    5.7188384523E+00   
growth(global) energy          1.25000000E-02  -2.3730402526E+02 +-    1.1378975899E+01
growth energy                  1.25000000E-02  -2.5507487686E+02 +-    5.6968741706E+00
Time for propagation (sec) (min) =          21.889      0.365
Time for energies (sec) (min) =              0.746      0.012
Time for load balancing (sec) (min) =        0.031      0.001
Time for block (sec) (min) =                23.139      0.386
Time for operators (sec) (min) =             0.024      0.000
Elapsed block time (sec) (min) =           112.464      1.874
 
 walkers multiplicity, block, total
   0          54143         240692
   1        1013610        4893047
   2          52515         237852
   3            387           1600
   4             66            288
   5             25            101
   6             10             29
   7              4             16
   8              2              9
   9              2              5
  10              2              6
  11              1              1
  12              1              4
  13              0              4
  14              1              1
  15              0              1
  19              0              1
  20              2              4
 
 

iteration =                               6
walker number =                       11005
total energy-propagated        1.50000000E-02  -3.8082298860E+01 +-    1.0959864823E+00   
kinetic energy                 1.50000000E-02   1.5343818575E+02 +-    2.5869118630E+00   
potential energy               1.50000000E-02  -1.9152048461E+02 +-    2.6060665730E+00   
im energy                      1.50000000E-02  -1.4144692663E+01 +-    4.7847062682E-01   
imkin energy                   1.50000000E-02   1.2109323158E+01 +-    1.0219826932E+00   
impot energy                   1.50000000E-02  -2.6254015821E+01 +-    9.2667246538E-01   
v cent                         1.50000000E-02   8.3128475758E+01 +-    2.7427046684E+00   
v tau                          1.50000000E-02  -2.8284916195E+01 +-    6.8337887395E-01   
v sigma                        1.50000000E-02  -1.4793004409E+01 +-    4.4061450754E-01   
v sigtau                       1.50000000E-02  -1.1615900127E+02 +-    6.0723785913E-01   
v tensor                       1.50000000E-02  -3.5485564215E+00 +-    3.0614223487E-01   
v tenstau                      1.50000000E-02  -1.1186348207E+02 +-    2.1547350740E+00   
v ls                           1.50000000E-02   0.0000000000E+00 +-    0.0000000000E+00   
v lstau                        1.50000000E-02   0.0000000000E+00 +-    0.0000000000E+00   
vpot v6                        1.50000000E-02  -1.9152048461E+02 +-    2.6060665730E+00   
vpot v8                        1.50000000E-02  -1.9152048461E+02 +-    2.6060665730E+00   
v coulomb                      1.50000000E-02   8.3851269236E-01 +-    5.4890695999E-03   
v external                     1.50000000E-02   0.0000000000E+00 +-    0.0000000000E+00   
tni 2pipr-anticomm             1.50000000E-02   0.0000000000E+00 +-    0.0000000000E+00   
tni vd1pr                      1.50000000E-02   0.0000000000E+00 +-    0.0000000000E+00   
tni vepr                       1.50000000E-02   0.0000000000E+00 +-    0.0000000000E+00   
tni central                    1.50000000E-02   0.0000000000E+00 +-    0.0000000000E+00   
tni 2pixx-anticommutator       1.50000000E-02   0.0000000000E+00 +-    0.0000000000E+00   
tni 2pixd-anticommutator       1.50000000E-02   0.0000000000E+00 +-    0.0000000000E+00   
tni 2pidd-anticommutator       1.50000000E-02   0.0000000000E+00 +-    0.0000000000E+00   
tni 2pixx-commutator           1.50000000E-02   0.0000000000E+00 +-    0.0000000000E+00   
tni 2pixd-commutator           1.50000000E-02   0.0000000000E+00 +-    0.0000000000E+00   
tni 2pidd-commutator           1.50000000E-02   0.0000000000E+00 +-    0.0000000000E+00   
tni 2pi-tm                     1.50000000E-02   0.0000000000E+00 +-    0.0000000000E+00   
tni vd1                        1.50000000E-02   0.0000000000E+00 +-    0.0000000000E+00   
tni vd2                        1.50000000E-02   0.0000000000E+00 +-    0.0000000000E+00   
tni ve                         1.50000000E-02   0.0000000000E+00 +-    0.0000000000E+00   
vpottot v8+tni                 1.50000000E-02  -1.9152048461E+02 +-    2.6060665730E+00   
enetot v8+tni                  1.50000000E-02  -3.8082298860E+01 +-    1.0959864823E+00   
vper cent                      1.50000000E-02   8.3128475758E+01 +-    2.7427046684E+00   
vper tau                       1.50000000E-02  -2.8284916195E+01 +-    6.8337887395E-01   
vper sigma                     1.50000000E-02  -1.4793004409E+01 +-    4.4061450754E-01   
vper sigtau                    1.50000000E-02  -1.1615900127E+02 +-    6.0723785913E-01   
vper tensor                    1.50000000E-02  -3.5485564215E+00 +-    3.0614223487E-01   
vper tenstau                   1.50000000E-02  -1.1186348207E+02 +-    2.1547350740E+00   
vper ls                        1.50000000E-02   0.0000000000E+00 +-    0.0000000000E+00   
vper lstau                     1.50000000E-02   0.0000000000E+00 +-    0.0000000000E+00   
vpotper v6                     1.50000000E-02  -1.9152048461E+02 +-    2.6060665730E+00   
vpotper v8                     1.50000000E-02  -1.9152048461E+02 +-    2.6060665730E+00   
vpotv6pr-vpotv6per diff        1.50000000E-02   0.0000000000E+00 +-    0.0000000000E+00   
vpotv8pr-vpotv8per diff        1.50000000E-02   0.0000000000E+00 +-    0.0000000000E+00   
2piapr-2pia diff               1.50000000E-02   0.0000000000E+00 +-    0.0000000000E+00   
vd1pr-vd1 diff                 1.50000000E-02   0.0000000000E+00 +-    0.0000000000E+00   
vepr-ve diff                   1.50000000E-02   0.0000000000E+00 +-    0.0000000000E+00   
diff1 2piapr-2pia-2picxx       1.50000000E-02   0.0000000000E+00 +-    0.0000000000E+00   
diff2 vd1pr-vd1-2picxd         1.50000000E-02   0.0000000000E+00 +-    0.0000000000E+00   
diff3 vepr-ve-2picdd           1.50000000E-02   0.0000000000E+00 +-    0.0000000000E+00   
sum diff1+dif2+diff3           1.50000000E-02   0.0000000000E+00 +-    0.0000000000E+00   
proton rms                     1.50000000E-02   1.7661139225E+00 +-    1.4124950046E-02   
neutron rms                    1.50000000E-02   1.6300946933E+00 +-    1.7553750765E-02   
total rms                      1.50000000E-02   1.6871777839E+00 +-    1.3404008071E-02   
neutron-proton rms             1.50000000E-02  -1.3601922929E-01 +-    1.7726564921E-02   
GT sigXtau+                    1.50000000E-02   3.2083585913E-04 +-    4.2556418475E-05   
GT sigYtau+                    1.50000000E-02   1.5122019488E-04 +-    3.7954824029E-05   
GT sigZtau+                    1.50000000E-02  -3.8703673885E-04 +-    3.9155355951E-05   
GT sigXtau-                    1.50000000E-02  -1.1412074896E-04 +-    4.1162602659E-05   
GT sigYtau-                    1.50000000E-02  -2.1183731070E-03 +-    3.1200895603E-05   
GT sigZtau-                    1.50000000E-02   1.0729275216E-03 +-    4.0996610479E-05   
F tau+                         1.50000000E-02  -1.6221264324E-18 +-    5.1968457093E-20   
F tau-                         1.50000000E-02   2.4310801747E-18 +-    4.4405888344E-20   
Psi**2                         1.50000000E-02   2.6991698827E-05 +-    1.0579026250E-06   
single crossing/step           1.50000000E-02   8.0365838978E-03 +-    4.2632396854E-05   
global crossing/step           1.50000000E-02   7.9130142958E-03 +-    8.4612013084E-05   
energy numerator(real)         1.50000000E-02   3.4164765038E-01 +-    9.0523003442E-01   
denominator psit/psigi(real)   1.50000000E-02  -3.6803145944E-02 +-    1.4027459259E-02   
energy numerator(aimag)        1.50000000E-02   2.4376971157E+00 +-    6.5568915190E-01   
denominator psit/psigi(aimag)  1.50000000E-02  -3.1757085419E-02 +-    9.5522250442E-03   
growth(lin dt) energy          1.50000000E-02  -2.5283076935E+02 +-    5.6117598054E+00   
growth(global) energy          1.50000000E-02  -2.6755068156E+02 +-    1.3001965384E+01
growth energy                  1.50000000E-02  -2.5255457177E+02 +-    5.5905664455E+00
Time for propagation (sec) (min) =          21.891      0.365
Time for energies (sec) (min) =              0.772      0.013
Time for load balancing (sec) (min) =        0.029      0.000
Time for block (sec) (min) =                23.189      0.386
Time for operators (sec) (min) =             0.027      0.000
Elapsed block time (sec) (min) =           135.688      2.261
 
 walkers multiplicity, block, total
   0          54080         294772
   1        1012730        5905777
   2          53253         291105
   3            391           1991
   4             69            357
   5             20            121
   6             12             41
   7              3             19
   8              1             10
   9              1              6
  10              2              8
  11              0              1
  12              1              5
  13              0              4
  14              0              1
  15              0              1
  19              0              1
  20              0              4
 
 

iteration =                               7
walker number =                       11810
total energy-propagated        1.75000000E-02   2.4547833479E+00 +-    1.3953653498E+00   
kinetic energy                 1.75000000E-02   1.7233121332E+02 +-    3.9513956956E+00   
potential energy               1.75000000E-02  -1.6987642997E+02 +-    5.0506024731E+00   
im energy                      1.75000000E-02  -3.3858350148E+00 +-    1.3180621535E+00   
imkin energy                   1.75000000E-02   8.2300498580E+01 +-    3.5886413178E+00   
impot energy                   1.75000000E-02  -8.5686333595E+01 +-    4.7371004555E+00   
v cent                         1.75000000E-02   3.9524532451E+01 +-    2.0895792961E+00   
v tau                          1.75000000E-02   7.9724073646E-01 +-    1.7651523910E+00   
v sigma                        1.75000000E-02  -3.8315748405E+01 +-    1.0776894978E+00   
v sigtau                       1.75000000E-02  -1.0009590554E+02 +-    6.2036970273E-01   
v tensor                       1.75000000E-02   1.0038675215E+01 +-    9.8204859278E-01   
v tenstau                      1.75000000E-02  -8.1825224429E+01 +-    5.5561984533E+00   
v ls                           1.75000000E-02   0.0000000000E+00 +-    0.0000000000E+00   
v lstau                        1.75000000E-02   0.0000000000E+00 +-    0.0000000000E+00   
vpot v6                        1.75000000E-02  -1.6987642997E+02 +-    5.0506024731E+00   
vpot v8                        1.75000000E-02  -1.6987642997E+02 +-    5.0506024731E+00   
v coulomb                      1.75000000E-02   7.9225863438E-01 +-    5.8317455497E-03   
v external                     1.75000000E-02   0.0000000000E+00 +-    0.0000000000E+00   
tni 2pipr-anticomm             1.75000000E-02   0.0000000000E+00 +-    0.0000000000E+00   
tni vd1pr                      1.75000000E-02   0.0000000000E+00 +-    0.0000000000E+00   
tni vepr                       1.75000000E-02   0.0000000000E+00 +-    0.0000000000E+00   
tni central                    1.75000000E-02   0.0000000000E+00 +-    0.0000000000E+00   
tni 2pixx-anticommutator       1.75000000E-02   0.0000000000E+00 +-    0.0000000000E+00   
tni 2pixd-anticommutator       1.75000000E-02   0.0000000000E+00 +-    0.0000000000E+00   
tni 2pidd-anticommutator       1.75000000E-02   0.0000000000E+00 +-    0.0000000000E+00   
tni 2pixx-commutator           1.75000000E-02   0.0000000000E+00 +-    0.0000000000E+00   
tni 2pixd-commutator           1.75000000E-02   0.0000000000E+00 +-    0.0000000000E+00   
tni 2pidd-commutator           1.75000000E-02   0.0000000000E+00 +-    0.0000000000E+00   
tni 2pi-tm                     1.75000000E-02   0.0000000000E+00 +-    0.0000000000E+00   
tni vd1                        1.75000000E-02   0.0000000000E+00 +-    0.0000000000E+00   
tni vd2                        1.75000000E-02   0.0000000000E+00 +-    0.0000000000E+00   
tni ve                         1.75000000E-02   0.0000000000E+00 +-    0.0000000000E+00   
vpottot v8+tni                 1.75000000E-02  -1.6987642997E+02 +-    5.0506024731E+00   
enetot v8+tni                  1.75000000E-02   2.4547833479E+00 +-    1.3953653498E+00   
vper cent                      1.75000000E-02   3.9524532451E+01 +-    2.0895792961E+00   
vper tau                       1.75000000E-02   7.9724073646E-01 +-    1.7651523910E+00   
vper sigma                     1.75000000E-02  -3.8315748405E+01 +-    1.0776894978E+00   
vper sigtau                    1.75000000E-02  -1.0009590554E+02 +-    6.2036970273E-01   
vper tensor                    1.75000000E-02   1.0038675215E+01 +-    9.8204859278E-01   
vper tenstau                   1.75000000E-02  -8.1825224429E+01 +-    5.5561984533E+00   
vper ls                        1.75000000E-02   0.0000000000E+00 +-    0.0000000000E+00   
vper lstau                     1.75000000E-02   0.0000000000E+00 +-    0.0000000000E+00   
vpotper v6                     1.75000000E-02  -1.6987642997E+02 +-    5.0506024731E+00   
vpotper v8                     1.75000000E-02  -1.6987642997E+02 +-    5.0506024731E+00   
vpotv6pr-vpotv6per diff        1.75000000E-02   0.0000000000E+00 +-    0.0000000000E+00   
vpotv8pr-vpotv8per diff        1.75000000E-02   0.0000000000E+00 +-    0.0000000000E+00   
2piapr-2pia diff               1.75000000E-02   0.0000000000E+00 +-    0.0000000000E+00   
vd1pr-vd1 diff                 1.75000000E-02   0.0000000000E+00 +-    0.0000000000E+00   
vepr-ve diff                   1.75000000E-02   0.0000000000E+00 +-    0.0000000000E+00   
diff1 2piapr-2pia-2picxx       1.75000000E-02   0.0000000000E+00 +-    0.0000000000E+00   
diff2 vd1pr-vd1-2picxd         1.75000000E-02   0.0000000000E+00 +-    0.0000000000E+00   
diff3 vepr-ve-2picdd           1.75000000E-02   0.0000000000E+00 +-    0.0000000000E+00   
sum diff1+dif2+diff3           1.75000000E-02   0.0000000000E+00 +-    0.0000000000E+00   
proton rms                     1.75000000E-02   1.6832705440E+00 +-    1.3891288976E-02   
neutron rms                    1.75000000E-02   1.4937239292E+00 +-    9.6645833118E-03   
total rms                      1.75000000E-02   1.5873948384E+00 +-    1.1203309635E-02   
neutron-proton rms             1.75000000E-02  -1.8954661483E-01 +-    1.2158871226E-02   
GT sigXtau+                    1.75000000E-02   9.6815670557E-05 +-    2.8681755870E-05   
GT sigYtau+                    1.75000000E-02   7.6722992461E-05 +-    3.4895804719E-05   
GT sigZtau+                    1.75000000E-02  -1.2796633391E-03 +-    2.8909484751E-05   
GT sigXtau-                    1.75000000E-02  -3.6246398639E-04 +-    2.7579957852E-05   
GT sigYtau-                    1.75000000E-02  -8.5205312135E-04 +-    3.1634486802E-05   
GT sigZtau-                    1.75000000E-02  -1.2844359869E-04 +-    1.5948917515E-05   
F tau+                         1.75000000E-02   1.3741878361E-18 +-    6.2671665111E-20   
F tau-                         1.75000000E-02  -7.1817304137E-19 +-    4.3943249602E-20   
Psi**2                         1.75000000E-02   3.5843945394E-05 +-    1.1509065362E-06   
single crossing/step           1.75000000E-02   8.5631953284E-03 +-    4.3897165411E-05   
global crossing/step           1.75000000E-02   8.4315516343E-03 +-    8.7122660810E-05   
energy numerator(real)         1.75000000E-02  -4.1059109047E-01 +-    1.0955725458E+00   
denominator psit/psigi(real)   1.75000000E-02  -4.4044710287E-02 +-    1.3393439704E-02   
energy numerator(aimag)        1.75000000E-02   9.5011686864E-02 +-    6.9922034032E-01   
denominator psit/psigi(aimag)  1.75000000E-02  -5.6815666075E-02 +-    8.8779943265E-03   
growth(lin dt) energy          1.75000000E-02  -2.6961686291E+02 +-    5.8780362667E+00   
growth(global) energy          1.75000000E-02  -2.8133578226E+02 +-    1.2808011370E+01
growth energy                  1.75000000E-02  -2.6927494456E+02 +-    5.8533707755E+00
Time for propagation (sec) (min) =          21.991      0.367
Time for energies (sec) (min) =              0.829      0.014
Time for load balancing (sec) (min) =        0.028      0.000
Time for block (sec) (min) =                23.417      0.390
Time for operators (sec) (min) =             0.026      0.000
Elapsed block time (sec) (min) =           159.132      2.652
 
 walkers multiplicity, block, total
   0          55181         349953
   1        1015294        6921071
   2          54515         345620
   3            456           2447
   4             69            426
   5             25            146
   6             15             56
   7             10             29
   8              4             14
   9              2              8
  10              2             10
  11              1              2
  12              1              6
  13              0              4
  14              0              1
  15              0              1
  16              1              1
  19              0              1
  20              1              5
 
 

iteration =                               8
walker number =                       10337
total energy-propagated        2.00000000E-02  -2.3795249714E+01 +-    1.2103290986E+00   
kinetic energy                 2.00000000E-02   2.0705549960E+02 +-    2.4474464178E+00   
potential energy               2.00000000E-02  -2.3085074931E+02 +-    2.5665850174E+00   
im energy                      2.00000000E-02  -2.4718899620E-01 +-    1.0228579168E+00   
imkin energy                   2.00000000E-02   5.3424971739E+01 +-    9.9658064816E-01   
impot energy                   2.00000000E-02  -5.3672160736E+01 +-    1.0105749292E+00   
v cent                         2.00000000E-02   1.4548812751E+02 +-    3.3652441509E+00   
v tau                          2.00000000E-02  -4.1701707097E+01 +-    1.3326940221E+00   
v sigma                        2.00000000E-02   5.2535959274E+00 +-    3.4313645702E-01   
v sigtau                       2.00000000E-02  -7.4202945491E+01 +-    1.1742316778E+00   
v tensor                       2.00000000E-02   2.5673616516E+00 +-    3.3152987963E-01   
v tenstau                      2.00000000E-02  -2.6825518181E+02 +-    3.2685645667E+00   
v ls                           2.00000000E-02   0.0000000000E+00 +-    0.0000000000E+00   
v lstau                        2.00000000E-02   0.0000000000E+00 +-    0.0000000000E+00   
vpot v6                        2.00000000E-02  -2.3085074931E+02 +-    2.5665850174E+00   
vpot v8                        2.00000000E-02  -2.3085074931E+02 +-    2.5665850174E+00   
v coulomb                      2.00000000E-02   5.1142460194E-01 +-    6.7544189290E-03   
v external                     2.00000000E-02   0.0000000000E+00 +-    0.0000000000E+00   
tni 2pipr-anticomm             2.00000000E-02   0.0000000000E+00 +-    0.0000000000E+00   
tni vd1pr                      2.00000000E-02   0.0000000000E+00 +-    0.0000000000E+00   
tni vepr                       2.00000000E-02   0.0000000000E+00 +-    0.0000000000E+00   
tni central                    2.00000000E-02   0.0000000000E+00 +-    0.0000000000E+00   
tni 2pixx-anticommutator       2.00000000E-02   0.0000000000E+00 +-    0.0000000000E+00   
tni 2pixd-anticommutator       2.00000000E-02   0.0000000000E+00 +-    0.0000000000E+00   
tni 2pidd-anticommutator       2.00000000E-02   0.0000000000E+00 +-    0.0000000000E+00   
tni 2pixx-commutator           2.00000000E-02   0.0000000000E+00 +-    0.0000000000E+00   
tni 2pixd-commutator           2.00000000E-02   0.0000000000E+00 +-    0.0000000000E+00   
tni 2pidd-commutator           2.00000000E-02   0.0000000000E+00 +-    0.0000000000E+00   
tni 2pi-tm                     2.00000000E-02   0.0000000000E+00 +-    0.0000000000E+00   
tni vd1                        2.00000000E-02   0.0000000000E+00 +-    0.0000000000E+00   
tni vd2                        2.00000000E-02   0.0000000000E+00 +-    0.0000000000E+00   
tni ve                         2.00000000E-02   0.0000000000E+00 +-    0.0000000000E+00   
vpottot v8+tni                 2.00000000E-02  -2.3085074931E+02 +-    2.5665850174E+00   
enetot v8+tni                  2.00000000E-02  -2.3795249714E+01 +-    1.2103290986E+00   
vper cent                      2.00000000E-02   1.4548812751E+02 +-    3.3652441509E+00   
vper tau                       2.00000000E-02  -4.1701707097E+01 +-    1.3326940221E+00   
vper sigma                     2.00000000E-02   5.2535959274E+00 +-    3.4313645702E-01   
vper sigtau                    2.00000000E-02  -7.4202945491E+01 +-    1.1742316778E+00   
vper tensor                    2.00000000E-02   2.5673616516E+00 +-    3.3152987963E-01   
vper tenstau                   2.00000000E-02  -2.6825518181E+02 +-    3.2685645667E+00   
vper ls                        2.00000000E-02   0.0000000000E+00 +-    0.0000000000E+00   
vper lstau                     2.00000000E-02   0.0000000000E+00 +-    0.0000000000E+00   
vpotper v6                     2.00000000E-02  -2.3085074931E+02 +-    2.5665850174E+00   
vpotper v8                     2.00000000E-02  -2.3085074931E+02 +-    2.5665850174E+00   
vpotv6pr-vpotv6per diff        2.00000000E-02   0.0000000000E+00 +-    0.0000000000E+00   
vpotv8pr-vpotv8per diff        2.00000000E-02   0.0000000000E+00 +-    0.0000000000E+00   
2piapr-2pia diff               2.00000000E-02   0.0000000000E+00 +-    0.0000000000E+00   
vd1pr-vd1 diff                 2.00000000E-02   0.0000000000E+00 +-    0.0000000000E+00   
vepr-ve diff                   2.00000000E-02   0.0000000000E+00 +-    0.0000000000E+00   
diff1 2piapr-2pia-2picxx       2.00000000E-02   0.0000000000E+00 +-    0.0000000000E+00   
diff2 vd1pr-vd1-2picxd         2.00000000E-02   0.0000000000E+00 +-    0.0000000000E+00   
diff3 vepr-ve-2picdd           2.00000000E-02   0.0000000000E+00 +-    0.0000000000E+00   
sum diff1+dif2+diff3           2.00000000E-02   0.0000000000E+00 +-    0.0000000000E+00   
proton rms                     2.00000000E-02   1.4808023175E+00 +-    5.8077590859E-03   
neutron rms                    2.00000000E-02   1.0650390387E+00 +-    1.4345212771E-02   
total rms                      2.00000000E-02   1.2911516405E+00 +-    8.5507168262E-03   
neutron-proton rms             2.00000000E-02  -4.1576327885E-01 +-    9.7590001961E-03   
GT sigXtau+                    2.00000000E-02  -5.2762826042E-04 +-    4.7612252085E-05   
GT sigYtau+                    2.00000000E-02  -1.1770447343E-03 +-    4.0245158657E-05   
GT sigZtau+                    2.00000000E-02   1.1210236132E-03 +-    5.3847590208E-05   
GT sigXtau-                    2.00000000E-02  -4.9893725315E-04 +-    3.3713592333E-05   
GT sigYtau-                    2.00000000E-02  -1.8851732954E-03 +-    5.4139194031E-05   
GT sigZtau-                    2.00000000E-02   1.1077460731E-03 +-    3.2482821127E-05   
F tau+                         2.00000000E-02   7.8583245829E-19 +-    7.6555862225E-20   
F tau-                         2.00000000E-02   2.4028865881E-18 +-    6.6354952589E-20   
Psi**2                         2.00000000E-02   6.5010397184E-05 +-    1.9331730595E-06   
single crossing/step           2.00000000E-02   8.1849485585E-03 +-    4.3020155944E-05   
global crossing/step           2.00000000E-02   8.0668547656E-03 +-    8.5422439859E-05   
energy numerator(real)         2.00000000E-02  -1.1585274101E+00 +-    8.7312172219E-01   
denominator psit/psigi(real)   2.00000000E-02   2.9319906670E-02 +-    1.3752988462E-02   
energy numerator(aimag)        2.00000000E-02  -9.5753935149E-01 +-    6.0079302537E-01   
denominator psit/psigi(aimag)  2.00000000E-02  -1.1067451449E-02 +-    9.3232142951E-03   
growth(lin dt) energy          2.00000000E-02  -2.7742487869E+02 +-    5.9372067273E+00   
growth(global) energy          2.00000000E-02  -2.7357650533E+02 +-    1.2742837782E+01
growth energy                  2.00000000E-02  -2.7705000947E+02 +-    5.9111395758E+00
Time for propagation (sec) (min) =          21.894      0.365
Time for energies (sec) (min) =              0.726      0.012
Time for load balancing (sec) (min) =        0.028      0.000
Time for block (sec) (min) =                23.220      0.387
Time for operators (sec) (min) =             0.023      0.000
Elapsed block time (sec) (min) =           182.374      3.040
 
 walkers multiplicity, block, total
   0          58456         408409
   1        1018208        7939279
   2          55450         401070
   3            469           2916
   4             91            517
   5             33            179
   6             11             67
   7              3             32
   8              8             22
   9              4             12
  10              1             11
  11              2              4
  12              0              6
  13              0              4
  14              0              1
  15              0              1
  16              0              1
  19              0              1
  20              0              5
 
 

iteration =                               9
walker number =                       10230
total energy-propagated        2.25000000E-02   4.2604860268E+00 +-    1.1332430592E+00   
kinetic energy                 2.25000000E-02  -1.6299842386E+02 +-    2.4934812458E+00   
potential energy               2.25000000E-02   1.6725890989E+02 +-    2.7570473497E+00   
im energy                      2.25000000E-02  -2.6298750930E+01 +-    1.0488671174E+00   
imkin energy                   2.25000000E-02  -3.8223098622E+01 +-    1.2640414483E+00   
impot energy                   2.25000000E-02   1.1924347692E+01 +-    1.7197922258E+00   
v cent                         2.25000000E-02   8.4066115964E+01 +-    4.2073375986E+00   
v tau                          2.25000000E-02   5.1345489171E+00 +-    7.6567650602E-01   
v sigma                        2.25000000E-02  -4.3015260019E+01 +-    6.5446143323E-01   
v sigtau                       2.25000000E-02  -7.2075402387E+01 +-    4.8259392739E-01   
v tensor                       2.25000000E-02  -3.4409435433E+01 +-    8.2363940238E-01   
v tenstau                      2.25000000E-02   2.2755834284E+02 +-    3.9965717925E+00   
v ls                           2.25000000E-02   0.0000000000E+00 +-    0.0000000000E+00   
v lstau                        2.25000000E-02   0.0000000000E+00 +-    0.0000000000E+00   
vpot v6                        2.25000000E-02   1.6725890989E+02 +-    2.7570473497E+00   
vpot v8                        2.25000000E-02   1.6725890989E+02 +-    2.7570473497E+00   
v coulomb                      2.25000000E-02   7.1616549576E-01 +-    6.1424417303E-03   
v external                     2.25000000E-02   0.0000000000E+00 +-    0.0000000000E+00   
tni 2pipr-anticomm             2.25000000E-02   0.0000000000E+00 +-    0.0000000000E+00   
tni vd1pr                      2.25000000E-02   0.0000000000E+00 +-    0.0000000000E+00   
tni vepr                       2.25000000E-02   0.0000000000E+00 +-    0.0000000000E+00   
tni central                    2.25000000E-02   0.0000000000E+00 +-    0.0000000000E+00   
tni 2pixx-anticommutator       2.25000000E-02   0.0000000000E+00 +-    0.0000000000E+00   
tni 2pixd-anticommutator       2.25000000E-02   0.0000000000E+00 +-    0.0000000000E+00   
tni 2pidd-anticommutator       2.25000000E-02   0.0000000000E+00 +-    0.0000000000E+00   
tni 2pixx-commutator           2.25000000E-02   0.0000000000E+00 +-    0.0000000000E+00   
tni 2pixd-commutator           2.25000000E-02   0.0000000000E+00 +-    0.0000000000E+00   
tni 2pidd-commutator           2.25000000E-02   0.0000000000E+00 +-    0.0000000000E+00   
tni 2pi-tm                     2.25000000E-02   0.0000000000E+00 +-    0.0000000000E+00   
tni vd1                        2.25000000E-02   0.0000000000E+00 +-    0.0000000000E+00   
tni vd2                        2.25000000E-02   0.0000000000E+00 +-    0.0000000000E+00   
tni ve                         2.25000000E-02   0.0000000000E+00 +-    0.0000000000E+00   
vpottot v8+tni                 2.25000000E-02   1.6725890989E+02 +-    2.7570473497E+00   
enetot v8+tni                  2.25000000E-02   4.2604860268E+00 +-    1.1332430592E+00   
vper cent                      2.25000000E-02   8.4066115964E+01 +-    4.2073375986E+00   
vper tau                       2.25000000E-02   5.1345489171E+00 +-    7.6567650602E-01   
vper sigma                     2.25000000E-02  -4.3015260019E+01 +-    6.5446143323E-01   
vper sigtau                    2.25000000E-02  -7.2075402387E+01 +-    4.8259392739E-01   
vper tensor                    2.25000000E-02  -3.4409435433E+01 +-    8.2363940238E-01   
vper tenstau                   2.25000000E-02   2.2755834284E+02 +-    3.9965717925E+00   
vper ls                        2.25000000E-02   0.0000000000E+00 +-    0.0000000000E+00   
vper lstau                     2.25000000E-02   0.0000000000E+00 +-    0.0000000000E+00   
vpotper v6                     2.25000000E-02   1.6725890989E+02 +-    2.7570473497E+00   
vpotper v8                     2.25000000E-02   1.6725890989E+02 +-    2.7570473497E+00   
vpotv6pr-vpotv6per diff        2.25000000E-02   0.0000000000E+00 +-    0.0000000000E+00   
vpotv8pr-vpotv8per diff        2.25000000E-02   0.0000000000E+00 +-    0.0000000000E+00   
2piapr-2pia diff               2.25000000E-02   0.0000000000E+00 +-    0.0000000000E+00   
vd1pr-vd1 diff                 2.25000000E-02   0.0000000000E+00 +-    0.0000000000E+00   
vepr-ve diff                   2.25000000E-02   0.0000000000E+00 +-    0.0000000000E+00   
diff1 2piapr-2pia-2picxx       2.25000000E-02   0.0000000000E+00 +-    0.0000000000E+00   
diff2 vd1pr-vd1-2picxd         2.25000000E-02   0.0000000000E+00 +-    0.0000000000E+00   
diff3 vepr-ve-2picdd           2.25000000E-02   0.0000000000E+00 +-    0.0000000000E+00   
sum diff1+dif2+diff3           2.25000000E-02   0.0000000000E+00 +-    0.0000000000E+00   
proton rms                     2.25000000E-02   2.1236597962E+00 +-    1.3236933718E-02   
neutron rms                    2.25000000E-02   2.1766693009E+00 +-    2.0639980658E-02   
total rms                      2.25000000E-02   2.1894537129E+00 +-    1.3162696721E-02   
neutron-proton rms             2.25000000E-02   5.3009504722E-02 +-    1.8706461229E-02   
GT sigXtau+                    2.25000000E-02  -9.4598974163E-04 +-    4.9255365692E-05   
GT sigYtau+                    2.25000000E-02  -2.4110232921E-03 +-    6.1850444756E-05   
GT sigZtau+                    2.25000000E-02   2.4437764066E-03 +-    1.4110489188E-05   
GT sigXtau-                    2.25000000E-02  -1.8796852924E-03 +-    2.6504191732E-05   
GT sigYtau-                    2.25000000E-02  -4.4284801851E-03 +-    5.8536147360E-05   
GT sigZtau-                    2.25000000E-02   4.8721643454E-04 +-    3.7644321498E-05   
F tau+                         2.25000000E-02  -4.9407128631E-18 +-    4.7941803674E-20   
F tau-                         2.25000000E-02  -8.5967202620E-19 +-    8.9517851876E-20   
Psi**2                         2.25000000E-02   4.4437365357E-05 +-    1.2522903407E-06   
single crossing/step           2.25000000E-02   7.5442048530E-03 +-    4.1056492528E-05   
global crossing/step           2.25000000E-02   7.4014705684E-03 +-    8.1338346592E-05   
energy numerator(real)         2.25000000E-02  -9.5833376606E-01 +-    8.8310263419E-01   
denominator psit/psigi(real)   2.25000000E-02  -6.3206710513E-03 +-    1.4149840349E-02   
energy numerator(aimag)        2.25000000E-02   8.9111705020E-02 +-    6.1888306717E-01   
denominator psit/psigi(aimag)  2.25000000E-02  -2.8157607170E-02 +-    9.5405360022E-03   
growth(lin dt) energy          2.25000000E-02  -2.4046900080E+02 +-    5.6105639015E+00   
growth(global) energy          2.25000000E-02  -2.4308581624E+02 +-    1.1750661660E+01
growth energy                  2.25000000E-02  -2.4023673159E+02 +-    5.5910965118E+00
Time for propagation (sec) (min) =          22.175      0.370
Time for energies (sec) (min) =              0.718      0.012
Time for load balancing (sec) (min) =        0.028      0.000
Time for block (sec) (min) =                23.438      0.391
Time for operators (sec) (min) =             0.024      0.000
Elapsed block time (sec) (min) =           205.844      3.431
 
 walkers multiplicity, block, total
   0          55732         464141
   1        1023781        8963060
   2          54505         455575
   3            380           3296
   4             67            584
   5             18            197
   6              5             72
   7              3             35
   8              1             23
   9              1             13
  10              2             13
  11              0              4
  12              1              7
  13              0              4
  14              0              1
  15              0              1
  16              0              1
  19              0              1
  20              0              5
 
 

iteration =                              10
walker number =                       10249
total energy-propagated        2.50000000E-02   1.0252204772E+01 +-    9.3714183085E-01   
kinetic energy                 2.50000000E-02  -6.1943226738E+01 +-    3.2205484836E+00   
potential energy               2.50000000E-02   7.2195431510E+01 +-    3.3706856906E+00   
im energy                      2.50000000E-02   5.9781174244E+00 +-    5.4469232143E-01   
imkin energy                   2.50000000E-02  -8.6471447778E+00 +-    1.2368920032E+00   
impot energy                   2.50000000E-02   1.4625262202E+01 +-    1.3170709647E+00   
v cent                         2.50000000E-02   1.9279787285E+02 +-    4.1770973071E+00   
v tau                          2.50000000E-02  -1.6052755605E+01 +-    7.7262129730E-01   
v sigma                        2.50000000E-02  -3.3087365561E+01 +-    9.5853787593E-01   
v sigtau                       2.50000000E-02  -8.1129648942E+01 +-    4.8220357145E-01   
v tensor                       2.50000000E-02  -6.6804279140E-01 +-    4.2919050156E-01   
v tenstau                      2.50000000E-02   1.0335371559E+01 +-    2.6316663483E+00   
v ls                           2.50000000E-02   0.0000000000E+00 +-    0.0000000000E+00   
v lstau                        2.50000000E-02   0.0000000000E+00 +-    0.0000000000E+00   
vpot v6                        2.50000000E-02   7.2195431510E+01 +-    3.3706856906E+00   
vpot v8                        2.50000000E-02   7.2195431510E+01 +-    3.3706856906E+00   
v coulomb                      2.50000000E-02   8.1009557481E-01 +-    7.9282324955E-03   
v external                     2.50000000E-02   0.0000000000E+00 +-    0.0000000000E+00   
tni 2pipr-anticomm             2.50000000E-02   0.0000000000E+00 +-    0.0000000000E+00   
tni vd1pr                      2.50000000E-02   0.0000000000E+00 +-    0.0000000000E+00   
tni vepr                       2.50000000E-02   0.0000000000E+00 +-    0.0000000000E+00   
tni central                    2.50000000E-02   0.0000000000E+00 +-    0.0000000000E+00   
tni 2pixx-anticommutator       2.50000000E-02   0.0000000000E+00 +-    0.0000000000E+00   
tni 2pixd-anticommutator       2.50000000E-02   0.0000000000E+00 +-    0.0000000000E+00   
tni 2pidd-anticommutator       2.50000000E-02   0.0000000000E+00 +-    0.0000000000E+00   
tni 2pixx-commutator           2.50000000E-02   0.0000000000E+00 +-    0.0000000000E+00   
tni 2pixd-commutator           2.50000000E-02   0.0000000000E+00 +-    0.0000000000E+00   
tni 2pidd-commutator           2.50000000E-02   0.0000000000E+00 +-    0.0000000000E+00   
tni 2pi-tm                     2.50000000E-02   0.0000000000E+00 +-    0.0000000000E+00   
tni vd1                        2.50000000E-02   0.0000000000E+00 +-    0.0000000000E+00   
tni vd2                        2.50000000E-02   0.0000000000E+00 +-    0.0000000000E+00   
tni ve                         2.50000000E-02   0.0000000000E+00 +-    0.0000000000E+00   
vpottot v8+tni                 2.50000000E-02   7.2195431510E+01 +-    3.3706856906E+00   
enetot v8+tni                  2.50000000E-02   1.0252204772E+01 +-    9.3714183085E-01   
vper cent                      2.50000000E-02   1.9279787285E+02 +-    4.1770973071E+00   
vper tau                       2.50000000E-02  -1.6052755605E+01 +-    7.7262129730E-01   
vper sigma                     2.50000000E-02  -3.3087365561E+01 +-    9.5853787593E-01   
vper sigtau                    2.50000000E-02  -8.1129648942E+01 +-    4.8220357145E-01   
vper tensor                    2.50000000E-02  -6.6804279140E-01 +-    4.2919050156E-01   
vper tenstau                   2.50000000E-02   1.0335371559E+01 +-    2.6316663483E+00   
vper ls                        2.50000000E-02   0.0000000000E+00 +-    0.0000000000E+00   
vper lstau                     2.50000000E-02   0.0000000000E+00 +-    0.0000000000E+00   
vpotper v6                     2.50000000E-02   7.2195431510E+01 +-    3.3706856906E+00   
vpotper v8                     2.50000000E-02   7.2195431510E+01 +-    3.3706856906E+00   
vpotv6pr-vpotv6per diff        2.50000000E-02   0.0000000000E+00 +-    0.0000000000E+00   
vpotv8pr-vpotv8per diff        2.50000000E-02   0.0000000000E+00 +-    0.0000000000E+00   
2piapr-2pia diff               2.50000000E-02   0.0000000000E+00 +-    0.0000000000E+00   
vd1pr-vd1 diff                 2.50000000E-02   0.0000000000E+00 +-    0.0000000000E+00   
vepr-ve diff                   2.50000000E-02   0.0000000000E+00 +-    0.0000000000E+00   
diff1 2piapr-2pia-2picxx       2.50000000E-02   0.0000000000E+00 +-    0.0000000000E+00   
diff2 vd1pr-vd1-2picxd         2.50000000E-02   0.0000000000E+00 +-    0.0000000000E+00   
diff3 vepr-ve-2picdd           2.50000000E-02   0.0000000000E+00 +-    0.0000000000E+00   
sum diff1+dif2+diff3           2.50000000E-02   0.0000000000E+00 +-    0.0000000000E+00   
proton rms                     2.50000000E-02   1.6076064434E+00 +-    1.1748179749E-02   
neutron rms                    2.50000000E-02   1.4675311921E+00 +-    1.5223103463E-02   
total rms                      2.50000000E-02   1.5138078551E+00 +-    1.0717124580E-02   
neutron-proton rms             2.50000000E-02  -1.4007525130E-01 +-    1.6400951917E-02   
GT sigXtau+                    2.50000000E-02  -3.0119472109E-04 +-    3.8407784772E-05   
GT sigYtau+                    2.50000000E-02   1.8136954091E-03 +-    4.1175115107E-05   
GT sigZtau+                    2.50000000E-02   1.2237112887E-03 +-    3.1259273484E-05   
GT sigXtau-                    2.50000000E-02  -8.9254881153E-04 +-    1.3747178755E-05   
GT sigYtau-                    2.50000000E-02   6.4480030053E-04 +-    2.8002703534E-05   
GT sigZtau-                    2.50000000E-02   6.0819345144E-05 +-    4.2989913893E-05   
F tau+                         2.50000000E-02  -4.8441649840E-19 +-    6.1011193976E-20   
F tau-                         2.50000000E-02  -5.0031871048E-19 +-    2.8474043454E-20   
Psi**2                         2.50000000E-02   4.0526229797E-05 +-    1.6036575950E-06   
single crossing/step           2.50000000E-02   8.0096161045E-03 +-    4.2586676447E-05   
global crossing/step           2.50000000E-02   7.8502911675E-03 +-    8.4328747364E-05   
energy numerator(real)         2.50000000E-02   1.1523578370E-01 +-    9.3440653457E-01   
denominator psit/psigi(real)   2.50000000E-02  -4.0558376507E-02 +-    1.4363426404E-02   
energy numerator(aimag)        2.50000000E-02  -1.1601984210E+00 +-    6.4738889470E-01   
denominator psit/psigi(aimag)  2.50000000E-02  -2.3405176562E-02 +-    9.5653926850E-03   
growth(lin dt) energy          2.50000000E-02  -2.5887952828E+02 +-    5.8244459939E+00   
growth(global) energy          2.50000000E-02  -2.5121271746E+02 +-    1.2416903357E+01
growth energy                  2.50000000E-02  -2.5858045418E+02 +-    5.8015600462E+00
Time for propagation (sec) (min) =          21.874      0.365
Time for energies (sec) (min) =              0.720      0.012
Time for load balancing (sec) (min) =        0.030      0.001
Time for block (sec) (min) =                23.146      0.386
Time for operators (sec) (min) =             0.021      0.000
Elapsed block time (sec) (min) =           229.012      3.817
 
 walkers multiplicity, block, total
   0          55444         519585
   1        1009136        9972196
   2          54216         509791
   3            373           3669
   4             79            663
   5             21            218
   6              5             77
   7              4             39
   8              5             28
   9              1             14
  10              2             15
  11              1              5
  12              0              7
  13              2              6
  14              0              1
  15              0              1
  16              0              1
  18              1              1
  19              0              1
  20              1              6
 
 

Time for steps      =     229.020 seconds,        3.817 minutes
Master Time for steps =     228.915 seconds,        3.815 minutes

Number of cpus =       100
Total job time =     234.113 seconds,        3.902 minutes,        0.065 hours
Total cpu-time =     390.188 minutes,        6.503 hours
Total time =         233.870 seconds,        3.898 minutes,        0.065 hours
Finished!
