Unconstrained Diffusion Monte Carlo Run -- no drift
!-!-!-!-!-!-!-!-!-!-!-!-!-!-!-!-!-!-!-!-!-!-!-!-!-!
MPI parameters:
Number of boss cpus =                         100
Number of worker cpus for each boss =           0
Total number of cpus =                        100
Simulation parameters:
random number seed =                          321
hbar^2/2m =                              20.73554
start from sites =                              F
nwalk =                                     10000
equilibration blocks =                          0
averaging blocks =                             10
nsteps/blocks =                               100
time step =                          0.0000250000
time step rotations (vmc) =          0.1700000000
trial energy =                          -26.00000
drift cutoff =                            0.00000
drastic population control up =           1.20000
drastic population control down =         0.80000
rebalance if walkers fluctuate more than   2.00 %
weight cut off =                         20.00000
table size =                                 8000
!-!-!-!-!-!-!-!-!-!-!-!-!-!-!-!-!-!-!-!-!-!-!-!-!-!
System parameters:
lpot =                                         11
lpotper =                                      11
potential  =                          argonne v6'
potentialpr =                         argonne v6'
Coulomb included in energy-propagation          F
multiply central v by =                   1.00000
multiply tau v by =                       1.00000
multiply sigma v by =                     1.00000
multiply sigma tau v by =                 1.00000
multiply tensor v by =                    1.00000
multiply tensor tau v by =                1.00000
multiply spin-orbit v by =                0.00000
multiply spin-orbit tau v by =            0.00000
three-body potential =                        no3
ibox (0 is nearest image) =                     0
!-!-!-!-!-!-!-!-!-!-!-!-!-!-!-!-!-!-!-!-!-!-!-!-!-!
propagate LS =                                  F
calculate LS =                                  F
type of correlations =           independent pair
scale orbital   1 with factor    1.14000
determinant # 1
coefficient                     1.00000   0.00000
1  1  0  1  alpha.orb    # 2J,2M,L,tau radial_file for state                    
1 -1  0  1  alpha.orb    # 2J,2M,L,tau radial_file for state                    
1  1  0 -1  alpha.orb    # 2J,2M,L,tau radial_file for state                    
1 -1  0 -1  alpha.orb    # 2J,2M,L,tau radial_file for state                    
rescaled coefficient            1.00000   0.00000
!-!-!-!-!-!-!-!-!-!-!-!-!-!-!-!-!-!-!-!-!-!-!-!-!-!
No external potential
!-!-!-!-!-!-!-!-!-!-!-!-!-!-!-!-!-!-!-!-!-!-!-!-!-!
rcut in pair sampling =                   1.00000
acut in pair sampling =                   5.00000
a constant in psig =                      0.20000
Number of protons =                             2
Number of neutrons =                            2
range of the potential =                 20.00000
!-!-!-!-!-!-!-!-!-!-!-!-!-!-!-!-!-!-!-!-!-!-!-!-!-!
do V3 =                                         F
three body force =                            no3
three body a2piPwa =                      0.000000000000000
three body a2piPwc =                      0.000000000000000
three body a2piSw =                       0.000000000000000
three body Vd,C,c3 =                      0.000000000000000
three body Ve,C,c3 =                      0.000000000000000
three body A_R =                          0.000000000000000
three body Vd1 =                          0.000000000000000
three body Vd2 =                          0.000000000000000
three body Ve =                           0.000000000000000
propagator: multiply the antic by =       0.000000000000000
propagator: multiply the Vd1 by =         0.000000000000000
propagator: multiply the Ve by =          0.000000000000000
propagator: three body a2piPW =           0.000000000000000
!-!-!-!-!-!-!-!-!-!-!-!-!-!-!-!-!-!-!-!-!-!-!-!-!-!
jastrow healing distance dc =             4.47768
jastrow healing distance dtn =           11.57317
jastrow rho =                             0.01000
potential quencher acn (v1) =             1.50851
potential quencher at  (v2) =             6.06936
potential quencher as  (v3) =             2.76780
potential quencher ast (v4) =             0.80880
potential quencher atn (v5) =             0.61864
potential quencher atn (v6) =             0.20141
potential quencher als (v7) =             0.00000
potential quencher alst (v8) =            0.00000
correlation quencher bt (f2) =            0.26685
correlation quencher bs (f3) =           -0.10565
correlation quencher bst (f4) =           0.42277
correlation quencher btn (f5) =           1.08683
correlation quencher btn (f6) =           4.44810
correlation quencher bls (f7) =           0.00000
correlation quencher blst (f8) =          0.00000
!-!-!-!-!-!-!-!-!-!-!-!-!-!-!-!-!-!-!-!-!-!-!-!-!-!
q1c parameter in f3c =                   12.87526
q2c parameter in f3c =                    1.60340
q1p parameter in f3p =                   -1.81620
q2p parameter in f3p =                    2.14789
!-!-!-!-!-!-!-!-!-!-!-!-!-!-!-!-!-!-!-!-!-!-!-!-!-!
rscal parameter in Uijk cent =            1.00000
rscal parameter in Uijk xpi =             1.00000
rscal parameter in Uijk delta =           1.00000
eps_c parameter in Uijk =                 0.00000
eps_anti parameter in Uijk =              0.00000
eps_tm parameter in Uijk =                0.00000
eps_vd1 parameter in Uijk =               0.00000
eps_vd2 parameter in Uijk =               0.00000
eps_vdc3 parameter in Uijk =              0.00000
eps_vec3 parameter in Uijk =              0.00000
eps_ve parameter in Uijk =                0.00000
eps_comm parameter in Uijk =              0.00000
eps_comm-XD parameter in Uijk =           0.00000
eps_comm-DD parameter in Uijk =           0.00000
TNI-comm correlation included =                 F
!-!-!-!-!-!-!-!-!-!-!-!-!-!-!-!-!-!-!-!-!-!-!-!-!-!
CSB correlation rscalpp =                 1.00000
CSB correlation rscalnn =                 1.00000
CSB correlation quencher pp =             0.00000
CSB correlation quencher nn =             0.00000
CSB correlation included =                      F
!-!-!-!-!-!-!-!-!-!-!-!-!-!-!-!-!-!-!-!-!-!-!-!-!-!
jastrow initialized
!-!-!-!-!-!-!-!-!-!-!-!-!-!-!-!-!-!-!-!-!-!-!-!-!-!
Symmetrize V6 in the propagator =               T
New propagation of Vlstau and commutator included!
Coulomb included in energy (and propag)         F
Initial walkers from file
Number of walkers =                          8730
Configurations at tau =              3.1375000000
Reset tau =                          0.0000000000
!-!-!-!-!-!-!-!-!-!-!-!-!-!-!-!-!-!-!-!-!-!-!-!-!-!
Time for reading configurations (sec.) =       0.72
!-!-!-!-!-!-!-!-!-!-!-!-!-!-!-!-!-!-!-!-!-!-!-!-!-!
Initial configurations:
total energy-propagated        0.00000000E+00  -2.6208645516E+01 +-    3.6445892964E-01   
kinetic energy                 0.00000000E+00   1.0504440941E+02 +-    1.6654173709E+00   
potential energy               0.00000000E+00  -1.3125305493E+02 +-    1.6254665903E+00   
v cent                         0.00000000E+00   1.7410728760E+01 +-    1.5178571220E+00   
v tau                          0.00000000E+00  -7.5101514591E+00 +-    2.2056869807E-01   
v sigma                        0.00000000E+00  -8.4935075922E+00 +-    2.4412281310E-01   
v sigtau                       0.00000000E+00  -6.0120407908E+01 +-    5.6047850819E-01   
v tensor                       0.00000000E+00   5.1081758667E-01 +-    1.2523718936E-01   
v tenstau                      0.00000000E+00  -7.3050534317E+01 +-    9.7745040158E-01   
v ls                           0.00000000E+00   0.0000000000E+00 +-    0.0000000000E+00   
v lstau                        0.00000000E+00   0.0000000000E+00 +-    0.0000000000E+00   
v coulomb                      0.00000000E+00   7.4608308043E-01 +-    2.8815568364E-03   
v external                     0.00000000E+00   0.0000000000E+00 +-    0.0000000000E+00   
tni 2pipr-anticomm             0.00000000E+00   0.0000000000E+00 +-    0.0000000000E+00   
tni vd1pr                      0.00000000E+00   0.0000000000E+00 +-    0.0000000000E+00   
tni vepr                       0.00000000E+00   0.0000000000E+00 +-    0.0000000000E+00   
tni central                    0.00000000E+00   0.0000000000E+00 +-    0.0000000000E+00   
tni 2pixx-anticommutator       0.00000000E+00   0.0000000000E+00 +-    0.0000000000E+00   
tni 2pixd-anticommutator       0.00000000E+00   0.0000000000E+00 +-    0.0000000000E+00   
tni 2pidd-anticommutator       0.00000000E+00   0.0000000000E+00 +-    0.0000000000E+00   
tni 2pixx-commutator           0.00000000E+00   0.0000000000E+00 +-    0.0000000000E+00   
tni 2pixd-commutator           0.00000000E+00   0.0000000000E+00 +-    0.0000000000E+00   
tni 2pidd-commutator           0.00000000E+00   0.0000000000E+00 +-    0.0000000000E+00   
tni 2pi-tm                     0.00000000E+00   0.0000000000E+00 +-    0.0000000000E+00   
tni vd1                        0.00000000E+00   0.0000000000E+00 +-    0.0000000000E+00   
tni vd2                        0.00000000E+00   0.0000000000E+00 +-    0.0000000000E+00   
tni ve                         0.00000000E+00   0.0000000000E+00 +-    0.0000000000E+00   
enetot v8+tni                  0.00000000E+00  -2.6208645516E+01 +-    3.6445892964E-01   
!-!-!-!-!-!-!-!-!-!-!-!-!-!-!-!-!-!-!-!-!-!-!-!-!-!
Psi**2 of initial configurations  =   0.2688882E-04  0.0000000E+00  +-    0.6815046E-06  0.0000000E+00
Psig**2 of initial configurations =   0.1693111E-04  0.0000000E+00  +-    0.5024995E-06  0.0000000E+00
!-!-!-!-!-!-!-!-!-!-!-!-!-!-!-!-!-!-!-!-!-!-!-!-!-!
T**2 of initial configurations  =  -0.1569415E-07 -0.1338089E-10
Tz of initial configurations    =   0.1193542E-13 -0.1711209E-13
J**2 of initial configurations  =   0.3258011E-07  0.4232796E-09
Jz of initial configurations    =   0.1265602E-13 -0.5374584E-14
!-!-!-!-!-!-!-!-!-!-!-!-!-!-!-!-!-!-!-!-!-!-!-!-!-!
!-!-!-!-!-!-!-!-!-!-!-!-!-!-!-!-!-!-!-!-!-!-!-!-!-!
Time to process initial configurations (sec.) =       1.50
!-!-!-!-!-!-!-!-!-!-!-!-!-!-!-!-!-!-!-!-!-!-!-!-!-!

equilibration done

iteration =                               1
walker number =                       10281
total energy-propagated        2.50000000E-03  -2.8515946211E+01 +-    2.7864324551E-01   
kinetic energy                 2.50000000E-03   9.5848486138E+01 +-    1.5025621656E+00   
potential energy               2.50000000E-03  -1.2436443235E+02 +-    1.5014966524E+00   
im energy                      2.50000000E-03  -9.6169861262E-01 +-    2.0927290160E-01   
imkin energy                   2.50000000E-03   5.7104878359E-02 +-    3.6941138152E-01   
impot energy                   2.50000000E-03  -1.0188034910E+00 +-    4.4009585296E-01   
v cent                         2.50000000E-03   2.0885862957E+01 +-    1.4940406823E+00   
v tau                          2.50000000E-03  -7.9296242172E+00 +-    2.1028909659E-01   
v sigma                        2.50000000E-03  -8.8323661111E+00 +-    1.4009311397E-01   
v sigtau                       2.50000000E-03  -6.0877655794E+01 +-    5.4864849513E-01   
v tensor                       2.50000000E-03   5.8960920375E-01 +-    1.0277052715E-01   
v tenstau                      2.50000000E-03  -6.8200258388E+01 +-    8.2977700194E-01   
v ls                           2.50000000E-03   0.0000000000E+00 +-    0.0000000000E+00   
v lstau                        2.50000000E-03   0.0000000000E+00 +-    0.0000000000E+00   
vpot v6                        2.50000000E-03  -1.2436443235E+02 +-    1.5014966524E+00   
vpot v8                        2.50000000E-03  -1.2436443235E+02 +-    1.5014966524E+00   
v coulomb                      2.50000000E-03   7.4427642656E-01 +-    2.7779239302E-03   
v external                     2.50000000E-03   0.0000000000E+00 +-    0.0000000000E+00   
tni 2pipr-anticomm             2.50000000E-03   0.0000000000E+00 +-    0.0000000000E+00   
tni vd1pr                      2.50000000E-03   0.0000000000E+00 +-    0.0000000000E+00   
tni vepr                       2.50000000E-03   0.0000000000E+00 +-    0.0000000000E+00   
tni central                    2.50000000E-03   0.0000000000E+00 +-    0.0000000000E+00   
tni 2pixx-anticommutator       2.50000000E-03   0.0000000000E+00 +-    0.0000000000E+00   
tni 2pixd-anticommutator       2.50000000E-03   0.0000000000E+00 +-    0.0000000000E+00   
tni 2pidd-anticommutator       2.50000000E-03   0.0000000000E+00 +-    0.0000000000E+00   
tni 2pixx-commutator           2.50000000E-03   0.0000000000E+00 +-    0.0000000000E+00   
tni 2pixd-commutator           2.50000000E-03   0.0000000000E+00 +-    0.0000000000E+00   
tni 2pidd-commutator           2.50000000E-03   0.0000000000E+00 +-    0.0000000000E+00   
tni 2pi-tm                     2.50000000E-03   0.0000000000E+00 +-    0.0000000000E+00   
tni vd1                        2.50000000E-03   0.0000000000E+00 +-    0.0000000000E+00   
tni vd2                        2.50000000E-03   0.0000000000E+00 +-    0.0000000000E+00   
tni ve                         2.50000000E-03   0.0000000000E+00 +-    0.0000000000E+00   
vpottot v8+tni                 2.50000000E-03  -1.2436443235E+02 +-    1.5014966524E+00   
enetot v8+tni                  2.50000000E-03  -2.8515946211E+01 +-    2.7864324551E-01   
vper cent                      2.50000000E-03   2.0885862957E+01 +-    1.4940406823E+00   
vper tau                       2.50000000E-03  -7.9296242172E+00 +-    2.1028909659E-01   
vper sigma                     2.50000000E-03  -8.8323661111E+00 +-    1.4009311397E-01   
vper sigtau                    2.50000000E-03  -6.0877655794E+01 +-    5.4864849513E-01   
vper tensor                    2.50000000E-03   5.8960920375E-01 +-    1.0277052715E-01   
vper tenstau                   2.50000000E-03  -6.8200258388E+01 +-    8.2977700194E-01   
vper ls                        2.50000000E-03   0.0000000000E+00 +-    0.0000000000E+00   
vper lstau                     2.50000000E-03   0.0000000000E+00 +-    0.0000000000E+00   
vpotper v6                     2.50000000E-03  -1.2436443235E+02 +-    1.5014966524E+00   
vpotper v8                     2.50000000E-03  -1.2436443235E+02 +-    1.5014966524E+00   
vpotv6pr-vpotv6per diff        2.50000000E-03   0.0000000000E+00 +-    0.0000000000E+00   
vpotv8pr-vpotv8per diff        2.50000000E-03   0.0000000000E+00 +-    0.0000000000E+00   
2piapr-2pia diff               2.50000000E-03   0.0000000000E+00 +-    0.0000000000E+00   
vd1pr-vd1 diff                 2.50000000E-03   0.0000000000E+00 +-    0.0000000000E+00   
vepr-ve diff                   2.50000000E-03   0.0000000000E+00 +-    0.0000000000E+00   
diff1 2piapr-2pia-2picxx       2.50000000E-03   0.0000000000E+00 +-    0.0000000000E+00   
diff2 vd1pr-vd1-2picxd         2.50000000E-03   0.0000000000E+00 +-    0.0000000000E+00   
diff3 vepr-ve-2picdd           2.50000000E-03   0.0000000000E+00 +-    0.0000000000E+00   
sum diff1+dif2+diff3           2.50000000E-03   0.0000000000E+00 +-    0.0000000000E+00   
proton rms                     2.50000000E-03   2.1326370959E+00 +-    1.4193646421E-02   
neutron rms                    2.50000000E-03   2.2193462983E+00 +-    1.4259243010E-02   
total rms                      2.50000000E-03   2.1745324073E+00 +-    1.2582050385E-02   
neutron-proton rms             2.50000000E-03   8.6709202386E-02 +-    1.3183925547E-02   
GT sigXtau+                    2.50000000E-03  -5.0934512989E-05 +-    2.3610099708E-05   
GT sigYtau+                    2.50000000E-03  -8.5857472890E-06 +-    2.2549730208E-05   
GT sigZtau+                    2.50000000E-03   1.6579365661E-05 +-    2.2843471728E-05   
GT sigXtau-                    2.50000000E-03  -3.0352807102E-06 +-    2.2399689514E-05   
GT sigYtau-                    2.50000000E-03  -1.0075804671E-04 +-    2.1907537887E-05   
GT sigZtau-                    2.50000000E-03   6.4783565845E-05 +-    2.1777206635E-05   
F tau+                         2.50000000E-03   7.1563275730E-20 +-    4.0592718812E-20   
F tau-                         2.50000000E-03   1.1934674529E-20 +-    3.7584660379E-20   
Psi**2                         2.50000000E-03   2.8466830473E-05 +-    6.9566473853E-07   
single crossing/step           2.50000000E-03   9.1694252474E-03 +-    4.9512783976E-05   
global crossing/step           2.50000000E-03   8.9843206120E-03 +-    9.8030105211E-05   
energy numerator(real)         2.50000000E-03  -3.1595936555E+01 +-    8.7718380712E-01   
denominator psit/psigi(real)   2.50000000E-03   1.1080933748E+00 +-    1.1503600617E-02   
energy numerator(aimag)        2.50000000E-03  -6.9865046034E-01 +-    5.8162455874E-01   
denominator psit/psigi(aimag)  2.50000000E-03   4.6990930303E-03 +-    7.3325989965E-03   
growth(lin dt) energy          2.50000000E-03  -1.8697713027E+02 +-    4.9948337094E+00   
growth(global) energy          2.50000000E-03  -1.6957703368E+02 +-    1.1460065401E+01
growth energy                  2.50000000E-03  -1.8689118406E+02 +-    4.9841831959E+00
Time for propagation (sec) (min) =          18.489      0.308
Time for energies (sec) (min) =              0.718      0.012
Time for load balancing (sec) (min) =        0.060      0.001
Time for block (sec) (min) =                19.927      0.332
Time for operators (sec) (min) =             0.017      0.000
Elapsed block time (sec) (min) =            19.945      0.332
 
 walkers multiplicity, block, total
   0          35155          35155
   1         854914         854914
   2          36260          36260
   3            132            132
   4             23             23
   5              5              5
   6              6              6
   7              2              2
   8              3              3
   9              0              0
  10              2              2
  13              1              1
 
 

iteration =                               2
walker number =                       11524
total energy-propagated        5.00000000E-03  -3.1228156534E+01 +-    2.5655595304E+00   
kinetic energy                 5.00000000E-03   1.0458821904E+02 +-    2.1036039916E+00   
potential energy               5.00000000E-03  -1.3581637557E+02 +-    1.7746353010E+00   
im energy                      5.00000000E-03  -4.4275010732E-01 +-    8.7492636026E-01   
imkin energy                   5.00000000E-03  -2.0936094576E+00 +-    4.6241821065E-01   
impot energy                   5.00000000E-03   1.6508593503E+00 +-    1.0879733482E+00   
v cent                         5.00000000E-03   1.7238314563E+01 +-    1.2699631882E+00   
v tau                          5.00000000E-03  -8.5811084400E+00 +-    3.3841402244E-01   
v sigma                        5.00000000E-03  -6.4070846841E+00 +-    1.2453923898E+00   
v sigtau                       5.00000000E-03  -6.0409807885E+01 +-    9.7168362768E-01   
v tensor                       5.00000000E-03   3.5399606308E-01 +-    5.8535096031E-01   
v tenstau                      5.00000000E-03  -7.8010685188E+01 +-    2.3325327149E+00   
v ls                           5.00000000E-03   0.0000000000E+00 +-    0.0000000000E+00   
v lstau                        5.00000000E-03   0.0000000000E+00 +-    0.0000000000E+00   
vpot v6                        5.00000000E-03  -1.3581637557E+02 +-    1.7746353010E+00   
vpot v8                        5.00000000E-03  -1.3581637557E+02 +-    1.7746353010E+00   
v coulomb                      5.00000000E-03   7.0826714130E-01 +-    2.3151256568E-02   
v external                     5.00000000E-03   0.0000000000E+00 +-    0.0000000000E+00   
tni 2pipr-anticomm             5.00000000E-03   0.0000000000E+00 +-    0.0000000000E+00   
tni vd1pr                      5.00000000E-03   0.0000000000E+00 +-    0.0000000000E+00   
tni vepr                       5.00000000E-03   0.0000000000E+00 +-    0.0000000000E+00   
tni central                    5.00000000E-03   0.0000000000E+00 +-    0.0000000000E+00   
tni 2pixx-anticommutator       5.00000000E-03   0.0000000000E+00 +-    0.0000000000E+00   
tni 2pixd-anticommutator       5.00000000E-03   0.0000000000E+00 +-    0.0000000000E+00   
tni 2pidd-anticommutator       5.00000000E-03   0.0000000000E+00 +-    0.0000000000E+00   
tni 2pixx-commutator           5.00000000E-03   0.0000000000E+00 +-    0.0000000000E+00   
tni 2pixd-commutator           5.00000000E-03   0.0000000000E+00 +-    0.0000000000E+00   
tni 2pidd-commutator           5.00000000E-03   0.0000000000E+00 +-    0.0000000000E+00   
tni 2pi-tm                     5.00000000E-03   0.0000000000E+00 +-    0.0000000000E+00   
tni vd1                        5.00000000E-03   0.0000000000E+00 +-    0.0000000000E+00   
tni vd2                        5.00000000E-03   0.0000000000E+00 +-    0.0000000000E+00   
tni ve                         5.00000000E-03   0.0000000000E+00 +-    0.0000000000E+00   
vpottot v8+tni                 5.00000000E-03  -1.3581637557E+02 +-    1.7746353010E+00   
enetot v8+tni                  5.00000000E-03  -3.1228156534E+01 +-    2.5655595304E+00   
vper cent                      5.00000000E-03   1.7238314563E+01 +-    1.2699631882E+00   
vper tau                       5.00000000E-03  -8.5811084400E+00 +-    3.3841402244E-01   
vper sigma                     5.00000000E-03  -6.4070846841E+00 +-    1.2453923898E+00   
vper sigtau                    5.00000000E-03  -6.0409807885E+01 +-    9.7168362768E-01   
vper tensor                    5.00000000E-03   3.5399606308E-01 +-    5.8535096031E-01   
vper tenstau                   5.00000000E-03  -7.8010685188E+01 +-    2.3325327149E+00   
vper ls                        5.00000000E-03   0.0000000000E+00 +-    0.0000000000E+00   
vper lstau                     5.00000000E-03   0.0000000000E+00 +-    0.0000000000E+00   
vpotper v6                     5.00000000E-03  -1.3581637557E+02 +-    1.7746353010E+00   
vpotper v8                     5.00000000E-03  -1.3581637557E+02 +-    1.7746353010E+00   
vpotv6pr-vpotv6per diff        5.00000000E-03   0.0000000000E+00 +-    0.0000000000E+00   
vpotv8pr-vpotv8per diff        5.00000000E-03   0.0000000000E+00 +-    0.0000000000E+00   
2piapr-2pia diff               5.00000000E-03   0.0000000000E+00 +-    0.0000000000E+00   
vd1pr-vd1 diff                 5.00000000E-03   0.0000000000E+00 +-    0.0000000000E+00   
vepr-ve diff                   5.00000000E-03   0.0000000000E+00 +-    0.0000000000E+00   
diff1 2piapr-2pia-2picxx       5.00000000E-03   0.0000000000E+00 +-    0.0000000000E+00   
diff2 vd1pr-vd1-2picxd         5.00000000E-03   0.0000000000E+00 +-    0.0000000000E+00   
diff3 vepr-ve-2picdd           5.00000000E-03   0.0000000000E+00 +-    0.0000000000E+00   
sum diff1+dif2+diff3           5.00000000E-03   0.0000000000E+00 +-    0.0000000000E+00   
proton rms                     5.00000000E-03   2.1925923933E+00 +-    2.8556616251E-02   
neutron rms                    5.00000000E-03   2.1944995531E+00 +-    1.4008269543E-02   
total rms                      5.00000000E-03   2.1811192929E+00 +-    1.2426672556E-02   
neutron-proton rms             5.00000000E-03   1.9071597398E-03 +-    2.8659766348E-02   
GT sigXtau+                    5.00000000E-03  -6.7319416146E-05 +-    2.2991715535E-05   
GT sigYtau+                    5.00000000E-03  -1.1698358917E-04 +-    2.2318539634E-05   
GT sigZtau+                    5.00000000E-03   5.5550458884E-05 +-    2.0732691110E-05   
GT sigXtau-                    5.00000000E-03   1.2775878873E-04 +-    2.2506083749E-05   
GT sigYtau-                    5.00000000E-03  -1.0897539074E-04 +-    2.2023415266E-05   
GT sigZtau-                    5.00000000E-03   3.7025365007E-05 +-    2.1685053410E-05   
F tau+                         5.00000000E-03  -6.4780333379E-20 +-    4.1246756551E-20   
F tau-                         5.00000000E-03  -6.2422272301E-20 +-    3.9133789490E-20   
Psi**2                         5.00000000E-03   3.0006990061E-05 +-    7.3787147435E-07   
single crossing/step           5.00000000E-03   8.0648572500E-03 +-    4.2884085284E-05   
global crossing/step           5.00000000E-03   7.9246268492E-03 +-    8.5025248749E-05   
energy numerator(real)         5.00000000E-03  -2.2283322231E+01 +-    2.5327607858E+00   
denominator psit/psigi(real)   5.00000000E-03   7.1449634407E-01 +-    1.2404197004E-02   
energy numerator(aimag)        5.00000000E-03   2.0779220919E+00 +-    1.3709878259E+00   
denominator psit/psigi(aimag)  5.00000000E-03  -1.2257782742E-02 +-    8.1039621071E-03   
growth(lin dt) energy          5.00000000E-03  -2.1425773350E+02 +-    5.1660295359E+00   
growth(global) energy          5.00000000E-03  -2.2118008224E+02 +-    1.1010078059E+01
growth energy                  5.00000000E-03  -2.1410605257E+02 +-    5.1514970735E+00
Time for propagation (sec) (min) =          21.712      0.362
Time for energies (sec) (min) =              0.805      0.013
Time for load balancing (sec) (min) =        0.034      0.001
Time for block (sec) (min) =                23.272      0.388
Time for operators (sec) (min) =             0.024      0.000
Elapsed block time (sec) (min) =            43.259      0.721
 
 walkers multiplicity, block, total
   0          46602          81757
   1        1005630        1860544
   2          46897          83157
   3            301            433
   4             57             80
   5             17             22
   6              5             11
   7              6              8
   8              2              5
   9              0              0
  10              1              3
  12              1              1
  13              1              2
 
 

iteration =                               3
walker number =                       11414
total energy-propagated        7.50000000E-03  -3.2511583092E+01 +-    1.4597189970E+00   
kinetic energy                 7.50000000E-03   1.1350369108E+02 +-    1.7718825575E+00   
potential energy               7.50000000E-03  -1.4601527417E+02 +-    1.1587689113E+00   
im energy                      7.50000000E-03  -1.4175814967E+00 +-    3.9007082773E-01   
imkin energy                   7.50000000E-03   1.4966934901E+00 +-    9.8410954328E-01   
impot energy                   7.50000000E-03  -2.9142749868E+00 +-    1.3451360383E+00   
v cent                         7.50000000E-03   1.1679448887E+01 +-    1.2573435917E+00   
v tau                          7.50000000E-03  -9.5348864173E+00 +-    1.3356599434E-01   
v sigma                        7.50000000E-03  -6.9574542645E+00 +-    7.6147574422E-01   
v sigtau                       7.50000000E-03  -5.9820877704E+01 +-    7.3722796831E-01   
v tensor                       7.50000000E-03   1.7780694365E+00 +-    5.4029835306E-01   
v tenstau                      7.50000000E-03  -8.3159574106E+01 +-    3.1782674569E+00   
v ls                           7.50000000E-03   0.0000000000E+00 +-    0.0000000000E+00   
v lstau                        7.50000000E-03   0.0000000000E+00 +-    0.0000000000E+00   
vpot v6                        7.50000000E-03  -1.4601527417E+02 +-    1.1587689113E+00   
vpot v8                        7.50000000E-03  -1.4601527417E+02 +-    1.1587689113E+00   
v coulomb                      7.50000000E-03   7.3157722484E-01 +-    2.7578457783E-03   
v external                     7.50000000E-03   0.0000000000E+00 +-    0.0000000000E+00   
tni 2pipr-anticomm             7.50000000E-03   0.0000000000E+00 +-    0.0000000000E+00   
tni vd1pr                      7.50000000E-03   0.0000000000E+00 +-    0.0000000000E+00   
tni vepr                       7.50000000E-03   0.0000000000E+00 +-    0.0000000000E+00   
tni central                    7.50000000E-03   0.0000000000E+00 +-    0.0000000000E+00   
tni 2pixx-anticommutator       7.50000000E-03   0.0000000000E+00 +-    0.0000000000E+00   
tni 2pixd-anticommutator       7.50000000E-03   0.0000000000E+00 +-    0.0000000000E+00   
tni 2pidd-anticommutator       7.50000000E-03   0.0000000000E+00 +-    0.0000000000E+00   
tni 2pixx-commutator           7.50000000E-03   0.0000000000E+00 +-    0.0000000000E+00   
tni 2pixd-commutator           7.50000000E-03   0.0000000000E+00 +-    0.0000000000E+00   
tni 2pidd-commutator           7.50000000E-03   0.0000000000E+00 +-    0.0000000000E+00   
tni 2pi-tm                     7.50000000E-03   0.0000000000E+00 +-    0.0000000000E+00   
tni vd1                        7.50000000E-03   0.0000000000E+00 +-    0.0000000000E+00   
tni vd2                        7.50000000E-03   0.0000000000E+00 +-    0.0000000000E+00   
tni ve                         7.50000000E-03   0.0000000000E+00 +-    0.0000000000E+00   
vpottot v8+tni                 7.50000000E-03  -1.4601527417E+02 +-    1.1587689113E+00   
enetot v8+tni                  7.50000000E-03  -3.2511583092E+01 +-    1.4597189970E+00   
vper cent                      7.50000000E-03   1.1679448887E+01 +-    1.2573435917E+00   
vper tau                       7.50000000E-03  -9.5348864173E+00 +-    1.3356599434E-01   
vper sigma                     7.50000000E-03  -6.9574542645E+00 +-    7.6147574422E-01   
vper sigtau                    7.50000000E-03  -5.9820877704E+01 +-    7.3722796831E-01   
vper tensor                    7.50000000E-03   1.7780694365E+00 +-    5.4029835306E-01   
vper tenstau                   7.50000000E-03  -8.3159574106E+01 +-    3.1782674569E+00   
vper ls                        7.50000000E-03   0.0000000000E+00 +-    0.0000000000E+00   
vper lstau                     7.50000000E-03   0.0000000000E+00 +-    0.0000000000E+00   
vpotper v6                     7.50000000E-03  -1.4601527417E+02 +-    1.1587689113E+00   
vpotper v8                     7.50000000E-03  -1.4601527417E+02 +-    1.1587689113E+00   
vpotv6pr-vpotv6per diff        7.50000000E-03   0.0000000000E+00 +-    0.0000000000E+00   
vpotv8pr-vpotv8per diff        7.50000000E-03   0.0000000000E+00 +-    0.0000000000E+00   
2piapr-2pia diff               7.50000000E-03   0.0000000000E+00 +-    0.0000000000E+00   
vd1pr-vd1 diff                 7.50000000E-03   0.0000000000E+00 +-    0.0000000000E+00   
vepr-ve diff                   7.50000000E-03   0.0000000000E+00 +-    0.0000000000E+00   
diff1 2piapr-2pia-2picxx       7.50000000E-03   0.0000000000E+00 +-    0.0000000000E+00   
diff2 vd1pr-vd1-2picxd         7.50000000E-03   0.0000000000E+00 +-    0.0000000000E+00   
diff3 vepr-ve-2picdd           7.50000000E-03   0.0000000000E+00 +-    0.0000000000E+00   
sum diff1+dif2+diff3           7.50000000E-03   0.0000000000E+00 +-    0.0000000000E+00   
proton rms                     7.50000000E-03   2.1705955539E+00 +-    1.3707882231E-02   
neutron rms                    7.50000000E-03   2.2083263951E+00 +-    1.3653762303E-02   
total rms                      7.50000000E-03   2.1887765231E+00 +-    1.2118947871E-02   
neutron-proton rms             7.50000000E-03   3.7730841248E-02 +-    1.2612898790E-02   
GT sigXtau+                    7.50000000E-03  -3.5945500863E-05 +-    2.4971791804E-05   
GT sigYtau+                    7.50000000E-03  -3.1348704760E-04 +-    2.3596965016E-05   
GT sigZtau+                    7.50000000E-03   3.0646745140E-04 +-    2.2882192842E-05   
GT sigXtau-                    7.50000000E-03  -3.0714594680E-05 +-    2.0548606501E-05   
GT sigYtau-                    7.50000000E-03   8.2316641795E-05 +-    2.2011246978E-05   
GT sigZtau-                    7.50000000E-03  -1.6839619134E-04 +-    2.2613917886E-05   
F tau+                         7.50000000E-03   2.4433598585E-19 +-    3.8057598787E-20   
F tau-                         7.50000000E-03  -8.1107087727E-20 +-    4.3713057392E-20   
Psi**2                         7.50000000E-03   2.9718996277E-05 +-    7.4446627443E-07   
single crossing/step           7.50000000E-03   8.4804927371E-03 +-    4.4118190627E-05   
global crossing/step           7.50000000E-03   8.3138273050E-03 +-    8.7372375227E-05   
energy numerator(real)         7.50000000E-03  -1.4014994284E+01 +-    1.5207220968E+00   
denominator psit/psigi(real)   7.50000000E-03   4.3116468184E-01 +-    1.3247894107E-02   
energy numerator(aimag)        7.50000000E-03   4.6121887956E-01 +-    1.0323493784E+00   
denominator psit/psigi(aimag)  7.50000000E-03  -3.5592287522E-03 +-    8.7338847221E-03   
growth(lin dt) energy          7.50000000E-03  -2.5414417338E+02 +-    5.7423040382E+00   
growth(global) energy          7.50000000E-03  -2.4535227516E+02 +-    1.2575778217E+01
growth energy                  7.50000000E-03  -2.5386308565E+02 +-    5.7204212450E+00
Time for propagation (sec) (min) =          21.567      0.359
Time for energies (sec) (min) =              0.798      0.013
Time for load balancing (sec) (min) =        0.039      0.001
Time for block (sec) (min) =                22.980      0.383
Time for operators (sec) (min) =             0.022      0.000
Elapsed block time (sec) (min) =            66.261      1.104
 
 walkers multiplicity, block, total
   0          52180         133937
   1        1000618        2861162
   2          50721         133878
   3            421            854
   4             81            161
   5             24             46
   6              9             20
   7              5             13
   8              4              9
   9              1              1
  10              0              3
  12              0              1
  13              0              2
  20              3              3
 
 

iteration =                               4
walker number =                       11539
total energy-propagated        1.00000000E-02  -2.8796343863E+01 +-    3.7957516214E-01   
kinetic energy                 1.00000000E-02   8.7391716132E+01 +-    1.7629527513E+00   
potential energy               1.00000000E-02  -1.1618806000E+02 +-    1.8009831299E+00   
im energy                      1.00000000E-02   9.0378037777E-02 +-    2.1992010336E-01   
imkin energy                   1.00000000E-02  -1.4663235681E+00 +-    6.5186558087E-01   
impot energy                   1.00000000E-02   1.5567016059E+00 +-    5.5823771324E-01   
v cent                         1.00000000E-02   3.8463825976E+01 +-    1.9027922266E+00   
v tau                          1.00000000E-02  -7.6981971989E+00 +-    2.4280355899E-01   
v sigma                        1.00000000E-02  -9.8214791342E+00 +-    2.7338977385E-01   
v sigtau                       1.00000000E-02  -6.4797707728E+01 +-    5.3679964332E-01   
v tensor                       1.00000000E-02   7.4539869300E-01 +-    1.3217695930E-01   
v tenstau                      1.00000000E-02  -7.3079900602E+01 +-    9.7126904709E-01   
v ls                           1.00000000E-02   0.0000000000E+00 +-    0.0000000000E+00   
v lstau                        1.00000000E-02   0.0000000000E+00 +-    0.0000000000E+00   
vpot v6                        1.00000000E-02  -1.1618806000E+02 +-    1.8009831299E+00   
vpot v8                        1.00000000E-02  -1.1618806000E+02 +-    1.8009831299E+00   
v coulomb                      1.00000000E-02   7.3277477422E-01 +-    3.5496349689E-03   
v external                     1.00000000E-02   0.0000000000E+00 +-    0.0000000000E+00   
tni 2pipr-anticomm             1.00000000E-02   0.0000000000E+00 +-    0.0000000000E+00   
tni vd1pr                      1.00000000E-02   0.0000000000E+00 +-    0.0000000000E+00   
tni vepr                       1.00000000E-02   0.0000000000E+00 +-    0.0000000000E+00   
tni central                    1.00000000E-02   0.0000000000E+00 +-    0.0000000000E+00   
tni 2pixx-anticommutator       1.00000000E-02   0.0000000000E+00 +-    0.0000000000E+00   
tni 2pixd-anticommutator       1.00000000E-02   0.0000000000E+00 +-    0.0000000000E+00   
tni 2pidd-anticommutator       1.00000000E-02   0.0000000000E+00 +-    0.0000000000E+00   
tni 2pixx-commutator           1.00000000E-02   0.0000000000E+00 +-    0.0000000000E+00   
tni 2pixd-commutator           1.00000000E-02   0.0000000000E+00 +-    0.0000000000E+00   
tni 2pidd-commutator           1.00000000E-02   0.0000000000E+00 +-    0.0000000000E+00   
tni 2pi-tm                     1.00000000E-02   0.0000000000E+00 +-    0.0000000000E+00   
tni vd1                        1.00000000E-02   0.0000000000E+00 +-    0.0000000000E+00   
tni vd2                        1.00000000E-02   0.0000000000E+00 +-    0.0000000000E+00   
tni ve                         1.00000000E-02   0.0000000000E+00 +-    0.0000000000E+00   
vpottot v8+tni                 1.00000000E-02  -1.1618806000E+02 +-    1.8009831299E+00   
enetot v8+tni                  1.00000000E-02  -2.8796343863E+01 +-    3.7957516214E-01   
vper cent                      1.00000000E-02   3.8463825976E+01 +-    1.9027922266E+00   
vper tau                       1.00000000E-02  -7.6981971989E+00 +-    2.4280355899E-01   
vper sigma                     1.00000000E-02  -9.8214791342E+00 +-    2.7338977385E-01   
vper sigtau                    1.00000000E-02  -6.4797707728E+01 +-    5.3679964332E-01   
vper tensor                    1.00000000E-02   7.4539869300E-01 +-    1.3217695930E-01   
vper tenstau                   1.00000000E-02  -7.3079900602E+01 +-    9.7126904709E-01   
vper ls                        1.00000000E-02   0.0000000000E+00 +-    0.0000000000E+00   
vper lstau                     1.00000000E-02   0.0000000000E+00 +-    0.0000000000E+00   
vpotper v6                     1.00000000E-02  -1.1618806000E+02 +-    1.8009831299E+00   
vpotper v8                     1.00000000E-02  -1.1618806000E+02 +-    1.8009831299E+00   
vpotv6pr-vpotv6per diff        1.00000000E-02   0.0000000000E+00 +-    0.0000000000E+00   
vpotv8pr-vpotv8per diff        1.00000000E-02   0.0000000000E+00 +-    0.0000000000E+00   
2piapr-2pia diff               1.00000000E-02   0.0000000000E+00 +-    0.0000000000E+00   
vd1pr-vd1 diff                 1.00000000E-02   0.0000000000E+00 +-    0.0000000000E+00   
vepr-ve diff                   1.00000000E-02   0.0000000000E+00 +-    0.0000000000E+00   
diff1 2piapr-2pia-2picxx       1.00000000E-02   0.0000000000E+00 +-    0.0000000000E+00   
diff2 vd1pr-vd1-2picxd         1.00000000E-02   0.0000000000E+00 +-    0.0000000000E+00   
diff3 vepr-ve-2picdd           1.00000000E-02   0.0000000000E+00 +-    0.0000000000E+00   
sum diff1+dif2+diff3           1.00000000E-02   0.0000000000E+00 +-    0.0000000000E+00   
proton rms                     1.00000000E-02   2.2073434538E+00 +-    1.3481446261E-02   
neutron rms                    1.00000000E-02   2.2802306991E+00 +-    1.4866012377E-02   
total rms                      1.00000000E-02   2.2392872675E+00 +-    1.2678528117E-02   
neutron-proton rms             1.00000000E-02   7.2887245318E-02 +-    1.2576313790E-02   
GT sigXtau+                    1.00000000E-02   2.5499629744E-04 +-    2.1490764981E-05   
GT sigYtau+                    1.00000000E-02  -3.3507690445E-04 +-    2.3417196762E-05   
GT sigZtau+                    1.00000000E-02   5.4010994559E-04 +-    3.0897736858E-05   
GT sigXtau-                    1.00000000E-02  -7.8707916652E-05 +-    1.0777300642E-05   
GT sigYtau-                    1.00000000E-02   9.9785550354E-05 +-    1.7890959026E-05   
GT sigZtau-                    1.00000000E-02   1.4298701956E-04 +-    2.6275710306E-05   
F tau+                         1.00000000E-02   1.8539878199E-19 +-    3.6186494845E-20   
F tau-                         1.00000000E-02   2.4905536005E-19 +-    3.5060728611E-20   
Psi**2                         1.00000000E-02   2.6658513622E-05 +-    8.5017409929E-07   
single crossing/step           1.00000000E-02   8.4918444257E-03 +-    4.3767937755E-05   
global crossing/step           1.00000000E-02   8.2788885158E-03 +-    8.6440588760E-05   
energy numerator(real)         1.00000000E-02  -7.3681436378E+00 +-    7.8988872164E-01   
denominator psit/psigi(real)   1.00000000E-02   2.5519619936E-01 +-    1.3176851637E-02   
energy numerator(aimag)        1.00000000E-02   1.8489503318E-01 +-    5.5398755869E-01   
denominator psit/psigi(aimag)  1.00000000E-02   1.0297495195E-02 +-    9.0951470298E-03   
growth(lin dt) energy          1.00000000E-02  -2.6111216530E+02 +-    5.6990646918E+00   
growth(global) energy          1.00000000E-02  -2.5490918671E+02 +-    1.1886910897E+01
growth energy                  1.00000000E-02  -2.6080441798E+02 +-    5.6763646781E+00
Time for propagation (sec) (min) =          21.953      0.366
Time for energies (sec) (min) =              0.807      0.013
Time for load balancing (sec) (min) =        0.025      0.000
Time for block (sec) (min) =                23.353      0.389
Time for operators (sec) (min) =             0.026      0.000
Elapsed block time (sec) (min) =            89.649      1.494
 
 walkers multiplicity, block, total
   0          54715         188652
   1        1013947        3875109
   2          53704         187582
   3            395           1249
   4             45            206
   5             18             64
   6             11             31
   7              5             18
   8              1             10
   9              0              1
  10              0              3
  12              0              1
  13              0              2
  14              1              1
  16              1              1
  20              1              4
 
 

iteration =                               5
walker number =                       10650
total energy-propagated        1.25000000E-02  -3.7445821132E+01 +-    8.9708047526E-01   
kinetic energy                 1.25000000E-02   1.1531174241E+02 +-    2.6510740686E+00   
potential energy               1.25000000E-02  -1.5275756354E+02 +-    2.9605015147E+00   
im energy                      1.25000000E-02  -1.9476112330E+00 +-    7.8248721353E-01   
imkin energy                   1.25000000E-02  -1.8907803242E+01 +-    1.7604541276E+00   
impot energy                   1.25000000E-02   1.6960192009E+01 +-    2.4911625374E+00   
v cent                         1.25000000E-02   1.6846634324E+01 +-    1.8715548478E+00   
v tau                          1.25000000E-02  -9.5202950499E-01 +-    7.7829298807E-01   
v sigma                        1.25000000E-02  -2.7032623166E+01 +-    5.9936456968E-01   
v sigtau                       1.25000000E-02  -8.3119809799E+01 +-    8.1757759325E-01   
v tensor                       1.25000000E-02  -2.9103809582E+00 +-    1.2872835898E+00   
v tenstau                      1.25000000E-02  -5.5589354437E+01 +-    4.1220527435E+00   
v ls                           1.25000000E-02   0.0000000000E+00 +-    0.0000000000E+00   
v lstau                        1.25000000E-02   0.0000000000E+00 +-    0.0000000000E+00   
vpot v6                        1.25000000E-02  -1.5275756354E+02 +-    2.9605015147E+00   
vpot v8                        1.25000000E-02  -1.5275756354E+02 +-    2.9605015147E+00   
v coulomb                      1.25000000E-02   8.1400802739E-01 +-    3.2723937075E-03   
v external                     1.25000000E-02   0.0000000000E+00 +-    0.0000000000E+00   
tni 2pipr-anticomm             1.25000000E-02   0.0000000000E+00 +-    0.0000000000E+00   
tni vd1pr                      1.25000000E-02   0.0000000000E+00 +-    0.0000000000E+00   
tni vepr                       1.25000000E-02   0.0000000000E+00 +-    0.0000000000E+00   
tni central                    1.25000000E-02   0.0000000000E+00 +-    0.0000000000E+00   
tni 2pixx-anticommutator       1.25000000E-02   0.0000000000E+00 +-    0.0000000000E+00   
tni 2pixd-anticommutator       1.25000000E-02   0.0000000000E+00 +-    0.0000000000E+00   
tni 2pidd-anticommutator       1.25000000E-02   0.0000000000E+00 +-    0.0000000000E+00   
tni 2pixx-commutator           1.25000000E-02   0.0000000000E+00 +-    0.0000000000E+00   
tni 2pixd-commutator           1.25000000E-02   0.0000000000E+00 +-    0.0000000000E+00   
tni 2pidd-commutator           1.25000000E-02   0.0000000000E+00 +-    0.0000000000E+00   
tni 2pi-tm                     1.25000000E-02   0.0000000000E+00 +-    0.0000000000E+00   
tni vd1                        1.25000000E-02   0.0000000000E+00 +-    0.0000000000E+00   
tni vd2                        1.25000000E-02   0.0000000000E+00 +-    0.0000000000E+00   
tni ve                         1.25000000E-02   0.0000000000E+00 +-    0.0000000000E+00   
vpottot v8+tni                 1.25000000E-02  -1.5275756354E+02 +-    2.9605015147E+00   
enetot v8+tni                  1.25000000E-02  -3.7445821132E+01 +-    8.9708047526E-01   
vper cent                      1.25000000E-02   1.6846634324E+01 +-    1.8715548478E+00   
vper tau                       1.25000000E-02  -9.5202950499E-01 +-    7.7829298807E-01   
vper sigma                     1.25000000E-02  -2.7032623166E+01 +-    5.9936456968E-01   
vper sigtau                    1.25000000E-02  -8.3119809799E+01 +-    8.1757759325E-01   
vper tensor                    1.25000000E-02  -2.9103809582E+00 +-    1.2872835898E+00   
vper tenstau                   1.25000000E-02  -5.5589354437E+01 +-    4.1220527435E+00   
vper ls                        1.25000000E-02   0.0000000000E+00 +-    0.0000000000E+00   
vper lstau                     1.25000000E-02   0.0000000000E+00 +-    0.0000000000E+00   
vpotper v6                     1.25000000E-02  -1.5275756354E+02 +-    2.9605015147E+00   
vpotper v8                     1.25000000E-02  -1.5275756354E+02 +-    2.9605015147E+00   
vpotv6pr-vpotv6per diff        1.25000000E-02   0.0000000000E+00 +-    0.0000000000E+00   
vpotv8pr-vpotv8per diff        1.25000000E-02   0.0000000000E+00 +-    0.0000000000E+00   
2piapr-2pia diff               1.25000000E-02   0.0000000000E+00 +-    0.0000000000E+00   
vd1pr-vd1 diff                 1.25000000E-02   0.0000000000E+00 +-    0.0000000000E+00   
vepr-ve diff                   1.25000000E-02   0.0000000000E+00 +-    0.0000000000E+00   
diff1 2piapr-2pia-2picxx       1.25000000E-02   0.0000000000E+00 +-    0.0000000000E+00   
diff2 vd1pr-vd1-2picxd         1.25000000E-02   0.0000000000E+00 +-    0.0000000000E+00   
diff3 vepr-ve-2picdd           1.25000000E-02   0.0000000000E+00 +-    0.0000000000E+00   
sum diff1+dif2+diff3           1.25000000E-02   0.0000000000E+00 +-    0.0000000000E+00   
proton rms                     1.25000000E-02   1.9296813670E+00 +-    1.5626502320E-02   
neutron rms                    1.25000000E-02   1.8872403231E+00 +-    1.3407634176E-02   
total rms                      1.25000000E-02   1.8971132590E+00 +-    1.2811512675E-02   
neutron-proton rms             1.25000000E-02  -4.2441043911E-02 +-    1.2981342154E-02   
GT sigXtau+                    1.25000000E-02   6.2936221681E-05 +-    2.9564619861E-05   
GT sigYtau+                    1.25000000E-02   1.0811176420E-04 +-    3.7157392199E-05   
GT sigZtau+                    1.25000000E-02   2.2182757705E-04 +-    3.9462772151E-05   
GT sigXtau-                    1.25000000E-02  -1.9544334270E-05 +-    3.0530604447E-05   
GT sigYtau-                    1.25000000E-02  -1.1797483831E-04 +-    3.4756990133E-05   
GT sigZtau-                    1.25000000E-02  -2.4316886945E-04 +-    3.3626751107E-05   
F tau+                         1.25000000E-02   5.0430028738E-20 +-    4.9982088455E-20   
F tau-                         1.25000000E-02   8.4014160816E-19 +-    6.1422369688E-20   
Psi**2                         1.25000000E-02   5.7958394636E-05 +-    1.1967627467E-06   
single crossing/step           1.25000000E-02   7.1983123997E-03 +-    4.0595072187E-05   
global crossing/step           1.25000000E-02   7.0931602196E-03 +-    8.0599222251E-05   
energy numerator(real)         1.25000000E-02  -5.4588979874E+00 +-    1.1152819807E+00   
denominator psit/psigi(real)   1.25000000E-02   1.5099722978E-01 +-    1.3769436854E-02   
energy numerator(aimag)        1.25000000E-02  -2.1031491794E+00 +-    7.8390136413E-01   
denominator psit/psigi(aimag)  1.25000000E-02   2.7068033579E-02 +-    9.3701154174E-03   
growth(lin dt) energy          1.25000000E-02  -2.2601204899E+02 +-    5.4345058759E+00   
growth(global) energy          1.25000000E-02  -2.1719536820E+02 +-    1.1926067982E+01
growth energy                  1.25000000E-02  -2.2582633979E+02 +-    5.4176125085E+00
Time for propagation (sec) (min) =          21.663      0.361
Time for energies (sec) (min) =              0.746      0.012
Time for load balancing (sec) (min) =        0.028      0.000
Time for block (sec) (min) =                22.935      0.382
Time for operators (sec) (min) =             0.023      0.000
Elapsed block time (sec) (min) =           112.607      1.877
 
 walkers multiplicity, block, total
   0          52930         241582
   1        1003717        4878826
   2          51162         238744
   3            300           1549
   4             44            250
   5             14             78
   6              6             37
   7              4             22
   8              1             11
   9              0              1
  10              0              3
  11              3              3
  12              0              1
  13              0              2
  14              0              1
  16              0              1
  20              0              4
 
 

iteration =                               6
walker number =                       10565
total energy-propagated        1.50000000E-02  -3.1124373227E+01 +-    4.9624301889E-01   
kinetic energy                 1.50000000E-02   1.2364316840E+02 +-    8.0223098027E-01   
potential energy               1.50000000E-02  -1.5476754163E+02 +-    7.1089129700E-01   
im energy                      1.50000000E-02  -5.2603125985E+00 +-    4.1431167111E-01   
imkin energy                   1.50000000E-02  -1.4637453055E+01 +-    9.6425901050E-01   
impot energy                   1.50000000E-02   9.3771404562E+00 +-    1.0032139745E+00   
v cent                         1.50000000E-02   3.0094697497E+01 +-    1.0696708741E+00   
v tau                          1.50000000E-02  -1.6328908857E+01 +-    5.6530099840E-01   
v sigma                        1.50000000E-02  -1.6233176092E+01 +-    3.4491787647E-01   
v sigtau                       1.50000000E-02  -9.0008763710E+01 +-    5.9771484079E-01   
v tensor                       1.50000000E-02   8.0128183380E+00 +-    2.7490846535E-01   
v tenstau                      1.50000000E-02  -7.0304208805E+01 +-    1.6177471815E+00   
v ls                           1.50000000E-02   0.0000000000E+00 +-    0.0000000000E+00   
v lstau                        1.50000000E-02   0.0000000000E+00 +-    0.0000000000E+00   
vpot v6                        1.50000000E-02  -1.5476754163E+02 +-    7.1089129700E-01   
vpot v8                        1.50000000E-02  -1.5476754163E+02 +-    7.1089129700E-01   
v coulomb                      1.50000000E-02   7.6648033714E-01 +-    4.7761871304E-03   
v external                     1.50000000E-02   0.0000000000E+00 +-    0.0000000000E+00   
tni 2pipr-anticomm             1.50000000E-02   0.0000000000E+00 +-    0.0000000000E+00   
tni vd1pr                      1.50000000E-02   0.0000000000E+00 +-    0.0000000000E+00   
tni vepr                       1.50000000E-02   0.0000000000E+00 +-    0.0000000000E+00   
tni central                    1.50000000E-02   0.0000000000E+00 +-    0.0000000000E+00   
tni 2pixx-anticommutator       1.50000000E-02   0.0000000000E+00 +-    0.0000000000E+00   
tni 2pixd-anticommutator       1.50000000E-02   0.0000000000E+00 +-    0.0000000000E+00   
tni 2pidd-anticommutator       1.50000000E-02   0.0000000000E+00 +-    0.0000000000E+00   
tni 2pixx-commutator           1.50000000E-02   0.0000000000E+00 +-    0.0000000000E+00   
tni 2pixd-commutator           1.50000000E-02   0.0000000000E+00 +-    0.0000000000E+00   
tni 2pidd-commutator           1.50000000E-02   0.0000000000E+00 +-    0.0000000000E+00   
tni 2pi-tm                     1.50000000E-02   0.0000000000E+00 +-    0.0000000000E+00   
tni vd1                        1.50000000E-02   0.0000000000E+00 +-    0.0000000000E+00   
tni vd2                        1.50000000E-02   0.0000000000E+00 +-    0.0000000000E+00   
tni ve                         1.50000000E-02   0.0000000000E+00 +-    0.0000000000E+00   
vpottot v8+tni                 1.50000000E-02  -1.5476754163E+02 +-    7.1089129700E-01   
enetot v8+tni                  1.50000000E-02  -3.1124373227E+01 +-    4.9624301889E-01   
vper cent                      1.50000000E-02   3.0094697497E+01 +-    1.0696708741E+00   
vper tau                       1.50000000E-02  -1.6328908857E+01 +-    5.6530099840E-01   
vper sigma                     1.50000000E-02  -1.6233176092E+01 +-    3.4491787647E-01   
vper sigtau                    1.50000000E-02  -9.0008763710E+01 +-    5.9771484079E-01   
vper tensor                    1.50000000E-02   8.0128183380E+00 +-    2.7490846535E-01   
vper tenstau                   1.50000000E-02  -7.0304208805E+01 +-    1.6177471815E+00   
vper ls                        1.50000000E-02   0.0000000000E+00 +-    0.0000000000E+00   
vper lstau                     1.50000000E-02   0.0000000000E+00 +-    0.0000000000E+00   
vpotper v6                     1.50000000E-02  -1.5476754163E+02 +-    7.1089129700E-01   
vpotper v8                     1.50000000E-02  -1.5476754163E+02 +-    7.1089129700E-01   
vpotv6pr-vpotv6per diff        1.50000000E-02   0.0000000000E+00 +-    0.0000000000E+00   
vpotv8pr-vpotv8per diff        1.50000000E-02   0.0000000000E+00 +-    0.0000000000E+00   
2piapr-2pia diff               1.50000000E-02   0.0000000000E+00 +-    0.0000000000E+00   
vd1pr-vd1 diff                 1.50000000E-02   0.0000000000E+00 +-    0.0000000000E+00   
vepr-ve diff                   1.50000000E-02   0.0000000000E+00 +-    0.0000000000E+00   
diff1 2piapr-2pia-2picxx       1.50000000E-02   0.0000000000E+00 +-    0.0000000000E+00   
diff2 vd1pr-vd1-2picxd         1.50000000E-02   0.0000000000E+00 +-    0.0000000000E+00   
diff3 vepr-ve-2picdd           1.50000000E-02   0.0000000000E+00 +-    0.0000000000E+00   
sum diff1+dif2+diff3           1.50000000E-02   0.0000000000E+00 +-    0.0000000000E+00   
proton rms                     1.50000000E-02   1.8650283850E+00 +-    1.0687346035E-02   
neutron rms                    1.50000000E-02   1.8795631354E+00 +-    1.1788710086E-02   
total rms                      1.50000000E-02   1.8663488017E+00 +-    1.0217985277E-02   
neutron-proton rms             1.50000000E-02   1.4534750458E-02 +-    9.3379139725E-03   
GT sigXtau+                    1.50000000E-02   2.7972681292E-04 +-    1.7423737524E-05   
GT sigYtau+                    1.50000000E-02  -6.8970180527E-04 +-    4.5268720237E-05   
GT sigZtau+                    1.50000000E-02  -1.9887180220E-04 +-    3.1347518899E-05   
GT sigXtau-                    1.50000000E-02  -9.9951091238E-04 +-    1.7061022712E-05   
GT sigYtau-                    1.50000000E-02  -3.3646984446E-04 +-    3.4433168356E-05   
GT sigZtau-                    1.50000000E-02  -1.5846019825E-04 +-    3.4801188571E-05   
F tau+                         1.50000000E-02  -9.4664333281E-20 +-    4.8526658188E-20   
F tau-                         1.50000000E-02  -8.6288917997E-20 +-    4.6640462494E-20   
Psi**2                         1.50000000E-02   2.6019391322E-05 +-    4.7895053375E-07   
single crossing/step           1.50000000E-02   7.5966512499E-03 +-    4.1350692935E-05   
global crossing/step           1.50000000E-02   7.3721129822E-03 +-    8.1479209994E-05   
energy numerator(real)         1.50000000E-02  -2.5872939299E+00 +-    8.8388625811E-01   
denominator psit/psigi(real)   1.50000000E-02   1.1013497124E-01 +-    1.3935704176E-02   
energy numerator(aimag)        1.50000000E-02  -3.6546649849E+00 +-    6.1905669690E-01   
denominator psit/psigi(aimag)  1.50000000E-02   3.6973969703E-02 +-    9.8041239286E-03   
growth(lin dt) energy          1.50000000E-02  -2.4277554112E+02 +-    5.6189812056E+00   
growth(global) energy          1.50000000E-02  -2.5215921904E+02 +-    1.3049389182E+01
growth energy                  1.50000000E-02  -2.4253536333E+02 +-    5.5991622755E+00
Time for propagation (sec) (min) =          22.029      0.367
Time for energies (sec) (min) =              0.739      0.012
Time for load balancing (sec) (min) =        0.030      0.000
Time for block (sec) (min) =                23.360      0.389
Time for operators (sec) (min) =             0.025      0.000
Elapsed block time (sec) (min) =           136.000      2.267
 
 walkers multiplicity, block, total
   0          54722         296304
   1        1017668        5896494
   2          53457         292201
   3            378           1927
   4             71            321
   5             24            102
   6              9             46
   7              6             28
   8              1             12
   9              1              2
  10              0              3
  11              0              3
  12              0              1
  13              0              2
  14              0              1
  16              0              1
  20              1              5
 
 

iteration =                               7
walker number =                       10812
total energy-propagated        1.75000000E-02  -2.9353232120E+01 +-    8.0061872869E-01   
kinetic energy                 1.75000000E-02   9.5237634502E+01 +-    2.2182987213E+00   
potential energy               1.75000000E-02  -1.2459086662E+02 +-    2.6751685377E+00   
im energy                      1.75000000E-02   2.5059482372E+01 +-    3.1059437115E-01   
imkin energy                   1.75000000E-02  -2.0434732578E+01 +-    7.1142740269E-01   
impot energy                   1.75000000E-02   4.5494214951E+01 +-    6.2275720008E-01   
v cent                         1.75000000E-02  -1.0725066905E+02 +-    3.9299811411E+00   
v tau                          1.75000000E-02   1.1204894831E+01 +-    4.9150054764E-01   
v sigma                        1.75000000E-02   1.3749635100E+01 +-    4.2973753254E-01   
v sigtau                       1.75000000E-02   1.0038267526E+01 +-    1.1244648577E+00   
v tensor                       1.75000000E-02  -1.4218662064E+01 +-    4.8455190604E-01   
v tenstau                      1.75000000E-02  -3.8114332970E+01 +-    1.4911123923E+00   
v ls                           1.75000000E-02   0.0000000000E+00 +-    0.0000000000E+00   
v lstau                        1.75000000E-02   0.0000000000E+00 +-    0.0000000000E+00   
vpot v6                        1.75000000E-02  -1.2459086662E+02 +-    2.6751685377E+00   
vpot v8                        1.75000000E-02  -1.2459086662E+02 +-    2.6751685377E+00   
v coulomb                      1.75000000E-02   5.2607982023E-01 +-    4.1885135848E-03   
v external                     1.75000000E-02   0.0000000000E+00 +-    0.0000000000E+00   
tni 2pipr-anticomm             1.75000000E-02   0.0000000000E+00 +-    0.0000000000E+00   
tni vd1pr                      1.75000000E-02   0.0000000000E+00 +-    0.0000000000E+00   
tni vepr                       1.75000000E-02   0.0000000000E+00 +-    0.0000000000E+00   
tni central                    1.75000000E-02   0.0000000000E+00 +-    0.0000000000E+00   
tni 2pixx-anticommutator       1.75000000E-02   0.0000000000E+00 +-    0.0000000000E+00   
tni 2pixd-anticommutator       1.75000000E-02   0.0000000000E+00 +-    0.0000000000E+00   
tni 2pidd-anticommutator       1.75000000E-02   0.0000000000E+00 +-    0.0000000000E+00   
tni 2pixx-commutator           1.75000000E-02   0.0000000000E+00 +-    0.0000000000E+00   
tni 2pixd-commutator           1.75000000E-02   0.0000000000E+00 +-    0.0000000000E+00   
tni 2pidd-commutator           1.75000000E-02   0.0000000000E+00 +-    0.0000000000E+00   
tni 2pi-tm                     1.75000000E-02   0.0000000000E+00 +-    0.0000000000E+00   
tni vd1                        1.75000000E-02   0.0000000000E+00 +-    0.0000000000E+00   
tni vd2                        1.75000000E-02   0.0000000000E+00 +-    0.0000000000E+00   
tni ve                         1.75000000E-02   0.0000000000E+00 +-    0.0000000000E+00   
vpottot v8+tni                 1.75000000E-02  -1.2459086662E+02 +-    2.6751685377E+00   
enetot v8+tni                  1.75000000E-02  -2.9353232120E+01 +-    8.0061872869E-01   
vper cent                      1.75000000E-02  -1.0725066905E+02 +-    3.9299811411E+00   
vper tau                       1.75000000E-02   1.1204894831E+01 +-    4.9150054764E-01   
vper sigma                     1.75000000E-02   1.3749635100E+01 +-    4.2973753254E-01   
vper sigtau                    1.75000000E-02   1.0038267526E+01 +-    1.1244648577E+00   
vper tensor                    1.75000000E-02  -1.4218662064E+01 +-    4.8455190604E-01   
vper tenstau                   1.75000000E-02  -3.8114332970E+01 +-    1.4911123923E+00   
vper ls                        1.75000000E-02   0.0000000000E+00 +-    0.0000000000E+00   
vper lstau                     1.75000000E-02   0.0000000000E+00 +-    0.0000000000E+00   
vpotper v6                     1.75000000E-02  -1.2459086662E+02 +-    2.6751685377E+00   
vpotper v8                     1.75000000E-02  -1.2459086662E+02 +-    2.6751685377E+00   
vpotv6pr-vpotv6per diff        1.75000000E-02   0.0000000000E+00 +-    0.0000000000E+00   
vpotv8pr-vpotv8per diff        1.75000000E-02   0.0000000000E+00 +-    0.0000000000E+00   
2piapr-2pia diff               1.75000000E-02   0.0000000000E+00 +-    0.0000000000E+00   
vd1pr-vd1 diff                 1.75000000E-02   0.0000000000E+00 +-    0.0000000000E+00   
vepr-ve diff                   1.75000000E-02   0.0000000000E+00 +-    0.0000000000E+00   
diff1 2piapr-2pia-2picxx       1.75000000E-02   0.0000000000E+00 +-    0.0000000000E+00   
diff2 vd1pr-vd1-2picxd         1.75000000E-02   0.0000000000E+00 +-    0.0000000000E+00   
diff3 vepr-ve-2picdd           1.75000000E-02   0.0000000000E+00 +-    0.0000000000E+00   
sum diff1+dif2+diff3           1.75000000E-02   0.0000000000E+00 +-    0.0000000000E+00   
proton rms                     1.75000000E-02   2.7217052477E+00 +-    1.1137925523E-02   
neutron rms                    1.75000000E-02   2.2188477188E+00 +-    9.3831026951E-03   
total rms                      1.75000000E-02   2.4646507002E+00 +-    8.9141567206E-03   
neutron-proton rms             1.75000000E-02  -5.0285752883E-01 +-    1.2825480914E-02   
GT sigXtau+                    1.75000000E-02  -1.0152048055E-03 +-    4.0704427218E-05   
GT sigYtau+                    1.75000000E-02   9.7862807809E-04 +-    1.9565518038E-05   
GT sigZtau+                    1.75000000E-02   2.1414100923E-03 +-    2.9019285798E-05   
GT sigXtau-                    1.75000000E-02   5.0252973548E-04 +-    4.3653368109E-05   
GT sigYtau-                    1.75000000E-02  -3.5533595343E-04 +-    3.1963978305E-05   
GT sigZtau-                    1.75000000E-02  -7.5854270266E-04 +-    5.4392158638E-05   
F tau+                         1.75000000E-02   6.8173368080E-19 +-    5.6127039829E-20   
F tau-                         1.75000000E-02   8.9425799202E-19 +-    7.2741410650E-20   
Psi**2                         1.75000000E-02  -2.2211303139E-05 +-    1.1243332981E-06   
single crossing/step           1.75000000E-02   8.2193594249E-03 +-    4.2986480175E-05   
global crossing/step           1.75000000E-02   7.9944944346E-03 +-    8.4798393637E-05   
energy numerator(real)         1.75000000E-02  -3.0067778030E+00 +-    8.8341232473E-01   
denominator psit/psigi(real)   1.75000000E-02   4.0999398527E-02 +-    1.3993374397E-02   
energy numerator(aimag)        1.75000000E-02   1.5649719676E+00 +-    6.3249924701E-01   
denominator psit/psigi(aimag)  1.75000000E-02   3.0170414099E-02 +-    9.8420612154E-03   
growth(lin dt) energy          1.75000000E-02  -2.6610319595E+02 +-    5.9001120820E+00   
growth(global) energy          1.75000000E-02  -2.6110161053E+02 +-    1.1577270711E+01
growth energy                  1.75000000E-02  -2.6577561261E+02 +-    5.8758663215E+00
Time for propagation (sec) (min) =          22.047      0.367
Time for energies (sec) (min) =              0.757      0.013
Time for load balancing (sec) (min) =        0.030      0.000
Time for block (sec) (min) =                23.376      0.390
Time for operators (sec) (min) =             0.020      0.000
Elapsed block time (sec) (min) =           159.396      2.657
 
 walkers multiplicity, block, total
   0          55748         352052
   1        1016099        6912593
   2          54585         346786
   3            446           2373
   4             70            391
   5             15            117
   6              8             54
   7              8             36
   8              2             14
   9              4              6
  10              0              3
  11              1              4
  12              2              3
  13              0              2
  14              0              1
  15              1              1
  16              1              2
  17              1              1
  19              1              1
  20              1              6
 
 

iteration =                               8
walker number =                       10851
total energy-propagated        2.00000000E-02  -2.0572040495E+01 +-    6.2262955324E-01   
kinetic energy                 2.00000000E-02   3.1461213166E+02 +-    2.8763855869E+00   
potential energy               2.00000000E-02  -3.3518417215E+02 +-    3.1706026139E+00   
im energy                      2.00000000E-02  -3.7999587699E+00 +-    4.9052384270E-01   
imkin energy                   2.00000000E-02   7.4191013427E+01 +-    1.1107169246E+00   
impot energy                   2.00000000E-02  -7.7990972197E+01 +-    1.0502262939E+00   
v cent                         2.00000000E-02   3.1001408272E+01 +-    2.2520387269E+00   
v tau                          2.00000000E-02  -3.3049725957E+01 +-    3.9099860315E-01   
v sigma                        2.00000000E-02   1.9073810967E+01 +-    5.0953234580E-01   
v sigtau                       2.00000000E-02  -1.0235420103E+02 +-    8.8495127795E-01   
v tensor                       2.00000000E-02   1.1233799081E+01 +-    2.3819806044E-01   
v tenstau                      2.00000000E-02  -2.6108926348E+02 +-    2.0787863537E+00   
v ls                           2.00000000E-02   0.0000000000E+00 +-    0.0000000000E+00   
v lstau                        2.00000000E-02   0.0000000000E+00 +-    0.0000000000E+00   
vpot v6                        2.00000000E-02  -3.3518417215E+02 +-    3.1706026139E+00   
vpot v8                        2.00000000E-02  -3.3518417215E+02 +-    3.1706026139E+00   
v coulomb                      2.00000000E-02   7.9796410706E-01 +-    5.9639101135E-03   
v external                     2.00000000E-02   0.0000000000E+00 +-    0.0000000000E+00   
tni 2pipr-anticomm             2.00000000E-02   0.0000000000E+00 +-    0.0000000000E+00   
tni vd1pr                      2.00000000E-02   0.0000000000E+00 +-    0.0000000000E+00   
tni vepr                       2.00000000E-02   0.0000000000E+00 +-    0.0000000000E+00   
tni central                    2.00000000E-02   0.0000000000E+00 +-    0.0000000000E+00   
tni 2pixx-anticommutator       2.00000000E-02   0.0000000000E+00 +-    0.0000000000E+00   
tni 2pixd-anticommutator       2.00000000E-02   0.0000000000E+00 +-    0.0000000000E+00   
tni 2pidd-anticommutator       2.00000000E-02   0.0000000000E+00 +-    0.0000000000E+00   
tni 2pixx-commutator           2.00000000E-02   0.0000000000E+00 +-    0.0000000000E+00   
tni 2pixd-commutator           2.00000000E-02   0.0000000000E+00 +-    0.0000000000E+00   
tni 2pidd-commutator           2.00000000E-02   0.0000000000E+00 +-    0.0000000000E+00   
tni 2pi-tm                     2.00000000E-02   0.0000000000E+00 +-    0.0000000000E+00   
tni vd1                        2.00000000E-02   0.0000000000E+00 +-    0.0000000000E+00   
tni vd2                        2.00000000E-02   0.0000000000E+00 +-    0.0000000000E+00   
tni ve                         2.00000000E-02   0.0000000000E+00 +-    0.0000000000E+00   
vpottot v8+tni                 2.00000000E-02  -3.3518417215E+02 +-    3.1706026139E+00   
enetot v8+tni                  2.00000000E-02  -2.0572040495E+01 +-    6.2262955324E-01   
vper cent                      2.00000000E-02   3.1001408272E+01 +-    2.2520387269E+00   
vper tau                       2.00000000E-02  -3.3049725957E+01 +-    3.9099860315E-01   
vper sigma                     2.00000000E-02   1.9073810967E+01 +-    5.0953234580E-01   
vper sigtau                    2.00000000E-02  -1.0235420103E+02 +-    8.8495127795E-01   
vper tensor                    2.00000000E-02   1.1233799081E+01 +-    2.3819806044E-01   
vper tenstau                   2.00000000E-02  -2.6108926348E+02 +-    2.0787863537E+00   
vper ls                        2.00000000E-02   0.0000000000E+00 +-    0.0000000000E+00   
vper lstau                     2.00000000E-02   0.0000000000E+00 +-    0.0000000000E+00   
vpotper v6                     2.00000000E-02  -3.3518417215E+02 +-    3.1706026139E+00   
vpotper v8                     2.00000000E-02  -3.3518417215E+02 +-    3.1706026139E+00   
vpotv6pr-vpotv6per diff        2.00000000E-02   0.0000000000E+00 +-    0.0000000000E+00   
vpotv8pr-vpotv8per diff        2.00000000E-02   0.0000000000E+00 +-    0.0000000000E+00   
2piapr-2pia diff               2.00000000E-02   0.0000000000E+00 +-    0.0000000000E+00   
vd1pr-vd1 diff                 2.00000000E-02   0.0000000000E+00 +-    0.0000000000E+00   
vepr-ve diff                   2.00000000E-02   0.0000000000E+00 +-    0.0000000000E+00   
diff1 2piapr-2pia-2picxx       2.00000000E-02   0.0000000000E+00 +-    0.0000000000E+00   
diff2 vd1pr-vd1-2picxd         2.00000000E-02   0.0000000000E+00 +-    0.0000000000E+00   
diff3 vepr-ve-2picdd           2.00000000E-02   0.0000000000E+00 +-    0.0000000000E+00   
sum diff1+dif2+diff3           2.00000000E-02   0.0000000000E+00 +-    0.0000000000E+00   
proton rms                     2.00000000E-02   1.5285123118E+00 +-    1.3441275053E-02   
neutron rms                    2.00000000E-02   1.6163933619E+00 +-    1.2272749479E-02   
total rms                      2.00000000E-02   1.5690180616E+00 +-    1.0466826271E-02   
neutron-proton rms             2.00000000E-02   8.7881050123E-02 +-    1.4801621405E-02   
GT sigXtau+                    2.00000000E-02   6.4034602449E-04 +-    3.3559644052E-05   
GT sigYtau+                    2.00000000E-02  -9.7580800946E-05 +-    4.1218040600E-05   
GT sigZtau+                    2.00000000E-02   1.3721835563E-03 +-    4.3406940154E-05   
GT sigXtau-                    2.00000000E-02  -1.0174858583E-04 +-    4.8214887153E-05   
GT sigYtau-                    2.00000000E-02  -1.3304089614E-03 +-    4.5169082941E-05   
GT sigZtau-                    2.00000000E-02   1.0133228740E-03 +-    3.8034849803E-05   
F tau+                         2.00000000E-02   2.6462150311E-18 +-    5.4455348187E-20   
F tau-                         2.00000000E-02   8.1459563677E-19 +-    6.3036518172E-20   
Psi**2                         2.00000000E-02   6.2420996729E-05 +-    9.6878014397E-07   
single crossing/step           2.00000000E-02   7.7944232927E-03 +-    4.2166947133E-05   
global crossing/step           2.00000000E-02   7.6210708308E-03 +-    8.3398088344E-05   
energy numerator(real)         2.00000000E-02  -1.7486711069E+00 +-    9.1196961529E-01   
denominator psit/psigi(real)   2.00000000E-02   4.3650202516E-02 +-    1.3591652666E-02   
energy numerator(aimag)        2.00000000E-02  -4.0619878379E-01 +-    6.3281821798E-01   
denominator psit/psigi(aimag)  2.00000000E-02  -3.3745020802E-02 +-    9.5770707158E-03   
growth(lin dt) energy          2.00000000E-02  -2.6808883414E+02 +-    5.9397867873E+00   
growth(global) energy          2.00000000E-02  -2.5406878184E+02 +-    1.1889031974E+01
growth energy                  2.00000000E-02  -2.6775318744E+02 +-    5.9150826436E+00
Time for propagation (sec) (min) =          21.738      0.362
Time for energies (sec) (min) =              0.759      0.013
Time for load balancing (sec) (min) =        0.030      0.001
Time for block (sec) (min) =                23.069      0.384
Time for operators (sec) (min) =             0.024      0.000
Elapsed block time (sec) (min) =           182.489      3.041
 
 walkers multiplicity, block, total
   0          55741         407793
   1        1000770        7913363
   2          54304         401090
   3            457           2830
   4             80            471
   5             32            149
   6             12             66
   7              4             40
   8              3             17
   9              1              7
  10              1              4
  11              1              5
  12              2              5
  13              1              3
  14              0              1
  15              2              3
  16              0              2
  17              0              1
  19              0              1
  20              0              6
 
 

iteration =                               9
walker number =                       11342
total energy-propagated        2.25000000E-02  -1.4366433001E+02 +-    1.3281514540E+00   
kinetic energy                 2.25000000E-02   1.3316101094E+02 +-    1.8730225437E+00   
potential energy               2.25000000E-02  -2.7682534095E+02 +-    1.7080267846E+00   
im energy                      2.25000000E-02  -3.0944217893E+01 +-    1.0163736738E+00   
imkin energy                   2.25000000E-02   4.4478154447E+01 +-    1.7903589002E+00   
impot energy                   2.25000000E-02  -7.5422372339E+01 +-    2.3899022829E+00   
v cent                         2.25000000E-02   7.4675802909E+01 +-    2.1914864099E+00   
v tau                          2.25000000E-02  -3.6354703480E+01 +-    7.1156266363E-01   
v sigma                        2.25000000E-02  -3.0049283980E+01 +-    8.2353572646E-01   
v sigtau                       2.25000000E-02  -9.9984553279E+01 +-    9.7730049775E-01   
v tensor                       2.25000000E-02   1.2189161628E+00 +-    4.5695641610E-01   
v tenstau                      2.25000000E-02  -1.8633151928E+02 +-    1.4790801279E+00   
v ls                           2.25000000E-02   0.0000000000E+00 +-    0.0000000000E+00   
v lstau                        2.25000000E-02   0.0000000000E+00 +-    0.0000000000E+00   
vpot v6                        2.25000000E-02  -2.7682534095E+02 +-    1.7080267846E+00   
vpot v8                        2.25000000E-02  -2.7682534095E+02 +-    1.7080267846E+00   
v coulomb                      2.25000000E-02   8.7714651446E-01 +-    6.2839753337E-03   
v external                     2.25000000E-02   0.0000000000E+00 +-    0.0000000000E+00   
tni 2pipr-anticomm             2.25000000E-02   0.0000000000E+00 +-    0.0000000000E+00   
tni vd1pr                      2.25000000E-02   0.0000000000E+00 +-    0.0000000000E+00   
tni vepr                       2.25000000E-02   0.0000000000E+00 +-    0.0000000000E+00   
tni central                    2.25000000E-02   0.0000000000E+00 +-    0.0000000000E+00   
tni 2pixx-anticommutator       2.25000000E-02   0.0000000000E+00 +-    0.0000000000E+00   
tni 2pixd-anticommutator       2.25000000E-02   0.0000000000E+00 +-    0.0000000000E+00   
tni 2pidd-anticommutator       2.25000000E-02   0.0000000000E+00 +-    0.0000000000E+00   
tni 2pixx-commutator           2.25000000E-02   0.0000000000E+00 +-    0.0000000000E+00   
tni 2pixd-commutator           2.25000000E-02   0.0000000000E+00 +-    0.0000000000E+00   
tni 2pidd-commutator           2.25000000E-02   0.0000000000E+00 +-    0.0000000000E+00   
tni 2pi-tm                     2.25000000E-02   0.0000000000E+00 +-    0.0000000000E+00   
tni vd1                        2.25000000E-02   0.0000000000E+00 +-    0.0000000000E+00   
tni vd2                        2.25000000E-02   0.0000000000E+00 +-    0.0000000000E+00   
tni ve                         2.25000000E-02   0.0000000000E+00 +-    0.0000000000E+00   
vpottot v8+tni                 2.25000000E-02  -2.7682534095E+02 +-    1.7080267846E+00   
enetot v8+tni                  2.25000000E-02  -1.4366433001E+02 +-    1.3281514540E+00   
vper cent                      2.25000000E-02   7.4675802909E+01 +-    2.1914864099E+00   
vper tau                       2.25000000E-02  -3.6354703480E+01 +-    7.1156266363E-01   
vper sigma                     2.25000000E-02  -3.0049283980E+01 +-    8.2353572646E-01   
vper sigtau                    2.25000000E-02  -9.9984553279E+01 +-    9.7730049775E-01   
vper tensor                    2.25000000E-02   1.2189161628E+00 +-    4.5695641610E-01   
vper tenstau                   2.25000000E-02  -1.8633151928E+02 +-    1.4790801279E+00   
vper ls                        2.25000000E-02   0.0000000000E+00 +-    0.0000000000E+00   
vper lstau                     2.25000000E-02   0.0000000000E+00 +-    0.0000000000E+00   
vpotper v6                     2.25000000E-02  -2.7682534095E+02 +-    1.7080267846E+00   
vpotper v8                     2.25000000E-02  -2.7682534095E+02 +-    1.7080267846E+00   
vpotv6pr-vpotv6per diff        2.25000000E-02   0.0000000000E+00 +-    0.0000000000E+00   
vpotv8pr-vpotv8per diff        2.25000000E-02   0.0000000000E+00 +-    0.0000000000E+00   
2piapr-2pia diff               2.25000000E-02   0.0000000000E+00 +-    0.0000000000E+00   
vd1pr-vd1 diff                 2.25000000E-02   0.0000000000E+00 +-    0.0000000000E+00   
vepr-ve diff                   2.25000000E-02   0.0000000000E+00 +-    0.0000000000E+00   
diff1 2piapr-2pia-2picxx       2.25000000E-02   0.0000000000E+00 +-    0.0000000000E+00   
diff2 vd1pr-vd1-2picxd         2.25000000E-02   0.0000000000E+00 +-    0.0000000000E+00   
diff3 vepr-ve-2picdd           2.25000000E-02   0.0000000000E+00 +-    0.0000000000E+00   
sum diff1+dif2+diff3           2.25000000E-02   0.0000000000E+00 +-    0.0000000000E+00   
proton rms                     2.25000000E-02   1.1998414308E+00 +-    1.2866515227E-02   
neutron rms                    2.25000000E-02   1.3211199060E+00 +-    1.0991839673E-02   
total rms                      2.25000000E-02   1.2763844827E+00 +-    5.8654684113E-03   
neutron-proton rms             2.25000000E-02   1.2127847519E-01 +-    1.2919288956E-02   
GT sigXtau+                    2.25000000E-02   8.9705405558E-04 +-    5.4613512016E-05   
GT sigYtau+                    2.25000000E-02  -1.8414233522E-03 +-    5.5667644749E-05   
GT sigZtau+                    2.25000000E-02   1.7741300932E-03 +-    5.4665658253E-05   
GT sigXtau-                    2.25000000E-02  -9.2876147346E-04 +-    3.6049796706E-05   
GT sigYtau-                    2.25000000E-02   2.9287120777E-03 +-    5.2805973763E-05   
GT sigZtau-                    2.25000000E-02  -1.5554986148E-04 +-    1.9761355004E-05   
F tau+                         2.25000000E-02  -1.7056011773E-18 +-    6.4119434816E-20   
F tau-                         2.25000000E-02  -8.3307157265E-19 +-    4.4313652684E-20   
Psi**2                         2.25000000E-02  -3.4138433382E-05 +-    1.5468925626E-06   
single crossing/step           2.25000000E-02   8.2732049679E-03 +-    4.3351882503E-05   
global crossing/step           2.25000000E-02   8.1087395720E-03 +-    8.5844751726E-05   
energy numerator(real)         2.25000000E-02   3.8882429075E-01 +-    9.0590396778E-01   
denominator psit/psigi(real)   2.25000000E-02  -1.1400595738E-02 +-    1.3414005987E-02   
energy numerator(aimag)        2.25000000E-02   4.3482436132E+00 +-    6.4066244022E-01   
denominator psit/psigi(aimag)  2.25000000E-02  -2.6530712291E-02 +-    9.5601313876E-03   
growth(lin dt) energy          2.25000000E-02  -2.7067407310E+02 +-    5.9184025299E+00   
growth(global) energy          2.25000000E-02  -2.7239910077E+02 +-    1.1633936374E+01
growth energy                  2.25000000E-02  -2.7032778165E+02 +-    5.8934095815E+00
Time for propagation (sec) (min) =          21.816      0.364
Time for energies (sec) (min) =              0.794      0.013
Time for load balancing (sec) (min) =        0.032      0.001
Time for block (sec) (min) =                23.156      0.386
Time for operators (sec) (min) =             0.025      0.000
Elapsed block time (sec) (min) =           205.679      3.428
 
 walkers multiplicity, block, total
   0          55885         463678
   1        1003977        8917340
   2          55036         456126
   3            413           3243
   4             76            547
   5             28            177
   6              4             70
   7              4             44
   8              4             21
   9              2              9
  10              4              8
  11              2              7
  12              1              6
  13              0              3
  14              0              1
  15              0              3
  16              0              2
  17              0              1
  19              0              1
  20              1              7
 
 

iteration =                              10
walker number =                       11530
total energy-propagated        2.50000000E-02   6.6526058581E+00 +-    1.8629978765E+00   
kinetic energy                 2.50000000E-02   6.4488330950E+01 +-    5.9056651771E+00   
potential energy               2.50000000E-02  -5.7835725092E+01 +-    5.2087083262E+00   
im energy                      2.50000000E-02  -4.4824259028E+01 +-    1.4915669114E+00   
imkin energy                   2.50000000E-02  -1.4970001520E+02 +-    1.8678049574E+00   
impot energy                   2.50000000E-02   1.0487575617E+02 +-    1.5285914841E+00   
v cent                         2.50000000E-02   3.6928729155E+02 +-    4.7027998042E+00   
v tau                          2.50000000E-02   6.2389926525E+01 +-    1.6310180306E+00   
v sigma                        2.50000000E-02  -2.7551544564E+02 +-    2.9578151391E+00   
v sigtau                       2.50000000E-02  -1.1775467224E+02 +-    1.4773842771E+00   
v tensor                       2.50000000E-02   2.2481222419E+00 +-    4.4908146446E-01   
v tenstau                      2.50000000E-02  -9.8490947534E+01 +-    3.5502134921E+00   
v ls                           2.50000000E-02   0.0000000000E+00 +-    0.0000000000E+00   
v lstau                        2.50000000E-02   0.0000000000E+00 +-    0.0000000000E+00   
vpot v6                        2.50000000E-02  -5.7835725092E+01 +-    5.2087083262E+00   
vpot v8                        2.50000000E-02  -5.7835725092E+01 +-    5.2087083262E+00   
v coulomb                      2.50000000E-02   2.6155722078E+00 +-    2.3701045826E-02   
v external                     2.50000000E-02   0.0000000000E+00 +-    0.0000000000E+00   
tni 2pipr-anticomm             2.50000000E-02   0.0000000000E+00 +-    0.0000000000E+00   
tni vd1pr                      2.50000000E-02   0.0000000000E+00 +-    0.0000000000E+00   
tni vepr                       2.50000000E-02   0.0000000000E+00 +-    0.0000000000E+00   
tni central                    2.50000000E-02   0.0000000000E+00 +-    0.0000000000E+00   
tni 2pixx-anticommutator       2.50000000E-02   0.0000000000E+00 +-    0.0000000000E+00   
tni 2pixd-anticommutator       2.50000000E-02   0.0000000000E+00 +-    0.0000000000E+00   
tni 2pidd-anticommutator       2.50000000E-02   0.0000000000E+00 +-    0.0000000000E+00   
tni 2pixx-commutator           2.50000000E-02   0.0000000000E+00 +-    0.0000000000E+00   
tni 2pixd-commutator           2.50000000E-02   0.0000000000E+00 +-    0.0000000000E+00   
tni 2pidd-commutator           2.50000000E-02   0.0000000000E+00 +-    0.0000000000E+00   
tni 2pi-tm                     2.50000000E-02   0.0000000000E+00 +-    0.0000000000E+00   
tni vd1                        2.50000000E-02   0.0000000000E+00 +-    0.0000000000E+00   
tni vd2                        2.50000000E-02   0.0000000000E+00 +-    0.0000000000E+00   
tni ve                         2.50000000E-02   0.0000000000E+00 +-    0.0000000000E+00   
vpottot v8+tni                 2.50000000E-02  -5.7835725092E+01 +-    5.2087083262E+00   
enetot v8+tni                  2.50000000E-02   6.6526058581E+00 +-    1.8629978765E+00   
vper cent                      2.50000000E-02   3.6928729155E+02 +-    4.7027998042E+00   
vper tau                       2.50000000E-02   6.2389926525E+01 +-    1.6310180306E+00   
vper sigma                     2.50000000E-02  -2.7551544564E+02 +-    2.9578151391E+00   
vper sigtau                    2.50000000E-02  -1.1775467224E+02 +-    1.4773842771E+00   
vper tensor                    2.50000000E-02   2.2481222419E+00 +-    4.4908146446E-01   
vper tenstau                   2.50000000E-02  -9.8490947534E+01 +-    3.5502134921E+00   
vper ls                        2.50000000E-02   0.0000000000E+00 +-    0.0000000000E+00   
vper lstau                     2.50000000E-02   0.0000000000E+00 +-    0.0000000000E+00   
vpotper v6                     2.50000000E-02  -5.7835725092E+01 +-    5.2087083262E+00   
vpotper v8                     2.50000000E-02  -5.7835725092E+01 +-    5.2087083262E+00   
vpotv6pr-vpotv6per diff        2.50000000E-02   0.0000000000E+00 +-    0.0000000000E+00   
vpotv8pr-vpotv8per diff        2.50000000E-02   0.0000000000E+00 +-    0.0000000000E+00   
2piapr-2pia diff               2.50000000E-02   0.0000000000E+00 +-    0.0000000000E+00   
vd1pr-vd1 diff                 2.50000000E-02   0.0000000000E+00 +-    0.0000000000E+00   
vepr-ve diff                   2.50000000E-02   0.0000000000E+00 +-    0.0000000000E+00   
diff1 2piapr-2pia-2picxx       2.50000000E-02   0.0000000000E+00 +-    0.0000000000E+00   
diff2 vd1pr-vd1-2picxd         2.50000000E-02   0.0000000000E+00 +-    0.0000000000E+00   
diff3 vepr-ve-2picdd           2.50000000E-02   0.0000000000E+00 +-    0.0000000000E+00   
sum diff1+dif2+diff3           2.50000000E-02   0.0000000000E+00 +-    0.0000000000E+00   
proton rms                     2.50000000E-02   7.1083333996E-01 +-    2.3284680247E-02   
neutron rms                    2.50000000E-02   2.8569534673E+00 +-    2.8523733047E-02   
total rms                      2.50000000E-02   1.8183319081E+00 +-    1.2069787095E-02   
neutron-proton rms             2.50000000E-02   2.1461201274E+00 +-    1.8725910845E-02   
GT sigXtau+                    2.50000000E-02  -3.2292574044E-03 +-    5.0658406743E-05   
GT sigYtau+                    2.50000000E-02   4.4469322596E-03 +-    5.3377677610E-05   
GT sigZtau+                    2.50000000E-02  -3.3494374005E-03 +-    7.4533769038E-05   
GT sigXtau-                    2.50000000E-02   2.3577145172E-03 +-    5.6164100104E-05   
GT sigYtau-                    2.50000000E-02  -7.4009806775E-03 +-    7.7227093391E-05   
GT sigZtau-                    2.50000000E-02   5.1757012234E-04 +-    6.4656393929E-05   
F tau+                         2.50000000E-02   1.0742259432E-17 +-    1.1998103010E-19   
F tau-                         2.50000000E-02   3.4212560637E-18 +-    1.7340812817E-19   
Psi**2                         2.50000000E-02   8.0285799332E-05 +-    2.6579319125E-06   
single crossing/step           2.50000000E-02   8.0303916053E-03 +-    4.2717391747E-05   
global crossing/step           2.50000000E-02   7.8819521439E-03 +-    8.4647814488E-05   
energy numerator(real)         2.50000000E-02  -1.3690906963E-02 +-    9.0368699101E-01   
denominator psit/psigi(real)   2.50000000E-02   1.5053240194E-02 +-    1.3579475164E-02   
energy numerator(aimag)        2.50000000E-02  -1.7952698828E+00 +-    6.4931152002E-01   
denominator psit/psigi(aimag)  2.50000000E-02  -9.5789354495E-04 +-    9.6458075574E-03   
growth(lin dt) energy          2.50000000E-02  -2.5458931996E+02 +-    5.8780208879E+00   
growth(global) energy          2.50000000E-02  -2.6392144385E+02 +-    1.3020372643E+01
growth energy                  2.50000000E-02  -2.5430656511E+02 +-    5.8555460931E+00
Time for propagation (sec) (min) =          21.803      0.363
Time for energies (sec) (min) =              0.807      0.013
Time for load balancing (sec) (min) =        0.027      0.000
Time for block (sec) (min) =                23.151      0.386
Time for operators (sec) (min) =             0.021      0.000
Elapsed block time (sec) (min) =           228.851      3.814
 
 walkers multiplicity, block, total
   0          55430         519108
   1        1005204        9922544
   2          54239         510365
   3            425           3668
   4             79            626
   5             27            204
   6             13             83
   7              1             45
   8              3             24
   9              1             10
  10              0              8
  11              2              9
  12              0              6
  13              1              4
  14              0              1
  15              1              4
  16              0              2
  17              0              1
  19              0              1
  20              2              9
 
 

Time for steps      =     228.860 seconds,        3.814 minutes
Master Time for steps =     228.761 seconds,        3.813 minutes

Number of cpus =       100
Total job time =     234.225 seconds,        3.904 minutes,        0.065 hours
Total cpu-time =     390.375 minutes,        6.506 hours
Total time =         234.005 seconds,        3.900 minutes,        0.065 hours
Finished!
