Unconstrained Diffusion Monte Carlo Run -- no drift
!-!-!-!-!-!-!-!-!-!-!-!-!-!-!-!-!-!-!-!-!-!-!-!-!-!
MPI parameters:
Number of boss cpus =                         100
Number of worker cpus for each boss =           0
Total number of cpus =                        100
Simulation parameters:
random number seed =                          321
hbar^2/2m =                              20.73554
start from sites =                              F
nwalk =                                     10000
equilibration blocks =                          0
averaging blocks =                             10
nsteps/blocks =                               100
time step =                          0.0000250000
time step rotations (vmc) =          0.1700000000
trial energy =                          -26.00000
drift cutoff =                            0.00000
drastic population control up =           1.20000
drastic population control down =         0.80000
rebalance if walkers fluctuate more than   2.00 %
weight cut off =                         20.00000
table size =                                 8000
!-!-!-!-!-!-!-!-!-!-!-!-!-!-!-!-!-!-!-!-!-!-!-!-!-!
System parameters:
lpot =                                         11
lpotper =                                      11
potential  =                          argonne v6'
potentialpr =                         argonne v6'
Coulomb included in energy-propagation          F
multiply central v by =                   1.00000
multiply tau v by =                       1.00000
multiply sigma v by =                     1.00000
multiply sigma tau v by =                 1.00000
multiply tensor v by =                    1.00000
multiply tensor tau v by =                1.00000
multiply spin-orbit v by =                0.00000
multiply spin-orbit tau v by =            0.00000
three-body potential =                        no3
ibox (0 is nearest image) =                     0
!-!-!-!-!-!-!-!-!-!-!-!-!-!-!-!-!-!-!-!-!-!-!-!-!-!
propagate LS =                                  F
calculate LS =                                  F
type of correlations =           independent pair
scale orbital   1 with factor    1.14000
determinant # 1
coefficient                     1.00000   0.00000
1  1  0  1  alpha.orb    # 2J,2M,L,tau radial_file for state                    
1 -1  0  1  alpha.orb    # 2J,2M,L,tau radial_file for state                    
1  1  0 -1  alpha.orb    # 2J,2M,L,tau radial_file for state                    
1 -1  0 -1  alpha.orb    # 2J,2M,L,tau radial_file for state                    
rescaled coefficient            1.00000   0.00000
!-!-!-!-!-!-!-!-!-!-!-!-!-!-!-!-!-!-!-!-!-!-!-!-!-!
No external potential
!-!-!-!-!-!-!-!-!-!-!-!-!-!-!-!-!-!-!-!-!-!-!-!-!-!
rcut in pair sampling =                   1.00000
acut in pair sampling =                   5.00000
a constant in psig =                      0.20000
Number of protons =                             2
Number of neutrons =                            2
range of the potential =                 20.00000
!-!-!-!-!-!-!-!-!-!-!-!-!-!-!-!-!-!-!-!-!-!-!-!-!-!
do V3 =                                         F
three body force =                            no3
three body a2piPwa =                      0.000000000000000
three body a2piPwc =                      0.000000000000000
three body a2piSw =                       0.000000000000000
three body Vd,C,c3 =                      0.000000000000000
three body Ve,C,c3 =                      0.000000000000000
three body A_R =                          0.000000000000000
three body Vd1 =                          0.000000000000000
three body Vd2 =                          0.000000000000000
three body Ve =                           0.000000000000000
propagator: multiply the antic by =       0.000000000000000
propagator: multiply the Vd1 by =         0.000000000000000
propagator: multiply the Ve by =          0.000000000000000
propagator: three body a2piPW =           0.000000000000000
!-!-!-!-!-!-!-!-!-!-!-!-!-!-!-!-!-!-!-!-!-!-!-!-!-!
jastrow healing distance dc =             4.47768
jastrow healing distance dtn =           11.57317
jastrow rho =                             0.01000
potential quencher acn (v1) =             1.50851
potential quencher at  (v2) =             6.06936
potential quencher as  (v3) =             2.76780
potential quencher ast (v4) =             0.80880
potential quencher atn (v5) =             0.61864
potential quencher atn (v6) =             0.20141
potential quencher als (v7) =             0.00000
potential quencher alst (v8) =            0.00000
correlation quencher bt (f2) =            0.26685
correlation quencher bs (f3) =           -0.10565
correlation quencher bst (f4) =           0.42277
correlation quencher btn (f5) =           1.08683
correlation quencher btn (f6) =           4.44810
correlation quencher bls (f7) =           0.00000
correlation quencher blst (f8) =          0.00000
!-!-!-!-!-!-!-!-!-!-!-!-!-!-!-!-!-!-!-!-!-!-!-!-!-!
q1c parameter in f3c =                   12.87526
q2c parameter in f3c =                    1.60340
q1p parameter in f3p =                   -1.81620
q2p parameter in f3p =                    2.14789
!-!-!-!-!-!-!-!-!-!-!-!-!-!-!-!-!-!-!-!-!-!-!-!-!-!
rscal parameter in Uijk cent =            1.00000
rscal parameter in Uijk xpi =             1.00000
rscal parameter in Uijk delta =           1.00000
eps_c parameter in Uijk =                 0.00000
eps_anti parameter in Uijk =              0.00000
eps_tm parameter in Uijk =                0.00000
eps_vd1 parameter in Uijk =               0.00000
eps_vd2 parameter in Uijk =               0.00000
eps_vdc3 parameter in Uijk =              0.00000
eps_vec3 parameter in Uijk =              0.00000
eps_ve parameter in Uijk =                0.00000
eps_comm parameter in Uijk =              0.00000
eps_comm-XD parameter in Uijk =           0.00000
eps_comm-DD parameter in Uijk =           0.00000
TNI-comm correlation included =                 F
!-!-!-!-!-!-!-!-!-!-!-!-!-!-!-!-!-!-!-!-!-!-!-!-!-!
CSB correlation rscalpp =                 1.00000
CSB correlation rscalnn =                 1.00000
CSB correlation quencher pp =             0.00000
CSB correlation quencher nn =             0.00000
CSB correlation included =                      F
!-!-!-!-!-!-!-!-!-!-!-!-!-!-!-!-!-!-!-!-!-!-!-!-!-!
jastrow initialized
!-!-!-!-!-!-!-!-!-!-!-!-!-!-!-!-!-!-!-!-!-!-!-!-!-!
Symmetrize V6 in the propagator =               T
New propagation of Vlstau and commutator included!
Coulomb included in energy (and propag)         F
Initial walkers from file
Number of walkers =                          8095
Configurations at tau =              3.6625000000
Reset tau =                          0.0000000000
!-!-!-!-!-!-!-!-!-!-!-!-!-!-!-!-!-!-!-!-!-!-!-!-!-!
Time for reading configurations (sec.) =       0.71
!-!-!-!-!-!-!-!-!-!-!-!-!-!-!-!-!-!-!-!-!-!-!-!-!-!
Initial configurations:
total energy-propagated        0.00000000E+00  -2.6495867100E+01 +-    3.5646823486E-01   
kinetic energy                 0.00000000E+00   1.0404107805E+02 +-    1.7923686810E+00   
potential energy               0.00000000E+00  -1.3053694515E+02 +-    1.7701917041E+00   
v cent                         0.00000000E+00   1.9152073611E+01 +-    1.6746074808E+00   
v tau                          0.00000000E+00  -7.4780061705E+00 +-    2.5298714414E-01   
v sigma                        0.00000000E+00  -8.6974918487E+00 +-    2.6388351977E-01   
v sigtau                       0.00000000E+00  -6.0201977649E+01 +-    5.6452365933E-01   
v tensor                       0.00000000E+00   5.5999942431E-01 +-    1.4519200390E-01   
v tenstau                      0.00000000E+00  -7.3871542513E+01 +-    1.0167564661E+00   
v ls                           0.00000000E+00   0.0000000000E+00 +-    0.0000000000E+00   
v lstau                        0.00000000E+00   0.0000000000E+00 +-    0.0000000000E+00   
v coulomb                      0.00000000E+00   7.4664093588E-01 +-    2.9171638020E-03   
v external                     0.00000000E+00   0.0000000000E+00 +-    0.0000000000E+00   
tni 2pipr-anticomm             0.00000000E+00   0.0000000000E+00 +-    0.0000000000E+00   
tni vd1pr                      0.00000000E+00   0.0000000000E+00 +-    0.0000000000E+00   
tni vepr                       0.00000000E+00   0.0000000000E+00 +-    0.0000000000E+00   
tni central                    0.00000000E+00   0.0000000000E+00 +-    0.0000000000E+00   
tni 2pixx-anticommutator       0.00000000E+00   0.0000000000E+00 +-    0.0000000000E+00   
tni 2pixd-anticommutator       0.00000000E+00   0.0000000000E+00 +-    0.0000000000E+00   
tni 2pidd-anticommutator       0.00000000E+00   0.0000000000E+00 +-    0.0000000000E+00   
tni 2pixx-commutator           0.00000000E+00   0.0000000000E+00 +-    0.0000000000E+00   
tni 2pixd-commutator           0.00000000E+00   0.0000000000E+00 +-    0.0000000000E+00   
tni 2pidd-commutator           0.00000000E+00   0.0000000000E+00 +-    0.0000000000E+00   
tni 2pi-tm                     0.00000000E+00   0.0000000000E+00 +-    0.0000000000E+00   
tni vd1                        0.00000000E+00   0.0000000000E+00 +-    0.0000000000E+00   
tni vd2                        0.00000000E+00   0.0000000000E+00 +-    0.0000000000E+00   
tni ve                         0.00000000E+00   0.0000000000E+00 +-    0.0000000000E+00   
enetot v8+tni                  0.00000000E+00  -2.6495867100E+01 +-    3.5646823486E-01   
!-!-!-!-!-!-!-!-!-!-!-!-!-!-!-!-!-!-!-!-!-!-!-!-!-!
Psi**2 of initial configurations  =   0.2662515E-04  0.0000000E+00  +-    0.7125129E-06  0.0000000E+00
Psig**2 of initial configurations =   0.1707216E-04  0.0000000E+00  +-    0.5148407E-06  0.0000000E+00
!-!-!-!-!-!-!-!-!-!-!-!-!-!-!-!-!-!-!-!-!-!-!-!-!-!
T**2 of initial configurations  =  -0.1768904E-07  0.6815868E-10
Tz of initial configurations    =  -0.1717727E-13  0.1425061E-13
J**2 of initial configurations  =   0.2862080E-07  0.1281814E-08
Jz of initial configurations    =  -0.1130393E-13 -0.2381681E-13
!-!-!-!-!-!-!-!-!-!-!-!-!-!-!-!-!-!-!-!-!-!-!-!-!-!
!-!-!-!-!-!-!-!-!-!-!-!-!-!-!-!-!-!-!-!-!-!-!-!-!-!
Time to process initial configurations (sec.) =       1.40
!-!-!-!-!-!-!-!-!-!-!-!-!-!-!-!-!-!-!-!-!-!-!-!-!-!

equilibration done

iteration =                               1
walker number =                        9650
total energy-propagated        2.50000000E-03  -2.6609340944E+01 +-    2.7063719251E-01   
kinetic energy                 2.50000000E-03   9.6323575908E+01 +-    1.5506778028E+00   
potential energy               2.50000000E-03  -1.2293291685E+02 +-    1.5196851176E+00   
im energy                      2.50000000E-03  -4.8167246005E-01 +-    1.7254547875E-01   
imkin energy                   2.50000000E-03   5.1782645055E-01 +-    3.4559300237E-01   
impot energy                   2.50000000E-03  -9.9949891060E-01 +-    3.7727887522E-01   
v cent                         2.50000000E-03   2.1261879402E+01 +-    1.4969070711E+00   
v tau                          2.50000000E-03  -8.7857854183E+00 +-    1.8853125503E-01   
v sigma                        2.50000000E-03  -8.1333081865E+00 +-    2.1005686307E-01   
v sigtau                       2.50000000E-03  -6.0777657614E+01 +-    5.0555782502E-01   
v tensor                       2.50000000E-03   6.9527841138E-01 +-    1.1882815826E-01   
v tenstau                      2.50000000E-03  -6.7193323447E+01 +-    8.5715641994E-01   
v ls                           2.50000000E-03   0.0000000000E+00 +-    0.0000000000E+00   
v lstau                        2.50000000E-03   0.0000000000E+00 +-    0.0000000000E+00   
vpot v6                        2.50000000E-03  -1.2293291685E+02 +-    1.5196851176E+00   
vpot v8                        2.50000000E-03  -1.2293291685E+02 +-    1.5196851176E+00   
v coulomb                      2.50000000E-03   7.5327805582E-01 +-    2.5785464806E-03   
v external                     2.50000000E-03   0.0000000000E+00 +-    0.0000000000E+00   
tni 2pipr-anticomm             2.50000000E-03   0.0000000000E+00 +-    0.0000000000E+00   
tni vd1pr                      2.50000000E-03   0.0000000000E+00 +-    0.0000000000E+00   
tni vepr                       2.50000000E-03   0.0000000000E+00 +-    0.0000000000E+00   
tni central                    2.50000000E-03   0.0000000000E+00 +-    0.0000000000E+00   
tni 2pixx-anticommutator       2.50000000E-03   0.0000000000E+00 +-    0.0000000000E+00   
tni 2pixd-anticommutator       2.50000000E-03   0.0000000000E+00 +-    0.0000000000E+00   
tni 2pidd-anticommutator       2.50000000E-03   0.0000000000E+00 +-    0.0000000000E+00   
tni 2pixx-commutator           2.50000000E-03   0.0000000000E+00 +-    0.0000000000E+00   
tni 2pixd-commutator           2.50000000E-03   0.0000000000E+00 +-    0.0000000000E+00   
tni 2pidd-commutator           2.50000000E-03   0.0000000000E+00 +-    0.0000000000E+00   
tni 2pi-tm                     2.50000000E-03   0.0000000000E+00 +-    0.0000000000E+00   
tni vd1                        2.50000000E-03   0.0000000000E+00 +-    0.0000000000E+00   
tni vd2                        2.50000000E-03   0.0000000000E+00 +-    0.0000000000E+00   
tni ve                         2.50000000E-03   0.0000000000E+00 +-    0.0000000000E+00   
vpottot v8+tni                 2.50000000E-03  -1.2293291685E+02 +-    1.5196851176E+00   
enetot v8+tni                  2.50000000E-03  -2.6609340944E+01 +-    2.7063719251E-01   
vper cent                      2.50000000E-03   2.1261879402E+01 +-    1.4969070711E+00   
vper tau                       2.50000000E-03  -8.7857854183E+00 +-    1.8853125503E-01   
vper sigma                     2.50000000E-03  -8.1333081865E+00 +-    2.1005686307E-01   
vper sigtau                    2.50000000E-03  -6.0777657614E+01 +-    5.0555782502E-01   
vper tensor                    2.50000000E-03   6.9527841138E-01 +-    1.1882815826E-01   
vper tenstau                   2.50000000E-03  -6.7193323447E+01 +-    8.5715641994E-01   
vper ls                        2.50000000E-03   0.0000000000E+00 +-    0.0000000000E+00   
vper lstau                     2.50000000E-03   0.0000000000E+00 +-    0.0000000000E+00   
vpotper v6                     2.50000000E-03  -1.2293291685E+02 +-    1.5196851176E+00   
vpotper v8                     2.50000000E-03  -1.2293291685E+02 +-    1.5196851176E+00   
vpotv6pr-vpotv6per diff        2.50000000E-03   0.0000000000E+00 +-    0.0000000000E+00   
vpotv8pr-vpotv8per diff        2.50000000E-03   0.0000000000E+00 +-    0.0000000000E+00   
2piapr-2pia diff               2.50000000E-03   0.0000000000E+00 +-    0.0000000000E+00   
vd1pr-vd1 diff                 2.50000000E-03   0.0000000000E+00 +-    0.0000000000E+00   
vepr-ve diff                   2.50000000E-03   0.0000000000E+00 +-    0.0000000000E+00   
diff1 2piapr-2pia-2picxx       2.50000000E-03   0.0000000000E+00 +-    0.0000000000E+00   
diff2 vd1pr-vd1-2picxd         2.50000000E-03   0.0000000000E+00 +-    0.0000000000E+00   
diff3 vepr-ve-2picdd           2.50000000E-03   0.0000000000E+00 +-    0.0000000000E+00   
sum diff1+dif2+diff3           2.50000000E-03   0.0000000000E+00 +-    0.0000000000E+00   
proton rms                     2.50000000E-03   2.0207126428E+00 +-    1.2017475460E-02   
neutron rms                    2.50000000E-03   2.0466317514E+00 +-    1.2298857644E-02   
total rms                      2.50000000E-03   2.0326849712E+00 +-    1.0889371674E-02   
neutron-proton rms             2.50000000E-03   2.5919108561E-02 +-    1.0728354841E-02   
GT sigXtau+                    2.50000000E-03   1.5213292149E-05 +-    2.3541350861E-05   
GT sigYtau+                    2.50000000E-03   5.5581704075E-06 +-    2.2221683834E-05   
GT sigZtau+                    2.50000000E-03  -1.4791161090E-05 +-    2.3765851991E-05   
GT sigXtau-                    2.50000000E-03   1.2337789941E-04 +-    2.3164779070E-05   
GT sigYtau-                    2.50000000E-03   4.4573379524E-05 +-    2.1678120476E-05   
GT sigZtau-                    2.50000000E-03  -5.5426104286E-05 +-    2.2743424376E-05   
F tau+                         2.50000000E-03  -5.5311195529E-20 +-    4.1606353739E-20   
F tau-                         2.50000000E-03  -6.8132926626E-21 +-    3.9896287854E-20   
Psi**2                         2.50000000E-03   2.6471427987E-05 +-    6.6117581650E-07   
single crossing/step           2.50000000E-03   9.0542379525E-03 +-    4.9836765921E-05   
global crossing/step           2.50000000E-03   8.8759656876E-03 +-    9.8696275559E-05   
energy numerator(real)         2.50000000E-03  -2.7940088123E+01 +-    7.0731264143E-01   
denominator psit/psigi(real)   2.50000000E-03   1.0500071316E+00 +-    1.2246384692E-02   
energy numerator(aimag)        2.50000000E-03   1.4973234723E-01 +-    5.0024153507E-01   
denominator psit/psigi(aimag)  2.50000000E-03   5.7494303795E-04 +-    7.6929509685E-03   
growth(lin dt) energy          2.50000000E-03  -1.9477782647E+02 +-    5.2582379317E+00   
growth(global) energy          2.50000000E-03  -1.7446135627E+02 +-    1.1891101921E+01
growth energy                  2.50000000E-03  -1.9467497438E+02 +-    5.2459876472E+00
Time for propagation (sec) (min) =          18.109      0.302
Time for energies (sec) (min) =              0.679      0.011
Time for load balancing (sec) (min) =        0.058      0.001
Time for block (sec) (min) =                19.491      0.325
Time for operators (sec) (min) =             0.015      0.000
Elapsed block time (sec) (min) =            19.506      0.325
 
 walkers multiplicity, block, total
   0          35665          35665
   1         830567         830567
   2          36646          36646
   3            182            182
   4             28             28
   5             15             15
   6              4              4
   7              3              3
   8              0              0
   9              1              1
  10              1              1
  12              1              1
 
 

iteration =                               2
walker number =                       10897
total energy-propagated        5.00000000E-03  -2.8763977846E+01 +-    3.8835170479E-01   
kinetic energy                 5.00000000E-03   1.0235170457E+02 +-    1.5270568788E+00   
potential energy               5.00000000E-03  -1.3111568242E+02 +-    1.4407458885E+00   
im energy                      5.00000000E-03  -5.5683252875E-01 +-    2.5798517866E-01   
imkin energy                   5.00000000E-03   9.3775731314E-01 +-    4.3788087681E-01   
impot energy                   5.00000000E-03  -1.4945898419E+00 +-    3.9259622558E-01   
v cent                         5.00000000E-03   2.4827497592E+01 +-    1.4937313512E+00   
v tau                          5.00000000E-03  -9.7992126287E+00 +-    2.3383560224E-01   
v sigma                        5.00000000E-03  -8.4254990929E+00 +-    2.3195838935E-01   
v sigtau                       5.00000000E-03  -6.3340788438E+01 +-    5.1062926492E-01   
v tensor                       5.00000000E-03   1.5942951892E+00 +-    1.3734699213E-01   
v tenstau                      5.00000000E-03  -7.5971975038E+01 +-    9.6045587276E-01   
v ls                           5.00000000E-03   0.0000000000E+00 +-    0.0000000000E+00   
v lstau                        5.00000000E-03   0.0000000000E+00 +-    0.0000000000E+00   
vpot v6                        5.00000000E-03  -1.3111568242E+02 +-    1.4407458885E+00   
vpot v8                        5.00000000E-03  -1.3111568242E+02 +-    1.4407458885E+00   
v coulomb                      5.00000000E-03   7.6249169578E-01 +-    2.4417181637E-03   
v external                     5.00000000E-03   0.0000000000E+00 +-    0.0000000000E+00   
tni 2pipr-anticomm             5.00000000E-03   0.0000000000E+00 +-    0.0000000000E+00   
tni vd1pr                      5.00000000E-03   0.0000000000E+00 +-    0.0000000000E+00   
tni vepr                       5.00000000E-03   0.0000000000E+00 +-    0.0000000000E+00   
tni central                    5.00000000E-03   0.0000000000E+00 +-    0.0000000000E+00   
tni 2pixx-anticommutator       5.00000000E-03   0.0000000000E+00 +-    0.0000000000E+00   
tni 2pixd-anticommutator       5.00000000E-03   0.0000000000E+00 +-    0.0000000000E+00   
tni 2pidd-anticommutator       5.00000000E-03   0.0000000000E+00 +-    0.0000000000E+00   
tni 2pixx-commutator           5.00000000E-03   0.0000000000E+00 +-    0.0000000000E+00   
tni 2pixd-commutator           5.00000000E-03   0.0000000000E+00 +-    0.0000000000E+00   
tni 2pidd-commutator           5.00000000E-03   0.0000000000E+00 +-    0.0000000000E+00   
tni 2pi-tm                     5.00000000E-03   0.0000000000E+00 +-    0.0000000000E+00   
tni vd1                        5.00000000E-03   0.0000000000E+00 +-    0.0000000000E+00   
tni vd2                        5.00000000E-03   0.0000000000E+00 +-    0.0000000000E+00   
tni ve                         5.00000000E-03   0.0000000000E+00 +-    0.0000000000E+00   
vpottot v8+tni                 5.00000000E-03  -1.3111568242E+02 +-    1.4407458885E+00   
enetot v8+tni                  5.00000000E-03  -2.8763977846E+01 +-    3.8835170479E-01   
vper cent                      5.00000000E-03   2.4827497592E+01 +-    1.4937313512E+00   
vper tau                       5.00000000E-03  -9.7992126287E+00 +-    2.3383560224E-01   
vper sigma                     5.00000000E-03  -8.4254990929E+00 +-    2.3195838935E-01   
vper sigtau                    5.00000000E-03  -6.3340788438E+01 +-    5.1062926492E-01   
vper tensor                    5.00000000E-03   1.5942951892E+00 +-    1.3734699213E-01   
vper tenstau                   5.00000000E-03  -7.5971975038E+01 +-    9.6045587276E-01   
vper ls                        5.00000000E-03   0.0000000000E+00 +-    0.0000000000E+00   
vper lstau                     5.00000000E-03   0.0000000000E+00 +-    0.0000000000E+00   
vpotper v6                     5.00000000E-03  -1.3111568242E+02 +-    1.4407458885E+00   
vpotper v8                     5.00000000E-03  -1.3111568242E+02 +-    1.4407458885E+00   
vpotv6pr-vpotv6per diff        5.00000000E-03   0.0000000000E+00 +-    0.0000000000E+00   
vpotv8pr-vpotv8per diff        5.00000000E-03   0.0000000000E+00 +-    0.0000000000E+00   
2piapr-2pia diff               5.00000000E-03   0.0000000000E+00 +-    0.0000000000E+00   
vd1pr-vd1 diff                 5.00000000E-03   0.0000000000E+00 +-    0.0000000000E+00   
vepr-ve diff                   5.00000000E-03   0.0000000000E+00 +-    0.0000000000E+00   
diff1 2piapr-2pia-2picxx       5.00000000E-03   0.0000000000E+00 +-    0.0000000000E+00   
diff2 vd1pr-vd1-2picxd         5.00000000E-03   0.0000000000E+00 +-    0.0000000000E+00   
diff3 vepr-ve-2picdd           5.00000000E-03   0.0000000000E+00 +-    0.0000000000E+00   
sum diff1+dif2+diff3           5.00000000E-03   0.0000000000E+00 +-    0.0000000000E+00   
proton rms                     5.00000000E-03   1.9882006212E+00 +-    1.1172696844E-02   
neutron rms                    5.00000000E-03   2.1000310075E+00 +-    1.3130475756E-02   
total rms                      5.00000000E-03   2.0397947191E+00 +-    1.0534287449E-02   
neutron-proton rms             5.00000000E-03   1.1183038633E-01 +-    1.1823558865E-02   
GT sigXtau+                    5.00000000E-03  -2.7700871639E-05 +-    2.1514502716E-05   
GT sigYtau+                    5.00000000E-03  -4.5618512809E-05 +-    2.1374176758E-05   
GT sigZtau+                    5.00000000E-03  -4.1224528068E-05 +-    2.1306540629E-05   
GT sigXtau-                    5.00000000E-03  -1.0173641331E-04 +-    2.1509014282E-05   
GT sigYtau-                    5.00000000E-03   1.2158175832E-04 +-    2.1709081645E-05   
GT sigZtau-                    5.00000000E-03  -5.6199907182E-05 +-    2.3685435737E-05   
F tau+                         5.00000000E-03  -2.1251406626E-19 +-    3.7482661060E-20   
F tau-                         5.00000000E-03  -3.2577343450E-20 +-    3.8771735374E-20   
Psi**2                         5.00000000E-03   2.5241920241E-05 +-    5.9993652945E-07   
single crossing/step           5.00000000E-03   8.6515031119E-03 +-    4.5010102196E-05   
global crossing/step           5.00000000E-03   8.4960755727E-03 +-    8.9214908921E-05   
energy numerator(real)         5.00000000E-03  -1.9253028082E+01 +-    8.6019515135E-01   
denominator psit/psigi(real)   5.00000000E-03   6.6940345475E-01 +-    1.3022414884E-02   
energy numerator(aimag)        5.00000000E-03   9.1671047175E-01 +-    5.7962508429E-01   
denominator psit/psigi(aimag)  5.00000000E-03  -3.0593600441E-02 +-    8.6850748006E-03   
growth(lin dt) energy          5.00000000E-03  -2.2445127701E+02 +-    5.3023686015E+00   
growth(global) energy          5.00000000E-03  -2.2840681806E+02 +-    1.0518346401E+01
growth energy                  5.00000000E-03  -2.2427028389E+02 +-    5.2861003102E+00
Time for propagation (sec) (min) =          21.218      0.354
Time for energies (sec) (min) =              0.767      0.013
Time for load balancing (sec) (min) =        0.032      0.001
Time for block (sec) (min) =                22.645      0.377
Time for operators (sec) (min) =             0.017      0.000
Elapsed block time (sec) (min) =            42.189      0.703
 
 walkers multiplicity, block, total
   0          46358          82023
   1         976936        1807503
   2          46720          83366
   3            288            470
   4             47             75
   5             13             28
   6              5              9
   7              2              5
   8              2              2
   9              1              2
  10              0              1
  12              4              5
  14              1              1
 
 

iteration =                               3
walker number =                       10612
total energy-propagated        7.50000000E-03  -2.6734074284E+01 +-    2.1203327923E-01   
kinetic energy                 7.50000000E-03   9.8054883119E+01 +-    1.3483395212E+00   
potential energy               7.50000000E-03  -1.2478895740E+02 +-    1.4168343410E+00   
im energy                      7.50000000E-03   2.9327782128E-02 +-    1.6950699860E-01   
imkin energy                   7.50000000E-03   6.4743648175E+00 +-    4.4013748512E-01   
impot energy                   7.50000000E-03  -6.4450370354E+00 +-    3.0283727165E-01   
v cent                         7.50000000E-03   1.7153850706E+01 +-    1.3286223867E+00   
v tau                          7.50000000E-03  -5.8779280241E+00 +-    2.6312213130E-01   
v sigma                        7.50000000E-03  -9.2663686834E+00 +-    2.2161923437E-01   
v sigtau                       7.50000000E-03  -6.0090764603E+01 +-    4.4590133349E-01   
v tensor                       7.50000000E-03  -5.9595717687E-01 +-    9.8164258990E-02   
v tenstau                      7.50000000E-03  -6.6111789622E+01 +-    4.4549244013E-01   
v ls                           7.50000000E-03   0.0000000000E+00 +-    0.0000000000E+00   
v lstau                        7.50000000E-03   0.0000000000E+00 +-    0.0000000000E+00   
vpot v6                        7.50000000E-03  -1.2478895740E+02 +-    1.4168343410E+00   
vpot v8                        7.50000000E-03  -1.2478895740E+02 +-    1.4168343410E+00   
v coulomb                      7.50000000E-03   7.5720101369E-01 +-    2.2759855789E-03   
v external                     7.50000000E-03   0.0000000000E+00 +-    0.0000000000E+00   
tni 2pipr-anticomm             7.50000000E-03   0.0000000000E+00 +-    0.0000000000E+00   
tni vd1pr                      7.50000000E-03   0.0000000000E+00 +-    0.0000000000E+00   
tni vepr                       7.50000000E-03   0.0000000000E+00 +-    0.0000000000E+00   
tni central                    7.50000000E-03   0.0000000000E+00 +-    0.0000000000E+00   
tni 2pixx-anticommutator       7.50000000E-03   0.0000000000E+00 +-    0.0000000000E+00   
tni 2pixd-anticommutator       7.50000000E-03   0.0000000000E+00 +-    0.0000000000E+00   
tni 2pidd-anticommutator       7.50000000E-03   0.0000000000E+00 +-    0.0000000000E+00   
tni 2pixx-commutator           7.50000000E-03   0.0000000000E+00 +-    0.0000000000E+00   
tni 2pixd-commutator           7.50000000E-03   0.0000000000E+00 +-    0.0000000000E+00   
tni 2pidd-commutator           7.50000000E-03   0.0000000000E+00 +-    0.0000000000E+00   
tni 2pi-tm                     7.50000000E-03   0.0000000000E+00 +-    0.0000000000E+00   
tni vd1                        7.50000000E-03   0.0000000000E+00 +-    0.0000000000E+00   
tni vd2                        7.50000000E-03   0.0000000000E+00 +-    0.0000000000E+00   
tni ve                         7.50000000E-03   0.0000000000E+00 +-    0.0000000000E+00   
vpottot v8+tni                 7.50000000E-03  -1.2478895740E+02 +-    1.4168343410E+00   
enetot v8+tni                  7.50000000E-03  -2.6734074284E+01 +-    2.1203327923E-01   
vper cent                      7.50000000E-03   1.7153850706E+01 +-    1.3286223867E+00   
vper tau                       7.50000000E-03  -5.8779280241E+00 +-    2.6312213130E-01   
vper sigma                     7.50000000E-03  -9.2663686834E+00 +-    2.2161923437E-01   
vper sigtau                    7.50000000E-03  -6.0090764603E+01 +-    4.4590133349E-01   
vper tensor                    7.50000000E-03  -5.9595717687E-01 +-    9.8164258990E-02   
vper tenstau                   7.50000000E-03  -6.6111789622E+01 +-    4.4549244013E-01   
vper ls                        7.50000000E-03   0.0000000000E+00 +-    0.0000000000E+00   
vper lstau                     7.50000000E-03   0.0000000000E+00 +-    0.0000000000E+00   
vpotper v6                     7.50000000E-03  -1.2478895740E+02 +-    1.4168343410E+00   
vpotper v8                     7.50000000E-03  -1.2478895740E+02 +-    1.4168343410E+00   
vpotv6pr-vpotv6per diff        7.50000000E-03   0.0000000000E+00 +-    0.0000000000E+00   
vpotv8pr-vpotv8per diff        7.50000000E-03   0.0000000000E+00 +-    0.0000000000E+00   
2piapr-2pia diff               7.50000000E-03   0.0000000000E+00 +-    0.0000000000E+00   
vd1pr-vd1 diff                 7.50000000E-03   0.0000000000E+00 +-    0.0000000000E+00   
vepr-ve diff                   7.50000000E-03   0.0000000000E+00 +-    0.0000000000E+00   
diff1 2piapr-2pia-2picxx       7.50000000E-03   0.0000000000E+00 +-    0.0000000000E+00   
diff2 vd1pr-vd1-2picxd         7.50000000E-03   0.0000000000E+00 +-    0.0000000000E+00   
diff3 vepr-ve-2picdd           7.50000000E-03   0.0000000000E+00 +-    0.0000000000E+00   
sum diff1+dif2+diff3           7.50000000E-03   0.0000000000E+00 +-    0.0000000000E+00   
proton rms                     7.50000000E-03   2.0268380091E+00 +-    1.1102007087E-02   
neutron rms                    7.50000000E-03   2.1977249815E+00 +-    1.3779416348E-02   
total rms                      7.50000000E-03   2.1078867764E+00 +-    1.0646421213E-02   
neutron-proton rms             7.50000000E-03   1.7088697235E-01 +-    1.3022269042E-02   
GT sigXtau+                    7.50000000E-03  -1.2571153956E-04 +-    1.6127190518E-05   
GT sigYtau+                    7.50000000E-03  -2.7017414984E-04 +-    2.1901298523E-05   
GT sigZtau+                    7.50000000E-03  -2.5128914486E-05 +-    1.8887519115E-05   
GT sigXtau-                    7.50000000E-03  -2.4376138154E-04 +-    1.8259479075E-05   
GT sigYtau-                    7.50000000E-03   1.1581290660E-04 +-    2.2011054739E-05   
GT sigZtau-                    7.50000000E-03  -6.9995040541E-05 +-    2.4485036036E-05   
F tau+                         7.50000000E-03   1.1584489239E-20 +-    3.5322653923E-20   
F tau-                         7.50000000E-03  -5.7702152393E-20 +-    3.7305632073E-20   
Psi**2                         7.50000000E-03   2.3094717582E-05 +-    5.7633282247E-07   
single crossing/step           7.50000000E-03   7.6384970105E-03 +-    4.1430657090E-05   
global crossing/step           7.50000000E-03   7.4872306757E-03 +-    8.2043006070E-05   
energy numerator(real)         7.50000000E-03  -1.0233444568E+01 +-    8.2284822657E-01   
denominator psit/psigi(real)   7.50000000E-03   3.7963245679E-01 +-    1.3353175669E-02   
energy numerator(aimag)        7.50000000E-03   2.0102718537E-01 +-    5.7104943976E-01   
denominator psit/psigi(aimag)  7.50000000E-03   3.1047414238E-02 +-    8.8970612668E-03   
growth(lin dt) energy          7.50000000E-03  -2.4191104847E+02 +-    5.4297570750E+00   
growth(global) energy          7.50000000E-03  -2.3897749052E+02 +-    1.2386058589E+01
growth energy                  7.50000000E-03  -2.4167385030E+02 +-    5.4107348432E+00
Time for propagation (sec) (min) =          22.136      0.369
Time for energies (sec) (min) =              0.747      0.012
Time for load balancing (sec) (min) =        0.031      0.001
Time for block (sec) (min) =                23.416      0.390
Time for operators (sec) (min) =             0.017      0.000
Elapsed block time (sec) (min) =            65.623      1.094
 
 walkers multiplicity, block, total
   0          52699         134722
   1        1023635        2831138
   2          51233         134599
   3            382            852
   4             65            140
   5             13             41
   6              9             18
   7              9             14
   8              4              6
   9              3              5
  10              1              2
  11              1              1
  12              0              5
  14              0              1
 
 

iteration =                               4
walker number =                       10515
total energy-propagated        1.00000000E-02  -2.3578021498E+01 +-    4.2656795002E-01   
kinetic energy                 1.00000000E-02   1.2708307149E+02 +-    1.2375285382E+00   
potential energy               1.00000000E-02  -1.5066109299E+02 +-    1.3109568967E+00   
im energy                      1.00000000E-02   2.6403667208E+00 +-    3.6572604381E-01   
imkin energy                   1.00000000E-02   1.8373034889E+01 +-    6.6340873075E-01   
impot energy                   1.00000000E-02  -1.5732668169E+01 +-    5.6258043576E-01   
v cent                         1.00000000E-02   1.3179674897E+00 +-    1.3987685043E+00   
v tau                          1.00000000E-02  -8.1509439059E+00 +-    1.9912258117E-01   
v sigma                        1.00000000E-02  -8.6930230958E+00 +-    3.4144512556E-01   
v sigtau                       1.00000000E-02  -6.6875154839E+01 +-    7.1462188004E-01   
v tensor                       1.00000000E-02   3.3982693463E+00 +-    9.9481129319E-02   
v tenstau                      1.00000000E-02  -7.1658207984E+01 +-    1.3600873239E+00   
v ls                           1.00000000E-02   0.0000000000E+00 +-    0.0000000000E+00   
v lstau                        1.00000000E-02   0.0000000000E+00 +-    0.0000000000E+00   
vpot v6                        1.00000000E-02  -1.5066109299E+02 +-    1.3109568967E+00   
vpot v8                        1.00000000E-02  -1.5066109299E+02 +-    1.3109568967E+00   
v coulomb                      1.00000000E-02   7.9407839330E-01 +-    2.0634389360E-03   
v external                     1.00000000E-02   0.0000000000E+00 +-    0.0000000000E+00   
tni 2pipr-anticomm             1.00000000E-02   0.0000000000E+00 +-    0.0000000000E+00   
tni vd1pr                      1.00000000E-02   0.0000000000E+00 +-    0.0000000000E+00   
tni vepr                       1.00000000E-02   0.0000000000E+00 +-    0.0000000000E+00   
tni central                    1.00000000E-02   0.0000000000E+00 +-    0.0000000000E+00   
tni 2pixx-anticommutator       1.00000000E-02   0.0000000000E+00 +-    0.0000000000E+00   
tni 2pixd-anticommutator       1.00000000E-02   0.0000000000E+00 +-    0.0000000000E+00   
tni 2pidd-anticommutator       1.00000000E-02   0.0000000000E+00 +-    0.0000000000E+00   
tni 2pixx-commutator           1.00000000E-02   0.0000000000E+00 +-    0.0000000000E+00   
tni 2pixd-commutator           1.00000000E-02   0.0000000000E+00 +-    0.0000000000E+00   
tni 2pidd-commutator           1.00000000E-02   0.0000000000E+00 +-    0.0000000000E+00   
tni 2pi-tm                     1.00000000E-02   0.0000000000E+00 +-    0.0000000000E+00   
tni vd1                        1.00000000E-02   0.0000000000E+00 +-    0.0000000000E+00   
tni vd2                        1.00000000E-02   0.0000000000E+00 +-    0.0000000000E+00   
tni ve                         1.00000000E-02   0.0000000000E+00 +-    0.0000000000E+00   
vpottot v8+tni                 1.00000000E-02  -1.5066109299E+02 +-    1.3109568967E+00   
enetot v8+tni                  1.00000000E-02  -2.3578021498E+01 +-    4.2656795002E-01   
vper cent                      1.00000000E-02   1.3179674897E+00 +-    1.3987685043E+00   
vper tau                       1.00000000E-02  -8.1509439059E+00 +-    1.9912258117E-01   
vper sigma                     1.00000000E-02  -8.6930230958E+00 +-    3.4144512556E-01   
vper sigtau                    1.00000000E-02  -6.6875154839E+01 +-    7.1462188004E-01   
vper tensor                    1.00000000E-02   3.3982693463E+00 +-    9.9481129319E-02   
vper tenstau                   1.00000000E-02  -7.1658207984E+01 +-    1.3600873239E+00   
vper ls                        1.00000000E-02   0.0000000000E+00 +-    0.0000000000E+00   
vper lstau                     1.00000000E-02   0.0000000000E+00 +-    0.0000000000E+00   
vpotper v6                     1.00000000E-02  -1.5066109299E+02 +-    1.3109568967E+00   
vpotper v8                     1.00000000E-02  -1.5066109299E+02 +-    1.3109568967E+00   
vpotv6pr-vpotv6per diff        1.00000000E-02   0.0000000000E+00 +-    0.0000000000E+00   
vpotv8pr-vpotv8per diff        1.00000000E-02   0.0000000000E+00 +-    0.0000000000E+00   
2piapr-2pia diff               1.00000000E-02   0.0000000000E+00 +-    0.0000000000E+00   
vd1pr-vd1 diff                 1.00000000E-02   0.0000000000E+00 +-    0.0000000000E+00   
vepr-ve diff                   1.00000000E-02   0.0000000000E+00 +-    0.0000000000E+00   
diff1 2piapr-2pia-2picxx       1.00000000E-02   0.0000000000E+00 +-    0.0000000000E+00   
diff2 vd1pr-vd1-2picxd         1.00000000E-02   0.0000000000E+00 +-    0.0000000000E+00   
diff3 vepr-ve-2picdd           1.00000000E-02   0.0000000000E+00 +-    0.0000000000E+00   
sum diff1+dif2+diff3           1.00000000E-02   0.0000000000E+00 +-    0.0000000000E+00   
proton rms                     1.00000000E-02   2.0406377457E+00 +-    1.1840914868E-02   
neutron rms                    1.00000000E-02   2.3705629645E+00 +-    1.5737673170E-02   
total rms                      1.00000000E-02   2.1935873923E+00 +-    1.1648581673E-02   
neutron-proton rms             1.00000000E-02   3.2992521884E-01 +-    1.5053523061E-02   
GT sigXtau+                    1.00000000E-02   5.4054950382E-05 +-    1.7981516266E-05   
GT sigYtau+                    1.00000000E-02  -2.4744697304E-04 +-    2.1668554462E-05   
GT sigZtau+                    1.00000000E-02  -7.1920765992E-05 +-    3.2487689718E-05   
GT sigXtau-                    1.00000000E-02   2.1905825411E-04 +-    1.9868684954E-05   
GT sigYtau-                    1.00000000E-02  -2.5951342247E-04 +-    2.1374039858E-05   
GT sigZtau-                    1.00000000E-02   4.3507621277E-05 +-    2.5846521956E-05   
F tau+                         1.00000000E-02  -7.5756402086E-19 +-    7.7234290935E-20   
F tau-                         1.00000000E-02   2.0784420348E-21 +-    5.6602719036E-20   
Psi**2                         1.00000000E-02   3.0170112771E-05 +-    8.1799352958E-07   
single crossing/step           1.00000000E-02   7.5682808484E-03 +-    4.1481440476E-05   
global crossing/step           1.00000000E-02   7.5004696384E-03 +-    8.2593195758E-05   
energy numerator(real)         1.00000000E-02  -4.7106497982E+00 +-    9.3938213471E-01   
denominator psit/psigi(real)   1.00000000E-02   2.0057821644E-01 +-    1.3947185546E-02   
energy numerator(aimag)        1.00000000E-02   5.9451119452E-01 +-    6.5452355282E-01   
denominator psit/psigi(aimag)  1.00000000E-02  -1.1702394421E-02 +-    9.2831248279E-03   
growth(lin dt) energy          1.00000000E-02  -2.4949134044E+02 +-    5.7607481211E+00   
growth(global) energy          1.00000000E-02  -2.4720904309E+02 +-    1.1136247354E+01
growth energy                  1.00000000E-02  -2.4922738368E+02 +-    5.7394587974E+00
Time for propagation (sec) (min) =          21.891      0.365
Time for energies (sec) (min) =              0.741      0.012
Time for load balancing (sec) (min) =        0.032      0.001
Time for block (sec) (min) =                23.190      0.386
Time for operators (sec) (min) =             0.016      0.000
Elapsed block time (sec) (min) =            88.837      1.481
 
 walkers multiplicity, block, total
   0          53366         188088
   1        1009533        3840671
   2          51855         186454
   3            433           1285
   4             75            215
   5             24             65
   6             11             29
   7              5             19
   8              4             10
   9              3              8
  10              1              3
  11              1              2
  12              0              5
  14              0              1
  17              1              1
  18              1              1
  20              2              2
 
 

iteration =                               5
walker number =                       11186
total energy-propagated        1.25000000E-02  -1.5748158398E+01 +-    4.4529026438E-01   
kinetic energy                 1.25000000E-02   1.3910867023E+02 +-    1.7312650062E+00   
potential energy               1.25000000E-02  -1.5485682863E+02 +-    1.7037139208E+00   
im energy                      1.25000000E-02  -9.7584240363E-02 +-    8.9613053174E-02   
imkin energy                   1.25000000E-02  -8.6767577155E+00 +-    7.9290064593E-01   
impot energy                   1.25000000E-02   8.5791734752E+00 +-    8.0035044097E-01   
v cent                         1.25000000E-02   8.3853204930E+00 +-    2.2519622806E+00   
v tau                          1.25000000E-02  -1.4402355188E+01 +-    5.1349957905E-01   
v sigma                        1.25000000E-02  -4.4271105863E+00 +-    2.7267208385E-01   
v sigtau                       1.25000000E-02  -5.9356380228E+01 +-    4.0561408423E-01   
v tensor                       1.25000000E-02   1.9639851668E+00 +-    1.5800735530E-01   
v tenstau                      1.25000000E-02  -8.7020288291E+01 +-    1.3107312199E+00   
v ls                           1.25000000E-02   0.0000000000E+00 +-    0.0000000000E+00   
v lstau                        1.25000000E-02   0.0000000000E+00 +-    0.0000000000E+00   
vpot v6                        1.25000000E-02  -1.5485682863E+02 +-    1.7037139208E+00   
vpot v8                        1.25000000E-02  -1.5485682863E+02 +-    1.7037139208E+00   
v coulomb                      1.25000000E-02   8.0596186951E-01 +-    2.9065760054E-03   
v external                     1.25000000E-02   0.0000000000E+00 +-    0.0000000000E+00   
tni 2pipr-anticomm             1.25000000E-02   0.0000000000E+00 +-    0.0000000000E+00   
tni vd1pr                      1.25000000E-02   0.0000000000E+00 +-    0.0000000000E+00   
tni vepr                       1.25000000E-02   0.0000000000E+00 +-    0.0000000000E+00   
tni central                    1.25000000E-02   0.0000000000E+00 +-    0.0000000000E+00   
tni 2pixx-anticommutator       1.25000000E-02   0.0000000000E+00 +-    0.0000000000E+00   
tni 2pixd-anticommutator       1.25000000E-02   0.0000000000E+00 +-    0.0000000000E+00   
tni 2pidd-anticommutator       1.25000000E-02   0.0000000000E+00 +-    0.0000000000E+00   
tni 2pixx-commutator           1.25000000E-02   0.0000000000E+00 +-    0.0000000000E+00   
tni 2pixd-commutator           1.25000000E-02   0.0000000000E+00 +-    0.0000000000E+00   
tni 2pidd-commutator           1.25000000E-02   0.0000000000E+00 +-    0.0000000000E+00   
tni 2pi-tm                     1.25000000E-02   0.0000000000E+00 +-    0.0000000000E+00   
tni vd1                        1.25000000E-02   0.0000000000E+00 +-    0.0000000000E+00   
tni vd2                        1.25000000E-02   0.0000000000E+00 +-    0.0000000000E+00   
tni ve                         1.25000000E-02   0.0000000000E+00 +-    0.0000000000E+00   
vpottot v8+tni                 1.25000000E-02  -1.5485682863E+02 +-    1.7037139208E+00   
enetot v8+tni                  1.25000000E-02  -1.5748158398E+01 +-    4.4529026438E-01   
vper cent                      1.25000000E-02   8.3853204930E+00 +-    2.2519622806E+00   
vper tau                       1.25000000E-02  -1.4402355188E+01 +-    5.1349957905E-01   
vper sigma                     1.25000000E-02  -4.4271105863E+00 +-    2.7267208385E-01   
vper sigtau                    1.25000000E-02  -5.9356380228E+01 +-    4.0561408423E-01   
vper tensor                    1.25000000E-02   1.9639851668E+00 +-    1.5800735530E-01   
vper tenstau                   1.25000000E-02  -8.7020288291E+01 +-    1.3107312199E+00   
vper ls                        1.25000000E-02   0.0000000000E+00 +-    0.0000000000E+00   
vper lstau                     1.25000000E-02   0.0000000000E+00 +-    0.0000000000E+00   
vpotper v6                     1.25000000E-02  -1.5485682863E+02 +-    1.7037139208E+00   
vpotper v8                     1.25000000E-02  -1.5485682863E+02 +-    1.7037139208E+00   
vpotv6pr-vpotv6per diff        1.25000000E-02   0.0000000000E+00 +-    0.0000000000E+00   
vpotv8pr-vpotv8per diff        1.25000000E-02   0.0000000000E+00 +-    0.0000000000E+00   
2piapr-2pia diff               1.25000000E-02   0.0000000000E+00 +-    0.0000000000E+00   
vd1pr-vd1 diff                 1.25000000E-02   0.0000000000E+00 +-    0.0000000000E+00   
vepr-ve diff                   1.25000000E-02   0.0000000000E+00 +-    0.0000000000E+00   
diff1 2piapr-2pia-2picxx       1.25000000E-02   0.0000000000E+00 +-    0.0000000000E+00   
diff2 vd1pr-vd1-2picxd         1.25000000E-02   0.0000000000E+00 +-    0.0000000000E+00   
diff3 vepr-ve-2picdd           1.25000000E-02   0.0000000000E+00 +-    0.0000000000E+00   
sum diff1+dif2+diff3           1.25000000E-02   0.0000000000E+00 +-    0.0000000000E+00   
proton rms                     1.25000000E-02   1.6786668321E+00 +-    8.9554953009E-03   
neutron rms                    1.25000000E-02   2.0621812765E+00 +-    1.1735620547E-02   
total rms                      1.25000000E-02   1.8669600099E+00 +-    8.2524783970E-03   
neutron-proton rms             1.25000000E-02   3.8351444438E-01 +-    1.1245535176E-02   
GT sigXtau+                    1.25000000E-02  -5.4088743706E-04 +-    1.4717227337E-05   
GT sigYtau+                    1.25000000E-02   4.8417837846E-04 +-    1.8656643448E-05   
GT sigZtau+                    1.25000000E-02  -1.0224085785E-04 +-    1.6928469505E-05   
GT sigXtau-                    1.25000000E-02   3.4713850653E-04 +-    2.0373454965E-05   
GT sigYtau-                    1.25000000E-02  -1.4705348189E-04 +-    2.3241000866E-05   
GT sigZtau-                    1.25000000E-02   1.1285752794E-03 +-    2.7715609840E-05   
F tau+                         1.25000000E-02   2.7367668810E-19 +-    6.2577332499E-20   
F tau-                         1.25000000E-02   4.4213732925E-19 +-    4.8814214214E-20   
Psi**2                         1.25000000E-02   1.3491727411E-05 +-    4.5112635890E-07   
single crossing/step           1.25000000E-02   8.2023202214E-03 +-    4.3240146745E-05   
global crossing/step           1.25000000E-02   7.9853568083E-03 +-    8.5338195496E-05   
energy numerator(real)         1.25000000E-02  -2.0055417730E+00 +-    9.0397082439E-01   
denominator psit/psigi(real)   1.25000000E-02   1.3358690923E-01 +-    1.3343661649E-02   
energy numerator(aimag)        1.25000000E-02  -1.1249094829E+00 +-    6.3680071889E-01   
denominator psit/psigi(aimag)  1.25000000E-02   1.4678694774E-02 +-    8.9078207563E-03   
growth(lin dt) energy          1.25000000E-02  -2.6808909573E+02 +-    5.8640365035E+00   
growth(global) energy          1.25000000E-02  -2.7691292581E+02 +-    1.2465778313E+01
growth energy                  1.25000000E-02  -2.6775344796E+02 +-    5.8396528807E+00
Time for propagation (sec) (min) =          21.827      0.364
Time for energies (sec) (min) =              0.788      0.013
Time for load balancing (sec) (min) =        0.031      0.001
Time for block (sec) (min) =                23.136      0.386
Time for operators (sec) (min) =             0.016      0.000
Elapsed block time (sec) (min) =           111.989      1.866
 
 walkers multiplicity, block, total
   0          54599         242687
   1        1002770        4843441
   2          53855         240309
   3            445           1730
   4             82            297
   5             27             92
   6              8             37
   7              3             22
   8              5             15
   9              3             11
  10              0              3
  11              0              2
  12              1              6
  13              2              2
  14              0              1
  17              0              1
  18              0              1
  20              1              3
 
 

iteration =                               6
walker number =                       11850
total energy-propagated        1.50000000E-02   2.4762280883E+00 +-    7.0920668455E-01   
kinetic energy                 1.50000000E-02   1.7678994499E+02 +-    9.5176631438E-01   
potential energy               1.50000000E-02  -1.7431371690E+02 +-    1.4904746248E+00   
im energy                      1.50000000E-02  -1.2611284159E+01 +-    4.3442670845E-01   
imkin energy                   1.50000000E-02  -1.9604416673E+01 +-    1.1995661084E+00   
impot energy                   1.50000000E-02   6.9931325140E+00 +-    1.0895321679E+00   
v cent                         1.50000000E-02  -3.0044831971E+00 +-    1.7134711036E+00   
v tau                          1.50000000E-02  -1.3068471951E+01 +-    6.7383204147E-01   
v sigma                        1.50000000E-02  -9.5383775359E+00 +-    7.9582019760E-01   
v sigtau                       1.50000000E-02  -8.3900026739E+01 +-    6.7707966878E-01   
v tensor                       1.50000000E-02   8.4254638379E+00 +-    2.0231733929E-01   
v tenstau                      1.50000000E-02  -7.3227821314E+01 +-    1.8565561790E+00   
v ls                           1.50000000E-02   0.0000000000E+00 +-    0.0000000000E+00   
v lstau                        1.50000000E-02   0.0000000000E+00 +-    0.0000000000E+00   
vpot v6                        1.50000000E-02  -1.7431371690E+02 +-    1.4904746248E+00   
vpot v8                        1.50000000E-02  -1.7431371690E+02 +-    1.4904746248E+00   
v coulomb                      1.50000000E-02   7.1316684604E-01 +-    4.9610465918E-03   
v external                     1.50000000E-02   0.0000000000E+00 +-    0.0000000000E+00   
tni 2pipr-anticomm             1.50000000E-02   0.0000000000E+00 +-    0.0000000000E+00   
tni vd1pr                      1.50000000E-02   0.0000000000E+00 +-    0.0000000000E+00   
tni vepr                       1.50000000E-02   0.0000000000E+00 +-    0.0000000000E+00   
tni central                    1.50000000E-02   0.0000000000E+00 +-    0.0000000000E+00   
tni 2pixx-anticommutator       1.50000000E-02   0.0000000000E+00 +-    0.0000000000E+00   
tni 2pixd-anticommutator       1.50000000E-02   0.0000000000E+00 +-    0.0000000000E+00   
tni 2pidd-anticommutator       1.50000000E-02   0.0000000000E+00 +-    0.0000000000E+00   
tni 2pixx-commutator           1.50000000E-02   0.0000000000E+00 +-    0.0000000000E+00   
tni 2pixd-commutator           1.50000000E-02   0.0000000000E+00 +-    0.0000000000E+00   
tni 2pidd-commutator           1.50000000E-02   0.0000000000E+00 +-    0.0000000000E+00   
tni 2pi-tm                     1.50000000E-02   0.0000000000E+00 +-    0.0000000000E+00   
tni vd1                        1.50000000E-02   0.0000000000E+00 +-    0.0000000000E+00   
tni vd2                        1.50000000E-02   0.0000000000E+00 +-    0.0000000000E+00   
tni ve                         1.50000000E-02   0.0000000000E+00 +-    0.0000000000E+00   
vpottot v8+tni                 1.50000000E-02  -1.7431371690E+02 +-    1.4904746248E+00   
enetot v8+tni                  1.50000000E-02   2.4762280883E+00 +-    7.0920668455E-01   
vper cent                      1.50000000E-02  -3.0044831971E+00 +-    1.7134711036E+00   
vper tau                       1.50000000E-02  -1.3068471951E+01 +-    6.7383204147E-01   
vper sigma                     1.50000000E-02  -9.5383775359E+00 +-    7.9582019760E-01   
vper sigtau                    1.50000000E-02  -8.3900026739E+01 +-    6.7707966878E-01   
vper tensor                    1.50000000E-02   8.4254638379E+00 +-    2.0231733929E-01   
vper tenstau                   1.50000000E-02  -7.3227821314E+01 +-    1.8565561790E+00   
vper ls                        1.50000000E-02   0.0000000000E+00 +-    0.0000000000E+00   
vper lstau                     1.50000000E-02   0.0000000000E+00 +-    0.0000000000E+00   
vpotper v6                     1.50000000E-02  -1.7431371690E+02 +-    1.4904746248E+00   
vpotper v8                     1.50000000E-02  -1.7431371690E+02 +-    1.4904746248E+00   
vpotv6pr-vpotv6per diff        1.50000000E-02   0.0000000000E+00 +-    0.0000000000E+00   
vpotv8pr-vpotv8per diff        1.50000000E-02   0.0000000000E+00 +-    0.0000000000E+00   
2piapr-2pia diff               1.50000000E-02   0.0000000000E+00 +-    0.0000000000E+00   
vd1pr-vd1 diff                 1.50000000E-02   0.0000000000E+00 +-    0.0000000000E+00   
vepr-ve diff                   1.50000000E-02   0.0000000000E+00 +-    0.0000000000E+00   
diff1 2piapr-2pia-2picxx       1.50000000E-02   0.0000000000E+00 +-    0.0000000000E+00   
diff2 vd1pr-vd1-2picxd         1.50000000E-02   0.0000000000E+00 +-    0.0000000000E+00   
diff3 vepr-ve-2picdd           1.50000000E-02   0.0000000000E+00 +-    0.0000000000E+00   
sum diff1+dif2+diff3           1.50000000E-02   0.0000000000E+00 +-    0.0000000000E+00   
proton rms                     1.50000000E-02   1.9622216707E+00 +-    1.1517021744E-02   
neutron rms                    1.50000000E-02   1.8848142150E+00 +-    1.1084353513E-02   
total rms                      1.50000000E-02   1.9337538776E+00 +-    1.0927116171E-02   
neutron-proton rms             1.50000000E-02  -7.7407455671E-02 +-    5.8050531413E-03   
GT sigXtau+                    1.50000000E-02  -1.0438266080E-03 +-    2.4379063634E-05   
GT sigYtau+                    1.50000000E-02  -3.0724904140E-04 +-    4.7479455866E-05   
GT sigZtau+                    1.50000000E-02   1.4371847374E-04 +-    1.6651307168E-05   
GT sigXtau-                    1.50000000E-02   4.3097797010E-04 +-    2.1070849599E-05   
GT sigYtau-                    1.50000000E-02   2.7017966609E-04 +-    3.0816723578E-05   
GT sigZtau-                    1.50000000E-02   1.0215041170E-03 +-    1.1700285894E-05   
F tau+                         1.50000000E-02   4.8213220577E-20 +-    5.6861145858E-20   
F tau-                         1.50000000E-02   1.5268479391E-18 +-    5.2188017164E-20   
Psi**2                         1.50000000E-02   5.0606179327E-05 +-    9.9775521833E-07   
single crossing/step           1.50000000E-02   8.2956014795E-03 +-    4.3048866994E-05   
global crossing/step           1.50000000E-02   8.0852041575E-03 +-    8.5007910435E-05   
energy numerator(real)         1.50000000E-02   6.9824707208E-01 +-    9.5629854709E-01   
denominator psit/psigi(real)   1.50000000E-02   7.0757520632E-02 +-    1.3305385198E-02   
energy numerator(aimag)        1.50000000E-02  -2.2909303377E+00 +-    6.4869700583E-01   
denominator psit/psigi(aimag)  1.50000000E-02   1.5881800652E-02 +-    8.9460319534E-03   
growth(lin dt) energy          1.50000000E-02  -2.6756726733E+02 +-    5.8192698978E+00   
growth(global) energy          1.50000000E-02  -2.6977038139E+02 +-    1.2448693019E+01
growth energy                  1.50000000E-02  -2.6723374810E+02 +-    5.7951509385E+00
Time for propagation (sec) (min) =          22.268      0.371
Time for energies (sec) (min) =              0.835      0.014
Time for load balancing (sec) (min) =        0.027      0.000
Time for block (sec) (min) =                23.654      0.394
Time for operators (sec) (min) =             0.019      0.000
Elapsed block time (sec) (min) =           135.671      2.261
 
 walkers multiplicity, block, total
   0          56553         299240
   1        1020942        5864383
   2          55694         296003
   3            507           2237
   4             96            393
   5             22            114
   6             12             49
   7              7             29
   8              2             17
   9              1             12
  10              1              4
  11              0              2
  12              0              6
  13              0              2
  14              0              1
  17              0              1
  18              0              1
  20              0              3
 
 

iteration =                               7
walker number =                       10281
total energy-propagated        1.75000000E-02  -1.9056999891E+01 +-    1.2472378326E+00   
kinetic energy                 1.75000000E-02   1.3109184360E+02 +-    1.4724832540E+00   
potential energy               1.75000000E-02  -1.5014884349E+02 +-    1.8007529866E+00   
im energy                      1.75000000E-02   2.5089917803E+01 +-    1.0245696196E+00   
imkin energy                   1.75000000E-02   1.5762332158E+01 +-    9.2998549924E-01   
impot energy                   1.75000000E-02   9.3275856446E+00 +-    1.8006802698E+00   
v cent                         1.75000000E-02   3.3203945815E+01 +-    1.4901650531E+00   
v tau                          1.75000000E-02  -9.8390919674E+00 +-    7.2997106153E-01   
v sigma                        1.75000000E-02  -2.7037061390E+01 +-    4.2894253585E-01   
v sigtau                       1.75000000E-02  -7.8601106514E+01 +-    7.6771762147E-01   
v tensor                       1.75000000E-02  -2.5189059539E+00 +-    6.7291739917E-01   
v tenstau                      1.75000000E-02  -6.5356623481E+01 +-    2.4455413310E+00   
v ls                           1.75000000E-02   0.0000000000E+00 +-    0.0000000000E+00   
v lstau                        1.75000000E-02   0.0000000000E+00 +-    0.0000000000E+00   
vpot v6                        1.75000000E-02  -1.5014884349E+02 +-    1.8007529866E+00   
vpot v8                        1.75000000E-02  -1.5014884349E+02 +-    1.8007529866E+00   
v coulomb                      1.75000000E-02   9.3022202924E-01 +-    6.5500695193E-03   
v external                     1.75000000E-02   0.0000000000E+00 +-    0.0000000000E+00   
tni 2pipr-anticomm             1.75000000E-02   0.0000000000E+00 +-    0.0000000000E+00   
tni vd1pr                      1.75000000E-02   0.0000000000E+00 +-    0.0000000000E+00   
tni vepr                       1.75000000E-02   0.0000000000E+00 +-    0.0000000000E+00   
tni central                    1.75000000E-02   0.0000000000E+00 +-    0.0000000000E+00   
tni 2pixx-anticommutator       1.75000000E-02   0.0000000000E+00 +-    0.0000000000E+00   
tni 2pixd-anticommutator       1.75000000E-02   0.0000000000E+00 +-    0.0000000000E+00   
tni 2pidd-anticommutator       1.75000000E-02   0.0000000000E+00 +-    0.0000000000E+00   
tni 2pixx-commutator           1.75000000E-02   0.0000000000E+00 +-    0.0000000000E+00   
tni 2pixd-commutator           1.75000000E-02   0.0000000000E+00 +-    0.0000000000E+00   
tni 2pidd-commutator           1.75000000E-02   0.0000000000E+00 +-    0.0000000000E+00   
tni 2pi-tm                     1.75000000E-02   0.0000000000E+00 +-    0.0000000000E+00   
tni vd1                        1.75000000E-02   0.0000000000E+00 +-    0.0000000000E+00   
tni vd2                        1.75000000E-02   0.0000000000E+00 +-    0.0000000000E+00   
tni ve                         1.75000000E-02   0.0000000000E+00 +-    0.0000000000E+00   
vpottot v8+tni                 1.75000000E-02  -1.5014884349E+02 +-    1.8007529866E+00   
enetot v8+tni                  1.75000000E-02  -1.9056999891E+01 +-    1.2472378326E+00   
vper cent                      1.75000000E-02   3.3203945815E+01 +-    1.4901650531E+00   
vper tau                       1.75000000E-02  -9.8390919674E+00 +-    7.2997106153E-01   
vper sigma                     1.75000000E-02  -2.7037061390E+01 +-    4.2894253585E-01   
vper sigtau                    1.75000000E-02  -7.8601106514E+01 +-    7.6771762147E-01   
vper tensor                    1.75000000E-02  -2.5189059539E+00 +-    6.7291739917E-01   
vper tenstau                   1.75000000E-02  -6.5356623481E+01 +-    2.4455413310E+00   
vper ls                        1.75000000E-02   0.0000000000E+00 +-    0.0000000000E+00   
vper lstau                     1.75000000E-02   0.0000000000E+00 +-    0.0000000000E+00   
vpotper v6                     1.75000000E-02  -1.5014884349E+02 +-    1.8007529866E+00   
vpotper v8                     1.75000000E-02  -1.5014884349E+02 +-    1.8007529866E+00   
vpotv6pr-vpotv6per diff        1.75000000E-02   0.0000000000E+00 +-    0.0000000000E+00   
vpotv8pr-vpotv8per diff        1.75000000E-02   0.0000000000E+00 +-    0.0000000000E+00   
2piapr-2pia diff               1.75000000E-02   0.0000000000E+00 +-    0.0000000000E+00   
vd1pr-vd1 diff                 1.75000000E-02   0.0000000000E+00 +-    0.0000000000E+00   
vepr-ve diff                   1.75000000E-02   0.0000000000E+00 +-    0.0000000000E+00   
diff1 2piapr-2pia-2picxx       1.75000000E-02   0.0000000000E+00 +-    0.0000000000E+00   
diff2 vd1pr-vd1-2picxd         1.75000000E-02   0.0000000000E+00 +-    0.0000000000E+00   
diff3 vepr-ve-2picdd           1.75000000E-02   0.0000000000E+00 +-    0.0000000000E+00   
sum diff1+dif2+diff3           1.75000000E-02   0.0000000000E+00 +-    0.0000000000E+00   
proton rms                     1.75000000E-02   1.6482836248E+00 +-    1.1090644330E-02   
neutron rms                    1.75000000E-02   1.8387184303E+00 +-    1.3111487962E-02   
total rms                      1.75000000E-02   1.7365968709E+00 +-    8.9484782962E-03   
neutron-proton rms             1.75000000E-02   1.9043480557E-01 +-    1.6296432982E-02   
GT sigXtau+                    1.75000000E-02  -1.8225957288E-03 +-    5.0728949080E-05   
GT sigYtau+                    1.75000000E-02   8.0008598448E-04 +-    3.4450349742E-05   
GT sigZtau+                    1.75000000E-02   1.4405046035E-03 +-    2.1778799990E-05   
GT sigXtau-                    1.75000000E-02   1.1766525868E-04 +-    5.1419527382E-05   
GT sigYtau-                    1.75000000E-02   6.9636400177E-04 +-    3.7158958935E-05   
GT sigZtau-                    1.75000000E-02  -1.3426164016E-03 +-    3.4632931941E-05   
F tau+                         1.75000000E-02   4.2966076039E-20 +-    4.3753797872E-20   
F tau-                         1.75000000E-02  -6.4481303683E-19 +-    3.5108785682E-20   
Psi**2                         1.75000000E-02   5.4729074139E-06 +-    1.3140375152E-06   
single crossing/step           1.75000000E-02   8.2640711444E-03 +-    4.3422199333E-05   
global crossing/step           1.75000000E-02   8.0436775094E-03 +-    8.5688070804E-05   
energy numerator(real)         1.75000000E-02   7.3620813093E-01 +-    1.2036343513E+00   
denominator psit/psigi(real)   1.75000000E-02   4.4054074549E-02 +-    1.4117533996E-02   
energy numerator(aimag)        1.75000000E-02   2.3447817800E+00 +-    8.3794376947E-01   
denominator psit/psigi(aimag)  1.75000000E-02  -4.9600334222E-02 +-    9.0846945215E-03   
growth(lin dt) energy          1.75000000E-02  -2.7588405986E+02 +-    5.9625039198E+00   
growth(global) energy          1.75000000E-02  -2.6947316221E+02 +-    1.1197671601E+01
growth energy                  1.75000000E-02  -2.7551581279E+02 +-    5.9365515074E+00
Time for propagation (sec) (min) =          21.808      0.363
Time for energies (sec) (min) =              0.724      0.012
Time for load balancing (sec) (min) =        0.027      0.000
Time for block (sec) (min) =                23.043      0.384
Time for operators (sec) (min) =             0.013      0.000
Elapsed block time (sec) (min) =           158.727      2.645
 
 walkers multiplicity, block, total
   0          57888         357128
   1        1009321        6873704
   2          54989         350992
   3            398           2635
   4             78            471
   5             24            138
   6              7             56
   7              5             34
   8              4             21
   9              4             16
  10              4              8
  11              0              2
  12              0              6
  13              0              2
  14              0              1
  15              2              2
  16              1              1
  17              0              1
  18              0              1
  20              0              3
 
 

iteration =                               8
walker number =                       10559
total energy-propagated        2.00000000E-02  -1.9209691507E+01 +-    6.5176429388E-01   
kinetic energy                 2.00000000E-02   1.3663421478E+02 +-    3.3500103093E+00   
potential energy               2.00000000E-02  -1.5584390629E+02 +-    3.5003775012E+00   
im energy                      2.00000000E-02   9.8534576816E+00 +-    4.4179039104E-01   
imkin energy                   2.00000000E-02   3.2752422394E+01 +-    5.2549649310E-01   
impot energy                   2.00000000E-02  -2.2898964713E+01 +-    6.1245211571E-01   
v cent                         2.00000000E-02   7.0212629702E+01 +-    3.2805839557E+00   
v tau                          2.00000000E-02  -2.6395077122E+01 +-    5.0886657025E-01   
v sigma                        2.00000000E-02   1.2707142673E+01 +-    4.9684214838E-01   
v sigtau                       2.00000000E-02  -7.3713703726E+01 +-    7.8027209467E-01   
v tensor                       2.00000000E-02   4.0071615042E+00 +-    1.0251031457E-01   
v tenstau                      2.00000000E-02  -1.4266205932E+02 +-    1.1559821255E+00   
v ls                           2.00000000E-02   0.0000000000E+00 +-    0.0000000000E+00   
v lstau                        2.00000000E-02   0.0000000000E+00 +-    0.0000000000E+00   
vpot v6                        2.00000000E-02  -1.5584390629E+02 +-    3.5003775012E+00   
vpot v8                        2.00000000E-02  -1.5584390629E+02 +-    3.5003775012E+00   
v coulomb                      2.00000000E-02   7.1807424343E-01 +-    5.2744424602E-03   
v external                     2.00000000E-02   0.0000000000E+00 +-    0.0000000000E+00   
tni 2pipr-anticomm             2.00000000E-02   0.0000000000E+00 +-    0.0000000000E+00   
tni vd1pr                      2.00000000E-02   0.0000000000E+00 +-    0.0000000000E+00   
tni vepr                       2.00000000E-02   0.0000000000E+00 +-    0.0000000000E+00   
tni central                    2.00000000E-02   0.0000000000E+00 +-    0.0000000000E+00   
tni 2pixx-anticommutator       2.00000000E-02   0.0000000000E+00 +-    0.0000000000E+00   
tni 2pixd-anticommutator       2.00000000E-02   0.0000000000E+00 +-    0.0000000000E+00   
tni 2pidd-anticommutator       2.00000000E-02   0.0000000000E+00 +-    0.0000000000E+00   
tni 2pixx-commutator           2.00000000E-02   0.0000000000E+00 +-    0.0000000000E+00   
tni 2pixd-commutator           2.00000000E-02   0.0000000000E+00 +-    0.0000000000E+00   
tni 2pidd-commutator           2.00000000E-02   0.0000000000E+00 +-    0.0000000000E+00   
tni 2pi-tm                     2.00000000E-02   0.0000000000E+00 +-    0.0000000000E+00   
tni vd1                        2.00000000E-02   0.0000000000E+00 +-    0.0000000000E+00   
tni vd2                        2.00000000E-02   0.0000000000E+00 +-    0.0000000000E+00   
tni ve                         2.00000000E-02   0.0000000000E+00 +-    0.0000000000E+00   
vpottot v8+tni                 2.00000000E-02  -1.5584390629E+02 +-    3.5003775012E+00   
enetot v8+tni                  2.00000000E-02  -1.9209691507E+01 +-    6.5176429388E-01   
vper cent                      2.00000000E-02   7.0212629702E+01 +-    3.2805839557E+00   
vper tau                       2.00000000E-02  -2.6395077122E+01 +-    5.0886657025E-01   
vper sigma                     2.00000000E-02   1.2707142673E+01 +-    4.9684214838E-01   
vper sigtau                    2.00000000E-02  -7.3713703726E+01 +-    7.8027209467E-01   
vper tensor                    2.00000000E-02   4.0071615042E+00 +-    1.0251031457E-01   
vper tenstau                   2.00000000E-02  -1.4266205932E+02 +-    1.1559821255E+00   
vper ls                        2.00000000E-02   0.0000000000E+00 +-    0.0000000000E+00   
vper lstau                     2.00000000E-02   0.0000000000E+00 +-    0.0000000000E+00   
vpotper v6                     2.00000000E-02  -1.5584390629E+02 +-    3.5003775012E+00   
vpotper v8                     2.00000000E-02  -1.5584390629E+02 +-    3.5003775012E+00   
vpotv6pr-vpotv6per diff        2.00000000E-02   0.0000000000E+00 +-    0.0000000000E+00   
vpotv8pr-vpotv8per diff        2.00000000E-02   0.0000000000E+00 +-    0.0000000000E+00   
2piapr-2pia diff               2.00000000E-02   0.0000000000E+00 +-    0.0000000000E+00   
vd1pr-vd1 diff                 2.00000000E-02   0.0000000000E+00 +-    0.0000000000E+00   
vepr-ve diff                   2.00000000E-02   0.0000000000E+00 +-    0.0000000000E+00   
diff1 2piapr-2pia-2picxx       2.00000000E-02   0.0000000000E+00 +-    0.0000000000E+00   
diff2 vd1pr-vd1-2picxd         2.00000000E-02   0.0000000000E+00 +-    0.0000000000E+00   
diff3 vepr-ve-2picdd           2.00000000E-02   0.0000000000E+00 +-    0.0000000000E+00   
sum diff1+dif2+diff3           2.00000000E-02   0.0000000000E+00 +-    0.0000000000E+00   
proton rms                     2.00000000E-02   1.2070713942E+00 +-    6.1946158274E-03   
neutron rms                    2.00000000E-02   1.0688981868E+00 +-    1.1227503526E-02   
total rms                      2.00000000E-02   1.1306467113E+00 +-    7.8587763531E-03   
neutron-proton rms             2.00000000E-02  -1.3817320741E-01 +-    1.0646299435E-02   
GT sigXtau+                    2.00000000E-02  -6.3129203523E-04 +-    4.6501011044E-05   
GT sigYtau+                    2.00000000E-02  -1.5838251010E-04 +-    4.8938050457E-05   
GT sigZtau+                    2.00000000E-02   3.9884908278E-04 +-    2.9538193476E-05   
GT sigXtau-                    2.00000000E-02   3.6704315970E-04 +-    4.5940945186E-05   
GT sigYtau-                    2.00000000E-02   3.8759450339E-04 +-    4.5728982775E-05   
GT sigZtau-                    2.00000000E-02  -1.6930185200E-04 +-    2.6506606863E-05   
F tau+                         2.00000000E-02  -6.9962024716E-19 +-    5.4383208032E-20   
F tau-                         2.00000000E-02   2.2532143295E-19 +-    3.8834083926E-20   
Psi**2                         2.00000000E-02   5.9861613020E-05 +-    1.3673726925E-06   
single crossing/step           2.00000000E-02   8.9026813781E-03 +-    4.5133520012E-05   
global crossing/step           2.00000000E-02   8.6759702865E-03 +-    8.9120472536E-05   
energy numerator(real)         2.00000000E-02  -2.6860657704E-01 +-    9.7365932166E-01   
denominator psit/psigi(real)   2.00000000E-02   5.9753540066E-02 +-    1.4026391756E-02   
energy numerator(aimag)        2.00000000E-02   2.0244712610E+00 +-    6.9751745324E-01   
denominator psit/psigi(aimag)  2.00000000E-02  -5.9151463754E-02 +-    9.0205844362E-03   
growth(lin dt) energy          2.00000000E-02  -2.9040729634E+02 +-    6.1569100500E+00   
growth(global) energy          2.00000000E-02  -2.6544130053E+02 +-    1.2626196058E+01
growth energy                  2.00000000E-02  -2.8997429506E+02 +-    6.1278814067E+00
Time for propagation (sec) (min) =          21.735      0.362
Time for energies (sec) (min) =              0.744      0.012
Time for load balancing (sec) (min) =        0.029      0.000
Time for block (sec) (min) =                23.009      0.383
Time for operators (sec) (min) =             0.014      0.000
Elapsed block time (sec) (min) =           181.750      3.029
 
 walkers multiplicity, block, total
   0          57126         414254
   1         993466        7867170
   2          55714         406706
   3            562           3197
   4             84            555
   5             28            166
   6             11             67
   7              8             42
   8              3             24
   9              2             18
  10              1              9
  11              1              3
  12              0              6
  13              0              2
  14              0              1
  15              2              4
  16              1              2
  17              0              1
  18              0              1
  20              0              3
 
 

iteration =                               9
walker number =                       11832
total energy-propagated        2.25000000E-02  -2.8141514973E+01 +-    3.5094610216E-01   
kinetic energy                 2.25000000E-02   9.0498283145E+01 +-    1.7310190943E+00   
potential energy               2.25000000E-02  -1.1863979812E+02 +-    1.8940551932E+00   
im energy                      2.25000000E-02  -1.5182593282E+01 +-    4.9709340622E-01   
imkin energy                   2.25000000E-02  -8.2694561421E+00 +-    7.5309614818E-01   
impot energy                   2.25000000E-02  -6.9131371399E+00 +-    1.0015314907E+00   
v cent                         2.25000000E-02   6.9766877687E+01 +-    1.6064652887E+00   
v tau                          2.25000000E-02  -1.6976561845E+01 +-    2.3028106479E-01   
v sigma                        2.25000000E-02  -9.4437393121E+00 +-    4.0269728187E-01   
v sigtau                       2.25000000E-02  -8.5051629767E+01 +-    4.8010378532E-01   
v tensor                       2.25000000E-02   3.5867865508E+00 +-    1.4877709780E-01   
v tenstau                      2.25000000E-02  -8.0521531431E+01 +-    1.1687321423E+00   
v ls                           2.25000000E-02   0.0000000000E+00 +-    0.0000000000E+00   
v lstau                        2.25000000E-02   0.0000000000E+00 +-    0.0000000000E+00   
vpot v6                        2.25000000E-02  -1.1863979812E+02 +-    1.8940551932E+00   
vpot v8                        2.25000000E-02  -1.1863979812E+02 +-    1.8940551932E+00   
v coulomb                      2.25000000E-02   6.9561641754E-01 +-    4.2114163284E-03   
v external                     2.25000000E-02   0.0000000000E+00 +-    0.0000000000E+00   
tni 2pipr-anticomm             2.25000000E-02   0.0000000000E+00 +-    0.0000000000E+00   
tni vd1pr                      2.25000000E-02   0.0000000000E+00 +-    0.0000000000E+00   
tni vepr                       2.25000000E-02   0.0000000000E+00 +-    0.0000000000E+00   
tni central                    2.25000000E-02   0.0000000000E+00 +-    0.0000000000E+00   
tni 2pixx-anticommutator       2.25000000E-02   0.0000000000E+00 +-    0.0000000000E+00   
tni 2pixd-anticommutator       2.25000000E-02   0.0000000000E+00 +-    0.0000000000E+00   
tni 2pidd-anticommutator       2.25000000E-02   0.0000000000E+00 +-    0.0000000000E+00   
tni 2pixx-commutator           2.25000000E-02   0.0000000000E+00 +-    0.0000000000E+00   
tni 2pixd-commutator           2.25000000E-02   0.0000000000E+00 +-    0.0000000000E+00   
tni 2pidd-commutator           2.25000000E-02   0.0000000000E+00 +-    0.0000000000E+00   
tni 2pi-tm                     2.25000000E-02   0.0000000000E+00 +-    0.0000000000E+00   
tni vd1                        2.25000000E-02   0.0000000000E+00 +-    0.0000000000E+00   
tni vd2                        2.25000000E-02   0.0000000000E+00 +-    0.0000000000E+00   
tni ve                         2.25000000E-02   0.0000000000E+00 +-    0.0000000000E+00   
vpottot v8+tni                 2.25000000E-02  -1.1863979812E+02 +-    1.8940551932E+00   
enetot v8+tni                  2.25000000E-02  -2.8141514973E+01 +-    3.5094610216E-01   
vper cent                      2.25000000E-02   6.9766877687E+01 +-    1.6064652887E+00   
vper tau                       2.25000000E-02  -1.6976561845E+01 +-    2.3028106479E-01   
vper sigma                     2.25000000E-02  -9.4437393121E+00 +-    4.0269728187E-01   
vper sigtau                    2.25000000E-02  -8.5051629767E+01 +-    4.8010378532E-01   
vper tensor                    2.25000000E-02   3.5867865508E+00 +-    1.4877709780E-01   
vper tenstau                   2.25000000E-02  -8.0521531431E+01 +-    1.1687321423E+00   
vper ls                        2.25000000E-02   0.0000000000E+00 +-    0.0000000000E+00   
vper lstau                     2.25000000E-02   0.0000000000E+00 +-    0.0000000000E+00   
vpotper v6                     2.25000000E-02  -1.1863979812E+02 +-    1.8940551932E+00   
vpotper v8                     2.25000000E-02  -1.1863979812E+02 +-    1.8940551932E+00   
vpotv6pr-vpotv6per diff        2.25000000E-02   0.0000000000E+00 +-    0.0000000000E+00   
vpotv8pr-vpotv8per diff        2.25000000E-02   0.0000000000E+00 +-    0.0000000000E+00   
2piapr-2pia diff               2.25000000E-02   0.0000000000E+00 +-    0.0000000000E+00   
vd1pr-vd1 diff                 2.25000000E-02   0.0000000000E+00 +-    0.0000000000E+00   
vepr-ve diff                   2.25000000E-02   0.0000000000E+00 +-    0.0000000000E+00   
diff1 2piapr-2pia-2picxx       2.25000000E-02   0.0000000000E+00 +-    0.0000000000E+00   
diff2 vd1pr-vd1-2picxd         2.25000000E-02   0.0000000000E+00 +-    0.0000000000E+00   
diff3 vepr-ve-2picdd           2.25000000E-02   0.0000000000E+00 +-    0.0000000000E+00   
sum diff1+dif2+diff3           2.25000000E-02   0.0000000000E+00 +-    0.0000000000E+00   
proton rms                     2.25000000E-02   1.4082526323E+00 +-    7.2762013600E-03   
neutron rms                    2.25000000E-02   1.4429344603E+00 +-    1.0937664600E-02   
total rms                      2.25000000E-02   1.4336127463E+00 +-    6.6026004176E-03   
neutron-proton rms             2.25000000E-02   3.4681828042E-02 +-    1.0748189952E-02   
GT sigXtau+                    2.25000000E-02  -1.6937685862E-03 +-    3.7972485637E-05   
GT sigYtau+                    2.25000000E-02   6.8369758680E-04 +-    3.9487455494E-05   
GT sigZtau+                    2.25000000E-02  -3.9852090298E-04 +-    2.7364357563E-05   
GT sigXtau-                    2.25000000E-02   2.1591035119E-06 +-    3.8345799244E-05   
GT sigYtau-                    2.25000000E-02   2.6416012356E-04 +-    2.2106918489E-05   
GT sigZtau-                    2.25000000E-02   2.5064436225E-04 +-    2.6711682803E-05   
F tau+                         2.25000000E-02  -5.6103567142E-19 +-    3.7694319285E-20   
F tau-                         2.25000000E-02   5.0560049760E-19 +-    3.6273243557E-20   
Psi**2                         2.25000000E-02   1.1179592940E-05 +-    1.3665928579E-06   
single crossing/step           2.25000000E-02   8.9972895308E-03 +-    4.4944577440E-05   
global crossing/step           2.25000000E-02   8.8355313417E-03 +-    8.9084721459E-05   
energy numerator(real)         2.25000000E-02  -3.1826686028E+00 +-    8.8144427960E-01   
denominator psit/psigi(real)   2.25000000E-02   5.7574317243E-02 +-    1.3277258877E-02   
energy numerator(aimag)        2.25000000E-02   6.9222792105E-01 +-    5.9925445503E-01   
denominator psit/psigi(aimag)  2.25000000E-02  -7.0159575858E-02 +-    8.4715219373E-03   
growth(lin dt) energy          2.25000000E-02  -2.8586792466E+02 +-    6.0193355616E+00   
growth(global) energy          2.25000000E-02  -2.9833903129E+02 +-    1.2490303751E+01
growth energy                  2.25000000E-02  -2.8545572434E+02 +-    5.9916425615E+00
Time for propagation (sec) (min) =          22.145      0.369
Time for energies (sec) (min) =              0.834      0.014
Time for load balancing (sec) (min) =        0.027      0.000
Time for block (sec) (min) =                23.465      0.391
Time for operators (sec) (min) =             0.026      0.000
Elapsed block time (sec) (min) =           205.249      3.421
 
 walkers multiplicity, block, total
   0          57601         471855
   1        1011963        8879133
   2          57390         464096
   3            499           3696
   4             77            632
   5             22            188
   6             10             77
   7              6             48
   8              4             28
   9              2             20
  10              0              9
  11              0              3
  12              1              7
  13              1              3
  14              0              1
  15              1              5
  16              0              2
  17              0              1
  18              0              1
  20              0              3
 
 

iteration =                              10
walker number =                       11169
total energy-propagated        2.50000000E-02  -2.7396955147E+01 +-    6.4764782272E-01   
kinetic energy                 2.50000000E-02   9.4632317058E+01 +-    3.7122911631E+00   
potential energy               2.50000000E-02  -1.2202927221E+02 +-    3.7308194347E+00   
im energy                      2.50000000E-02   1.8573059019E+01 +-    3.9252659566E-01   
imkin energy                   2.50000000E-02   1.1862302099E+01 +-    1.0767002830E+00   
impot energy                   2.50000000E-02   6.7107569198E+00 +-    1.1420167767E+00   
v cent                         2.50000000E-02   6.7847311961E+01 +-    3.2766636153E+00   
v tau                          2.50000000E-02  -2.8850796133E+00 +-    5.1832694108E-01   
v sigma                        2.50000000E-02  -2.1866431445E+01 +-    7.6220566269E-01   
v sigtau                       2.50000000E-02  -7.1378568515E+01 +-    4.0983489665E-01   
v tensor                       2.50000000E-02   9.8032133410E-01 +-    1.7978645029E-01   
v tenstau                      2.50000000E-02  -9.4726825927E+01 +-    2.0152542276E+00   
v ls                           2.50000000E-02   0.0000000000E+00 +-    0.0000000000E+00   
v lstau                        2.50000000E-02   0.0000000000E+00 +-    0.0000000000E+00   
vpot v6                        2.50000000E-02  -1.2202927221E+02 +-    3.7308194347E+00   
vpot v8                        2.50000000E-02  -1.2202927221E+02 +-    3.7308194347E+00   
v coulomb                      2.50000000E-02   1.0966337177E+00 +-    1.5016173230E-03   
v external                     2.50000000E-02   0.0000000000E+00 +-    0.0000000000E+00   
tni 2pipr-anticomm             2.50000000E-02   0.0000000000E+00 +-    0.0000000000E+00   
tni vd1pr                      2.50000000E-02   0.0000000000E+00 +-    0.0000000000E+00   
tni vepr                       2.50000000E-02   0.0000000000E+00 +-    0.0000000000E+00   
tni central                    2.50000000E-02   0.0000000000E+00 +-    0.0000000000E+00   
tni 2pixx-anticommutator       2.50000000E-02   0.0000000000E+00 +-    0.0000000000E+00   
tni 2pixd-anticommutator       2.50000000E-02   0.0000000000E+00 +-    0.0000000000E+00   
tni 2pidd-anticommutator       2.50000000E-02   0.0000000000E+00 +-    0.0000000000E+00   
tni 2pixx-commutator           2.50000000E-02   0.0000000000E+00 +-    0.0000000000E+00   
tni 2pixd-commutator           2.50000000E-02   0.0000000000E+00 +-    0.0000000000E+00   
tni 2pidd-commutator           2.50000000E-02   0.0000000000E+00 +-    0.0000000000E+00   
tni 2pi-tm                     2.50000000E-02   0.0000000000E+00 +-    0.0000000000E+00   
tni vd1                        2.50000000E-02   0.0000000000E+00 +-    0.0000000000E+00   
tni vd2                        2.50000000E-02   0.0000000000E+00 +-    0.0000000000E+00   
tni ve                         2.50000000E-02   0.0000000000E+00 +-    0.0000000000E+00   
vpottot v8+tni                 2.50000000E-02  -1.2202927221E+02 +-    3.7308194347E+00   
enetot v8+tni                  2.50000000E-02  -2.7396955147E+01 +-    6.4764782272E-01   
vper cent                      2.50000000E-02   6.7847311961E+01 +-    3.2766636153E+00   
vper tau                       2.50000000E-02  -2.8850796133E+00 +-    5.1832694108E-01   
vper sigma                     2.50000000E-02  -2.1866431445E+01 +-    7.6220566269E-01   
vper sigtau                    2.50000000E-02  -7.1378568515E+01 +-    4.0983489665E-01   
vper tensor                    2.50000000E-02   9.8032133410E-01 +-    1.7978645029E-01   
vper tenstau                   2.50000000E-02  -9.4726825927E+01 +-    2.0152542276E+00   
vper ls                        2.50000000E-02   0.0000000000E+00 +-    0.0000000000E+00   
vper lstau                     2.50000000E-02   0.0000000000E+00 +-    0.0000000000E+00   
vpotper v6                     2.50000000E-02  -1.2202927221E+02 +-    3.7308194347E+00   
vpotper v8                     2.50000000E-02  -1.2202927221E+02 +-    3.7308194347E+00   
vpotv6pr-vpotv6per diff        2.50000000E-02   0.0000000000E+00 +-    0.0000000000E+00   
vpotv8pr-vpotv8per diff        2.50000000E-02   0.0000000000E+00 +-    0.0000000000E+00   
2piapr-2pia diff               2.50000000E-02   0.0000000000E+00 +-    0.0000000000E+00   
vd1pr-vd1 diff                 2.50000000E-02   0.0000000000E+00 +-    0.0000000000E+00   
vepr-ve diff                   2.50000000E-02   0.0000000000E+00 +-    0.0000000000E+00   
diff1 2piapr-2pia-2picxx       2.50000000E-02   0.0000000000E+00 +-    0.0000000000E+00   
diff2 vd1pr-vd1-2picxd         2.50000000E-02   0.0000000000E+00 +-    0.0000000000E+00   
diff3 vepr-ve-2picdd           2.50000000E-02   0.0000000000E+00 +-    0.0000000000E+00   
sum diff1+dif2+diff3           2.50000000E-02   0.0000000000E+00 +-    0.0000000000E+00   
proton rms                     2.50000000E-02   1.0500117644E+00 +-    4.7067886290E-03   
neutron rms                    2.50000000E-02   1.7538985142E+00 +-    5.4516759025E-03   
total rms                      2.50000000E-02   1.4042563757E+00 +-    5.0150231730E-03   
neutron-proton rms             2.50000000E-02   7.0388674984E-01 +-    6.7255612062E-03   
GT sigXtau+                    2.50000000E-02  -2.0402160021E-04 +-    3.5690331912E-05   
GT sigYtau+                    2.50000000E-02  -1.0753646043E-03 +-    3.6589559847E-05   
GT sigZtau+                    2.50000000E-02  -3.9103934206E-05 +-    4.8725840961E-05   
GT sigXtau-                    2.50000000E-02  -4.1666116951E-04 +-    2.5912339498E-05   
GT sigYtau-                    2.50000000E-02  -7.0864886309E-04 +-    2.6282606508E-05   
GT sigZtau-                    2.50000000E-02   7.0990684567E-04 +-    3.3103823929E-05   
F tau+                         2.50000000E-02   7.7662953262E-19 +-    6.2250846108E-20   
F tau-                         2.50000000E-02  -6.6367416281E-19 +-    6.1207042688E-20   
Psi**2                         2.50000000E-02   5.6162792702E-05 +-    9.1759477958E-07   
single crossing/step           2.50000000E-02   8.4955925364E-03 +-    4.4085838683E-05   
global crossing/step           2.50000000E-02   8.2667053068E-03 +-    8.6985850843E-05   
energy numerator(real)         2.50000000E-02  -1.5293110020E+00 +-    9.1907815722E-01   
denominator psit/psigi(real)   2.50000000E-02   7.2098515017E-02 +-    1.3430574596E-02   
energy numerator(aimag)        2.50000000E-02   2.2224803721E+00 +-    6.4157811330E-01   
denominator psit/psigi(aimag)  2.50000000E-02  -1.8845533780E-02 +-    8.7067187322E-03   
growth(lin dt) energy          2.50000000E-02  -2.9731065312E+02 +-    6.1963031028E+00   
growth(global) energy          2.50000000E-02  -3.0726650406E+02 +-    1.1994324453E+01
growth energy                  2.50000000E-02  -2.9684504005E+02 +-    6.1660265673E+00
Time for propagation (sec) (min) =          21.745      0.362
Time for energies (sec) (min) =              0.787      0.013
Time for load balancing (sec) (min) =        0.028      0.000
Time for block (sec) (min) =                23.048      0.384
Time for operators (sec) (min) =             0.014      0.000
Elapsed block time (sec) (min) =           228.310      3.805
 
 walkers multiplicity, block, total
   0          58563         530418
   1        1004160        9883293
   2          56291         520387
   3            498           4194
   4             92            724
   5             25            213
   6             11             88
   7              6             54
   8              4             32
   9              2             22
  10              2             11
  11              1              4
  12              1              8
  13              1              4
  14              1              2
  15              0              5
  16              0              2
  17              0              1
  18              0              1
  20              2              5
 
 

Time for steps      =     228.319 seconds,        3.805 minutes
Master Time for steps =     228.145 seconds,        3.802 minutes

Number of cpus =       100
Total job time =     233.303 seconds,        3.888 minutes,        0.065 hours
Total cpu-time =     388.838 minutes,        6.481 hours
Total time =         233.080 seconds,        3.885 minutes,        0.065 hours
Finished!
