Unconstrained Diffusion Monte Carlo Run -- no drift
!-!-!-!-!-!-!-!-!-!-!-!-!-!-!-!-!-!-!-!-!-!-!-!-!-!
MPI parameters:
Number of boss cpus =                         100
Number of worker cpus for each boss =           0
Total number of cpus =                        100
Simulation parameters:
random number seed =                          321
hbar^2/2m =                              20.73554
start from sites =                              F
nwalk =                                     10000
equilibration blocks =                          0
averaging blocks =                             10
nsteps/blocks =                               100
time step =                          0.0000250000
time step rotations (vmc) =          0.1700000000
trial energy =                          -26.00000
drift cutoff =                            0.00000
drastic population control up =           1.20000
drastic population control down =         0.80000
rebalance if walkers fluctuate more than   2.00 %
weight cut off =                         20.00000
table size =                                 8000
!-!-!-!-!-!-!-!-!-!-!-!-!-!-!-!-!-!-!-!-!-!-!-!-!-!
System parameters:
lpot =                                         11
lpotper =                                      11
potential  =                          argonne v6'
potentialpr =                         argonne v6'
Coulomb included in energy-propagation          F
multiply central v by =                   1.00000
multiply tau v by =                       1.00000
multiply sigma v by =                     1.00000
multiply sigma tau v by =                 1.00000
multiply tensor v by =                    1.00000
multiply tensor tau v by =                1.00000
multiply spin-orbit v by =                0.00000
multiply spin-orbit tau v by =            0.00000
three-body potential =                        no3
ibox (0 is nearest image) =                     0
!-!-!-!-!-!-!-!-!-!-!-!-!-!-!-!-!-!-!-!-!-!-!-!-!-!
propagate LS =                                  F
calculate LS =                                  F
type of correlations =           independent pair
scale orbital   1 with factor    1.14000
determinant # 1
coefficient                     1.00000   0.00000
1  1  0  1  alpha.orb    # 2J,2M,L,tau radial_file for state                    
1 -1  0  1  alpha.orb    # 2J,2M,L,tau radial_file for state                    
1  1  0 -1  alpha.orb    # 2J,2M,L,tau radial_file for state                    
1 -1  0 -1  alpha.orb    # 2J,2M,L,tau radial_file for state                    
rescaled coefficient            1.00000   0.00000
!-!-!-!-!-!-!-!-!-!-!-!-!-!-!-!-!-!-!-!-!-!-!-!-!-!
No external potential
!-!-!-!-!-!-!-!-!-!-!-!-!-!-!-!-!-!-!-!-!-!-!-!-!-!
rcut in pair sampling =                   1.00000
acut in pair sampling =                   5.00000
a constant in psig =                      0.20000
Number of protons =                             2
Number of neutrons =                            2
range of the potential =                 20.00000
!-!-!-!-!-!-!-!-!-!-!-!-!-!-!-!-!-!-!-!-!-!-!-!-!-!
do V3 =                                         F
three body force =                            no3
three body a2piPwa =                      0.000000000000000
three body a2piPwc =                      0.000000000000000
three body a2piSw =                       0.000000000000000
three body Vd,C,c3 =                      0.000000000000000
three body Ve,C,c3 =                      0.000000000000000
three body A_R =                          0.000000000000000
three body Vd1 =                          0.000000000000000
three body Vd2 =                          0.000000000000000
three body Ve =                           0.000000000000000
propagator: multiply the antic by =       0.000000000000000
propagator: multiply the Vd1 by =         0.000000000000000
propagator: multiply the Ve by =          0.000000000000000
propagator: three body a2piPW =           0.000000000000000
!-!-!-!-!-!-!-!-!-!-!-!-!-!-!-!-!-!-!-!-!-!-!-!-!-!
jastrow healing distance dc =             4.47768
jastrow healing distance dtn =           11.57317
jastrow rho =                             0.01000
potential quencher acn (v1) =             1.50851
potential quencher at  (v2) =             6.06936
potential quencher as  (v3) =             2.76780
potential quencher ast (v4) =             0.80880
potential quencher atn (v5) =             0.61864
potential quencher atn (v6) =             0.20141
potential quencher als (v7) =             0.00000
potential quencher alst (v8) =            0.00000
correlation quencher bt (f2) =            0.26685
correlation quencher bs (f3) =           -0.10565
correlation quencher bst (f4) =           0.42277
correlation quencher btn (f5) =           1.08683
correlation quencher btn (f6) =           4.44810
correlation quencher bls (f7) =           0.00000
correlation quencher blst (f8) =          0.00000
!-!-!-!-!-!-!-!-!-!-!-!-!-!-!-!-!-!-!-!-!-!-!-!-!-!
q1c parameter in f3c =                   12.87526
q2c parameter in f3c =                    1.60340
q1p parameter in f3p =                   -1.81620
q2p parameter in f3p =                    2.14789
!-!-!-!-!-!-!-!-!-!-!-!-!-!-!-!-!-!-!-!-!-!-!-!-!-!
rscal parameter in Uijk cent =            1.00000
rscal parameter in Uijk xpi =             1.00000
rscal parameter in Uijk delta =           1.00000
eps_c parameter in Uijk =                 0.00000
eps_anti parameter in Uijk =              0.00000
eps_tm parameter in Uijk =                0.00000
eps_vd1 parameter in Uijk =               0.00000
eps_vd2 parameter in Uijk =               0.00000
eps_vdc3 parameter in Uijk =              0.00000
eps_vec3 parameter in Uijk =              0.00000
eps_ve parameter in Uijk =                0.00000
eps_comm parameter in Uijk =              0.00000
eps_comm-XD parameter in Uijk =           0.00000
eps_comm-DD parameter in Uijk =           0.00000
TNI-comm correlation included =                 F
!-!-!-!-!-!-!-!-!-!-!-!-!-!-!-!-!-!-!-!-!-!-!-!-!-!
CSB correlation rscalpp =                 1.00000
CSB correlation rscalnn =                 1.00000
CSB correlation quencher pp =             0.00000
CSB correlation quencher nn =             0.00000
CSB correlation included =                      F
!-!-!-!-!-!-!-!-!-!-!-!-!-!-!-!-!-!-!-!-!-!-!-!-!-!
jastrow initialized
!-!-!-!-!-!-!-!-!-!-!-!-!-!-!-!-!-!-!-!-!-!-!-!-!-!
Symmetrize V6 in the propagator =               T
New propagation of Vlstau and commutator included!
Coulomb included in energy (and propag)         F
Initial walkers from file
Number of walkers =                          8730
Configurations at tau =              2.4625000000
Reset tau =                          0.0000000000
!-!-!-!-!-!-!-!-!-!-!-!-!-!-!-!-!-!-!-!-!-!-!-!-!-!
Time for reading configurations (sec.) =       0.73
!-!-!-!-!-!-!-!-!-!-!-!-!-!-!-!-!-!-!-!-!-!-!-!-!-!
Initial configurations:
total energy-propagated        0.00000000E+00  -2.6732067899E+01 +-    3.6534891718E-01   
kinetic energy                 0.00000000E+00   1.0852264507E+02 +-    1.6870939823E+00   
potential energy               0.00000000E+00  -1.3525471297E+02 +-    1.6363184122E+00   
v cent                         0.00000000E+00   1.7524510696E+01 +-    1.5055133317E+00   
v tau                          0.00000000E+00  -7.7560630384E+00 +-    2.3519619705E-01   
v sigma                        0.00000000E+00  -8.8095242865E+00 +-    2.5699720283E-01   
v sigtau                       0.00000000E+00  -6.1839078806E+01 +-    5.5947435775E-01   
v tensor                       0.00000000E+00   7.2231192853E-01 +-    1.3159093094E-01   
v tenstau                      0.00000000E+00  -7.5096869460E+01 +-    1.0022278041E+00   
v ls                           0.00000000E+00   0.0000000000E+00 +-    0.0000000000E+00   
v lstau                        0.00000000E+00   0.0000000000E+00 +-    0.0000000000E+00   
v coulomb                      0.00000000E+00   7.4802852134E-01 +-    2.8815760667E-03   
v external                     0.00000000E+00   0.0000000000E+00 +-    0.0000000000E+00   
tni 2pipr-anticomm             0.00000000E+00   0.0000000000E+00 +-    0.0000000000E+00   
tni vd1pr                      0.00000000E+00   0.0000000000E+00 +-    0.0000000000E+00   
tni vepr                       0.00000000E+00   0.0000000000E+00 +-    0.0000000000E+00   
tni central                    0.00000000E+00   0.0000000000E+00 +-    0.0000000000E+00   
tni 2pixx-anticommutator       0.00000000E+00   0.0000000000E+00 +-    0.0000000000E+00   
tni 2pixd-anticommutator       0.00000000E+00   0.0000000000E+00 +-    0.0000000000E+00   
tni 2pidd-anticommutator       0.00000000E+00   0.0000000000E+00 +-    0.0000000000E+00   
tni 2pixx-commutator           0.00000000E+00   0.0000000000E+00 +-    0.0000000000E+00   
tni 2pixd-commutator           0.00000000E+00   0.0000000000E+00 +-    0.0000000000E+00   
tni 2pidd-commutator           0.00000000E+00   0.0000000000E+00 +-    0.0000000000E+00   
tni 2pi-tm                     0.00000000E+00   0.0000000000E+00 +-    0.0000000000E+00   
tni vd1                        0.00000000E+00   0.0000000000E+00 +-    0.0000000000E+00   
tni vd2                        0.00000000E+00   0.0000000000E+00 +-    0.0000000000E+00   
tni ve                         0.00000000E+00   0.0000000000E+00 +-    0.0000000000E+00   
enetot v8+tni                  0.00000000E+00  -2.6732067899E+01 +-    3.6534891718E-01   
!-!-!-!-!-!-!-!-!-!-!-!-!-!-!-!-!-!-!-!-!-!-!-!-!-!
Psi**2 of initial configurations  =   0.2836803E-04  0.0000000E+00  +-    0.7267132E-06  0.0000000E+00
Psig**2 of initial configurations =   0.1779267E-04  0.0000000E+00  +-    0.5156700E-06  0.0000000E+00
!-!-!-!-!-!-!-!-!-!-!-!-!-!-!-!-!-!-!-!-!-!-!-!-!-!
T**2 of initial configurations  =  -0.1731566E-07 -0.5346881E-09
Tz of initial configurations    =  -0.2401688E-13 -0.4016837E-14
J**2 of initial configurations  =   0.3191032E-07 -0.4262260E-09
Jz of initial configurations    =  -0.1411344E-13  0.1577585E-13
!-!-!-!-!-!-!-!-!-!-!-!-!-!-!-!-!-!-!-!-!-!-!-!-!-!
!-!-!-!-!-!-!-!-!-!-!-!-!-!-!-!-!-!-!-!-!-!-!-!-!-!
Time to process initial configurations (sec.) =       1.50
!-!-!-!-!-!-!-!-!-!-!-!-!-!-!-!-!-!-!-!-!-!-!-!-!-!

equilibration done

iteration =                               1
walker number =                       10785
total energy-propagated        2.50000000E-03  -2.6144360657E+01 +-    2.5886771047E-01   
kinetic energy                 2.50000000E-03   1.0444721239E+02 +-    1.3998596202E+00   
potential energy               2.50000000E-03  -1.3059157305E+02 +-    1.3818342151E+00   
im energy                      2.50000000E-03   5.5175243031E-01 +-    1.6268994454E-01   
imkin energy                   2.50000000E-03   1.0905427151E+00 +-    4.3074669448E-01   
impot energy                   2.50000000E-03  -5.3879028481E-01 +-    4.1294635458E-01   
v cent                         2.50000000E-03   1.1069194256E+01 +-    1.2290123155E+00   
v tau                          2.50000000E-03  -6.1914667903E+00 +-    1.9117666546E-01   
v sigma                        2.50000000E-03  -9.0966655319E+00 +-    1.1249643176E-01   
v sigtau                       2.50000000E-03  -5.9468359478E+01 +-    4.7496354551E-01   
v tensor                       2.50000000E-03   2.4547453248E-01 +-    1.2421938350E-01   
v tenstau                      2.50000000E-03  -6.7149750038E+01 +-    8.3967857447E-01   
v ls                           2.50000000E-03   0.0000000000E+00 +-    0.0000000000E+00   
v lstau                        2.50000000E-03   0.0000000000E+00 +-    0.0000000000E+00   
vpot v6                        2.50000000E-03  -1.3059157305E+02 +-    1.3818342151E+00   
vpot v8                        2.50000000E-03  -1.3059157305E+02 +-    1.3818342151E+00   
v coulomb                      2.50000000E-03   7.5228276279E-01 +-    2.2645611344E-03   
v external                     2.50000000E-03   0.0000000000E+00 +-    0.0000000000E+00   
tni 2pipr-anticomm             2.50000000E-03   0.0000000000E+00 +-    0.0000000000E+00   
tni vd1pr                      2.50000000E-03   0.0000000000E+00 +-    0.0000000000E+00   
tni vepr                       2.50000000E-03   0.0000000000E+00 +-    0.0000000000E+00   
tni central                    2.50000000E-03   0.0000000000E+00 +-    0.0000000000E+00   
tni 2pixx-anticommutator       2.50000000E-03   0.0000000000E+00 +-    0.0000000000E+00   
tni 2pixd-anticommutator       2.50000000E-03   0.0000000000E+00 +-    0.0000000000E+00   
tni 2pidd-anticommutator       2.50000000E-03   0.0000000000E+00 +-    0.0000000000E+00   
tni 2pixx-commutator           2.50000000E-03   0.0000000000E+00 +-    0.0000000000E+00   
tni 2pixd-commutator           2.50000000E-03   0.0000000000E+00 +-    0.0000000000E+00   
tni 2pidd-commutator           2.50000000E-03   0.0000000000E+00 +-    0.0000000000E+00   
tni 2pi-tm                     2.50000000E-03   0.0000000000E+00 +-    0.0000000000E+00   
tni vd1                        2.50000000E-03   0.0000000000E+00 +-    0.0000000000E+00   
tni vd2                        2.50000000E-03   0.0000000000E+00 +-    0.0000000000E+00   
tni ve                         2.50000000E-03   0.0000000000E+00 +-    0.0000000000E+00   
vpottot v8+tni                 2.50000000E-03  -1.3059157305E+02 +-    1.3818342151E+00   
enetot v8+tni                  2.50000000E-03  -2.6144360657E+01 +-    2.5886771047E-01   
vper cent                      2.50000000E-03   1.1069194256E+01 +-    1.2290123155E+00   
vper tau                       2.50000000E-03  -6.1914667903E+00 +-    1.9117666546E-01   
vper sigma                     2.50000000E-03  -9.0966655319E+00 +-    1.1249643176E-01   
vper sigtau                    2.50000000E-03  -5.9468359478E+01 +-    4.7496354551E-01   
vper tensor                    2.50000000E-03   2.4547453248E-01 +-    1.2421938350E-01   
vper tenstau                   2.50000000E-03  -6.7149750038E+01 +-    8.3967857447E-01   
vper ls                        2.50000000E-03   0.0000000000E+00 +-    0.0000000000E+00   
vper lstau                     2.50000000E-03   0.0000000000E+00 +-    0.0000000000E+00   
vpotper v6                     2.50000000E-03  -1.3059157305E+02 +-    1.3818342151E+00   
vpotper v8                     2.50000000E-03  -1.3059157305E+02 +-    1.3818342151E+00   
vpotv6pr-vpotv6per diff        2.50000000E-03   0.0000000000E+00 +-    0.0000000000E+00   
vpotv8pr-vpotv8per diff        2.50000000E-03   0.0000000000E+00 +-    0.0000000000E+00   
2piapr-2pia diff               2.50000000E-03   0.0000000000E+00 +-    0.0000000000E+00   
vd1pr-vd1 diff                 2.50000000E-03   0.0000000000E+00 +-    0.0000000000E+00   
vepr-ve diff                   2.50000000E-03   0.0000000000E+00 +-    0.0000000000E+00   
diff1 2piapr-2pia-2picxx       2.50000000E-03   0.0000000000E+00 +-    0.0000000000E+00   
diff2 vd1pr-vd1-2picxd         2.50000000E-03   0.0000000000E+00 +-    0.0000000000E+00   
diff3 vepr-ve-2picdd           2.50000000E-03   0.0000000000E+00 +-    0.0000000000E+00   
sum diff1+dif2+diff3           2.50000000E-03   0.0000000000E+00 +-    0.0000000000E+00   
proton rms                     2.50000000E-03   2.0372809622E+00 +-    1.1759429935E-02   
neutron rms                    2.50000000E-03   2.0494502810E+00 +-    1.2491489222E-02   
total rms                      2.50000000E-03   2.0440729095E+00 +-    1.0727652393E-02   
neutron-proton rms             2.50000000E-03   1.2169318785E-02 +-    1.1306757140E-02   
GT sigXtau+                    2.50000000E-03   6.8053536584E-05 +-    2.2963798325E-05   
GT sigYtau+                    2.50000000E-03  -3.0342789722E-06 +-    2.1287507250E-05   
GT sigZtau+                    2.50000000E-03   2.1721052459E-05 +-    2.3253675737E-05   
GT sigXtau-                    2.50000000E-03   6.0126030581E-05 +-    2.3687092771E-05   
GT sigYtau-                    2.50000000E-03  -6.3572038812E-05 +-    2.3001095126E-05   
GT sigZtau-                    2.50000000E-03  -5.5063912451E-05 +-    2.3417021879E-05   
F tau+                         2.50000000E-03   1.8715842695E-20 +-    3.9568845334E-20   
F tau-                         2.50000000E-03  -3.6283499684E-21 +-    3.9260206804E-20   
Psi**2                         2.50000000E-03   2.9473823044E-05 +-    7.0754766637E-07   
single crossing/step           2.50000000E-03   8.8035187498E-03 +-    4.7221693305E-05   
global crossing/step           2.50000000E-03   8.7038562734E-03 +-    9.3912000760E-05   
energy numerator(real)         2.50000000E-03  -2.5453437563E+01 +-    6.6700385073E-01   
denominator psit/psigi(real)   2.50000000E-03   9.7398925305E-01 +-    1.1612686211E-02   
energy numerator(aimag)        2.50000000E-03   1.1539851307E+00 +-    4.4432952292E-01   
denominator psit/psigi(aimag)  2.50000000E-03  -3.1092225598E-02 +-    7.3959160059E-03   
growth(lin dt) energy          2.50000000E-03  -2.0010109723E+02 +-    5.0539392344E+00   
growth(global) energy          2.50000000E-03  -1.8870698436E+02 +-    1.0972799440E+01
growth energy                  2.50000000E-03  -1.9998583904E+02 +-    5.0415083854E+00
Time for propagation (sec) (min) =          19.545      0.326
Time for energies (sec) (min) =              0.753      0.013
Time for load balancing (sec) (min) =        0.060      0.001
Time for block (sec) (min) =                21.076      0.351
Time for operators (sec) (min) =             0.017      0.000
Elapsed block time (sec) (min) =            21.094      0.352
 
 walkers multiplicity, block, total
   0          37973          37973
   1         900655         900655
   2          39433          39433
   3            189            189
   4             28             28
   5             10             10
   6              8              8
   7              1              1
   8              4              4
   9              0              0
  20              1              1
 
 

iteration =                               2
walker number =                       11954
total energy-propagated        5.00000000E-03  -2.9619094779E+01 +-    4.3930273411E-01   
kinetic energy                 5.00000000E-03   9.5656994368E+01 +-    1.4991060611E+00   
potential energy               5.00000000E-03  -1.2527608915E+02 +-    1.4000416042E+00   
im energy                      5.00000000E-03  -4.6570522649E-01 +-    2.4039954996E-01   
imkin energy                   5.00000000E-03   2.4630215399E+00 +-    4.3989125709E-01   
impot energy                   5.00000000E-03  -2.9287267664E+00 +-    4.4104044077E-01   
v cent                         5.00000000E-03   1.5752134633E+01 +-    1.0562077237E+00   
v tau                          5.00000000E-03  -6.6150972336E+00 +-    1.8301000601E-01   
v sigma                        5.00000000E-03  -1.1125726851E+01 +-    2.4412677830E-01   
v sigtau                       5.00000000E-03  -6.1972022861E+01 +-    4.6450658377E-01   
v tensor                       5.00000000E-03   4.7267549987E-01 +-    1.2561233823E-01   
v tenstau                      5.00000000E-03  -6.1788052335E+01 +-    1.0065153015E+00   
v ls                           5.00000000E-03   0.0000000000E+00 +-    0.0000000000E+00   
v lstau                        5.00000000E-03   0.0000000000E+00 +-    0.0000000000E+00   
vpot v6                        5.00000000E-03  -1.2527608915E+02 +-    1.4000416042E+00   
vpot v8                        5.00000000E-03  -1.2527608915E+02 +-    1.4000416042E+00   
v coulomb                      5.00000000E-03   7.3608781785E-01 +-    2.8256522677E-03   
v external                     5.00000000E-03   0.0000000000E+00 +-    0.0000000000E+00   
tni 2pipr-anticomm             5.00000000E-03   0.0000000000E+00 +-    0.0000000000E+00   
tni vd1pr                      5.00000000E-03   0.0000000000E+00 +-    0.0000000000E+00   
tni vepr                       5.00000000E-03   0.0000000000E+00 +-    0.0000000000E+00   
tni central                    5.00000000E-03   0.0000000000E+00 +-    0.0000000000E+00   
tni 2pixx-anticommutator       5.00000000E-03   0.0000000000E+00 +-    0.0000000000E+00   
tni 2pixd-anticommutator       5.00000000E-03   0.0000000000E+00 +-    0.0000000000E+00   
tni 2pidd-anticommutator       5.00000000E-03   0.0000000000E+00 +-    0.0000000000E+00   
tni 2pixx-commutator           5.00000000E-03   0.0000000000E+00 +-    0.0000000000E+00   
tni 2pixd-commutator           5.00000000E-03   0.0000000000E+00 +-    0.0000000000E+00   
tni 2pidd-commutator           5.00000000E-03   0.0000000000E+00 +-    0.0000000000E+00   
tni 2pi-tm                     5.00000000E-03   0.0000000000E+00 +-    0.0000000000E+00   
tni vd1                        5.00000000E-03   0.0000000000E+00 +-    0.0000000000E+00   
tni vd2                        5.00000000E-03   0.0000000000E+00 +-    0.0000000000E+00   
tni ve                         5.00000000E-03   0.0000000000E+00 +-    0.0000000000E+00   
vpottot v8+tni                 5.00000000E-03  -1.2527608915E+02 +-    1.4000416042E+00   
enetot v8+tni                  5.00000000E-03  -2.9619094779E+01 +-    4.3930273411E-01   
vper cent                      5.00000000E-03   1.5752134633E+01 +-    1.0562077237E+00   
vper tau                       5.00000000E-03  -6.6150972336E+00 +-    1.8301000601E-01   
vper sigma                     5.00000000E-03  -1.1125726851E+01 +-    2.4412677830E-01   
vper sigtau                    5.00000000E-03  -6.1972022861E+01 +-    4.6450658377E-01   
vper tensor                    5.00000000E-03   4.7267549987E-01 +-    1.2561233823E-01   
vper tenstau                   5.00000000E-03  -6.1788052335E+01 +-    1.0065153015E+00   
vper ls                        5.00000000E-03   0.0000000000E+00 +-    0.0000000000E+00   
vper lstau                     5.00000000E-03   0.0000000000E+00 +-    0.0000000000E+00   
vpotper v6                     5.00000000E-03  -1.2527608915E+02 +-    1.4000416042E+00   
vpotper v8                     5.00000000E-03  -1.2527608915E+02 +-    1.4000416042E+00   
vpotv6pr-vpotv6per diff        5.00000000E-03   0.0000000000E+00 +-    0.0000000000E+00   
vpotv8pr-vpotv8per diff        5.00000000E-03   0.0000000000E+00 +-    0.0000000000E+00   
2piapr-2pia diff               5.00000000E-03   0.0000000000E+00 +-    0.0000000000E+00   
vd1pr-vd1 diff                 5.00000000E-03   0.0000000000E+00 +-    0.0000000000E+00   
vepr-ve diff                   5.00000000E-03   0.0000000000E+00 +-    0.0000000000E+00   
diff1 2piapr-2pia-2picxx       5.00000000E-03   0.0000000000E+00 +-    0.0000000000E+00   
diff2 vd1pr-vd1-2picxd         5.00000000E-03   0.0000000000E+00 +-    0.0000000000E+00   
diff3 vepr-ve-2picdd           5.00000000E-03   0.0000000000E+00 +-    0.0000000000E+00   
sum diff1+dif2+diff3           5.00000000E-03   0.0000000000E+00 +-    0.0000000000E+00   
proton rms                     5.00000000E-03   2.0913721923E+00 +-    1.1668197661E-02   
neutron rms                    5.00000000E-03   2.0616418749E+00 +-    1.1776744779E-02   
total rms                      5.00000000E-03   2.0734582662E+00 +-    1.0214775058E-02   
neutron-proton rms             5.00000000E-03  -2.9730317483E-02 +-    1.1428087303E-02   
GT sigXtau+                    5.00000000E-03  -8.2335162022E-05 +-    2.0118684525E-05   
GT sigYtau+                    5.00000000E-03  -1.0466153103E-05 +-    1.8895588443E-05   
GT sigZtau+                    5.00000000E-03   1.5236121063E-05 +-    1.9676898211E-05   
GT sigXtau-                    5.00000000E-03  -2.4794904715E-05 +-    1.9746984501E-05   
GT sigYtau-                    5.00000000E-03   5.1912398584E-05 +-    1.8255044152E-05   
GT sigZtau-                    5.00000000E-03   1.4699361198E-04 +-    1.9569291238E-05   
F tau+                         5.00000000E-03   4.1148325777E-20 +-    3.3736486259E-20   
F tau-                         5.00000000E-03  -3.5745206483E-20 +-    4.1154125863E-20   
Psi**2                         5.00000000E-03   2.3048792043E-05 +-    5.3506391647E-07   
single crossing/step           5.00000000E-03   7.9013127477E-03 +-    4.1985616110E-05   
global crossing/step           5.00000000E-03   7.7708835186E-03 +-    8.3280753461E-05   
energy numerator(real)         5.00000000E-03  -1.8467316168E+01 +-    8.6487326311E-01   
denominator psit/psigi(real)   5.00000000E-03   6.2345104773E-01 +-    1.2343914008E-02   
energy numerator(aimag)        5.00000000E-03  -1.2801528213E-01 +-    5.9286792070E-01   
denominator psit/psigi(aimag)  5.00000000E-03   7.7469132798E-03 +-    7.9973797490E-03   
growth(lin dt) energy          5.00000000E-03  -2.1543345348E+02 +-    5.0562510073E+00   
growth(global) energy          5.00000000E-03  -2.1803892553E+02 +-    1.1278269621E+01
growth energy                  5.00000000E-03  -2.1527852347E+02 +-    5.0418864804E+00
Time for propagation (sec) (min) =          22.206      0.370
Time for energies (sec) (min) =              0.835      0.014
Time for load balancing (sec) (min) =        0.028      0.000
Time for block (sec) (min) =                23.770      0.396
Time for operators (sec) (min) =             0.022      0.000
Elapsed block time (sec) (min) =            44.906      0.748
 
 walkers multiplicity, block, total
   0          48053          86026
   1        1027003        1927658
   2          48276          87709
   3            326            515
   4             46             74
   5             14             24
   6              6             14
   7              5              6
   8              2              6
   9              2              2
  11              1              1
  20              0              1
 
 

iteration =                               3
walker number =                       11091
total energy-propagated        7.50000000E-03  -2.5667246750E+01 +-    3.4773175392E-01   
kinetic energy                 7.50000000E-03   9.4980898103E+01 +-    1.7381832587E+00   
potential energy               7.50000000E-03  -1.2064814485E+02 +-    1.6401173651E+00   
im energy                      7.50000000E-03   5.9401681669E-01 +-    2.5589327343E-01   
imkin energy                   7.50000000E-03   1.3945821007E-01 +-    4.6879928463E-01   
impot energy                   7.50000000E-03   4.5455860662E-01 +-    4.6911147461E-01   
v cent                         7.50000000E-03   1.2359652388E+01 +-    1.3739089535E+00   
v tau                          7.50000000E-03  -4.0554845370E+00 +-    2.4631864801E-01   
v sigma                        7.50000000E-03  -9.2276343861E+00 +-    1.8558450868E-01   
v sigtau                       7.50000000E-03  -5.8962925922E+01 +-    4.3577705743E-01   
v tensor                       7.50000000E-03  -1.8709605620E-02 +-    1.2830088814E-01   
v tenstau                      7.50000000E-03  -6.0743042791E+01 +-    9.7290432608E-01   
v ls                           7.50000000E-03   0.0000000000E+00 +-    0.0000000000E+00   
v lstau                        7.50000000E-03   0.0000000000E+00 +-    0.0000000000E+00   
vpot v6                        7.50000000E-03  -1.2064814485E+02 +-    1.6401173651E+00   
vpot v8                        7.50000000E-03  -1.2064814485E+02 +-    1.6401173651E+00   
v coulomb                      7.50000000E-03   7.5700585131E-01 +-    2.4682316661E-03   
v external                     7.50000000E-03   0.0000000000E+00 +-    0.0000000000E+00   
tni 2pipr-anticomm             7.50000000E-03   0.0000000000E+00 +-    0.0000000000E+00   
tni vd1pr                      7.50000000E-03   0.0000000000E+00 +-    0.0000000000E+00   
tni vepr                       7.50000000E-03   0.0000000000E+00 +-    0.0000000000E+00   
tni central                    7.50000000E-03   0.0000000000E+00 +-    0.0000000000E+00   
tni 2pixx-anticommutator       7.50000000E-03   0.0000000000E+00 +-    0.0000000000E+00   
tni 2pixd-anticommutator       7.50000000E-03   0.0000000000E+00 +-    0.0000000000E+00   
tni 2pidd-anticommutator       7.50000000E-03   0.0000000000E+00 +-    0.0000000000E+00   
tni 2pixx-commutator           7.50000000E-03   0.0000000000E+00 +-    0.0000000000E+00   
tni 2pixd-commutator           7.50000000E-03   0.0000000000E+00 +-    0.0000000000E+00   
tni 2pidd-commutator           7.50000000E-03   0.0000000000E+00 +-    0.0000000000E+00   
tni 2pi-tm                     7.50000000E-03   0.0000000000E+00 +-    0.0000000000E+00   
tni vd1                        7.50000000E-03   0.0000000000E+00 +-    0.0000000000E+00   
tni vd2                        7.50000000E-03   0.0000000000E+00 +-    0.0000000000E+00   
tni ve                         7.50000000E-03   0.0000000000E+00 +-    0.0000000000E+00   
vpottot v8+tni                 7.50000000E-03  -1.2064814485E+02 +-    1.6401173651E+00   
enetot v8+tni                  7.50000000E-03  -2.5667246750E+01 +-    3.4773175392E-01   
vper cent                      7.50000000E-03   1.2359652388E+01 +-    1.3739089535E+00   
vper tau                       7.50000000E-03  -4.0554845370E+00 +-    2.4631864801E-01   
vper sigma                     7.50000000E-03  -9.2276343861E+00 +-    1.8558450868E-01   
vper sigtau                    7.50000000E-03  -5.8962925922E+01 +-    4.3577705743E-01   
vper tensor                    7.50000000E-03  -1.8709605620E-02 +-    1.2830088814E-01   
vper tenstau                   7.50000000E-03  -6.0743042791E+01 +-    9.7290432608E-01   
vper ls                        7.50000000E-03   0.0000000000E+00 +-    0.0000000000E+00   
vper lstau                     7.50000000E-03   0.0000000000E+00 +-    0.0000000000E+00   
vpotper v6                     7.50000000E-03  -1.2064814485E+02 +-    1.6401173651E+00   
vpotper v8                     7.50000000E-03  -1.2064814485E+02 +-    1.6401173651E+00   
vpotv6pr-vpotv6per diff        7.50000000E-03   0.0000000000E+00 +-    0.0000000000E+00   
vpotv8pr-vpotv8per diff        7.50000000E-03   0.0000000000E+00 +-    0.0000000000E+00   
2piapr-2pia diff               7.50000000E-03   0.0000000000E+00 +-    0.0000000000E+00   
vd1pr-vd1 diff                 7.50000000E-03   0.0000000000E+00 +-    0.0000000000E+00   
vepr-ve diff                   7.50000000E-03   0.0000000000E+00 +-    0.0000000000E+00   
diff1 2piapr-2pia-2picxx       7.50000000E-03   0.0000000000E+00 +-    0.0000000000E+00   
diff2 vd1pr-vd1-2picxd         7.50000000E-03   0.0000000000E+00 +-    0.0000000000E+00   
diff3 vepr-ve-2picdd           7.50000000E-03   0.0000000000E+00 +-    0.0000000000E+00   
sum diff1+dif2+diff3           7.50000000E-03   0.0000000000E+00 +-    0.0000000000E+00   
proton rms                     7.50000000E-03   2.0316148484E+00 +-    1.1400643104E-02   
neutron rms                    7.50000000E-03   1.9922628702E+00 +-    1.0704292104E-02   
total rms                      7.50000000E-03   2.0142741380E+00 +-    1.0080651633E-02   
neutron-proton rms             7.50000000E-03  -3.9351978161E-02 +-    9.2912473541E-03   
GT sigXtau+                    7.50000000E-03  -1.1810431148E-04 +-    2.0604712717E-05   
GT sigYtau+                    7.50000000E-03  -2.6164746200E-04 +-    2.3032794951E-05   
GT sigZtau+                    7.50000000E-03   1.0769143220E-04 +-    2.3930094013E-05   
GT sigXtau-                    7.50000000E-03   1.1409369683E-06 +-    2.2005066990E-05   
GT sigYtau-                    7.50000000E-03  -1.9991075738E-04 +-    2.0119379548E-05   
GT sigZtau-                    7.50000000E-03   1.5301573818E-04 +-    2.3582606869E-05   
F tau+                         7.50000000E-03   3.9362327042E-20 +-    3.7792760632E-20   
F tau-                         7.50000000E-03  -2.3446895425E-19 +-    4.4680796986E-20   
Psi**2                         7.50000000E-03   2.6543178362E-05 +-    5.5295882585E-07   
single crossing/step           7.50000000E-03   7.7601275965E-03 +-    4.2385379619E-05   
global crossing/step           7.50000000E-03   7.6192040526E-03 +-    8.4003480876E-05   
energy numerator(real)         7.50000000E-03  -9.6097078488E+00 +-    7.9788637310E-01   
denominator psit/psigi(real)   7.50000000E-03   3.7460457877E-01 +-    1.3329968721E-02   
energy numerator(aimag)        7.50000000E-03   4.7439727194E-01 +-    5.2783181286E-01   
denominator psit/psigi(aimag)  7.50000000E-03  -6.5636635399E-03 +-    8.7477566236E-03   
growth(lin dt) energy          7.50000000E-03  -2.3032849792E+02 +-    5.3931578419E+00   
growth(global) energy          7.50000000E-03  -2.1924565089E+02 +-    1.0253788423E+01
growth energy                  7.50000000E-03  -2.3012943082E+02 +-    5.3758174684E+00
Time for propagation (sec) (min) =          21.410      0.357
Time for energies (sec) (min) =              0.775      0.013
Time for load balancing (sec) (min) =        0.034      0.001
Time for block (sec) (min) =                22.834      0.381
Time for operators (sec) (min) =             0.018      0.000
Elapsed block time (sec) (min) =            67.758      1.129
 
 walkers multiplicity, block, total
   0          50426         136452
   1         996154        2923812
   2          48514         136223
   3            344            859
   4             61            135
   5             15             39
   6             13             27
   7              4             10
   8              3              9
   9              1              3
  11              0              1
  20              0              1
 
 

iteration =                               4
walker number =                       11668
total energy-propagated        1.00000000E-02  -1.7109332375E+01 +-    4.3843441974E-01   
kinetic energy                 1.00000000E-02   1.0936615403E+02 +-    9.4565016471E-01   
potential energy               1.00000000E-02  -1.2647548641E+02 +-    1.0335951310E+00   
im energy                      1.00000000E-02  -2.2390087714E+00 +-    3.1518963538E-01   
imkin energy                   1.00000000E-02   1.9641440890E+00 +-    4.3995167967E-01   
impot energy                   1.00000000E-02  -4.2031528604E+00 +-    5.2310841626E-01   
v cent                         1.00000000E-02   1.1610547525E+01 +-    1.1976529593E+00   
v tau                          1.00000000E-02  -4.6181240900E+00 +-    2.8061950619E-01   
v sigma                        1.00000000E-02  -1.1184909901E+01 +-    3.1247856228E-01   
v sigtau                       1.00000000E-02  -5.4972345911E+01 +-    3.8148254790E-01   
v tensor                       1.00000000E-02  -1.1546357015E+00 +-    1.4525160467E-01   
v tenstau                      1.00000000E-02  -6.6156018329E+01 +-    5.2166769790E-01   
v ls                           1.00000000E-02   0.0000000000E+00 +-    0.0000000000E+00   
v lstau                        1.00000000E-02   0.0000000000E+00 +-    0.0000000000E+00   
vpot v6                        1.00000000E-02  -1.2647548641E+02 +-    1.0335951310E+00   
vpot v8                        1.00000000E-02  -1.2647548641E+02 +-    1.0335951310E+00   
v coulomb                      1.00000000E-02   7.6165147251E-01 +-    1.8400873566E-03   
v external                     1.00000000E-02   0.0000000000E+00 +-    0.0000000000E+00   
tni 2pipr-anticomm             1.00000000E-02   0.0000000000E+00 +-    0.0000000000E+00   
tni vd1pr                      1.00000000E-02   0.0000000000E+00 +-    0.0000000000E+00   
tni vepr                       1.00000000E-02   0.0000000000E+00 +-    0.0000000000E+00   
tni central                    1.00000000E-02   0.0000000000E+00 +-    0.0000000000E+00   
tni 2pixx-anticommutator       1.00000000E-02   0.0000000000E+00 +-    0.0000000000E+00   
tni 2pixd-anticommutator       1.00000000E-02   0.0000000000E+00 +-    0.0000000000E+00   
tni 2pidd-anticommutator       1.00000000E-02   0.0000000000E+00 +-    0.0000000000E+00   
tni 2pixx-commutator           1.00000000E-02   0.0000000000E+00 +-    0.0000000000E+00   
tni 2pixd-commutator           1.00000000E-02   0.0000000000E+00 +-    0.0000000000E+00   
tni 2pidd-commutator           1.00000000E-02   0.0000000000E+00 +-    0.0000000000E+00   
tni 2pi-tm                     1.00000000E-02   0.0000000000E+00 +-    0.0000000000E+00   
tni vd1                        1.00000000E-02   0.0000000000E+00 +-    0.0000000000E+00   
tni vd2                        1.00000000E-02   0.0000000000E+00 +-    0.0000000000E+00   
tni ve                         1.00000000E-02   0.0000000000E+00 +-    0.0000000000E+00   
vpottot v8+tni                 1.00000000E-02  -1.2647548641E+02 +-    1.0335951310E+00   
enetot v8+tni                  1.00000000E-02  -1.7109332375E+01 +-    4.3843441974E-01   
vper cent                      1.00000000E-02   1.1610547525E+01 +-    1.1976529593E+00   
vper tau                       1.00000000E-02  -4.6181240900E+00 +-    2.8061950619E-01   
vper sigma                     1.00000000E-02  -1.1184909901E+01 +-    3.1247856228E-01   
vper sigtau                    1.00000000E-02  -5.4972345911E+01 +-    3.8148254790E-01   
vper tensor                    1.00000000E-02  -1.1546357015E+00 +-    1.4525160467E-01   
vper tenstau                   1.00000000E-02  -6.6156018329E+01 +-    5.2166769790E-01   
vper ls                        1.00000000E-02   0.0000000000E+00 +-    0.0000000000E+00   
vper lstau                     1.00000000E-02   0.0000000000E+00 +-    0.0000000000E+00   
vpotper v6                     1.00000000E-02  -1.2647548641E+02 +-    1.0335951310E+00   
vpotper v8                     1.00000000E-02  -1.2647548641E+02 +-    1.0335951310E+00   
vpotv6pr-vpotv6per diff        1.00000000E-02   0.0000000000E+00 +-    0.0000000000E+00   
vpotv8pr-vpotv8per diff        1.00000000E-02   0.0000000000E+00 +-    0.0000000000E+00   
2piapr-2pia diff               1.00000000E-02   0.0000000000E+00 +-    0.0000000000E+00   
vd1pr-vd1 diff                 1.00000000E-02   0.0000000000E+00 +-    0.0000000000E+00   
vepr-ve diff                   1.00000000E-02   0.0000000000E+00 +-    0.0000000000E+00   
diff1 2piapr-2pia-2picxx       1.00000000E-02   0.0000000000E+00 +-    0.0000000000E+00   
diff2 vd1pr-vd1-2picxd         1.00000000E-02   0.0000000000E+00 +-    0.0000000000E+00   
diff3 vepr-ve-2picdd           1.00000000E-02   0.0000000000E+00 +-    0.0000000000E+00   
sum diff1+dif2+diff3           1.00000000E-02   0.0000000000E+00 +-    0.0000000000E+00   
proton rms                     1.00000000E-02   1.9880075829E+00 +-    9.2059826770E-03   
neutron rms                    1.00000000E-02   2.0453074770E+00 +-    9.0802601087E-03   
total rms                      1.00000000E-02   2.0241435219E+00 +-    8.3623480193E-03   
neutron-proton rms             1.00000000E-02   5.7299894065E-02 +-    8.2074862631E-03   
GT sigXtau+                    1.00000000E-02  -1.2501615172E-04 +-    2.5335175237E-05   
GT sigYtau+                    1.00000000E-02   5.7343820923E-04 +-    1.8886900548E-05   
GT sigZtau+                    1.00000000E-02  -4.1597808610E-04 +-    8.2468849620E-06   
GT sigXtau-                    1.00000000E-02   2.1069364344E-04 +-    2.6091143333E-05   
GT sigYtau-                    1.00000000E-02  -4.1341079105E-05 +-    2.3747188804E-05   
GT sigZtau-                    1.00000000E-02  -2.8254161514E-05 +-    2.0229631625E-05   
F tau+                         1.00000000E-02  -4.8665380733E-20 +-    2.4290185931E-20   
F tau-                         1.00000000E-02  -2.1170276607E-19 +-    1.6228078234E-20   
Psi**2                         1.00000000E-02   1.8603234832E-05 +-    4.3840051217E-07   
single crossing/step           1.00000000E-02   8.4444979445E-03 +-    4.3691490411E-05   
global crossing/step           1.00000000E-02   8.2995006256E-03 +-    8.6635856002E-05   
energy numerator(real)         1.00000000E-02  -3.3816294421E+00 +-    9.0449858386E-01   
denominator psit/psigi(real)   1.00000000E-02   1.9597604511E-01 +-    1.3217705656E-02   
energy numerator(aimag)        1.00000000E-02   5.8379963138E-02 +-    6.6184883812E-01   
denominator psit/psigi(aimag)  1.00000000E-02  -1.9889071667E-02 +-    8.8325277995E-03   
growth(lin dt) energy          1.00000000E-02  -2.6230631609E+02 +-    5.8738428801E+00   
growth(global) energy          1.00000000E-02  -2.7868562131E+02 +-    1.3365107097E+01
growth energy                  1.00000000E-02  -2.6199387905E+02 +-    5.8502600189E+00
Time for propagation (sec) (min) =          21.915      0.365
Time for energies (sec) (min) =              0.816      0.014
Time for load balancing (sec) (min) =        0.028      0.000
Time for block (sec) (min) =                23.396      0.390
Time for operators (sec) (min) =             0.023      0.000
Elapsed block time (sec) (min) =            91.185      1.520
 
 walkers multiplicity, block, total
   0          54220         190672
   1        1012581        3936393
   2          53225         189448
   3            499           1358
   4             80            215
   5             28             67
   6             15             42
   7              5             15
   8              2             11
   9              1              4
  10              2              2
  11              3              4
  15              2              2
  20              1              2
 
 

iteration =                               5
walker number =                       11673
total energy-propagated        1.25000000E-02  -3.8316325791E+00 +-    7.5073998940E-01   
kinetic energy                 1.25000000E-02   1.8253276064E+02 +-    3.9788841929E+00   
potential energy               1.25000000E-02  -1.8636439322E+02 +-    3.6774557999E+00   
im energy                      1.25000000E-02   2.0312993835E+01 +-    4.8780362144E-01   
imkin energy                   1.25000000E-02   3.1508165329E+01 +-    1.4122491728E+00   
impot energy                   1.25000000E-02  -1.1195171494E+01 +-    1.3814236292E+00   
v cent                         1.25000000E-02  -3.1912891495E+01 +-    3.8346766900E+00   
v tau                          1.25000000E-02  -1.9979786481E+01 +-    9.1902958396E-01   
v sigma                        1.25000000E-02   3.9400191930E+01 +-    8.3053010072E-01   
v sigtau                       1.25000000E-02  -1.6634269730E+01 +-    4.5833392006E-01   
v tensor                       1.25000000E-02   8.5825553585E+00 +-    3.9232651897E-01   
v tenstau                      1.25000000E-02  -1.6582019280E+02 +-    2.0538949698E+00   
v ls                           1.25000000E-02   0.0000000000E+00 +-    0.0000000000E+00   
v lstau                        1.25000000E-02   0.0000000000E+00 +-    0.0000000000E+00   
vpot v6                        1.25000000E-02  -1.8636439322E+02 +-    3.6774557999E+00   
vpot v8                        1.25000000E-02  -1.8636439322E+02 +-    3.6774557999E+00   
v coulomb                      1.25000000E-02   7.8796896534E-01 +-    4.2110968786E-03   
v external                     1.25000000E-02   0.0000000000E+00 +-    0.0000000000E+00   
tni 2pipr-anticomm             1.25000000E-02   0.0000000000E+00 +-    0.0000000000E+00   
tni vd1pr                      1.25000000E-02   0.0000000000E+00 +-    0.0000000000E+00   
tni vepr                       1.25000000E-02   0.0000000000E+00 +-    0.0000000000E+00   
tni central                    1.25000000E-02   0.0000000000E+00 +-    0.0000000000E+00   
tni 2pixx-anticommutator       1.25000000E-02   0.0000000000E+00 +-    0.0000000000E+00   
tni 2pixd-anticommutator       1.25000000E-02   0.0000000000E+00 +-    0.0000000000E+00   
tni 2pidd-anticommutator       1.25000000E-02   0.0000000000E+00 +-    0.0000000000E+00   
tni 2pixx-commutator           1.25000000E-02   0.0000000000E+00 +-    0.0000000000E+00   
tni 2pixd-commutator           1.25000000E-02   0.0000000000E+00 +-    0.0000000000E+00   
tni 2pidd-commutator           1.25000000E-02   0.0000000000E+00 +-    0.0000000000E+00   
tni 2pi-tm                     1.25000000E-02   0.0000000000E+00 +-    0.0000000000E+00   
tni vd1                        1.25000000E-02   0.0000000000E+00 +-    0.0000000000E+00   
tni vd2                        1.25000000E-02   0.0000000000E+00 +-    0.0000000000E+00   
tni ve                         1.25000000E-02   0.0000000000E+00 +-    0.0000000000E+00   
vpottot v8+tni                 1.25000000E-02  -1.8636439322E+02 +-    3.6774557999E+00   
enetot v8+tni                  1.25000000E-02  -3.8316325791E+00 +-    7.5073998940E-01   
vper cent                      1.25000000E-02  -3.1912891495E+01 +-    3.8346766900E+00   
vper tau                       1.25000000E-02  -1.9979786481E+01 +-    9.1902958396E-01   
vper sigma                     1.25000000E-02   3.9400191930E+01 +-    8.3053010072E-01   
vper sigtau                    1.25000000E-02  -1.6634269730E+01 +-    4.5833392006E-01   
vper tensor                    1.25000000E-02   8.5825553585E+00 +-    3.9232651897E-01   
vper tenstau                   1.25000000E-02  -1.6582019280E+02 +-    2.0538949698E+00   
vper ls                        1.25000000E-02   0.0000000000E+00 +-    0.0000000000E+00   
vper lstau                     1.25000000E-02   0.0000000000E+00 +-    0.0000000000E+00   
vpotper v6                     1.25000000E-02  -1.8636439322E+02 +-    3.6774557999E+00   
vpotper v8                     1.25000000E-02  -1.8636439322E+02 +-    3.6774557999E+00   
vpotv6pr-vpotv6per diff        1.25000000E-02   0.0000000000E+00 +-    0.0000000000E+00   
vpotv8pr-vpotv8per diff        1.25000000E-02   0.0000000000E+00 +-    0.0000000000E+00   
2piapr-2pia diff               1.25000000E-02   0.0000000000E+00 +-    0.0000000000E+00   
vd1pr-vd1 diff                 1.25000000E-02   0.0000000000E+00 +-    0.0000000000E+00   
vepr-ve diff                   1.25000000E-02   0.0000000000E+00 +-    0.0000000000E+00   
diff1 2piapr-2pia-2picxx       1.25000000E-02   0.0000000000E+00 +-    0.0000000000E+00   
diff2 vd1pr-vd1-2picxd         1.25000000E-02   0.0000000000E+00 +-    0.0000000000E+00   
diff3 vepr-ve-2picdd           1.25000000E-02   0.0000000000E+00 +-    0.0000000000E+00   
sum diff1+dif2+diff3           1.25000000E-02   0.0000000000E+00 +-    0.0000000000E+00   
proton rms                     1.25000000E-02   2.4128239223E+00 +-    1.1365058149E-02   
neutron rms                    1.25000000E-02   2.7828913038E+00 +-    1.2561233654E-02   
total rms                      1.25000000E-02   2.6025778267E+00 +-    9.6432974953E-03   
neutron-proton rms             1.25000000E-02   3.7006738144E-01 +-    1.3593262746E-02   
GT sigXtau+                    1.25000000E-02   1.3705452539E-03 +-    4.0749193935E-05   
GT sigYtau+                    1.25000000E-02   1.3502312391E-03 +-    3.8082641896E-05   
GT sigZtau+                    1.25000000E-02   3.2630340750E-04 +-    2.3819298021E-05   
GT sigXtau-                    1.25000000E-02   2.2723791780E-03 +-    1.2017309477E-05   
GT sigYtau-                    1.25000000E-02  -6.4571458402E-04 +-    2.4661903186E-05   
GT sigZtau-                    1.25000000E-02  -4.1985528653E-04 +-    2.9521588936E-05   
F tau+                         1.25000000E-02   7.4924985423E-19 +-    1.6850199900E-19   
F tau-                         1.25000000E-02  -2.3318721956E-18 +-    8.8624067592E-20   
Psi**2                         1.25000000E-02   6.4801567131E-05 +-    1.7434382613E-06   
single crossing/step           1.25000000E-02   8.0649804910E-03 +-    4.2754534989E-05   
global crossing/step           1.25000000E-02   7.8575064916E-03 +-    8.4410857194E-05   
energy numerator(real)         1.25000000E-02   1.5308614300E-01 +-    8.5011717889E-01   
denominator psit/psigi(real)   1.25000000E-02   5.6708111132E-02 +-    1.2861945852E-02   
energy numerator(aimag)        1.25000000E-02   1.5313334974E+00 +-    5.8810516502E-01   
denominator psit/psigi(aimag)  1.25000000E-02  -1.4221584575E-02 +-    8.6401789616E-03   
growth(lin dt) energy          1.25000000E-02  -2.5939605321E+02 +-    5.8433989211E+00   
growth(global) energy          1.25000000E-02  -2.5153850599E+02 +-    1.4348645960E+01
growth energy                  1.25000000E-02  -2.5909498354E+02 +-    5.8203622646E+00
Time for propagation (sec) (min) =          21.867      0.364
Time for energies (sec) (min) =              0.816      0.014
Time for load balancing (sec) (min) =        0.033      0.001
Time for block (sec) (min) =                23.370      0.390
Time for operators (sec) (min) =             0.023      0.000
Elapsed block time (sec) (min) =           114.578      1.910
 
 walkers multiplicity, block, total
   0          54790         245462
   1        1009464        4945857
   2          53359         242807
   3            453           1811
   4             71            286
   5             27             94
   6             11             53
   7              9             24
   8              3             14
   9              1              5
  10              2              4
  11              1              5
  13              1              1
  15              1              3
  18              1              1
  20              0              2
 
 

iteration =                               6
walker number =                       11446
total energy-propagated        1.50000000E-02   2.5051486192E+01 +-    1.5742223445E+00   
kinetic energy                 1.50000000E-02  -1.4411705081E+01 +-    4.2574677909E+00   
potential energy               1.50000000E-02   3.9463191274E+01 +-    4.5189102142E+00   
im energy                      1.50000000E-02  -5.5578341117E+01 +-    1.3222610522E+00   
imkin energy                   1.50000000E-02  -9.4988321620E+01 +-    1.5657463054E+00   
impot energy                   1.50000000E-02   3.9409980503E+01 +-    1.4056877848E+00   
v cent                         1.50000000E-02   1.7743701913E+02 +-    4.2791649029E+00   
v tau                          1.50000000E-02  -1.4848957834E+01 +-    1.2497396913E+00   
v sigma                        1.50000000E-02   3.5183512910E+00 +-    6.0301590772E-01   
v sigtau                       1.50000000E-02  -1.0081607811E+02 +-    1.0278999769E+00   
v tensor                       1.50000000E-02   5.8682529437E+00 +-    4.1169751127E-01   
v tenstau                      1.50000000E-02  -3.1695396150E+01 +-    2.5138642389E+00   
v ls                           1.50000000E-02   0.0000000000E+00 +-    0.0000000000E+00   
v lstau                        1.50000000E-02   0.0000000000E+00 +-    0.0000000000E+00   
vpot v6                        1.50000000E-02   3.9463191274E+01 +-    4.5189102142E+00   
vpot v8                        1.50000000E-02   3.9463191274E+01 +-    4.5189102142E+00   
v coulomb                      1.50000000E-02   6.6606902396E-01 +-    5.0522501368E-03   
v external                     1.50000000E-02   0.0000000000E+00 +-    0.0000000000E+00   
tni 2pipr-anticomm             1.50000000E-02   0.0000000000E+00 +-    0.0000000000E+00   
tni vd1pr                      1.50000000E-02   0.0000000000E+00 +-    0.0000000000E+00   
tni vepr                       1.50000000E-02   0.0000000000E+00 +-    0.0000000000E+00   
tni central                    1.50000000E-02   0.0000000000E+00 +-    0.0000000000E+00   
tni 2pixx-anticommutator       1.50000000E-02   0.0000000000E+00 +-    0.0000000000E+00   
tni 2pixd-anticommutator       1.50000000E-02   0.0000000000E+00 +-    0.0000000000E+00   
tni 2pidd-anticommutator       1.50000000E-02   0.0000000000E+00 +-    0.0000000000E+00   
tni 2pixx-commutator           1.50000000E-02   0.0000000000E+00 +-    0.0000000000E+00   
tni 2pixd-commutator           1.50000000E-02   0.0000000000E+00 +-    0.0000000000E+00   
tni 2pidd-commutator           1.50000000E-02   0.0000000000E+00 +-    0.0000000000E+00   
tni 2pi-tm                     1.50000000E-02   0.0000000000E+00 +-    0.0000000000E+00   
tni vd1                        1.50000000E-02   0.0000000000E+00 +-    0.0000000000E+00   
tni vd2                        1.50000000E-02   0.0000000000E+00 +-    0.0000000000E+00   
tni ve                         1.50000000E-02   0.0000000000E+00 +-    0.0000000000E+00   
vpottot v8+tni                 1.50000000E-02   3.9463191274E+01 +-    4.5189102142E+00   
enetot v8+tni                  1.50000000E-02   2.5051486192E+01 +-    1.5742223445E+00   
vper cent                      1.50000000E-02   1.7743701913E+02 +-    4.2791649029E+00   
vper tau                       1.50000000E-02  -1.4848957834E+01 +-    1.2497396913E+00   
vper sigma                     1.50000000E-02   3.5183512910E+00 +-    6.0301590772E-01   
vper sigtau                    1.50000000E-02  -1.0081607811E+02 +-    1.0278999769E+00   
vper tensor                    1.50000000E-02   5.8682529437E+00 +-    4.1169751127E-01   
vper tenstau                   1.50000000E-02  -3.1695396150E+01 +-    2.5138642389E+00   
vper ls                        1.50000000E-02   0.0000000000E+00 +-    0.0000000000E+00   
vper lstau                     1.50000000E-02   0.0000000000E+00 +-    0.0000000000E+00   
vpotper v6                     1.50000000E-02   3.9463191274E+01 +-    4.5189102142E+00   
vpotper v8                     1.50000000E-02   3.9463191274E+01 +-    4.5189102142E+00   
vpotv6pr-vpotv6per diff        1.50000000E-02   0.0000000000E+00 +-    0.0000000000E+00   
vpotv8pr-vpotv8per diff        1.50000000E-02   0.0000000000E+00 +-    0.0000000000E+00   
2piapr-2pia diff               1.50000000E-02   0.0000000000E+00 +-    0.0000000000E+00   
vd1pr-vd1 diff                 1.50000000E-02   0.0000000000E+00 +-    0.0000000000E+00   
vepr-ve diff                   1.50000000E-02   0.0000000000E+00 +-    0.0000000000E+00   
diff1 2piapr-2pia-2picxx       1.50000000E-02   0.0000000000E+00 +-    0.0000000000E+00   
diff2 vd1pr-vd1-2picxd         1.50000000E-02   0.0000000000E+00 +-    0.0000000000E+00   
diff3 vepr-ve-2picdd           1.50000000E-02   0.0000000000E+00 +-    0.0000000000E+00   
sum diff1+dif2+diff3           1.50000000E-02   0.0000000000E+00 +-    0.0000000000E+00   
proton rms                     1.50000000E-02   2.6243650488E+00 +-    1.3254661914E-02   
neutron rms                    1.50000000E-02   2.6197920730E+00 +-    2.0372221215E-02   
total rms                      1.50000000E-02   2.6225291860E+00 +-    1.1189760063E-02   
neutron-proton rms             1.50000000E-02  -4.5729758543E-03 +-    2.5035901948E-02   
GT sigXtau+                    1.50000000E-02   1.9265908546E-03 +-    4.4335857713E-05   
GT sigYtau+                    1.50000000E-02   1.4537723216E-04 +-    3.8308119384E-05   
GT sigZtau+                    1.50000000E-02   3.1651897065E-03 +-    4.5516814917E-05   
GT sigXtau-                    1.50000000E-02   2.7383804946E-03 +-    5.3828934987E-05   
GT sigYtau-                    1.50000000E-02   1.8626161920E-03 +-    6.6410497218E-05   
GT sigZtau-                    1.50000000E-02  -7.3073461482E-04 +-    4.3637445039E-05   
F tau+                         1.50000000E-02  -2.7875860036E-18 +-    5.4454326173E-20   
F tau-                         1.50000000E-02   1.5374557152E-18 +-    4.1161438429E-20   
Psi**2                         1.50000000E-02  -3.3979903653E-05 +-    2.2581415501E-06   
single crossing/step           1.50000000E-02   8.4297189487E-03 +-    4.3624772737E-05   
global crossing/step           1.50000000E-02   8.2730733502E-03 +-    8.6441912034E-05   
energy numerator(real)         1.50000000E-02   5.5974193392E-01 +-    9.1797386005E-01   
denominator psit/psigi(real)   1.50000000E-02   2.9460067137E-02 +-    1.3459421026E-02   
energy numerator(aimag)        1.50000000E-02  -3.2162052469E+00 +-    6.4148066262E-01   
denominator psit/psigi(aimag)  1.50000000E-02  -1.6543092083E-03 +-    8.8874921823E-03   
growth(lin dt) energy          1.50000000E-02  -2.6315373478E+02 +-    5.8595044593E+00   
growth(global) energy          1.50000000E-02  -2.4387976622E+02 +-    1.1367345854E+01
growth energy                  1.50000000E-02  -2.6283794825E+02 +-    5.8358570681E+00
Time for propagation (sec) (min) =          21.947      0.366
Time for energies (sec) (min) =              0.801      0.013
Time for load balancing (sec) (min) =        0.030      0.001
Time for block (sec) (min) =                23.464      0.391
Time for operators (sec) (min) =             0.025      0.000
Elapsed block time (sec) (min) =           138.077      2.301
 
 walkers multiplicity, block, total
   0          55791         301253
   1        1011567        5957424
   2          54152         296959
   3            467           2278
   4             71            357
   5             28            122
   6             11             64
   7              6             30
   8              0             14
   9              0              5
  10              1              5
  11              2              7
  13              0              1
  15              1              4
  18              0              1
  20              1              3
 
 

iteration =                               7
walker number =                       10280
total energy-propagated        1.75000000E-02  -3.8080037037E+01 +-    1.0813709106E+00   
kinetic energy                 1.75000000E-02   1.6840723952E+02 +-    3.9654113209E+00   
potential energy               1.75000000E-02  -2.0648727656E+02 +-    4.5221871646E+00   
im energy                      1.75000000E-02  -2.2030410690E+01 +-    8.9206057617E-01   
imkin energy                   1.75000000E-02  -3.5264066008E+01 +-    1.7567619588E+00   
impot energy                   1.75000000E-02   1.3233655318E+01 +-    2.7558716333E+00   
v cent                         1.75000000E-02   8.0385339473E+01 +-    3.3456052784E+00   
v tau                          1.75000000E-02  -1.2354906268E+00 +-    3.2598964113E-01   
v sigma                        1.75000000E-02   1.1998567442E+01 +-    8.3225208156E-01   
v sigtau                       1.75000000E-02  -7.8377135992E+01 +-    8.1116648545E-01   
v tensor                       1.75000000E-02   1.6493130919E+01 +-    3.7846864601E-01   
v tenstau                      1.75000000E-02  -2.3575168777E+02 +-    2.8254783548E+00   
v ls                           1.75000000E-02   0.0000000000E+00 +-    0.0000000000E+00   
v lstau                        1.75000000E-02   0.0000000000E+00 +-    0.0000000000E+00   
vpot v6                        1.75000000E-02  -2.0648727656E+02 +-    4.5221871646E+00   
vpot v8                        1.75000000E-02  -2.0648727656E+02 +-    4.5221871646E+00   
v coulomb                      1.75000000E-02   8.5271968332E-01 +-    4.6808841436E-03   
v external                     1.75000000E-02   0.0000000000E+00 +-    0.0000000000E+00   
tni 2pipr-anticomm             1.75000000E-02   0.0000000000E+00 +-    0.0000000000E+00   
tni vd1pr                      1.75000000E-02   0.0000000000E+00 +-    0.0000000000E+00   
tni vepr                       1.75000000E-02   0.0000000000E+00 +-    0.0000000000E+00   
tni central                    1.75000000E-02   0.0000000000E+00 +-    0.0000000000E+00   
tni 2pixx-anticommutator       1.75000000E-02   0.0000000000E+00 +-    0.0000000000E+00   
tni 2pixd-anticommutator       1.75000000E-02   0.0000000000E+00 +-    0.0000000000E+00   
tni 2pidd-anticommutator       1.75000000E-02   0.0000000000E+00 +-    0.0000000000E+00   
tni 2pixx-commutator           1.75000000E-02   0.0000000000E+00 +-    0.0000000000E+00   
tni 2pixd-commutator           1.75000000E-02   0.0000000000E+00 +-    0.0000000000E+00   
tni 2pidd-commutator           1.75000000E-02   0.0000000000E+00 +-    0.0000000000E+00   
tni 2pi-tm                     1.75000000E-02   0.0000000000E+00 +-    0.0000000000E+00   
tni vd1                        1.75000000E-02   0.0000000000E+00 +-    0.0000000000E+00   
tni vd2                        1.75000000E-02   0.0000000000E+00 +-    0.0000000000E+00   
tni ve                         1.75000000E-02   0.0000000000E+00 +-    0.0000000000E+00   
vpottot v8+tni                 1.75000000E-02  -2.0648727656E+02 +-    4.5221871646E+00   
enetot v8+tni                  1.75000000E-02  -3.8080037037E+01 +-    1.0813709106E+00   
vper cent                      1.75000000E-02   8.0385339473E+01 +-    3.3456052784E+00   
vper tau                       1.75000000E-02  -1.2354906268E+00 +-    3.2598964113E-01   
vper sigma                     1.75000000E-02   1.1998567442E+01 +-    8.3225208156E-01   
vper sigtau                    1.75000000E-02  -7.8377135992E+01 +-    8.1116648545E-01   
vper tensor                    1.75000000E-02   1.6493130919E+01 +-    3.7846864601E-01   
vper tenstau                   1.75000000E-02  -2.3575168777E+02 +-    2.8254783548E+00   
vper ls                        1.75000000E-02   0.0000000000E+00 +-    0.0000000000E+00   
vper lstau                     1.75000000E-02   0.0000000000E+00 +-    0.0000000000E+00   
vpotper v6                     1.75000000E-02  -2.0648727656E+02 +-    4.5221871646E+00   
vpotper v8                     1.75000000E-02  -2.0648727656E+02 +-    4.5221871646E+00   
vpotv6pr-vpotv6per diff        1.75000000E-02   0.0000000000E+00 +-    0.0000000000E+00   
vpotv8pr-vpotv8per diff        1.75000000E-02   0.0000000000E+00 +-    0.0000000000E+00   
2piapr-2pia diff               1.75000000E-02   0.0000000000E+00 +-    0.0000000000E+00   
vd1pr-vd1 diff                 1.75000000E-02   0.0000000000E+00 +-    0.0000000000E+00   
vepr-ve diff                   1.75000000E-02   0.0000000000E+00 +-    0.0000000000E+00   
diff1 2piapr-2pia-2picxx       1.75000000E-02   0.0000000000E+00 +-    0.0000000000E+00   
diff2 vd1pr-vd1-2picxd         1.75000000E-02   0.0000000000E+00 +-    0.0000000000E+00   
diff3 vepr-ve-2picdd           1.75000000E-02   0.0000000000E+00 +-    0.0000000000E+00   
sum diff1+dif2+diff3           1.75000000E-02   0.0000000000E+00 +-    0.0000000000E+00   
proton rms                     1.75000000E-02   1.7125452325E+00 +-    1.7007572515E-02   
neutron rms                    1.75000000E-02   1.7994187841E+00 +-    1.4181253904E-02   
total rms                      1.75000000E-02   1.7140564978E+00 +-    1.1933044077E-02   
neutron-proton rms             1.75000000E-02   8.6873551600E-02 +-    1.9692237430E-02   
GT sigXtau+                    1.75000000E-02   2.5244612560E-03 +-    1.6417669601E-05   
GT sigYtau+                    1.75000000E-02   5.5924587618E-04 +-    2.9422660383E-05   
GT sigZtau+                    1.75000000E-02  -3.0510939186E-03 +-    2.9132207737E-05   
GT sigXtau-                    1.75000000E-02  -9.9811304390E-04 +-    2.8101770977E-05   
GT sigYtau-                    1.75000000E-02  -9.0120555782E-04 +-    2.4432950088E-05   
GT sigZtau-                    1.75000000E-02  -2.2771532439E-03 +-    1.9059918302E-05   
F tau+                         1.75000000E-02  -1.4598255961E-18 +-    4.6583838647E-19   
F tau-                         1.75000000E-02  -1.0938277837E-17 +-    1.3744182015E-18   
Psi**2                         1.75000000E-02   3.9464310419E-05 +-    1.2176134443E-06   
single crossing/step           1.75000000E-02   8.6158956940E-03 +-    4.4121729833E-05   
global crossing/step           1.75000000E-02   8.4262748809E-03 +-    8.7275360447E-05   
energy numerator(real)         1.75000000E-02  -2.2242531647E+00 +-    1.1408547576E+00   
denominator psit/psigi(real)   1.75000000E-02   4.7564464890E-02 +-    1.4411551665E-02   
energy numerator(aimag)        1.75000000E-02   9.7004048109E-02 +-    7.7989311744E-01   
denominator psit/psigi(aimag)  1.75000000E-02  -2.4021919360E-02 +-    9.4213034880E-03   
growth(lin dt) energy          1.75000000E-02  -2.7881661014E+02 +-    5.9348270396E+00   
growth(global) energy          1.75000000E-02  -2.7874603438E+02 +-    1.2424889992E+01
growth energy                  1.75000000E-02  -2.7843570895E+02 +-    5.9085658352E+00
Time for propagation (sec) (min) =          21.927      0.365
Time for energies (sec) (min) =              0.719      0.012
Time for load balancing (sec) (min) =        0.029      0.000
Time for block (sec) (min) =                23.309      0.388
Time for operators (sec) (min) =             0.020      0.000
Elapsed block time (sec) (min) =           161.406      2.690
 
 walkers multiplicity, block, total
   0          57755         359008
   1        1019535        6976959
   2          55158         352117
   3            415           2693
   4             95            452
   5             25            147
   6             15             79
   7              8             38
   8              2             16
   9              2              7
  10              1              6
  11              0              7
  12              1              1
  13              2              3
  15              0              4
  18              0              1
  20              1              4
 
 

iteration =                               8
walker number =                       10062
total energy-propagated        2.00000000E-02  -4.8891520068E+01 +-    9.7605891529E-01   
kinetic energy                 2.00000000E-02   2.5600468478E+02 +-    1.7541152085E+00   
potential energy               2.00000000E-02  -3.0489620484E+02 +-    9.8925845016E-01   
im energy                      2.00000000E-02   1.4197442729E+01 +-    6.0948601742E-01   
imkin energy                   2.00000000E-02   1.6608782344E+01 +-    7.9744194956E-01   
impot energy                   2.00000000E-02  -2.4113396155E+00 +-    1.0613782103E+00   
v cent                         2.00000000E-02  -1.1246646478E+02 +-    3.2878311541E+00   
v tau                          2.00000000E-02   3.0610945278E+01 +-    7.0696945382E-01   
v sigma                        2.00000000E-02  -3.7327421955E+01 +-    4.4122999797E-01   
v sigtau                       2.00000000E-02  -1.0013991719E+02 +-    6.4491534514E-01   
v tensor                       2.00000000E-02  -1.5597810681E+01 +-    2.9049248716E-01   
v tenstau                      2.00000000E-02  -6.9975535518E+01 +-    1.9770610918E+00   
v ls                           2.00000000E-02   0.0000000000E+00 +-    0.0000000000E+00   
v lstau                        2.00000000E-02   0.0000000000E+00 +-    0.0000000000E+00   
vpot v6                        2.00000000E-02  -3.0489620484E+02 +-    9.8925845016E-01   
vpot v8                        2.00000000E-02  -3.0489620484E+02 +-    9.8925845016E-01   
v coulomb                      2.00000000E-02   1.1546097200E+00 +-    5.2032059760E-03   
v external                     2.00000000E-02   0.0000000000E+00 +-    0.0000000000E+00   
tni 2pipr-anticomm             2.00000000E-02   0.0000000000E+00 +-    0.0000000000E+00   
tni vd1pr                      2.00000000E-02   0.0000000000E+00 +-    0.0000000000E+00   
tni vepr                       2.00000000E-02   0.0000000000E+00 +-    0.0000000000E+00   
tni central                    2.00000000E-02   0.0000000000E+00 +-    0.0000000000E+00   
tni 2pixx-anticommutator       2.00000000E-02   0.0000000000E+00 +-    0.0000000000E+00   
tni 2pixd-anticommutator       2.00000000E-02   0.0000000000E+00 +-    0.0000000000E+00   
tni 2pidd-anticommutator       2.00000000E-02   0.0000000000E+00 +-    0.0000000000E+00   
tni 2pixx-commutator           2.00000000E-02   0.0000000000E+00 +-    0.0000000000E+00   
tni 2pixd-commutator           2.00000000E-02   0.0000000000E+00 +-    0.0000000000E+00   
tni 2pidd-commutator           2.00000000E-02   0.0000000000E+00 +-    0.0000000000E+00   
tni 2pi-tm                     2.00000000E-02   0.0000000000E+00 +-    0.0000000000E+00   
tni vd1                        2.00000000E-02   0.0000000000E+00 +-    0.0000000000E+00   
tni vd2                        2.00000000E-02   0.0000000000E+00 +-    0.0000000000E+00   
tni ve                         2.00000000E-02   0.0000000000E+00 +-    0.0000000000E+00   
vpottot v8+tni                 2.00000000E-02  -3.0489620484E+02 +-    9.8925845016E-01   
enetot v8+tni                  2.00000000E-02  -4.8891520068E+01 +-    9.7605891529E-01   
vper cent                      2.00000000E-02  -1.1246646478E+02 +-    3.2878311541E+00   
vper tau                       2.00000000E-02   3.0610945278E+01 +-    7.0696945382E-01   
vper sigma                     2.00000000E-02  -3.7327421955E+01 +-    4.4122999797E-01   
vper sigtau                    2.00000000E-02  -1.0013991719E+02 +-    6.4491534514E-01   
vper tensor                    2.00000000E-02  -1.5597810681E+01 +-    2.9049248716E-01   
vper tenstau                   2.00000000E-02  -6.9975535518E+01 +-    1.9770610918E+00   
vper ls                        2.00000000E-02   0.0000000000E+00 +-    0.0000000000E+00   
vper lstau                     2.00000000E-02   0.0000000000E+00 +-    0.0000000000E+00   
vpotper v6                     2.00000000E-02  -3.0489620484E+02 +-    9.8925845016E-01   
vpotper v8                     2.00000000E-02  -3.0489620484E+02 +-    9.8925845016E-01   
vpotv6pr-vpotv6per diff        2.00000000E-02   0.0000000000E+00 +-    0.0000000000E+00   
vpotv8pr-vpotv8per diff        2.00000000E-02   0.0000000000E+00 +-    0.0000000000E+00   
2piapr-2pia diff               2.00000000E-02   0.0000000000E+00 +-    0.0000000000E+00   
vd1pr-vd1 diff                 2.00000000E-02   0.0000000000E+00 +-    0.0000000000E+00   
vepr-ve diff                   2.00000000E-02   0.0000000000E+00 +-    0.0000000000E+00   
diff1 2piapr-2pia-2picxx       2.00000000E-02   0.0000000000E+00 +-    0.0000000000E+00   
diff2 vd1pr-vd1-2picxd         2.00000000E-02   0.0000000000E+00 +-    0.0000000000E+00   
diff3 vepr-ve-2picdd           2.00000000E-02   0.0000000000E+00 +-    0.0000000000E+00   
sum diff1+dif2+diff3           2.00000000E-02   0.0000000000E+00 +-    0.0000000000E+00   
proton rms                     2.00000000E-02   7.6918678719E-01 +-    1.4781190119E-02   
neutron rms                    2.00000000E-02   1.3982145925E+00 +-    1.0462054937E-02   
total rms                      2.00000000E-02   1.1008260043E+00 +-    1.0344977679E-02   
neutron-proton rms             2.00000000E-02   6.2902780532E-01 +-    1.6899200809E-02   
GT sigXtau+                    2.00000000E-02   9.4882590092E-04 +-    7.4705980936E-05   
GT sigYtau+                    2.00000000E-02   1.8086030745E-04 +-    5.3475083268E-05   
GT sigZtau+                    2.00000000E-02  -2.4708696744E-03 +-    6.1942556648E-05   
GT sigXtau-                    2.00000000E-02  -1.2750293824E-03 +-    6.5586278748E-05   
GT sigYtau-                    2.00000000E-02  -5.4556292120E-04 +-    6.2852793914E-05   
GT sigZtau-                    2.00000000E-02  -2.7882178330E-04 +-    4.0363706811E-05   
F tau+                         2.00000000E-02   1.3715168119E-18 +-    1.1394526724E-19   
F tau-                         2.00000000E-02   1.2489070357E-18 +-    1.0820352210E-19   
Psi**2                         2.00000000E-02   1.0499348707E-04 +-    1.1511940930E-06   
single crossing/step           2.00000000E-02   8.1966245936E-03 +-    4.2949878703E-05   
global crossing/step           2.00000000E-02   8.0509451465E-03 +-    8.5139234634E-05   
energy numerator(real)         2.00000000E-02  -2.1000793038E+00 +-    9.8236879053E-01   
denominator psit/psigi(real)   2.00000000E-02   4.1636683003E-02 +-    1.4459337946E-02   
energy numerator(aimag)        2.00000000E-02   1.1331124783E+00 +-    6.4750800636E-01   
denominator psit/psigi(aimag)  2.00000000E-02  -2.5340301747E-02 +-    9.4520570304E-03   
growth(lin dt) energy          2.00000000E-02  -2.6105487888E+02 +-    5.7250489678E+00   
growth(global) energy          2.00000000E-02  -2.4388758281E+02 +-    1.1673022749E+01
growth energy                  2.00000000E-02  -2.6074735565E+02 +-    5.7022517452E+00
Time for propagation (sec) (min) =          22.032      0.367
Time for energies (sec) (min) =              0.704      0.012
Time for load balancing (sec) (min) =        0.028      0.000
Time for block (sec) (min) =                23.450      0.391
Time for operators (sec) (min) =             0.021      0.000
Elapsed block time (sec) (min) =           184.876      3.081
 
 walkers multiplicity, block, total
   0          56193         415201
   1        1014354        7991313
   2          54757         406874
   3            415           3108
   4             60            512
   5             21            168
   6              8             87
   7              3             41
   8              3             19
   9              0              7
  10              1              7
  11              0              7
  12              1              2
  13              1              4
  14              1              1
  15              0              4
  18              0              1
  20              0              4
 
 

iteration =                               9
walker number =                       10852
total energy-propagated        2.25000000E-02   1.5854814935E+01 +-    9.4493883934E-01   
kinetic energy                 2.25000000E-02   1.9569057631E+02 +-    1.6657665511E+00   
potential energy               2.25000000E-02  -1.7983576137E+02 +-    1.6013618545E+00   
im energy                      2.25000000E-02  -1.2147076717E+01 +-    7.9093699330E-01   
imkin energy                   2.25000000E-02  -1.7108225487E+00 +-    9.2458471228E-01   
impot energy                   2.25000000E-02  -1.0436254168E+01 +-    1.3121992099E+00   
v cent                         2.25000000E-02   8.2435744747E+00 +-    1.8706624960E+00   
v tau                          2.25000000E-02  -1.7602037081E+01 +-    5.6303151749E-01   
v sigma                        2.25000000E-02  -5.4932046509E+00 +-    7.8968281547E-01   
v sigtau                       2.25000000E-02  -8.1981106881E+01 +-    6.4550620067E-01   
v tensor                       2.25000000E-02  -4.3421620977E+00 +-    3.7711431968E-01   
v tenstau                      2.25000000E-02  -7.8660825136E+01 +-    1.4392519512E+00   
v ls                           2.25000000E-02   0.0000000000E+00 +-    0.0000000000E+00   
v lstau                        2.25000000E-02   0.0000000000E+00 +-    0.0000000000E+00   
vpot v6                        2.25000000E-02  -1.7983576137E+02 +-    1.6013618545E+00   
vpot v8                        2.25000000E-02  -1.7983576137E+02 +-    1.6013618545E+00   
v coulomb                      2.25000000E-02   9.6834795663E-01 +-    7.3346507493E-03   
v external                     2.25000000E-02   0.0000000000E+00 +-    0.0000000000E+00   
tni 2pipr-anticomm             2.25000000E-02   0.0000000000E+00 +-    0.0000000000E+00   
tni vd1pr                      2.25000000E-02   0.0000000000E+00 +-    0.0000000000E+00   
tni vepr                       2.25000000E-02   0.0000000000E+00 +-    0.0000000000E+00   
tni central                    2.25000000E-02   0.0000000000E+00 +-    0.0000000000E+00   
tni 2pixx-anticommutator       2.25000000E-02   0.0000000000E+00 +-    0.0000000000E+00   
tni 2pixd-anticommutator       2.25000000E-02   0.0000000000E+00 +-    0.0000000000E+00   
tni 2pidd-anticommutator       2.25000000E-02   0.0000000000E+00 +-    0.0000000000E+00   
tni 2pixx-commutator           2.25000000E-02   0.0000000000E+00 +-    0.0000000000E+00   
tni 2pixd-commutator           2.25000000E-02   0.0000000000E+00 +-    0.0000000000E+00   
tni 2pidd-commutator           2.25000000E-02   0.0000000000E+00 +-    0.0000000000E+00   
tni 2pi-tm                     2.25000000E-02   0.0000000000E+00 +-    0.0000000000E+00   
tni vd1                        2.25000000E-02   0.0000000000E+00 +-    0.0000000000E+00   
tni vd2                        2.25000000E-02   0.0000000000E+00 +-    0.0000000000E+00   
tni ve                         2.25000000E-02   0.0000000000E+00 +-    0.0000000000E+00   
vpottot v8+tni                 2.25000000E-02  -1.7983576137E+02 +-    1.6013618545E+00   
enetot v8+tni                  2.25000000E-02   1.5854814935E+01 +-    9.4493883934E-01   
vper cent                      2.25000000E-02   8.2435744747E+00 +-    1.8706624960E+00   
vper tau                       2.25000000E-02  -1.7602037081E+01 +-    5.6303151749E-01   
vper sigma                     2.25000000E-02  -5.4932046509E+00 +-    7.8968281547E-01   
vper sigtau                    2.25000000E-02  -8.1981106881E+01 +-    6.4550620067E-01   
vper tensor                    2.25000000E-02  -4.3421620977E+00 +-    3.7711431968E-01   
vper tenstau                   2.25000000E-02  -7.8660825136E+01 +-    1.4392519512E+00   
vper ls                        2.25000000E-02   0.0000000000E+00 +-    0.0000000000E+00   
vper lstau                     2.25000000E-02   0.0000000000E+00 +-    0.0000000000E+00   
vpotper v6                     2.25000000E-02  -1.7983576137E+02 +-    1.6013618545E+00   
vpotper v8                     2.25000000E-02  -1.7983576137E+02 +-    1.6013618545E+00   
vpotv6pr-vpotv6per diff        2.25000000E-02   0.0000000000E+00 +-    0.0000000000E+00   
vpotv8pr-vpotv8per diff        2.25000000E-02   0.0000000000E+00 +-    0.0000000000E+00   
2piapr-2pia diff               2.25000000E-02   0.0000000000E+00 +-    0.0000000000E+00   
vd1pr-vd1 diff                 2.25000000E-02   0.0000000000E+00 +-    0.0000000000E+00   
vepr-ve diff                   2.25000000E-02   0.0000000000E+00 +-    0.0000000000E+00   
diff1 2piapr-2pia-2picxx       2.25000000E-02   0.0000000000E+00 +-    0.0000000000E+00   
diff2 vd1pr-vd1-2picxd         2.25000000E-02   0.0000000000E+00 +-    0.0000000000E+00   
diff3 vepr-ve-2picdd           2.25000000E-02   0.0000000000E+00 +-    0.0000000000E+00   
sum diff1+dif2+diff3           2.25000000E-02   0.0000000000E+00 +-    0.0000000000E+00   
proton rms                     2.25000000E-02   1.1035507394E+00 +-    1.2399455775E-02   
neutron rms                    2.25000000E-02   1.4930039599E+00 +-    1.2156864219E-02   
total rms                      2.25000000E-02   1.2980726613E+00 +-    1.1099346554E-02   
neutron-proton rms             2.25000000E-02   3.8945322055E-01 +-    6.8682798848E-03   
GT sigXtau+                    2.25000000E-02   1.1161377762E-03 +-    4.5754365403E-05   
GT sigYtau+                    2.25000000E-02  -2.0523200939E-04 +-    3.9017669997E-05   
GT sigZtau+                    2.25000000E-02  -9.9630044561E-04 +-    3.9742747168E-05   
GT sigXtau-                    2.25000000E-02  -4.0797314121E-04 +-    4.3571805042E-05   
GT sigYtau-                    2.25000000E-02   1.1704777578E-04 +-    3.3143593069E-05   
GT sigZtau-                    2.25000000E-02   5.5266249731E-04 +-    4.2384259830E-05   
F tau+                         2.25000000E-02   2.1061301311E-18 +-    4.4241442380E-20   
F tau-                         2.25000000E-02   1.5246347356E-18 +-    6.1258495496E-20   
Psi**2                         2.25000000E-02   9.3607393425E-06 +-    9.5097469290E-07   
single crossing/step           2.25000000E-02   8.2675152782E-03 +-    4.3451108264E-05   
global crossing/step           2.25000000E-02   8.1339602743E-03 +-    8.6203245098E-05   
energy numerator(real)         2.25000000E-02   7.9582155031E-01 +-    9.7580411825E-01   
denominator psit/psigi(real)   2.25000000E-02   5.2860349968E-02 +-    1.3775852492E-02   
energy numerator(aimag)        2.25000000E-02  -4.5691368134E-01 +-    7.1284028855E-01   
denominator psit/psigi(aimag)  2.25000000E-02  -6.2422720042E-03 +-    8.9397279599E-03   
growth(lin dt) energy          2.25000000E-02  -2.7195585392E+02 +-    5.9129626205E+00   
growth(global) energy          2.25000000E-02  -2.8249388778E+02 +-    1.2673093555E+01
growth energy                  2.25000000E-02  -2.7160422327E+02 +-    5.8878051680E+00
Time for propagation (sec) (min) =          21.717      0.362
Time for energies (sec) (min) =              0.759      0.013
Time for load balancing (sec) (min) =        0.029      0.000
Time for block (sec) (min) =                23.124      0.385
Time for operators (sec) (min) =             0.024      0.000
Elapsed block time (sec) (min) =           208.033      3.467
 
 walkers multiplicity, block, total
   0          55778         470979
   1         998234        8989547
   2          55155         462029
   3            461           3569
   4             76            588
   5             24            192
   6             18            105
   7              3             44
   8              3             22
   9              1              8
  10              1              8
  11              1              8
  12              1              3
  13              0              4
  14              0              1
  15              0              4
  18              0              1
  20              0              4
 
 

iteration =                              10
walker number =                       10997
total energy-propagated        2.50000000E-02  -1.4776331733E+01 +-    5.9271396544E-01   
kinetic energy                 2.50000000E-02   2.0407412143E+02 +-    3.0529108224E+00   
potential energy               2.50000000E-02  -2.1885045316E+02 +-    2.8181510281E+00   
im energy                      2.50000000E-02  -4.5214197879E+00 +-    1.8817745263E-01   
imkin energy                   2.50000000E-02   1.4318548007E+01 +-    3.3409253950E-01   
impot energy                   2.50000000E-02  -1.8839967795E+01 +-    6.5059398104E-01   
v cent                         2.50000000E-02   5.7762871268E+01 +-    2.7963141165E+00   
v tau                          2.50000000E-02  -3.6697993815E+01 +-    3.3379714514E-01   
v sigma                        2.50000000E-02  -1.8814459840E+01 +-    9.9773092015E-02   
v sigtau                       2.50000000E-02  -1.3909450163E+02 +-    7.5484440089E-01   
v tensor                       2.50000000E-02   3.4112176492E+00 +-    3.3866688616E-01   
v tenstau                      2.50000000E-02  -8.5417586791E+01 +-    1.3434053918E+00   
v ls                           2.50000000E-02   0.0000000000E+00 +-    0.0000000000E+00   
v lstau                        2.50000000E-02   0.0000000000E+00 +-    0.0000000000E+00   
vpot v6                        2.50000000E-02  -2.1885045316E+02 +-    2.8181510281E+00   
vpot v8                        2.50000000E-02  -2.1885045316E+02 +-    2.8181510281E+00   
v coulomb                      2.50000000E-02   1.0188756929E+00 +-    6.0818398535E-03   
v external                     2.50000000E-02   0.0000000000E+00 +-    0.0000000000E+00   
tni 2pipr-anticomm             2.50000000E-02   0.0000000000E+00 +-    0.0000000000E+00   
tni vd1pr                      2.50000000E-02   0.0000000000E+00 +-    0.0000000000E+00   
tni vepr                       2.50000000E-02   0.0000000000E+00 +-    0.0000000000E+00   
tni central                    2.50000000E-02   0.0000000000E+00 +-    0.0000000000E+00   
tni 2pixx-anticommutator       2.50000000E-02   0.0000000000E+00 +-    0.0000000000E+00   
tni 2pixd-anticommutator       2.50000000E-02   0.0000000000E+00 +-    0.0000000000E+00   
tni 2pidd-anticommutator       2.50000000E-02   0.0000000000E+00 +-    0.0000000000E+00   
tni 2pixx-commutator           2.50000000E-02   0.0000000000E+00 +-    0.0000000000E+00   
tni 2pixd-commutator           2.50000000E-02   0.0000000000E+00 +-    0.0000000000E+00   
tni 2pidd-commutator           2.50000000E-02   0.0000000000E+00 +-    0.0000000000E+00   
tni 2pi-tm                     2.50000000E-02   0.0000000000E+00 +-    0.0000000000E+00   
tni vd1                        2.50000000E-02   0.0000000000E+00 +-    0.0000000000E+00   
tni vd2                        2.50000000E-02   0.0000000000E+00 +-    0.0000000000E+00   
tni ve                         2.50000000E-02   0.0000000000E+00 +-    0.0000000000E+00   
vpottot v8+tni                 2.50000000E-02  -2.1885045316E+02 +-    2.8181510281E+00   
enetot v8+tni                  2.50000000E-02  -1.4776331733E+01 +-    5.9271396544E-01   
vper cent                      2.50000000E-02   5.7762871268E+01 +-    2.7963141165E+00   
vper tau                       2.50000000E-02  -3.6697993815E+01 +-    3.3379714514E-01   
vper sigma                     2.50000000E-02  -1.8814459840E+01 +-    9.9773092015E-02   
vper sigtau                    2.50000000E-02  -1.3909450163E+02 +-    7.5484440089E-01   
vper tensor                    2.50000000E-02   3.4112176492E+00 +-    3.3866688616E-01   
vper tenstau                   2.50000000E-02  -8.5417586791E+01 +-    1.3434053918E+00   
vper ls                        2.50000000E-02   0.0000000000E+00 +-    0.0000000000E+00   
vper lstau                     2.50000000E-02   0.0000000000E+00 +-    0.0000000000E+00   
vpotper v6                     2.50000000E-02  -2.1885045316E+02 +-    2.8181510281E+00   
vpotper v8                     2.50000000E-02  -2.1885045316E+02 +-    2.8181510281E+00   
vpotv6pr-vpotv6per diff        2.50000000E-02   0.0000000000E+00 +-    0.0000000000E+00   
vpotv8pr-vpotv8per diff        2.50000000E-02   0.0000000000E+00 +-    0.0000000000E+00   
2piapr-2pia diff               2.50000000E-02   0.0000000000E+00 +-    0.0000000000E+00   
vd1pr-vd1 diff                 2.50000000E-02   0.0000000000E+00 +-    0.0000000000E+00   
vepr-ve diff                   2.50000000E-02   0.0000000000E+00 +-    0.0000000000E+00   
diff1 2piapr-2pia-2picxx       2.50000000E-02   0.0000000000E+00 +-    0.0000000000E+00   
diff2 vd1pr-vd1-2picxd         2.50000000E-02   0.0000000000E+00 +-    0.0000000000E+00   
diff3 vepr-ve-2picdd           2.50000000E-02   0.0000000000E+00 +-    0.0000000000E+00   
sum diff1+dif2+diff3           2.50000000E-02   0.0000000000E+00 +-    0.0000000000E+00   
proton rms                     2.50000000E-02   6.5996462101E-01 +-    8.3023628551E-03   
neutron rms                    2.50000000E-02   8.5602087017E-01 +-    1.2523931882E-02   
total rms                      2.50000000E-02   7.4905388893E-01 +-    8.3274931273E-03   
neutron-proton rms             2.50000000E-02   1.9605624916E-01 +-    6.9497937437E-03   
GT sigXtau+                    2.50000000E-02   2.1312582119E-04 +-    3.6413929732E-05   
GT sigYtau+                    2.50000000E-02  -1.9284119080E-03 +-    3.9561182880E-05   
GT sigZtau+                    2.50000000E-02   2.3294328927E-04 +-    4.0770280125E-05   
GT sigXtau-                    2.50000000E-02  -6.7395841322E-05 +-    5.7942361011E-05   
GT sigYtau-                    2.50000000E-02  -7.3000615642E-05 +-    3.3159590634E-05   
GT sigZtau-                    2.50000000E-02  -1.2662508995E-03 +-    5.6821893829E-05   
F tau+                         2.50000000E-02  -7.6135715406E-19 +-    8.6552961695E-20   
F tau-                         2.50000000E-02  -1.2168995686E-18 +-    9.7359011483E-20   
Psi**2                         2.50000000E-02   9.2463662142E-05 +-    5.9440527257E-07   
single crossing/step           2.50000000E-02   8.3277200630E-03 +-    4.3409778591E-05   
global crossing/step           2.50000000E-02   8.1387855986E-03 +-    8.5837226894E-05   
energy numerator(real)         2.50000000E-02  -9.5084247364E-01 +-    8.8835860928E-01   
denominator psit/psigi(real)   2.50000000E-02   6.2745664686E-02 +-    1.3584091573E-02   
energy numerator(aimag)        2.50000000E-02  -3.6911534809E-01 +-    6.4263096709E-01   
denominator psit/psigi(aimag)  2.50000000E-02  -3.5288360956E-03 +-    8.8173649721E-03   
growth(lin dt) energy          2.50000000E-02  -2.7522900153E+02 +-    5.8859464921E+00   
growth(global) energy          2.50000000E-02  -2.5782913690E+02 +-    1.2682861223E+01
growth energy                  2.50000000E-02  -2.7486355195E+02 +-    5.8604284427E+00
Time for propagation (sec) (min) =          21.918      0.365
Time for energies (sec) (min) =              0.769      0.013
Time for load balancing (sec) (min) =        0.030      0.001
Time for block (sec) (min) =                23.364      0.389
Time for operators (sec) (min) =             0.022      0.000
Elapsed block time (sec) (min) =           231.419      3.857
 
 walkers multiplicity, block, total
   0          57077         528056
   1        1006150        9995697
   2          55939         517968
   3            440           4009
   4             74            662
   5             22            214
   6              8            113
   7              3             47
   8              1             23
   9              0              8
  10              1              9
  11              0              8
  12              0              3
  13              0              4
  14              0              1
  15              0              4
  18              0              1
  20              1              5
 
 

Time for steps      =     231.428 seconds,        3.857 minutes
Master Time for steps =     231.320 seconds,        3.855 minutes

Number of cpus =       100
Total job time =     236.581 seconds,        3.943 minutes,        0.066 hours
Total cpu-time =     394.302 minutes,        6.572 hours
Total time =         236.359 seconds,        3.939 minutes,        0.066 hours
Finished!
