Unconstrained Diffusion Monte Carlo Run -- no drift
!-!-!-!-!-!-!-!-!-!-!-!-!-!-!-!-!-!-!-!-!-!-!-!-!-!
MPI parameters:
Number of boss cpus =                         100
Number of worker cpus for each boss =           0
Total number of cpus =                        100
Simulation parameters:
random number seed =                          321
hbar^2/2m =                              20.73554
start from sites =                              F
nwalk =                                     10000
equilibration blocks =                          0
averaging blocks =                             10
nsteps/blocks =                               100
time step =                          0.0000250000
time step rotations (vmc) =          0.1700000000
trial energy =                          -26.00000
drift cutoff =                            0.00000
drastic population control up =           1.20000
drastic population control down =         0.80000
rebalance if walkers fluctuate more than   2.00 %
weight cut off =                         20.00000
table size =                                 8000
!-!-!-!-!-!-!-!-!-!-!-!-!-!-!-!-!-!-!-!-!-!-!-!-!-!
System parameters:
lpot =                                         11
lpotper =                                      11
potential  =                          argonne v6'
potentialpr =                         argonne v6'
Coulomb included in energy-propagation          F
multiply central v by =                   1.00000
multiply tau v by =                       1.00000
multiply sigma v by =                     1.00000
multiply sigma tau v by =                 1.00000
multiply tensor v by =                    1.00000
multiply tensor tau v by =                1.00000
multiply spin-orbit v by =                0.00000
multiply spin-orbit tau v by =            0.00000
three-body potential =                        no3
ibox (0 is nearest image) =                     0
!-!-!-!-!-!-!-!-!-!-!-!-!-!-!-!-!-!-!-!-!-!-!-!-!-!
propagate LS =                                  F
calculate LS =                                  F
type of correlations =           independent pair
scale orbital   1 with factor    1.14000
determinant # 1
coefficient                     1.00000   0.00000
1  1  0  1  alpha.orb    # 2J,2M,L,tau radial_file for state                    
1 -1  0  1  alpha.orb    # 2J,2M,L,tau radial_file for state                    
1  1  0 -1  alpha.orb    # 2J,2M,L,tau radial_file for state                    
1 -1  0 -1  alpha.orb    # 2J,2M,L,tau radial_file for state                    
rescaled coefficient            1.00000   0.00000
!-!-!-!-!-!-!-!-!-!-!-!-!-!-!-!-!-!-!-!-!-!-!-!-!-!
No external potential
!-!-!-!-!-!-!-!-!-!-!-!-!-!-!-!-!-!-!-!-!-!-!-!-!-!
rcut in pair sampling =                   1.00000
acut in pair sampling =                   5.00000
a constant in psig =                      0.20000
Number of protons =                             2
Number of neutrons =                            2
range of the potential =                 20.00000
!-!-!-!-!-!-!-!-!-!-!-!-!-!-!-!-!-!-!-!-!-!-!-!-!-!
do V3 =                                         F
three body force =                            no3
three body a2piPwa =                      0.000000000000000
three body a2piPwc =                      0.000000000000000
three body a2piSw =                       0.000000000000000
three body Vd,C,c3 =                      0.000000000000000
three body Ve,C,c3 =                      0.000000000000000
three body A_R =                          0.000000000000000
three body Vd1 =                          0.000000000000000
three body Vd2 =                          0.000000000000000
three body Ve =                           0.000000000000000
propagator: multiply the antic by =       0.000000000000000
propagator: multiply the Vd1 by =         0.000000000000000
propagator: multiply the Ve by =          0.000000000000000
propagator: three body a2piPW =           0.000000000000000
!-!-!-!-!-!-!-!-!-!-!-!-!-!-!-!-!-!-!-!-!-!-!-!-!-!
jastrow healing distance dc =             4.47768
jastrow healing distance dtn =           11.57317
jastrow rho =                             0.01000
potential quencher acn (v1) =             1.50851
potential quencher at  (v2) =             6.06936
potential quencher as  (v3) =             2.76780
potential quencher ast (v4) =             0.80880
potential quencher atn (v5) =             0.61864
potential quencher atn (v6) =             0.20141
potential quencher als (v7) =             0.00000
potential quencher alst (v8) =            0.00000
correlation quencher bt (f2) =            0.26685
correlation quencher bs (f3) =           -0.10565
correlation quencher bst (f4) =           0.42277
correlation quencher btn (f5) =           1.08683
correlation quencher btn (f6) =           4.44810
correlation quencher bls (f7) =           0.00000
correlation quencher blst (f8) =          0.00000
!-!-!-!-!-!-!-!-!-!-!-!-!-!-!-!-!-!-!-!-!-!-!-!-!-!
q1c parameter in f3c =                   12.87526
q2c parameter in f3c =                    1.60340
q1p parameter in f3p =                   -1.81620
q2p parameter in f3p =                    2.14789
!-!-!-!-!-!-!-!-!-!-!-!-!-!-!-!-!-!-!-!-!-!-!-!-!-!
rscal parameter in Uijk cent =            1.00000
rscal parameter in Uijk xpi =             1.00000
rscal parameter in Uijk delta =           1.00000
eps_c parameter in Uijk =                 0.00000
eps_anti parameter in Uijk =              0.00000
eps_tm parameter in Uijk =                0.00000
eps_vd1 parameter in Uijk =               0.00000
eps_vd2 parameter in Uijk =               0.00000
eps_vdc3 parameter in Uijk =              0.00000
eps_vec3 parameter in Uijk =              0.00000
eps_ve parameter in Uijk =                0.00000
eps_comm parameter in Uijk =              0.00000
eps_comm-XD parameter in Uijk =           0.00000
eps_comm-DD parameter in Uijk =           0.00000
TNI-comm correlation included =                 F
!-!-!-!-!-!-!-!-!-!-!-!-!-!-!-!-!-!-!-!-!-!-!-!-!-!
CSB correlation rscalpp =                 1.00000
CSB correlation rscalnn =                 1.00000
CSB correlation quencher pp =             0.00000
CSB correlation quencher nn =             0.00000
CSB correlation included =                      F
!-!-!-!-!-!-!-!-!-!-!-!-!-!-!-!-!-!-!-!-!-!-!-!-!-!
jastrow initialized
!-!-!-!-!-!-!-!-!-!-!-!-!-!-!-!-!-!-!-!-!-!-!-!-!-!
Symmetrize V6 in the propagator =               T
New propagation of Vlstau and commutator included!
Coulomb included in energy (and propag)         F
Initial walkers from file
Number of walkers =                          8961
Configurations at tau =              2.2000000000
Reset tau =                          0.0000000000
!-!-!-!-!-!-!-!-!-!-!-!-!-!-!-!-!-!-!-!-!-!-!-!-!-!
Time for reading configurations (sec.) =       0.75
!-!-!-!-!-!-!-!-!-!-!-!-!-!-!-!-!-!-!-!-!-!-!-!-!-!
Initial configurations:
total energy-propagated        0.00000000E+00  -2.6188783716E+01 +-    3.4006240093E-01   
kinetic energy                 0.00000000E+00   1.0625018905E+02 +-    1.6484332879E+00   
potential energy               0.00000000E+00  -1.3243897277E+02 +-    1.6219771256E+00   
v cent                         0.00000000E+00   1.5541652314E+01 +-    1.4578630928E+00   
v tau                          0.00000000E+00  -7.2543037313E+00 +-    2.2429671789E-01   
v sigma                        0.00000000E+00  -8.2559640807E+00 +-    2.3185471019E-01   
v sigtau                       0.00000000E+00  -5.9235290061E+01 +-    5.2531794388E-01   
v tensor                       0.00000000E+00   5.3315681668E-01 +-    1.2737905089E-01   
v tenstau                      0.00000000E+00  -7.3768224024E+01 +-    9.5557566207E-01   
v ls                           0.00000000E+00   0.0000000000E+00 +-    0.0000000000E+00   
v lstau                        0.00000000E+00   0.0000000000E+00 +-    0.0000000000E+00   
v coulomb                      0.00000000E+00   7.4245281079E-01 +-    2.8405103565E-03   
v external                     0.00000000E+00   0.0000000000E+00 +-    0.0000000000E+00   
tni 2pipr-anticomm             0.00000000E+00   0.0000000000E+00 +-    0.0000000000E+00   
tni vd1pr                      0.00000000E+00   0.0000000000E+00 +-    0.0000000000E+00   
tni vepr                       0.00000000E+00   0.0000000000E+00 +-    0.0000000000E+00   
tni central                    0.00000000E+00   0.0000000000E+00 +-    0.0000000000E+00   
tni 2pixx-anticommutator       0.00000000E+00   0.0000000000E+00 +-    0.0000000000E+00   
tni 2pixd-anticommutator       0.00000000E+00   0.0000000000E+00 +-    0.0000000000E+00   
tni 2pidd-anticommutator       0.00000000E+00   0.0000000000E+00 +-    0.0000000000E+00   
tni 2pixx-commutator           0.00000000E+00   0.0000000000E+00 +-    0.0000000000E+00   
tni 2pixd-commutator           0.00000000E+00   0.0000000000E+00 +-    0.0000000000E+00   
tni 2pidd-commutator           0.00000000E+00   0.0000000000E+00 +-    0.0000000000E+00   
tni 2pi-tm                     0.00000000E+00   0.0000000000E+00 +-    0.0000000000E+00   
tni vd1                        0.00000000E+00   0.0000000000E+00 +-    0.0000000000E+00   
tni vd2                        0.00000000E+00   0.0000000000E+00 +-    0.0000000000E+00   
tni ve                         0.00000000E+00   0.0000000000E+00 +-    0.0000000000E+00   
enetot v8+tni                  0.00000000E+00  -2.6188783716E+01 +-    3.4006240093E-01   
!-!-!-!-!-!-!-!-!-!-!-!-!-!-!-!-!-!-!-!-!-!-!-!-!-!
Psi**2 of initial configurations  =   0.2602376E-04  0.0000000E+00  +-    0.6915072E-06  0.0000000E+00
Psig**2 of initial configurations =   0.1681707E-04  0.0000000E+00  +-    0.5142764E-06  0.0000000E+00
!-!-!-!-!-!-!-!-!-!-!-!-!-!-!-!-!-!-!-!-!-!-!-!-!-!
T**2 of initial configurations  =  -0.1638038E-07  0.2706795E-08
Tz of initial configurations    =  -0.8662248E-14  0.1710057E-13
J**2 of initial configurations  =   0.2714792E-07  0.3313734E-08
Jz of initial configurations    =  -0.5062460E-14  0.7927686E-14
!-!-!-!-!-!-!-!-!-!-!-!-!-!-!-!-!-!-!-!-!-!-!-!-!-!
!-!-!-!-!-!-!-!-!-!-!-!-!-!-!-!-!-!-!-!-!-!-!-!-!-!
Time to process initial configurations (sec.) =       1.53
!-!-!-!-!-!-!-!-!-!-!-!-!-!-!-!-!-!-!-!-!-!-!-!-!-!

equilibration done

iteration =                               1
walker number =                       10402
total energy-propagated        2.50000000E-03  -2.9303683909E+01 +-    3.5704619562E-01   
kinetic energy                 2.50000000E-03   1.1029411773E+02 +-    1.3327072865E+00   
potential energy               2.50000000E-03  -1.3959780164E+02 +-    1.2738457267E+00   
im energy                      2.50000000E-03  -2.7808200346E-01 +-    2.7850653119E-01   
imkin energy                   2.50000000E-03   1.1513763821E+00 +-    4.2006093253E-01   
impot energy                   2.50000000E-03  -1.4294583856E+00 +-    4.0306472081E-01   
v cent                         2.50000000E-03   1.6746600183E+01 +-    1.2245677086E+00   
v tau                          2.50000000E-03  -7.7749996848E+00 +-    2.2033977094E-01   
v sigma                        2.50000000E-03  -9.2241193732E+00 +-    2.3325394758E-01   
v sigtau                       2.50000000E-03  -6.1641909325E+01 +-    4.9679909500E-01   
v tensor                       2.50000000E-03   2.3179102939E+00 +-    1.3441396182E-01   
v tenstau                      2.50000000E-03  -8.0021283737E+01 +-    9.1682678409E-01   
v ls                           2.50000000E-03   0.0000000000E+00 +-    0.0000000000E+00   
v lstau                        2.50000000E-03   0.0000000000E+00 +-    0.0000000000E+00   
vpot v6                        2.50000000E-03  -1.3959780164E+02 +-    1.2738457267E+00   
vpot v8                        2.50000000E-03  -1.3959780164E+02 +-    1.2738457267E+00   
v coulomb                      2.50000000E-03   7.3068182639E-01 +-    2.7056235276E-03   
v external                     2.50000000E-03   0.0000000000E+00 +-    0.0000000000E+00   
tni 2pipr-anticomm             2.50000000E-03   0.0000000000E+00 +-    0.0000000000E+00   
tni vd1pr                      2.50000000E-03   0.0000000000E+00 +-    0.0000000000E+00   
tni vepr                       2.50000000E-03   0.0000000000E+00 +-    0.0000000000E+00   
tni central                    2.50000000E-03   0.0000000000E+00 +-    0.0000000000E+00   
tni 2pixx-anticommutator       2.50000000E-03   0.0000000000E+00 +-    0.0000000000E+00   
tni 2pixd-anticommutator       2.50000000E-03   0.0000000000E+00 +-    0.0000000000E+00   
tni 2pidd-anticommutator       2.50000000E-03   0.0000000000E+00 +-    0.0000000000E+00   
tni 2pixx-commutator           2.50000000E-03   0.0000000000E+00 +-    0.0000000000E+00   
tni 2pixd-commutator           2.50000000E-03   0.0000000000E+00 +-    0.0000000000E+00   
tni 2pidd-commutator           2.50000000E-03   0.0000000000E+00 +-    0.0000000000E+00   
tni 2pi-tm                     2.50000000E-03   0.0000000000E+00 +-    0.0000000000E+00   
tni vd1                        2.50000000E-03   0.0000000000E+00 +-    0.0000000000E+00   
tni vd2                        2.50000000E-03   0.0000000000E+00 +-    0.0000000000E+00   
tni ve                         2.50000000E-03   0.0000000000E+00 +-    0.0000000000E+00   
vpottot v8+tni                 2.50000000E-03  -1.3959780164E+02 +-    1.2738457267E+00   
enetot v8+tni                  2.50000000E-03  -2.9303683909E+01 +-    3.5704619562E-01   
vper cent                      2.50000000E-03   1.6746600183E+01 +-    1.2245677086E+00   
vper tau                       2.50000000E-03  -7.7749996848E+00 +-    2.2033977094E-01   
vper sigma                     2.50000000E-03  -9.2241193732E+00 +-    2.3325394758E-01   
vper sigtau                    2.50000000E-03  -6.1641909325E+01 +-    4.9679909500E-01   
vper tensor                    2.50000000E-03   2.3179102939E+00 +-    1.3441396182E-01   
vper tenstau                   2.50000000E-03  -8.0021283737E+01 +-    9.1682678409E-01   
vper ls                        2.50000000E-03   0.0000000000E+00 +-    0.0000000000E+00   
vper lstau                     2.50000000E-03   0.0000000000E+00 +-    0.0000000000E+00   
vpotper v6                     2.50000000E-03  -1.3959780164E+02 +-    1.2738457267E+00   
vpotper v8                     2.50000000E-03  -1.3959780164E+02 +-    1.2738457267E+00   
vpotv6pr-vpotv6per diff        2.50000000E-03   0.0000000000E+00 +-    0.0000000000E+00   
vpotv8pr-vpotv8per diff        2.50000000E-03   0.0000000000E+00 +-    0.0000000000E+00   
2piapr-2pia diff               2.50000000E-03   0.0000000000E+00 +-    0.0000000000E+00   
vd1pr-vd1 diff                 2.50000000E-03   0.0000000000E+00 +-    0.0000000000E+00   
vepr-ve diff                   2.50000000E-03   0.0000000000E+00 +-    0.0000000000E+00   
diff1 2piapr-2pia-2picxx       2.50000000E-03   0.0000000000E+00 +-    0.0000000000E+00   
diff2 vd1pr-vd1-2picxd         2.50000000E-03   0.0000000000E+00 +-    0.0000000000E+00   
diff3 vepr-ve-2picdd           2.50000000E-03   0.0000000000E+00 +-    0.0000000000E+00   
sum diff1+dif2+diff3           2.50000000E-03   0.0000000000E+00 +-    0.0000000000E+00   
proton rms                     2.50000000E-03   2.0603293030E+00 +-    1.2476779640E-02   
neutron rms                    2.50000000E-03   2.0618740994E+00 +-    1.2761210665E-02   
total rms                      2.50000000E-03   2.0603984290E+00 +-    1.1239615311E-02   
neutron-proton rms             2.50000000E-03   1.5447964487E-03 +-    1.1456872592E-02   
GT sigXtau+                    2.50000000E-03   2.5882792119E-05 +-    2.1864936992E-05   
GT sigYtau+                    2.50000000E-03   1.4528212260E-05 +-    2.0492564135E-05   
GT sigZtau+                    2.50000000E-03   6.2365104818E-05 +-    2.1049340501E-05   
GT sigXtau-                    2.50000000E-03  -1.3784795707E-05 +-    2.2056590384E-05   
GT sigYtau-                    2.50000000E-03   3.9469263406E-05 +-    2.1961778227E-05   
GT sigZtau-                    2.50000000E-03  -2.3957282813E-05 +-    2.1849707464E-05   
F tau+                         2.50000000E-03  -2.4241218524E-20 +-    3.7806451154E-20   
F tau-                         2.50000000E-03   4.6944817892E-22 +-    3.8721249576E-20   
Psi**2                         2.50000000E-03   2.4314310086E-05 +-    5.5937885206E-07   
single crossing/step           2.50000000E-03   9.5550351748E-03 +-    4.8217663242E-05   
global crossing/step           2.50000000E-03   9.4926353462E-03 +-    9.6122949677E-05   
energy numerator(real)         2.50000000E-03  -2.8418059240E+01 +-    8.7404808912E-01   
denominator psit/psigi(real)   2.50000000E-03   9.7027759924E-01 +-    1.1828380214E-02   
energy numerator(aimag)        2.50000000E-03  -1.9134227777E+00 +-    5.4913421998E-01   
denominator psit/psigi(aimag)  2.50000000E-03   8.5470553584E-03 +-    7.6548206264E-03   
growth(lin dt) energy          2.50000000E-03  -2.2288336555E+02 +-    5.3100648063E+00   
growth(global) energy          2.50000000E-03  -2.3754965782E+02 +-    1.1581319958E+01
growth energy                  2.50000000E-03  -2.2270704913E+02 +-    5.2939792701E+00
Time for propagation (sec) (min) =          20.244      0.337
Time for energies (sec) (min) =              0.725      0.012
Time for load balancing (sec) (min) =        0.082      0.001
Time for block (sec) (min) =                21.888      0.365
Time for operators (sec) (min) =             0.017      0.000
Elapsed block time (sec) (min) =            21.905      0.365
 
 walkers multiplicity, block, total
   0          41916          41916
   1         944984         944984
   2          42359          42359
   3            292            292
   4             47             47
   5             19             19
   6              9              9
   7              4              4
   8              2              2
   9              2              2
  10              2              2
  11              1              1
  12              1              1
  13              1              1
  15              2              2
  20              1              1
 
 

iteration =                               2
walker number =                       10043
total energy-propagated        5.00000000E-03  -2.6867023815E+01 +-    3.7474044531E-01   
kinetic energy                 5.00000000E-03   1.1319192202E+02 +-    1.2524319838E+00   
potential energy               5.00000000E-03  -1.4005894584E+02 +-    1.1833311517E+00   
im energy                      5.00000000E-03  -3.5273301904E-01 +-    2.8305054836E-01   
imkin energy                   5.00000000E-03   1.6167464775E+00 +-    4.9582396030E-01   
impot energy                   5.00000000E-03  -1.9694794965E+00 +-    4.5825018217E-01   
v cent                         5.00000000E-03   2.2981061325E+00 +-    9.8951508557E-01   
v tau                          5.00000000E-03  -5.8263199876E+00 +-    1.6531893968E-01   
v sigma                        5.00000000E-03  -9.3025030047E+00 +-    3.0829350372E-01   
v sigtau                       5.00000000E-03  -6.1412942660E+01 +-    5.3770800237E-01   
v tensor                       5.00000000E-03   5.0052835543E-01 +-    1.3780874158E-01   
v tenstau                      5.00000000E-03  -6.6315814672E+01 +-    1.0535958557E+00   
v ls                           5.00000000E-03   0.0000000000E+00 +-    0.0000000000E+00   
v lstau                        5.00000000E-03   0.0000000000E+00 +-    0.0000000000E+00   
vpot v6                        5.00000000E-03  -1.4005894584E+02 +-    1.1833311517E+00   
vpot v8                        5.00000000E-03  -1.4005894584E+02 +-    1.1833311517E+00   
v coulomb                      5.00000000E-03   7.2442195711E-01 +-    2.7437097106E-03   
v external                     5.00000000E-03   0.0000000000E+00 +-    0.0000000000E+00   
tni 2pipr-anticomm             5.00000000E-03   0.0000000000E+00 +-    0.0000000000E+00   
tni vd1pr                      5.00000000E-03   0.0000000000E+00 +-    0.0000000000E+00   
tni vepr                       5.00000000E-03   0.0000000000E+00 +-    0.0000000000E+00   
tni central                    5.00000000E-03   0.0000000000E+00 +-    0.0000000000E+00   
tni 2pixx-anticommutator       5.00000000E-03   0.0000000000E+00 +-    0.0000000000E+00   
tni 2pixd-anticommutator       5.00000000E-03   0.0000000000E+00 +-    0.0000000000E+00   
tni 2pidd-anticommutator       5.00000000E-03   0.0000000000E+00 +-    0.0000000000E+00   
tni 2pixx-commutator           5.00000000E-03   0.0000000000E+00 +-    0.0000000000E+00   
tni 2pixd-commutator           5.00000000E-03   0.0000000000E+00 +-    0.0000000000E+00   
tni 2pidd-commutator           5.00000000E-03   0.0000000000E+00 +-    0.0000000000E+00   
tni 2pi-tm                     5.00000000E-03   0.0000000000E+00 +-    0.0000000000E+00   
tni vd1                        5.00000000E-03   0.0000000000E+00 +-    0.0000000000E+00   
tni vd2                        5.00000000E-03   0.0000000000E+00 +-    0.0000000000E+00   
tni ve                         5.00000000E-03   0.0000000000E+00 +-    0.0000000000E+00   
vpottot v8+tni                 5.00000000E-03  -1.4005894584E+02 +-    1.1833311517E+00   
enetot v8+tni                  5.00000000E-03  -2.6867023815E+01 +-    3.7474044531E-01   
vper cent                      5.00000000E-03   2.2981061325E+00 +-    9.8951508557E-01   
vper tau                       5.00000000E-03  -5.8263199876E+00 +-    1.6531893968E-01   
vper sigma                     5.00000000E-03  -9.3025030047E+00 +-    3.0829350372E-01   
vper sigtau                    5.00000000E-03  -6.1412942660E+01 +-    5.3770800237E-01   
vper tensor                    5.00000000E-03   5.0052835543E-01 +-    1.3780874158E-01   
vper tenstau                   5.00000000E-03  -6.6315814672E+01 +-    1.0535958557E+00   
vper ls                        5.00000000E-03   0.0000000000E+00 +-    0.0000000000E+00   
vper lstau                     5.00000000E-03   0.0000000000E+00 +-    0.0000000000E+00   
vpotper v6                     5.00000000E-03  -1.4005894584E+02 +-    1.1833311517E+00   
vpotper v8                     5.00000000E-03  -1.4005894584E+02 +-    1.1833311517E+00   
vpotv6pr-vpotv6per diff        5.00000000E-03   0.0000000000E+00 +-    0.0000000000E+00   
vpotv8pr-vpotv8per diff        5.00000000E-03   0.0000000000E+00 +-    0.0000000000E+00   
2piapr-2pia diff               5.00000000E-03   0.0000000000E+00 +-    0.0000000000E+00   
vd1pr-vd1 diff                 5.00000000E-03   0.0000000000E+00 +-    0.0000000000E+00   
vepr-ve diff                   5.00000000E-03   0.0000000000E+00 +-    0.0000000000E+00   
diff1 2piapr-2pia-2picxx       5.00000000E-03   0.0000000000E+00 +-    0.0000000000E+00   
diff2 vd1pr-vd1-2picxd         5.00000000E-03   0.0000000000E+00 +-    0.0000000000E+00   
diff3 vepr-ve-2picdd           5.00000000E-03   0.0000000000E+00 +-    0.0000000000E+00   
sum diff1+dif2+diff3           5.00000000E-03   0.0000000000E+00 +-    0.0000000000E+00   
proton rms                     5.00000000E-03   2.1061630454E+00 +-    1.2161329705E-02   
neutron rms                    5.00000000E-03   2.0951321630E+00 +-    1.3177554108E-02   
total rms                      5.00000000E-03   2.1003706464E+00 +-    1.1369799320E-02   
neutron-proton rms             5.00000000E-03  -1.1030882345E-02 +-    1.1215775621E-02   
GT sigXtau+                    5.00000000E-03  -1.5889221613E-04 +-    2.0311490045E-05   
GT sigYtau+                    5.00000000E-03  -2.1049279457E-05 +-    2.3794667611E-05   
GT sigZtau+                    5.00000000E-03   4.2967759621E-05 +-    2.2291281042E-05   
GT sigXtau-                    5.00000000E-03  -8.0330395805E-05 +-    2.0926463718E-05   
GT sigYtau-                    5.00000000E-03  -6.7100836824E-05 +-    2.3710962868E-05   
GT sigZtau-                    5.00000000E-03   1.1035620459E-04 +-    2.2865039872E-05   
F tau+                         5.00000000E-03  -7.8982283283E-20 +-    3.8641592495E-20   
F tau-                         5.00000000E-03   9.6419071863E-20 +-    3.7855056593E-20   
Psi**2                         5.00000000E-03   2.6808067112E-05 +-    7.1079876982E-07   
single crossing/step           5.00000000E-03   7.5447230346E-03 +-    4.1144108512E-05   
global crossing/step           5.00000000E-03   7.3964149227E-03 +-    8.1481512458E-05   
energy numerator(real)         5.00000000E-03  -1.4411773904E+01 +-    8.1618316379E-01   
denominator psit/psigi(real)   5.00000000E-03   5.3796745723E-01 +-    1.3640701858E-02   
energy numerator(aimag)        5.00000000E-03   1.6295840943E+00 +-    5.7006547051E-01   
denominator psit/psigi(aimag)  5.00000000E-03  -2.1242232923E-02 +-    9.0241894717E-03   
growth(lin dt) energy          5.00000000E-03  -2.3483553599E+02 +-    5.3822418371E+00   
growth(global) energy          5.00000000E-03  -2.3442894037E+02 +-    9.9949093022E+00
growth energy                  5.00000000E-03  -2.3462202722E+02 +-    5.3643348029E+00
Time for propagation (sec) (min) =          22.002      0.367
Time for energies (sec) (min) =              0.700      0.012
Time for load balancing (sec) (min) =        0.031      0.001
Time for block (sec) (min) =                23.272      0.388
Time for operators (sec) (min) =             0.019      0.000
Elapsed block time (sec) (min) =            45.214      0.754
 
 walkers multiplicity, block, total
   0          51270          93186
   1        1028333        1973317
   2          49729          92088
   3            377            669
   4             75            122
   5             12             31
   6              6             15
   7              8             12
   8              2              4
   9              2              4
  10              1              3
  11              0              1
  12              0              1
  13              0              1
  15              0              2
  20              2              3
 
 

iteration =                               3
walker number =                       11742
total energy-propagated        7.50000000E-03  -2.9504721875E+01 +-    1.7751873049E-01   
kinetic energy                 7.50000000E-03   1.1291178759E+02 +-    1.1486385662E+00   
potential energy               7.50000000E-03  -1.4241650947E+02 +-    1.1745811229E+00   
im energy                      7.50000000E-03  -1.3691843524E+00 +-    1.0540268850E-01   
imkin energy                   7.50000000E-03  -5.4816682060E+00 +-    5.0925904971E-01   
impot energy                   7.50000000E-03   4.1124838535E+00 +-    4.6884084626E-01   
v cent                         7.50000000E-03   5.2304600950E+00 +-    1.0766767773E+00   
v tau                          7.50000000E-03  -6.7018998404E+00 +-    1.9263116579E-01   
v sigma                        7.50000000E-03  -1.1821526261E+01 +-    1.5744577390E-01   
v sigtau                       7.50000000E-03  -6.1144700410E+01 +-    4.6604228501E-01   
v tensor                       7.50000000E-03   9.6437193698E-01 +-    1.0259552017E-01   
v tenstau                      7.50000000E-03  -6.8943214990E+01 +-    8.1937599698E-01   
v ls                           7.50000000E-03   0.0000000000E+00 +-    0.0000000000E+00   
v lstau                        7.50000000E-03   0.0000000000E+00 +-    0.0000000000E+00   
vpot v6                        7.50000000E-03  -1.4241650947E+02 +-    1.1745811229E+00   
vpot v8                        7.50000000E-03  -1.4241650947E+02 +-    1.1745811229E+00   
v coulomb                      7.50000000E-03   7.4194272332E-01 +-    2.1408725880E-03   
v external                     7.50000000E-03   0.0000000000E+00 +-    0.0000000000E+00   
tni 2pipr-anticomm             7.50000000E-03   0.0000000000E+00 +-    0.0000000000E+00   
tni vd1pr                      7.50000000E-03   0.0000000000E+00 +-    0.0000000000E+00   
tni vepr                       7.50000000E-03   0.0000000000E+00 +-    0.0000000000E+00   
tni central                    7.50000000E-03   0.0000000000E+00 +-    0.0000000000E+00   
tni 2pixx-anticommutator       7.50000000E-03   0.0000000000E+00 +-    0.0000000000E+00   
tni 2pixd-anticommutator       7.50000000E-03   0.0000000000E+00 +-    0.0000000000E+00   
tni 2pidd-anticommutator       7.50000000E-03   0.0000000000E+00 +-    0.0000000000E+00   
tni 2pixx-commutator           7.50000000E-03   0.0000000000E+00 +-    0.0000000000E+00   
tni 2pixd-commutator           7.50000000E-03   0.0000000000E+00 +-    0.0000000000E+00   
tni 2pidd-commutator           7.50000000E-03   0.0000000000E+00 +-    0.0000000000E+00   
tni 2pi-tm                     7.50000000E-03   0.0000000000E+00 +-    0.0000000000E+00   
tni vd1                        7.50000000E-03   0.0000000000E+00 +-    0.0000000000E+00   
tni vd2                        7.50000000E-03   0.0000000000E+00 +-    0.0000000000E+00   
tni ve                         7.50000000E-03   0.0000000000E+00 +-    0.0000000000E+00   
vpottot v8+tni                 7.50000000E-03  -1.4241650947E+02 +-    1.1745811229E+00   
enetot v8+tni                  7.50000000E-03  -2.9504721875E+01 +-    1.7751873049E-01   
vper cent                      7.50000000E-03   5.2304600950E+00 +-    1.0766767773E+00   
vper tau                       7.50000000E-03  -6.7018998404E+00 +-    1.9263116579E-01   
vper sigma                     7.50000000E-03  -1.1821526261E+01 +-    1.5744577390E-01   
vper sigtau                    7.50000000E-03  -6.1144700410E+01 +-    4.6604228501E-01   
vper tensor                    7.50000000E-03   9.6437193698E-01 +-    1.0259552017E-01   
vper tenstau                   7.50000000E-03  -6.8943214990E+01 +-    8.1937599698E-01   
vper ls                        7.50000000E-03   0.0000000000E+00 +-    0.0000000000E+00   
vper lstau                     7.50000000E-03   0.0000000000E+00 +-    0.0000000000E+00   
vpotper v6                     7.50000000E-03  -1.4241650947E+02 +-    1.1745811229E+00   
vpotper v8                     7.50000000E-03  -1.4241650947E+02 +-    1.1745811229E+00   
vpotv6pr-vpotv6per diff        7.50000000E-03   0.0000000000E+00 +-    0.0000000000E+00   
vpotv8pr-vpotv8per diff        7.50000000E-03   0.0000000000E+00 +-    0.0000000000E+00   
2piapr-2pia diff               7.50000000E-03   0.0000000000E+00 +-    0.0000000000E+00   
vd1pr-vd1 diff                 7.50000000E-03   0.0000000000E+00 +-    0.0000000000E+00   
vepr-ve diff                   7.50000000E-03   0.0000000000E+00 +-    0.0000000000E+00   
diff1 2piapr-2pia-2picxx       7.50000000E-03   0.0000000000E+00 +-    0.0000000000E+00   
diff2 vd1pr-vd1-2picxd         7.50000000E-03   0.0000000000E+00 +-    0.0000000000E+00   
diff3 vepr-ve-2picdd           7.50000000E-03   0.0000000000E+00 +-    0.0000000000E+00   
sum diff1+dif2+diff3           7.50000000E-03   0.0000000000E+00 +-    0.0000000000E+00   
proton rms                     7.50000000E-03   2.0222941367E+00 +-    1.1023923393E-02   
neutron rms                    7.50000000E-03   1.9709221952E+00 +-    1.1142714137E-02   
total rms                      7.50000000E-03   1.9991397988E+00 +-    1.0136936091E-02   
neutron-proton rms             7.50000000E-03  -5.1371941523E-02 +-    9.0733842691E-03   
GT sigXtau+                    7.50000000E-03  -6.3471297892E-05 +-    2.2185031979E-05   
GT sigYtau+                    7.50000000E-03  -1.4537083583E-04 +-    2.1549146113E-05   
GT sigZtau+                    7.50000000E-03  -2.2196140078E-04 +-    1.9465930911E-05   
GT sigXtau-                    7.50000000E-03   2.9754850022E-05 +-    2.1858972465E-05   
GT sigYtau-                    7.50000000E-03  -2.2050774532E-05 +-    2.2824677313E-05   
GT sigZtau-                    7.50000000E-03   2.1017936065E-04 +-    2.1142659051E-05   
F tau+                         7.50000000E-03   2.4658418381E-19 +-    3.2172383618E-20   
F tau-                         7.50000000E-03  -1.4727430265E-19 +-    3.2938447259E-20   
Psi**2                         7.50000000E-03   2.1947549977E-05 +-    3.6325321843E-07   
single crossing/step           7.50000000E-03   7.5640694000E-03 +-    4.1639076830E-05   
global crossing/step           7.50000000E-03   7.3705216090E-03 +-    8.2213813223E-05   
energy numerator(real)         7.50000000E-03  -1.0805844880E+01 +-    7.4478575111E-01   
denominator psit/psigi(real)   7.50000000E-03   3.6712202296E-01 +-    1.2969927552E-02   
energy numerator(aimag)        7.50000000E-03   1.1002644850E+00 +-    5.2993793452E-01   
denominator psit/psigi(aimag)  7.50000000E-03  -1.3717148176E-02 +-    8.7466859710E-03   
growth(lin dt) energy          7.50000000E-03  -2.3424270992E+02 +-    5.3222533141E+00   
growth(global) energy          7.50000000E-03  -2.3932226899E+02 +-    1.2674404620E+01
growth energy                  7.50000000E-03  -2.3403112954E+02 +-    5.3046281860E+00
Time for propagation (sec) (min) =          21.541      0.359
Time for energies (sec) (min) =              0.819      0.014
Time for load balancing (sec) (min) =        0.029      0.000
Time for block (sec) (min) =                22.937      0.382
Time for operators (sec) (min) =             0.021      0.000
Elapsed block time (sec) (min) =            68.172      1.136
 
 walkers multiplicity, block, total
   0          48419         141605
   1         996508        2969825
   2          49086         141174
   3            354           1023
   4             58            180
   5             20             51
   6              6             21
   7              3             15
   8              2              6
   9              1              5
  10              0              3
  11              0              1
  12              0              1
  13              0              1
  15              0              2
  20              0              3
 
 

iteration =                               4
walker number =                       10124
total energy-propagated        1.00000000E-02  -3.0278497059E+01 +-    5.6824602149E-01   
kinetic energy                 1.00000000E-02   1.2207078106E+02 +-    1.0991839471E+00   
potential energy               1.00000000E-02  -1.5234927811E+02 +-    1.1972784697E+00   
im energy                      1.00000000E-02  -3.8826906087E+00 +-    3.6238328986E-01   
imkin energy                   1.00000000E-02  -3.7309048519E+00 +-    4.9010697516E-01   
impot energy                   1.00000000E-02  -1.5178575676E-01 +-    6.5477108936E-01   
v cent                         1.00000000E-02  -2.7349874466E+01 +-    1.6039084377E+00   
v tau                          1.00000000E-02   4.2785035677E+00 +-    2.5201288149E-01   
v sigma                        1.00000000E-02  -1.4517774298E+01 +-    3.5618981574E-01   
v sigtau                       1.00000000E-02  -5.3195233366E+01 +-    4.1727137905E-01   
v tensor                       1.00000000E-02  -2.9674532775E+00 +-    1.8772333309E-01   
v tenstau                      1.00000000E-02  -5.8597446274E+01 +-    1.2165000268E+00   
v ls                           1.00000000E-02   0.0000000000E+00 +-    0.0000000000E+00   
v lstau                        1.00000000E-02   0.0000000000E+00 +-    0.0000000000E+00   
vpot v6                        1.00000000E-02  -1.5234927811E+02 +-    1.1972784697E+00   
vpot v8                        1.00000000E-02  -1.5234927811E+02 +-    1.1972784697E+00   
v coulomb                      1.00000000E-02   7.5573368340E-01 +-    3.3614992088E-03   
v external                     1.00000000E-02   0.0000000000E+00 +-    0.0000000000E+00   
tni 2pipr-anticomm             1.00000000E-02   0.0000000000E+00 +-    0.0000000000E+00   
tni vd1pr                      1.00000000E-02   0.0000000000E+00 +-    0.0000000000E+00   
tni vepr                       1.00000000E-02   0.0000000000E+00 +-    0.0000000000E+00   
tni central                    1.00000000E-02   0.0000000000E+00 +-    0.0000000000E+00   
tni 2pixx-anticommutator       1.00000000E-02   0.0000000000E+00 +-    0.0000000000E+00   
tni 2pixd-anticommutator       1.00000000E-02   0.0000000000E+00 +-    0.0000000000E+00   
tni 2pidd-anticommutator       1.00000000E-02   0.0000000000E+00 +-    0.0000000000E+00   
tni 2pixx-commutator           1.00000000E-02   0.0000000000E+00 +-    0.0000000000E+00   
tni 2pixd-commutator           1.00000000E-02   0.0000000000E+00 +-    0.0000000000E+00   
tni 2pidd-commutator           1.00000000E-02   0.0000000000E+00 +-    0.0000000000E+00   
tni 2pi-tm                     1.00000000E-02   0.0000000000E+00 +-    0.0000000000E+00   
tni vd1                        1.00000000E-02   0.0000000000E+00 +-    0.0000000000E+00   
tni vd2                        1.00000000E-02   0.0000000000E+00 +-    0.0000000000E+00   
tni ve                         1.00000000E-02   0.0000000000E+00 +-    0.0000000000E+00   
vpottot v8+tni                 1.00000000E-02  -1.5234927811E+02 +-    1.1972784697E+00   
enetot v8+tni                  1.00000000E-02  -3.0278497059E+01 +-    5.6824602149E-01   
vper cent                      1.00000000E-02  -2.7349874466E+01 +-    1.6039084377E+00   
vper tau                       1.00000000E-02   4.2785035677E+00 +-    2.5201288149E-01   
vper sigma                     1.00000000E-02  -1.4517774298E+01 +-    3.5618981574E-01   
vper sigtau                    1.00000000E-02  -5.3195233366E+01 +-    4.1727137905E-01   
vper tensor                    1.00000000E-02  -2.9674532775E+00 +-    1.8772333309E-01   
vper tenstau                   1.00000000E-02  -5.8597446274E+01 +-    1.2165000268E+00   
vper ls                        1.00000000E-02   0.0000000000E+00 +-    0.0000000000E+00   
vper lstau                     1.00000000E-02   0.0000000000E+00 +-    0.0000000000E+00   
vpotper v6                     1.00000000E-02  -1.5234927811E+02 +-    1.1972784697E+00   
vpotper v8                     1.00000000E-02  -1.5234927811E+02 +-    1.1972784697E+00   
vpotv6pr-vpotv6per diff        1.00000000E-02   0.0000000000E+00 +-    0.0000000000E+00   
vpotv8pr-vpotv8per diff        1.00000000E-02   0.0000000000E+00 +-    0.0000000000E+00   
2piapr-2pia diff               1.00000000E-02   0.0000000000E+00 +-    0.0000000000E+00   
vd1pr-vd1 diff                 1.00000000E-02   0.0000000000E+00 +-    0.0000000000E+00   
vepr-ve diff                   1.00000000E-02   0.0000000000E+00 +-    0.0000000000E+00   
diff1 2piapr-2pia-2picxx       1.00000000E-02   0.0000000000E+00 +-    0.0000000000E+00   
diff2 vd1pr-vd1-2picxd         1.00000000E-02   0.0000000000E+00 +-    0.0000000000E+00   
diff3 vepr-ve-2picdd           1.00000000E-02   0.0000000000E+00 +-    0.0000000000E+00   
sum diff1+dif2+diff3           1.00000000E-02   0.0000000000E+00 +-    0.0000000000E+00   
proton rms                     1.00000000E-02   1.9464767665E+00 +-    1.1574013970E-02   
neutron rms                    1.00000000E-02   1.8100502639E+00 +-    1.0745758202E-02   
total rms                      1.00000000E-02   1.8780288973E+00 +-    1.0230258331E-02   
neutron-proton rms             1.00000000E-02  -1.3642650252E-01 +-    9.2380787407E-03   
GT sigXtau+                    1.00000000E-02   1.4957278723E-04 +-    2.9409634151E-05   
GT sigYtau+                    1.00000000E-02  -3.1784285852E-04 +-    2.1540178947E-05   
GT sigZtau+                    1.00000000E-02  -1.4915004474E-04 +-    1.9552441221E-05   
GT sigXtau-                    1.00000000E-02   1.0190480448E-04 +-    2.5096487311E-05   
GT sigYtau-                    1.00000000E-02   2.2400197816E-04 +-    2.2332625054E-05   
GT sigZtau-                    1.00000000E-02  -3.3666497375E-04 +-    2.4804799218E-05   
F tau+                         1.00000000E-02  -1.0874116937E-19 +-    4.0116923879E-20   
F tau-                         1.00000000E-02  -1.0637883940E-19 +-    3.9892929312E-20   
Psi**2                         1.00000000E-02   2.0598908723E-05 +-    4.8082403915E-07   
single crossing/step           1.00000000E-02   8.1691520578E-03 +-    4.2824303808E-05   
global crossing/step           1.00000000E-02   8.0043747471E-03 +-    8.4787454362E-05   
energy numerator(real)         1.00000000E-02  -5.9123610654E+00 +-    8.7456657856E-01   
denominator psit/psigi(real)   1.00000000E-02   2.0267105164E-01 +-    1.4209366610E-02   
energy numerator(aimag)        1.00000000E-02  -2.7083173947E+00 +-    6.2573845239E-01   
denominator psit/psigi(aimag)  1.00000000E-02   2.2376245609E-02 +-    9.7382373229E-03   
growth(lin dt) energy          1.00000000E-02  -2.6263702741E+02 +-    5.6609627391E+00   
growth(global) energy          1.00000000E-02  -2.6566560297E+02 +-    1.2193029025E+01
growth energy                  1.00000000E-02  -2.6232328533E+02 +-    5.6382030833E+00
Time for propagation (sec) (min) =          21.982      0.366
Time for energies (sec) (min) =              0.706      0.012
Time for load balancing (sec) (min) =        0.034      0.001
Time for block (sec) (min) =                23.226      0.387
Time for operators (sec) (min) =             0.016      0.000
Elapsed block time (sec) (min) =            91.422      1.524
 
 walkers multiplicity, block, total
   0          55016         196621
   1        1033072        4002897
   2          51995         193169
   3            445           1468
   4             71            251
   5             26             77
   6              9             30
   7              8             23
   8              2              8
   9              1              6
  10              0              3
  11              1              2
  12              2              3
  13              1              2
  15              0              2
  19              1              1
  20              1              4
 
 

iteration =                               5
walker number =                       10257
total energy-propagated        1.25000000E-02  -2.6688171698E+01 +-    6.5018703750E-01   
kinetic energy                 1.25000000E-02   8.2285985998E+01 +-    2.1471300474E+00   
potential energy               1.25000000E-02  -1.0897415770E+02 +-    2.0437421372E+00   
im energy                      1.25000000E-02  -5.7990373049E+00 +-    5.4960394715E-01   
imkin energy                   1.25000000E-02  -1.9435504237E+01 +-    6.8754425095E-01   
impot energy                   1.25000000E-02   1.3636466932E+01 +-    7.8885407713E-01   
v cent                         1.25000000E-02   2.8228499577E+01 +-    2.2136559574E+00   
v tau                          1.25000000E-02  -2.7267818129E+00 +-    2.5018970256E-01   
v sigma                        1.25000000E-02  -1.7413349848E+01 +-    3.3541334016E-01   
v sigtau                       1.25000000E-02  -6.4003062479E+01 +-    5.3195513659E-01   
v tensor                       1.25000000E-02   1.2766527614E+00 +-    2.2411233722E-01   
v tenstau                      1.25000000E-02  -5.4336115895E+01 +-    1.2098486005E+00   
v ls                           1.25000000E-02   0.0000000000E+00 +-    0.0000000000E+00   
v lstau                        1.25000000E-02   0.0000000000E+00 +-    0.0000000000E+00   
vpot v6                        1.25000000E-02  -1.0897415770E+02 +-    2.0437421372E+00   
vpot v8                        1.25000000E-02  -1.0897415770E+02 +-    2.0437421372E+00   
v coulomb                      1.25000000E-02   8.8184852765E-01 +-    3.2725785375E-03   
v external                     1.25000000E-02   0.0000000000E+00 +-    0.0000000000E+00   
tni 2pipr-anticomm             1.25000000E-02   0.0000000000E+00 +-    0.0000000000E+00   
tni vd1pr                      1.25000000E-02   0.0000000000E+00 +-    0.0000000000E+00   
tni vepr                       1.25000000E-02   0.0000000000E+00 +-    0.0000000000E+00   
tni central                    1.25000000E-02   0.0000000000E+00 +-    0.0000000000E+00   
tni 2pixx-anticommutator       1.25000000E-02   0.0000000000E+00 +-    0.0000000000E+00   
tni 2pixd-anticommutator       1.25000000E-02   0.0000000000E+00 +-    0.0000000000E+00   
tni 2pidd-anticommutator       1.25000000E-02   0.0000000000E+00 +-    0.0000000000E+00   
tni 2pixx-commutator           1.25000000E-02   0.0000000000E+00 +-    0.0000000000E+00   
tni 2pixd-commutator           1.25000000E-02   0.0000000000E+00 +-    0.0000000000E+00   
tni 2pidd-commutator           1.25000000E-02   0.0000000000E+00 +-    0.0000000000E+00   
tni 2pi-tm                     1.25000000E-02   0.0000000000E+00 +-    0.0000000000E+00   
tni vd1                        1.25000000E-02   0.0000000000E+00 +-    0.0000000000E+00   
tni vd2                        1.25000000E-02   0.0000000000E+00 +-    0.0000000000E+00   
tni ve                         1.25000000E-02   0.0000000000E+00 +-    0.0000000000E+00   
vpottot v8+tni                 1.25000000E-02  -1.0897415770E+02 +-    2.0437421372E+00   
enetot v8+tni                  1.25000000E-02  -2.6688171698E+01 +-    6.5018703750E-01   
vper cent                      1.25000000E-02   2.8228499577E+01 +-    2.2136559574E+00   
vper tau                       1.25000000E-02  -2.7267818129E+00 +-    2.5018970256E-01   
vper sigma                     1.25000000E-02  -1.7413349848E+01 +-    3.3541334016E-01   
vper sigtau                    1.25000000E-02  -6.4003062479E+01 +-    5.3195513659E-01   
vper tensor                    1.25000000E-02   1.2766527614E+00 +-    2.2411233722E-01   
vper tenstau                   1.25000000E-02  -5.4336115895E+01 +-    1.2098486005E+00   
vper ls                        1.25000000E-02   0.0000000000E+00 +-    0.0000000000E+00   
vper lstau                     1.25000000E-02   0.0000000000E+00 +-    0.0000000000E+00   
vpotper v6                     1.25000000E-02  -1.0897415770E+02 +-    2.0437421372E+00   
vpotper v8                     1.25000000E-02  -1.0897415770E+02 +-    2.0437421372E+00   
vpotv6pr-vpotv6per diff        1.25000000E-02   0.0000000000E+00 +-    0.0000000000E+00   
vpotv8pr-vpotv8per diff        1.25000000E-02   0.0000000000E+00 +-    0.0000000000E+00   
2piapr-2pia diff               1.25000000E-02   0.0000000000E+00 +-    0.0000000000E+00   
vd1pr-vd1 diff                 1.25000000E-02   0.0000000000E+00 +-    0.0000000000E+00   
vepr-ve diff                   1.25000000E-02   0.0000000000E+00 +-    0.0000000000E+00   
diff1 2piapr-2pia-2picxx       1.25000000E-02   0.0000000000E+00 +-    0.0000000000E+00   
diff2 vd1pr-vd1-2picxd         1.25000000E-02   0.0000000000E+00 +-    0.0000000000E+00   
diff3 vepr-ve-2picdd           1.25000000E-02   0.0000000000E+00 +-    0.0000000000E+00   
sum diff1+dif2+diff3           1.25000000E-02   0.0000000000E+00 +-    0.0000000000E+00   
proton rms                     1.25000000E-02   1.6411023728E+00 +-    8.2359840927E-03   
neutron rms                    1.25000000E-02   1.8282224947E+00 +-    1.4032764011E-02   
total rms                      1.25000000E-02   1.7273311326E+00 +-    1.1206476979E-02   
neutron-proton rms             1.25000000E-02   1.8712012197E-01 +-    7.3675182686E-03   
GT sigXtau+                    1.25000000E-02   4.7581361315E-04 +-    3.1299798754E-05   
GT sigYtau+                    1.25000000E-02  -2.3565818723E-04 +-    2.7632222965E-05   
GT sigZtau+                    1.25000000E-02  -1.1473179323E-04 +-    2.8634844179E-05   
GT sigXtau-                    1.25000000E-02   1.9232073037E-04 +-    3.3602789722E-05   
GT sigYtau-                    1.25000000E-02   9.2020554906E-04 +-    2.3862764345E-05   
GT sigZtau-                    1.25000000E-02   5.6354663673E-04 +-    2.9110403901E-05   
F tau+                         1.25000000E-02   3.5423774152E-19 +-    4.5339222788E-20   
F tau-                         1.25000000E-02  -2.1010670511E-19 +-    5.4598935143E-20   
Psi**2                         1.25000000E-02   2.9605488365E-05 +-    8.0525227787E-07   
single crossing/step           1.25000000E-02   7.8528605577E-03 +-    4.2171988783E-05   
global crossing/step           1.25000000E-02   7.7026605041E-03 +-    8.3539791041E-05   
energy numerator(real)         1.25000000E-02  -3.9465544001E+00 +-    9.0600735474E-01   
denominator psit/psigi(real)   1.25000000E-02   1.4676157971E-01 +-    1.3938683837E-02   
energy numerator(aimag)        1.25000000E-02   1.6117599348E-01 +-    6.7559960848E-01   
denominator psit/psigi(aimag)  1.25000000E-02   1.0123859486E-02 +-    9.8580269237E-03   
growth(lin dt) energy          1.25000000E-02  -2.6112304675E+02 +-    5.6066338589E+00   
growth(global) energy          1.25000000E-02  -2.6244852595E+02 +-    1.2979142134E+01
growth energy                  1.25000000E-02  -2.6081525685E+02 +-    5.5843069205E+00
Time for propagation (sec) (min) =          21.801      0.363
Time for energies (sec) (min) =              0.715      0.012
Time for load balancing (sec) (min) =        0.026      0.000
Time for block (sec) (min) =                23.102      0.385
Time for operators (sec) (min) =             0.018      0.000
Elapsed block time (sec) (min) =           114.542      1.909
 
 walkers multiplicity, block, total
   0          53455         250076
   1        1013041        5015938
   2          52339         245508
   3            392           1860
   4             83            334
   5             18             95
   6             10             40
   7              4             27
   8              3             11
   9              5             11
  10              1              4
  11              0              2
  12              0              3
  13              0              2
  15              0              2
  19              0              1
  20              0              4
 
 

iteration =                               6
walker number =                       10276
total energy-propagated        1.50000000E-02  -3.3257921457E+01 +-    4.1756048797E-01   
kinetic energy                 1.50000000E-02   1.5527681501E+02 +-    1.2517586401E+00   
potential energy               1.50000000E-02  -1.8853473646E+02 +-    1.3055358636E+00   
im energy                      1.50000000E-02   9.0003864936E+00 +-    2.7600889300E-01   
imkin energy                   1.50000000E-02   2.0754614249E+01 +-    6.8575440939E-01   
impot energy                   1.50000000E-02  -1.1754227755E+01 +-    3.9885625132E-01   
v cent                         1.50000000E-02   2.5191958921E+00 +-    1.1709510125E+00   
v tau                          1.50000000E-02   2.7794437501E+00 +-    7.0012053750E-01   
v sigma                        1.50000000E-02  -2.3587978374E+01 +-    3.8486626496E-01   
v sigtau                       1.50000000E-02  -7.3450265480E+01 +-    5.0663104890E-01   
v tensor                       1.50000000E-02   1.2626251311E+00 +-    5.9533046545E-02   
v tenstau                      1.50000000E-02  -9.8057757380E+01 +-    1.5446559714E+00   
v ls                           1.50000000E-02   0.0000000000E+00 +-    0.0000000000E+00   
v lstau                        1.50000000E-02   0.0000000000E+00 +-    0.0000000000E+00   
vpot v6                        1.50000000E-02  -1.8853473646E+02 +-    1.3055358636E+00   
vpot v8                        1.50000000E-02  -1.8853473646E+02 +-    1.3055358636E+00   
v coulomb                      1.50000000E-02   8.1732423880E-01 +-    2.4103569895E-03   
v external                     1.50000000E-02   0.0000000000E+00 +-    0.0000000000E+00   
tni 2pipr-anticomm             1.50000000E-02   0.0000000000E+00 +-    0.0000000000E+00   
tni vd1pr                      1.50000000E-02   0.0000000000E+00 +-    0.0000000000E+00   
tni vepr                       1.50000000E-02   0.0000000000E+00 +-    0.0000000000E+00   
tni central                    1.50000000E-02   0.0000000000E+00 +-    0.0000000000E+00   
tni 2pixx-anticommutator       1.50000000E-02   0.0000000000E+00 +-    0.0000000000E+00   
tni 2pixd-anticommutator       1.50000000E-02   0.0000000000E+00 +-    0.0000000000E+00   
tni 2pidd-anticommutator       1.50000000E-02   0.0000000000E+00 +-    0.0000000000E+00   
tni 2pixx-commutator           1.50000000E-02   0.0000000000E+00 +-    0.0000000000E+00   
tni 2pixd-commutator           1.50000000E-02   0.0000000000E+00 +-    0.0000000000E+00   
tni 2pidd-commutator           1.50000000E-02   0.0000000000E+00 +-    0.0000000000E+00   
tni 2pi-tm                     1.50000000E-02   0.0000000000E+00 +-    0.0000000000E+00   
tni vd1                        1.50000000E-02   0.0000000000E+00 +-    0.0000000000E+00   
tni vd2                        1.50000000E-02   0.0000000000E+00 +-    0.0000000000E+00   
tni ve                         1.50000000E-02   0.0000000000E+00 +-    0.0000000000E+00   
vpottot v8+tni                 1.50000000E-02  -1.8853473646E+02 +-    1.3055358636E+00   
enetot v8+tni                  1.50000000E-02  -3.3257921457E+01 +-    4.1756048797E-01   
vper cent                      1.50000000E-02   2.5191958921E+00 +-    1.1709510125E+00   
vper tau                       1.50000000E-02   2.7794437501E+00 +-    7.0012053750E-01   
vper sigma                     1.50000000E-02  -2.3587978374E+01 +-    3.8486626496E-01   
vper sigtau                    1.50000000E-02  -7.3450265480E+01 +-    5.0663104890E-01   
vper tensor                    1.50000000E-02   1.2626251311E+00 +-    5.9533046545E-02   
vper tenstau                   1.50000000E-02  -9.8057757380E+01 +-    1.5446559714E+00   
vper ls                        1.50000000E-02   0.0000000000E+00 +-    0.0000000000E+00   
vper lstau                     1.50000000E-02   0.0000000000E+00 +-    0.0000000000E+00   
vpotper v6                     1.50000000E-02  -1.8853473646E+02 +-    1.3055358636E+00   
vpotper v8                     1.50000000E-02  -1.8853473646E+02 +-    1.3055358636E+00   
vpotv6pr-vpotv6per diff        1.50000000E-02   0.0000000000E+00 +-    0.0000000000E+00   
vpotv8pr-vpotv8per diff        1.50000000E-02   0.0000000000E+00 +-    0.0000000000E+00   
2piapr-2pia diff               1.50000000E-02   0.0000000000E+00 +-    0.0000000000E+00   
vd1pr-vd1 diff                 1.50000000E-02   0.0000000000E+00 +-    0.0000000000E+00   
vepr-ve diff                   1.50000000E-02   0.0000000000E+00 +-    0.0000000000E+00   
diff1 2piapr-2pia-2picxx       1.50000000E-02   0.0000000000E+00 +-    0.0000000000E+00   
diff2 vd1pr-vd1-2picxd         1.50000000E-02   0.0000000000E+00 +-    0.0000000000E+00   
diff3 vepr-ve-2picdd           1.50000000E-02   0.0000000000E+00 +-    0.0000000000E+00   
sum diff1+dif2+diff3           1.50000000E-02   0.0000000000E+00 +-    0.0000000000E+00   
proton rms                     1.50000000E-02   1.8838368506E+00 +-    1.3573345141E-02   
neutron rms                    1.50000000E-02   1.6630743810E+00 +-    9.8345558286E-03   
total rms                      1.50000000E-02   1.7775735233E+00 +-    1.1906339424E-02   
neutron-proton rms             1.50000000E-02  -2.2076246964E-01 +-    6.0672931095E-03   
GT sigXtau+                    1.50000000E-02   3.4825520609E-04 +-    3.3454459998E-05   
GT sigYtau+                    1.50000000E-02   8.7258137095E-04 +-    3.6068723288E-05   
GT sigZtau+                    1.50000000E-02   2.2789257917E-04 +-    2.6608709644E-05   
GT sigXtau-                    1.50000000E-02  -1.0955396270E-03 +-    1.7394505425E-05   
GT sigYtau-                    1.50000000E-02  -2.4999332297E-04 +-    4.5047171636E-05   
GT sigZtau-                    1.50000000E-02   3.2447355604E-04 +-    3.1846616634E-05   
F tau+                         1.50000000E-02   6.1489341555E-20 +-    4.6231975000E-20   
F tau-                         1.50000000E-02  -7.4628733252E-19 +-    4.4344398129E-20   
Psi**2                         1.50000000E-02   4.8469099192E-05 +-    1.3214212736E-06   
single crossing/step           1.50000000E-02   8.2259003045E-03 +-    4.3163630752E-05   
global crossing/step           1.50000000E-02   8.1007533481E-03 +-    8.5673467955E-05   
energy numerator(real)         1.50000000E-02  -3.7303640714E+00 +-    9.1504979661E-01   
denominator psit/psigi(real)   1.50000000E-02   1.0849697031E-01 +-    1.4176614895E-02   
energy numerator(aimag)        1.50000000E-02  -2.6005579192E-01 +-    6.4085229331E-01   
denominator psit/psigi(aimag)  1.50000000E-02   2.4237516387E-02 +-    9.8823617513E-03   
growth(lin dt) energy          1.50000000E-02  -2.5165763790E+02 +-    5.6058487266E+00   
growth(global) energy          1.50000000E-02  -2.5322037828E+02 +-    1.2895156684E+01
growth energy                  1.50000000E-02  -2.5138577202E+02 +-    5.5848412768E+00
Time for propagation (sec) (min) =          21.794      0.363
Time for energies (sec) (min) =              0.717      0.012
Time for load balancing (sec) (min) =        0.026      0.000
Time for block (sec) (min) =                23.062      0.384
Time for operators (sec) (min) =             0.020      0.000
Elapsed block time (sec) (min) =           137.632      2.294
 
 walkers multiplicity, block, total
   0          53962         304038
   1        1011534        6027472
   2          52801         298309
   3            364           2224
   4             72            406
   5             30            125
   6              7             47
   7              7             34
   8              1             12
   9              4             15
  10              0              4
  11              0              2
  12              0              3
  13              0              2
  15              0              2
  19              0              1
  20              0              4
 
 

iteration =                               7
walker number =                       10453
total energy-propagated        1.75000000E-02  -2.7645005347E+01 +-    7.8780280100E-01   
kinetic energy                 1.75000000E-02   2.3892815140E+02 +-    3.9636984283E+00   
potential energy               1.75000000E-02  -2.6657315674E+02 +-    4.7372135881E+00   
im energy                      1.75000000E-02  -2.1934174522E+01 +-    3.8960323950E-01   
imkin energy                   1.75000000E-02  -2.6978908364E+01 +-    9.0476490456E-01   
impot energy                   1.75000000E-02   5.0447338427E+00 +-    1.0781051074E+00   
v cent                         1.75000000E-02   5.4674943374E+00 +-    4.3480326692E+00   
v tau                          1.75000000E-02  -3.4548469633E+01 +-    5.7959595558E-01   
v sigma                        1.75000000E-02  -1.7139125029E+01 +-    6.2018604537E-01   
v sigtau                       1.75000000E-02  -7.8445943816E+01 +-    8.4260183634E-01   
v tensor                       1.75000000E-02   9.3229822452E+00 +-    1.9223220228E-01   
v tenstau                      1.75000000E-02  -1.5123009485E+02 +-    1.2365286963E+00   
v ls                           1.75000000E-02   0.0000000000E+00 +-    0.0000000000E+00   
v lstau                        1.75000000E-02   0.0000000000E+00 +-    0.0000000000E+00   
vpot v6                        1.75000000E-02  -2.6657315674E+02 +-    4.7372135881E+00   
vpot v8                        1.75000000E-02  -2.6657315674E+02 +-    4.7372135881E+00   
v coulomb                      1.75000000E-02   9.5672215434E-01 +-    1.6368897750E-03   
v external                     1.75000000E-02   0.0000000000E+00 +-    0.0000000000E+00   
tni 2pipr-anticomm             1.75000000E-02   0.0000000000E+00 +-    0.0000000000E+00   
tni vd1pr                      1.75000000E-02   0.0000000000E+00 +-    0.0000000000E+00   
tni vepr                       1.75000000E-02   0.0000000000E+00 +-    0.0000000000E+00   
tni central                    1.75000000E-02   0.0000000000E+00 +-    0.0000000000E+00   
tni 2pixx-anticommutator       1.75000000E-02   0.0000000000E+00 +-    0.0000000000E+00   
tni 2pixd-anticommutator       1.75000000E-02   0.0000000000E+00 +-    0.0000000000E+00   
tni 2pidd-anticommutator       1.75000000E-02   0.0000000000E+00 +-    0.0000000000E+00   
tni 2pixx-commutator           1.75000000E-02   0.0000000000E+00 +-    0.0000000000E+00   
tni 2pixd-commutator           1.75000000E-02   0.0000000000E+00 +-    0.0000000000E+00   
tni 2pidd-commutator           1.75000000E-02   0.0000000000E+00 +-    0.0000000000E+00   
tni 2pi-tm                     1.75000000E-02   0.0000000000E+00 +-    0.0000000000E+00   
tni vd1                        1.75000000E-02   0.0000000000E+00 +-    0.0000000000E+00   
tni vd2                        1.75000000E-02   0.0000000000E+00 +-    0.0000000000E+00   
tni ve                         1.75000000E-02   0.0000000000E+00 +-    0.0000000000E+00   
vpottot v8+tni                 1.75000000E-02  -2.6657315674E+02 +-    4.7372135881E+00   
enetot v8+tni                  1.75000000E-02  -2.7645005347E+01 +-    7.8780280100E-01   
vper cent                      1.75000000E-02   5.4674943374E+00 +-    4.3480326692E+00   
vper tau                       1.75000000E-02  -3.4548469633E+01 +-    5.7959595558E-01   
vper sigma                     1.75000000E-02  -1.7139125029E+01 +-    6.2018604537E-01   
vper sigtau                    1.75000000E-02  -7.8445943816E+01 +-    8.4260183634E-01   
vper tensor                    1.75000000E-02   9.3229822452E+00 +-    1.9223220228E-01   
vper tenstau                   1.75000000E-02  -1.5123009485E+02 +-    1.2365286963E+00   
vper ls                        1.75000000E-02   0.0000000000E+00 +-    0.0000000000E+00   
vper lstau                     1.75000000E-02   0.0000000000E+00 +-    0.0000000000E+00   
vpotper v6                     1.75000000E-02  -2.6657315674E+02 +-    4.7372135881E+00   
vpotper v8                     1.75000000E-02  -2.6657315674E+02 +-    4.7372135881E+00   
vpotv6pr-vpotv6per diff        1.75000000E-02   0.0000000000E+00 +-    0.0000000000E+00   
vpotv8pr-vpotv8per diff        1.75000000E-02   0.0000000000E+00 +-    0.0000000000E+00   
2piapr-2pia diff               1.75000000E-02   0.0000000000E+00 +-    0.0000000000E+00   
vd1pr-vd1 diff                 1.75000000E-02   0.0000000000E+00 +-    0.0000000000E+00   
vepr-ve diff                   1.75000000E-02   0.0000000000E+00 +-    0.0000000000E+00   
diff1 2piapr-2pia-2picxx       1.75000000E-02   0.0000000000E+00 +-    0.0000000000E+00   
diff2 vd1pr-vd1-2picxd         1.75000000E-02   0.0000000000E+00 +-    0.0000000000E+00   
diff3 vepr-ve-2picdd           1.75000000E-02   0.0000000000E+00 +-    0.0000000000E+00   
sum diff1+dif2+diff3           1.75000000E-02   0.0000000000E+00 +-    0.0000000000E+00   
proton rms                     1.75000000E-02   1.3377539107E+00 +-    3.1523757799E-03   
neutron rms                    1.75000000E-02   1.7145102273E+00 +-    1.5049384114E-02   
total rms                      1.75000000E-02   1.5241576043E+00 +-    1.0231361363E-02   
neutron-proton rms             1.75000000E-02   3.7675631657E-01 +-    1.4383439920E-02   
GT sigXtau+                    1.75000000E-02   5.6103630934E-04 +-    3.5526588089E-05   
GT sigYtau+                    1.75000000E-02   7.0419334448E-05 +-    4.0008744845E-05   
GT sigZtau+                    1.75000000E-02   9.3020923261E-04 +-    3.9625576326E-05   
GT sigXtau-                    1.75000000E-02   9.0154471862E-04 +-    2.8053101680E-05   
GT sigYtau-                    1.75000000E-02  -1.2886864952E-03 +-    3.8114908909E-05   
GT sigZtau-                    1.75000000E-02   3.1958559321E-04 +-    4.9009858199E-05   
F tau+                         1.75000000E-02   1.7450743436E-18 +-    6.6631308421E-20   
F tau-                         1.75000000E-02  -1.6569534498E-19 +-    6.6780730175E-20   
Psi**2                         1.75000000E-02   4.9553117027E-05 +-    1.1270927993E-06   
single crossing/step           1.75000000E-02   7.9967067552E-03 +-    4.2546211195E-05   
global crossing/step           1.75000000E-02   7.7785566679E-03 +-    8.3932963860E-05   
energy numerator(real)         1.75000000E-02  -3.3509517115E+00 +-    9.5172895236E-01   
denominator psit/psigi(real)   1.75000000E-02   4.1885371946E-02 +-    1.3949765944E-02   
energy numerator(aimag)        1.75000000E-02  -1.9789545350E+00 +-    6.5863172276E-01   
denominator psit/psigi(aimag)  1.75000000E-02  -3.2058898833E-02 +-    9.5870133000E-03   
growth(lin dt) energy          1.75000000E-02  -2.5448546397E+02 +-    5.7359820237E+00   
growth(global) energy          1.75000000E-02  -2.6116784477E+02 +-    1.2751014124E+01
growth energy                  1.75000000E-02  -2.5420309851E+02 +-    5.7140752041E+00
Time for propagation (sec) (min) =          21.818      0.364
Time for energies (sec) (min) =              0.729      0.012
Time for load balancing (sec) (min) =        0.028      0.000
Time for block (sec) (min) =                23.143      0.386
Time for operators (sec) (min) =             0.020      0.000
Elapsed block time (sec) (min) =           160.795      2.680
 
 walkers multiplicity, block, total
   0          55140         359178
   1        1010011        7037483
   2          54015         352324
   3            420           2644
   4             81            487
   5             21            146
   6              7             54
   7              5             39
   8              1             13
   9              1             16
  10              1              5
  11              2              4
  12              0              3
  13              1              3
  15              1              3
  19              0              1
  20              0              4
 
 

iteration =                               8
walker number =                       10749
total energy-propagated        2.00000000E-02  -1.9141995243E+02 +-    2.6704356757E+00   
kinetic energy                 2.00000000E-02   2.0596841923E+02 +-    3.9849604866E+00   
potential energy               2.00000000E-02  -3.9738837166E+02 +-    5.2567771353E+00   
im energy                      2.00000000E-02  -1.0251958526E+02 +-    1.3472107061E+00   
imkin energy                   2.00000000E-02  -1.5025658165E+02 +-    1.8993098101E+00   
impot energy                   2.00000000E-02   4.7736996381E+01 +-    8.5390281639E-01   
v cent                         2.00000000E-02  -3.2939310730E+02 +-    7.0812537194E+00   
v tau                          2.00000000E-02   3.4976608944E+01 +-    7.7613856298E-01   
v sigma                        2.00000000E-02  -2.5625586350E+00 +-    1.1862564222E+00   
v sigtau                       2.00000000E-02  -7.4106331637E+01 +-    2.1909281462E+00   
v tensor                       2.00000000E-02  -2.8617701036E+01 +-    1.2897181362E+00   
v tenstau                      2.00000000E-02   2.3147179949E+00 +-    5.3909415993E+00   
v ls                           2.00000000E-02   0.0000000000E+00 +-    0.0000000000E+00   
v lstau                        2.00000000E-02   0.0000000000E+00 +-    0.0000000000E+00   
vpot v6                        2.00000000E-02  -3.9738837166E+02 +-    5.2567771353E+00   
vpot v8                        2.00000000E-02  -3.9738837166E+02 +-    5.2567771353E+00   
v coulomb                      2.00000000E-02   6.8507550404E-01 +-    6.9354005732E-03   
v external                     2.00000000E-02   0.0000000000E+00 +-    0.0000000000E+00   
tni 2pipr-anticomm             2.00000000E-02   0.0000000000E+00 +-    0.0000000000E+00   
tni vd1pr                      2.00000000E-02   0.0000000000E+00 +-    0.0000000000E+00   
tni vepr                       2.00000000E-02   0.0000000000E+00 +-    0.0000000000E+00   
tni central                    2.00000000E-02   0.0000000000E+00 +-    0.0000000000E+00   
tni 2pixx-anticommutator       2.00000000E-02   0.0000000000E+00 +-    0.0000000000E+00   
tni 2pixd-anticommutator       2.00000000E-02   0.0000000000E+00 +-    0.0000000000E+00   
tni 2pidd-anticommutator       2.00000000E-02   0.0000000000E+00 +-    0.0000000000E+00   
tni 2pixx-commutator           2.00000000E-02   0.0000000000E+00 +-    0.0000000000E+00   
tni 2pixd-commutator           2.00000000E-02   0.0000000000E+00 +-    0.0000000000E+00   
tni 2pidd-commutator           2.00000000E-02   0.0000000000E+00 +-    0.0000000000E+00   
tni 2pi-tm                     2.00000000E-02   0.0000000000E+00 +-    0.0000000000E+00   
tni vd1                        2.00000000E-02   0.0000000000E+00 +-    0.0000000000E+00   
tni vd2                        2.00000000E-02   0.0000000000E+00 +-    0.0000000000E+00   
tni ve                         2.00000000E-02   0.0000000000E+00 +-    0.0000000000E+00   
vpottot v8+tni                 2.00000000E-02  -3.9738837166E+02 +-    5.2567771353E+00   
enetot v8+tni                  2.00000000E-02  -1.9141995243E+02 +-    2.6704356757E+00   
vper cent                      2.00000000E-02  -3.2939310730E+02 +-    7.0812537194E+00   
vper tau                       2.00000000E-02   3.4976608944E+01 +-    7.7613856298E-01   
vper sigma                     2.00000000E-02  -2.5625586350E+00 +-    1.1862564222E+00   
vper sigtau                    2.00000000E-02  -7.4106331637E+01 +-    2.1909281462E+00   
vper tensor                    2.00000000E-02  -2.8617701036E+01 +-    1.2897181362E+00   
vper tenstau                   2.00000000E-02   2.3147179949E+00 +-    5.3909415993E+00   
vper ls                        2.00000000E-02   0.0000000000E+00 +-    0.0000000000E+00   
vper lstau                     2.00000000E-02   0.0000000000E+00 +-    0.0000000000E+00   
vpotper v6                     2.00000000E-02  -3.9738837166E+02 +-    5.2567771353E+00   
vpotper v8                     2.00000000E-02  -3.9738837166E+02 +-    5.2567771353E+00   
vpotv6pr-vpotv6per diff        2.00000000E-02   0.0000000000E+00 +-    0.0000000000E+00   
vpotv8pr-vpotv8per diff        2.00000000E-02   0.0000000000E+00 +-    0.0000000000E+00   
2piapr-2pia diff               2.00000000E-02   0.0000000000E+00 +-    0.0000000000E+00   
vd1pr-vd1 diff                 2.00000000E-02   0.0000000000E+00 +-    0.0000000000E+00   
vepr-ve diff                   2.00000000E-02   0.0000000000E+00 +-    0.0000000000E+00   
diff1 2piapr-2pia-2picxx       2.00000000E-02   0.0000000000E+00 +-    0.0000000000E+00   
diff2 vd1pr-vd1-2picxd         2.00000000E-02   0.0000000000E+00 +-    0.0000000000E+00   
diff3 vepr-ve-2picdd           2.00000000E-02   0.0000000000E+00 +-    0.0000000000E+00   
sum diff1+dif2+diff3           2.00000000E-02   0.0000000000E+00 +-    0.0000000000E+00   
proton rms                     2.00000000E-02   3.4649924230E+00 +-    3.4055052478E-02   
neutron rms                    2.00000000E-02   3.4703099374E+00 +-    3.5861530420E-02   
total rms                      2.00000000E-02   3.5211568590E+00 +-    3.5106613336E-02   
neutron-proton rms             2.00000000E-02   5.3175143737E-03 +-    2.0026538398E-02   
GT sigXtau+                    2.00000000E-02   8.8386547737E-03 +-    9.6567500660E-05   
GT sigYtau+                    2.00000000E-02   8.3595007693E-03 +-    1.0732932427E-04   
GT sigZtau+                    2.00000000E-02   7.8093613269E-04 +-    6.6687010199E-05   
GT sigXtau-                    2.00000000E-02   7.0793890356E-03 +-    1.1387068801E-04   
GT sigYtau-                    2.00000000E-02   3.1059152289E-03 +-    5.0669880909E-05   
GT sigZtau-                    2.00000000E-02   3.2343494161E-03 +-    7.3971823864E-05   
F tau+                         2.00000000E-02   3.4303999256E-18 +-    9.8013216041E-20   
F tau-                         2.00000000E-02  -5.0901738744E-18 +-    7.9219284776E-20   
Psi**2                         2.00000000E-02  -2.3991814518E-05 +-    3.2982600488E-06   
single crossing/step           2.00000000E-02   7.5612775485E-03 +-    4.1430662731E-05   
global crossing/step           2.00000000E-02   7.3389408539E-03 +-    8.1643125488E-05   
energy numerator(real)         2.00000000E-02  -2.6348850556E+00 +-    9.5414828416E-01   
denominator psit/psigi(real)   2.00000000E-02   1.3177012366E-02 +-    1.3750276889E-02   
energy numerator(aimag)        2.00000000E-02  -2.9245267177E+00 +-    6.8737333796E-01   
denominator psit/psigi(aimag)  2.00000000E-02  -4.9128165554E-04 +-    9.4120963812E-03   
growth(lin dt) energy          2.00000000E-02  -2.5535981847E+02 +-    5.8419159955E+00   
growth(global) energy          2.00000000E-02  -2.6363026042E+02 +-    1.2085196959E+01
growth energy                  2.00000000E-02  -2.5507416642E+02 +-    5.8194701963E+00
Time for propagation (sec) (min) =          21.761      0.363
Time for energies (sec) (min) =              0.750      0.012
Time for load balancing (sec) (min) =        0.028      0.000
Time for block (sec) (min) =                23.042      0.384
Time for operators (sec) (min) =             0.021      0.000
Elapsed block time (sec) (min) =           183.858      3.064
 
 walkers multiplicity, block, total
   0          55101         414279
   1        1007377        8044860
   2          54027         406351
   3            428           3072
   4             76            563
   5             20            166
   6             12             66
   7              6             45
   8              5             18
   9              1             17
  10              2              7
  11              0              4
  12              1              4
  13              0              3
  15              0              3
  19              0              1
  20              2              6
 
 

iteration =                               9
walker number =                       11408
total energy-propagated        2.25000000E-02  -3.3671661211E+01 +-    8.3131586859E-01   
kinetic energy                 2.25000000E-02   1.3266957849E+02 +-    4.0481283155E+00   
potential energy               2.25000000E-02  -1.6634123970E+02 +-    4.4679863924E+00   
im energy                      2.25000000E-02   1.3059380944E+00 +-    6.5591084970E-01   
imkin energy                   2.25000000E-02   2.6060343714E+01 +-    8.3422018970E-01   
impot energy                   2.25000000E-02  -2.4754405620E+01 +-    1.0633174491E+00   
v cent                         2.25000000E-02   8.9206934347E+01 +-    4.0812417876E+00   
v tau                          2.25000000E-02  -2.2515106227E+01 +-    4.5806418685E-01   
v sigma                        2.25000000E-02   2.6501664665E+01 +-    7.5823206576E-01   
v sigtau                       2.25000000E-02  -5.2197610866E+01 +-    8.6980886923E-01   
v tensor                       2.25000000E-02   1.2060850468E+01 +-    2.2137996122E-01   
v tenstau                      2.25000000E-02  -2.1939797208E+02 +-    1.2304766196E+00   
v ls                           2.25000000E-02   0.0000000000E+00 +-    0.0000000000E+00   
v lstau                        2.25000000E-02   0.0000000000E+00 +-    0.0000000000E+00   
vpot v6                        2.25000000E-02  -1.6634123970E+02 +-    4.4679863924E+00   
vpot v8                        2.25000000E-02  -1.6634123970E+02 +-    4.4679863924E+00   
v coulomb                      2.25000000E-02   4.1672666883E-01 +-    6.6341572265E-03   
v external                     2.25000000E-02   0.0000000000E+00 +-    0.0000000000E+00   
tni 2pipr-anticomm             2.25000000E-02   0.0000000000E+00 +-    0.0000000000E+00   
tni vd1pr                      2.25000000E-02   0.0000000000E+00 +-    0.0000000000E+00   
tni vepr                       2.25000000E-02   0.0000000000E+00 +-    0.0000000000E+00   
tni central                    2.25000000E-02   0.0000000000E+00 +-    0.0000000000E+00   
tni 2pixx-anticommutator       2.25000000E-02   0.0000000000E+00 +-    0.0000000000E+00   
tni 2pixd-anticommutator       2.25000000E-02   0.0000000000E+00 +-    0.0000000000E+00   
tni 2pidd-anticommutator       2.25000000E-02   0.0000000000E+00 +-    0.0000000000E+00   
tni 2pixx-commutator           2.25000000E-02   0.0000000000E+00 +-    0.0000000000E+00   
tni 2pixd-commutator           2.25000000E-02   0.0000000000E+00 +-    0.0000000000E+00   
tni 2pidd-commutator           2.25000000E-02   0.0000000000E+00 +-    0.0000000000E+00   
tni 2pi-tm                     2.25000000E-02   0.0000000000E+00 +-    0.0000000000E+00   
tni vd1                        2.25000000E-02   0.0000000000E+00 +-    0.0000000000E+00   
tni vd2                        2.25000000E-02   0.0000000000E+00 +-    0.0000000000E+00   
tni ve                         2.25000000E-02   0.0000000000E+00 +-    0.0000000000E+00   
vpottot v8+tni                 2.25000000E-02  -1.6634123970E+02 +-    4.4679863924E+00   
enetot v8+tni                  2.25000000E-02  -3.3671661211E+01 +-    8.3131586859E-01   
vper cent                      2.25000000E-02   8.9206934347E+01 +-    4.0812417876E+00   
vper tau                       2.25000000E-02  -2.2515106227E+01 +-    4.5806418685E-01   
vper sigma                     2.25000000E-02   2.6501664665E+01 +-    7.5823206576E-01   
vper sigtau                    2.25000000E-02  -5.2197610866E+01 +-    8.6980886923E-01   
vper tensor                    2.25000000E-02   1.2060850468E+01 +-    2.2137996122E-01   
vper tenstau                   2.25000000E-02  -2.1939797208E+02 +-    1.2304766196E+00   
vper ls                        2.25000000E-02   0.0000000000E+00 +-    0.0000000000E+00   
vper lstau                     2.25000000E-02   0.0000000000E+00 +-    0.0000000000E+00   
vpotper v6                     2.25000000E-02  -1.6634123970E+02 +-    4.4679863924E+00   
vpotper v8                     2.25000000E-02  -1.6634123970E+02 +-    4.4679863924E+00   
vpotv6pr-vpotv6per diff        2.25000000E-02   0.0000000000E+00 +-    0.0000000000E+00   
vpotv8pr-vpotv8per diff        2.25000000E-02   0.0000000000E+00 +-    0.0000000000E+00   
2piapr-2pia diff               2.25000000E-02   0.0000000000E+00 +-    0.0000000000E+00   
vd1pr-vd1 diff                 2.25000000E-02   0.0000000000E+00 +-    0.0000000000E+00   
vepr-ve diff                   2.25000000E-02   0.0000000000E+00 +-    0.0000000000E+00   
diff1 2piapr-2pia-2picxx       2.25000000E-02   0.0000000000E+00 +-    0.0000000000E+00   
diff2 vd1pr-vd1-2picxd         2.25000000E-02   0.0000000000E+00 +-    0.0000000000E+00   
diff3 vepr-ve-2picdd           2.25000000E-02   0.0000000000E+00 +-    0.0000000000E+00   
sum diff1+dif2+diff3           2.25000000E-02   0.0000000000E+00 +-    0.0000000000E+00   
proton rms                     2.25000000E-02   1.9521902501E+00 +-    4.1775138749E-03   
neutron rms                    2.25000000E-02   1.8323285218E+00 +-    1.3263200867E-02   
total rms                      2.25000000E-02   1.8948893674E+00 +-    9.1905656600E-03   
neutron-proton rms             2.25000000E-02  -1.1986172830E-01 +-    8.2203747170E-03   
GT sigXtau+                    2.25000000E-02   6.9400954407E-04 +-    3.6973864637E-05   
GT sigYtau+                    2.25000000E-02  -3.6460848658E-03 +-    3.5466974874E-05   
GT sigZtau+                    2.25000000E-02  -2.0147958629E-03 +-    4.4996964935E-05   
GT sigXtau-                    2.25000000E-02   2.7828701908E-03 +-    2.8390613427E-05   
GT sigYtau-                    2.25000000E-02   1.2900226492E-03 +-    3.7266185285E-05   
GT sigZtau-                    2.25000000E-02   1.4840448736E-04 +-    1.5029228692E-05   
F tau+                         2.25000000E-02   8.8587143788E-19 +-    1.3717017054E-19   
F tau-                         2.25000000E-02  -3.7490462752E-18 +-    1.0131502021E-19   
Psi**2                         2.25000000E-02  -1.3649767930E-05 +-    1.4635282161E-06   
single crossing/step           2.25000000E-02   8.3490624589E-03 +-    4.3464623164E-05   
global crossing/step           2.25000000E-02   8.1277290185E-03 +-    8.5778831986E-05   
energy numerator(real)         2.25000000E-02  -1.2442517352E+00 +-    8.4276108978E-01   
denominator psit/psigi(real)   2.25000000E-02   3.3586469252E-02 +-    1.3324911228E-02   
energy numerator(aimag)        2.25000000E-02   4.8511243969E-02 +-    5.9316101964E-01   
denominator psit/psigi(aimag)  2.25000000E-02  -1.1377358501E-02 +-    9.0312474716E-03   
growth(lin dt) energy          2.25000000E-02  -2.7026258238E+02 +-    5.8842078600E+00   
growth(global) energy          2.25000000E-02  -2.7700776307E+02 +-    1.2283250315E+01
growth energy                  2.25000000E-02  -2.6991799634E+02 +-    5.8594218297E+00
Time for propagation (sec) (min) =          21.819      0.364
Time for energies (sec) (min) =              0.796      0.013
Time for load balancing (sec) (min) =        0.027      0.000
Time for block (sec) (min) =                23.190      0.387
Time for operators (sec) (min) =             0.018      0.000
Elapsed block time (sec) (min) =           207.074      3.451
 
 walkers multiplicity, block, total
   0          56008         470287
   1        1007932        9052792
   2          55227         461578
   3            459           3531
   4             81            644
   5             21            187
   6              9             75
   7             11             56
   8              5             23
   9              2             19
  10              2              9
  11              0              4
  12              0              4
  13              0              3
  15              0              3
  16              1              1
  19              0              1
  20              0              6
 
 

iteration =                              10
walker number =                       11601
total energy-propagated        2.50000000E-02  -8.2588571969E+00 +-    9.4086844281E-01   
kinetic energy                 2.50000000E-02   2.3312842215E+02 +-    3.0859366244E+00   
potential energy               2.50000000E-02  -2.4138727935E+02 +-    3.7048539036E+00   
im energy                      2.50000000E-02  -2.7699644357E+00 +-    6.2418503451E-01   
imkin energy                   2.50000000E-02   4.8859060250E-01 +-    1.0150348226E+00   
impot energy                   2.50000000E-02  -3.2585550382E+00 +-    8.2802288731E-01   
v cent                         2.50000000E-02  -3.0598538738E+01 +-    4.2200460951E+00   
v tau                          2.50000000E-02  -2.3858725560E+01 +-    3.9702363863E-01   
v sigma                        2.50000000E-02   1.0558670816E+01 +-    5.2313680663E-01   
v sigtau                       2.50000000E-02  -1.3737714399E+02 +-    4.4044791420E-01   
v tensor                       2.50000000E-02   5.9056936864E+00 +-    4.5588655683E-01   
v tenstau                      2.50000000E-02  -6.6017235559E+01 +-    2.1916435720E+00   
v ls                           2.50000000E-02   0.0000000000E+00 +-    0.0000000000E+00   
v lstau                        2.50000000E-02   0.0000000000E+00 +-    0.0000000000E+00   
vpot v6                        2.50000000E-02  -2.4138727935E+02 +-    3.7048539036E+00   
vpot v8                        2.50000000E-02  -2.4138727935E+02 +-    3.7048539036E+00   
v coulomb                      2.50000000E-02   8.5082195608E-01 +-    4.8728954795E-03   
v external                     2.50000000E-02   0.0000000000E+00 +-    0.0000000000E+00   
tni 2pipr-anticomm             2.50000000E-02   0.0000000000E+00 +-    0.0000000000E+00   
tni vd1pr                      2.50000000E-02   0.0000000000E+00 +-    0.0000000000E+00   
tni vepr                       2.50000000E-02   0.0000000000E+00 +-    0.0000000000E+00   
tni central                    2.50000000E-02   0.0000000000E+00 +-    0.0000000000E+00   
tni 2pixx-anticommutator       2.50000000E-02   0.0000000000E+00 +-    0.0000000000E+00   
tni 2pixd-anticommutator       2.50000000E-02   0.0000000000E+00 +-    0.0000000000E+00   
tni 2pidd-anticommutator       2.50000000E-02   0.0000000000E+00 +-    0.0000000000E+00   
tni 2pixx-commutator           2.50000000E-02   0.0000000000E+00 +-    0.0000000000E+00   
tni 2pixd-commutator           2.50000000E-02   0.0000000000E+00 +-    0.0000000000E+00   
tni 2pidd-commutator           2.50000000E-02   0.0000000000E+00 +-    0.0000000000E+00   
tni 2pi-tm                     2.50000000E-02   0.0000000000E+00 +-    0.0000000000E+00   
tni vd1                        2.50000000E-02   0.0000000000E+00 +-    0.0000000000E+00   
tni vd2                        2.50000000E-02   0.0000000000E+00 +-    0.0000000000E+00   
tni ve                         2.50000000E-02   0.0000000000E+00 +-    0.0000000000E+00   
vpottot v8+tni                 2.50000000E-02  -2.4138727935E+02 +-    3.7048539036E+00   
enetot v8+tni                  2.50000000E-02  -8.2588571969E+00 +-    9.4086844281E-01   
vper cent                      2.50000000E-02  -3.0598538738E+01 +-    4.2200460951E+00   
vper tau                       2.50000000E-02  -2.3858725560E+01 +-    3.9702363863E-01   
vper sigma                     2.50000000E-02   1.0558670816E+01 +-    5.2313680663E-01   
vper sigtau                    2.50000000E-02  -1.3737714399E+02 +-    4.4044791420E-01   
vper tensor                    2.50000000E-02   5.9056936864E+00 +-    4.5588655683E-01   
vper tenstau                   2.50000000E-02  -6.6017235559E+01 +-    2.1916435720E+00   
vper ls                        2.50000000E-02   0.0000000000E+00 +-    0.0000000000E+00   
vper lstau                     2.50000000E-02   0.0000000000E+00 +-    0.0000000000E+00   
vpotper v6                     2.50000000E-02  -2.4138727935E+02 +-    3.7048539036E+00   
vpotper v8                     2.50000000E-02  -2.4138727935E+02 +-    3.7048539036E+00   
vpotv6pr-vpotv6per diff        2.50000000E-02   0.0000000000E+00 +-    0.0000000000E+00   
vpotv8pr-vpotv8per diff        2.50000000E-02   0.0000000000E+00 +-    0.0000000000E+00   
2piapr-2pia diff               2.50000000E-02   0.0000000000E+00 +-    0.0000000000E+00   
vd1pr-vd1 diff                 2.50000000E-02   0.0000000000E+00 +-    0.0000000000E+00   
vepr-ve diff                   2.50000000E-02   0.0000000000E+00 +-    0.0000000000E+00   
diff1 2piapr-2pia-2picxx       2.50000000E-02   0.0000000000E+00 +-    0.0000000000E+00   
diff2 vd1pr-vd1-2picxd         2.50000000E-02   0.0000000000E+00 +-    0.0000000000E+00   
diff3 vepr-ve-2picdd           2.50000000E-02   0.0000000000E+00 +-    0.0000000000E+00   
sum diff1+dif2+diff3           2.50000000E-02   0.0000000000E+00 +-    0.0000000000E+00   
proton rms                     2.50000000E-02   1.1198656345E+00 +-    1.1004607073E-02   
neutron rms                    2.50000000E-02   1.2125672603E+00 +-    7.2653086664E-03   
total rms                      2.50000000E-02   1.1613830537E+00 +-    5.1713749235E-03   
neutron-proton rms             2.50000000E-02   9.2701625808E-02 +-    1.1824023641E-02   
GT sigXtau+                    2.50000000E-02  -1.9246947856E-04 +-    3.4860783849E-05   
GT sigYtau+                    2.50000000E-02   1.6366667540E-03 +-    4.5580438803E-05   
GT sigZtau+                    2.50000000E-02  -1.1958843775E-03 +-    4.9273204533E-05   
GT sigXtau-                    2.50000000E-02  -1.4305093625E-04 +-    3.9111449071E-05   
GT sigYtau-                    2.50000000E-02  -1.8342131604E-03 +-    3.4379874501E-05   
GT sigZtau-                    2.50000000E-02  -7.4503359246E-04 +-    4.5377950003E-05   
F tau+                         2.50000000E-02   1.0595346885E-18 +-    8.1013455679E-20   
F tau-                         2.50000000E-02  -1.2458848998E-18 +-    9.0098296463E-20   
Psi**2                         2.50000000E-02   9.4444275783E-05 +-    1.4352700111E-06   
single crossing/step           2.50000000E-02   8.2941480813E-03 +-    4.3393937169E-05   
global crossing/step           2.50000000E-02   8.1526690994E-03 +-    8.6050627833E-05   
energy numerator(real)         2.50000000E-02  -4.1809740072E-01 +-    9.2364898428E-01   
denominator psit/psigi(real)   2.50000000E-02   4.1984008719E-02 +-    1.3279099447E-02   
energy numerator(aimag)        2.50000000E-02  -8.7799420844E-02 +-    6.5273189493E-01   
denominator psit/psigi(aimag)  2.50000000E-02   2.5089211728E-02 +-    9.2908704188E-03   
growth(lin dt) energy          2.50000000E-02  -2.8004672220E+02 +-    5.8790556336E+00   
growth(global) energy          2.50000000E-02  -2.6283024309E+02 +-    1.2714443410E+01
growth energy                  2.50000000E-02  -2.7966044955E+02 +-    5.8528660803E+00
Time for propagation (sec) (min) =          21.744      0.362
Time for energies (sec) (min) =              0.809      0.013
Time for load balancing (sec) (min) =        0.031      0.001
Time for block (sec) (min) =                23.056      0.384
Time for operators (sec) (min) =             0.017      0.000
Elapsed block time (sec) (min) =           230.147      3.836
 
 walkers multiplicity, block, total
   0          55962         526249
   1        1004871       10057663
   2          54723         516301
   3            457           3988
   4             87            731
   5             31            218
   6              9             84
   7              3             59
   8              3             26
   9              1             20
  10              2             11
  11              1              5
  12              0              4
  13              0              3
  14              1              1
  15              0              3
  16              0              1
  19              0              1
  20              0              6
 
 

Time for steps      =     230.155 seconds,        3.836 minutes
Master Time for steps =     229.964 seconds,        3.833 minutes

Number of cpus =       100
Total job time =     235.486 seconds,        3.925 minutes,        0.065 hours
Total cpu-time =     392.477 minutes,        6.541 hours
Total time =         235.266 seconds,        3.921 minutes,        0.065 hours
Finished!
