Unconstrained Diffusion Monte Carlo Run -- no drift
!-!-!-!-!-!-!-!-!-!-!-!-!-!-!-!-!-!-!-!-!-!-!-!-!-!
MPI parameters:
Number of boss cpus =                         100
Number of worker cpus for each boss =           0
Total number of cpus =                        100
Simulation parameters:
random number seed =                          321
hbar^2/2m =                              20.73554
start from sites =                              F
nwalk =                                     10000
equilibration blocks =                          0
averaging blocks =                             10
nsteps/blocks =                               100
time step =                          0.0000250000
time step rotations (vmc) =          0.1700000000
trial energy =                          -26.00000
drift cutoff =                            0.00000
drastic population control up =           1.20000
drastic population control down =         0.80000
rebalance if walkers fluctuate more than   2.00 %
weight cut off =                         20.00000
table size =                                 8000
!-!-!-!-!-!-!-!-!-!-!-!-!-!-!-!-!-!-!-!-!-!-!-!-!-!
System parameters:
lpot =                                         11
lpotper =                                      11
potential  =                          argonne v6'
potentialpr =                         argonne v6'
Coulomb included in energy-propagation          F
multiply central v by =                   1.00000
multiply tau v by =                       1.00000
multiply sigma v by =                     1.00000
multiply sigma tau v by =                 1.00000
multiply tensor v by =                    1.00000
multiply tensor tau v by =                1.00000
multiply spin-orbit v by =                0.00000
multiply spin-orbit tau v by =            0.00000
three-body potential =                        no3
ibox (0 is nearest image) =                     0
!-!-!-!-!-!-!-!-!-!-!-!-!-!-!-!-!-!-!-!-!-!-!-!-!-!
propagate LS =                                  F
calculate LS =                                  F
type of correlations =           independent pair
scale orbital   1 with factor    1.14000
determinant # 1
coefficient                     1.00000   0.00000
1  1  0  1  alpha.orb    # 2J,2M,L,tau radial_file for state                    
1 -1  0  1  alpha.orb    # 2J,2M,L,tau radial_file for state                    
1  1  0 -1  alpha.orb    # 2J,2M,L,tau radial_file for state                    
1 -1  0 -1  alpha.orb    # 2J,2M,L,tau radial_file for state                    
rescaled coefficient            1.00000   0.00000
!-!-!-!-!-!-!-!-!-!-!-!-!-!-!-!-!-!-!-!-!-!-!-!-!-!
No external potential
!-!-!-!-!-!-!-!-!-!-!-!-!-!-!-!-!-!-!-!-!-!-!-!-!-!
rcut in pair sampling =                   1.00000
acut in pair sampling =                   5.00000
a constant in psig =                      0.20000
Number of protons =                             2
Number of neutrons =                            2
range of the potential =                 20.00000
!-!-!-!-!-!-!-!-!-!-!-!-!-!-!-!-!-!-!-!-!-!-!-!-!-!
do V3 =                                         F
three body force =                            no3
three body a2piPwa =                      0.000000000000000
three body a2piPwc =                      0.000000000000000
three body a2piSw =                       0.000000000000000
three body Vd,C,c3 =                      0.000000000000000
three body Ve,C,c3 =                      0.000000000000000
three body A_R =                          0.000000000000000
three body Vd1 =                          0.000000000000000
three body Vd2 =                          0.000000000000000
three body Ve =                           0.000000000000000
propagator: multiply the antic by =       0.000000000000000
propagator: multiply the Vd1 by =         0.000000000000000
propagator: multiply the Ve by =          0.000000000000000
propagator: three body a2piPW =           0.000000000000000
!-!-!-!-!-!-!-!-!-!-!-!-!-!-!-!-!-!-!-!-!-!-!-!-!-!
jastrow healing distance dc =             4.47768
jastrow healing distance dtn =           11.57317
jastrow rho =                             0.01000
potential quencher acn (v1) =             1.50851
potential quencher at  (v2) =             6.06936
potential quencher as  (v3) =             2.76780
potential quencher ast (v4) =             0.80880
potential quencher atn (v5) =             0.61864
potential quencher atn (v6) =             0.20141
potential quencher als (v7) =             0.00000
potential quencher alst (v8) =            0.00000
correlation quencher bt (f2) =            0.26685
correlation quencher bs (f3) =           -0.10565
correlation quencher bst (f4) =           0.42277
correlation quencher btn (f5) =           1.08683
correlation quencher btn (f6) =           4.44810
correlation quencher bls (f7) =           0.00000
correlation quencher blst (f8) =          0.00000
!-!-!-!-!-!-!-!-!-!-!-!-!-!-!-!-!-!-!-!-!-!-!-!-!-!
q1c parameter in f3c =                   12.87526
q2c parameter in f3c =                    1.60340
q1p parameter in f3p =                   -1.81620
q2p parameter in f3p =                    2.14789
!-!-!-!-!-!-!-!-!-!-!-!-!-!-!-!-!-!-!-!-!-!-!-!-!-!
rscal parameter in Uijk cent =            1.00000
rscal parameter in Uijk xpi =             1.00000
rscal parameter in Uijk delta =           1.00000
eps_c parameter in Uijk =                 0.00000
eps_anti parameter in Uijk =              0.00000
eps_tm parameter in Uijk =                0.00000
eps_vd1 parameter in Uijk =               0.00000
eps_vd2 parameter in Uijk =               0.00000
eps_vdc3 parameter in Uijk =              0.00000
eps_vec3 parameter in Uijk =              0.00000
eps_ve parameter in Uijk =                0.00000
eps_comm parameter in Uijk =              0.00000
eps_comm-XD parameter in Uijk =           0.00000
eps_comm-DD parameter in Uijk =           0.00000
TNI-comm correlation included =                 F
!-!-!-!-!-!-!-!-!-!-!-!-!-!-!-!-!-!-!-!-!-!-!-!-!-!
CSB correlation rscalpp =                 1.00000
CSB correlation rscalnn =                 1.00000
CSB correlation quencher pp =             0.00000
CSB correlation quencher nn =             0.00000
CSB correlation included =                      F
!-!-!-!-!-!-!-!-!-!-!-!-!-!-!-!-!-!-!-!-!-!-!-!-!-!
jastrow initialized
!-!-!-!-!-!-!-!-!-!-!-!-!-!-!-!-!-!-!-!-!-!-!-!-!-!
Symmetrize V6 in the propagator =               T
New propagation of Vlstau and commutator included!
Coulomb included in energy (and propag)         F
Initial walkers from file
Number of walkers =                          9744
Configurations at tau =              1.0375000000
Reset tau =                          0.0000000000
!-!-!-!-!-!-!-!-!-!-!-!-!-!-!-!-!-!-!-!-!-!-!-!-!-!
Time for reading configurations (sec.) =       0.88
!-!-!-!-!-!-!-!-!-!-!-!-!-!-!-!-!-!-!-!-!-!-!-!-!-!
Initial configurations:
total energy-propagated        0.00000000E+00  -2.6694369133E+01 +-    3.2995604259E-01   
kinetic energy                 0.00000000E+00   1.0933499028E+02 +-    1.5040306157E+00   
potential energy               0.00000000E+00  -1.3602935942E+02 +-    1.4764186736E+00   
v cent                         0.00000000E+00   1.6124517478E+01 +-    1.3415325103E+00   
v tau                          0.00000000E+00  -7.3229319558E+00 +-    2.0888522145E-01   
v sigma                        0.00000000E+00  -8.7014752077E+00 +-    2.2686196888E-01   
v sigtau                       0.00000000E+00  -6.1979825200E+01 +-    5.2748254332E-01   
v tensor                       0.00000000E+00   4.7012387990E-01 +-    1.2717181713E-01   
v tenstau                      0.00000000E+00  -7.4619768410E+01 +-    9.2358088337E-01   
v ls                           0.00000000E+00   0.0000000000E+00 +-    0.0000000000E+00   
v lstau                        0.00000000E+00   0.0000000000E+00 +-    0.0000000000E+00   
v coulomb                      0.00000000E+00   7.5197422971E-01 +-    2.6803502396E-03   
v external                     0.00000000E+00   0.0000000000E+00 +-    0.0000000000E+00   
tni 2pipr-anticomm             0.00000000E+00   0.0000000000E+00 +-    0.0000000000E+00   
tni vd1pr                      0.00000000E+00   0.0000000000E+00 +-    0.0000000000E+00   
tni vepr                       0.00000000E+00   0.0000000000E+00 +-    0.0000000000E+00   
tni central                    0.00000000E+00   0.0000000000E+00 +-    0.0000000000E+00   
tni 2pixx-anticommutator       0.00000000E+00   0.0000000000E+00 +-    0.0000000000E+00   
tni 2pixd-anticommutator       0.00000000E+00   0.0000000000E+00 +-    0.0000000000E+00   
tni 2pidd-anticommutator       0.00000000E+00   0.0000000000E+00 +-    0.0000000000E+00   
tni 2pixx-commutator           0.00000000E+00   0.0000000000E+00 +-    0.0000000000E+00   
tni 2pixd-commutator           0.00000000E+00   0.0000000000E+00 +-    0.0000000000E+00   
tni 2pidd-commutator           0.00000000E+00   0.0000000000E+00 +-    0.0000000000E+00   
tni 2pi-tm                     0.00000000E+00   0.0000000000E+00 +-    0.0000000000E+00   
tni vd1                        0.00000000E+00   0.0000000000E+00 +-    0.0000000000E+00   
tni vd2                        0.00000000E+00   0.0000000000E+00 +-    0.0000000000E+00   
tni ve                         0.00000000E+00   0.0000000000E+00 +-    0.0000000000E+00   
enetot v8+tni                  0.00000000E+00  -2.6694369133E+01 +-    3.2995604259E-01   
!-!-!-!-!-!-!-!-!-!-!-!-!-!-!-!-!-!-!-!-!-!-!-!-!-!
Psi**2 of initial configurations  =   0.2822321E-04  0.0000000E+00  +-    0.6739176E-06  0.0000000E+00
Psig**2 of initial configurations =   0.1847803E-04  0.0000000E+00  +-    0.5242157E-06  0.0000000E+00
!-!-!-!-!-!-!-!-!-!-!-!-!-!-!-!-!-!-!-!-!-!-!-!-!-!
T**2 of initial configurations  =  -0.1503945E-07  0.9823015E-09
Tz of initial configurations    =   0.5991636E-15 -0.9838603E-14
J**2 of initial configurations  =   0.3193706E-07  0.5785653E-09
Jz of initial configurations    =   0.1089451E-13 -0.2709123E-13
!-!-!-!-!-!-!-!-!-!-!-!-!-!-!-!-!-!-!-!-!-!-!-!-!-!
!-!-!-!-!-!-!-!-!-!-!-!-!-!-!-!-!-!-!-!-!-!-!-!-!-!
Time to process initial configurations (sec.) =       1.67
!-!-!-!-!-!-!-!-!-!-!-!-!-!-!-!-!-!-!-!-!-!-!-!-!-!

equilibration done

iteration =                               1
walker number =                       10411
total energy-propagated        2.50000000E-03  -2.6426905504E+01 +-    3.4348974335E-01   
kinetic energy                 2.50000000E-03   1.0880695121E+02 +-    1.6381160186E+00   
potential energy               2.50000000E-03  -1.3523385672E+02 +-    1.6279194891E+00   
im energy                      2.50000000E-03  -1.0535581409E+00 +-    2.2429166275E-01   
imkin energy                   2.50000000E-03  -3.5932664910E-01 +-    4.4737066361E-01   
impot energy                   2.50000000E-03  -6.9423149175E-01 +-    4.3328899017E-01   
v cent                         2.50000000E-03   1.7254203499E+01 +-    1.4180230635E+00   
v tau                          2.50000000E-03  -6.9627312016E+00 +-    2.1381020036E-01   
v sigma                        2.50000000E-03  -8.4300918741E+00 +-    2.4042439671E-01   
v sigtau                       2.50000000E-03  -6.1755221929E+01 +-    4.9931001419E-01   
v tensor                       2.50000000E-03   5.2848648451E-01 +-    1.1838525044E-01   
v tenstau                      2.50000000E-03  -7.5868501695E+01 +-    9.8369665837E-01   
v ls                           2.50000000E-03   0.0000000000E+00 +-    0.0000000000E+00   
v lstau                        2.50000000E-03   0.0000000000E+00 +-    0.0000000000E+00   
vpot v6                        2.50000000E-03  -1.3523385672E+02 +-    1.6279194891E+00   
vpot v8                        2.50000000E-03  -1.3523385672E+02 +-    1.6279194891E+00   
v coulomb                      2.50000000E-03   7.5950120180E-01 +-    2.3201771252E-03   
v external                     2.50000000E-03   0.0000000000E+00 +-    0.0000000000E+00   
tni 2pipr-anticomm             2.50000000E-03   0.0000000000E+00 +-    0.0000000000E+00   
tni vd1pr                      2.50000000E-03   0.0000000000E+00 +-    0.0000000000E+00   
tni vepr                       2.50000000E-03   0.0000000000E+00 +-    0.0000000000E+00   
tni central                    2.50000000E-03   0.0000000000E+00 +-    0.0000000000E+00   
tni 2pixx-anticommutator       2.50000000E-03   0.0000000000E+00 +-    0.0000000000E+00   
tni 2pixd-anticommutator       2.50000000E-03   0.0000000000E+00 +-    0.0000000000E+00   
tni 2pidd-anticommutator       2.50000000E-03   0.0000000000E+00 +-    0.0000000000E+00   
tni 2pixx-commutator           2.50000000E-03   0.0000000000E+00 +-    0.0000000000E+00   
tni 2pixd-commutator           2.50000000E-03   0.0000000000E+00 +-    0.0000000000E+00   
tni 2pidd-commutator           2.50000000E-03   0.0000000000E+00 +-    0.0000000000E+00   
tni 2pi-tm                     2.50000000E-03   0.0000000000E+00 +-    0.0000000000E+00   
tni vd1                        2.50000000E-03   0.0000000000E+00 +-    0.0000000000E+00   
tni vd2                        2.50000000E-03   0.0000000000E+00 +-    0.0000000000E+00   
tni ve                         2.50000000E-03   0.0000000000E+00 +-    0.0000000000E+00   
vpottot v8+tni                 2.50000000E-03  -1.3523385672E+02 +-    1.6279194891E+00   
enetot v8+tni                  2.50000000E-03  -2.6426905504E+01 +-    3.4348974335E-01   
vper cent                      2.50000000E-03   1.7254203499E+01 +-    1.4180230635E+00   
vper tau                       2.50000000E-03  -6.9627312016E+00 +-    2.1381020036E-01   
vper sigma                     2.50000000E-03  -8.4300918741E+00 +-    2.4042439671E-01   
vper sigtau                    2.50000000E-03  -6.1755221929E+01 +-    4.9931001419E-01   
vper tensor                    2.50000000E-03   5.2848648451E-01 +-    1.1838525044E-01   
vper tenstau                   2.50000000E-03  -7.5868501695E+01 +-    9.8369665837E-01   
vper ls                        2.50000000E-03   0.0000000000E+00 +-    0.0000000000E+00   
vper lstau                     2.50000000E-03   0.0000000000E+00 +-    0.0000000000E+00   
vpotper v6                     2.50000000E-03  -1.3523385672E+02 +-    1.6279194891E+00   
vpotper v8                     2.50000000E-03  -1.3523385672E+02 +-    1.6279194891E+00   
vpotv6pr-vpotv6per diff        2.50000000E-03   0.0000000000E+00 +-    0.0000000000E+00   
vpotv8pr-vpotv8per diff        2.50000000E-03   0.0000000000E+00 +-    0.0000000000E+00   
2piapr-2pia diff               2.50000000E-03   0.0000000000E+00 +-    0.0000000000E+00   
vd1pr-vd1 diff                 2.50000000E-03   0.0000000000E+00 +-    0.0000000000E+00   
vepr-ve diff                   2.50000000E-03   0.0000000000E+00 +-    0.0000000000E+00   
diff1 2piapr-2pia-2picxx       2.50000000E-03   0.0000000000E+00 +-    0.0000000000E+00   
diff2 vd1pr-vd1-2picxd         2.50000000E-03   0.0000000000E+00 +-    0.0000000000E+00   
diff3 vepr-ve-2picdd           2.50000000E-03   0.0000000000E+00 +-    0.0000000000E+00   
sum diff1+dif2+diff3           2.50000000E-03   0.0000000000E+00 +-    0.0000000000E+00   
proton rms                     2.50000000E-03   1.9833685204E+00 +-    1.1419213182E-02   
neutron rms                    2.50000000E-03   2.0136726014E+00 +-    1.3007970511E-02   
total rms                      2.50000000E-03   1.9978470909E+00 +-    1.1155783167E-02   
neutron-proton rms             2.50000000E-03   3.0304081009E-02 +-    1.0031205036E-02   
GT sigXtau+                    2.50000000E-03  -5.4989600954E-05 +-    2.2583558673E-05   
GT sigYtau+                    2.50000000E-03   4.7023482454E-06 +-    2.3109042362E-05   
GT sigZtau+                    2.50000000E-03  -1.4650023739E-04 +-    2.3455893816E-05   
GT sigXtau-                    2.50000000E-03   6.5229837131E-05 +-    2.2723267324E-05   
GT sigYtau-                    2.50000000E-03   1.0903348915E-04 +-    2.4927359919E-05   
GT sigZtau-                    2.50000000E-03  -3.1341829612E-05 +-    2.4134162926E-05   
F tau+                         2.50000000E-03   5.1855005850E-20 +-    4.2199435682E-20   
F tau-                         2.50000000E-03  -1.8417532310E-20 +-    4.6038592566E-20   
Psi**2                         2.50000000E-03   2.8859990019E-05 +-    6.7448618562E-07   
single crossing/step           2.50000000E-03   8.9026253086E-03 +-    4.5480124911E-05   
global crossing/step           2.50000000E-03   8.8322970067E-03 +-    9.0603471360E-05   
energy numerator(real)         2.50000000E-03  -2.7823134279E+01 +-    6.8549528855E-01   
denominator psit/psigi(real)   2.50000000E-03   1.0524801693E+00 +-    1.1262147826E-02   
energy numerator(aimag)        2.50000000E-03  -1.0252613004E+00 +-    4.7849369787E-01   
denominator psit/psigi(aimag)  2.50000000E-03  -7.9565080308E-03 +-    7.2008565535E-03   
growth(lin dt) energy          2.50000000E-03  -1.9711022406E+02 +-    4.7741035161E+00   
growth(global) energy          2.50000000E-03  -2.0690830048E+02 +-    1.0784306048E+01
growth energy                  2.50000000E-03  -1.9700202302E+02 +-    4.7627328215E+00
Time for propagation (sec) (min) =          21.278      0.355
Time for energies (sec) (min) =              0.728      0.012
Time for load balancing (sec) (min) =        0.066      0.001
Time for block (sec) (min) =                22.787      0.380
Time for operators (sec) (min) =             0.019      0.000
Elapsed block time (sec) (min) =            22.808      0.380
 
 walkers multiplicity, block, total
   0          43588          43588
   1         990925         990925
   2          43726          43726
   3            184            184
   4             28             28
   5              9              9
   6              2              2
   7              2              2
   8              0              0
   9              0              0
  20              1              1
 
 

iteration =                               2
walker number =                       11006
total energy-propagated        5.00000000E-03  -2.5696156754E+01 +-    2.7158241490E-01   
kinetic energy                 5.00000000E-03   1.0494414155E+02 +-    1.4545701201E+00   
potential energy               5.00000000E-03  -1.3064029830E+02 +-    1.4577049325E+00   
im energy                      5.00000000E-03  -1.3604976480E+00 +-    1.6705278493E-01   
imkin energy                   5.00000000E-03   1.0996372337E+00 +-    4.3306768841E-01   
impot energy                   5.00000000E-03  -2.4601348817E+00 +-    3.9720352083E-01   
v cent                         5.00000000E-03   1.5618145177E+01 +-    1.2956437443E+00   
v tau                          5.00000000E-03  -7.2001549221E+00 +-    2.1603825766E-01   
v sigma                        5.00000000E-03  -9.5764752759E+00 +-    2.8509880044E-01   
v sigtau                       5.00000000E-03  -5.9085027301E+01 +-    4.0106244163E-01   
v tensor                       5.00000000E-03   6.9592620803E-01 +-    1.1996954529E-01   
v tenstau                      5.00000000E-03  -7.1092712186E+01 +-    9.0850958345E-01   
v ls                           5.00000000E-03   0.0000000000E+00 +-    0.0000000000E+00   
v lstau                        5.00000000E-03   0.0000000000E+00 +-    0.0000000000E+00   
vpot v6                        5.00000000E-03  -1.3064029830E+02 +-    1.4577049325E+00   
vpot v8                        5.00000000E-03  -1.3064029830E+02 +-    1.4577049325E+00   
v coulomb                      5.00000000E-03   7.5676746176E-01 +-    2.0812908564E-03   
v external                     5.00000000E-03   0.0000000000E+00 +-    0.0000000000E+00   
tni 2pipr-anticomm             5.00000000E-03   0.0000000000E+00 +-    0.0000000000E+00   
tni vd1pr                      5.00000000E-03   0.0000000000E+00 +-    0.0000000000E+00   
tni vepr                       5.00000000E-03   0.0000000000E+00 +-    0.0000000000E+00   
tni central                    5.00000000E-03   0.0000000000E+00 +-    0.0000000000E+00   
tni 2pixx-anticommutator       5.00000000E-03   0.0000000000E+00 +-    0.0000000000E+00   
tni 2pixd-anticommutator       5.00000000E-03   0.0000000000E+00 +-    0.0000000000E+00   
tni 2pidd-anticommutator       5.00000000E-03   0.0000000000E+00 +-    0.0000000000E+00   
tni 2pixx-commutator           5.00000000E-03   0.0000000000E+00 +-    0.0000000000E+00   
tni 2pixd-commutator           5.00000000E-03   0.0000000000E+00 +-    0.0000000000E+00   
tni 2pidd-commutator           5.00000000E-03   0.0000000000E+00 +-    0.0000000000E+00   
tni 2pi-tm                     5.00000000E-03   0.0000000000E+00 +-    0.0000000000E+00   
tni vd1                        5.00000000E-03   0.0000000000E+00 +-    0.0000000000E+00   
tni vd2                        5.00000000E-03   0.0000000000E+00 +-    0.0000000000E+00   
tni ve                         5.00000000E-03   0.0000000000E+00 +-    0.0000000000E+00   
vpottot v8+tni                 5.00000000E-03  -1.3064029830E+02 +-    1.4577049325E+00   
enetot v8+tni                  5.00000000E-03  -2.5696156754E+01 +-    2.7158241490E-01   
vper cent                      5.00000000E-03   1.5618145177E+01 +-    1.2956437443E+00   
vper tau                       5.00000000E-03  -7.2001549221E+00 +-    2.1603825766E-01   
vper sigma                     5.00000000E-03  -9.5764752759E+00 +-    2.8509880044E-01   
vper sigtau                    5.00000000E-03  -5.9085027301E+01 +-    4.0106244163E-01   
vper tensor                    5.00000000E-03   6.9592620803E-01 +-    1.1996954529E-01   
vper tenstau                   5.00000000E-03  -7.1092712186E+01 +-    9.0850958345E-01   
vper ls                        5.00000000E-03   0.0000000000E+00 +-    0.0000000000E+00   
vper lstau                     5.00000000E-03   0.0000000000E+00 +-    0.0000000000E+00   
vpotper v6                     5.00000000E-03  -1.3064029830E+02 +-    1.4577049325E+00   
vpotper v8                     5.00000000E-03  -1.3064029830E+02 +-    1.4577049325E+00   
vpotv6pr-vpotv6per diff        5.00000000E-03   0.0000000000E+00 +-    0.0000000000E+00   
vpotv8pr-vpotv8per diff        5.00000000E-03   0.0000000000E+00 +-    0.0000000000E+00   
2piapr-2pia diff               5.00000000E-03   0.0000000000E+00 +-    0.0000000000E+00   
vd1pr-vd1 diff                 5.00000000E-03   0.0000000000E+00 +-    0.0000000000E+00   
vepr-ve diff                   5.00000000E-03   0.0000000000E+00 +-    0.0000000000E+00   
diff1 2piapr-2pia-2picxx       5.00000000E-03   0.0000000000E+00 +-    0.0000000000E+00   
diff2 vd1pr-vd1-2picxd         5.00000000E-03   0.0000000000E+00 +-    0.0000000000E+00   
diff3 vepr-ve-2picdd           5.00000000E-03   0.0000000000E+00 +-    0.0000000000E+00   
sum diff1+dif2+diff3           5.00000000E-03   0.0000000000E+00 +-    0.0000000000E+00   
proton rms                     5.00000000E-03   2.0391536025E+00 +-    1.1468019187E-02   
neutron rms                    5.00000000E-03   2.0670259498E+00 +-    1.2835659953E-02   
total rms                      5.00000000E-03   2.0543225326E+00 +-    1.0951860965E-02   
neutron-proton rms             5.00000000E-03   2.7872347308E-02 +-    1.0587097443E-02   
GT sigXtau+                    5.00000000E-03  -2.0213332327E-04 +-    2.1565282735E-05   
GT sigYtau+                    5.00000000E-03   3.0940889417E-05 +-    2.1734676230E-05   
GT sigZtau+                    5.00000000E-03  -1.3610472845E-04 +-    2.1931744466E-05   
GT sigXtau-                    5.00000000E-03  -8.0040519209E-06 +-    2.0744927934E-05   
GT sigYtau-                    5.00000000E-03  -8.5552066624E-06 +-    2.0724120511E-05   
GT sigZtau-                    5.00000000E-03  -1.3352069042E-06 +-    1.9292199374E-05   
F tau+                         5.00000000E-03  -1.0165983453E-19 +-    3.5620628616E-20   
F tau-                         5.00000000E-03  -4.6093764326E-20 +-    3.7236228984E-20   
Psi**2                         5.00000000E-03   2.4262263633E-05 +-    5.2059569430E-07   
single crossing/step           5.00000000E-03   7.3731958763E-03 +-    4.0947629109E-05   
global crossing/step           5.00000000E-03   7.2879725086E-03 +-    8.1424083028E-05   
energy numerator(real)         5.00000000E-03  -1.8032928990E+01 +-    7.9414614863E-01   
denominator psit/psigi(real)   5.00000000E-03   7.0205882448E-01 +-    1.2368511352E-02   
energy numerator(aimag)        5.00000000E-03  -7.5423166704E-01 +-    5.3802694072E-01   
denominator psit/psigi(aimag)  5.00000000E-03   1.0631594551E-02 +-    8.2364871205E-03   
growth(lin dt) energy          5.00000000E-03  -1.9966082437E+02 +-    4.9537016837E+00   
growth(global) energy          5.00000000E-03  -1.9985035715E+02 +-    1.1449672677E+01
growth energy                  5.00000000E-03  -1.9954661901E+02 +-    4.9415778161E+00
Time for propagation (sec) (min) =          21.773      0.363
Time for energies (sec) (min) =              0.770      0.013
Time for load balancing (sec) (min) =        0.037      0.001
Time for block (sec) (min) =                23.358      0.389
Time for operators (sec) (min) =             0.022      0.000
Elapsed block time (sec) (min) =            46.231      0.771
 
 walkers multiplicity, block, total
   0          46298          89886
   1        1010491        2001416
   2          46168          89894
   3            244            428
   4             36             64
   5             16             25
   6              3              5
   7              1              3
   8              2              2
   9              0              0
  12              1              1
  20              1              2
 
 

iteration =                               3
walker number =                       11992
total energy-propagated        7.50000000E-03  -3.1353773803E+01 +-    3.3627604909E-01   
kinetic energy                 7.50000000E-03   9.2503219200E+01 +-    1.4087149093E+00   
potential energy               7.50000000E-03  -1.2385699300E+02 +-    1.3168964365E+00   
im energy                      7.50000000E-03  -1.2051653536E+00 +-    2.7615091800E-01   
imkin energy                   7.50000000E-03  -4.8068734457E+00 +-    5.4803035571E-01   
impot energy                   7.50000000E-03   3.6017080921E+00 +-    4.3272696804E-01   
v cent                         7.50000000E-03   8.4674632390E+00 +-    1.2675931922E+00   
v tau                          7.50000000E-03  -6.4807807982E+00 +-    1.9905764150E-01   
v sigma                        7.50000000E-03  -8.8999683252E+00 +-    1.7557551526E-01   
v sigtau                       7.50000000E-03  -5.6972133847E+01 +-    4.4585208455E-01   
v tensor                       7.50000000E-03  -3.7516771421E-01 +-    1.2125932441E-01   
v tenstau                      7.50000000E-03  -5.9596405558E+01 +-    8.7857679379E-01   
v ls                           7.50000000E-03   0.0000000000E+00 +-    0.0000000000E+00   
v lstau                        7.50000000E-03   0.0000000000E+00 +-    0.0000000000E+00   
vpot v6                        7.50000000E-03  -1.2385699300E+02 +-    1.3168964365E+00   
vpot v8                        7.50000000E-03  -1.2385699300E+02 +-    1.3168964365E+00   
v coulomb                      7.50000000E-03   7.7161986394E-01 +-    2.1770650917E-03   
v external                     7.50000000E-03   0.0000000000E+00 +-    0.0000000000E+00   
tni 2pipr-anticomm             7.50000000E-03   0.0000000000E+00 +-    0.0000000000E+00   
tni vd1pr                      7.50000000E-03   0.0000000000E+00 +-    0.0000000000E+00   
tni vepr                       7.50000000E-03   0.0000000000E+00 +-    0.0000000000E+00   
tni central                    7.50000000E-03   0.0000000000E+00 +-    0.0000000000E+00   
tni 2pixx-anticommutator       7.50000000E-03   0.0000000000E+00 +-    0.0000000000E+00   
tni 2pixd-anticommutator       7.50000000E-03   0.0000000000E+00 +-    0.0000000000E+00   
tni 2pidd-anticommutator       7.50000000E-03   0.0000000000E+00 +-    0.0000000000E+00   
tni 2pixx-commutator           7.50000000E-03   0.0000000000E+00 +-    0.0000000000E+00   
tni 2pixd-commutator           7.50000000E-03   0.0000000000E+00 +-    0.0000000000E+00   
tni 2pidd-commutator           7.50000000E-03   0.0000000000E+00 +-    0.0000000000E+00   
tni 2pi-tm                     7.50000000E-03   0.0000000000E+00 +-    0.0000000000E+00   
tni vd1                        7.50000000E-03   0.0000000000E+00 +-    0.0000000000E+00   
tni vd2                        7.50000000E-03   0.0000000000E+00 +-    0.0000000000E+00   
tni ve                         7.50000000E-03   0.0000000000E+00 +-    0.0000000000E+00   
vpottot v8+tni                 7.50000000E-03  -1.2385699300E+02 +-    1.3168964365E+00   
enetot v8+tni                  7.50000000E-03  -3.1353773803E+01 +-    3.3627604909E-01   
vper cent                      7.50000000E-03   8.4674632390E+00 +-    1.2675931922E+00   
vper tau                       7.50000000E-03  -6.4807807982E+00 +-    1.9905764150E-01   
vper sigma                     7.50000000E-03  -8.8999683252E+00 +-    1.7557551526E-01   
vper sigtau                    7.50000000E-03  -5.6972133847E+01 +-    4.4585208455E-01   
vper tensor                    7.50000000E-03  -3.7516771421E-01 +-    1.2125932441E-01   
vper tenstau                   7.50000000E-03  -5.9596405558E+01 +-    8.7857679379E-01   
vper ls                        7.50000000E-03   0.0000000000E+00 +-    0.0000000000E+00   
vper lstau                     7.50000000E-03   0.0000000000E+00 +-    0.0000000000E+00   
vpotper v6                     7.50000000E-03  -1.2385699300E+02 +-    1.3168964365E+00   
vpotper v8                     7.50000000E-03  -1.2385699300E+02 +-    1.3168964365E+00   
vpotv6pr-vpotv6per diff        7.50000000E-03   0.0000000000E+00 +-    0.0000000000E+00   
vpotv8pr-vpotv8per diff        7.50000000E-03   0.0000000000E+00 +-    0.0000000000E+00   
2piapr-2pia diff               7.50000000E-03   0.0000000000E+00 +-    0.0000000000E+00   
vd1pr-vd1 diff                 7.50000000E-03   0.0000000000E+00 +-    0.0000000000E+00   
vepr-ve diff                   7.50000000E-03   0.0000000000E+00 +-    0.0000000000E+00   
diff1 2piapr-2pia-2picxx       7.50000000E-03   0.0000000000E+00 +-    0.0000000000E+00   
diff2 vd1pr-vd1-2picxd         7.50000000E-03   0.0000000000E+00 +-    0.0000000000E+00   
diff3 vepr-ve-2picdd           7.50000000E-03   0.0000000000E+00 +-    0.0000000000E+00   
sum diff1+dif2+diff3           7.50000000E-03   0.0000000000E+00 +-    0.0000000000E+00   
proton rms                     7.50000000E-03   2.0102535187E+00 +-    1.0583585577E-02   
neutron rms                    7.50000000E-03   2.0940483516E+00 +-    1.1044192759E-02   
total rms                      7.50000000E-03   2.0517110822E+00 +-    9.7307786754E-03   
neutron-proton rms             7.50000000E-03   8.3794832898E-02 +-    9.3184588316E-03   
GT sigXtau+                    7.50000000E-03  -9.0940208043E-06 +-    2.1002878856E-05   
GT sigYtau+                    7.50000000E-03  -7.3699580795E-05 +-    1.9386024651E-05   
GT sigZtau+                    7.50000000E-03  -1.4898288803E-04 +-    2.0531400954E-05   
GT sigXtau-                    7.50000000E-03   4.3651942198E-05 +-    1.9725558159E-05   
GT sigYtau-                    7.50000000E-03  -3.2830783240E-04 +-    1.8742562067E-05   
GT sigZtau-                    7.50000000E-03  -1.5314779347E-04 +-    1.5923800806E-05   
F tau+                         7.50000000E-03  -1.0636422399E-19 +-    5.0410036536E-20   
F tau-                         7.50000000E-03   4.2168876645E-20 +-    5.1663018100E-20   
Psi**2                         7.50000000E-03   2.3155826332E-05 +-    4.9757672809E-07   
single crossing/step           7.50000000E-03   7.6009681176E-03 +-    4.1245004354E-05   
global crossing/step           7.50000000E-03   7.4900116640E-03 +-    8.1890291696E-05   
energy numerator(real)         7.50000000E-03  -1.2045430387E+01 +-    7.3552238845E-01   
denominator psit/psigi(real)   7.50000000E-03   3.8111223750E-01 +-    1.2985244568E-02   
energy numerator(aimag)        7.50000000E-03   6.0539454286E-01 +-    5.0493611677E-01   
denominator psit/psigi(aimag)  7.50000000E-03  -4.5173368544E-02 +-    8.6752873957E-03   
growth(lin dt) energy          7.50000000E-03  -2.1914057199E+02 +-    5.2446214347E+00   
growth(global) energy          7.50000000E-03  -2.1486399817E+02 +-    1.0368889959E+01
growth energy                  7.50000000E-03  -2.1897517243E+02 +-    5.2292262233E+00
Time for propagation (sec) (min) =          22.120      0.369
Time for energies (sec) (min) =              0.839      0.014
Time for load balancing (sec) (min) =        0.033      0.001
Time for block (sec) (min) =                23.513      0.392
Time for operators (sec) (min) =             0.019      0.000
Elapsed block time (sec) (min) =            69.763      1.163
 
 walkers multiplicity, block, total
   0          49197         139083
   1        1021850        3023266
   2          49099         138993
   3            345            773
   4             55            119
   5             26             51
   6             11             16
   7              2              5
   8              2              4
   9              2              2
  10              1              1
  12              0              1
  20              1              3
 
 

iteration =                               4
walker number =                        9945
total energy-propagated        1.00000000E-02  -2.9257507027E+01 +-    4.7823628604E-01   
kinetic energy                 1.00000000E-02   8.4993625444E+01 +-    2.1629976972E+00   
potential energy               1.00000000E-02  -1.1425113247E+02 +-    2.2195627979E+00   
im energy                      1.00000000E-02  -3.8901124831E+00 +-    2.7190713041E-01   
imkin energy                   1.00000000E-02  -4.2304826862E+00 +-    3.2334455933E-01   
impot energy                   1.00000000E-02   3.4037020318E-01 +-    4.4125618602E-01   
v cent                         1.00000000E-02   4.0020098433E+01 +-    2.3206189394E+00   
v tau                          1.00000000E-02  -4.0280887216E+00 +-    3.1329665336E-01   
v sigma                        1.00000000E-02  -1.8827669924E+01 +-    2.8229396378E-01   
v sigtau                       1.00000000E-02  -7.1704591521E+01 +-    6.0410407412E-01   
v tensor                       1.00000000E-02   1.0034882833E+00 +-    1.1500774889E-01   
v tenstau                      1.00000000E-02  -6.0714369021E+01 +-    9.9113657425E-01   
v ls                           1.00000000E-02   0.0000000000E+00 +-    0.0000000000E+00   
v lstau                        1.00000000E-02   0.0000000000E+00 +-    0.0000000000E+00   
vpot v6                        1.00000000E-02  -1.1425113247E+02 +-    2.2195627979E+00   
vpot v8                        1.00000000E-02  -1.1425113247E+02 +-    2.2195627979E+00   
v coulomb                      1.00000000E-02   9.6280896169E-01 +-    2.3104894974E-03   
v external                     1.00000000E-02   0.0000000000E+00 +-    0.0000000000E+00   
tni 2pipr-anticomm             1.00000000E-02   0.0000000000E+00 +-    0.0000000000E+00   
tni vd1pr                      1.00000000E-02   0.0000000000E+00 +-    0.0000000000E+00   
tni vepr                       1.00000000E-02   0.0000000000E+00 +-    0.0000000000E+00   
tni central                    1.00000000E-02   0.0000000000E+00 +-    0.0000000000E+00   
tni 2pixx-anticommutator       1.00000000E-02   0.0000000000E+00 +-    0.0000000000E+00   
tni 2pixd-anticommutator       1.00000000E-02   0.0000000000E+00 +-    0.0000000000E+00   
tni 2pidd-anticommutator       1.00000000E-02   0.0000000000E+00 +-    0.0000000000E+00   
tni 2pixx-commutator           1.00000000E-02   0.0000000000E+00 +-    0.0000000000E+00   
tni 2pixd-commutator           1.00000000E-02   0.0000000000E+00 +-    0.0000000000E+00   
tni 2pidd-commutator           1.00000000E-02   0.0000000000E+00 +-    0.0000000000E+00   
tni 2pi-tm                     1.00000000E-02   0.0000000000E+00 +-    0.0000000000E+00   
tni vd1                        1.00000000E-02   0.0000000000E+00 +-    0.0000000000E+00   
tni vd2                        1.00000000E-02   0.0000000000E+00 +-    0.0000000000E+00   
tni ve                         1.00000000E-02   0.0000000000E+00 +-    0.0000000000E+00   
vpottot v8+tni                 1.00000000E-02  -1.1425113247E+02 +-    2.2195627979E+00   
enetot v8+tni                  1.00000000E-02  -2.9257507027E+01 +-    4.7823628604E-01   
vper cent                      1.00000000E-02   4.0020098433E+01 +-    2.3206189394E+00   
vper tau                       1.00000000E-02  -4.0280887216E+00 +-    3.1329665336E-01   
vper sigma                     1.00000000E-02  -1.8827669924E+01 +-    2.8229396378E-01   
vper sigtau                    1.00000000E-02  -7.1704591521E+01 +-    6.0410407412E-01   
vper tensor                    1.00000000E-02   1.0034882833E+00 +-    1.1500774889E-01   
vper tenstau                   1.00000000E-02  -6.0714369021E+01 +-    9.9113657425E-01   
vper ls                        1.00000000E-02   0.0000000000E+00 +-    0.0000000000E+00   
vper lstau                     1.00000000E-02   0.0000000000E+00 +-    0.0000000000E+00   
vpotper v6                     1.00000000E-02  -1.1425113247E+02 +-    2.2195627979E+00   
vpotper v8                     1.00000000E-02  -1.1425113247E+02 +-    2.2195627979E+00   
vpotv6pr-vpotv6per diff        1.00000000E-02   0.0000000000E+00 +-    0.0000000000E+00   
vpotv8pr-vpotv8per diff        1.00000000E-02   0.0000000000E+00 +-    0.0000000000E+00   
2piapr-2pia diff               1.00000000E-02   0.0000000000E+00 +-    0.0000000000E+00   
vd1pr-vd1 diff                 1.00000000E-02   0.0000000000E+00 +-    0.0000000000E+00   
vepr-ve diff                   1.00000000E-02   0.0000000000E+00 +-    0.0000000000E+00   
diff1 2piapr-2pia-2picxx       1.00000000E-02   0.0000000000E+00 +-    0.0000000000E+00   
diff2 vd1pr-vd1-2picxd         1.00000000E-02   0.0000000000E+00 +-    0.0000000000E+00   
diff3 vepr-ve-2picdd           1.00000000E-02   0.0000000000E+00 +-    0.0000000000E+00   
sum diff1+dif2+diff3           1.00000000E-02   0.0000000000E+00 +-    0.0000000000E+00   
proton rms                     1.00000000E-02   1.6638623250E+00 +-    1.2463936971E-02   
neutron rms                    1.00000000E-02   2.1509297571E+00 +-    1.5991570102E-02   
total rms                      1.00000000E-02   1.8921399608E+00 +-    1.2317940925E-02   
neutron-proton rms             1.00000000E-02   4.8706743212E-01 +-    1.3011851435E-02   
GT sigXtau+                    1.00000000E-02   4.3204938344E-05 +-    2.9779614976E-05   
GT sigYtau+                    1.00000000E-02   3.9721332038E-04 +-    2.7415420966E-05   
GT sigZtau+                    1.00000000E-02   3.9303815251E-04 +-    3.0969402933E-05   
GT sigXtau-                    1.00000000E-02   5.9380110205E-04 +-    2.3612654114E-05   
GT sigYtau-                    1.00000000E-02  -2.1728533560E-04 +-    2.0369750320E-05   
GT sigZtau-                    1.00000000E-02  -4.5539948552E-04 +-    2.8881281380E-05   
F tau+                         1.00000000E-02  -3.7329979473E-19 +-    9.3127402299E-20   
F tau-                         1.00000000E-02   4.5587843867E-19 +-    2.7033482839E-19   
Psi**2                         1.00000000E-02   4.3126279859E-05 +-    1.0152875471E-06   
single crossing/step           1.00000000E-02   8.1117316192E-03 +-    4.2846261254E-05   
global crossing/step           1.00000000E-02   7.9310247267E-03 +-    8.4740368805E-05   
energy numerator(real)         1.00000000E-02  -6.9270257607E+00 +-    9.1812725242E-01   
denominator psit/psigi(real)   1.00000000E-02   2.2099383089E-01 +-    1.4452803152E-02   
energy numerator(aimag)        1.00000000E-02   5.4778365704E-01 +-    6.5243080154E-01   
denominator psit/psigi(aimag)  1.00000000E-02  -6.9127642363E-02 +-    9.8446686509E-03   
growth(lin dt) energy          1.00000000E-02  -2.4245559982E+02 +-    5.5730305867E+00   
growth(global) energy          1.00000000E-02  -2.5017533113E+02 +-    1.1222106296E+01
growth energy                  1.00000000E-02  -2.4221652693E+02 +-    5.5534211718E+00
Time for propagation (sec) (min) =          21.868      0.364
Time for energies (sec) (min) =              0.696      0.012
Time for load balancing (sec) (min) =        0.032      0.001
Time for block (sec) (min) =                23.132      0.386
Time for operators (sec) (min) =             0.018      0.000
Elapsed block time (sec) (min) =            92.922      1.549
 
 walkers multiplicity, block, total
   0          54973         194056
   1        1024589        4047855
   2          51678         190671
   3            403           1176
   4             59            178
   5             26             77
   6              9             25
   7              8             13
   8              1              5
   9              4              6
  10              2              3
  12              1              2
  20              0              3
 
 

iteration =                               5
walker number =                       11360
total energy-propagated        1.25000000E-02  -2.9121205140E+01 +-    2.8767551703E-01   
kinetic energy                 1.25000000E-02   1.0982935562E+02 +-    1.8981589375E+00   
potential energy               1.25000000E-02  -1.3895056076E+02 +-    1.9963344141E+00   
im energy                      1.25000000E-02  -2.2345487899E+00 +-    2.7401747775E-01   
imkin energy                   1.25000000E-02  -6.5074281572E+00 +-    2.8894621930E-01   
impot energy                   1.25000000E-02   4.2728793673E+00 +-    3.0001554530E-01   
v cent                         1.25000000E-02  -1.7768841467E+01 +-    2.0822762575E+00   
v tau                          1.25000000E-02  -3.2252144455E+00 +-    2.5058998291E-01   
v sigma                        1.25000000E-02  -1.1906483961E+01 +-    2.1890222366E-01   
v sigtau                       1.25000000E-02  -4.8387335543E+01 +-    2.0351905763E-01   
v tensor                       1.25000000E-02  -2.2382208203E+00 +-    1.0487461826E-01   
v tenstau                      1.25000000E-02  -5.5424464522E+01 +-    7.2715590629E-01   
v ls                           1.25000000E-02   0.0000000000E+00 +-    0.0000000000E+00   
v lstau                        1.25000000E-02   0.0000000000E+00 +-    0.0000000000E+00   
vpot v6                        1.25000000E-02  -1.3895056076E+02 +-    1.9963344141E+00   
vpot v8                        1.25000000E-02  -1.3895056076E+02 +-    1.9963344141E+00   
v coulomb                      1.25000000E-02   8.2176389586E-01 +-    2.9104194461E-03   
v external                     1.25000000E-02   0.0000000000E+00 +-    0.0000000000E+00   
tni 2pipr-anticomm             1.25000000E-02   0.0000000000E+00 +-    0.0000000000E+00   
tni vd1pr                      1.25000000E-02   0.0000000000E+00 +-    0.0000000000E+00   
tni vepr                       1.25000000E-02   0.0000000000E+00 +-    0.0000000000E+00   
tni central                    1.25000000E-02   0.0000000000E+00 +-    0.0000000000E+00   
tni 2pixx-anticommutator       1.25000000E-02   0.0000000000E+00 +-    0.0000000000E+00   
tni 2pixd-anticommutator       1.25000000E-02   0.0000000000E+00 +-    0.0000000000E+00   
tni 2pidd-anticommutator       1.25000000E-02   0.0000000000E+00 +-    0.0000000000E+00   
tni 2pixx-commutator           1.25000000E-02   0.0000000000E+00 +-    0.0000000000E+00   
tni 2pixd-commutator           1.25000000E-02   0.0000000000E+00 +-    0.0000000000E+00   
tni 2pidd-commutator           1.25000000E-02   0.0000000000E+00 +-    0.0000000000E+00   
tni 2pi-tm                     1.25000000E-02   0.0000000000E+00 +-    0.0000000000E+00   
tni vd1                        1.25000000E-02   0.0000000000E+00 +-    0.0000000000E+00   
tni vd2                        1.25000000E-02   0.0000000000E+00 +-    0.0000000000E+00   
tni ve                         1.25000000E-02   0.0000000000E+00 +-    0.0000000000E+00   
vpottot v8+tni                 1.25000000E-02  -1.3895056076E+02 +-    1.9963344141E+00   
enetot v8+tni                  1.25000000E-02  -2.9121205140E+01 +-    2.8767551703E-01   
vper cent                      1.25000000E-02  -1.7768841467E+01 +-    2.0822762575E+00   
vper tau                       1.25000000E-02  -3.2252144455E+00 +-    2.5058998291E-01   
vper sigma                     1.25000000E-02  -1.1906483961E+01 +-    2.1890222366E-01   
vper sigtau                    1.25000000E-02  -4.8387335543E+01 +-    2.0351905763E-01   
vper tensor                    1.25000000E-02  -2.2382208203E+00 +-    1.0487461826E-01   
vper tenstau                   1.25000000E-02  -5.5424464522E+01 +-    7.2715590629E-01   
vper ls                        1.25000000E-02   0.0000000000E+00 +-    0.0000000000E+00   
vper lstau                     1.25000000E-02   0.0000000000E+00 +-    0.0000000000E+00   
vpotper v6                     1.25000000E-02  -1.3895056076E+02 +-    1.9963344141E+00   
vpotper v8                     1.25000000E-02  -1.3895056076E+02 +-    1.9963344141E+00   
vpotv6pr-vpotv6per diff        1.25000000E-02   0.0000000000E+00 +-    0.0000000000E+00   
vpotv8pr-vpotv8per diff        1.25000000E-02   0.0000000000E+00 +-    0.0000000000E+00   
2piapr-2pia diff               1.25000000E-02   0.0000000000E+00 +-    0.0000000000E+00   
vd1pr-vd1 diff                 1.25000000E-02   0.0000000000E+00 +-    0.0000000000E+00   
vepr-ve diff                   1.25000000E-02   0.0000000000E+00 +-    0.0000000000E+00   
diff1 2piapr-2pia-2picxx       1.25000000E-02   0.0000000000E+00 +-    0.0000000000E+00   
diff2 vd1pr-vd1-2picxd         1.25000000E-02   0.0000000000E+00 +-    0.0000000000E+00   
diff3 vepr-ve-2picdd           1.25000000E-02   0.0000000000E+00 +-    0.0000000000E+00   
sum diff1+dif2+diff3           1.25000000E-02   0.0000000000E+00 +-    0.0000000000E+00   
proton rms                     1.25000000E-02   1.9617256694E+00 +-    1.2622050726E-02   
neutron rms                    1.25000000E-02   2.2212092626E+00 +-    1.2954571119E-02   
total rms                      1.25000000E-02   2.0876688863E+00 +-    1.1153905095E-02   
neutron-proton rms             1.25000000E-02   2.5948359315E-01 +-    1.3275202437E-02   
GT sigXtau+                    1.25000000E-02  -4.0609227425E-04 +-    2.9950730019E-05   
GT sigYtau+                    1.25000000E-02  -4.0307832772E-04 +-    2.7347555880E-05   
GT sigZtau+                    1.25000000E-02  -8.0712770798E-04 +-    1.8376139436E-05   
GT sigXtau-                    1.25000000E-02   5.5384733025E-04 +-    2.3670947600E-05   
GT sigYtau-                    1.25000000E-02  -5.6429758484E-04 +-    2.3215390547E-05   
GT sigZtau-                    1.25000000E-02  -9.3946221850E-05 +-    2.3807694306E-05   
F tau+                         1.25000000E-02  -6.8066026440E-20 +-    4.6160048487E-20   
F tau-                         1.25000000E-02  -2.1657679109E-19 +-    4.8136158224E-20   
Psi**2                         1.25000000E-02   2.5548628881E-05 +-    6.1311590572E-07   
single crossing/step           1.25000000E-02   7.7424910648E-03 +-    4.2148994038E-05   
global crossing/step           1.25000000E-02   7.5792332339E-03 +-    8.3411362176E-05   
energy numerator(real)         1.25000000E-02  -4.3387851482E+00 +-    8.4346437881E-01   
denominator psit/psigi(real)   1.25000000E-02   1.4634288393E-01 +-    1.3435338888E-02   
energy numerator(aimag)        1.25000000E-02   2.8683578032E-02 +-    6.1338046272E-01   
denominator psit/psigi(aimag)  1.25000000E-02   1.9197956717E-02 +-    9.3635315162E-03   
growth(lin dt) energy          1.25000000E-02  -2.3735259191E+02 +-    5.5218812904E+00   
growth(global) energy          1.25000000E-02  -2.2922042983E+02 +-    1.1912287936E+01
growth energy                  1.25000000E-02  -2.3713079830E+02 +-    5.5031549526E+00
Time for propagation (sec) (min) =          21.584      0.360
Time for energies (sec) (min) =              0.795      0.013
Time for load balancing (sec) (min) =        0.029      0.000
Time for block (sec) (min) =                22.917      0.382
Time for operators (sec) (min) =             0.019      0.000
Elapsed block time (sec) (min) =           115.858      1.931
 
 walkers multiplicity, block, total
   0          50790         244846
   1         990717        5038572
   2          51181         241852
   3            349           1525
   4             56            234
   5             23            100
   6              7             32
   7              1             14
   8              1              6
   9              1              7
  10              0              3
  11              1              1
  12              0              2
  20              0              3
 
 

iteration =                               6
walker number =                       11541
total energy-propagated        1.50000000E-02  -1.4789572458E+01 +-    5.8280869879E-01   
kinetic energy                 1.50000000E-02   1.2656886548E+02 +-    2.5890652722E+00   
potential energy               1.50000000E-02  -1.4135843794E+02 +-    2.1902754387E+00   
im energy                      1.50000000E-02  -4.9284045124E+00 +-    3.4070977958E-01   
imkin energy                   1.50000000E-02  -3.8277604739E+00 +-    7.8555190483E-01   
impot energy                   1.50000000E-02  -1.1006440384E+00 +-    5.5771591584E-01   
v cent                         1.50000000E-02   3.5397456943E+01 +-    2.1571698586E+00   
v tau                          1.50000000E-02  -2.8276538774E+01 +-    8.9751428884E-01   
v sigma                        1.50000000E-02   8.8183954162E+00 +-    3.8096821629E-01   
v sigtau                       1.50000000E-02  -6.7216894297E+01 +-    4.2014944324E-01   
v tensor                       1.50000000E-02   3.4754927180E+00 +-    2.1135278161E-01   
v tenstau                      1.50000000E-02  -9.3556349946E+01 +-    1.0103413200E+00   
v ls                           1.50000000E-02   0.0000000000E+00 +-    0.0000000000E+00   
v lstau                        1.50000000E-02   0.0000000000E+00 +-    0.0000000000E+00   
vpot v6                        1.50000000E-02  -1.4135843794E+02 +-    2.1902754387E+00   
vpot v8                        1.50000000E-02  -1.4135843794E+02 +-    2.1902754387E+00   
v coulomb                      1.50000000E-02   6.6996933300E-01 +-    4.1802973938E-03   
v external                     1.50000000E-02   0.0000000000E+00 +-    0.0000000000E+00   
tni 2pipr-anticomm             1.50000000E-02   0.0000000000E+00 +-    0.0000000000E+00   
tni vd1pr                      1.50000000E-02   0.0000000000E+00 +-    0.0000000000E+00   
tni vepr                       1.50000000E-02   0.0000000000E+00 +-    0.0000000000E+00   
tni central                    1.50000000E-02   0.0000000000E+00 +-    0.0000000000E+00   
tni 2pixx-anticommutator       1.50000000E-02   0.0000000000E+00 +-    0.0000000000E+00   
tni 2pixd-anticommutator       1.50000000E-02   0.0000000000E+00 +-    0.0000000000E+00   
tni 2pidd-anticommutator       1.50000000E-02   0.0000000000E+00 +-    0.0000000000E+00   
tni 2pixx-commutator           1.50000000E-02   0.0000000000E+00 +-    0.0000000000E+00   
tni 2pixd-commutator           1.50000000E-02   0.0000000000E+00 +-    0.0000000000E+00   
tni 2pidd-commutator           1.50000000E-02   0.0000000000E+00 +-    0.0000000000E+00   
tni 2pi-tm                     1.50000000E-02   0.0000000000E+00 +-    0.0000000000E+00   
tni vd1                        1.50000000E-02   0.0000000000E+00 +-    0.0000000000E+00   
tni vd2                        1.50000000E-02   0.0000000000E+00 +-    0.0000000000E+00   
tni ve                         1.50000000E-02   0.0000000000E+00 +-    0.0000000000E+00   
vpottot v8+tni                 1.50000000E-02  -1.4135843794E+02 +-    2.1902754387E+00   
enetot v8+tni                  1.50000000E-02  -1.4789572458E+01 +-    5.8280869879E-01   
vper cent                      1.50000000E-02   3.5397456943E+01 +-    2.1571698586E+00   
vper tau                       1.50000000E-02  -2.8276538774E+01 +-    8.9751428884E-01   
vper sigma                     1.50000000E-02   8.8183954162E+00 +-    3.8096821629E-01   
vper sigtau                    1.50000000E-02  -6.7216894297E+01 +-    4.2014944324E-01   
vper tensor                    1.50000000E-02   3.4754927180E+00 +-    2.1135278161E-01   
vper tenstau                   1.50000000E-02  -9.3556349946E+01 +-    1.0103413200E+00   
vper ls                        1.50000000E-02   0.0000000000E+00 +-    0.0000000000E+00   
vper lstau                     1.50000000E-02   0.0000000000E+00 +-    0.0000000000E+00   
vpotper v6                     1.50000000E-02  -1.4135843794E+02 +-    2.1902754387E+00   
vpotper v8                     1.50000000E-02  -1.4135843794E+02 +-    2.1902754387E+00   
vpotv6pr-vpotv6per diff        1.50000000E-02   0.0000000000E+00 +-    0.0000000000E+00   
vpotv8pr-vpotv8per diff        1.50000000E-02   0.0000000000E+00 +-    0.0000000000E+00   
2piapr-2pia diff               1.50000000E-02   0.0000000000E+00 +-    0.0000000000E+00   
vd1pr-vd1 diff                 1.50000000E-02   0.0000000000E+00 +-    0.0000000000E+00   
vepr-ve diff                   1.50000000E-02   0.0000000000E+00 +-    0.0000000000E+00   
diff1 2piapr-2pia-2picxx       1.50000000E-02   0.0000000000E+00 +-    0.0000000000E+00   
diff2 vd1pr-vd1-2picxd         1.50000000E-02   0.0000000000E+00 +-    0.0000000000E+00   
diff3 vepr-ve-2picdd           1.50000000E-02   0.0000000000E+00 +-    0.0000000000E+00   
sum diff1+dif2+diff3           1.50000000E-02   0.0000000000E+00 +-    0.0000000000E+00   
proton rms                     1.50000000E-02   2.2715969561E+00 +-    1.5542698290E-02   
neutron rms                    1.50000000E-02   2.3359718845E+00 +-    1.6538659632E-02   
total rms                      1.50000000E-02   2.3039922046E+00 +-    1.4394172548E-02   
neutron-proton rms             1.50000000E-02   6.4374928468E-02 +-    1.4322504414E-02   
GT sigXtau+                    1.50000000E-02  -1.3194914663E-03 +-    2.8727150958E-05   
GT sigYtau+                    1.50000000E-02  -4.2896283902E-05 +-    3.9205619766E-05   
GT sigZtau+                    1.50000000E-02   1.0765569002E-03 +-    2.4553774796E-05   
GT sigXtau-                    1.50000000E-02   1.1804911418E-03 +-    2.1410896396E-05   
GT sigYtau-                    1.50000000E-02   1.5547358514E-03 +-    3.4611624148E-05   
GT sigZtau-                    1.50000000E-02   9.2091372934E-05 +-    1.8385830293E-05   
F tau+                         1.50000000E-02   9.3406067413E-19 +-    8.6354500715E-20   
F tau-                         1.50000000E-02  -6.4061608170E-19 +-    2.4765042886E-19   
Psi**2                         1.50000000E-02   3.9477174014E-05 +-    8.1077414460E-07   
single crossing/step           1.50000000E-02   7.6443313292E-03 +-    4.1430258753E-05   
global crossing/step           1.50000000E-02   7.5130942888E-03 +-    8.2151599788E-05   
energy numerator(real)         1.50000000E-02  -4.8877965948E-01 +-    8.7793218125E-01   
denominator psit/psigi(real)   1.50000000E-02   4.8583769645E-02 +-    1.3218683006E-02   
energy numerator(aimag)        1.50000000E-02  -9.2392552540E-01 +-    6.2918190366E-01   
denominator psit/psigi(aimag)  1.50000000E-02   4.6099379641E-02 +-    9.2666972562E-03   
growth(lin dt) energy          1.50000000E-02  -2.5516130970E+02 +-    5.5926754948E+00   
growth(global) energy          1.50000000E-02  -2.5867694397E+02 +-    1.2714872348E+01
growth energy                  1.50000000E-02  -2.5487640548E+02 +-    5.5712321589E+00
Time for propagation (sec) (min) =          22.064      0.368
Time for energies (sec) (min) =              0.808      0.013
Time for load balancing (sec) (min) =        0.030      0.000
Time for block (sec) (min) =                23.421      0.390
Time for operators (sec) (min) =             0.024      0.000
Elapsed block time (sec) (min) =           139.310      2.322
 
 walkers multiplicity, block, total
   0          54594         299440
   1        1020237        6058809
   2          53528         295380
   3            436           1961
   4             61            295
   5             20            120
   6              9             41
   7              1             15
   8              3              9
   9              1              8
  10              1              4
  11              1              2
  12              0              2
  14              1              1
  20              0              3
 
 

iteration =                               7
walker number =                       10141
total energy-propagated        1.75000000E-02  -1.2087358500E+01 +-    8.8928065887E-01   
kinetic energy                 1.75000000E-02   9.6054847223E+01 +-    3.8874814049E+00   
potential energy               1.75000000E-02  -1.0814220572E+02 +-    3.8406116614E+00   
im energy                      1.75000000E-02   7.0267123417E+00 +-    4.6860221723E-01   
imkin energy                   1.75000000E-02   6.3922025763E+00 +-    3.1650334668E-01   
impot energy                   1.75000000E-02   6.3450976542E-01 +-    6.5501752464E-01   
v cent                         1.75000000E-02   1.4256185314E+02 +-    3.9955988766E+00   
v tau                          1.75000000E-02  -2.0650552892E+01 +-    5.4452024388E-01   
v sigma                        1.75000000E-02   4.4454284302E+00 +-    3.4047432600E-01   
v sigtau                       1.75000000E-02  -1.0305634257E+02 +-    9.2029533934E-01   
v tensor                       1.75000000E-02   6.1045560025E+00 +-    1.8568694383E-01   
v tenstau                      1.75000000E-02  -1.3754714784E+02 +-    1.6567221627E+00   
v ls                           1.75000000E-02   0.0000000000E+00 +-    0.0000000000E+00   
v lstau                        1.75000000E-02   0.0000000000E+00 +-    0.0000000000E+00   
vpot v6                        1.75000000E-02  -1.0814220572E+02 +-    3.8406116614E+00   
vpot v8                        1.75000000E-02  -1.0814220572E+02 +-    3.8406116614E+00   
v coulomb                      1.75000000E-02   7.0616983898E-01 +-    5.9522649843E-03   
v external                     1.75000000E-02   0.0000000000E+00 +-    0.0000000000E+00   
tni 2pipr-anticomm             1.75000000E-02   0.0000000000E+00 +-    0.0000000000E+00   
tni vd1pr                      1.75000000E-02   0.0000000000E+00 +-    0.0000000000E+00   
tni vepr                       1.75000000E-02   0.0000000000E+00 +-    0.0000000000E+00   
tni central                    1.75000000E-02   0.0000000000E+00 +-    0.0000000000E+00   
tni 2pixx-anticommutator       1.75000000E-02   0.0000000000E+00 +-    0.0000000000E+00   
tni 2pixd-anticommutator       1.75000000E-02   0.0000000000E+00 +-    0.0000000000E+00   
tni 2pidd-anticommutator       1.75000000E-02   0.0000000000E+00 +-    0.0000000000E+00   
tni 2pixx-commutator           1.75000000E-02   0.0000000000E+00 +-    0.0000000000E+00   
tni 2pixd-commutator           1.75000000E-02   0.0000000000E+00 +-    0.0000000000E+00   
tni 2pidd-commutator           1.75000000E-02   0.0000000000E+00 +-    0.0000000000E+00   
tni 2pi-tm                     1.75000000E-02   0.0000000000E+00 +-    0.0000000000E+00   
tni vd1                        1.75000000E-02   0.0000000000E+00 +-    0.0000000000E+00   
tni vd2                        1.75000000E-02   0.0000000000E+00 +-    0.0000000000E+00   
tni ve                         1.75000000E-02   0.0000000000E+00 +-    0.0000000000E+00   
vpottot v8+tni                 1.75000000E-02  -1.0814220572E+02 +-    3.8406116614E+00   
enetot v8+tni                  1.75000000E-02  -1.2087358500E+01 +-    8.8928065887E-01   
vper cent                      1.75000000E-02   1.4256185314E+02 +-    3.9955988766E+00   
vper tau                       1.75000000E-02  -2.0650552892E+01 +-    5.4452024388E-01   
vper sigma                     1.75000000E-02   4.4454284302E+00 +-    3.4047432600E-01   
vper sigtau                    1.75000000E-02  -1.0305634257E+02 +-    9.2029533934E-01   
vper tensor                    1.75000000E-02   6.1045560025E+00 +-    1.8568694383E-01   
vper tenstau                   1.75000000E-02  -1.3754714784E+02 +-    1.6567221627E+00   
vper ls                        1.75000000E-02   0.0000000000E+00 +-    0.0000000000E+00   
vper lstau                     1.75000000E-02   0.0000000000E+00 +-    0.0000000000E+00   
vpotper v6                     1.75000000E-02  -1.0814220572E+02 +-    3.8406116614E+00   
vpotper v8                     1.75000000E-02  -1.0814220572E+02 +-    3.8406116614E+00   
vpotv6pr-vpotv6per diff        1.75000000E-02   0.0000000000E+00 +-    0.0000000000E+00   
vpotv8pr-vpotv8per diff        1.75000000E-02   0.0000000000E+00 +-    0.0000000000E+00   
2piapr-2pia diff               1.75000000E-02   0.0000000000E+00 +-    0.0000000000E+00   
vd1pr-vd1 diff                 1.75000000E-02   0.0000000000E+00 +-    0.0000000000E+00   
vepr-ve diff                   1.75000000E-02   0.0000000000E+00 +-    0.0000000000E+00   
diff1 2piapr-2pia-2picxx       1.75000000E-02   0.0000000000E+00 +-    0.0000000000E+00   
diff2 vd1pr-vd1-2picxd         1.75000000E-02   0.0000000000E+00 +-    0.0000000000E+00   
diff3 vepr-ve-2picdd           1.75000000E-02   0.0000000000E+00 +-    0.0000000000E+00   
sum diff1+dif2+diff3           1.75000000E-02   0.0000000000E+00 +-    0.0000000000E+00   
proton rms                     1.75000000E-02   1.6719708732E+00 +-    1.3749249886E-02   
neutron rms                    1.75000000E-02   1.3878264275E+00 +-    1.1446033406E-02   
total rms                      1.75000000E-02   1.5191320144E+00 +-    1.0803507791E-02   
neutron-proton rms             1.75000000E-02  -2.8414444564E-01 +-    1.3652475707E-02   
GT sigXtau+                    1.75000000E-02  -8.8649144441E-04 +-    3.4473083473E-05   
GT sigYtau+                    1.75000000E-02  -1.0041206738E-03 +-    3.2474438518E-05   
GT sigZtau+                    1.75000000E-02   1.0309011201E-03 +-    2.1934393730E-05   
GT sigXtau-                    1.75000000E-02   6.0916656274E-04 +-    6.6293516090E-05   
GT sigYtau-                    1.75000000E-02   6.3806120813E-04 +-    4.6365033077E-05   
GT sigZtau-                    1.75000000E-02  -1.1356086142E-03 +-    4.6866268891E-05   
F tau+                         1.75000000E-02  -1.2183891718E-18 +-    6.5105672744E-20   
F tau-                         1.75000000E-02   1.8768988750E-18 +-    5.4240596419E-20   
Psi**2                         1.75000000E-02   4.1958144583E-05 +-    1.0817089857E-06   
single crossing/step           1.75000000E-02   8.6312538806E-03 +-    4.4066189903E-05   
global crossing/step           1.75000000E-02   8.4501595808E-03 +-    8.7210880249E-05   
energy numerator(real)         1.75000000E-02  -5.5359505496E-01 +-    9.6546282640E-01   
denominator psit/psigi(real)   1.75000000E-02   4.2674660126E-02 +-    1.4405929730E-02   
energy numerator(aimag)        1.75000000E-02  -4.8190320540E-01 +-    6.8385606151E-01   
denominator psit/psigi(aimag)  1.75000000E-02   4.2971615900E-02 +-    9.8926531908E-03   
growth(lin dt) energy          1.75000000E-02  -2.6935248289E+02 +-    5.8267858631E+00   
growth(global) energy          1.75000000E-02  -2.6994722076E+02 +-    1.0643109848E+01
growth energy                  1.75000000E-02  -2.6901165381E+02 +-    5.8023773207E+00
Time for propagation (sec) (min) =          22.004      0.367
Time for energies (sec) (min) =              0.710      0.012
Time for load balancing (sec) (min) =        0.026      0.000
Time for block (sec) (min) =                23.265      0.388
Time for operators (sec) (min) =             0.019      0.000
Elapsed block time (sec) (min) =           162.594      2.710
 
 walkers multiplicity, block, total
   0          57560         357000
   1        1024783        7083592
   2          54850         350230
   3            414           2375
   4             81            376
   5             19            139
   6             11             52
   7              5             20
   8              2             11
   9              0              8
  10              0              4
  11              1              3
  12              1              3
  13              1              1
  14              0              1
  15              1              1
  18              1              1
  20              0              3
 
 

iteration =                               8
walker number =                       10337
total energy-propagated        2.00000000E-02  -8.0256995845E+00 +-    1.6398690254E+00   
kinetic energy                 2.00000000E-02   3.7330663327E+02 +-    4.2983502208E+00   
potential energy               2.00000000E-02  -3.8133233286E+02 +-    4.3986058554E+00   
im energy                      2.00000000E-02   2.8969302710E+01 +-    1.3526908040E+00   
imkin energy                   2.00000000E-02   4.6710953894E+00 +-    2.0890890271E+00   
impot energy                   2.00000000E-02   2.4298207320E+01 +-    1.4032071011E+00   
v cent                         2.00000000E-02   1.3260093987E+01 +-    4.3220063755E+00   
v tau                          2.00000000E-02  -1.7037513534E+01 +-    8.4991546858E-01   
v sigma                        2.00000000E-02  -1.1378239897E+00 +-    6.1469130666E-01   
v sigtau                       2.00000000E-02  -1.3678875311E+02 +-    1.0880152559E+00   
v tensor                       2.00000000E-02   2.9702571162E+01 +-    3.2012713192E-01   
v tenstau                      2.00000000E-02  -2.6933090737E+02 +-    2.0013540438E+00   
v ls                           2.00000000E-02   0.0000000000E+00 +-    0.0000000000E+00   
v lstau                        2.00000000E-02   0.0000000000E+00 +-    0.0000000000E+00   
vpot v6                        2.00000000E-02  -3.8133233286E+02 +-    4.3986058554E+00   
vpot v8                        2.00000000E-02  -3.8133233286E+02 +-    4.3986058554E+00   
v coulomb                      2.00000000E-02   7.3518719795E-01 +-    5.9115180179E-03   
v external                     2.00000000E-02   0.0000000000E+00 +-    0.0000000000E+00   
tni 2pipr-anticomm             2.00000000E-02   0.0000000000E+00 +-    0.0000000000E+00   
tni vd1pr                      2.00000000E-02   0.0000000000E+00 +-    0.0000000000E+00   
tni vepr                       2.00000000E-02   0.0000000000E+00 +-    0.0000000000E+00   
tni central                    2.00000000E-02   0.0000000000E+00 +-    0.0000000000E+00   
tni 2pixx-anticommutator       2.00000000E-02   0.0000000000E+00 +-    0.0000000000E+00   
tni 2pixd-anticommutator       2.00000000E-02   0.0000000000E+00 +-    0.0000000000E+00   
tni 2pidd-anticommutator       2.00000000E-02   0.0000000000E+00 +-    0.0000000000E+00   
tni 2pixx-commutator           2.00000000E-02   0.0000000000E+00 +-    0.0000000000E+00   
tni 2pixd-commutator           2.00000000E-02   0.0000000000E+00 +-    0.0000000000E+00   
tni 2pidd-commutator           2.00000000E-02   0.0000000000E+00 +-    0.0000000000E+00   
tni 2pi-tm                     2.00000000E-02   0.0000000000E+00 +-    0.0000000000E+00   
tni vd1                        2.00000000E-02   0.0000000000E+00 +-    0.0000000000E+00   
tni vd2                        2.00000000E-02   0.0000000000E+00 +-    0.0000000000E+00   
tni ve                         2.00000000E-02   0.0000000000E+00 +-    0.0000000000E+00   
vpottot v8+tni                 2.00000000E-02  -3.8133233286E+02 +-    4.3986058554E+00   
enetot v8+tni                  2.00000000E-02  -8.0256995845E+00 +-    1.6398690254E+00   
vper cent                      2.00000000E-02   1.3260093987E+01 +-    4.3220063755E+00   
vper tau                       2.00000000E-02  -1.7037513534E+01 +-    8.4991546858E-01   
vper sigma                     2.00000000E-02  -1.1378239897E+00 +-    6.1469130666E-01   
vper sigtau                    2.00000000E-02  -1.3678875311E+02 +-    1.0880152559E+00   
vper tensor                    2.00000000E-02   2.9702571162E+01 +-    3.2012713192E-01   
vper tenstau                   2.00000000E-02  -2.6933090737E+02 +-    2.0013540438E+00   
vper ls                        2.00000000E-02   0.0000000000E+00 +-    0.0000000000E+00   
vper lstau                     2.00000000E-02   0.0000000000E+00 +-    0.0000000000E+00   
vpotper v6                     2.00000000E-02  -3.8133233286E+02 +-    4.3986058554E+00   
vpotper v8                     2.00000000E-02  -3.8133233286E+02 +-    4.3986058554E+00   
vpotv6pr-vpotv6per diff        2.00000000E-02   0.0000000000E+00 +-    0.0000000000E+00   
vpotv8pr-vpotv8per diff        2.00000000E-02   0.0000000000E+00 +-    0.0000000000E+00   
2piapr-2pia diff               2.00000000E-02   0.0000000000E+00 +-    0.0000000000E+00   
vd1pr-vd1 diff                 2.00000000E-02   0.0000000000E+00 +-    0.0000000000E+00   
vepr-ve diff                   2.00000000E-02   0.0000000000E+00 +-    0.0000000000E+00   
diff1 2piapr-2pia-2picxx       2.00000000E-02   0.0000000000E+00 +-    0.0000000000E+00   
diff2 vd1pr-vd1-2picxd         2.00000000E-02   0.0000000000E+00 +-    0.0000000000E+00   
diff3 vepr-ve-2picdd           2.00000000E-02   0.0000000000E+00 +-    0.0000000000E+00   
sum diff1+dif2+diff3           2.00000000E-02   0.0000000000E+00 +-    0.0000000000E+00   
proton rms                     2.00000000E-02   1.2647066443E+00 +-    1.3043213094E-02   
neutron rms                    2.00000000E-02   1.1977179783E+00 +-    1.4362162896E-02   
total rms                      2.00000000E-02   1.2024731263E+00 +-    1.2834217496E-02   
neutron-proton rms             2.00000000E-02  -6.6988665968E-02 +-    1.1034064520E-02   
GT sigXtau+                    2.00000000E-02   1.3875772522E-03 +-    3.4095860991E-05   
GT sigYtau+                    2.00000000E-02   1.2603483190E-03 +-    8.1419205368E-05   
GT sigZtau+                    2.00000000E-02   1.8655349466E-04 +-    5.3429524649E-05   
GT sigXtau-                    2.00000000E-02   2.3248372756E-04 +-    6.5024151695E-05   
GT sigYtau-                    2.00000000E-02   2.0932132143E-03 +-    5.9815832029E-05   
GT sigZtau-                    2.00000000E-02   9.3081858088E-04 +-    4.4073885403E-05   
F tau+                         2.00000000E-02   1.5622248091E-18 +-    1.2507499782E-19   
F tau-                         2.00000000E-02  -6.9081943116E-19 +-    9.0298954078E-20   
Psi**2                         2.00000000E-02  -4.8112407942E-06 +-    2.3896908673E-06   
single crossing/step           2.00000000E-02   8.3709163515E-03 +-    4.3677101640E-05   
global crossing/step           2.00000000E-02   8.1944155894E-03 +-    8.6436056697E-05   
energy numerator(real)         2.00000000E-02   1.0696613049E-02 +-    1.0398809736E+00   
denominator psit/psigi(real)   2.00000000E-02   2.3399397094E-02 +-    1.3882334505E-02   
energy numerator(aimag)        2.00000000E-02   4.0815870949E-01 +-    7.3250723263E-01   
denominator psit/psigi(aimag)  2.00000000E-02  -1.7189505605E-02 +-    9.4893374057E-03   
growth(lin dt) energy          2.00000000E-02  -2.6796111645E+02 +-    6.1077071521E+00   
growth(global) energy          2.00000000E-02  -2.6060740324E+02 +-    1.1217385530E+01
growth energy                  2.00000000E-02  -2.6762599133E+02 +-    6.0823112381E+00
Time for propagation (sec) (min) =          21.733      0.362
Time for energies (sec) (min) =              0.724      0.012
Time for load balancing (sec) (min) =        0.029      0.000
Time for block (sec) (min) =                23.020      0.384
Time for operators (sec) (min) =             0.018      0.000
Elapsed block time (sec) (min) =           185.633      3.094
 
 walkers multiplicity, block, total
   0          56315         413315
   1         999996        8083588
   2          54969         405199
   3            457           2832
   4             88            464
   5             25            164
   6             12             64
   7             10             30
   8              1             12
   9              4             12
  10              2              6
  11              0              3
  12              1              4
  13              0              1
  14              0              1
  15              0              1
  18              0              1
  20              4              7
 
 

iteration =                               9
walker number =                       10660
total energy-propagated        2.25000000E-02  -2.8501888198E+00 +-    1.0420856380E+00   
kinetic energy                 2.25000000E-02   1.6283661223E+02 +-    3.6380968583E+00   
potential energy               2.25000000E-02  -1.6568680105E+02 +-    3.9568973956E+00   
im energy                      2.25000000E-02  -1.7832762962E+01 +-    5.1924285687E-01   
imkin energy                   2.25000000E-02   7.5125526670E+00 +-    1.4091425612E+00   
impot energy                   2.25000000E-02  -2.5345315629E+01 +-    1.4810534685E+00   
v cent                         2.25000000E-02   3.0965090125E+02 +-    3.9328234226E+00   
v tau                          2.25000000E-02  -5.0310737983E+01 +-    7.4014418838E-01   
v sigma                        2.25000000E-02  -9.7991735203E+00 +-    5.8244405479E-01   
v sigtau                       2.25000000E-02  -1.4550032515E+02 +-    1.4304978738E+00   
v tensor                       2.25000000E-02   1.4504641635E+01 +-    4.4313485512E-01   
v tenstau                      2.25000000E-02  -2.8423210728E+02 +-    1.2099374385E+00   
v ls                           2.25000000E-02   0.0000000000E+00 +-    0.0000000000E+00   
v lstau                        2.25000000E-02   0.0000000000E+00 +-    0.0000000000E+00   
vpot v6                        2.25000000E-02  -1.6568680105E+02 +-    3.9568973956E+00   
vpot v8                        2.25000000E-02  -1.6568680105E+02 +-    3.9568973956E+00   
v coulomb                      2.25000000E-02   1.5651623071E+00 +-    7.9935456751E-03   
v external                     2.25000000E-02   0.0000000000E+00 +-    0.0000000000E+00   
tni 2pipr-anticomm             2.25000000E-02   0.0000000000E+00 +-    0.0000000000E+00   
tni vd1pr                      2.25000000E-02   0.0000000000E+00 +-    0.0000000000E+00   
tni vepr                       2.25000000E-02   0.0000000000E+00 +-    0.0000000000E+00   
tni central                    2.25000000E-02   0.0000000000E+00 +-    0.0000000000E+00   
tni 2pixx-anticommutator       2.25000000E-02   0.0000000000E+00 +-    0.0000000000E+00   
tni 2pixd-anticommutator       2.25000000E-02   0.0000000000E+00 +-    0.0000000000E+00   
tni 2pidd-anticommutator       2.25000000E-02   0.0000000000E+00 +-    0.0000000000E+00   
tni 2pixx-commutator           2.25000000E-02   0.0000000000E+00 +-    0.0000000000E+00   
tni 2pixd-commutator           2.25000000E-02   0.0000000000E+00 +-    0.0000000000E+00   
tni 2pidd-commutator           2.25000000E-02   0.0000000000E+00 +-    0.0000000000E+00   
tni 2pi-tm                     2.25000000E-02   0.0000000000E+00 +-    0.0000000000E+00   
tni vd1                        2.25000000E-02   0.0000000000E+00 +-    0.0000000000E+00   
tni vd2                        2.25000000E-02   0.0000000000E+00 +-    0.0000000000E+00   
tni ve                         2.25000000E-02   0.0000000000E+00 +-    0.0000000000E+00   
vpottot v8+tni                 2.25000000E-02  -1.6568680105E+02 +-    3.9568973956E+00   
enetot v8+tni                  2.25000000E-02  -2.8501888198E+00 +-    1.0420856380E+00   
vper cent                      2.25000000E-02   3.0965090125E+02 +-    3.9328234226E+00   
vper tau                       2.25000000E-02  -5.0310737983E+01 +-    7.4014418838E-01   
vper sigma                     2.25000000E-02  -9.7991735203E+00 +-    5.8244405479E-01   
vper sigtau                    2.25000000E-02  -1.4550032515E+02 +-    1.4304978738E+00   
vper tensor                    2.25000000E-02   1.4504641635E+01 +-    4.4313485512E-01   
vper tenstau                   2.25000000E-02  -2.8423210728E+02 +-    1.2099374385E+00   
vper ls                        2.25000000E-02   0.0000000000E+00 +-    0.0000000000E+00   
vper lstau                     2.25000000E-02   0.0000000000E+00 +-    0.0000000000E+00   
vpotper v6                     2.25000000E-02  -1.6568680105E+02 +-    3.9568973956E+00   
vpotper v8                     2.25000000E-02  -1.6568680105E+02 +-    3.9568973956E+00   
vpotv6pr-vpotv6per diff        2.25000000E-02   0.0000000000E+00 +-    0.0000000000E+00   
vpotv8pr-vpotv8per diff        2.25000000E-02   0.0000000000E+00 +-    0.0000000000E+00   
2piapr-2pia diff               2.25000000E-02   0.0000000000E+00 +-    0.0000000000E+00   
vd1pr-vd1 diff                 2.25000000E-02   0.0000000000E+00 +-    0.0000000000E+00   
vepr-ve diff                   2.25000000E-02   0.0000000000E+00 +-    0.0000000000E+00   
diff1 2piapr-2pia-2picxx       2.25000000E-02   0.0000000000E+00 +-    0.0000000000E+00   
diff2 vd1pr-vd1-2picxd         2.25000000E-02   0.0000000000E+00 +-    0.0000000000E+00   
diff3 vepr-ve-2picdd           2.25000000E-02   0.0000000000E+00 +-    0.0000000000E+00   
sum diff1+dif2+diff3           2.25000000E-02   0.0000000000E+00 +-    0.0000000000E+00   
proton rms                     2.25000000E-02   3.9800474855E-01 +-    9.5589518041E-03   
neutron rms                    2.25000000E-02   1.2034380351E+00 +-    5.2037951485E-03   
total rms                      2.25000000E-02   7.9449270013E-01 +-    5.1527117941E-03   
neutron-proton rms             2.25000000E-02   8.0543328658E-01 +-    6.1676373882E-03   
GT sigXtau+                    2.25000000E-02  -1.9673580255E-03 +-    6.9982047839E-05   
GT sigYtau+                    2.25000000E-02   1.9460978228E-03 +-    5.7783576304E-05   
GT sigZtau+                    2.25000000E-02   2.4568540246E-03 +-    2.8685326026E-05   
GT sigXtau-                    2.25000000E-02  -9.9414596748E-04 +-    3.9281531878E-05   
GT sigYtau-                    2.25000000E-02   2.4050069831E-03 +-    4.7662230748E-05   
GT sigZtau-                    2.25000000E-02  -1.6024974913E-03 +-    3.0580072366E-05   
F tau+                         2.25000000E-02   1.3875944146E-18 +-    1.0668846285E-19   
F tau-                         2.25000000E-02  -3.8715788399E-18 +-    8.6597699860E-20   
Psi**2                         2.25000000E-02   6.5725522379E-05 +-    1.3148120845E-06   
single crossing/step           2.25000000E-02   8.0147175280E-03 +-    4.2657477054E-05   
global crossing/step           2.25000000E-02   7.8339068921E-03 +-    8.4354805833E-05   
energy numerator(real)         2.25000000E-02   8.5621996941E-02 +-    1.1695788553E+00   
denominator psit/psigi(real)   2.25000000E-02  -4.0481365215E-02 +-    1.3613044215E-02   
energy numerator(aimag)        2.25000000E-02   1.0496935969E+00 +-    7.3043042632E-01   
denominator psit/psigi(aimag)  2.25000000E-02  -1.1511959011E-03 +-    9.3545406427E-03   
growth(lin dt) energy          2.25000000E-02  -2.7972382016E+02 +-    6.0681477274E+00   
growth(global) energy          2.25000000E-02  -2.7051187638E+02 +-    1.3328228904E+01
growth energy                  2.25000000E-02  -2.7933896114E+02 +-    6.0411501569E+00
Time for propagation (sec) (min) =          21.827      0.364
Time for energies (sec) (min) =              0.746      0.012
Time for load balancing (sec) (min) =        0.029      0.000
Time for block (sec) (min) =                23.109      0.385
Time for operators (sec) (min) =             0.019      0.000
Elapsed block time (sec) (min) =           208.768      3.479
 
 walkers multiplicity, block, total
   0          57294         470609
   1        1002483        9086071
   2          56062         461261
   3            512           3344
   4             71            535
   5             24            188
   6             14             78
   7              9             39
   8              4             16
   9              1             13
  10              3              9
  11              0              3
  12              0              4
  13              0              1
  14              0              1
  15              0              1
  17              1              1
  18              0              1
  20              1              8
 
 

iteration =                              10
walker number =                       11819
total energy-propagated        2.50000000E-02  -2.2626843540E+01 +-    1.1524473566E+00   
kinetic energy                 2.50000000E-02   2.5213860514E+02 +-    3.8509861413E+00   
potential energy               2.50000000E-02  -2.7476544868E+02 +-    3.4612044635E+00   
im energy                      2.50000000E-02   2.9876796530E+01 +-    6.5137733947E-01   
imkin energy                   2.50000000E-02   4.8528304340E+01 +-    1.1350385782E+00   
impot energy                   2.50000000E-02  -1.8651507810E+01 +-    1.4821963153E+00   
v cent                         2.50000000E-02   1.4362305100E+02 +-    4.1601133865E+00   
v tau                          2.50000000E-02  -3.8729261183E+01 +-    3.1083508328E-01   
v sigma                        2.50000000E-02   6.7236857094E+00 +-    6.9314122283E-01   
v sigtau                       2.50000000E-02  -1.2748738800E+02 +-    1.0150973956E+00   
v tensor                       2.50000000E-02   1.0819035003E+01 +-    5.1204244023E-01   
v tenstau                      2.50000000E-02  -2.6971457121E+02 +-    2.7144243007E+00   
v ls                           2.50000000E-02   0.0000000000E+00 +-    0.0000000000E+00   
v lstau                        2.50000000E-02   0.0000000000E+00 +-    0.0000000000E+00   
vpot v6                        2.50000000E-02  -2.7476544868E+02 +-    3.4612044635E+00   
vpot v8                        2.50000000E-02  -2.7476544868E+02 +-    3.4612044635E+00   
v coulomb                      2.50000000E-02   1.2933500080E+00 +-    7.3014885941E-03   
v external                     2.50000000E-02   0.0000000000E+00 +-    0.0000000000E+00   
tni 2pipr-anticomm             2.50000000E-02   0.0000000000E+00 +-    0.0000000000E+00   
tni vd1pr                      2.50000000E-02   0.0000000000E+00 +-    0.0000000000E+00   
tni vepr                       2.50000000E-02   0.0000000000E+00 +-    0.0000000000E+00   
tni central                    2.50000000E-02   0.0000000000E+00 +-    0.0000000000E+00   
tni 2pixx-anticommutator       2.50000000E-02   0.0000000000E+00 +-    0.0000000000E+00   
tni 2pixd-anticommutator       2.50000000E-02   0.0000000000E+00 +-    0.0000000000E+00   
tni 2pidd-anticommutator       2.50000000E-02   0.0000000000E+00 +-    0.0000000000E+00   
tni 2pixx-commutator           2.50000000E-02   0.0000000000E+00 +-    0.0000000000E+00   
tni 2pixd-commutator           2.50000000E-02   0.0000000000E+00 +-    0.0000000000E+00   
tni 2pidd-commutator           2.50000000E-02   0.0000000000E+00 +-    0.0000000000E+00   
tni 2pi-tm                     2.50000000E-02   0.0000000000E+00 +-    0.0000000000E+00   
tni vd1                        2.50000000E-02   0.0000000000E+00 +-    0.0000000000E+00   
tni vd2                        2.50000000E-02   0.0000000000E+00 +-    0.0000000000E+00   
tni ve                         2.50000000E-02   0.0000000000E+00 +-    0.0000000000E+00   
vpottot v8+tni                 2.50000000E-02  -2.7476544868E+02 +-    3.4612044635E+00   
enetot v8+tni                  2.50000000E-02  -2.2626843540E+01 +-    1.1524473566E+00   
vper cent                      2.50000000E-02   1.4362305100E+02 +-    4.1601133865E+00   
vper tau                       2.50000000E-02  -3.8729261183E+01 +-    3.1083508328E-01   
vper sigma                     2.50000000E-02   6.7236857094E+00 +-    6.9314122283E-01   
vper sigtau                    2.50000000E-02  -1.2748738800E+02 +-    1.0150973956E+00   
vper tensor                    2.50000000E-02   1.0819035003E+01 +-    5.1204244023E-01   
vper tenstau                   2.50000000E-02  -2.6971457121E+02 +-    2.7144243007E+00   
vper ls                        2.50000000E-02   0.0000000000E+00 +-    0.0000000000E+00   
vper lstau                     2.50000000E-02   0.0000000000E+00 +-    0.0000000000E+00   
vpotper v6                     2.50000000E-02  -2.7476544868E+02 +-    3.4612044635E+00   
vpotper v8                     2.50000000E-02  -2.7476544868E+02 +-    3.4612044635E+00   
vpotv6pr-vpotv6per diff        2.50000000E-02   0.0000000000E+00 +-    0.0000000000E+00   
vpotv8pr-vpotv8per diff        2.50000000E-02   0.0000000000E+00 +-    0.0000000000E+00   
2piapr-2pia diff               2.50000000E-02   0.0000000000E+00 +-    0.0000000000E+00   
vd1pr-vd1 diff                 2.50000000E-02   0.0000000000E+00 +-    0.0000000000E+00   
vepr-ve diff                   2.50000000E-02   0.0000000000E+00 +-    0.0000000000E+00   
diff1 2piapr-2pia-2picxx       2.50000000E-02   0.0000000000E+00 +-    0.0000000000E+00   
diff2 vd1pr-vd1-2picxd         2.50000000E-02   0.0000000000E+00 +-    0.0000000000E+00   
diff3 vepr-ve-2picdd           2.50000000E-02   0.0000000000E+00 +-    0.0000000000E+00   
sum diff1+dif2+diff3           2.50000000E-02   0.0000000000E+00 +-    0.0000000000E+00   
proton rms                     2.50000000E-02   1.6728580526E-01 +-    1.3776382578E-02   
neutron rms                    2.50000000E-02   9.6463061653E-01 +-    7.0869206648E-03   
total rms                      2.50000000E-02   5.6467722184E-01 +-    8.3778061080E-03   
neutron-proton rms             2.50000000E-02   7.9734481127E-01 +-    8.7267042227E-03   
GT sigXtau+                    2.50000000E-02  -2.0866583413E-03 +-    4.4806561558E-05   
GT sigYtau+                    2.50000000E-02  -8.8961725112E-04 +-    5.0435698495E-05   
GT sigZtau+                    2.50000000E-02   7.9112363211E-04 +-    6.3444580866E-05   
GT sigXtau-                    2.50000000E-02  -2.6834433785E-03 +-    6.5107097857E-05   
GT sigYtau-                    2.50000000E-02   1.1573548223E-03 +-    5.9052261408E-05   
GT sigZtau-                    2.50000000E-02  -1.3177206707E-03 +-    6.3104236568E-05   
F tau+                         2.50000000E-02   5.0970066524E-19 +-    1.6541680474E-19   
F tau-                         2.50000000E-02   5.7237887570E-19 +-    1.3175592884E-19   
Psi**2                         2.50000000E-02   1.8750279030E-04 +-    2.1450017929E-06   
single crossing/step           2.50000000E-02   8.8499762939E-03 +-    4.4672165395E-05   
global crossing/step           2.50000000E-02   8.6543212910E-03 +-    8.8359920155E-05   
energy numerator(real)         2.50000000E-02   1.7137875184E+00 +-    1.0265903687E+00   
denominator psit/psigi(real)   2.50000000E-02  -2.7190641218E-02 +-    1.3076923100E-02   
energy numerator(aimag)        2.50000000E-02  -1.1141181225E+00 +-    7.4635946181E-01   
denominator psit/psigi(aimag)  2.50000000E-02  -1.9269550741E-02 +-    9.0361901795E-03   
growth(lin dt) energy          2.50000000E-02  -2.9938645869E+02 +-    6.2214145584E+00   
growth(global) energy          2.50000000E-02  -2.9443662321E+02 +-    1.3758000373E+01
growth energy                  2.50000000E-02  -2.9891080863E+02 +-    6.1906936920E+00
Time for propagation (sec) (min) =          21.957      0.366
Time for energies (sec) (min) =              0.827      0.014
Time for load balancing (sec) (min) =        0.031      0.001
Time for block (sec) (min) =                23.366      0.389
Time for operators (sec) (min) =             0.024      0.000
Elapsed block time (sec) (min) =           232.158      3.869
 
 walkers multiplicity, block, total
   0          58580         529189
   1        1005603       10091674
   2          58070         519331
   3            516           3860
   4             97            632
   5             34            222
   6             14             92
   7              8             47
   8              1             17
   9              2             15
  10              0              9
  11              2              5
  12              0              4
  13              0              1
  14              1              2
  15              0              1
  17              0              1
  18              1              2
  20              1              9
 
 

Time for steps      =     232.167 seconds,        3.869 minutes
Master Time for steps =     231.637 seconds,        3.861 minutes

Number of cpus =       100
Total job time =     237.834 seconds,        3.964 minutes,        0.066 hours
Total cpu-time =     396.391 minutes,        6.607 hours
Total time =         237.540 seconds,        3.959 minutes,        0.066 hours
Finished!
