Unconstrained Diffusion Monte Carlo Run -- no drift
!-!-!-!-!-!-!-!-!-!-!-!-!-!-!-!-!-!-!-!-!-!-!-!-!-!
MPI parameters:
Number of boss cpus =                         100
Number of worker cpus for each boss =           0
Total number of cpus =                        100
Simulation parameters:
random number seed =                          321
hbar^2/2m =                              20.73554
start from sites =                              F
nwalk =                                     10000
equilibration blocks =                          0
averaging blocks =                             10
nsteps/blocks =                               100
time step =                          0.0000250000
time step rotations (vmc) =          0.1700000000
trial energy =                          -26.00000
drift cutoff =                            0.00000
drastic population control up =           1.20000
drastic population control down =         0.80000
rebalance if walkers fluctuate more than   2.00 %
weight cut off =                         20.00000
table size =                                 8000
!-!-!-!-!-!-!-!-!-!-!-!-!-!-!-!-!-!-!-!-!-!-!-!-!-!
System parameters:
lpot =                                         11
lpotper =                                      11
potential  =                          argonne v6'
potentialpr =                         argonne v6'
Coulomb included in energy-propagation          F
multiply central v by =                   1.00000
multiply tau v by =                       1.00000
multiply sigma v by =                     1.00000
multiply sigma tau v by =                 1.00000
multiply tensor v by =                    1.00000
multiply tensor tau v by =                1.00000
multiply spin-orbit v by =                0.00000
multiply spin-orbit tau v by =            0.00000
three-body potential =                        no3
ibox (0 is nearest image) =                     0
!-!-!-!-!-!-!-!-!-!-!-!-!-!-!-!-!-!-!-!-!-!-!-!-!-!
propagate LS =                                  F
calculate LS =                                  F
type of correlations =           independent pair
scale orbital   1 with factor    1.14000
determinant # 1
coefficient                     1.00000   0.00000
1  1  0  1  alpha.orb    # 2J,2M,L,tau radial_file for state                    
1 -1  0  1  alpha.orb    # 2J,2M,L,tau radial_file for state                    
1  1  0 -1  alpha.orb    # 2J,2M,L,tau radial_file for state                    
1 -1  0 -1  alpha.orb    # 2J,2M,L,tau radial_file for state                    
rescaled coefficient            1.00000   0.00000
!-!-!-!-!-!-!-!-!-!-!-!-!-!-!-!-!-!-!-!-!-!-!-!-!-!
No external potential
!-!-!-!-!-!-!-!-!-!-!-!-!-!-!-!-!-!-!-!-!-!-!-!-!-!
rcut in pair sampling =                   1.00000
acut in pair sampling =                   5.00000
a constant in psig =                      0.20000
Number of protons =                             2
Number of neutrons =                            2
range of the potential =                 20.00000
!-!-!-!-!-!-!-!-!-!-!-!-!-!-!-!-!-!-!-!-!-!-!-!-!-!
do V3 =                                         F
three body force =                            no3
three body a2piPwa =                      0.000000000000000
three body a2piPwc =                      0.000000000000000
three body a2piSw =                       0.000000000000000
three body Vd,C,c3 =                      0.000000000000000
three body Ve,C,c3 =                      0.000000000000000
three body A_R =                          0.000000000000000
three body Vd1 =                          0.000000000000000
three body Vd2 =                          0.000000000000000
three body Ve =                           0.000000000000000
propagator: multiply the antic by =       0.000000000000000
propagator: multiply the Vd1 by =         0.000000000000000
propagator: multiply the Ve by =          0.000000000000000
propagator: three body a2piPW =           0.000000000000000
!-!-!-!-!-!-!-!-!-!-!-!-!-!-!-!-!-!-!-!-!-!-!-!-!-!
jastrow healing distance dc =             4.47768
jastrow healing distance dtn =           11.57317
jastrow rho =                             0.01000
potential quencher acn (v1) =             1.50851
potential quencher at  (v2) =             6.06936
potential quencher as  (v3) =             2.76780
potential quencher ast (v4) =             0.80880
potential quencher atn (v5) =             0.61864
potential quencher atn (v6) =             0.20141
potential quencher als (v7) =             0.00000
potential quencher alst (v8) =            0.00000
correlation quencher bt (f2) =            0.26685
correlation quencher bs (f3) =           -0.10565
correlation quencher bst (f4) =           0.42277
correlation quencher btn (f5) =           1.08683
correlation quencher btn (f6) =           4.44810
correlation quencher bls (f7) =           0.00000
correlation quencher blst (f8) =          0.00000
!-!-!-!-!-!-!-!-!-!-!-!-!-!-!-!-!-!-!-!-!-!-!-!-!-!
q1c parameter in f3c =                   12.87526
q2c parameter in f3c =                    1.60340
q1p parameter in f3p =                   -1.81620
q2p parameter in f3p =                    2.14789
!-!-!-!-!-!-!-!-!-!-!-!-!-!-!-!-!-!-!-!-!-!-!-!-!-!
rscal parameter in Uijk cent =            1.00000
rscal parameter in Uijk xpi =             1.00000
rscal parameter in Uijk delta =           1.00000
eps_c parameter in Uijk =                 0.00000
eps_anti parameter in Uijk =              0.00000
eps_tm parameter in Uijk =                0.00000
eps_vd1 parameter in Uijk =               0.00000
eps_vd2 parameter in Uijk =               0.00000
eps_vdc3 parameter in Uijk =              0.00000
eps_vec3 parameter in Uijk =              0.00000
eps_ve parameter in Uijk =                0.00000
eps_comm parameter in Uijk =              0.00000
eps_comm-XD parameter in Uijk =           0.00000
eps_comm-DD parameter in Uijk =           0.00000
TNI-comm correlation included =                 F
!-!-!-!-!-!-!-!-!-!-!-!-!-!-!-!-!-!-!-!-!-!-!-!-!-!
CSB correlation rscalpp =                 1.00000
CSB correlation rscalnn =                 1.00000
CSB correlation quencher pp =             0.00000
CSB correlation quencher nn =             0.00000
CSB correlation included =                      F
!-!-!-!-!-!-!-!-!-!-!-!-!-!-!-!-!-!-!-!-!-!-!-!-!-!
jastrow initialized
!-!-!-!-!-!-!-!-!-!-!-!-!-!-!-!-!-!-!-!-!-!-!-!-!-!
Symmetrize V6 in the propagator =               T
New propagation of Vlstau and commutator included!
Coulomb included in energy (and propag)         F
Initial walkers from file
Number of walkers =                          9313
Configurations at tau =              0.2875000000
Reset tau =                          0.0000000000
!-!-!-!-!-!-!-!-!-!-!-!-!-!-!-!-!-!-!-!-!-!-!-!-!-!
Time for reading configurations (sec.) =       1.05
!-!-!-!-!-!-!-!-!-!-!-!-!-!-!-!-!-!-!-!-!-!-!-!-!-!
Initial configurations:
total energy-propagated        0.00000000E+00  -2.6649283544E+01 +-    3.3384532837E-01   
kinetic energy                 0.00000000E+00   1.0336563940E+02 +-    1.6264554728E+00   
potential energy               0.00000000E+00  -1.3001492295E+02 +-    1.6222792128E+00   
v cent                         0.00000000E+00   1.7290940759E+01 +-    1.5012245823E+00   
v tau                          0.00000000E+00  -7.3455503225E+00 +-    2.1705176026E-01   
v sigma                        0.00000000E+00  -8.4589231182E+00 +-    2.3582449106E-01   
v sigtau                       0.00000000E+00  -5.9424151782E+01 +-    5.1988742112E-01   
v tensor                       0.00000000E+00   4.2457739605E-01 +-    1.2081795817E-01   
v tenstau                      0.00000000E+00  -7.2501815878E+01 +-    9.1257494834E-01   
v ls                           0.00000000E+00   0.0000000000E+00 +-    0.0000000000E+00   
v lstau                        0.00000000E+00   0.0000000000E+00 +-    0.0000000000E+00   
v coulomb                      0.00000000E+00   7.4088954767E-01 +-    2.7757805801E-03   
v external                     0.00000000E+00   0.0000000000E+00 +-    0.0000000000E+00   
tni 2pipr-anticomm             0.00000000E+00   0.0000000000E+00 +-    0.0000000000E+00   
tni vd1pr                      0.00000000E+00   0.0000000000E+00 +-    0.0000000000E+00   
tni vepr                       0.00000000E+00   0.0000000000E+00 +-    0.0000000000E+00   
tni central                    0.00000000E+00   0.0000000000E+00 +-    0.0000000000E+00   
tni 2pixx-anticommutator       0.00000000E+00   0.0000000000E+00 +-    0.0000000000E+00   
tni 2pixd-anticommutator       0.00000000E+00   0.0000000000E+00 +-    0.0000000000E+00   
tni 2pidd-anticommutator       0.00000000E+00   0.0000000000E+00 +-    0.0000000000E+00   
tni 2pixx-commutator           0.00000000E+00   0.0000000000E+00 +-    0.0000000000E+00   
tni 2pixd-commutator           0.00000000E+00   0.0000000000E+00 +-    0.0000000000E+00   
tni 2pidd-commutator           0.00000000E+00   0.0000000000E+00 +-    0.0000000000E+00   
tni 2pi-tm                     0.00000000E+00   0.0000000000E+00 +-    0.0000000000E+00   
tni vd1                        0.00000000E+00   0.0000000000E+00 +-    0.0000000000E+00   
tni vd2                        0.00000000E+00   0.0000000000E+00 +-    0.0000000000E+00   
tni ve                         0.00000000E+00   0.0000000000E+00 +-    0.0000000000E+00   
enetot v8+tni                  0.00000000E+00  -2.6649283544E+01 +-    3.3384532837E-01   
!-!-!-!-!-!-!-!-!-!-!-!-!-!-!-!-!-!-!-!-!-!-!-!-!-!
Psi**2 of initial configurations  =   0.2657861E-04  0.0000000E+00  +-    0.6843170E-06  0.0000000E+00
Psig**2 of initial configurations =   0.1741415E-04  0.0000000E+00  +-    0.5284775E-06  0.0000000E+00
!-!-!-!-!-!-!-!-!-!-!-!-!-!-!-!-!-!-!-!-!-!-!-!-!-!
T**2 of initial configurations  =  -0.1645827E-07  0.1683261E-09
Tz of initial configurations    =  -0.1055393E-13 -0.8021802E-14
J**2 of initial configurations  =   0.3102953E-07 -0.1573820E-08
Jz of initial configurations    =  -0.2982731E-14 -0.2427518E-13
!-!-!-!-!-!-!-!-!-!-!-!-!-!-!-!-!-!-!-!-!-!-!-!-!-!
!-!-!-!-!-!-!-!-!-!-!-!-!-!-!-!-!-!-!-!-!-!-!-!-!-!
Time to process initial configurations (sec.) =       1.64
!-!-!-!-!-!-!-!-!-!-!-!-!-!-!-!-!-!-!-!-!-!-!-!-!-!

equilibration done

iteration =                               1
walker number =                       11292
total energy-propagated        2.50000000E-03  -2.6364644865E+01 +-    3.0283440299E-01   
kinetic energy                 2.50000000E-03   1.0077851409E+02 +-    1.4867155622E+00   
potential energy               2.50000000E-03  -1.2714315896E+02 +-    1.4375310274E+00   
im energy                      2.50000000E-03  -2.1521308516E-01 +-    1.8493854918E-01   
imkin energy                   2.50000000E-03   1.9647983459E+00 +-    3.8991409752E-01   
impot energy                   2.50000000E-03  -2.1800114311E+00 +-    3.7747276214E-01   
v cent                         2.50000000E-03   1.9862954764E+01 +-    1.3820784959E+00   
v tau                          2.50000000E-03  -8.1168964073E+00 +-    2.2174060126E-01   
v sigma                        2.50000000E-03  -9.1464038565E+00 +-    2.2550439678E-01   
v sigtau                       2.50000000E-03  -6.2318465047E+01 +-    4.8161012489E-01   
v tensor                       2.50000000E-03   6.1894454596E-01 +-    1.1624446132E-01   
v tenstau                      2.50000000E-03  -6.8043292958E+01 +-    8.4823357918E-01   
v ls                           2.50000000E-03   0.0000000000E+00 +-    0.0000000000E+00   
v lstau                        2.50000000E-03   0.0000000000E+00 +-    0.0000000000E+00   
vpot v6                        2.50000000E-03  -1.2714315896E+02 +-    1.4375310274E+00   
vpot v8                        2.50000000E-03  -1.2714315896E+02 +-    1.4375310274E+00   
v coulomb                      2.50000000E-03   7.3300679275E-01 +-    2.4749246885E-03   
v external                     2.50000000E-03   0.0000000000E+00 +-    0.0000000000E+00   
tni 2pipr-anticomm             2.50000000E-03   0.0000000000E+00 +-    0.0000000000E+00   
tni vd1pr                      2.50000000E-03   0.0000000000E+00 +-    0.0000000000E+00   
tni vepr                       2.50000000E-03   0.0000000000E+00 +-    0.0000000000E+00   
tni central                    2.50000000E-03   0.0000000000E+00 +-    0.0000000000E+00   
tni 2pixx-anticommutator       2.50000000E-03   0.0000000000E+00 +-    0.0000000000E+00   
tni 2pixd-anticommutator       2.50000000E-03   0.0000000000E+00 +-    0.0000000000E+00   
tni 2pidd-anticommutator       2.50000000E-03   0.0000000000E+00 +-    0.0000000000E+00   
tni 2pixx-commutator           2.50000000E-03   0.0000000000E+00 +-    0.0000000000E+00   
tni 2pixd-commutator           2.50000000E-03   0.0000000000E+00 +-    0.0000000000E+00   
tni 2pidd-commutator           2.50000000E-03   0.0000000000E+00 +-    0.0000000000E+00   
tni 2pi-tm                     2.50000000E-03   0.0000000000E+00 +-    0.0000000000E+00   
tni vd1                        2.50000000E-03   0.0000000000E+00 +-    0.0000000000E+00   
tni vd2                        2.50000000E-03   0.0000000000E+00 +-    0.0000000000E+00   
tni ve                         2.50000000E-03   0.0000000000E+00 +-    0.0000000000E+00   
vpottot v8+tni                 2.50000000E-03  -1.2714315896E+02 +-    1.4375310274E+00   
enetot v8+tni                  2.50000000E-03  -2.6364644865E+01 +-    3.0283440299E-01   
vper cent                      2.50000000E-03   1.9862954764E+01 +-    1.3820784959E+00   
vper tau                       2.50000000E-03  -8.1168964073E+00 +-    2.2174060126E-01   
vper sigma                     2.50000000E-03  -9.1464038565E+00 +-    2.2550439678E-01   
vper sigtau                    2.50000000E-03  -6.2318465047E+01 +-    4.8161012489E-01   
vper tensor                    2.50000000E-03   6.1894454596E-01 +-    1.1624446132E-01   
vper tenstau                   2.50000000E-03  -6.8043292958E+01 +-    8.4823357918E-01   
vper ls                        2.50000000E-03   0.0000000000E+00 +-    0.0000000000E+00   
vper lstau                     2.50000000E-03   0.0000000000E+00 +-    0.0000000000E+00   
vpotper v6                     2.50000000E-03  -1.2714315896E+02 +-    1.4375310274E+00   
vpotper v8                     2.50000000E-03  -1.2714315896E+02 +-    1.4375310274E+00   
vpotv6pr-vpotv6per diff        2.50000000E-03   0.0000000000E+00 +-    0.0000000000E+00   
vpotv8pr-vpotv8per diff        2.50000000E-03   0.0000000000E+00 +-    0.0000000000E+00   
2piapr-2pia diff               2.50000000E-03   0.0000000000E+00 +-    0.0000000000E+00   
vd1pr-vd1 diff                 2.50000000E-03   0.0000000000E+00 +-    0.0000000000E+00   
vepr-ve diff                   2.50000000E-03   0.0000000000E+00 +-    0.0000000000E+00   
diff1 2piapr-2pia-2picxx       2.50000000E-03   0.0000000000E+00 +-    0.0000000000E+00   
diff2 vd1pr-vd1-2picxd         2.50000000E-03   0.0000000000E+00 +-    0.0000000000E+00   
diff3 vepr-ve-2picdd           2.50000000E-03   0.0000000000E+00 +-    0.0000000000E+00   
sum diff1+dif2+diff3           2.50000000E-03   0.0000000000E+00 +-    0.0000000000E+00   
proton rms                     2.50000000E-03   2.1393884540E+00 +-    1.2361194952E-02   
neutron rms                    2.50000000E-03   2.1280629806E+00 +-    1.2337438656E-02   
total rms                      2.50000000E-03   2.1331484769E+00 +-    1.1180458094E-02   
neutron-proton rms             2.50000000E-03  -1.1325473463E-02 +-    1.0465398528E-02   
GT sigXtau+                    2.50000000E-03   1.2584658290E-04 +-    2.0882572716E-05   
GT sigYtau+                    2.50000000E-03   7.6884496487E-06 +-    2.1716136315E-05   
GT sigZtau+                    2.50000000E-03   3.5768224770E-05 +-    2.0877262708E-05   
GT sigXtau-                    2.50000000E-03   1.4724109588E-05 +-    1.9303484001E-05   
GT sigYtau-                    2.50000000E-03  -2.7132360671E-05 +-    2.0038033256E-05   
GT sigZtau-                    2.50000000E-03  -5.9568662534E-05 +-    2.0285960131E-05   
F tau+                         2.50000000E-03   3.4419516481E-20 +-    3.6992199983E-20   
F tau-                         2.50000000E-03  -9.6625055624E-24 +-    3.6436908633E-20   
Psi**2                         2.50000000E-03   2.4669301484E-05 +-    5.7378893213E-07   
single crossing/step           2.50000000E-03   8.5365044152E-03 +-    4.5117077612E-05   
global crossing/step           2.50000000E-03   8.4619476910E-03 +-    8.9842622175E-05   
energy numerator(real)         2.50000000E-03  -2.8534799187E+01 +-    6.7045966366E-01   
denominator psit/psigi(real)   2.50000000E-03   1.0822970232E+00 +-    1.0822197314E-02   
energy numerator(aimag)        2.50000000E-03  -4.2935147087E-01 +-    4.5442453697E-01   
denominator psit/psigi(aimag)  2.50000000E-03  -1.0032971295E-03 +-    7.0342736749E-03   
growth(lin dt) energy          2.50000000E-03  -1.7955283571E+02 +-    4.5443205319E+00   
growth(global) energy          2.50000000E-03  -1.8123468554E+02 +-    1.1358377007E+01
growth energy                  2.50000000E-03  -1.7948157255E+02 +-    4.5354961625E+00
Time for propagation (sec) (min) =          20.748      0.346
Time for energies (sec) (min) =              0.789      0.013
Time for load balancing (sec) (min) =        0.070      0.001
Time for block (sec) (min) =                22.328      0.372
Time for operators (sec) (min) =             0.021      0.000
Elapsed block time (sec) (min) =            22.350      0.373
 
 walkers multiplicity, block, total
   0          39302          39302
   1         959070         959070
   2          40958          40958
   3            127            127
   4             16             16
   5              1              1
   6              2              2
   7              0              0
   8              1              1
   9              0              0
 
 

iteration =                               2
walker number =                       10151
total energy-propagated        5.00000000E-03  -2.4907193172E+01 +-    3.9842931574E-01   
kinetic energy                 5.00000000E-03   1.0256336727E+02 +-    1.5615656197E+00   
potential energy               5.00000000E-03  -1.2747056044E+02 +-    1.5190531293E+00   
im energy                      5.00000000E-03   9.0689669635E-02 +-    2.5873970825E-01   
imkin energy                   5.00000000E-03   2.0377756394E+00 +-    5.2695491487E-01   
impot energy                   5.00000000E-03  -1.9470859697E+00 +-    4.6324449553E-01   
v cent                         5.00000000E-03   1.8869704411E+01 +-    1.4009030289E+00   
v tau                          5.00000000E-03  -6.4228719617E+00 +-    2.2058946774E-01   
v sigma                        5.00000000E-03  -1.0728160563E+01 +-    2.2771855508E-01   
v sigtau                       5.00000000E-03  -6.2646991442E+01 +-    5.0628296687E-01   
v tensor                       5.00000000E-03   1.3584604606E-01 +-    1.5159857466E-01   
v tenstau                      5.00000000E-03  -6.6678086931E+01 +-    9.9388428936E-01   
v ls                           5.00000000E-03   0.0000000000E+00 +-    0.0000000000E+00   
v lstau                        5.00000000E-03   0.0000000000E+00 +-    0.0000000000E+00   
vpot v6                        5.00000000E-03  -1.2747056044E+02 +-    1.5190531293E+00   
vpot v8                        5.00000000E-03  -1.2747056044E+02 +-    1.5190531293E+00   
v coulomb                      5.00000000E-03   7.6251401531E-01 +-    2.4892934739E-03   
v external                     5.00000000E-03   0.0000000000E+00 +-    0.0000000000E+00   
tni 2pipr-anticomm             5.00000000E-03   0.0000000000E+00 +-    0.0000000000E+00   
tni vd1pr                      5.00000000E-03   0.0000000000E+00 +-    0.0000000000E+00   
tni vepr                       5.00000000E-03   0.0000000000E+00 +-    0.0000000000E+00   
tni central                    5.00000000E-03   0.0000000000E+00 +-    0.0000000000E+00   
tni 2pixx-anticommutator       5.00000000E-03   0.0000000000E+00 +-    0.0000000000E+00   
tni 2pixd-anticommutator       5.00000000E-03   0.0000000000E+00 +-    0.0000000000E+00   
tni 2pidd-anticommutator       5.00000000E-03   0.0000000000E+00 +-    0.0000000000E+00   
tni 2pixx-commutator           5.00000000E-03   0.0000000000E+00 +-    0.0000000000E+00   
tni 2pixd-commutator           5.00000000E-03   0.0000000000E+00 +-    0.0000000000E+00   
tni 2pidd-commutator           5.00000000E-03   0.0000000000E+00 +-    0.0000000000E+00   
tni 2pi-tm                     5.00000000E-03   0.0000000000E+00 +-    0.0000000000E+00   
tni vd1                        5.00000000E-03   0.0000000000E+00 +-    0.0000000000E+00   
tni vd2                        5.00000000E-03   0.0000000000E+00 +-    0.0000000000E+00   
tni ve                         5.00000000E-03   0.0000000000E+00 +-    0.0000000000E+00   
vpottot v8+tni                 5.00000000E-03  -1.2747056044E+02 +-    1.5190531293E+00   
enetot v8+tni                  5.00000000E-03  -2.4907193172E+01 +-    3.9842931574E-01   
vper cent                      5.00000000E-03   1.8869704411E+01 +-    1.4009030289E+00   
vper tau                       5.00000000E-03  -6.4228719617E+00 +-    2.2058946774E-01   
vper sigma                     5.00000000E-03  -1.0728160563E+01 +-    2.2771855508E-01   
vper sigtau                    5.00000000E-03  -6.2646991442E+01 +-    5.0628296687E-01   
vper tensor                    5.00000000E-03   1.3584604606E-01 +-    1.5159857466E-01   
vper tenstau                   5.00000000E-03  -6.6678086931E+01 +-    9.9388428936E-01   
vper ls                        5.00000000E-03   0.0000000000E+00 +-    0.0000000000E+00   
vper lstau                     5.00000000E-03   0.0000000000E+00 +-    0.0000000000E+00   
vpotper v6                     5.00000000E-03  -1.2747056044E+02 +-    1.5190531293E+00   
vpotper v8                     5.00000000E-03  -1.2747056044E+02 +-    1.5190531293E+00   
vpotv6pr-vpotv6per diff        5.00000000E-03   0.0000000000E+00 +-    0.0000000000E+00   
vpotv8pr-vpotv8per diff        5.00000000E-03   0.0000000000E+00 +-    0.0000000000E+00   
2piapr-2pia diff               5.00000000E-03   0.0000000000E+00 +-    0.0000000000E+00   
vd1pr-vd1 diff                 5.00000000E-03   0.0000000000E+00 +-    0.0000000000E+00   
vepr-ve diff                   5.00000000E-03   0.0000000000E+00 +-    0.0000000000E+00   
diff1 2piapr-2pia-2picxx       5.00000000E-03   0.0000000000E+00 +-    0.0000000000E+00   
diff2 vd1pr-vd1-2picxd         5.00000000E-03   0.0000000000E+00 +-    0.0000000000E+00   
diff3 vepr-ve-2picdd           5.00000000E-03   0.0000000000E+00 +-    0.0000000000E+00   
sum diff1+dif2+diff3           5.00000000E-03   0.0000000000E+00 +-    0.0000000000E+00   
proton rms                     5.00000000E-03   2.0575656945E+00 +-    1.2706649207E-02   
neutron rms                    5.00000000E-03   2.0642798456E+00 +-    1.3102816774E-02   
total rms                      5.00000000E-03   2.0606716120E+00 +-    1.1628674308E-02   
neutron-proton rms             5.00000000E-03   6.7141510594E-03 +-    1.1236431124E-02   
GT sigXtau+                    5.00000000E-03  -2.1876053827E-05 +-    2.1503192249E-05   
GT sigYtau+                    5.00000000E-03   2.8836421642E-05 +-    2.1449072577E-05   
GT sigZtau+                    5.00000000E-03   1.0283897237E-04 +-    2.4368409491E-05   
GT sigXtau-                    5.00000000E-03  -7.3978015640E-05 +-    2.1034610466E-05   
GT sigYtau-                    5.00000000E-03   6.5019985297E-05 +-    2.1859135775E-05   
GT sigZtau-                    5.00000000E-03   3.8944218000E-05 +-    2.3454768698E-05   
F tau+                         5.00000000E-03  -1.0193739459E-19 +-    4.1924269012E-20   
F tau-                         5.00000000E-03   7.9198261804E-20 +-    3.9049161503E-20   
Psi**2                         5.00000000E-03   2.7264814338E-05 +-    6.0935028411E-07   
single crossing/step           5.00000000E-03   7.8944618506E-03 +-    4.1998393295E-05   
global crossing/step           5.00000000E-03   7.7489771026E-03 +-    8.3225312804E-05   
energy numerator(real)         5.00000000E-03  -1.7633592339E+01 +-    8.1119141488E-01   
denominator psit/psigi(real)   5.00000000E-03   7.0755293177E-01 +-    1.2961883873E-02   
energy numerator(aimag)        5.00000000E-03   8.3507976470E-01 +-    5.3404060194E-01   
denominator psit/psigi(aimag)  5.00000000E-03   7.2664228505E-03 +-    8.6218385206E-03   
growth(lin dt) energy          5.00000000E-03  -2.0812619328E+02 +-    4.9819889561E+00   
growth(global) energy          5.00000000E-03  -2.0934854352E+02 +-    1.0340106268E+01
growth energy                  5.00000000E-03  -2.0799089973E+02 +-    4.9687451218E+00
Time for propagation (sec) (min) =          22.157      0.369
Time for energies (sec) (min) =              0.710      0.012
Time for load balancing (sec) (min) =        0.030      0.000
Time for block (sec) (min) =                23.515      0.392
Time for operators (sec) (min) =             0.020      0.000
Elapsed block time (sec) (min) =            45.903      0.765
 
 walkers multiplicity, block, total
   0          48724          88026
   1        1038350        1997420
   2          46654          87612
   3            303            430
   4             45             61
   5             15             16
   6             10             12
   7              4              4
   8              1              2
   9              1              1
  10              1              1
  11              3              3
 
 

iteration =                               3
walker number =                       10975
total energy-propagated        7.50000000E-03  -2.8995810908E+01 +-    3.1098727484E-01   
kinetic energy                 7.50000000E-03   1.0387380700E+02 +-    1.4108857582E+00   
potential energy               7.50000000E-03  -1.3286961791E+02 +-    1.3345318130E+00   
im energy                      7.50000000E-03   3.9660650380E+00 +-    2.5130748183E-01   
imkin energy                   7.50000000E-03   5.6675336996E+00 +-    3.5702981319E-01   
impot energy                   7.50000000E-03  -1.7014686616E+00 +-    3.2790319464E-01   
v cent                         7.50000000E-03   1.7604080673E+01 +-    1.2704814205E+00   
v tau                          7.50000000E-03  -9.2292370028E+00 +-    3.0924816264E-01   
v sigma                        7.50000000E-03  -6.6902791021E+00 +-    4.3067135037E-01   
v sigtau                       7.50000000E-03  -6.2349008128E+01 +-    5.4556407481E-01   
v tensor                       7.50000000E-03   9.8382429292E-01 +-    1.2951571072E-01   
v tenstau                      7.50000000E-03  -7.3188998642E+01 +-    6.3160020903E-01   
v ls                           7.50000000E-03   0.0000000000E+00 +-    0.0000000000E+00   
v lstau                        7.50000000E-03   0.0000000000E+00 +-    0.0000000000E+00   
vpot v6                        7.50000000E-03  -1.3286961791E+02 +-    1.3345318130E+00   
vpot v8                        7.50000000E-03  -1.3286961791E+02 +-    1.3345318130E+00   
v coulomb                      7.50000000E-03   7.4296124174E-01 +-    2.6510691879E-03   
v external                     7.50000000E-03   0.0000000000E+00 +-    0.0000000000E+00   
tni 2pipr-anticomm             7.50000000E-03   0.0000000000E+00 +-    0.0000000000E+00   
tni vd1pr                      7.50000000E-03   0.0000000000E+00 +-    0.0000000000E+00   
tni vepr                       7.50000000E-03   0.0000000000E+00 +-    0.0000000000E+00   
tni central                    7.50000000E-03   0.0000000000E+00 +-    0.0000000000E+00   
tni 2pixx-anticommutator       7.50000000E-03   0.0000000000E+00 +-    0.0000000000E+00   
tni 2pixd-anticommutator       7.50000000E-03   0.0000000000E+00 +-    0.0000000000E+00   
tni 2pidd-anticommutator       7.50000000E-03   0.0000000000E+00 +-    0.0000000000E+00   
tni 2pixx-commutator           7.50000000E-03   0.0000000000E+00 +-    0.0000000000E+00   
tni 2pixd-commutator           7.50000000E-03   0.0000000000E+00 +-    0.0000000000E+00   
tni 2pidd-commutator           7.50000000E-03   0.0000000000E+00 +-    0.0000000000E+00   
tni 2pi-tm                     7.50000000E-03   0.0000000000E+00 +-    0.0000000000E+00   
tni vd1                        7.50000000E-03   0.0000000000E+00 +-    0.0000000000E+00   
tni vd2                        7.50000000E-03   0.0000000000E+00 +-    0.0000000000E+00   
tni ve                         7.50000000E-03   0.0000000000E+00 +-    0.0000000000E+00   
vpottot v8+tni                 7.50000000E-03  -1.3286961791E+02 +-    1.3345318130E+00   
enetot v8+tni                  7.50000000E-03  -2.8995810908E+01 +-    3.1098727484E-01   
vper cent                      7.50000000E-03   1.7604080673E+01 +-    1.2704814205E+00   
vper tau                       7.50000000E-03  -9.2292370028E+00 +-    3.0924816264E-01   
vper sigma                     7.50000000E-03  -6.6902791021E+00 +-    4.3067135037E-01   
vper sigtau                    7.50000000E-03  -6.2349008128E+01 +-    5.4556407481E-01   
vper tensor                    7.50000000E-03   9.8382429292E-01 +-    1.2951571072E-01   
vper tenstau                   7.50000000E-03  -7.3188998642E+01 +-    6.3160020903E-01   
vper ls                        7.50000000E-03   0.0000000000E+00 +-    0.0000000000E+00   
vper lstau                     7.50000000E-03   0.0000000000E+00 +-    0.0000000000E+00   
vpotper v6                     7.50000000E-03  -1.3286961791E+02 +-    1.3345318130E+00   
vpotper v8                     7.50000000E-03  -1.3286961791E+02 +-    1.3345318130E+00   
vpotv6pr-vpotv6per diff        7.50000000E-03   0.0000000000E+00 +-    0.0000000000E+00   
vpotv8pr-vpotv8per diff        7.50000000E-03   0.0000000000E+00 +-    0.0000000000E+00   
2piapr-2pia diff               7.50000000E-03   0.0000000000E+00 +-    0.0000000000E+00   
vd1pr-vd1 diff                 7.50000000E-03   0.0000000000E+00 +-    0.0000000000E+00   
vepr-ve diff                   7.50000000E-03   0.0000000000E+00 +-    0.0000000000E+00   
diff1 2piapr-2pia-2picxx       7.50000000E-03   0.0000000000E+00 +-    0.0000000000E+00   
diff2 vd1pr-vd1-2picxd         7.50000000E-03   0.0000000000E+00 +-    0.0000000000E+00   
diff3 vepr-ve-2picdd           7.50000000E-03   0.0000000000E+00 +-    0.0000000000E+00   
sum diff1+dif2+diff3           7.50000000E-03   0.0000000000E+00 +-    0.0000000000E+00   
proton rms                     7.50000000E-03   2.2111994197E+00 +-    1.3059481188E-02   
neutron rms                    7.50000000E-03   2.1767240343E+00 +-    1.2611966920E-02   
total rms                      7.50000000E-03   2.1947863853E+00 +-    1.1750258633E-02   
neutron-proton rms             7.50000000E-03  -3.4475385392E-02 +-    1.0523270142E-02   
GT sigXtau+                    7.50000000E-03   4.3560978148E-05 +-    2.3553033511E-05   
GT sigYtau+                    7.50000000E-03  -8.2844806362E-05 +-    2.3918047603E-05   
GT sigZtau+                    7.50000000E-03   2.0457391808E-04 +-    2.2757676400E-05   
GT sigXtau-                    7.50000000E-03  -1.4829173577E-04 +-    2.3285983426E-05   
GT sigYtau-                    7.50000000E-03  -9.0930300482E-05 +-    2.1362152728E-05   
GT sigZtau-                    7.50000000E-03  -6.3287756273E-05 +-    2.1514482634E-05   
F tau+                         7.50000000E-03   2.6981005668E-19 +-    4.1498375376E-20   
F tau-                         7.50000000E-03   1.2866414322E-19 +-    3.3469409356E-20   
Psi**2                         7.50000000E-03   2.4154801170E-05 +-    6.1274704321E-07   
single crossing/step           7.50000000E-03   7.2340055198E-03 +-    4.0770823005E-05   
global crossing/step           7.50000000E-03   7.0807799598E-03 +-    8.0679670838E-05   
energy numerator(real)         7.50000000E-03  -1.2754762933E+01 +-    9.1081612849E-01   
denominator psit/psigi(real)   7.50000000E-03   4.3843079396E-01 +-    1.3210135880E-02   
energy numerator(aimag)        7.50000000E-03   1.5771861540E+00 +-    6.5749490705E-01   
denominator psit/psigi(aimag)  7.50000000E-03   9.9022215070E-03 +-    8.7518149905E-03   
growth(lin dt) energy          7.50000000E-03  -2.2630922029E+02 +-    5.4760565090E+00   
growth(global) energy          7.50000000E-03  -2.1133964091E+02 +-    1.0663022500E+01
growth energy                  7.50000000E-03  -2.2612260628E+02 +-    5.4589907233E+00
Time for propagation (sec) (min) =          21.568      0.359
Time for energies (sec) (min) =              0.768      0.013
Time for load balancing (sec) (min) =        0.032      0.001
Time for block (sec) (min) =                22.939      0.382
Time for operators (sec) (min) =             0.021      0.000
Elapsed block time (sec) (min) =            68.862      1.148
 
 walkers multiplicity, block, total
   0          48249         136275
   1         995549        2992969
   2          47869         135481
   3            353            783
   4             76            137
   5             20             36
   6             11             23
   7              5              9
   8              1              3
   9              3              4
  10              2              3
  11              1              4
  13              1              1
  16              1              1
  20              1              1
 
 

iteration =                               4
walker number =                       10945
total energy-propagated        1.00000000E-02  -2.8221171425E+01 +-    4.3015387649E-01   
kinetic energy                 1.00000000E-02   8.7178479689E+01 +-    1.7364579061E+00   
potential energy               1.00000000E-02  -1.1539965111E+02 +-    1.6411423246E+00   
im energy                      1.00000000E-02  -2.7728911407E+00 +-    3.4244124478E-01   
imkin energy                   1.00000000E-02  -2.2905718729E+00 +-    6.2917304815E-01   
impot energy                   1.00000000E-02  -4.8231926787E-01 +-    5.1460206262E-01   
v cent                         1.00000000E-02   3.0184131923E+01 +-    1.7496919571E+00   
v tau                          1.00000000E-02  -6.0886637471E+00 +-    3.7002225820E-01   
v sigma                        1.00000000E-02  -1.3487491180E+01 +-    3.1806674732E-01   
v sigtau                       1.00000000E-02  -6.8859879770E+01 +-    5.2490912674E-01   
v tensor                       1.00000000E-02  -1.8508051935E+00 +-    1.7162488447E-01   
v tenstau                      1.00000000E-02  -5.5296943145E+01 +-    1.1891339079E+00   
v ls                           1.00000000E-02   0.0000000000E+00 +-    0.0000000000E+00   
v lstau                        1.00000000E-02   0.0000000000E+00 +-    0.0000000000E+00   
vpot v6                        1.00000000E-02  -1.1539965111E+02 +-    1.6411423246E+00   
vpot v8                        1.00000000E-02  -1.1539965111E+02 +-    1.6411423246E+00   
v coulomb                      1.00000000E-02   7.4686066324E-01 +-    1.9188351052E-03   
v external                     1.00000000E-02   0.0000000000E+00 +-    0.0000000000E+00   
tni 2pipr-anticomm             1.00000000E-02   0.0000000000E+00 +-    0.0000000000E+00   
tni vd1pr                      1.00000000E-02   0.0000000000E+00 +-    0.0000000000E+00   
tni vepr                       1.00000000E-02   0.0000000000E+00 +-    0.0000000000E+00   
tni central                    1.00000000E-02   0.0000000000E+00 +-    0.0000000000E+00   
tni 2pixx-anticommutator       1.00000000E-02   0.0000000000E+00 +-    0.0000000000E+00   
tni 2pixd-anticommutator       1.00000000E-02   0.0000000000E+00 +-    0.0000000000E+00   
tni 2pidd-anticommutator       1.00000000E-02   0.0000000000E+00 +-    0.0000000000E+00   
tni 2pixx-commutator           1.00000000E-02   0.0000000000E+00 +-    0.0000000000E+00   
tni 2pixd-commutator           1.00000000E-02   0.0000000000E+00 +-    0.0000000000E+00   
tni 2pidd-commutator           1.00000000E-02   0.0000000000E+00 +-    0.0000000000E+00   
tni 2pi-tm                     1.00000000E-02   0.0000000000E+00 +-    0.0000000000E+00   
tni vd1                        1.00000000E-02   0.0000000000E+00 +-    0.0000000000E+00   
tni vd2                        1.00000000E-02   0.0000000000E+00 +-    0.0000000000E+00   
tni ve                         1.00000000E-02   0.0000000000E+00 +-    0.0000000000E+00   
vpottot v8+tni                 1.00000000E-02  -1.1539965111E+02 +-    1.6411423246E+00   
enetot v8+tni                  1.00000000E-02  -2.8221171425E+01 +-    4.3015387649E-01   
vper cent                      1.00000000E-02   3.0184131923E+01 +-    1.7496919571E+00   
vper tau                       1.00000000E-02  -6.0886637471E+00 +-    3.7002225820E-01   
vper sigma                     1.00000000E-02  -1.3487491180E+01 +-    3.1806674732E-01   
vper sigtau                    1.00000000E-02  -6.8859879770E+01 +-    5.2490912674E-01   
vper tensor                    1.00000000E-02  -1.8508051935E+00 +-    1.7162488447E-01   
vper tenstau                   1.00000000E-02  -5.5296943145E+01 +-    1.1891339079E+00   
vper ls                        1.00000000E-02   0.0000000000E+00 +-    0.0000000000E+00   
vper lstau                     1.00000000E-02   0.0000000000E+00 +-    0.0000000000E+00   
vpotper v6                     1.00000000E-02  -1.1539965111E+02 +-    1.6411423246E+00   
vpotper v8                     1.00000000E-02  -1.1539965111E+02 +-    1.6411423246E+00   
vpotv6pr-vpotv6per diff        1.00000000E-02   0.0000000000E+00 +-    0.0000000000E+00   
vpotv8pr-vpotv8per diff        1.00000000E-02   0.0000000000E+00 +-    0.0000000000E+00   
2piapr-2pia diff               1.00000000E-02   0.0000000000E+00 +-    0.0000000000E+00   
vd1pr-vd1 diff                 1.00000000E-02   0.0000000000E+00 +-    0.0000000000E+00   
vepr-ve diff                   1.00000000E-02   0.0000000000E+00 +-    0.0000000000E+00   
diff1 2piapr-2pia-2picxx       1.00000000E-02   0.0000000000E+00 +-    0.0000000000E+00   
diff2 vd1pr-vd1-2picxd         1.00000000E-02   0.0000000000E+00 +-    0.0000000000E+00   
diff3 vepr-ve-2picdd           1.00000000E-02   0.0000000000E+00 +-    0.0000000000E+00   
sum diff1+dif2+diff3           1.00000000E-02   0.0000000000E+00 +-    0.0000000000E+00   
proton rms                     1.00000000E-02   2.1089929580E+00 +-    1.4380801473E-02   
neutron rms                    1.00000000E-02   2.1352692311E+00 +-    1.1759060623E-02   
total rms                      1.00000000E-02   2.1347361861E+00 +-    1.2704659718E-02   
neutron-proton rms             1.00000000E-02   2.6276273150E-02 +-    9.9143766843E-03   
GT sigXtau+                    1.00000000E-02  -5.7755561278E-05 +-    2.4615514215E-05   
GT sigYtau+                    1.00000000E-02   1.5635467904E-04 +-    2.3333316884E-05   
GT sigZtau+                    1.00000000E-02   1.5912989771E-04 +-    2.6411178078E-05   
GT sigXtau-                    1.00000000E-02   2.5309759148E-04 +-    2.3519796808E-05   
GT sigYtau-                    1.00000000E-02   1.7675029719E-04 +-    2.2513488416E-05   
GT sigZtau-                    1.00000000E-02   4.2648800296E-04 +-    2.8075746620E-05   
F tau+                         1.00000000E-02   2.3600538563E-19 +-    3.8398688631E-20   
F tau-                         1.00000000E-02  -2.3452857023E-19 +-    3.9914923111E-20   
Psi**2                         1.00000000E-02   2.8287296564E-05 +-    5.7309480544E-07   
single crossing/step           1.00000000E-02   7.6948966413E-03 +-    4.1726720431E-05   
global crossing/step           1.00000000E-02   7.5302633403E-03 +-    8.2562713568E-05   
energy numerator(real)         1.00000000E-02  -7.9123056737E+00 +-    8.8974622769E-01   
denominator psit/psigi(real)   1.00000000E-02   2.7942301968E-01 +-    1.3370439676E-02   
energy numerator(aimag)        1.00000000E-02  -1.0261170781E+00 +-    6.0794220426E-01   
denominator psit/psigi(aimag)  1.00000000E-02  -6.2020895105E-03 +-    9.0709525329E-03   
growth(lin dt) energy          1.00000000E-02  -2.5565423145E+02 +-    5.6179900420E+00   
growth(global) energy          1.00000000E-02  -2.4760059830E+02 +-    1.1384430143E+01
growth energy                  1.00000000E-02  -2.5536746846E+02 +-    5.5963791815E+00
Time for propagation (sec) (min) =          21.897      0.365
Time for energies (sec) (min) =              0.766      0.013
Time for load balancing (sec) (min) =        0.029      0.000
Time for block (sec) (min) =                23.207      0.387
Time for operators (sec) (min) =             0.022      0.000
Elapsed block time (sec) (min) =            92.099      1.535
 
 walkers multiplicity, block, total
   0          52752         189027
   1        1015758        4008727
   2          51362         186843
   3            443           1226
   4             80            217
   5             18             54
   6             15             38
   7              1             10
   8              2              5
   9              4              8
  10              0              3
  11              1              5
  13              1              2
  14              1              1
  16              0              1
  20              0              1
 
 

iteration =                               5
walker number =                       11109
total energy-propagated        1.25000000E-02  -2.8177872551E+01 +-    7.0125707555E-01   
kinetic energy                 1.25000000E-02   6.6969076093E+01 +-    2.2972755288E+00   
potential energy               1.25000000E-02  -9.5146948644E+01 +-    2.2754371766E+00   
im energy                      1.25000000E-02  -1.0058468630E+01 +-    4.8978684904E-01   
imkin energy                   1.25000000E-02  -8.5771591326E+00 +-    4.2009876239E-01   
impot energy                   1.25000000E-02  -1.4813094978E+00 +-    4.9161905464E-01   
v cent                         1.25000000E-02   8.8804331279E+01 +-    2.6720592250E+00   
v tau                          1.25000000E-02  -1.5167749398E+01 +-    3.7062867143E-01   
v sigma                        1.25000000E-02  -2.4473235227E+01 +-    4.6125264284E-01   
v sigtau                       1.25000000E-02  -1.0524199859E+02 +-    8.3368769006E-01   
v tensor                       1.25000000E-02  -5.5017467069E-01 +-    1.9105586771E-01   
v tenstau                      1.25000000E-02  -3.8518122041E+01 +-    1.4078659750E+00   
v ls                           1.25000000E-02   0.0000000000E+00 +-    0.0000000000E+00   
v lstau                        1.25000000E-02   0.0000000000E+00 +-    0.0000000000E+00   
vpot v6                        1.25000000E-02  -9.5146948644E+01 +-    2.2754371766E+00   
vpot v8                        1.25000000E-02  -9.5146948644E+01 +-    2.2754371766E+00   
v coulomb                      1.25000000E-02   9.0794045040E-01 +-    3.5651836633E-03   
v external                     1.25000000E-02   0.0000000000E+00 +-    0.0000000000E+00   
tni 2pipr-anticomm             1.25000000E-02   0.0000000000E+00 +-    0.0000000000E+00   
tni vd1pr                      1.25000000E-02   0.0000000000E+00 +-    0.0000000000E+00   
tni vepr                       1.25000000E-02   0.0000000000E+00 +-    0.0000000000E+00   
tni central                    1.25000000E-02   0.0000000000E+00 +-    0.0000000000E+00   
tni 2pixx-anticommutator       1.25000000E-02   0.0000000000E+00 +-    0.0000000000E+00   
tni 2pixd-anticommutator       1.25000000E-02   0.0000000000E+00 +-    0.0000000000E+00   
tni 2pidd-anticommutator       1.25000000E-02   0.0000000000E+00 +-    0.0000000000E+00   
tni 2pixx-commutator           1.25000000E-02   0.0000000000E+00 +-    0.0000000000E+00   
tni 2pixd-commutator           1.25000000E-02   0.0000000000E+00 +-    0.0000000000E+00   
tni 2pidd-commutator           1.25000000E-02   0.0000000000E+00 +-    0.0000000000E+00   
tni 2pi-tm                     1.25000000E-02   0.0000000000E+00 +-    0.0000000000E+00   
tni vd1                        1.25000000E-02   0.0000000000E+00 +-    0.0000000000E+00   
tni vd2                        1.25000000E-02   0.0000000000E+00 +-    0.0000000000E+00   
tni ve                         1.25000000E-02   0.0000000000E+00 +-    0.0000000000E+00   
vpottot v8+tni                 1.25000000E-02  -9.5146948644E+01 +-    2.2754371766E+00   
enetot v8+tni                  1.25000000E-02  -2.8177872551E+01 +-    7.0125707555E-01   
vper cent                      1.25000000E-02   8.8804331279E+01 +-    2.6720592250E+00   
vper tau                       1.25000000E-02  -1.5167749398E+01 +-    3.7062867143E-01   
vper sigma                     1.25000000E-02  -2.4473235227E+01 +-    4.6125264284E-01   
vper sigtau                    1.25000000E-02  -1.0524199859E+02 +-    8.3368769006E-01   
vper tensor                    1.25000000E-02  -5.5017467069E-01 +-    1.9105586771E-01   
vper tenstau                   1.25000000E-02  -3.8518122041E+01 +-    1.4078659750E+00   
vper ls                        1.25000000E-02   0.0000000000E+00 +-    0.0000000000E+00   
vper lstau                     1.25000000E-02   0.0000000000E+00 +-    0.0000000000E+00   
vpotper v6                     1.25000000E-02  -9.5146948644E+01 +-    2.2754371766E+00   
vpotper v8                     1.25000000E-02  -9.5146948644E+01 +-    2.2754371766E+00   
vpotv6pr-vpotv6per diff        1.25000000E-02   0.0000000000E+00 +-    0.0000000000E+00   
vpotv8pr-vpotv8per diff        1.25000000E-02   0.0000000000E+00 +-    0.0000000000E+00   
2piapr-2pia diff               1.25000000E-02   0.0000000000E+00 +-    0.0000000000E+00   
vd1pr-vd1 diff                 1.25000000E-02   0.0000000000E+00 +-    0.0000000000E+00   
vepr-ve diff                   1.25000000E-02   0.0000000000E+00 +-    0.0000000000E+00   
diff1 2piapr-2pia-2picxx       1.25000000E-02   0.0000000000E+00 +-    0.0000000000E+00   
diff2 vd1pr-vd1-2picxd         1.25000000E-02   0.0000000000E+00 +-    0.0000000000E+00   
diff3 vepr-ve-2picdd           1.25000000E-02   0.0000000000E+00 +-    0.0000000000E+00   
sum diff1+dif2+diff3           1.25000000E-02   0.0000000000E+00 +-    0.0000000000E+00   
proton rms                     1.25000000E-02   1.7373386650E+00 +-    1.4244653853E-02   
neutron rms                    1.25000000E-02   1.9864257380E+00 +-    1.5170245930E-02   
total rms                      1.25000000E-02   1.8573086666E+00 +-    1.3245840436E-02   
neutron-proton rms             1.25000000E-02   2.4908707300E-01 +-    1.2536813717E-02   
GT sigXtau+                    1.25000000E-02  -3.9777466342E-04 +-    3.3422098510E-05   
GT sigYtau+                    1.25000000E-02   3.9362911517E-04 +-    2.8968736115E-05   
GT sigZtau+                    1.25000000E-02   1.4356857499E-05 +-    2.9024199236E-05   
GT sigXtau-                    1.25000000E-02  -1.6167189400E-04 +-    3.2924544540E-05   
GT sigYtau-                    1.25000000E-02   1.4749211695E-04 +-    3.2713504742E-05   
GT sigZtau-                    1.25000000E-02   3.3582138286E-04 +-    2.3217618300E-05   
F tau+                         1.25000000E-02   4.6848284709E-19 +-    5.3879729752E-20   
F tau-                         1.25000000E-02  -4.0580303871E-19 +-    5.0628572065E-20   
Psi**2                         1.25000000E-02   4.6786427465E-05 +-    8.8539349606E-07   
single crossing/step           1.25000000E-02   7.8104036493E-03 +-    4.2050132065E-05   
global crossing/step           1.25000000E-02   7.6237571350E-03 +-    8.3097123710E-05   
energy numerator(real)         1.25000000E-02  -5.4163885352E+00 +-    9.5793721418E-01   
denominator psit/psigi(real)   1.25000000E-02   1.8017539483E-01 +-    1.3642980964E-02   
energy numerator(aimag)        1.25000000E-02  -1.5004874268E+00 +-    6.7781710891E-01   
denominator psit/psigi(aimag)  1.25000000E-02  -2.7033729134E-02 +-    9.1864038253E-03   
growth(lin dt) energy          1.25000000E-02  -2.5895880776E+02 +-    5.7093520367E+00   
growth(global) energy          1.25000000E-02  -2.5540363067E+02 +-    1.2483430000E+01
growth energy                  1.25000000E-02  -2.5865942780E+02 +-    5.6869152486E+00
Time for propagation (sec) (min) =          21.893      0.365
Time for energies (sec) (min) =              0.778      0.013
Time for load balancing (sec) (min) =        0.028      0.000
Time for block (sec) (min) =                23.232      0.387
Time for operators (sec) (min) =             0.024      0.000
Elapsed block time (sec) (min) =           115.356      1.923
 
 walkers multiplicity, block, total
   0          54682         243709
   1        1010919        5019646
   2          53525         240368
   3            454           1680
   4             86            303
   5             11             65
   6             11             49
   7              3             13
   8              3              8
   9              1              9
  10              1              4
  11              0              5
  13              0              2
  14              0              1
  16              0              1
  20              0              1
 
 

iteration =                               6
walker number =                       11535
total energy-propagated        1.50000000E-02  -3.4663124917E+01 +-    5.2154604171E-01   
kinetic energy                 1.50000000E-02   7.6962573595E+01 +-    2.6925003988E+00   
potential energy               1.50000000E-02  -1.1162569851E+02 +-    2.8226775773E+00   
im energy                      1.50000000E-02   4.8336159875E+00 +-    3.0912559165E-01   
imkin energy                   1.50000000E-02  -8.7955376136E+00 +-    8.1544276822E-01   
impot energy                   1.50000000E-02   1.3629153601E+01 +-    1.0139416981E+00   
v cent                         1.50000000E-02   7.2037705312E+01 +-    2.9309813413E+00   
v tau                          1.50000000E-02  -1.2737691564E+01 +-    4.2276786024E-01   
v sigma                        1.50000000E-02  -1.2293576723E+01 +-    3.7143302335E-01   
v sigtau                       1.50000000E-02  -7.7074614344E+01 +-    7.2321120793E-01   
v tensor                       1.50000000E-02  -4.2854229999E+00 +-    2.6011157294E-01   
v tenstau                      1.50000000E-02  -7.7272098194E+01 +-    1.7193029753E+00   
v ls                           1.50000000E-02   0.0000000000E+00 +-    0.0000000000E+00   
v lstau                        1.50000000E-02   0.0000000000E+00 +-    0.0000000000E+00   
vpot v6                        1.50000000E-02  -1.1162569851E+02 +-    2.8226775773E+00   
vpot v8                        1.50000000E-02  -1.1162569851E+02 +-    2.8226775773E+00   
v coulomb                      1.50000000E-02   9.0042790866E-01 +-    2.4099467640E-03   
v external                     1.50000000E-02   0.0000000000E+00 +-    0.0000000000E+00   
tni 2pipr-anticomm             1.50000000E-02   0.0000000000E+00 +-    0.0000000000E+00   
tni vd1pr                      1.50000000E-02   0.0000000000E+00 +-    0.0000000000E+00   
tni vepr                       1.50000000E-02   0.0000000000E+00 +-    0.0000000000E+00   
tni central                    1.50000000E-02   0.0000000000E+00 +-    0.0000000000E+00   
tni 2pixx-anticommutator       1.50000000E-02   0.0000000000E+00 +-    0.0000000000E+00   
tni 2pixd-anticommutator       1.50000000E-02   0.0000000000E+00 +-    0.0000000000E+00   
tni 2pidd-anticommutator       1.50000000E-02   0.0000000000E+00 +-    0.0000000000E+00   
tni 2pixx-commutator           1.50000000E-02   0.0000000000E+00 +-    0.0000000000E+00   
tni 2pixd-commutator           1.50000000E-02   0.0000000000E+00 +-    0.0000000000E+00   
tni 2pidd-commutator           1.50000000E-02   0.0000000000E+00 +-    0.0000000000E+00   
tni 2pi-tm                     1.50000000E-02   0.0000000000E+00 +-    0.0000000000E+00   
tni vd1                        1.50000000E-02   0.0000000000E+00 +-    0.0000000000E+00   
tni vd2                        1.50000000E-02   0.0000000000E+00 +-    0.0000000000E+00   
tni ve                         1.50000000E-02   0.0000000000E+00 +-    0.0000000000E+00   
vpottot v8+tni                 1.50000000E-02  -1.1162569851E+02 +-    2.8226775773E+00   
enetot v8+tni                  1.50000000E-02  -3.4663124917E+01 +-    5.2154604171E-01   
vper cent                      1.50000000E-02   7.2037705312E+01 +-    2.9309813413E+00   
vper tau                       1.50000000E-02  -1.2737691564E+01 +-    4.2276786024E-01   
vper sigma                     1.50000000E-02  -1.2293576723E+01 +-    3.7143302335E-01   
vper sigtau                    1.50000000E-02  -7.7074614344E+01 +-    7.2321120793E-01   
vper tensor                    1.50000000E-02  -4.2854229999E+00 +-    2.6011157294E-01   
vper tenstau                   1.50000000E-02  -7.7272098194E+01 +-    1.7193029753E+00   
vper ls                        1.50000000E-02   0.0000000000E+00 +-    0.0000000000E+00   
vper lstau                     1.50000000E-02   0.0000000000E+00 +-    0.0000000000E+00   
vpotper v6                     1.50000000E-02  -1.1162569851E+02 +-    2.8226775773E+00   
vpotper v8                     1.50000000E-02  -1.1162569851E+02 +-    2.8226775773E+00   
vpotv6pr-vpotv6per diff        1.50000000E-02   0.0000000000E+00 +-    0.0000000000E+00   
vpotv8pr-vpotv8per diff        1.50000000E-02   0.0000000000E+00 +-    0.0000000000E+00   
2piapr-2pia diff               1.50000000E-02   0.0000000000E+00 +-    0.0000000000E+00   
vd1pr-vd1 diff                 1.50000000E-02   0.0000000000E+00 +-    0.0000000000E+00   
vepr-ve diff                   1.50000000E-02   0.0000000000E+00 +-    0.0000000000E+00   
diff1 2piapr-2pia-2picxx       1.50000000E-02   0.0000000000E+00 +-    0.0000000000E+00   
diff2 vd1pr-vd1-2picxd         1.50000000E-02   0.0000000000E+00 +-    0.0000000000E+00   
diff3 vepr-ve-2picdd           1.50000000E-02   0.0000000000E+00 +-    0.0000000000E+00   
sum diff1+dif2+diff3           1.50000000E-02   0.0000000000E+00 +-    0.0000000000E+00   
proton rms                     1.50000000E-02   1.5693849638E+00 +-    1.2998913721E-02   
neutron rms                    1.50000000E-02   1.7838402179E+00 +-    1.3073126075E-02   
total rms                      1.50000000E-02   1.6657691498E+00 +-    1.1950740839E-02   
neutron-proton rms             1.50000000E-02   2.1445525407E-01 +-    1.0135050353E-02   
GT sigXtau+                    1.50000000E-02  -4.4003995091E-04 +-    2.8130913791E-05   
GT sigYtau+                    1.50000000E-02   1.9376854196E-04 +-    3.6440876101E-05   
GT sigZtau+                    1.50000000E-02  -1.5034428490E-04 +-    2.7307810182E-05   
GT sigXtau-                    1.50000000E-02   4.8501425331E-05 +-    2.7955446159E-05   
GT sigYtau-                    1.50000000E-02   6.5038735135E-04 +-    3.8044304340E-05   
GT sigZtau-                    1.50000000E-02   4.8338901609E-04 +-    2.8328987668E-05   
F tau+                         1.50000000E-02   3.6146212378E-20 +-    7.1590443333E-20   
F tau-                         1.50000000E-02   1.5417310279E-20 +-    6.8227098300E-20   
Psi**2                         1.50000000E-02   6.3379691234E-05 +-    1.1104564428E-06   
single crossing/step           1.50000000E-02   7.7608788793E-03 +-    4.1715133801E-05   
global crossing/step           1.50000000E-02   7.5638288449E-03 +-    8.2372481515E-05   
energy numerator(real)         1.50000000E-02  -5.0740367255E+00 +-    8.4758956630E-01   
denominator psit/psigi(real)   1.50000000E-02   1.4846989927E-01 +-    1.2995328852E-02   
energy numerator(aimag)        1.50000000E-02   1.3058866001E+00 +-    5.9258795872E-01   
denominator psit/psigi(aimag)  1.50000000E-02  -2.5526122378E-02 +-    8.8593596976E-03   
growth(lin dt) energy          1.50000000E-02  -2.6123500358E+02 +-    5.7598308273E+00   
growth(global) energy          1.50000000E-02  -2.6869097468E+02 +-    1.1557276216E+01
growth energy                  1.50000000E-02  -2.6092677548E+02 +-    5.7368668878E+00
Time for propagation (sec) (min) =          22.111      0.369
Time for energies (sec) (min) =              0.808      0.013
Time for load balancing (sec) (min) =        0.029      0.000
Time for block (sec) (min) =                23.436      0.391
Time for operators (sec) (min) =             0.030      0.001
Elapsed block time (sec) (min) =           138.830      2.314
 
 walkers multiplicity, block, total
   0          55818         299527
   1        1019150        6038796
   2          54874         295242
   3            449           2129
   4             69            372
   5             28             93
   6             10             59
   7              7             20
   8              2             10
   9              1             10
  10              2              6
  11              1              6
  12              1              1
  13              0              2
  14              0              1
  16              0              1
  20              0              1
 
 

iteration =                               7
walker number =                       10905
total energy-propagated        1.75000000E-02  -2.1142112616E+01 +-    4.8748528405E-01   
kinetic energy                 1.75000000E-02   1.4939290852E+02 +-    9.9554888247E-01   
potential energy               1.75000000E-02  -1.7053502114E+02 +-    4.3802029711E-01   
im energy                      1.75000000E-02  -6.6668035963E+00 +-    2.3387343057E-01   
imkin energy                   1.75000000E-02  -8.0866949495E+00 +-    3.5686037253E-01   
impot energy                   1.75000000E-02   1.4198913533E+00 +-    2.2365810891E-01   
v cent                         1.75000000E-02   1.8085529542E+01 +-    8.2349214861E-01   
v tau                          1.75000000E-02  -1.0808158756E+01 +-    2.2989494052E-01   
v sigma                        1.75000000E-02  -6.7421346141E+00 +-    2.6344354335E-01   
v sigtau                       1.75000000E-02  -7.4552823931E+01 +-    5.7894108278E-01   
v tensor                       1.75000000E-02   3.2598332766E+00 +-    2.2328467827E-01   
v tenstau                      1.75000000E-02  -9.9777266654E+01 +-    1.0350311377E+00   
v ls                           1.75000000E-02   0.0000000000E+00 +-    0.0000000000E+00   
v lstau                        1.75000000E-02   0.0000000000E+00 +-    0.0000000000E+00   
vpot v6                        1.75000000E-02  -1.7053502114E+02 +-    4.3802029711E-01   
vpot v8                        1.75000000E-02  -1.7053502114E+02 +-    4.3802029711E-01   
v coulomb                      1.75000000E-02   8.8630597974E-01 +-    1.7440567085E-03   
v external                     1.75000000E-02   0.0000000000E+00 +-    0.0000000000E+00   
tni 2pipr-anticomm             1.75000000E-02   0.0000000000E+00 +-    0.0000000000E+00   
tni vd1pr                      1.75000000E-02   0.0000000000E+00 +-    0.0000000000E+00   
tni vepr                       1.75000000E-02   0.0000000000E+00 +-    0.0000000000E+00   
tni central                    1.75000000E-02   0.0000000000E+00 +-    0.0000000000E+00   
tni 2pixx-anticommutator       1.75000000E-02   0.0000000000E+00 +-    0.0000000000E+00   
tni 2pixd-anticommutator       1.75000000E-02   0.0000000000E+00 +-    0.0000000000E+00   
tni 2pidd-anticommutator       1.75000000E-02   0.0000000000E+00 +-    0.0000000000E+00   
tni 2pixx-commutator           1.75000000E-02   0.0000000000E+00 +-    0.0000000000E+00   
tni 2pixd-commutator           1.75000000E-02   0.0000000000E+00 +-    0.0000000000E+00   
tni 2pidd-commutator           1.75000000E-02   0.0000000000E+00 +-    0.0000000000E+00   
tni 2pi-tm                     1.75000000E-02   0.0000000000E+00 +-    0.0000000000E+00   
tni vd1                        1.75000000E-02   0.0000000000E+00 +-    0.0000000000E+00   
tni vd2                        1.75000000E-02   0.0000000000E+00 +-    0.0000000000E+00   
tni ve                         1.75000000E-02   0.0000000000E+00 +-    0.0000000000E+00   
vpottot v8+tni                 1.75000000E-02  -1.7053502114E+02 +-    4.3802029711E-01   
enetot v8+tni                  1.75000000E-02  -2.1142112616E+01 +-    4.8748528405E-01   
vper cent                      1.75000000E-02   1.8085529542E+01 +-    8.2349214861E-01   
vper tau                       1.75000000E-02  -1.0808158756E+01 +-    2.2989494052E-01   
vper sigma                     1.75000000E-02  -6.7421346141E+00 +-    2.6344354335E-01   
vper sigtau                    1.75000000E-02  -7.4552823931E+01 +-    5.7894108278E-01   
vper tensor                    1.75000000E-02   3.2598332766E+00 +-    2.2328467827E-01   
vper tenstau                   1.75000000E-02  -9.9777266654E+01 +-    1.0350311377E+00   
vper ls                        1.75000000E-02   0.0000000000E+00 +-    0.0000000000E+00   
vper lstau                     1.75000000E-02   0.0000000000E+00 +-    0.0000000000E+00   
vpotper v6                     1.75000000E-02  -1.7053502114E+02 +-    4.3802029711E-01   
vpotper v8                     1.75000000E-02  -1.7053502114E+02 +-    4.3802029711E-01   
vpotv6pr-vpotv6per diff        1.75000000E-02   0.0000000000E+00 +-    0.0000000000E+00   
vpotv8pr-vpotv8per diff        1.75000000E-02   0.0000000000E+00 +-    0.0000000000E+00   
2piapr-2pia diff               1.75000000E-02   0.0000000000E+00 +-    0.0000000000E+00   
vd1pr-vd1 diff                 1.75000000E-02   0.0000000000E+00 +-    0.0000000000E+00   
vepr-ve diff                   1.75000000E-02   0.0000000000E+00 +-    0.0000000000E+00   
diff1 2piapr-2pia-2picxx       1.75000000E-02   0.0000000000E+00 +-    0.0000000000E+00   
diff2 vd1pr-vd1-2picxd         1.75000000E-02   0.0000000000E+00 +-    0.0000000000E+00   
diff3 vepr-ve-2picdd           1.75000000E-02   0.0000000000E+00 +-    0.0000000000E+00   
sum diff1+dif2+diff3           1.75000000E-02   0.0000000000E+00 +-    0.0000000000E+00   
proton rms                     1.75000000E-02   1.5875102859E+00 +-    1.5437965561E-02   
neutron rms                    1.75000000E-02   1.8223581124E+00 +-    1.1171934100E-02   
total rms                      1.75000000E-02   1.6812249490E+00 +-    1.0327175768E-02   
neutron-proton rms             1.75000000E-02   2.3484782647E-01 +-    1.5669277566E-02   
GT sigXtau+                    1.75000000E-02   1.1659473390E-04 +-    3.4347281283E-05   
GT sigYtau+                    1.75000000E-02   4.5749736130E-05 +-    2.6112350369E-05   
GT sigZtau+                    1.75000000E-02  -1.7460745604E-04 +-    3.1544766895E-05   
GT sigXtau-                    1.75000000E-02  -8.2944995671E-04 +-    3.5625912529E-05   
GT sigYtau-                    1.75000000E-02   4.7841754220E-04 +-    3.0279168173E-05   
GT sigZtau-                    1.75000000E-02   1.0675140747E-04 +-    2.7983448305E-05   
F tau+                         1.75000000E-02   1.1138782877E-18 +-    2.0163938522E-19   
F tau-                         1.75000000E-02   3.7430163669E-19 +-    1.8672673478E-19   
Psi**2                         1.75000000E-02   5.2901524925E-05 +-    8.9437315394E-07   
single crossing/step           1.75000000E-02   7.1904502868E-03 +-    4.0530125452E-05   
global crossing/step           1.75000000E-02   7.0882818303E-03 +-    8.0486442719E-05   
energy numerator(real)         1.75000000E-02  -2.4834693845E+00 +-    9.3002266179E-01   
denominator psit/psigi(real)   1.75000000E-02   1.1248064372E-01 +-    1.3613953175E-02   
energy numerator(aimag)        1.75000000E-02  -4.1396500479E-01 +-    6.7376567426E-01   
denominator psit/psigi(aimag)  1.75000000E-02   3.5413250826E-02 +-    9.1805149312E-03   
growth(lin dt) energy          1.75000000E-02  -2.4307190179E+02 +-    5.7470996459E+00   
growth(global) energy          1.75000000E-02  -2.3589690201E+02 +-    1.0879489192E+01
growth energy                  1.75000000E-02  -2.4283069828E+02 +-    5.7267774056E+00
Time for propagation (sec) (min) =          21.718      0.362
Time for energies (sec) (min) =              0.764      0.013
Time for load balancing (sec) (min) =        0.029      0.000
Time for block (sec) (min) =                23.098      0.385
Time for operators (sec) (min) =             0.020      0.000
Elapsed block time (sec) (min) =           161.948      2.699
 
 walkers multiplicity, block, total
   0          54670         354197
   1        1002618        7041414
   2          52729         347971
   3            425           2554
   4             72            444
   5             18            111
   6             10             69
   7              2             22
   8              4             14
   9              1             11
  10              3              9
  11              2              8
  12              0              1
  13              0              2
  14              0              1
  15              2              2
  16              0              1
  20              0              1
 
 

iteration =                               8
walker number =                       11170
total energy-propagated        2.00000000E-02  -2.7186978710E+01 +-    5.8371255958E-01   
kinetic energy                 2.00000000E-02   1.6918432984E+02 +-    1.6433705856E+00   
potential energy               2.00000000E-02  -1.9637130855E+02 +-    1.3862774091E+00   
im energy                      2.00000000E-02   1.8494143613E-02 +-    3.9217821770E-01   
imkin energy                   2.00000000E-02   3.2896696997E+00 +-    4.2837697024E-01   
impot energy                   2.00000000E-02  -3.2711755561E+00 +-    4.6603007389E-01   
v cent                         2.00000000E-02  -9.1022547277E+00 +-    1.7281519218E+00   
v tau                          2.00000000E-02  -7.3520139440E+00 +-    2.3382038284E-01   
v sigma                        2.00000000E-02   2.1476927971E+00 +-    2.3226522912E-01   
v sigtau                       2.00000000E-02  -5.5492212745E+01 +-    3.9231464898E-01   
v tensor                       2.00000000E-02   1.4952037509E+00 +-    8.8480993071E-02   
v tenstau                      2.00000000E-02  -1.2806772368E+02 +-    8.2632986214E-01   
v ls                           2.00000000E-02   0.0000000000E+00 +-    0.0000000000E+00   
v lstau                        2.00000000E-02   0.0000000000E+00 +-    0.0000000000E+00   
vpot v6                        2.00000000E-02  -1.9637130855E+02 +-    1.3862774091E+00   
vpot v8                        2.00000000E-02  -1.9637130855E+02 +-    1.3862774091E+00   
v coulomb                      2.00000000E-02   7.5644408632E-01 +-    1.6133191052E-03   
v external                     2.00000000E-02   0.0000000000E+00 +-    0.0000000000E+00   
tni 2pipr-anticomm             2.00000000E-02   0.0000000000E+00 +-    0.0000000000E+00   
tni vd1pr                      2.00000000E-02   0.0000000000E+00 +-    0.0000000000E+00   
tni vepr                       2.00000000E-02   0.0000000000E+00 +-    0.0000000000E+00   
tni central                    2.00000000E-02   0.0000000000E+00 +-    0.0000000000E+00   
tni 2pixx-anticommutator       2.00000000E-02   0.0000000000E+00 +-    0.0000000000E+00   
tni 2pixd-anticommutator       2.00000000E-02   0.0000000000E+00 +-    0.0000000000E+00   
tni 2pidd-anticommutator       2.00000000E-02   0.0000000000E+00 +-    0.0000000000E+00   
tni 2pixx-commutator           2.00000000E-02   0.0000000000E+00 +-    0.0000000000E+00   
tni 2pixd-commutator           2.00000000E-02   0.0000000000E+00 +-    0.0000000000E+00   
tni 2pidd-commutator           2.00000000E-02   0.0000000000E+00 +-    0.0000000000E+00   
tni 2pi-tm                     2.00000000E-02   0.0000000000E+00 +-    0.0000000000E+00   
tni vd1                        2.00000000E-02   0.0000000000E+00 +-    0.0000000000E+00   
tni vd2                        2.00000000E-02   0.0000000000E+00 +-    0.0000000000E+00   
tni ve                         2.00000000E-02   0.0000000000E+00 +-    0.0000000000E+00   
vpottot v8+tni                 2.00000000E-02  -1.9637130855E+02 +-    1.3862774091E+00   
enetot v8+tni                  2.00000000E-02  -2.7186978710E+01 +-    5.8371255958E-01   
vper cent                      2.00000000E-02  -9.1022547277E+00 +-    1.7281519218E+00   
vper tau                       2.00000000E-02  -7.3520139440E+00 +-    2.3382038284E-01   
vper sigma                     2.00000000E-02   2.1476927971E+00 +-    2.3226522912E-01   
vper sigtau                    2.00000000E-02  -5.5492212745E+01 +-    3.9231464898E-01   
vper tensor                    2.00000000E-02   1.4952037509E+00 +-    8.8480993071E-02   
vper tenstau                   2.00000000E-02  -1.2806772368E+02 +-    8.2632986214E-01   
vper ls                        2.00000000E-02   0.0000000000E+00 +-    0.0000000000E+00   
vper lstau                     2.00000000E-02   0.0000000000E+00 +-    0.0000000000E+00   
vpotper v6                     2.00000000E-02  -1.9637130855E+02 +-    1.3862774091E+00   
vpotper v8                     2.00000000E-02  -1.9637130855E+02 +-    1.3862774091E+00   
vpotv6pr-vpotv6per diff        2.00000000E-02   0.0000000000E+00 +-    0.0000000000E+00   
vpotv8pr-vpotv8per diff        2.00000000E-02   0.0000000000E+00 +-    0.0000000000E+00   
2piapr-2pia diff               2.00000000E-02   0.0000000000E+00 +-    0.0000000000E+00   
vd1pr-vd1 diff                 2.00000000E-02   0.0000000000E+00 +-    0.0000000000E+00   
vepr-ve diff                   2.00000000E-02   0.0000000000E+00 +-    0.0000000000E+00   
diff1 2piapr-2pia-2picxx       2.00000000E-02   0.0000000000E+00 +-    0.0000000000E+00   
diff2 vd1pr-vd1-2picxd         2.00000000E-02   0.0000000000E+00 +-    0.0000000000E+00   
diff3 vepr-ve-2picdd           2.00000000E-02   0.0000000000E+00 +-    0.0000000000E+00   
sum diff1+dif2+diff3           2.00000000E-02   0.0000000000E+00 +-    0.0000000000E+00   
proton rms                     2.00000000E-02   1.6622018648E+00 +-    8.4959971719E-03   
neutron rms                    2.00000000E-02   1.9103626527E+00 +-    9.8831485653E-03   
total rms                      2.00000000E-02   1.7723217613E+00 +-    7.6229400238E-03   
neutron-proton rms             2.00000000E-02   2.4816078782E-01 +-    1.0798601636E-02   
GT sigXtau+                    2.00000000E-02  -5.9670218972E-04 +-    4.1976265205E-05   
GT sigYtau+                    2.00000000E-02   5.4703632942E-04 +-    2.5205276563E-05   
GT sigZtau+                    2.00000000E-02   4.9549899961E-04 +-    3.2496166025E-05   
GT sigXtau-                    2.00000000E-02   3.8771267202E-04 +-    2.6670288679E-05   
GT sigYtau-                    2.00000000E-02  -3.5486377793E-04 +-    2.7490800719E-05   
GT sigZtau-                    2.00000000E-02   4.3432570749E-04 +-    3.2884056812E-05   
F tau+                         2.00000000E-02  -5.5902594864E-19 +-    6.8249856810E-20   
F tau-                         2.00000000E-02   6.7915750482E-19 +-    6.3947900034E-20   
Psi**2                         2.00000000E-02   3.3626773466E-05 +-    1.1315420921E-06   
single crossing/step           2.00000000E-02   8.2476692457E-03 +-    4.3123220083E-05   
global crossing/step           2.00000000E-02   8.0944378362E-03 +-    8.5448108673E-05   
energy numerator(real)         2.00000000E-02  -2.5632221576E+00 +-    8.7609273654E-01   
denominator psit/psigi(real)   2.00000000E-02   9.5284327030E-02 +-    1.3612896325E-02   
energy numerator(aimag)        2.00000000E-02  -5.3204795762E-01 +-    6.1256956504E-01   
denominator psit/psigi(aimag)  2.00000000E-02   9.3755381458E-03 +-    9.2701492854E-03   
growth(lin dt) energy          2.00000000E-02  -2.6337127734E+02 +-    5.8347429685E+00   
growth(global) energy          2.00000000E-02  -2.6415682072E+02 +-    1.2586382551E+01
growth energy                  2.00000000E-02  -2.6305462809E+02 +-    5.8111658225E+00
Time for propagation (sec) (min) =          21.982      0.366
Time for energies (sec) (min) =              0.783      0.013
Time for load balancing (sec) (min) =        0.028      0.000
Time for block (sec) (min) =                23.286      0.388
Time for operators (sec) (min) =             0.021      0.000
Elapsed block time (sec) (min) =           185.256      3.088
 
 walkers multiplicity, block, total
   0          56172         410369
   1        1011919        8053333
   2          55051         403022
   3            456           3010
   4             88            532
   5             16            127
   6             12             81
   7              5             27
   8              1             15
   9              1             12
  10              2             11
  11              0              8
  12              1              2
  13              1              3
  14              0              1
  15              0              2
  16              0              1
  20              0              1
 
 

iteration =                               9
walker number =                       11279
total energy-propagated        2.25000000E-02  -3.5611325627E+01 +-    5.3348377926E-01   
kinetic energy                 2.25000000E-02   2.4171823878E+02 +-    2.0470381571E+00   
potential energy               2.25000000E-02  -2.7732956441E+02 +-    2.6727057584E+00   
im energy                      2.25000000E-02   9.5015052405E+00 +-    4.3863535204E-01   
imkin energy                   2.25000000E-02   8.4803961021E+00 +-    5.4033822490E-01   
impot energy                   2.25000000E-02   1.0211091384E+00 +-    6.9724082105E-01   
v cent                         2.25000000E-02  -2.3287840099E+01 +-    1.4534699028E+00   
v tau                          2.25000000E-02  -1.4026858873E+01 +-    5.4517971749E-01   
v sigma                        2.25000000E-02  -7.2350215608E+00 +-    3.7710574639E-01   
v sigtau                       2.25000000E-02  -6.9530702694E+01 +-    8.1344755015E-01   
v tensor                       2.25000000E-02   4.8656211136E+00 +-    3.1332516796E-01   
v tenstau                      2.25000000E-02  -1.6811476229E+02 +-    1.2883692325E+00   
v ls                           2.25000000E-02   0.0000000000E+00 +-    0.0000000000E+00   
v lstau                        2.25000000E-02   0.0000000000E+00 +-    0.0000000000E+00   
vpot v6                        2.25000000E-02  -2.7732956441E+02 +-    2.6727057584E+00   
vpot v8                        2.25000000E-02  -2.7732956441E+02 +-    2.6727057584E+00   
v coulomb                      2.25000000E-02   9.9109879229E-01 +-    4.1445634188E-03   
v external                     2.25000000E-02   0.0000000000E+00 +-    0.0000000000E+00   
tni 2pipr-anticomm             2.25000000E-02   0.0000000000E+00 +-    0.0000000000E+00   
tni vd1pr                      2.25000000E-02   0.0000000000E+00 +-    0.0000000000E+00   
tni vepr                       2.25000000E-02   0.0000000000E+00 +-    0.0000000000E+00   
tni central                    2.25000000E-02   0.0000000000E+00 +-    0.0000000000E+00   
tni 2pixx-anticommutator       2.25000000E-02   0.0000000000E+00 +-    0.0000000000E+00   
tni 2pixd-anticommutator       2.25000000E-02   0.0000000000E+00 +-    0.0000000000E+00   
tni 2pidd-anticommutator       2.25000000E-02   0.0000000000E+00 +-    0.0000000000E+00   
tni 2pixx-commutator           2.25000000E-02   0.0000000000E+00 +-    0.0000000000E+00   
tni 2pixd-commutator           2.25000000E-02   0.0000000000E+00 +-    0.0000000000E+00   
tni 2pidd-commutator           2.25000000E-02   0.0000000000E+00 +-    0.0000000000E+00   
tni 2pi-tm                     2.25000000E-02   0.0000000000E+00 +-    0.0000000000E+00   
tni vd1                        2.25000000E-02   0.0000000000E+00 +-    0.0000000000E+00   
tni vd2                        2.25000000E-02   0.0000000000E+00 +-    0.0000000000E+00   
tni ve                         2.25000000E-02   0.0000000000E+00 +-    0.0000000000E+00   
vpottot v8+tni                 2.25000000E-02  -2.7732956441E+02 +-    2.6727057584E+00   
enetot v8+tni                  2.25000000E-02  -3.5611325627E+01 +-    5.3348377926E-01   
vper cent                      2.25000000E-02  -2.3287840099E+01 +-    1.4534699028E+00   
vper tau                       2.25000000E-02  -1.4026858873E+01 +-    5.4517971749E-01   
vper sigma                     2.25000000E-02  -7.2350215608E+00 +-    3.7710574639E-01   
vper sigtau                    2.25000000E-02  -6.9530702694E+01 +-    8.1344755015E-01   
vper tensor                    2.25000000E-02   4.8656211136E+00 +-    3.1332516796E-01   
vper tenstau                   2.25000000E-02  -1.6811476229E+02 +-    1.2883692325E+00   
vper ls                        2.25000000E-02   0.0000000000E+00 +-    0.0000000000E+00   
vper lstau                     2.25000000E-02   0.0000000000E+00 +-    0.0000000000E+00   
vpotper v6                     2.25000000E-02  -2.7732956441E+02 +-    2.6727057584E+00   
vpotper v8                     2.25000000E-02  -2.7732956441E+02 +-    2.6727057584E+00   
vpotv6pr-vpotv6per diff        2.25000000E-02   0.0000000000E+00 +-    0.0000000000E+00   
vpotv8pr-vpotv8per diff        2.25000000E-02   0.0000000000E+00 +-    0.0000000000E+00   
2piapr-2pia diff               2.25000000E-02   0.0000000000E+00 +-    0.0000000000E+00   
vd1pr-vd1 diff                 2.25000000E-02   0.0000000000E+00 +-    0.0000000000E+00   
vepr-ve diff                   2.25000000E-02   0.0000000000E+00 +-    0.0000000000E+00   
diff1 2piapr-2pia-2picxx       2.25000000E-02   0.0000000000E+00 +-    0.0000000000E+00   
diff2 vd1pr-vd1-2picxd         2.25000000E-02   0.0000000000E+00 +-    0.0000000000E+00   
diff3 vepr-ve-2picdd           2.25000000E-02   0.0000000000E+00 +-    0.0000000000E+00   
sum diff1+dif2+diff3           2.25000000E-02   0.0000000000E+00 +-    0.0000000000E+00   
proton rms                     2.25000000E-02   1.2560403510E+00 +-    6.6615401175E-03   
neutron rms                    2.25000000E-02   1.9601218335E+00 +-    8.1063278067E-03   
total rms                      2.25000000E-02   1.6093093166E+00 +-    7.3684521018E-03   
neutron-proton rms             2.25000000E-02   7.0408148260E-01 +-    5.0399560618E-03   
GT sigXtau+                    2.25000000E-02   1.2545342200E-03 +-    2.4842837816E-05   
GT sigYtau+                    2.25000000E-02   1.7899052216E-05 +-    3.1105823892E-05   
GT sigZtau+                    2.25000000E-02   4.9705074478E-04 +-    1.8681376244E-05   
GT sigXtau-                    2.25000000E-02   5.1335161981E-04 +-    5.1818540653E-05   
GT sigYtau-                    2.25000000E-02   1.3851055910E-03 +-    3.3170718339E-05   
GT sigZtau-                    2.25000000E-02  -3.0089952885E-04 +-    1.4608597672E-05   
F tau+                         2.25000000E-02  -5.8436076914E-19 +-    5.7385258043E-20   
F tau-                         2.25000000E-02   5.5570060986E-19 +-    6.3056740724E-20   
Psi**2                         2.25000000E-02   4.7592895395E-05 +-    8.7482747873E-07   
single crossing/step           2.25000000E-02   8.2622443909E-03 +-    4.3137321555E-05   
global crossing/step           2.25000000E-02   8.0546776993E-03 +-    8.5192954495E-05   
energy numerator(real)         2.25000000E-02  -2.3722108636E+00 +-    9.4796187977E-01   
denominator psit/psigi(real)   2.25000000E-02   6.0664656017E-02 +-    1.3413354462E-02   
energy numerator(aimag)        2.25000000E-02   5.9770578445E-01 +-    6.6370002305E-01   
denominator psit/psigi(aimag)  2.25000000E-02   1.2376614640E-02 +-    9.0845054732E-03   
growth(lin dt) energy          2.25000000E-02  -2.6579617998E+02 +-    5.9794082814E+00   
growth(global) energy          2.25000000E-02  -2.5567869914E+02 +-    1.2528047053E+01
growth energy                  2.25000000E-02  -2.6546983466E+02 +-    5.9548763036E+00
Time for propagation (sec) (min) =          22.009      0.367
Time for energies (sec) (min) =              0.790      0.013
Time for load balancing (sec) (min) =        0.028      0.000
Time for block (sec) (min) =                23.345      0.389
Time for operators (sec) (min) =             0.019      0.000
Elapsed block time (sec) (min) =           208.629      3.477
 
 walkers multiplicity, block, total
   0          56413         466782
   1        1012784        9066117
   2          55123         458145
   3            447           3457
   4             61            593
   5             27            154
   6              6             87
   7              2             29
   8              3             18
   9              1             13
  10              0             11
  11              1              9
  12              6              8
  13              0              3
  14              0              1
  15              1              3
  16              1              2
  20              2              3
 
 

iteration =                              10
walker number =                       10003
total energy-propagated        2.50000000E-02   2.1109449525E+02 +-    2.0653260008E+00   
kinetic energy                 2.50000000E-02   3.8074754206E+02 +-    1.3347547699E+01   
potential energy               2.50000000E-02  -1.6965304681E+02 +-    1.1590528207E+01   
im energy                      2.50000000E-02   5.6085057152E+01 +-    1.9431860685E+00   
imkin energy                   2.50000000E-02   2.2575899896E+02 +-    5.2403421527E+00   
impot energy                   2.50000000E-02  -1.6967394181E+02 +-    5.9195308371E+00   
v cent                         2.50000000E-02   4.7149842218E+02 +-    7.8426716031E+00   
v tau                          2.50000000E-02  -1.0321876647E+02 +-    1.6018349252E+00   
v sigma                        2.50000000E-02   6.7166748760E+01 +-    1.1576177893E+00   
v sigtau                       2.50000000E-02  -1.6368554137E+02 +-    5.1786862968E+00   
v tensor                       2.50000000E-02  -8.5960742887E+00 +-    1.9141108170E+00   
v tenstau                      2.50000000E-02  -4.3281783561E+02 +-    7.0773712323E+00   
v ls                           2.50000000E-02   0.0000000000E+00 +-    0.0000000000E+00   
v lstau                        2.50000000E-02   0.0000000000E+00 +-    0.0000000000E+00   
vpot v6                        2.50000000E-02  -1.6965304681E+02 +-    1.1590528207E+01   
vpot v8                        2.50000000E-02  -1.6965304681E+02 +-    1.1590528207E+01   
v coulomb                      2.50000000E-02   1.9150741439E+00 +-    1.4869722271E-02   
v external                     2.50000000E-02   0.0000000000E+00 +-    0.0000000000E+00   
tni 2pipr-anticomm             2.50000000E-02   0.0000000000E+00 +-    0.0000000000E+00   
tni vd1pr                      2.50000000E-02   0.0000000000E+00 +-    0.0000000000E+00   
tni vepr                       2.50000000E-02   0.0000000000E+00 +-    0.0000000000E+00   
tni central                    2.50000000E-02   0.0000000000E+00 +-    0.0000000000E+00   
tni 2pixx-anticommutator       2.50000000E-02   0.0000000000E+00 +-    0.0000000000E+00   
tni 2pixd-anticommutator       2.50000000E-02   0.0000000000E+00 +-    0.0000000000E+00   
tni 2pidd-anticommutator       2.50000000E-02   0.0000000000E+00 +-    0.0000000000E+00   
tni 2pixx-commutator           2.50000000E-02   0.0000000000E+00 +-    0.0000000000E+00   
tni 2pixd-commutator           2.50000000E-02   0.0000000000E+00 +-    0.0000000000E+00   
tni 2pidd-commutator           2.50000000E-02   0.0000000000E+00 +-    0.0000000000E+00   
tni 2pi-tm                     2.50000000E-02   0.0000000000E+00 +-    0.0000000000E+00   
tni vd1                        2.50000000E-02   0.0000000000E+00 +-    0.0000000000E+00   
tni vd2                        2.50000000E-02   0.0000000000E+00 +-    0.0000000000E+00   
tni ve                         2.50000000E-02   0.0000000000E+00 +-    0.0000000000E+00   
vpottot v8+tni                 2.50000000E-02  -1.6965304681E+02 +-    1.1590528207E+01   
enetot v8+tni                  2.50000000E-02   2.1109449525E+02 +-    2.0653260008E+00   
vper cent                      2.50000000E-02   4.7149842218E+02 +-    7.8426716031E+00   
vper tau                       2.50000000E-02  -1.0321876647E+02 +-    1.6018349252E+00   
vper sigma                     2.50000000E-02   6.7166748760E+01 +-    1.1576177893E+00   
vper sigtau                    2.50000000E-02  -1.6368554137E+02 +-    5.1786862968E+00   
vper tensor                    2.50000000E-02  -8.5960742887E+00 +-    1.9141108170E+00   
vper tenstau                   2.50000000E-02  -4.3281783561E+02 +-    7.0773712323E+00   
vper ls                        2.50000000E-02   0.0000000000E+00 +-    0.0000000000E+00   
vper lstau                     2.50000000E-02   0.0000000000E+00 +-    0.0000000000E+00   
vpotper v6                     2.50000000E-02  -1.6965304681E+02 +-    1.1590528207E+01   
vpotper v8                     2.50000000E-02  -1.6965304681E+02 +-    1.1590528207E+01   
vpotv6pr-vpotv6per diff        2.50000000E-02   0.0000000000E+00 +-    0.0000000000E+00   
vpotv8pr-vpotv8per diff        2.50000000E-02   0.0000000000E+00 +-    0.0000000000E+00   
2piapr-2pia diff               2.50000000E-02   0.0000000000E+00 +-    0.0000000000E+00   
vd1pr-vd1 diff                 2.50000000E-02   0.0000000000E+00 +-    0.0000000000E+00   
vepr-ve diff                   2.50000000E-02   0.0000000000E+00 +-    0.0000000000E+00   
diff1 2piapr-2pia-2picxx       2.50000000E-02   0.0000000000E+00 +-    0.0000000000E+00   
diff2 vd1pr-vd1-2picxd         2.50000000E-02   0.0000000000E+00 +-    0.0000000000E+00   
diff3 vepr-ve-2picdd           2.50000000E-02   0.0000000000E+00 +-    0.0000000000E+00   
sum diff1+dif2+diff3           2.50000000E-02   0.0000000000E+00 +-    0.0000000000E+00   
proton rms                     2.50000000E-02  -7.9631135292E-01 +-    5.9804144543E-02   
neutron rms                    2.50000000E-02  -3.0191032836E+00 +-    8.3344339497E-02   
total rms                      2.50000000E-02  -1.9807727118E+00 +-    7.1270283505E-02   
neutron-proton rms             2.50000000E-02  -2.2227919307E+00 +-    2.9251735020E-02   
GT sigXtau+                    2.50000000E-02   4.6379517614E-03 +-    1.0604936882E-04   
GT sigYtau+                    2.50000000E-02   4.3038420098E-03 +-    1.3726124107E-04   
GT sigZtau+                    2.50000000E-02  -1.1562958035E-02 +-    2.1651407841E-04   
GT sigXtau-                    2.50000000E-02   4.5026721878E-03 +-    1.4392814393E-04   
GT sigYtau-                    2.50000000E-02  -8.8289415191E-03 +-    1.0841109344E-04   
GT sigZtau-                    2.50000000E-02   1.2064058515E-02 +-    1.4025860035E-04   
F tau+                         2.50000000E-02   1.7830055859E-17 +-    1.8334650241E-19   
F tau-                         2.50000000E-02  -8.5810548172E-18 +-    1.6881092707E-19   
Psi**2                         2.50000000E-02   2.3867124424E-04 +-    4.5909411485E-06   
single crossing/step           2.50000000E-02   8.0778733903E-03 +-    4.2672951373E-05   
global crossing/step           2.50000000E-02   7.9660594777E-03 +-    8.4757942240E-05   
energy numerator(real)         2.50000000E-02  -1.6445630084E+00 +-    9.8722154131E-01   
denominator psit/psigi(real)   2.50000000E-02  -4.0519685059E-03 +-    1.4139573672E-02   
energy numerator(aimag)        2.50000000E-02   7.8380781374E-01 +-    6.9375865534E-01   
denominator psit/psigi(aimag)  2.50000000E-02   6.1688095320E-03 +-    9.3768922716E-03   
growth(lin dt) energy          2.50000000E-02  -2.7784408237E+02 +-    6.0779353051E+00   
growth(global) energy          2.50000000E-02  -2.7699404195E+02 +-    1.1354522409E+01
growth energy                  2.50000000E-02  -2.7746740131E+02 +-    6.0511765526E+00
Time for propagation (sec) (min) =          21.994      0.367
Time for energies (sec) (min) =              0.701      0.012
Time for load balancing (sec) (min) =        0.029      0.000
Time for block (sec) (min) =                23.208      0.387
Time for operators (sec) (min) =             0.017      0.000
Elapsed block time (sec) (min) =           231.855      3.864
 
 walkers multiplicity, block, total
   0          59358         526140
   1        1019604       10085721
   2          56504         514649
   3            490           3947
   4             98            691
   5             24            178
   6             12             99
   7              5             34
   8              1             19
   9              2             15
  10              2             13
  11              2             11
  12              0              8
  13              0              3
  14              0              1
  15              0              3
  16              0              2
  20              3              6
 
 

Time for steps      =     231.863 seconds,        3.864 minutes
Master Time for steps =     231.742 seconds,        3.862 minutes

Number of cpus =       100
Total job time =     237.330 seconds,        3.956 minutes,        0.066 hours
Total cpu-time =     395.551 minutes,        6.593 hours
Total time =         237.143 seconds,        3.952 minutes,        0.066 hours
Finished!
