Unconstrained Diffusion Monte Carlo Run -- no drift
!-!-!-!-!-!-!-!-!-!-!-!-!-!-!-!-!-!-!-!-!-!-!-!-!-!
MPI parameters:
Number of boss cpus =                         100
Number of worker cpus for each boss =           0
Total number of cpus =                        100
Simulation parameters:
random number seed =                          321
hbar^2/2m =                              20.73554
start from sites =                              F
nwalk =                                     10000
equilibration blocks =                          0
averaging blocks =                             10
nsteps/blocks =                               100
time step =                          0.0000250000
time step rotations (vmc) =          0.1700000000
trial energy =                          -26.00000
drift cutoff =                            0.00000
drastic population control up =           1.20000
drastic population control down =         0.80000
rebalance if walkers fluctuate more than   2.00 %
weight cut off =                         20.00000
table size =                                 8000
!-!-!-!-!-!-!-!-!-!-!-!-!-!-!-!-!-!-!-!-!-!-!-!-!-!
System parameters:
lpot =                                         11
lpotper =                                      11
potential  =                          argonne v6'
potentialpr =                         argonne v6'
Coulomb included in energy-propagation          F
multiply central v by =                   1.00000
multiply tau v by =                       1.00000
multiply sigma v by =                     1.00000
multiply sigma tau v by =                 1.00000
multiply tensor v by =                    1.00000
multiply tensor tau v by =                1.00000
multiply spin-orbit v by =                0.00000
multiply spin-orbit tau v by =            0.00000
three-body potential =                        no3
ibox (0 is nearest image) =                     0
!-!-!-!-!-!-!-!-!-!-!-!-!-!-!-!-!-!-!-!-!-!-!-!-!-!
propagate LS =                                  F
calculate LS =                                  F
type of correlations =           independent pair
scale orbital   1 with factor    1.14000
determinant # 1
coefficient                     1.00000   0.00000
1  1  0  1  alpha.orb    # 2J,2M,L,tau radial_file for state                    
1 -1  0  1  alpha.orb    # 2J,2M,L,tau radial_file for state                    
1  1  0 -1  alpha.orb    # 2J,2M,L,tau radial_file for state                    
1 -1  0 -1  alpha.orb    # 2J,2M,L,tau radial_file for state                    
rescaled coefficient            1.00000   0.00000
!-!-!-!-!-!-!-!-!-!-!-!-!-!-!-!-!-!-!-!-!-!-!-!-!-!
No external potential
!-!-!-!-!-!-!-!-!-!-!-!-!-!-!-!-!-!-!-!-!-!-!-!-!-!
rcut in pair sampling =                   1.00000
acut in pair sampling =                   5.00000
a constant in psig =                      0.20000
Number of protons =                             2
Number of neutrons =                            2
range of the potential =                 20.00000
!-!-!-!-!-!-!-!-!-!-!-!-!-!-!-!-!-!-!-!-!-!-!-!-!-!
do V3 =                                         F
three body force =                            no3
three body a2piPwa =                      0.000000000000000
three body a2piPwc =                      0.000000000000000
three body a2piSw =                       0.000000000000000
three body Vd,C,c3 =                      0.000000000000000
three body Ve,C,c3 =                      0.000000000000000
three body A_R =                          0.000000000000000
three body Vd1 =                          0.000000000000000
three body Vd2 =                          0.000000000000000
three body Ve =                           0.000000000000000
propagator: multiply the antic by =       0.000000000000000
propagator: multiply the Vd1 by =         0.000000000000000
propagator: multiply the Ve by =          0.000000000000000
propagator: three body a2piPW =           0.000000000000000
!-!-!-!-!-!-!-!-!-!-!-!-!-!-!-!-!-!-!-!-!-!-!-!-!-!
jastrow healing distance dc =             4.47768
jastrow healing distance dtn =           11.57317
jastrow rho =                             0.01000
potential quencher acn (v1) =             1.50851
potential quencher at  (v2) =             6.06936
potential quencher as  (v3) =             2.76780
potential quencher ast (v4) =             0.80880
potential quencher atn (v5) =             0.61864
potential quencher atn (v6) =             0.20141
potential quencher als (v7) =             0.00000
potential quencher alst (v8) =            0.00000
correlation quencher bt (f2) =            0.26685
correlation quencher bs (f3) =           -0.10565
correlation quencher bst (f4) =           0.42277
correlation quencher btn (f5) =           1.08683
correlation quencher btn (f6) =           4.44810
correlation quencher bls (f7) =           0.00000
correlation quencher blst (f8) =          0.00000
!-!-!-!-!-!-!-!-!-!-!-!-!-!-!-!-!-!-!-!-!-!-!-!-!-!
q1c parameter in f3c =                   12.87526
q2c parameter in f3c =                    1.60340
q1p parameter in f3p =                   -1.81620
q2p parameter in f3p =                    2.14789
!-!-!-!-!-!-!-!-!-!-!-!-!-!-!-!-!-!-!-!-!-!-!-!-!-!
rscal parameter in Uijk cent =            1.00000
rscal parameter in Uijk xpi =             1.00000
rscal parameter in Uijk delta =           1.00000
eps_c parameter in Uijk =                 0.00000
eps_anti parameter in Uijk =              0.00000
eps_tm parameter in Uijk =                0.00000
eps_vd1 parameter in Uijk =               0.00000
eps_vd2 parameter in Uijk =               0.00000
eps_vdc3 parameter in Uijk =              0.00000
eps_vec3 parameter in Uijk =              0.00000
eps_ve parameter in Uijk =                0.00000
eps_comm parameter in Uijk =              0.00000
eps_comm-XD parameter in Uijk =           0.00000
eps_comm-DD parameter in Uijk =           0.00000
TNI-comm correlation included =                 F
!-!-!-!-!-!-!-!-!-!-!-!-!-!-!-!-!-!-!-!-!-!-!-!-!-!
CSB correlation rscalpp =                 1.00000
CSB correlation rscalnn =                 1.00000
CSB correlation quencher pp =             0.00000
CSB correlation quencher nn =             0.00000
CSB correlation included =                      F
!-!-!-!-!-!-!-!-!-!-!-!-!-!-!-!-!-!-!-!-!-!-!-!-!-!
jastrow initialized
!-!-!-!-!-!-!-!-!-!-!-!-!-!-!-!-!-!-!-!-!-!-!-!-!-!
Symmetrize V6 in the propagator =               T
New propagation of Vlstau and commutator included!
Coulomb included in energy (and propag)         F
Initial walkers from file
Number of walkers =                          8133
Configurations at tau =              0.5125000000
Reset tau =                          0.0000000000
!-!-!-!-!-!-!-!-!-!-!-!-!-!-!-!-!-!-!-!-!-!-!-!-!-!
Time for reading configurations (sec.) =       2.11
!-!-!-!-!-!-!-!-!-!-!-!-!-!-!-!-!-!-!-!-!-!-!-!-!-!
Initial configurations:
total energy-propagated        0.00000000E+00  -2.6063783178E+01 +-    3.5366764034E-01   
kinetic energy                 0.00000000E+00   1.0277951884E+02 +-    1.7083053587E+00   
potential energy               0.00000000E+00  -1.2884330202E+02 +-    1.6728873381E+00   
v cent                         0.00000000E+00   1.7275315922E+01 +-    1.5752897355E+00   
v tau                          0.00000000E+00  -7.3035239315E+00 +-    2.3021315953E-01   
v sigma                        0.00000000E+00  -8.1688063101E+00 +-    2.3993431569E-01   
v sigtau                       0.00000000E+00  -5.9089197117E+01 +-    5.5817888190E-01   
v tensor                       0.00000000E+00   4.1523486624E-01 +-    1.3358018964E-01   
v tenstau                      0.00000000E+00  -7.1972325449E+01 +-    1.0065108866E+00   
v ls                           0.00000000E+00   0.0000000000E+00 +-    0.0000000000E+00   
v lstau                        0.00000000E+00   0.0000000000E+00 +-    0.0000000000E+00   
v coulomb                      0.00000000E+00   7.4067872134E-01 +-    2.9431940441E-03   
v external                     0.00000000E+00   0.0000000000E+00 +-    0.0000000000E+00   
tni 2pipr-anticomm             0.00000000E+00   0.0000000000E+00 +-    0.0000000000E+00   
tni vd1pr                      0.00000000E+00   0.0000000000E+00 +-    0.0000000000E+00   
tni vepr                       0.00000000E+00   0.0000000000E+00 +-    0.0000000000E+00   
tni central                    0.00000000E+00   0.0000000000E+00 +-    0.0000000000E+00   
tni 2pixx-anticommutator       0.00000000E+00   0.0000000000E+00 +-    0.0000000000E+00   
tni 2pixd-anticommutator       0.00000000E+00   0.0000000000E+00 +-    0.0000000000E+00   
tni 2pidd-anticommutator       0.00000000E+00   0.0000000000E+00 +-    0.0000000000E+00   
tni 2pixx-commutator           0.00000000E+00   0.0000000000E+00 +-    0.0000000000E+00   
tni 2pixd-commutator           0.00000000E+00   0.0000000000E+00 +-    0.0000000000E+00   
tni 2pidd-commutator           0.00000000E+00   0.0000000000E+00 +-    0.0000000000E+00   
tni 2pi-tm                     0.00000000E+00   0.0000000000E+00 +-    0.0000000000E+00   
tni vd1                        0.00000000E+00   0.0000000000E+00 +-    0.0000000000E+00   
tni vd2                        0.00000000E+00   0.0000000000E+00 +-    0.0000000000E+00   
tni ve                         0.00000000E+00   0.0000000000E+00 +-    0.0000000000E+00   
enetot v8+tni                  0.00000000E+00  -2.6063783178E+01 +-    3.5366764034E-01   
!-!-!-!-!-!-!-!-!-!-!-!-!-!-!-!-!-!-!-!-!-!-!-!-!-!
Psi**2 of initial configurations  =   0.2610480E-04  0.0000000E+00  +-    0.6887938E-06  0.0000000E+00
Psig**2 of initial configurations =   0.1699292E-04  0.0000000E+00  +-    0.5152419E-06  0.0000000E+00
!-!-!-!-!-!-!-!-!-!-!-!-!-!-!-!-!-!-!-!-!-!-!-!-!-!
T**2 of initial configurations  =  -0.1743641E-07  0.1480749E-08
Tz of initial configurations    =   0.4046275E-14 -0.4595133E-14
J**2 of initial configurations  =   0.3213874E-07  0.1987007E-08
Jz of initial configurations    =   0.2636829E-13 -0.2471758E-13
!-!-!-!-!-!-!-!-!-!-!-!-!-!-!-!-!-!-!-!-!-!-!-!-!-!
!-!-!-!-!-!-!-!-!-!-!-!-!-!-!-!-!-!-!-!-!-!-!-!-!-!
Time to process initial configurations (sec.) =       1.41
!-!-!-!-!-!-!-!-!-!-!-!-!-!-!-!-!-!-!-!-!-!-!-!-!-!

equilibration done

iteration =                               1
walker number =                        9892
total energy-propagated        2.50000000E-03  -2.5865076869E+01 +-    3.1810861843E-01   
kinetic energy                 2.50000000E-03   9.9623095617E+01 +-    1.3373639887E+00   
potential energy               2.50000000E-03  -1.2548817249E+02 +-    1.2994127787E+00   
im energy                      2.50000000E-03  -1.1830493492E-01 +-    2.6361751497E-01   
imkin energy                   2.50000000E-03  -6.0643415359E-01 +-    3.7599076261E-01   
impot energy                   2.50000000E-03   4.8812921866E-01 +-    3.9766143335E-01   
v cent                         2.50000000E-03   1.0828717002E+01 +-    1.1954187905E+00   
v tau                          2.50000000E-03  -6.3113873276E+00 +-    2.2875277824E-01   
v sigma                        2.50000000E-03  -7.7146366145E+00 +-    2.1798400284E-01   
v sigtau                       2.50000000E-03  -5.5205899741E+01 +-    4.8780447433E-01   
v tensor                       2.50000000E-03   1.3145135053E-01 +-    1.2201605978E-01   
v tenstau                      2.50000000E-03  -6.7216417156E+01 +-    8.0391652143E-01   
v ls                           2.50000000E-03   0.0000000000E+00 +-    0.0000000000E+00   
v lstau                        2.50000000E-03   0.0000000000E+00 +-    0.0000000000E+00   
vpot v6                        2.50000000E-03  -1.2548817249E+02 +-    1.2994127787E+00   
vpot v8                        2.50000000E-03  -1.2548817249E+02 +-    1.2994127787E+00   
v coulomb                      2.50000000E-03   7.3002746210E-01 +-    2.8950028911E-03   
v external                     2.50000000E-03   0.0000000000E+00 +-    0.0000000000E+00   
tni 2pipr-anticomm             2.50000000E-03   0.0000000000E+00 +-    0.0000000000E+00   
tni vd1pr                      2.50000000E-03   0.0000000000E+00 +-    0.0000000000E+00   
tni vepr                       2.50000000E-03   0.0000000000E+00 +-    0.0000000000E+00   
tni central                    2.50000000E-03   0.0000000000E+00 +-    0.0000000000E+00   
tni 2pixx-anticommutator       2.50000000E-03   0.0000000000E+00 +-    0.0000000000E+00   
tni 2pixd-anticommutator       2.50000000E-03   0.0000000000E+00 +-    0.0000000000E+00   
tni 2pidd-anticommutator       2.50000000E-03   0.0000000000E+00 +-    0.0000000000E+00   
tni 2pixx-commutator           2.50000000E-03   0.0000000000E+00 +-    0.0000000000E+00   
tni 2pixd-commutator           2.50000000E-03   0.0000000000E+00 +-    0.0000000000E+00   
tni 2pidd-commutator           2.50000000E-03   0.0000000000E+00 +-    0.0000000000E+00   
tni 2pi-tm                     2.50000000E-03   0.0000000000E+00 +-    0.0000000000E+00   
tni vd1                        2.50000000E-03   0.0000000000E+00 +-    0.0000000000E+00   
tni vd2                        2.50000000E-03   0.0000000000E+00 +-    0.0000000000E+00   
tni ve                         2.50000000E-03   0.0000000000E+00 +-    0.0000000000E+00   
vpottot v8+tni                 2.50000000E-03  -1.2548817249E+02 +-    1.2994127787E+00   
enetot v8+tni                  2.50000000E-03  -2.5865076869E+01 +-    3.1810861843E-01   
vper cent                      2.50000000E-03   1.0828717002E+01 +-    1.1954187905E+00   
vper tau                       2.50000000E-03  -6.3113873276E+00 +-    2.2875277824E-01   
vper sigma                     2.50000000E-03  -7.7146366145E+00 +-    2.1798400284E-01   
vper sigtau                    2.50000000E-03  -5.5205899741E+01 +-    4.8780447433E-01   
vper tensor                    2.50000000E-03   1.3145135053E-01 +-    1.2201605978E-01   
vper tenstau                   2.50000000E-03  -6.7216417156E+01 +-    8.0391652143E-01   
vper ls                        2.50000000E-03   0.0000000000E+00 +-    0.0000000000E+00   
vper lstau                     2.50000000E-03   0.0000000000E+00 +-    0.0000000000E+00   
vpotper v6                     2.50000000E-03  -1.2548817249E+02 +-    1.2994127787E+00   
vpotper v8                     2.50000000E-03  -1.2548817249E+02 +-    1.2994127787E+00   
vpotv6pr-vpotv6per diff        2.50000000E-03   0.0000000000E+00 +-    0.0000000000E+00   
vpotv8pr-vpotv8per diff        2.50000000E-03   0.0000000000E+00 +-    0.0000000000E+00   
2piapr-2pia diff               2.50000000E-03   0.0000000000E+00 +-    0.0000000000E+00   
vd1pr-vd1 diff                 2.50000000E-03   0.0000000000E+00 +-    0.0000000000E+00   
vepr-ve diff                   2.50000000E-03   0.0000000000E+00 +-    0.0000000000E+00   
diff1 2piapr-2pia-2picxx       2.50000000E-03   0.0000000000E+00 +-    0.0000000000E+00   
diff2 vd1pr-vd1-2picxd         2.50000000E-03   0.0000000000E+00 +-    0.0000000000E+00   
diff3 vepr-ve-2picdd           2.50000000E-03   0.0000000000E+00 +-    0.0000000000E+00   
sum diff1+dif2+diff3           2.50000000E-03   0.0000000000E+00 +-    0.0000000000E+00   
proton rms                     2.50000000E-03   2.1611202440E+00 +-    1.2783754458E-02   
neutron rms                    2.50000000E-03   2.2352950418E+00 +-    1.3942294779E-02   
total rms                      2.50000000E-03   2.1956332682E+00 +-    1.1713010565E-02   
neutron-proton rms             2.50000000E-03   7.4174797804E-02 +-    1.2819840354E-02   
GT sigXtau+                    2.50000000E-03   7.8191035557E-07 +-    2.1360537169E-05   
GT sigYtau+                    2.50000000E-03  -4.4669191209E-05 +-    2.1446536866E-05   
GT sigZtau+                    2.50000000E-03   6.3767138048E-06 +-    2.0407906863E-05   
GT sigXtau-                    2.50000000E-03  -1.0380605392E-05 +-    2.1623314095E-05   
GT sigYtau-                    2.50000000E-03   1.3747143312E-05 +-    2.2813086305E-05   
GT sigZtau-                    2.50000000E-03  -2.2656900840E-05 +-    2.1682499501E-05   
F tau+                         2.50000000E-03  -2.5994096605E-20 +-    3.3459870754E-20   
F tau-                         2.50000000E-03  -6.9542769208E-20 +-    4.3412043863E-20   
Psi**2                         2.50000000E-03   2.3993703423E-05 +-    5.9413478436E-07   
single crossing/step           2.50000000E-03   8.4108009932E-03 +-    4.8170835331E-05   
global crossing/step           2.50000000E-03   8.3545991473E-03 +-    9.6021969697E-05   
energy numerator(real)         2.50000000E-03  -2.6564124240E+01 +-    7.7453123470E-01   
denominator psit/psigi(real)   2.50000000E-03   1.0269748687E+00 +-    1.1611747437E-02   
energy numerator(aimag)        2.50000000E-03  -2.7031982804E-02 +-    5.1094755657E-01   
denominator psit/psigi(aimag)  2.50000000E-03   7.8362777575E-03 +-    7.4723954124E-03   
growth(lin dt) energy          2.50000000E-03  -1.8790278773E+02 +-    5.1799036251E+00   
growth(global) energy          2.50000000E-03  -1.8253349046E+02 +-    1.3114228181E+01
growth energy                  2.50000000E-03  -1.8781491461E+02 +-    5.1687271980E+00
Time for propagation (sec) (min) =          17.953      0.299
Time for energies (sec) (min) =              0.694      0.012
Time for load balancing (sec) (min) =        0.067      0.001
Time for block (sec) (min) =                19.429      0.324
Time for operators (sec) (min) =             0.022      0.000
Elapsed block time (sec) (min) =            19.452      0.324
 
 walkers multiplicity, block, total
   0          34188          34188
   1         828722         828722
   2          35447          35447
   3            145            145
   4             19             19
   5             11             11
   6              6              6
   7              3              3
   8              1              1
   9              1              1
  10              2              2
  13              1              1
  17              1              1
 
 

iteration =                               2
walker number =                       11807
total energy-propagated        5.00000000E-03  -2.4278880939E+01 +-    3.2158339766E-01   
kinetic energy                 5.00000000E-03   8.5840236793E+01 +-    1.0842253334E+00   
potential energy               5.00000000E-03  -1.1011911773E+02 +-    1.0660860050E+00   
im energy                      5.00000000E-03   1.7179432668E+00 +-    2.1597014441E-01   
imkin energy                   5.00000000E-03   2.2719329644E+00 +-    4.5951694173E-01   
impot energy                   5.00000000E-03  -5.5398969759E-01 +-    4.7183358083E-01   
v cent                         5.00000000E-03   9.6286454693E+00 +-    1.0624049005E+00   
v tau                          5.00000000E-03  -6.0481709220E+00 +-    1.5541511290E-01   
v sigma                        5.00000000E-03  -8.6684375691E+00 +-    2.4266151605E-01   
v sigtau                       5.00000000E-03  -5.2738393579E+01 +-    4.1928615928E-01   
v tensor                       5.00000000E-03   2.8535048470E-01 +-    1.1613422388E-01   
v tenstau                      5.00000000E-03  -5.2578111616E+01 +-    1.0688740581E+00   
v ls                           5.00000000E-03   0.0000000000E+00 +-    0.0000000000E+00   
v lstau                        5.00000000E-03   0.0000000000E+00 +-    0.0000000000E+00   
vpot v6                        5.00000000E-03  -1.1011911773E+02 +-    1.0660860050E+00   
vpot v8                        5.00000000E-03  -1.1011911773E+02 +-    1.0660860050E+00   
v coulomb                      5.00000000E-03   7.1565085007E-01 +-    2.3948193514E-03   
v external                     5.00000000E-03   0.0000000000E+00 +-    0.0000000000E+00   
tni 2pipr-anticomm             5.00000000E-03   0.0000000000E+00 +-    0.0000000000E+00   
tni vd1pr                      5.00000000E-03   0.0000000000E+00 +-    0.0000000000E+00   
tni vepr                       5.00000000E-03   0.0000000000E+00 +-    0.0000000000E+00   
tni central                    5.00000000E-03   0.0000000000E+00 +-    0.0000000000E+00   
tni 2pixx-anticommutator       5.00000000E-03   0.0000000000E+00 +-    0.0000000000E+00   
tni 2pixd-anticommutator       5.00000000E-03   0.0000000000E+00 +-    0.0000000000E+00   
tni 2pidd-anticommutator       5.00000000E-03   0.0000000000E+00 +-    0.0000000000E+00   
tni 2pixx-commutator           5.00000000E-03   0.0000000000E+00 +-    0.0000000000E+00   
tni 2pixd-commutator           5.00000000E-03   0.0000000000E+00 +-    0.0000000000E+00   
tni 2pidd-commutator           5.00000000E-03   0.0000000000E+00 +-    0.0000000000E+00   
tni 2pi-tm                     5.00000000E-03   0.0000000000E+00 +-    0.0000000000E+00   
tni vd1                        5.00000000E-03   0.0000000000E+00 +-    0.0000000000E+00   
tni vd2                        5.00000000E-03   0.0000000000E+00 +-    0.0000000000E+00   
tni ve                         5.00000000E-03   0.0000000000E+00 +-    0.0000000000E+00   
vpottot v8+tni                 5.00000000E-03  -1.1011911773E+02 +-    1.0660860050E+00   
enetot v8+tni                  5.00000000E-03  -2.4278880939E+01 +-    3.2158339766E-01   
vper cent                      5.00000000E-03   9.6286454693E+00 +-    1.0624049005E+00   
vper tau                       5.00000000E-03  -6.0481709220E+00 +-    1.5541511290E-01   
vper sigma                     5.00000000E-03  -8.6684375691E+00 +-    2.4266151605E-01   
vper sigtau                    5.00000000E-03  -5.2738393579E+01 +-    4.1928615928E-01   
vper tensor                    5.00000000E-03   2.8535048470E-01 +-    1.1613422388E-01   
vper tenstau                   5.00000000E-03  -5.2578111616E+01 +-    1.0688740581E+00   
vper ls                        5.00000000E-03   0.0000000000E+00 +-    0.0000000000E+00   
vper lstau                     5.00000000E-03   0.0000000000E+00 +-    0.0000000000E+00   
vpotper v6                     5.00000000E-03  -1.1011911773E+02 +-    1.0660860050E+00   
vpotper v8                     5.00000000E-03  -1.1011911773E+02 +-    1.0660860050E+00   
vpotv6pr-vpotv6per diff        5.00000000E-03   0.0000000000E+00 +-    0.0000000000E+00   
vpotv8pr-vpotv8per diff        5.00000000E-03   0.0000000000E+00 +-    0.0000000000E+00   
2piapr-2pia diff               5.00000000E-03   0.0000000000E+00 +-    0.0000000000E+00   
vd1pr-vd1 diff                 5.00000000E-03   0.0000000000E+00 +-    0.0000000000E+00   
vepr-ve diff                   5.00000000E-03   0.0000000000E+00 +-    0.0000000000E+00   
diff1 2piapr-2pia-2picxx       5.00000000E-03   0.0000000000E+00 +-    0.0000000000E+00   
diff2 vd1pr-vd1-2picxd         5.00000000E-03   0.0000000000E+00 +-    0.0000000000E+00   
diff3 vepr-ve-2picdd           5.00000000E-03   0.0000000000E+00 +-    0.0000000000E+00   
sum diff1+dif2+diff3           5.00000000E-03   0.0000000000E+00 +-    0.0000000000E+00   
proton rms                     5.00000000E-03   2.2538968508E+00 +-    1.1176486270E-02   
neutron rms                    5.00000000E-03   2.3114940066E+00 +-    1.1666374756E-02   
total rms                      5.00000000E-03   2.2812629192E+00 +-    1.0160652489E-02   
neutron-proton rms             5.00000000E-03   5.7597155756E-02 +-    1.0440063209E-02   
GT sigXtau+                    5.00000000E-03   6.4608126893E-06 +-    1.7988628410E-05   
GT sigYtau+                    5.00000000E-03  -7.6031481005E-06 +-    1.4346775660E-05   
GT sigZtau+                    5.00000000E-03  -4.0042087744E-05 +-    1.6365979161E-05   
GT sigXtau-                    5.00000000E-03  -1.8572992725E-04 +-    1.6111947419E-05   
GT sigYtau-                    5.00000000E-03   5.3330129696E-05 +-    1.4201905439E-05   
GT sigZtau-                    5.00000000E-03  -5.7550090709E-07 +-    1.6430793611E-05   
F tau+                         5.00000000E-03  -5.9355266808E-20 +-    2.8909939129E-20   
F tau-                         5.00000000E-03  -9.7254857070E-20 +-    2.9827070526E-20   
Psi**2                         5.00000000E-03   1.8115917418E-05 +-    5.6002670002E-07   
single crossing/step           5.00000000E-03   7.1445833384E-03 +-    4.0678093665E-05   
global crossing/step           5.00000000E-03   7.0410116066E-03 +-    8.0768555440E-05   
energy numerator(real)         5.00000000E-03  -1.5059345444E+01 +-    7.5939319855E-01   
denominator psit/psigi(real)   5.00000000E-03   6.1832891717E-01 +-    1.2598112865E-02   
energy numerator(aimag)        5.00000000E-03   1.8883420010E+00 +-    5.6532037146E-01   
denominator psit/psigi(aimag)  5.00000000E-03   1.3165184006E-02 +-    8.2223194259E-03   
growth(lin dt) energy          5.00000000E-03  -1.9231300700E+02 +-    5.0042750906E+00   
growth(global) energy          5.00000000E-03  -1.7493135387E+02 +-    1.0764062673E+01
growth energy                  5.00000000E-03  -1.9221566041E+02 +-    4.9929392346E+00
Time for propagation (sec) (min) =          21.412      0.357
Time for energies (sec) (min) =              0.828      0.014
Time for load balancing (sec) (min) =        0.029      0.000
Time for block (sec) (min) =                22.855      0.381
Time for operators (sec) (min) =             0.027      0.000
Elapsed block time (sec) (min) =            42.355      0.706
 
 walkers multiplicity, block, total
   0          43667          77855
   1         982932        1811654
   2          44798          80245
   3            258            403
   4             32             51
   5             20             31
   6              9             15
   7              1              4
   8              2              3
   9              0              1
  10              0              2
  12              1              1
  13              0              1
  17              1              2
 
 

iteration =                               3
walker number =                       11048
total energy-propagated        7.50000000E-03  -3.1433882463E+01 +-    3.1770204412E-01   
kinetic energy                 7.50000000E-03   6.9364576871E+01 +-    1.1983134212E+00   
potential energy               7.50000000E-03  -1.0079845933E+02 +-    1.3135062555E+00   
im energy                      7.50000000E-03   8.4392393443E-01 +-    2.4526337507E-01   
imkin energy                   7.50000000E-03  -1.4740571854E+00 +-    3.0965155117E-01   
impot energy                   7.50000000E-03   2.3179811198E+00 +-    3.1409541967E-01   
v cent                         7.50000000E-03   9.6372452223E+00 +-    1.1300648030E+00   
v tau                          7.50000000E-03  -5.0237120342E+00 +-    1.4663948439E-01   
v sigma                        7.50000000E-03  -1.1937199481E+01 +-    2.6658618604E-01   
v sigtau                       7.50000000E-03  -5.4827447458E+01 +-    4.4474443381E-01   
v tensor                       7.50000000E-03  -1.0946126224E+00 +-    1.0906315502E-01   
v tenstau                      7.50000000E-03  -3.7552732961E+01 +-    8.6413399300E-01   
v ls                           7.50000000E-03   0.0000000000E+00 +-    0.0000000000E+00   
v lstau                        7.50000000E-03   0.0000000000E+00 +-    0.0000000000E+00   
vpot v6                        7.50000000E-03  -1.0079845933E+02 +-    1.3135062555E+00   
vpot v8                        7.50000000E-03  -1.0079845933E+02 +-    1.3135062555E+00   
v coulomb                      7.50000000E-03   7.2488939113E-01 +-    2.3869004043E-03   
v external                     7.50000000E-03   0.0000000000E+00 +-    0.0000000000E+00   
tni 2pipr-anticomm             7.50000000E-03   0.0000000000E+00 +-    0.0000000000E+00   
tni vd1pr                      7.50000000E-03   0.0000000000E+00 +-    0.0000000000E+00   
tni vepr                       7.50000000E-03   0.0000000000E+00 +-    0.0000000000E+00   
tni central                    7.50000000E-03   0.0000000000E+00 +-    0.0000000000E+00   
tni 2pixx-anticommutator       7.50000000E-03   0.0000000000E+00 +-    0.0000000000E+00   
tni 2pixd-anticommutator       7.50000000E-03   0.0000000000E+00 +-    0.0000000000E+00   
tni 2pidd-anticommutator       7.50000000E-03   0.0000000000E+00 +-    0.0000000000E+00   
tni 2pixx-commutator           7.50000000E-03   0.0000000000E+00 +-    0.0000000000E+00   
tni 2pixd-commutator           7.50000000E-03   0.0000000000E+00 +-    0.0000000000E+00   
tni 2pidd-commutator           7.50000000E-03   0.0000000000E+00 +-    0.0000000000E+00   
tni 2pi-tm                     7.50000000E-03   0.0000000000E+00 +-    0.0000000000E+00   
tni vd1                        7.50000000E-03   0.0000000000E+00 +-    0.0000000000E+00   
tni vd2                        7.50000000E-03   0.0000000000E+00 +-    0.0000000000E+00   
tni ve                         7.50000000E-03   0.0000000000E+00 +-    0.0000000000E+00   
vpottot v8+tni                 7.50000000E-03  -1.0079845933E+02 +-    1.3135062555E+00   
enetot v8+tni                  7.50000000E-03  -3.1433882463E+01 +-    3.1770204412E-01   
vper cent                      7.50000000E-03   9.6372452223E+00 +-    1.1300648030E+00   
vper tau                       7.50000000E-03  -5.0237120342E+00 +-    1.4663948439E-01   
vper sigma                     7.50000000E-03  -1.1937199481E+01 +-    2.6658618604E-01   
vper sigtau                    7.50000000E-03  -5.4827447458E+01 +-    4.4474443381E-01   
vper tensor                    7.50000000E-03  -1.0946126224E+00 +-    1.0906315502E-01   
vper tenstau                   7.50000000E-03  -3.7552732961E+01 +-    8.6413399300E-01   
vper ls                        7.50000000E-03   0.0000000000E+00 +-    0.0000000000E+00   
vper lstau                     7.50000000E-03   0.0000000000E+00 +-    0.0000000000E+00   
vpotper v6                     7.50000000E-03  -1.0079845933E+02 +-    1.3135062555E+00   
vpotper v8                     7.50000000E-03  -1.0079845933E+02 +-    1.3135062555E+00   
vpotv6pr-vpotv6per diff        7.50000000E-03   0.0000000000E+00 +-    0.0000000000E+00   
vpotv8pr-vpotv8per diff        7.50000000E-03   0.0000000000E+00 +-    0.0000000000E+00   
2piapr-2pia diff               7.50000000E-03   0.0000000000E+00 +-    0.0000000000E+00   
vd1pr-vd1 diff                 7.50000000E-03   0.0000000000E+00 +-    0.0000000000E+00   
vepr-ve diff                   7.50000000E-03   0.0000000000E+00 +-    0.0000000000E+00   
diff1 2piapr-2pia-2picxx       7.50000000E-03   0.0000000000E+00 +-    0.0000000000E+00   
diff2 vd1pr-vd1-2picxd         7.50000000E-03   0.0000000000E+00 +-    0.0000000000E+00   
diff3 vepr-ve-2picdd           7.50000000E-03   0.0000000000E+00 +-    0.0000000000E+00   
sum diff1+dif2+diff3           7.50000000E-03   0.0000000000E+00 +-    0.0000000000E+00   
proton rms                     7.50000000E-03   2.3184772007E+00 +-    1.2151461456E-02   
neutron rms                    7.50000000E-03   2.3325899010E+00 +-    1.2044193085E-02   
total rms                      7.50000000E-03   2.3237050963E+00 +-    1.0394696115E-02   
neutron-proton rms             7.50000000E-03   1.4112700302E-02 +-    1.2385118845E-02   
GT sigXtau+                    7.50000000E-03  -1.5333515585E-05 +-    1.3761460148E-05   
GT sigYtau+                    7.50000000E-03   2.2190363705E-04 +-    1.6462857434E-05   
GT sigZtau+                    7.50000000E-03  -2.4542086182E-04 +-    1.2274461097E-05   
GT sigXtau-                    7.50000000E-03   2.3940739869E-05 +-    1.5145401193E-05   
GT sigYtau-                    7.50000000E-03   7.6807606659E-05 +-    1.0705416750E-05   
GT sigZtau-                    7.50000000E-03   9.1340302014E-05 +-    1.6019551272E-05   
F tau+                         7.50000000E-03  -4.7898658813E-20 +-    2.4655108312E-20   
F tau-                         7.50000000E-03   4.6576070251E-20 +-    2.7406533933E-20   
Psi**2                         7.50000000E-03   8.6015428898E-06 +-    3.3358306649E-07   
single crossing/step           7.50000000E-03   7.2546246160E-03 +-    4.0718886906E-05   
global crossing/step           7.50000000E-03   7.1643792222E-03 +-    8.0933336068E-05   
energy numerator(real)         7.50000000E-03  -1.3386875611E+01 +-    8.0430729434E-01   
denominator psit/psigi(real)   7.50000000E-03   4.2506483739E-01 +-    1.3483400991E-02   
energy numerator(aimag)        7.50000000E-03  -9.3666208801E-01 +-    5.5669530788E-01   
denominator psit/psigi(aimag)  7.50000000E-03   3.8688760946E-02 +-    9.0672556796E-03   
growth(lin dt) energy          7.50000000E-03  -2.0663788310E+02 +-    5.0354837431E+00   
growth(global) energy          7.50000000E-03  -2.2012558484E+02 +-    9.7401939368E+00
growth energy                  7.50000000E-03  -2.0650642624E+02 +-    5.0222807230E+00
Time for propagation (sec) (min) =          21.700      0.362
Time for energies (sec) (min) =              0.775      0.013
Time for load balancing (sec) (min) =        0.033      0.001
Time for block (sec) (min) =                23.066      0.384
Time for operators (sec) (min) =             0.030      0.000
Elapsed block time (sec) (min) =            65.450      1.091
 
 walkers multiplicity, block, total
   0          48648         126503
   1        1013888        2825542
   2          47085         127330
   3            260            663
   4             42             93
   5             14             45
   6              7             22
   7              6             10
   8              3              6
   9              0              1
  10              0              2
  11              1              1
  12              0              1
  13              0              1
  17              0              2
 
 

iteration =                               4
walker number =                       10513
total energy-propagated        1.00000000E-02  -2.0262582963E+01 +-    6.0379800784E-01   
kinetic energy                 1.00000000E-02   9.1746368421E+01 +-    1.8276098300E+00   
potential energy               1.00000000E-02  -1.1200895138E+02 +-    1.8071437354E+00   
im energy                      1.00000000E-02  -1.4374333060E+00 +-    4.0497158122E-01   
imkin energy                   1.00000000E-02   5.0100044884E-01 +-    7.7549219659E-01   
impot energy                   1.00000000E-02  -1.9384337548E+00 +-    7.6105509345E-01   
v cent                         1.00000000E-02  -1.6818800300E-01 +-    1.2762755370E+00   
v tau                          1.00000000E-02  -4.2963651293E+00 +-    1.9762288229E-01   
v sigma                        1.00000000E-02  -7.2904632111E+00 +-    3.7850789663E-01   
v sigtau                       1.00000000E-02  -5.0631280672E+01 +-    3.8609778556E-01   
v tensor                       1.00000000E-02  -5.7306885809E-01 +-    1.9344999154E-01   
v tenstau                      1.00000000E-02  -4.9049585511E+01 +-    1.3156815945E+00   
v ls                           1.00000000E-02   0.0000000000E+00 +-    0.0000000000E+00   
v lstau                        1.00000000E-02   0.0000000000E+00 +-    0.0000000000E+00   
vpot v6                        1.00000000E-02  -1.1200895138E+02 +-    1.8071437354E+00   
vpot v8                        1.00000000E-02  -1.1200895138E+02 +-    1.8071437354E+00   
v coulomb                      1.00000000E-02   6.8051026124E-01 +-    3.4013354204E-03   
v external                     1.00000000E-02   0.0000000000E+00 +-    0.0000000000E+00   
tni 2pipr-anticomm             1.00000000E-02   0.0000000000E+00 +-    0.0000000000E+00   
tni vd1pr                      1.00000000E-02   0.0000000000E+00 +-    0.0000000000E+00   
tni vepr                       1.00000000E-02   0.0000000000E+00 +-    0.0000000000E+00   
tni central                    1.00000000E-02   0.0000000000E+00 +-    0.0000000000E+00   
tni 2pixx-anticommutator       1.00000000E-02   0.0000000000E+00 +-    0.0000000000E+00   
tni 2pixd-anticommutator       1.00000000E-02   0.0000000000E+00 +-    0.0000000000E+00   
tni 2pidd-anticommutator       1.00000000E-02   0.0000000000E+00 +-    0.0000000000E+00   
tni 2pixx-commutator           1.00000000E-02   0.0000000000E+00 +-    0.0000000000E+00   
tni 2pixd-commutator           1.00000000E-02   0.0000000000E+00 +-    0.0000000000E+00   
tni 2pidd-commutator           1.00000000E-02   0.0000000000E+00 +-    0.0000000000E+00   
tni 2pi-tm                     1.00000000E-02   0.0000000000E+00 +-    0.0000000000E+00   
tni vd1                        1.00000000E-02   0.0000000000E+00 +-    0.0000000000E+00   
tni vd2                        1.00000000E-02   0.0000000000E+00 +-    0.0000000000E+00   
tni ve                         1.00000000E-02   0.0000000000E+00 +-    0.0000000000E+00   
vpottot v8+tni                 1.00000000E-02  -1.1200895138E+02 +-    1.8071437354E+00   
enetot v8+tni                  1.00000000E-02  -2.0262582963E+01 +-    6.0379800784E-01   
vper cent                      1.00000000E-02  -1.6818800300E-01 +-    1.2762755370E+00   
vper tau                       1.00000000E-02  -4.2963651293E+00 +-    1.9762288229E-01   
vper sigma                     1.00000000E-02  -7.2904632111E+00 +-    3.7850789663E-01   
vper sigtau                    1.00000000E-02  -5.0631280672E+01 +-    3.8609778556E-01   
vper tensor                    1.00000000E-02  -5.7306885809E-01 +-    1.9344999154E-01   
vper tenstau                   1.00000000E-02  -4.9049585511E+01 +-    1.3156815945E+00   
vper ls                        1.00000000E-02   0.0000000000E+00 +-    0.0000000000E+00   
vper lstau                     1.00000000E-02   0.0000000000E+00 +-    0.0000000000E+00   
vpotper v6                     1.00000000E-02  -1.1200895138E+02 +-    1.8071437354E+00   
vpotper v8                     1.00000000E-02  -1.1200895138E+02 +-    1.8071437354E+00   
vpotv6pr-vpotv6per diff        1.00000000E-02   0.0000000000E+00 +-    0.0000000000E+00   
vpotv8pr-vpotv8per diff        1.00000000E-02   0.0000000000E+00 +-    0.0000000000E+00   
2piapr-2pia diff               1.00000000E-02   0.0000000000E+00 +-    0.0000000000E+00   
vd1pr-vd1 diff                 1.00000000E-02   0.0000000000E+00 +-    0.0000000000E+00   
vepr-ve diff                   1.00000000E-02   0.0000000000E+00 +-    0.0000000000E+00   
diff1 2piapr-2pia-2picxx       1.00000000E-02   0.0000000000E+00 +-    0.0000000000E+00   
diff2 vd1pr-vd1-2picxd         1.00000000E-02   0.0000000000E+00 +-    0.0000000000E+00   
diff3 vepr-ve-2picdd           1.00000000E-02   0.0000000000E+00 +-    0.0000000000E+00   
sum diff1+dif2+diff3           1.00000000E-02   0.0000000000E+00 +-    0.0000000000E+00   
proton rms                     1.00000000E-02   2.2783328208E+00 +-    1.1774800811E-02   
neutron rms                    1.00000000E-02   2.2043714165E+00 +-    1.2902219332E-02   
total rms                      1.00000000E-02   2.2389633061E+00 +-    1.0589930897E-02   
neutron-proton rms             1.00000000E-02  -7.3961404276E-02 +-    1.2691128752E-02   
GT sigXtau+                    1.00000000E-02   5.3130946401E-04 +-    1.7432730058E-05   
GT sigYtau+                    1.00000000E-02   9.2487151753E-05 +-    2.3890476783E-05   
GT sigZtau+                    1.00000000E-02  -1.9905465967E-05 +-    1.8669268894E-05   
GT sigXtau-                    1.00000000E-02   1.3372732226E-04 +-    1.9762065725E-05   
GT sigYtau-                    1.00000000E-02   1.5613807688E-04 +-    2.7374271468E-05   
GT sigZtau-                    1.00000000E-02   3.6209066787E-04 +-    2.0021636651E-05   
F tau+                         1.00000000E-02   1.7216508633E-19 +-    5.1463690074E-20   
F tau-                         1.00000000E-02   4.1171420960E-19 +-    6.4482507444E-20   
Psi**2                         1.00000000E-02   1.4029529617E-05 +-    4.0273179431E-07   
single crossing/step           1.00000000E-02   7.7154814307E-03 +-    4.1756323768E-05   
global crossing/step           1.00000000E-02   7.5656264576E-03 +-    8.2703897266E-05   
energy numerator(real)         1.00000000E-02  -3.9921231921E+00 +-    9.0811959057E-01   
denominator psit/psigi(real)   1.00000000E-02   2.0678578123E-01 +-    1.4047190864E-02   
energy numerator(aimag)        1.00000000E-02  -1.8873195223E+00 +-    5.9284381304E-01   
denominator psit/psigi(aimag)  1.00000000E-02   5.8793354969E-02 +-    9.3607521592E-03   
growth(lin dt) energy          1.00000000E-02  -2.3229143140E+02 +-    5.3959953190E+00   
growth(global) energy          1.00000000E-02  -2.3310871984E+02 +-    1.0841909559E+01
growth energy                  1.00000000E-02  -2.3208613660E+02 +-    5.3783825457E+00
Time for propagation (sec) (min) =          21.938      0.366
Time for energies (sec) (min) =              0.738      0.012
Time for load balancing (sec) (min) =        0.032      0.001
Time for block (sec) (min) =                23.222      0.387
Time for operators (sec) (min) =             0.022      0.000
Elapsed block time (sec) (min) =            88.704      1.478
 
 walkers multiplicity, block, total
   0          51630         178133
   1        1019714        3845256
   2          49967         177297
   3            369           1032
   4             66            159
   5             23             68
   6              4             26
   7              1             11
   8              2              8
   9              1              2
  10              2              4
  11              1              2
  12              1              2
  13              0              1
  14              1              1
  17              0              2
 
 

iteration =                               5
walker number =                       10048
total energy-propagated        1.25000000E-02  -1.6316430271E+01 +-    5.3749044261E-01   
kinetic energy                 1.25000000E-02   1.0820057504E+02 +-    2.1646382452E+00   
potential energy               1.25000000E-02  -1.2451700531E+02 +-    2.3837606325E+00   
im energy                      1.25000000E-02   6.8512087751E+00 +-    4.0281734055E-01   
imkin energy                   1.25000000E-02  -8.8466812605E+00 +-    1.9237254862E+00   
impot energy                   1.25000000E-02   1.5697890036E+01 +-    2.0580891523E+00   
v cent                         1.25000000E-02   2.7301347870E+01 +-    2.3524625973E+00   
v tau                          1.25000000E-02  -8.9456529955E+00 +-    3.9050384980E-01   
v sigma                        1.25000000E-02  -1.5766584097E+01 +-    2.7619605511E-01   
v sigtau                       1.25000000E-02  -7.0421492342E+01 +-    6.8559040500E-01   
v tensor                       1.25000000E-02   1.0492093407E+00 +-    3.7248873620E-01   
v tenstau                      1.25000000E-02  -5.7733833083E+01 +-    2.6789005200E+00   
v ls                           1.25000000E-02   0.0000000000E+00 +-    0.0000000000E+00   
v lstau                        1.25000000E-02   0.0000000000E+00 +-    0.0000000000E+00   
vpot v6                        1.25000000E-02  -1.2451700531E+02 +-    2.3837606325E+00   
vpot v8                        1.25000000E-02  -1.2451700531E+02 +-    2.3837606325E+00   
v coulomb                      1.25000000E-02   7.4121592366E-01 +-    3.3672699884E-03   
v external                     1.25000000E-02   0.0000000000E+00 +-    0.0000000000E+00   
tni 2pipr-anticomm             1.25000000E-02   0.0000000000E+00 +-    0.0000000000E+00   
tni vd1pr                      1.25000000E-02   0.0000000000E+00 +-    0.0000000000E+00   
tni vepr                       1.25000000E-02   0.0000000000E+00 +-    0.0000000000E+00   
tni central                    1.25000000E-02   0.0000000000E+00 +-    0.0000000000E+00   
tni 2pixx-anticommutator       1.25000000E-02   0.0000000000E+00 +-    0.0000000000E+00   
tni 2pixd-anticommutator       1.25000000E-02   0.0000000000E+00 +-    0.0000000000E+00   
tni 2pidd-anticommutator       1.25000000E-02   0.0000000000E+00 +-    0.0000000000E+00   
tni 2pixx-commutator           1.25000000E-02   0.0000000000E+00 +-    0.0000000000E+00   
tni 2pixd-commutator           1.25000000E-02   0.0000000000E+00 +-    0.0000000000E+00   
tni 2pidd-commutator           1.25000000E-02   0.0000000000E+00 +-    0.0000000000E+00   
tni 2pi-tm                     1.25000000E-02   0.0000000000E+00 +-    0.0000000000E+00   
tni vd1                        1.25000000E-02   0.0000000000E+00 +-    0.0000000000E+00   
tni vd2                        1.25000000E-02   0.0000000000E+00 +-    0.0000000000E+00   
tni ve                         1.25000000E-02   0.0000000000E+00 +-    0.0000000000E+00   
vpottot v8+tni                 1.25000000E-02  -1.2451700531E+02 +-    2.3837606325E+00   
enetot v8+tni                  1.25000000E-02  -1.6316430271E+01 +-    5.3749044261E-01   
vper cent                      1.25000000E-02   2.7301347870E+01 +-    2.3524625973E+00   
vper tau                       1.25000000E-02  -8.9456529955E+00 +-    3.9050384980E-01   
vper sigma                     1.25000000E-02  -1.5766584097E+01 +-    2.7619605511E-01   
vper sigtau                    1.25000000E-02  -7.0421492342E+01 +-    6.8559040500E-01   
vper tensor                    1.25000000E-02   1.0492093407E+00 +-    3.7248873620E-01   
vper tenstau                   1.25000000E-02  -5.7733833083E+01 +-    2.6789005200E+00   
vper ls                        1.25000000E-02   0.0000000000E+00 +-    0.0000000000E+00   
vper lstau                     1.25000000E-02   0.0000000000E+00 +-    0.0000000000E+00   
vpotper v6                     1.25000000E-02  -1.2451700531E+02 +-    2.3837606325E+00   
vpotper v8                     1.25000000E-02  -1.2451700531E+02 +-    2.3837606325E+00   
vpotv6pr-vpotv6per diff        1.25000000E-02   0.0000000000E+00 +-    0.0000000000E+00   
vpotv8pr-vpotv8per diff        1.25000000E-02   0.0000000000E+00 +-    0.0000000000E+00   
2piapr-2pia diff               1.25000000E-02   0.0000000000E+00 +-    0.0000000000E+00   
vd1pr-vd1 diff                 1.25000000E-02   0.0000000000E+00 +-    0.0000000000E+00   
vepr-ve diff                   1.25000000E-02   0.0000000000E+00 +-    0.0000000000E+00   
diff1 2piapr-2pia-2picxx       1.25000000E-02   0.0000000000E+00 +-    0.0000000000E+00   
diff2 vd1pr-vd1-2picxd         1.25000000E-02   0.0000000000E+00 +-    0.0000000000E+00   
diff3 vepr-ve-2picdd           1.25000000E-02   0.0000000000E+00 +-    0.0000000000E+00   
sum diff1+dif2+diff3           1.25000000E-02   0.0000000000E+00 +-    0.0000000000E+00   
proton rms                     1.25000000E-02   2.1534335417E+00 +-    1.2199076676E-02   
neutron rms                    1.25000000E-02   2.0156354078E+00 +-    1.4598692753E-02   
total rms                      1.25000000E-02   2.0868339729E+00 +-    1.0410363228E-02   
neutron-proton rms             1.25000000E-02  -1.3779813387E-01 +-    1.6706427524E-02   
GT sigXtau+                    1.25000000E-02  -1.5778906714E-04 +-    2.7927969466E-05   
GT sigYtau+                    1.25000000E-02  -3.2261289648E-04 +-    2.8309921031E-05   
GT sigZtau+                    1.25000000E-02  -2.1436924489E-04 +-    1.1063364303E-05   
GT sigXtau-                    1.25000000E-02  -2.1259056063E-04 +-    2.1626049255E-05   
GT sigYtau-                    1.25000000E-02  -4.1076693744E-05 +-    1.6374496240E-05   
GT sigZtau-                    1.25000000E-02   4.8251170971E-05 +-    2.5318571834E-05   
F tau+                         1.25000000E-02   1.0887588966E-18 +-    3.7784794364E-20   
F tau-                         1.25000000E-02   5.4207637195E-20 +-    3.4502077769E-20   
Psi**2                         1.25000000E-02   3.0612611144E-05 +-    6.6086416076E-07   
single crossing/step           1.25000000E-02   7.5229143378E-03 +-    4.1120616814E-05   
global crossing/step           1.25000000E-02   7.3503434207E-03 +-    8.1299547276E-05   
energy numerator(real)         1.25000000E-02  -2.8786032260E+00 +-    9.0359663634E-01   
denominator psit/psigi(real)   1.25000000E-02   1.2133010666E-01 +-    1.4087183380E-02   
energy numerator(aimag)        1.25000000E-02   7.6748541710E-01 +-    6.3259662081E-01   
denominator psit/psigi(aimag)  1.25000000E-02   6.1555482061E-02 +-    9.4965770377E-03   
growth(lin dt) energy          1.25000000E-02  -2.4771677735E+02 +-    5.6230846534E+00   
growth(global) energy          1.25000000E-02  -2.3450465318E+02 +-    1.0802351916E+01
growth energy                  1.25000000E-02  -2.4745921270E+02 +-    5.6025613152E+00
Time for propagation (sec) (min) =          22.066      0.368
Time for energies (sec) (min) =              0.706      0.012
Time for load balancing (sec) (min) =        0.029      0.000
Time for block (sec) (min) =                23.323      0.389
Time for operators (sec) (min) =             0.028      0.000
Elapsed block time (sec) (min) =           112.055      1.868
 
 walkers multiplicity, block, total
   0          53924         232057
   1        1021347        4866603
   2          52177         229474
   3            384           1416
   4             76            235
   5             26             94
   6             11             37
   7              7             18
   8              3             11
   9              1              3
  10              0              4
  11              1              3
  12              1              3
  13              0              1
  14              0              1
  17              1              3
  20              1              1
 
 

iteration =                               6
walker number =                       10524
total energy-propagated        1.50000000E-02  -4.2667974372E+01 +-    1.0494019620E+00   
kinetic energy                 1.50000000E-02   1.0030042423E+02 +-    4.9152452734E+00   
potential energy               1.50000000E-02  -1.4296839860E+02 +-    5.2844754671E+00   
im energy                      1.50000000E-02   1.3087283665E+01 +-    7.4466925363E-01   
imkin energy                   1.50000000E-02  -2.0633820669E+01 +-    1.7200599816E+00   
impot energy                   1.50000000E-02   3.3721104334E+01 +-    2.1957366805E+00   
v cent                         1.50000000E-02  -2.2276942242E+02 +-    5.4580948363E+00   
v tau                          1.50000000E-02   5.3733282584E+00 +-    1.0242342834E+00   
v sigma                        1.50000000E-02   4.2322485507E+01 +-    9.1171061925E-01   
v sigtau                       1.50000000E-02   7.5890092478E+01 +-    1.7099374143E+00   
v tensor                       1.50000000E-02   4.5277712522E+00 +-    4.2678222358E-01   
v tenstau                      1.50000000E-02  -4.8312653679E+01 +-    3.3607901730E+00   
v ls                           1.50000000E-02   0.0000000000E+00 +-    0.0000000000E+00   
v lstau                        1.50000000E-02   0.0000000000E+00 +-    0.0000000000E+00   
vpot v6                        1.50000000E-02  -1.4296839860E+02 +-    5.2844754671E+00   
vpot v8                        1.50000000E-02  -1.4296839860E+02 +-    5.2844754671E+00   
v coulomb                      1.50000000E-02   9.4009177522E-01 +-    1.4583357960E-02   
v external                     1.50000000E-02   0.0000000000E+00 +-    0.0000000000E+00   
tni 2pipr-anticomm             1.50000000E-02   0.0000000000E+00 +-    0.0000000000E+00   
tni vd1pr                      1.50000000E-02   0.0000000000E+00 +-    0.0000000000E+00   
tni vepr                       1.50000000E-02   0.0000000000E+00 +-    0.0000000000E+00   
tni central                    1.50000000E-02   0.0000000000E+00 +-    0.0000000000E+00   
tni 2pixx-anticommutator       1.50000000E-02   0.0000000000E+00 +-    0.0000000000E+00   
tni 2pixd-anticommutator       1.50000000E-02   0.0000000000E+00 +-    0.0000000000E+00   
tni 2pidd-anticommutator       1.50000000E-02   0.0000000000E+00 +-    0.0000000000E+00   
tni 2pixx-commutator           1.50000000E-02   0.0000000000E+00 +-    0.0000000000E+00   
tni 2pixd-commutator           1.50000000E-02   0.0000000000E+00 +-    0.0000000000E+00   
tni 2pidd-commutator           1.50000000E-02   0.0000000000E+00 +-    0.0000000000E+00   
tni 2pi-tm                     1.50000000E-02   0.0000000000E+00 +-    0.0000000000E+00   
tni vd1                        1.50000000E-02   0.0000000000E+00 +-    0.0000000000E+00   
tni vd2                        1.50000000E-02   0.0000000000E+00 +-    0.0000000000E+00   
tni ve                         1.50000000E-02   0.0000000000E+00 +-    0.0000000000E+00   
vpottot v8+tni                 1.50000000E-02  -1.4296839860E+02 +-    5.2844754671E+00   
enetot v8+tni                  1.50000000E-02  -4.2667974372E+01 +-    1.0494019620E+00   
vper cent                      1.50000000E-02  -2.2276942242E+02 +-    5.4580948363E+00   
vper tau                       1.50000000E-02   5.3733282584E+00 +-    1.0242342834E+00   
vper sigma                     1.50000000E-02   4.2322485507E+01 +-    9.1171061925E-01   
vper sigtau                    1.50000000E-02   7.5890092478E+01 +-    1.7099374143E+00   
vper tensor                    1.50000000E-02   4.5277712522E+00 +-    4.2678222358E-01   
vper tenstau                   1.50000000E-02  -4.8312653679E+01 +-    3.3607901730E+00   
vper ls                        1.50000000E-02   0.0000000000E+00 +-    0.0000000000E+00   
vper lstau                     1.50000000E-02   0.0000000000E+00 +-    0.0000000000E+00   
vpotper v6                     1.50000000E-02  -1.4296839860E+02 +-    5.2844754671E+00   
vpotper v8                     1.50000000E-02  -1.4296839860E+02 +-    5.2844754671E+00   
vpotv6pr-vpotv6per diff        1.50000000E-02   0.0000000000E+00 +-    0.0000000000E+00   
vpotv8pr-vpotv8per diff        1.50000000E-02   0.0000000000E+00 +-    0.0000000000E+00   
2piapr-2pia diff               1.50000000E-02   0.0000000000E+00 +-    0.0000000000E+00   
vd1pr-vd1 diff                 1.50000000E-02   0.0000000000E+00 +-    0.0000000000E+00   
vepr-ve diff                   1.50000000E-02   0.0000000000E+00 +-    0.0000000000E+00   
diff1 2piapr-2pia-2picxx       1.50000000E-02   0.0000000000E+00 +-    0.0000000000E+00   
diff2 vd1pr-vd1-2picxd         1.50000000E-02   0.0000000000E+00 +-    0.0000000000E+00   
diff3 vepr-ve-2picdd           1.50000000E-02   0.0000000000E+00 +-    0.0000000000E+00   
sum diff1+dif2+diff3           1.50000000E-02   0.0000000000E+00 +-    0.0000000000E+00   
proton rms                     1.50000000E-02   2.8864262755E+00 +-    3.5502029770E-02   
neutron rms                    1.50000000E-02   6.2616027065E+00 +-    3.7743033874E-02   
total rms                      1.50000000E-02   4.4667907447E+00 +-    3.3414994288E-02   
neutron-proton rms             1.50000000E-02   3.3751764310E+00 +-    4.4716915431E-02   
GT sigXtau+                    1.50000000E-02   9.2810280160E-04 +-    5.4889953160E-05   
GT sigYtau+                    1.50000000E-02   1.4169926592E-03 +-    6.2063007279E-05   
GT sigZtau+                    1.50000000E-02  -2.5795066860E-03 +-    8.5600919755E-05   
GT sigXtau-                    1.50000000E-02   3.4550986399E-03 +-    3.1879319658E-05   
GT sigYtau-                    1.50000000E-02   1.9852663502E-03 +-    5.4302094764E-05   
GT sigZtau-                    1.50000000E-02   1.4796901251E-03 +-    5.5985504297E-05   
F tau+                         1.50000000E-02   4.0420693352E-19 +-    1.0010211489E-19   
F tau-                         1.50000000E-02  -2.7546253053E-19 +-    1.3001469926E-19   
Psi**2                         1.50000000E-02  -1.4171628360E-04 +-    2.5179458858E-06   
single crossing/step           1.50000000E-02   7.8617001839E-03 +-    4.2312851820E-05   
global crossing/step           1.50000000E-02   7.8043155110E-03 +-    8.4318723406E-05   
energy numerator(real)         1.50000000E-02  -1.2797866411E+00 +-    9.1056434202E-01   
denominator psit/psigi(real)   1.50000000E-02   4.2919007680E-03 +-    1.4052964027E-02   
energy numerator(aimag)        1.50000000E-02  -9.6402719627E-01 +-    6.2781568295E-01   
denominator psit/psigi(aimag)  1.50000000E-02   2.6721826100E-02 +-    9.4709250760E-03   
growth(lin dt) energy          1.50000000E-02  -2.5314601666E+02 +-    5.7102938500E+00   
growth(global) energy          1.50000000E-02  -2.7158707907E+02 +-    1.1059622328E+01
growth energy                  1.50000000E-02  -2.5286864924E+02 +-    5.6886767226E+00
Time for propagation (sec) (min) =          21.778      0.363
Time for energies (sec) (min) =              0.739      0.012
Time for load balancing (sec) (min) =        0.027      0.000
Time for block (sec) (min) =                23.040      0.384
Time for operators (sec) (min) =             0.026      0.000
Elapsed block time (sec) (min) =           135.130      2.252
 
 walkers multiplicity, block, total
   0          54234         286291
   1        1004946        5871549
   2          53528         283002
   3            376           1792
   4             76            311
   5             20            114
   6              6             43
   7              5             23
   8              2             13
   9              1              4
  10              2              6
  11              1              4
  12              0              3
  13              1              2
  14              0              1
  17              0              3
  20              0              1
 
 

iteration =                               7
walker number =                       10391
total energy-propagated        1.75000000E-02  -1.7356117941E+00 +-    2.0000833739E+00   
kinetic energy                 1.75000000E-02   6.9833818162E+01 +-    3.9143898493E+00   
potential energy               1.75000000E-02  -7.1569429956E+01 +-    3.4680058966E+00   
im energy                      1.75000000E-02  -4.9338865832E-01 +-    1.6005909301E+00   
imkin energy                   1.75000000E-02   1.1942818724E+02 +-    2.5512347332E+00   
impot energy                   1.75000000E-02  -1.1992157589E+02 +-    2.3014183902E+00   
v cent                         1.75000000E-02   3.6400973316E+00 +-    2.0761406819E+00   
v tau                          1.75000000E-02  -1.4113131349E+01 +-    9.7354931209E-01   
v sigma                        1.75000000E-02  -1.3047447355E+01 +-    6.1791288982E-01   
v sigtau                       1.75000000E-02  -6.0851658145E+01 +-    6.7802249632E-01   
v tensor                       1.75000000E-02  -9.8455618786E+00 +-    3.3350344427E-01   
v tenstau                      1.75000000E-02   2.2648271439E+01 +-    1.5507634707E+00   
v ls                           1.75000000E-02   0.0000000000E+00 +-    0.0000000000E+00   
v lstau                        1.75000000E-02   0.0000000000E+00 +-    0.0000000000E+00   
vpot v6                        1.75000000E-02  -7.1569429956E+01 +-    3.4680058966E+00   
vpot v8                        1.75000000E-02  -7.1569429956E+01 +-    3.4680058966E+00   
v coulomb                      1.75000000E-02   6.4415780145E-01 +-    7.7587290879E-03   
v external                     1.75000000E-02   0.0000000000E+00 +-    0.0000000000E+00   
tni 2pipr-anticomm             1.75000000E-02   0.0000000000E+00 +-    0.0000000000E+00   
tni vd1pr                      1.75000000E-02   0.0000000000E+00 +-    0.0000000000E+00   
tni vepr                       1.75000000E-02   0.0000000000E+00 +-    0.0000000000E+00   
tni central                    1.75000000E-02   0.0000000000E+00 +-    0.0000000000E+00   
tni 2pixx-anticommutator       1.75000000E-02   0.0000000000E+00 +-    0.0000000000E+00   
tni 2pixd-anticommutator       1.75000000E-02   0.0000000000E+00 +-    0.0000000000E+00   
tni 2pidd-anticommutator       1.75000000E-02   0.0000000000E+00 +-    0.0000000000E+00   
tni 2pixx-commutator           1.75000000E-02   0.0000000000E+00 +-    0.0000000000E+00   
tni 2pixd-commutator           1.75000000E-02   0.0000000000E+00 +-    0.0000000000E+00   
tni 2pidd-commutator           1.75000000E-02   0.0000000000E+00 +-    0.0000000000E+00   
tni 2pi-tm                     1.75000000E-02   0.0000000000E+00 +-    0.0000000000E+00   
tni vd1                        1.75000000E-02   0.0000000000E+00 +-    0.0000000000E+00   
tni vd2                        1.75000000E-02   0.0000000000E+00 +-    0.0000000000E+00   
tni ve                         1.75000000E-02   0.0000000000E+00 +-    0.0000000000E+00   
vpottot v8+tni                 1.75000000E-02  -7.1569429956E+01 +-    3.4680058966E+00   
enetot v8+tni                  1.75000000E-02  -1.7356117941E+00 +-    2.0000833739E+00   
vper cent                      1.75000000E-02   3.6400973316E+00 +-    2.0761406819E+00   
vper tau                       1.75000000E-02  -1.4113131349E+01 +-    9.7354931209E-01   
vper sigma                     1.75000000E-02  -1.3047447355E+01 +-    6.1791288982E-01   
vper sigtau                    1.75000000E-02  -6.0851658145E+01 +-    6.7802249632E-01   
vper tensor                    1.75000000E-02  -9.8455618786E+00 +-    3.3350344427E-01   
vper tenstau                   1.75000000E-02   2.2648271439E+01 +-    1.5507634707E+00   
vper ls                        1.75000000E-02   0.0000000000E+00 +-    0.0000000000E+00   
vper lstau                     1.75000000E-02   0.0000000000E+00 +-    0.0000000000E+00   
vpotper v6                     1.75000000E-02  -7.1569429956E+01 +-    3.4680058966E+00   
vpotper v8                     1.75000000E-02  -7.1569429956E+01 +-    3.4680058966E+00   
vpotv6pr-vpotv6per diff        1.75000000E-02   0.0000000000E+00 +-    0.0000000000E+00   
vpotv8pr-vpotv8per diff        1.75000000E-02   0.0000000000E+00 +-    0.0000000000E+00   
2piapr-2pia diff               1.75000000E-02   0.0000000000E+00 +-    0.0000000000E+00   
vd1pr-vd1 diff                 1.75000000E-02   0.0000000000E+00 +-    0.0000000000E+00   
vepr-ve diff                   1.75000000E-02   0.0000000000E+00 +-    0.0000000000E+00   
diff1 2piapr-2pia-2picxx       1.75000000E-02   0.0000000000E+00 +-    0.0000000000E+00   
diff2 vd1pr-vd1-2picxd         1.75000000E-02   0.0000000000E+00 +-    0.0000000000E+00   
diff3 vepr-ve-2picdd           1.75000000E-02   0.0000000000E+00 +-    0.0000000000E+00   
sum diff1+dif2+diff3           1.75000000E-02   0.0000000000E+00 +-    0.0000000000E+00   
proton rms                     1.75000000E-02   1.8504396647E+00 +-    1.2551889119E-02   
neutron rms                    1.75000000E-02   5.2596449241E-01 +-    2.0056528990E-02   
total rms                      1.75000000E-02   1.2320694344E+00 +-    1.1700795457E-02   
neutron-proton rms             1.75000000E-02  -1.3244751723E+00 +-    2.0190397402E-02   
GT sigXtau+                    1.75000000E-02   3.0470568773E-03 +-    6.9314287234E-05   
GT sigYtau+                    1.75000000E-02  -1.6914179983E-03 +-    4.6283909819E-05   
GT sigZtau+                    1.75000000E-02   1.1844974322E-03 +-    4.5945641155E-05   
GT sigXtau-                    1.75000000E-02   2.0981102527E-03 +-    3.2851567830E-05   
GT sigYtau-                    1.75000000E-02   8.2733742562E-04 +-    3.3113982848E-05   
GT sigZtau-                    1.75000000E-02  -5.7232909011E-03 +-    6.1263025379E-05   
F tau+                         1.75000000E-02   6.3492557559E-19 +-    1.0149872253E-19   
F tau-                         1.75000000E-02  -3.6941655392E-18 +-    5.4166470985E-20   
Psi**2                         1.75000000E-02   1.7924039909E-05 +-    1.7770623874E-06   
single crossing/step           1.75000000E-02   9.0311873885E-03 +-    4.5305196629E-05   
global crossing/step           1.75000000E-02   8.8472518843E-03 +-    8.9691251889E-05   
energy numerator(real)         1.75000000E-02   2.5086524606E-01 +-    1.1204297882E+00   
denominator psit/psigi(real)   1.75000000E-02   1.6590990624E-02 +-    1.3858569615E-02   
energy numerator(aimag)        1.75000000E-02   2.3529175100E-01 +-    7.5040497689E-01   
denominator psit/psigi(aimag)  1.75000000E-02  -2.3951071010E-02 +-    9.5436595774E-03   
growth(lin dt) energy          1.75000000E-02  -3.2918864256E+02 +-    6.6220758049E+00   
growth(global) energy          1.75000000E-02  -3.2764626890E+02 +-    1.3782529595E+01
growth energy                  1.75000000E-02  -3.2855713752E+02 +-    6.5844621325E+00
Time for propagation (sec) (min) =          21.804      0.363
Time for energies (sec) (min) =              0.730      0.012
Time for load balancing (sec) (min) =        0.033      0.001
Time for block (sec) (min) =                23.098      0.385
Time for operators (sec) (min) =             0.024      0.000
Elapsed block time (sec) (min) =           158.251      2.638
 
 walkers multiplicity, block, total
   0          60636         346927
   1        1006414        6877963
   2          58277         341279
   3            638           2430
   4            132            443
   5             39            153
   6             14             57
   7              5             28
   8              9             22
   9              1              5
  10              6             12
  11              1              5
  12              0              3
  13              5              7
  14              1              2
  17              1              4
  19              2              2
  20              2              3
 
 

iteration =                               8
walker number =                       11274
total energy-propagated        2.00000000E-02   1.8993091216E+01 +-    1.4163087487E+00   
kinetic energy                 2.00000000E-02   2.8993192810E+02 +-    4.5853005821E+00   
potential energy               2.00000000E-02  -2.7093883688E+02 +-    4.4127958687E+00   
im energy                      2.00000000E-02  -2.5481918266E+01 +-    1.1190059227E+00   
imkin energy                   2.00000000E-02   2.8396219829E+01 +-    1.9618546774E+00   
impot energy                   2.00000000E-02  -5.3878138094E+01 +-    1.7117999053E+00   
v cent                         2.00000000E-02   2.7750901094E+01 +-    3.2447869510E+00   
v tau                          2.00000000E-02  -1.5364192520E+01 +-    7.2268430321E-01   
v sigma                        2.00000000E-02  -5.3628429063E+01 +-    8.6260752294E-01   
v sigtau                       2.00000000E-02  -1.3554717698E+02 +-    7.5265171403E-01   
v tensor                       2.00000000E-02   2.5538572745E+01 +-    4.3100386119E-01   
v tenstau                      2.00000000E-02  -1.1968851216E+02 +-    2.8626670370E+00   
v ls                           2.00000000E-02   0.0000000000E+00 +-    0.0000000000E+00   
v lstau                        2.00000000E-02   0.0000000000E+00 +-    0.0000000000E+00   
vpot v6                        2.00000000E-02  -2.7093883688E+02 +-    4.4127958687E+00   
vpot v8                        2.00000000E-02  -2.7093883688E+02 +-    4.4127958687E+00   
v coulomb                      2.00000000E-02   1.2220284387E+00 +-    8.8278728376E-03   
v external                     2.00000000E-02   0.0000000000E+00 +-    0.0000000000E+00   
tni 2pipr-anticomm             2.00000000E-02   0.0000000000E+00 +-    0.0000000000E+00   
tni vd1pr                      2.00000000E-02   0.0000000000E+00 +-    0.0000000000E+00   
tni vepr                       2.00000000E-02   0.0000000000E+00 +-    0.0000000000E+00   
tni central                    2.00000000E-02   0.0000000000E+00 +-    0.0000000000E+00   
tni 2pixx-anticommutator       2.00000000E-02   0.0000000000E+00 +-    0.0000000000E+00   
tni 2pixd-anticommutator       2.00000000E-02   0.0000000000E+00 +-    0.0000000000E+00   
tni 2pidd-anticommutator       2.00000000E-02   0.0000000000E+00 +-    0.0000000000E+00   
tni 2pixx-commutator           2.00000000E-02   0.0000000000E+00 +-    0.0000000000E+00   
tni 2pixd-commutator           2.00000000E-02   0.0000000000E+00 +-    0.0000000000E+00   
tni 2pidd-commutator           2.00000000E-02   0.0000000000E+00 +-    0.0000000000E+00   
tni 2pi-tm                     2.00000000E-02   0.0000000000E+00 +-    0.0000000000E+00   
tni vd1                        2.00000000E-02   0.0000000000E+00 +-    0.0000000000E+00   
tni vd2                        2.00000000E-02   0.0000000000E+00 +-    0.0000000000E+00   
tni ve                         2.00000000E-02   0.0000000000E+00 +-    0.0000000000E+00   
vpottot v8+tni                 2.00000000E-02  -2.7093883688E+02 +-    4.4127958687E+00   
enetot v8+tni                  2.00000000E-02   1.8993091216E+01 +-    1.4163087487E+00   
vper cent                      2.00000000E-02   2.7750901094E+01 +-    3.2447869510E+00   
vper tau                       2.00000000E-02  -1.5364192520E+01 +-    7.2268430321E-01   
vper sigma                     2.00000000E-02  -5.3628429063E+01 +-    8.6260752294E-01   
vper sigtau                    2.00000000E-02  -1.3554717698E+02 +-    7.5265171403E-01   
vper tensor                    2.00000000E-02   2.5538572745E+01 +-    4.3100386119E-01   
vper tenstau                   2.00000000E-02  -1.1968851216E+02 +-    2.8626670370E+00   
vper ls                        2.00000000E-02   0.0000000000E+00 +-    0.0000000000E+00   
vper lstau                     2.00000000E-02   0.0000000000E+00 +-    0.0000000000E+00   
vpotper v6                     2.00000000E-02  -2.7093883688E+02 +-    4.4127958687E+00   
vpotper v8                     2.00000000E-02  -2.7093883688E+02 +-    4.4127958687E+00   
vpotv6pr-vpotv6per diff        2.00000000E-02   0.0000000000E+00 +-    0.0000000000E+00   
vpotv8pr-vpotv8per diff        2.00000000E-02   0.0000000000E+00 +-    0.0000000000E+00   
2piapr-2pia diff               2.00000000E-02   0.0000000000E+00 +-    0.0000000000E+00   
vd1pr-vd1 diff                 2.00000000E-02   0.0000000000E+00 +-    0.0000000000E+00   
vepr-ve diff                   2.00000000E-02   0.0000000000E+00 +-    0.0000000000E+00   
diff1 2piapr-2pia-2picxx       2.00000000E-02   0.0000000000E+00 +-    0.0000000000E+00   
diff2 vd1pr-vd1-2picxd         2.00000000E-02   0.0000000000E+00 +-    0.0000000000E+00   
diff3 vepr-ve-2picdd           2.00000000E-02   0.0000000000E+00 +-    0.0000000000E+00   
sum diff1+dif2+diff3           2.00000000E-02   0.0000000000E+00 +-    0.0000000000E+00   
proton rms                     2.00000000E-02   9.3810826102E-01 +-    5.5443384922E-03   
neutron rms                    2.00000000E-02   1.0921450751E+00 +-    1.0180903965E-02   
total rms                      2.00000000E-02   1.0313381118E+00 +-    5.4987352036E-03   
neutron-proton rms             2.00000000E-02   1.5403681408E-01 +-    9.0543173107E-03   
GT sigXtau+                    2.00000000E-02  -2.0696455540E-03 +-    4.7306124965E-05   
GT sigYtau+                    2.00000000E-02   1.7088106848E-03 +-    4.8003747443E-05   
GT sigZtau+                    2.00000000E-02  -3.9564700949E-04 +-    2.6834410532E-05   
GT sigXtau-                    2.00000000E-02   4.0948598670E-03 +-    4.8654872302E-05   
GT sigYtau-                    2.00000000E-02  -1.5832911847E-03 +-    3.4066303543E-05   
GT sigZtau-                    2.00000000E-02   2.8750039112E-03 +-    6.0557880135E-05   
F tau+                         2.00000000E-02  -1.8131659101E-18 +-    8.4942707533E-20   
F tau-                         2.00000000E-02   1.5331092605E-18 +-    1.1195162302E-19   
Psi**2                         2.00000000E-02   6.2236492681E-06 +-    1.7007461355E-06   
single crossing/step           2.00000000E-02   8.4674773351E-03 +-    4.3859638269E-05   
global crossing/step           2.00000000E-02   8.2750138390E-03 +-    8.6725044205E-05   
energy numerator(real)         2.00000000E-02  -1.2742923012E+00 +-    9.9785782260E-01   
denominator psit/psigi(real)   2.00000000E-02  -2.1431811121E-02 +-    1.3207220194E-02   
energy numerator(aimag)        2.00000000E-02   7.8306738793E-01 +-    7.1436226952E-01   
denominator psit/psigi(aimag)  2.00000000E-02  -1.6849427888E-02 +-    8.9505194930E-03   
growth(lin dt) energy          2.00000000E-02  -2.9908867992E+02 +-    6.1896706796E+00   
growth(global) energy          2.00000000E-02  -2.8904423964E+02 +-    1.3173226888E+01
growth energy                  2.00000000E-02  -2.9861447624E+02 +-    6.1591546190E+00
Time for propagation (sec) (min) =          21.826      0.364
Time for energies (sec) (min) =              0.792      0.013
Time for load balancing (sec) (min) =        0.029      0.000
Time for block (sec) (min) =                23.144      0.386
Time for operators (sec) (min) =             0.027      0.000
Elapsed block time (sec) (min) =           181.423      3.024
 
 walkers multiplicity, block, total
   0          58146         405073
   1         999124        7877087
   2          57219         398498
   3            567           2997
   4             96            539
   5             49            202
   6             11             68
   7             12             40
   8              3             25
   9              1              6
  10              0             12
  11              0              5
  12              1              4
  13              1              8
  14              1              3
  17              0              4
  19              0              2
  20              0              3
 
 

iteration =                               9
walker number =                       11851
total energy-propagated        2.25000000E-02   1.5550379386E+02 +-    2.0350986527E+00   
kinetic energy                 2.25000000E-02   7.9111057610E+02 +-    6.9082412611E+00   
potential energy               2.25000000E-02  -6.3560678224E+02 +-    6.3309304116E+00   
im energy                      2.25000000E-02  -8.2751784097E+00 +-    1.3738885955E+00   
imkin energy                   2.25000000E-02   5.8268924927E+01 +-    3.4596887402E+00   
impot energy                   2.25000000E-02  -6.6544103337E+01 +-    3.0991766774E+00   
v cent                         2.25000000E-02  -6.4677929683E+01 +-    4.9398312816E+00   
v tau                          2.25000000E-02  -3.7361034796E+01 +-    2.0453503869E+00   
v sigma                        2.25000000E-02   7.9385449772E+00 +-    7.6736206146E-01   
v sigtau                       2.25000000E-02  -1.1069847264E+02 +-    9.7238247105E-01   
v tensor                       2.25000000E-02   1.3787849414E+01 +-    6.2511082869E-01   
v tenstau                      2.25000000E-02  -4.4459573951E+02 +-    4.8300034926E+00   
v ls                           2.25000000E-02   0.0000000000E+00 +-    0.0000000000E+00   
v lstau                        2.25000000E-02   0.0000000000E+00 +-    0.0000000000E+00   
vpot v6                        2.25000000E-02  -6.3560678224E+02 +-    6.3309304116E+00   
vpot v8                        2.25000000E-02  -6.3560678224E+02 +-    6.3309304116E+00   
v coulomb                      2.25000000E-02   1.3918293478E+00 +-    1.1757771675E-02   
v external                     2.25000000E-02   0.0000000000E+00 +-    0.0000000000E+00   
tni 2pipr-anticomm             2.25000000E-02   0.0000000000E+00 +-    0.0000000000E+00   
tni vd1pr                      2.25000000E-02   0.0000000000E+00 +-    0.0000000000E+00   
tni vepr                       2.25000000E-02   0.0000000000E+00 +-    0.0000000000E+00   
tni central                    2.25000000E-02   0.0000000000E+00 +-    0.0000000000E+00   
tni 2pixx-anticommutator       2.25000000E-02   0.0000000000E+00 +-    0.0000000000E+00   
tni 2pixd-anticommutator       2.25000000E-02   0.0000000000E+00 +-    0.0000000000E+00   
tni 2pidd-anticommutator       2.25000000E-02   0.0000000000E+00 +-    0.0000000000E+00   
tni 2pixx-commutator           2.25000000E-02   0.0000000000E+00 +-    0.0000000000E+00   
tni 2pixd-commutator           2.25000000E-02   0.0000000000E+00 +-    0.0000000000E+00   
tni 2pidd-commutator           2.25000000E-02   0.0000000000E+00 +-    0.0000000000E+00   
tni 2pi-tm                     2.25000000E-02   0.0000000000E+00 +-    0.0000000000E+00   
tni vd1                        2.25000000E-02   0.0000000000E+00 +-    0.0000000000E+00   
tni vd2                        2.25000000E-02   0.0000000000E+00 +-    0.0000000000E+00   
tni ve                         2.25000000E-02   0.0000000000E+00 +-    0.0000000000E+00   
vpottot v8+tni                 2.25000000E-02  -6.3560678224E+02 +-    6.3309304116E+00   
enetot v8+tni                  2.25000000E-02   1.5550379386E+02 +-    2.0350986527E+00   
vper cent                      2.25000000E-02  -6.4677929683E+01 +-    4.9398312816E+00   
vper tau                       2.25000000E-02  -3.7361034796E+01 +-    2.0453503869E+00   
vper sigma                     2.25000000E-02   7.9385449772E+00 +-    7.6736206146E-01   
vper sigtau                    2.25000000E-02  -1.1069847264E+02 +-    9.7238247105E-01   
vper tensor                    2.25000000E-02   1.3787849414E+01 +-    6.2511082869E-01   
vper tenstau                   2.25000000E-02  -4.4459573951E+02 +-    4.8300034926E+00   
vper ls                        2.25000000E-02   0.0000000000E+00 +-    0.0000000000E+00   
vper lstau                     2.25000000E-02   0.0000000000E+00 +-    0.0000000000E+00   
vpotper v6                     2.25000000E-02  -6.3560678224E+02 +-    6.3309304116E+00   
vpotper v8                     2.25000000E-02  -6.3560678224E+02 +-    6.3309304116E+00   
vpotv6pr-vpotv6per diff        2.25000000E-02   0.0000000000E+00 +-    0.0000000000E+00   
vpotv8pr-vpotv8per diff        2.25000000E-02   0.0000000000E+00 +-    0.0000000000E+00   
2piapr-2pia diff               2.25000000E-02   0.0000000000E+00 +-    0.0000000000E+00   
vd1pr-vd1 diff                 2.25000000E-02   0.0000000000E+00 +-    0.0000000000E+00   
vepr-ve diff                   2.25000000E-02   0.0000000000E+00 +-    0.0000000000E+00   
diff1 2piapr-2pia-2picxx       2.25000000E-02   0.0000000000E+00 +-    0.0000000000E+00   
diff2 vd1pr-vd1-2picxd         2.25000000E-02   0.0000000000E+00 +-    0.0000000000E+00   
diff3 vepr-ve-2picdd           2.25000000E-02   0.0000000000E+00 +-    0.0000000000E+00   
sum diff1+dif2+diff3           2.25000000E-02   0.0000000000E+00 +-    0.0000000000E+00   
proton rms                     2.25000000E-02   4.7716602783E-01 +-    1.4223675236E-02   
neutron rms                    2.25000000E-02   1.1111115098E+00 +-    1.3734957274E-02   
total rms                      2.25000000E-02   8.0555597582E-01 +-    1.1384592494E-02   
neutron-proton rms             2.25000000E-02   6.3394548195E-01 +-    1.3278264257E-02   
GT sigXtau+                    2.25000000E-02  -5.6499192231E-03 +-    9.4372875791E-05   
GT sigYtau+                    2.25000000E-02  -1.8368868917E-04 +-    9.8094953265E-05   
GT sigZtau+                    2.25000000E-02   4.9546699725E-04 +-    1.0694540492E-04   
GT sigXtau-                    2.25000000E-02   3.1353916991E-03 +-    5.5745289133E-05   
GT sigYtau-                    2.25000000E-02  -3.6261990051E-03 +-    8.2671120957E-05   
GT sigZtau-                    2.25000000E-02   7.1129499207E-03 +-    1.1915641937E-04   
F tau+                         2.25000000E-02   6.1100058453E-18 +-    4.6364785110E-20   
F tau-                         2.25000000E-02  -7.3326731488E-19 +-    1.0490958322E-19   
Psi**2                         2.25000000E-02   1.7879620510E-04 +-    1.7124040357E-06   
single crossing/step           2.25000000E-02   8.3588623841E-03 +-    4.3492847290E-05   
global crossing/step           2.25000000E-02   8.2000284806E-03 +-    8.6162185580E-05   
energy numerator(real)         2.25000000E-02  -2.3255721550E+00 +-    9.7199551701E-01   
denominator psit/psigi(real)   2.25000000E-02  -1.6184258978E-02 +-    1.3166922611E-02   
energy numerator(aimag)        2.25000000E-02  -1.6949682857E+00 +-    6.5379216041E-01   
denominator psit/psigi(aimag)  2.25000000E-02  -8.5817608111E-03 +-    9.0666158622E-03   
growth(lin dt) energy          2.25000000E-02  -2.7022791008E+02 +-    5.9601666952E+00   
growth(global) energy          2.25000000E-02  -2.7123334281E+02 +-    1.1855654332E+01
growth energy                  2.25000000E-02  -2.6988346754E+02 +-    5.9350602154E+00
Time for propagation (sec) (min) =          21.917      0.365
Time for energies (sec) (min) =              0.833      0.014
Time for load balancing (sec) (min) =        0.029      0.000
Time for block (sec) (min) =                23.255      0.388
Time for operators (sec) (min) =             0.030      0.000
Elapsed block time (sec) (min) =           204.717      3.412
 
 walkers multiplicity, block, total
   0          57055         462128
   1        1005697        8882784
   2          56227         454725
   3            442           3439
   4             71            610
   5             30            232
   6             12             80
   7             10             50
   8              3             28
   9              1              7
  10              1             13
  11              0              5
  12              1              5
  13              0              8
  14              0              3
  17              0              4
  19              0              2
  20              1              4
 
 

iteration =                              10
walker number =                       11423
total energy-propagated        2.50000000E-02   5.1303169523E+02 +-    4.1934987134E+00   
kinetic energy                 2.50000000E-02   2.1313054061E+03 +-    2.1235685586E+01   
potential energy               2.50000000E-02  -1.6182737109E+03 +-    1.8078931552E+01   
im energy                      2.50000000E-02   2.8049122268E+01 +-    2.8664591418E+00   
imkin energy                   2.50000000E-02  -5.7365345967E+01 +-    8.3982052934E+00   
impot energy                   2.50000000E-02   8.5414468235E+01 +-    6.4158969845E+00   
v cent                         2.50000000E-02   2.4707513853E+02 +-    5.2401224700E+00   
v tau                          2.50000000E-02  -2.9014669695E+02 +-    2.9793403004E+00   
v sigma                        2.50000000E-02   3.0037646147E+02 +-    4.0916693932E+00   
v sigtau                       2.50000000E-02   1.2935009268E+02 +-    3.5630383178E+00   
v tensor                       2.50000000E-02   1.1450978105E+02 +-    1.2375833642E+00   
v tenstau                      2.50000000E-02  -2.1194384877E+03 +-    2.0832544524E+01   
v ls                           2.50000000E-02   0.0000000000E+00 +-    0.0000000000E+00   
v lstau                        2.50000000E-02   0.0000000000E+00 +-    0.0000000000E+00   
vpot v6                        2.50000000E-02  -1.6182737109E+03 +-    1.8078931552E+01   
vpot v8                        2.50000000E-02  -1.6182737109E+03 +-    1.8078931552E+01   
v coulomb                      2.50000000E-02   5.5657571262E-01 +-    6.0457836635E-03   
v external                     2.50000000E-02   0.0000000000E+00 +-    0.0000000000E+00   
tni 2pipr-anticomm             2.50000000E-02   0.0000000000E+00 +-    0.0000000000E+00   
tni vd1pr                      2.50000000E-02   0.0000000000E+00 +-    0.0000000000E+00   
tni vepr                       2.50000000E-02   0.0000000000E+00 +-    0.0000000000E+00   
tni central                    2.50000000E-02   0.0000000000E+00 +-    0.0000000000E+00   
tni 2pixx-anticommutator       2.50000000E-02   0.0000000000E+00 +-    0.0000000000E+00   
tni 2pixd-anticommutator       2.50000000E-02   0.0000000000E+00 +-    0.0000000000E+00   
tni 2pidd-anticommutator       2.50000000E-02   0.0000000000E+00 +-    0.0000000000E+00   
tni 2pixx-commutator           2.50000000E-02   0.0000000000E+00 +-    0.0000000000E+00   
tni 2pixd-commutator           2.50000000E-02   0.0000000000E+00 +-    0.0000000000E+00   
tni 2pidd-commutator           2.50000000E-02   0.0000000000E+00 +-    0.0000000000E+00   
tni 2pi-tm                     2.50000000E-02   0.0000000000E+00 +-    0.0000000000E+00   
tni vd1                        2.50000000E-02   0.0000000000E+00 +-    0.0000000000E+00   
tni vd2                        2.50000000E-02   0.0000000000E+00 +-    0.0000000000E+00   
tni ve                         2.50000000E-02   0.0000000000E+00 +-    0.0000000000E+00   
vpottot v8+tni                 2.50000000E-02  -1.6182737109E+03 +-    1.8078931552E+01   
enetot v8+tni                  2.50000000E-02   5.1303169523E+02 +-    4.1934987134E+00   
vper cent                      2.50000000E-02   2.4707513853E+02 +-    5.2401224700E+00   
vper tau                       2.50000000E-02  -2.9014669695E+02 +-    2.9793403004E+00   
vper sigma                     2.50000000E-02   3.0037646147E+02 +-    4.0916693932E+00   
vper sigtau                    2.50000000E-02   1.2935009268E+02 +-    3.5630383178E+00   
vper tensor                    2.50000000E-02   1.1450978105E+02 +-    1.2375833642E+00   
vper tenstau                   2.50000000E-02  -2.1194384877E+03 +-    2.0832544524E+01   
vper ls                        2.50000000E-02   0.0000000000E+00 +-    0.0000000000E+00   
vper lstau                     2.50000000E-02   0.0000000000E+00 +-    0.0000000000E+00   
vpotper v6                     2.50000000E-02  -1.6182737109E+03 +-    1.8078931552E+01   
vpotper v8                     2.50000000E-02  -1.6182737109E+03 +-    1.8078931552E+01   
vpotv6pr-vpotv6per diff        2.50000000E-02   0.0000000000E+00 +-    0.0000000000E+00   
vpotv8pr-vpotv8per diff        2.50000000E-02   0.0000000000E+00 +-    0.0000000000E+00   
2piapr-2pia diff               2.50000000E-02   0.0000000000E+00 +-    0.0000000000E+00   
vd1pr-vd1 diff                 2.50000000E-02   0.0000000000E+00 +-    0.0000000000E+00   
vepr-ve diff                   2.50000000E-02   0.0000000000E+00 +-    0.0000000000E+00   
diff1 2piapr-2pia-2picxx       2.50000000E-02   0.0000000000E+00 +-    0.0000000000E+00   
diff2 vd1pr-vd1-2picxd         2.50000000E-02   0.0000000000E+00 +-    0.0000000000E+00   
diff3 vepr-ve-2picdd           2.50000000E-02   0.0000000000E+00 +-    0.0000000000E+00   
sum diff1+dif2+diff3           2.50000000E-02   0.0000000000E+00 +-    0.0000000000E+00   
proton rms                     2.50000000E-02  -4.9727149267E-02 +-    4.2166129505E-02   
neutron rms                    2.50000000E-02  -6.6863837589E-01 +-    3.5536692821E-02   
total rms                      2.50000000E-02  -2.9374161087E-01 +-    3.5277182034E-02   
neutron-proton rms             2.50000000E-02  -6.1891122663E-01 +-    2.3768629893E-02   
GT sigXtau+                    2.50000000E-02   2.0203251489E-02 +-    2.0080773942E-04   
GT sigYtau+                    2.50000000E-02   6.8654600255E-03 +-    1.6950647122E-04   
GT sigZtau+                    2.50000000E-02  -5.3083993323E-03 +-    1.2326066945E-04   
GT sigXtau-                    2.50000000E-02  -1.6423422557E-02 +-    1.7274490244E-04   
GT sigYtau-                    2.50000000E-02  -8.9470447867E-03 +-    1.7743745736E-04   
GT sigZtau-                    2.50000000E-02   2.4430014944E-02 +-    2.6238905282E-04   
F tau+                         2.50000000E-02  -9.8278094883E-18 +-    1.4859862436E-19   
F tau-                         2.50000000E-02  -4.0122419888E-18 +-    1.7630211349E-19   
Psi**2                         2.50000000E-02  -1.1348136320E-04 +-    5.4280799884E-06   
single crossing/step           2.50000000E-02   9.0625423209E-03 +-    4.5479097611E-05   
global crossing/step           2.50000000E-02   8.8386734804E-03 +-    8.9837861923E-05   
energy numerator(real)         2.50000000E-02  -1.5831540046E+00 +-    9.2940768683E-01   
denominator psit/psigi(real)   2.50000000E-02  -4.3851434242E-03 +-    1.3257609372E-02   
energy numerator(aimag)        2.50000000E-02  -2.6251654070E+00 +-    6.5310317755E-01   
denominator psit/psigi(aimag)  2.50000000E-02  -3.4795554482E-03 +-    9.1873532208E-03   
growth(lin dt) energy          2.50000000E-02  -3.0677913607E+02 +-    6.4112123452E+00   
growth(global) energy          2.50000000E-02  -3.1416798690E+02 +-    1.3632522365E+01
growth energy                  2.50000000E-02  -3.0626687439E+02 +-    6.3783662058E+00
Time for propagation (sec) (min) =          21.718      0.362
Time for energies (sec) (min) =              0.803      0.013
Time for load balancing (sec) (min) =        0.028      0.000
Time for block (sec) (min) =                23.053      0.384
Time for operators (sec) (min) =             0.024      0.000
Elapsed block time (sec) (min) =           227.794      3.797
 
 walkers multiplicity, block, total
   0          59822         521950
   1        1003449        9886233
   2          57476         512201
   3            572           4011
   4            123            733
   5             31            263
   6             10             90
   7              6             56
   8              7             35
   9              6             13
  10              1             14
  11              2              7
  12              0              5
  13              0              8
  14              0              3
  15              1              1
  17              0              4
  18              1              1
  19              0              2
  20              2              6
 
 

Time for steps      =     227.803 seconds,        3.797 minutes
Master Time for steps =     227.618 seconds,        3.794 minutes

Number of cpus =       100
Total job time =     234.575 seconds,        3.910 minutes,        0.065 hours
Total cpu-time =     390.958 minutes,        6.516 hours
Total time =         234.365 seconds,        3.906 minutes,        0.065 hours
Finished!
