Unconstrained Diffusion Monte Carlo Run -- no drift
!-!-!-!-!-!-!-!-!-!-!-!-!-!-!-!-!-!-!-!-!-!-!-!-!-!
MPI parameters:
Number of boss cpus =                         100
Number of worker cpus for each boss =           0
Total number of cpus =                        100
Simulation parameters:
random number seed =                          321
hbar^2/2m =                              20.73554
start from sites =                              F
nwalk =                                     10000
equilibration blocks =                          0
averaging blocks =                             10
nsteps/blocks =                               100
time step =                          0.0000250000
time step rotations (vmc) =          0.1700000000
trial energy =                          -26.00000
drift cutoff =                            0.00000
drastic population control up =           1.20000
drastic population control down =         0.80000
rebalance if walkers fluctuate more than   2.00 %
weight cut off =                         20.00000
table size =                                 8000
!-!-!-!-!-!-!-!-!-!-!-!-!-!-!-!-!-!-!-!-!-!-!-!-!-!
System parameters:
lpot =                                         11
lpotper =                                      11
potential  =                          argonne v6'
potentialpr =                         argonne v6'
Coulomb included in energy-propagation          F
multiply central v by =                   1.00000
multiply tau v by =                       1.00000
multiply sigma v by =                     1.00000
multiply sigma tau v by =                 1.00000
multiply tensor v by =                    1.00000
multiply tensor tau v by =                1.00000
multiply spin-orbit v by =                0.00000
multiply spin-orbit tau v by =            0.00000
three-body potential =                        no3
ibox (0 is nearest image) =                     0
!-!-!-!-!-!-!-!-!-!-!-!-!-!-!-!-!-!-!-!-!-!-!-!-!-!
propagate LS =                                  F
calculate LS =                                  F
type of correlations =           independent pair
scale orbital   1 with factor    1.14000
determinant # 1
coefficient                     1.00000   0.00000
1  1  0  1  alpha.orb    # 2J,2M,L,tau radial_file for state                    
1 -1  0  1  alpha.orb    # 2J,2M,L,tau radial_file for state                    
1  1  0 -1  alpha.orb    # 2J,2M,L,tau radial_file for state                    
1 -1  0 -1  alpha.orb    # 2J,2M,L,tau radial_file for state                    
rescaled coefficient            1.00000   0.00000
!-!-!-!-!-!-!-!-!-!-!-!-!-!-!-!-!-!-!-!-!-!-!-!-!-!
No external potential
!-!-!-!-!-!-!-!-!-!-!-!-!-!-!-!-!-!-!-!-!-!-!-!-!-!
rcut in pair sampling =                   1.00000
acut in pair sampling =                   5.00000
a constant in psig =                      0.20000
Number of protons =                             2
Number of neutrons =                            2
range of the potential =                 20.00000
!-!-!-!-!-!-!-!-!-!-!-!-!-!-!-!-!-!-!-!-!-!-!-!-!-!
do V3 =                                         F
three body force =                            no3
three body a2piPwa =                      0.000000000000000
three body a2piPwc =                      0.000000000000000
three body a2piSw =                       0.000000000000000
three body Vd,C,c3 =                      0.000000000000000
three body Ve,C,c3 =                      0.000000000000000
three body A_R =                          0.000000000000000
three body Vd1 =                          0.000000000000000
three body Vd2 =                          0.000000000000000
three body Ve =                           0.000000000000000
propagator: multiply the antic by =       0.000000000000000
propagator: multiply the Vd1 by =         0.000000000000000
propagator: multiply the Ve by =          0.000000000000000
propagator: three body a2piPW =           0.000000000000000
!-!-!-!-!-!-!-!-!-!-!-!-!-!-!-!-!-!-!-!-!-!-!-!-!-!
jastrow healing distance dc =             4.47768
jastrow healing distance dtn =           11.57317
jastrow rho =                             0.01000
potential quencher acn (v1) =             1.50851
potential quencher at  (v2) =             6.06936
potential quencher as  (v3) =             2.76780
potential quencher ast (v4) =             0.80880
potential quencher atn (v5) =             0.61864
potential quencher atn (v6) =             0.20141
potential quencher als (v7) =             0.00000
potential quencher alst (v8) =            0.00000
correlation quencher bt (f2) =            0.26685
correlation quencher bs (f3) =           -0.10565
correlation quencher bst (f4) =           0.42277
correlation quencher btn (f5) =           1.08683
correlation quencher btn (f6) =           4.44810
correlation quencher bls (f7) =           0.00000
correlation quencher blst (f8) =          0.00000
!-!-!-!-!-!-!-!-!-!-!-!-!-!-!-!-!-!-!-!-!-!-!-!-!-!
q1c parameter in f3c =                   12.87526
q2c parameter in f3c =                    1.60340
q1p parameter in f3p =                   -1.81620
q2p parameter in f3p =                    2.14789
!-!-!-!-!-!-!-!-!-!-!-!-!-!-!-!-!-!-!-!-!-!-!-!-!-!
rscal parameter in Uijk cent =            1.00000
rscal parameter in Uijk xpi =             1.00000
rscal parameter in Uijk delta =           1.00000
eps_c parameter in Uijk =                 0.00000
eps_anti parameter in Uijk =              0.00000
eps_tm parameter in Uijk =                0.00000
eps_vd1 parameter in Uijk =               0.00000
eps_vd2 parameter in Uijk =               0.00000
eps_vdc3 parameter in Uijk =              0.00000
eps_vec3 parameter in Uijk =              0.00000
eps_ve parameter in Uijk =                0.00000
eps_comm parameter in Uijk =              0.00000
eps_comm-XD parameter in Uijk =           0.00000
eps_comm-DD parameter in Uijk =           0.00000
TNI-comm correlation included =                 F
!-!-!-!-!-!-!-!-!-!-!-!-!-!-!-!-!-!-!-!-!-!-!-!-!-!
CSB correlation rscalpp =                 1.00000
CSB correlation rscalnn =                 1.00000
CSB correlation quencher pp =             0.00000
CSB correlation quencher nn =             0.00000
CSB correlation included =                      F
!-!-!-!-!-!-!-!-!-!-!-!-!-!-!-!-!-!-!-!-!-!-!-!-!-!
jastrow initialized
!-!-!-!-!-!-!-!-!-!-!-!-!-!-!-!-!-!-!-!-!-!-!-!-!-!
Symmetrize V6 in the propagator =               T
New propagation of Vlstau and commutator included!
Coulomb included in energy (and propag)         F
Initial walkers from file
Number of walkers =                          9560
Configurations at tau =              0.3625000000
Reset tau =                          0.0000000000
!-!-!-!-!-!-!-!-!-!-!-!-!-!-!-!-!-!-!-!-!-!-!-!-!-!
Time for reading configurations (sec.) =       1.08
!-!-!-!-!-!-!-!-!-!-!-!-!-!-!-!-!-!-!-!-!-!-!-!-!-!
Initial configurations:
total energy-propagated        0.00000000E+00  -2.6479540087E+01 +-    3.3278773277E-01   
kinetic energy                 0.00000000E+00   1.0802360255E+02 +-    1.5904820583E+00   
potential energy               0.00000000E+00  -1.3450314263E+02 +-    1.5516122013E+00   
v cent                         0.00000000E+00   1.5663484084E+01 +-    1.4526024889E+00   
v tau                          0.00000000E+00  -7.4154474551E+00 +-    2.0871202408E-01   
v sigma                        0.00000000E+00  -8.3043364993E+00 +-    2.2744338125E-01   
v sigtau                       0.00000000E+00  -6.0359761875E+01 +-    5.2655353736E-01   
v tensor                       0.00000000E+00   4.8058376078E-01 +-    1.1957537617E-01   
v tenstau                      0.00000000E+00  -7.4567664649E+01 +-    9.1467609740E-01   
v ls                           0.00000000E+00   0.0000000000E+00 +-    0.0000000000E+00   
v lstau                        0.00000000E+00   0.0000000000E+00 +-    0.0000000000E+00   
v coulomb                      0.00000000E+00   7.3616246182E-01 +-    2.6615282005E-03   
v external                     0.00000000E+00   0.0000000000E+00 +-    0.0000000000E+00   
tni 2pipr-anticomm             0.00000000E+00   0.0000000000E+00 +-    0.0000000000E+00   
tni vd1pr                      0.00000000E+00   0.0000000000E+00 +-    0.0000000000E+00   
tni vepr                       0.00000000E+00   0.0000000000E+00 +-    0.0000000000E+00   
tni central                    0.00000000E+00   0.0000000000E+00 +-    0.0000000000E+00   
tni 2pixx-anticommutator       0.00000000E+00   0.0000000000E+00 +-    0.0000000000E+00   
tni 2pixd-anticommutator       0.00000000E+00   0.0000000000E+00 +-    0.0000000000E+00   
tni 2pidd-anticommutator       0.00000000E+00   0.0000000000E+00 +-    0.0000000000E+00   
tni 2pixx-commutator           0.00000000E+00   0.0000000000E+00 +-    0.0000000000E+00   
tni 2pixd-commutator           0.00000000E+00   0.0000000000E+00 +-    0.0000000000E+00   
tni 2pidd-commutator           0.00000000E+00   0.0000000000E+00 +-    0.0000000000E+00   
tni 2pi-tm                     0.00000000E+00   0.0000000000E+00 +-    0.0000000000E+00   
tni vd1                        0.00000000E+00   0.0000000000E+00 +-    0.0000000000E+00   
tni vd2                        0.00000000E+00   0.0000000000E+00 +-    0.0000000000E+00   
tni ve                         0.00000000E+00   0.0000000000E+00 +-    0.0000000000E+00   
enetot v8+tni                  0.00000000E+00  -2.6479540087E+01 +-    3.3278773277E-01   
!-!-!-!-!-!-!-!-!-!-!-!-!-!-!-!-!-!-!-!-!-!-!-!-!-!
Psi**2 of initial configurations  =   0.2710139E-04  0.0000000E+00  +-    0.6478277E-06  0.0000000E+00
Psig**2 of initial configurations =   0.1803900E-04  0.0000000E+00  +-    0.4995151E-06  0.0000000E+00
!-!-!-!-!-!-!-!-!-!-!-!-!-!-!-!-!-!-!-!-!-!-!-!-!-!
T**2 of initial configurations  =  -0.1800241E-07  0.1022985E-08
Tz of initial configurations    =   0.7579577E-14 -0.1901487E-13
J**2 of initial configurations  =   0.3044229E-07  0.1728656E-09
Jz of initial configurations    =  -0.1796397E-13 -0.1697357E-13
!-!-!-!-!-!-!-!-!-!-!-!-!-!-!-!-!-!-!-!-!-!-!-!-!-!
!-!-!-!-!-!-!-!-!-!-!-!-!-!-!-!-!-!-!-!-!-!-!-!-!-!
Time to process initial configurations (sec.) =       1.67
!-!-!-!-!-!-!-!-!-!-!-!-!-!-!-!-!-!-!-!-!-!-!-!-!-!

equilibration done

iteration =                               1
walker number =                       10547
total energy-propagated        2.50000000E-03  -2.7793659831E+01 +-    3.4132165676E-01   
kinetic energy                 2.50000000E-03   1.0651922472E+02 +-    1.6982060024E+00   
potential energy               2.50000000E-03  -1.3431288455E+02 +-    1.6554906561E+00   
im energy                      2.50000000E-03  -6.2899317243E-01 +-    2.3004844200E-01   
imkin energy                   2.50000000E-03   1.0336572989E-01 +-    4.8703980877E-01   
impot energy                   2.50000000E-03  -7.3235890232E-01 +-    4.5222064031E-01   
v cent                         2.50000000E-03   2.3521366214E+01 +-    1.5596980630E+00   
v tau                          2.50000000E-03  -7.3731214074E+00 +-    2.3298180981E-01   
v sigma                        2.50000000E-03  -9.6863835738E+00 +-    2.4999926307E-01   
v sigtau                       2.50000000E-03  -6.5326482481E+01 +-    5.2437198351E-01   
v tensor                       2.50000000E-03   5.6926866134E-02 +-    1.2706561005E-01   
v tenstau                      2.50000000E-03  -7.5505190171E+01 +-    9.5358530461E-01   
v ls                           2.50000000E-03   0.0000000000E+00 +-    0.0000000000E+00   
v lstau                        2.50000000E-03   0.0000000000E+00 +-    0.0000000000E+00   
vpot v6                        2.50000000E-03  -1.3431288455E+02 +-    1.6554906561E+00   
vpot v8                        2.50000000E-03  -1.3431288455E+02 +-    1.6554906561E+00   
v coulomb                      2.50000000E-03   7.6405506028E-01 +-    2.5409436638E-03   
v external                     2.50000000E-03   0.0000000000E+00 +-    0.0000000000E+00   
tni 2pipr-anticomm             2.50000000E-03   0.0000000000E+00 +-    0.0000000000E+00   
tni vd1pr                      2.50000000E-03   0.0000000000E+00 +-    0.0000000000E+00   
tni vepr                       2.50000000E-03   0.0000000000E+00 +-    0.0000000000E+00   
tni central                    2.50000000E-03   0.0000000000E+00 +-    0.0000000000E+00   
tni 2pixx-anticommutator       2.50000000E-03   0.0000000000E+00 +-    0.0000000000E+00   
tni 2pixd-anticommutator       2.50000000E-03   0.0000000000E+00 +-    0.0000000000E+00   
tni 2pidd-anticommutator       2.50000000E-03   0.0000000000E+00 +-    0.0000000000E+00   
tni 2pixx-commutator           2.50000000E-03   0.0000000000E+00 +-    0.0000000000E+00   
tni 2pixd-commutator           2.50000000E-03   0.0000000000E+00 +-    0.0000000000E+00   
tni 2pidd-commutator           2.50000000E-03   0.0000000000E+00 +-    0.0000000000E+00   
tni 2pi-tm                     2.50000000E-03   0.0000000000E+00 +-    0.0000000000E+00   
tni vd1                        2.50000000E-03   0.0000000000E+00 +-    0.0000000000E+00   
tni vd2                        2.50000000E-03   0.0000000000E+00 +-    0.0000000000E+00   
tni ve                         2.50000000E-03   0.0000000000E+00 +-    0.0000000000E+00   
vpottot v8+tni                 2.50000000E-03  -1.3431288455E+02 +-    1.6554906561E+00   
enetot v8+tni                  2.50000000E-03  -2.7793659831E+01 +-    3.4132165676E-01   
vper cent                      2.50000000E-03   2.3521366214E+01 +-    1.5596980630E+00   
vper tau                       2.50000000E-03  -7.3731214074E+00 +-    2.3298180981E-01   
vper sigma                     2.50000000E-03  -9.6863835738E+00 +-    2.4999926307E-01   
vper sigtau                    2.50000000E-03  -6.5326482481E+01 +-    5.2437198351E-01   
vper tensor                    2.50000000E-03   5.6926866134E-02 +-    1.2706561005E-01   
vper tenstau                   2.50000000E-03  -7.5505190171E+01 +-    9.5358530461E-01   
vper ls                        2.50000000E-03   0.0000000000E+00 +-    0.0000000000E+00   
vper lstau                     2.50000000E-03   0.0000000000E+00 +-    0.0000000000E+00   
vpotper v6                     2.50000000E-03  -1.3431288455E+02 +-    1.6554906561E+00   
vpotper v8                     2.50000000E-03  -1.3431288455E+02 +-    1.6554906561E+00   
vpotv6pr-vpotv6per diff        2.50000000E-03   0.0000000000E+00 +-    0.0000000000E+00   
vpotv8pr-vpotv8per diff        2.50000000E-03   0.0000000000E+00 +-    0.0000000000E+00   
2piapr-2pia diff               2.50000000E-03   0.0000000000E+00 +-    0.0000000000E+00   
vd1pr-vd1 diff                 2.50000000E-03   0.0000000000E+00 +-    0.0000000000E+00   
vepr-ve diff                   2.50000000E-03   0.0000000000E+00 +-    0.0000000000E+00   
diff1 2piapr-2pia-2picxx       2.50000000E-03   0.0000000000E+00 +-    0.0000000000E+00   
diff2 vd1pr-vd1-2picxd         2.50000000E-03   0.0000000000E+00 +-    0.0000000000E+00   
diff3 vepr-ve-2picdd           2.50000000E-03   0.0000000000E+00 +-    0.0000000000E+00   
sum diff1+dif2+diff3           2.50000000E-03   0.0000000000E+00 +-    0.0000000000E+00   
proton rms                     2.50000000E-03   1.9670553770E+00 +-    1.1413307845E-02   
neutron rms                    2.50000000E-03   1.9778824843E+00 +-    1.1738148129E-02   
total rms                      2.50000000E-03   1.9790346090E+00 +-    1.0628351393E-02   
neutron-proton rms             2.50000000E-03   1.0827107301E-02 +-    9.5536127805E-03   
GT sigXtau+                    2.50000000E-03   2.2346045558E-05 +-    2.2638150757E-05   
GT sigYtau+                    2.50000000E-03   5.2810981023E-05 +-    2.2723374830E-05   
GT sigZtau+                    2.50000000E-03  -3.1812037748E-05 +-    2.3362473002E-05   
GT sigXtau-                    2.50000000E-03   9.0526697873E-05 +-    2.4540661446E-05   
GT sigYtau-                    2.50000000E-03  -6.9774863072E-05 +-    2.5593364653E-05   
GT sigZtau-                    2.50000000E-03  -2.4444479885E-05 +-    2.4769829695E-05   
F tau+                         2.50000000E-03  -5.1206366812E-20 +-    3.9831456494E-20   
F tau-                         2.50000000E-03   8.8973713088E-21 +-    4.2345906438E-20   
Psi**2                         2.50000000E-03   2.9720106217E-05 +-    6.9124598944E-07   
single crossing/step           2.50000000E-03   8.7620038934E-03 +-    4.5286665279E-05   
global crossing/step           2.50000000E-03   8.6661333177E-03 +-    9.0080813788E-05   
energy numerator(real)         2.50000000E-03  -2.7691685264E+01 +-    7.2628834654E-01   
denominator psit/psigi(real)   2.50000000E-03   9.9746250098E-01 +-    1.1241523011E-02   
energy numerator(aimag)        2.50000000E-03  -1.9407860799E+00 +-    4.8893226718E-01   
denominator psit/psigi(aimag)  2.50000000E-03   4.4421237355E-02 +-    7.3263799492E-03   
growth(lin dt) energy          2.50000000E-03  -2.1170425419E+02 +-    4.9709634557E+00   
growth(global) energy          2.50000000E-03  -2.2028208050E+02 +-    1.2305238382E+01
growth energy                  2.50000000E-03  -2.1155951138E+02 +-    4.9573073524E+00
Time for propagation (sec) (min) =          21.149      0.352
Time for energies (sec) (min) =              0.738      0.012
Time for load balancing (sec) (min) =        0.066      0.001
Time for block (sec) (min) =                22.653      0.378
Time for operators (sec) (min) =             0.016      0.000
Elapsed block time (sec) (min) =            22.670      0.378
 
 walkers multiplicity, block, total
   0          43298          43298
   1         983661         983661
   2          43586          43586
   3            193            193
   4             38             38
   5             16             16
   6              7              7
   7              3              3
   8              3              3
   9              1              1
  13              3              3
  18              1              1
 
 

iteration =                               2
walker number =                       11735
total energy-propagated        5.00000000E-03  -2.5114360761E+01 +-    3.8140804512E-01   
kinetic energy                 5.00000000E-03   1.0795650670E+02 +-    1.5155725661E+00   
potential energy               5.00000000E-03  -1.3307086746E+02 +-    1.4941438348E+00   
im energy                      5.00000000E-03   2.7978249742E-01 +-    2.8070923577E-01   
imkin energy                   5.00000000E-03   2.5168700463E+00 +-    4.6503221803E-01   
impot energy                   5.00000000E-03  -2.2370875488E+00 +-    4.4037723800E-01   
v cent                         5.00000000E-03   2.2778363273E+01 +-    1.4533077344E+00   
v tau                          5.00000000E-03  -9.3237407971E+00 +-    2.8273885467E-01   
v sigma                        5.00000000E-03  -8.3885478649E+00 +-    2.6634137036E-01   
v sigtau                       5.00000000E-03  -6.4957705018E+01 +-    5.2956999838E-01   
v tensor                       5.00000000E-03   1.1718221306E+00 +-    1.4933220362E-01   
v tenstau                      5.00000000E-03  -7.4351059188E+01 +-    9.8768114647E-01   
v ls                           5.00000000E-03   0.0000000000E+00 +-    0.0000000000E+00   
v lstau                        5.00000000E-03   0.0000000000E+00 +-    0.0000000000E+00   
vpot v6                        5.00000000E-03  -1.3307086746E+02 +-    1.4941438348E+00   
vpot v8                        5.00000000E-03  -1.3307086746E+02 +-    1.4941438348E+00   
v coulomb                      5.00000000E-03   7.3114766479E-01 +-    2.8386621348E-03   
v external                     5.00000000E-03   0.0000000000E+00 +-    0.0000000000E+00   
tni 2pipr-anticomm             5.00000000E-03   0.0000000000E+00 +-    0.0000000000E+00   
tni vd1pr                      5.00000000E-03   0.0000000000E+00 +-    0.0000000000E+00   
tni vepr                       5.00000000E-03   0.0000000000E+00 +-    0.0000000000E+00   
tni central                    5.00000000E-03   0.0000000000E+00 +-    0.0000000000E+00   
tni 2pixx-anticommutator       5.00000000E-03   0.0000000000E+00 +-    0.0000000000E+00   
tni 2pixd-anticommutator       5.00000000E-03   0.0000000000E+00 +-    0.0000000000E+00   
tni 2pidd-anticommutator       5.00000000E-03   0.0000000000E+00 +-    0.0000000000E+00   
tni 2pixx-commutator           5.00000000E-03   0.0000000000E+00 +-    0.0000000000E+00   
tni 2pixd-commutator           5.00000000E-03   0.0000000000E+00 +-    0.0000000000E+00   
tni 2pidd-commutator           5.00000000E-03   0.0000000000E+00 +-    0.0000000000E+00   
tni 2pi-tm                     5.00000000E-03   0.0000000000E+00 +-    0.0000000000E+00   
tni vd1                        5.00000000E-03   0.0000000000E+00 +-    0.0000000000E+00   
tni vd2                        5.00000000E-03   0.0000000000E+00 +-    0.0000000000E+00   
tni ve                         5.00000000E-03   0.0000000000E+00 +-    0.0000000000E+00   
vpottot v8+tni                 5.00000000E-03  -1.3307086746E+02 +-    1.4941438348E+00   
enetot v8+tni                  5.00000000E-03  -2.5114360761E+01 +-    3.8140804512E-01   
vper cent                      5.00000000E-03   2.2778363273E+01 +-    1.4533077344E+00   
vper tau                       5.00000000E-03  -9.3237407971E+00 +-    2.8273885467E-01   
vper sigma                     5.00000000E-03  -8.3885478649E+00 +-    2.6634137036E-01   
vper sigtau                    5.00000000E-03  -6.4957705018E+01 +-    5.2956999838E-01   
vper tensor                    5.00000000E-03   1.1718221306E+00 +-    1.4933220362E-01   
vper tenstau                   5.00000000E-03  -7.4351059188E+01 +-    9.8768114647E-01   
vper ls                        5.00000000E-03   0.0000000000E+00 +-    0.0000000000E+00   
vper lstau                     5.00000000E-03   0.0000000000E+00 +-    0.0000000000E+00   
vpotper v6                     5.00000000E-03  -1.3307086746E+02 +-    1.4941438348E+00   
vpotper v8                     5.00000000E-03  -1.3307086746E+02 +-    1.4941438348E+00   
vpotv6pr-vpotv6per diff        5.00000000E-03   0.0000000000E+00 +-    0.0000000000E+00   
vpotv8pr-vpotv8per diff        5.00000000E-03   0.0000000000E+00 +-    0.0000000000E+00   
2piapr-2pia diff               5.00000000E-03   0.0000000000E+00 +-    0.0000000000E+00   
vd1pr-vd1 diff                 5.00000000E-03   0.0000000000E+00 +-    0.0000000000E+00   
vepr-ve diff                   5.00000000E-03   0.0000000000E+00 +-    0.0000000000E+00   
diff1 2piapr-2pia-2picxx       5.00000000E-03   0.0000000000E+00 +-    0.0000000000E+00   
diff2 vd1pr-vd1-2picxd         5.00000000E-03   0.0000000000E+00 +-    0.0000000000E+00   
diff3 vepr-ve-2picdd           5.00000000E-03   0.0000000000E+00 +-    0.0000000000E+00   
sum diff1+dif2+diff3           5.00000000E-03   0.0000000000E+00 +-    0.0000000000E+00   
proton rms                     5.00000000E-03   2.0035988626E+00 +-    1.1532839312E-02   
neutron rms                    5.00000000E-03   1.9218974936E+00 +-    1.1004336247E-02   
total rms                      5.00000000E-03   1.9609266051E+00 +-    9.9630714284E-03   
neutron-proton rms             5.00000000E-03  -8.1701369002E-02 +-    1.0329305607E-02   
GT sigXtau+                    5.00000000E-03  -6.0589454726E-06 +-    2.2272060539E-05   
GT sigYtau+                    5.00000000E-03  -7.1731056915E-05 +-    2.3513252539E-05   
GT sigZtau+                    5.00000000E-03  -4.2047993060E-05 +-    2.3483511417E-05   
GT sigXtau-                    5.00000000E-03   7.6598983469E-05 +-    2.0277976210E-05   
GT sigYtau-                    5.00000000E-03   9.4570499914E-05 +-    2.3906919314E-05   
GT sigZtau-                    5.00000000E-03  -1.6119776349E-04 +-    2.2472196962E-05   
F tau+                         5.00000000E-03  -2.3565494754E-19 +-    3.7511488436E-20   
F tau-                         5.00000000E-03  -3.0306099438E-20 +-    3.9236526549E-20   
Psi**2                         5.00000000E-03   3.1460510442E-05 +-    6.6048627560E-07   
single crossing/step           5.00000000E-03   7.7145307062E-03 +-    4.1605311219E-05   
global crossing/step           5.00000000E-03   7.5888043879E-03 +-    8.2535009481E-05   
energy numerator(real)         5.00000000E-03  -1.5341054065E+01 +-    7.6573443472E-01   
denominator psit/psigi(real)   5.00000000E-03   6.1130489799E-01 +-    1.2259685721E-02   
energy numerator(aimag)        5.00000000E-03  -1.4017078168E+00 +-    5.1312221121E-01   
denominator psit/psigi(aimag)  5.00000000E-03   5.0253676291E-02 +-    8.1670606252E-03   
growth(lin dt) energy          5.00000000E-03  -2.2615156708E+02 +-    5.3057914026E+00   
growth(global) energy          5.00000000E-03  -2.2287630556E+02 +-    1.1271954239E+01
growth energy                  5.00000000E-03  -2.2596543336E+02 +-    5.2892882409E+00
Time for propagation (sec) (min) =          22.081      0.368
Time for energies (sec) (min) =              0.822      0.014
Time for load balancing (sec) (min) =        0.024      0.000
Time for block (sec) (min) =                23.501      0.392
Time for operators (sec) (min) =             0.017      0.000
Elapsed block time (sec) (min) =            46.208      0.770
 
 walkers multiplicity, block, total
   0          49099          92397
   1        1018833        2002494
   2          49281          92867
   3            321            514
   4             45             83
   5             15             31
   6              4             11
   7              8             11
   8              4              7
   9              1              2
  10              1              1
  11              2              2
  13              0              3
  18              1              2
  20              1              1
 
 

iteration =                               3
walker number =                       11394
total energy-propagated        7.50000000E-03  -2.4495587230E+01 +-    3.6214746260E-01   
kinetic energy                 7.50000000E-03   1.0226077400E+02 +-    2.3087274607E+00   
potential energy               7.50000000E-03  -1.2675636123E+02 +-    2.3637135641E+00   
im energy                      7.50000000E-03  -5.4355690671E+00 +-    2.2187433747E-01   
imkin energy                   7.50000000E-03  -5.2683750555E+00 +-    3.4631201490E-01   
impot energy                   7.50000000E-03  -1.6719401158E-01 +-    3.6295071423E-01   
v cent                         7.50000000E-03   4.8144776159E+01 +-    2.2773540159E+00   
v tau                          7.50000000E-03  -1.1254547158E+01 +-    2.5608833854E-01   
v sigma                        7.50000000E-03  -7.5637862840E+00 +-    1.4038770424E-01   
v sigtau                       7.50000000E-03  -6.6844651570E+01 +-    5.5292133312E-01   
v tensor                       7.50000000E-03   1.5854070766E-01 +-    1.1015381140E-01   
v tenstau                      7.50000000E-03  -8.9396693088E+01 +-    8.2011860866E-01   
v ls                           7.50000000E-03   0.0000000000E+00 +-    0.0000000000E+00   
v lstau                        7.50000000E-03   0.0000000000E+00 +-    0.0000000000E+00   
vpot v6                        7.50000000E-03  -1.2675636123E+02 +-    2.3637135641E+00   
vpot v8                        7.50000000E-03  -1.2675636123E+02 +-    2.3637135641E+00   
v coulomb                      7.50000000E-03   6.9567117331E-01 +-    3.2774708350E-03   
v external                     7.50000000E-03   0.0000000000E+00 +-    0.0000000000E+00   
tni 2pipr-anticomm             7.50000000E-03   0.0000000000E+00 +-    0.0000000000E+00   
tni vd1pr                      7.50000000E-03   0.0000000000E+00 +-    0.0000000000E+00   
tni vepr                       7.50000000E-03   0.0000000000E+00 +-    0.0000000000E+00   
tni central                    7.50000000E-03   0.0000000000E+00 +-    0.0000000000E+00   
tni 2pixx-anticommutator       7.50000000E-03   0.0000000000E+00 +-    0.0000000000E+00   
tni 2pixd-anticommutator       7.50000000E-03   0.0000000000E+00 +-    0.0000000000E+00   
tni 2pidd-anticommutator       7.50000000E-03   0.0000000000E+00 +-    0.0000000000E+00   
tni 2pixx-commutator           7.50000000E-03   0.0000000000E+00 +-    0.0000000000E+00   
tni 2pixd-commutator           7.50000000E-03   0.0000000000E+00 +-    0.0000000000E+00   
tni 2pidd-commutator           7.50000000E-03   0.0000000000E+00 +-    0.0000000000E+00   
tni 2pi-tm                     7.50000000E-03   0.0000000000E+00 +-    0.0000000000E+00   
tni vd1                        7.50000000E-03   0.0000000000E+00 +-    0.0000000000E+00   
tni vd2                        7.50000000E-03   0.0000000000E+00 +-    0.0000000000E+00   
tni ve                         7.50000000E-03   0.0000000000E+00 +-    0.0000000000E+00   
vpottot v8+tni                 7.50000000E-03  -1.2675636123E+02 +-    2.3637135641E+00   
enetot v8+tni                  7.50000000E-03  -2.4495587230E+01 +-    3.6214746260E-01   
vper cent                      7.50000000E-03   4.8144776159E+01 +-    2.2773540159E+00   
vper tau                       7.50000000E-03  -1.1254547158E+01 +-    2.5608833854E-01   
vper sigma                     7.50000000E-03  -7.5637862840E+00 +-    1.4038770424E-01   
vper sigtau                    7.50000000E-03  -6.6844651570E+01 +-    5.5292133312E-01   
vper tensor                    7.50000000E-03   1.5854070766E-01 +-    1.1015381140E-01   
vper tenstau                   7.50000000E-03  -8.9396693088E+01 +-    8.2011860866E-01   
vper ls                        7.50000000E-03   0.0000000000E+00 +-    0.0000000000E+00   
vper lstau                     7.50000000E-03   0.0000000000E+00 +-    0.0000000000E+00   
vpotper v6                     7.50000000E-03  -1.2675636123E+02 +-    2.3637135641E+00   
vpotper v8                     7.50000000E-03  -1.2675636123E+02 +-    2.3637135641E+00   
vpotv6pr-vpotv6per diff        7.50000000E-03   0.0000000000E+00 +-    0.0000000000E+00   
vpotv8pr-vpotv8per diff        7.50000000E-03   0.0000000000E+00 +-    0.0000000000E+00   
2piapr-2pia diff               7.50000000E-03   0.0000000000E+00 +-    0.0000000000E+00   
vd1pr-vd1 diff                 7.50000000E-03   0.0000000000E+00 +-    0.0000000000E+00   
vepr-ve diff                   7.50000000E-03   0.0000000000E+00 +-    0.0000000000E+00   
diff1 2piapr-2pia-2picxx       7.50000000E-03   0.0000000000E+00 +-    0.0000000000E+00   
diff2 vd1pr-vd1-2picxd         7.50000000E-03   0.0000000000E+00 +-    0.0000000000E+00   
diff3 vepr-ve-2picdd           7.50000000E-03   0.0000000000E+00 +-    0.0000000000E+00   
sum diff1+dif2+diff3           7.50000000E-03   0.0000000000E+00 +-    0.0000000000E+00   
proton rms                     7.50000000E-03   2.0440133938E+00 +-    1.2101054732E-02   
neutron rms                    7.50000000E-03   1.7840125664E+00 +-    1.0101031409E-02   
total rms                      7.50000000E-03   1.9131710124E+00 +-    9.7185425234E-03   
neutron-proton rms             7.50000000E-03  -2.6000082739E-01 +-    1.0799891012E-02   
GT sigXtau+                    7.50000000E-03   1.4004955911E-04 +-    2.6601608078E-05   
GT sigYtau+                    7.50000000E-03  -7.6570058482E-05 +-    2.1615256320E-05   
GT sigZtau+                    7.50000000E-03   5.4520177940E-04 +-    2.6184360764E-05   
GT sigXtau-                    7.50000000E-03  -4.7763593126E-05 +-    2.6645876096E-05   
GT sigYtau-                    7.50000000E-03   5.8871924900E-05 +-    2.0394491474E-05   
GT sigZtau-                    7.50000000E-03  -2.3100057152E-04 +-    2.6543719088E-05   
F tau+                         7.50000000E-03   2.2842263536E-19 +-    4.2805755520E-20   
F tau-                         7.50000000E-03  -5.4727699723E-20 +-    4.3139524726E-20   
Psi**2                         7.50000000E-03   3.2716137965E-05 +-    7.9277932974E-07   
single crossing/step           7.50000000E-03   7.5749787034E-03 +-    4.1535616746E-05   
global crossing/step           7.50000000E-03   7.3565050084E-03 +-    8.1873530163E-05   
energy numerator(real)         7.50000000E-03  -8.5866238655E+00 +-    8.6751918118E-01   
denominator psit/psigi(real)   7.50000000E-03   3.5652022273E-01 +-    1.2861679975E-02   
energy numerator(aimag)        7.50000000E-03  -2.8416786800E+00 +-    5.9329299661E-01   
denominator psit/psigi(aimag)  7.50000000E-03   2.2910898092E-02 +-    8.5997746019E-03   
growth(lin dt) energy          7.50000000E-03  -2.4959394116E+02 +-    5.5604790711E+00   
growth(global) energy          7.50000000E-03  -2.4047769478E+02 +-    1.1946219279E+01
growth energy                  7.50000000E-03  -2.4932961243E+02 +-    5.5399295175E+00
Time for propagation (sec) (min) =          21.769      0.363
Time for energies (sec) (min) =              0.799      0.013
Time for load balancing (sec) (min) =        0.037      0.001
Time for block (sec) (min) =                23.133      0.386
Time for operators (sec) (min) =             0.018      0.000
Elapsed block time (sec) (min) =            69.358      1.156
 
 walkers multiplicity, block, total
   0          52096         144493
   1        1010317        3012811
   2          50558         143425
   3            362            876
   4             79            162
   5             19             50
   6              8             19
   7              6             17
   8              3             10
   9              2              4
  10              1              2
  11              0              2
  12              1              1
  13              0              3
  14              1              1
  15              1              1
  18              0              2
  20              0              1
 
 

iteration =                               4
walker number =                       10682
total energy-propagated        1.00000000E-02  -2.3083204374E+01 +-    5.9733461266E-01   
kinetic energy                 1.00000000E-02   1.1306596680E+02 +-    2.1723212676E+00   
potential energy               1.00000000E-02  -1.3614917117E+02 +-    2.3111644411E+00   
im energy                      1.00000000E-02   3.8967531922E-01 +-    3.0081140602E-01   
imkin energy                   1.00000000E-02  -6.4471546531E+00 +-    9.1955229205E-01   
impot energy                   1.00000000E-02   6.8368299723E+00 +-    8.1600602657E-01   
v cent                         1.00000000E-02   4.0813511673E+01 +-    2.1276449432E+00   
v tau                          1.00000000E-02  -7.7133747052E+00 +-    4.0809457752E-01   
v sigma                        1.00000000E-02  -1.1781023343E+01 +-    3.9683124012E-01   
v sigtau                       1.00000000E-02  -7.4964502247E+01 +-    5.8010232535E-01   
v tensor                       1.00000000E-02   2.6982031062E+00 +-    2.2933727611E-01   
v tenstau                      1.00000000E-02  -8.5201985657E+01 +-    1.4198388232E+00   
v ls                           1.00000000E-02   0.0000000000E+00 +-    0.0000000000E+00   
v lstau                        1.00000000E-02   0.0000000000E+00 +-    0.0000000000E+00   
vpot v6                        1.00000000E-02  -1.3614917117E+02 +-    2.3111644411E+00   
vpot v8                        1.00000000E-02  -1.3614917117E+02 +-    2.3111644411E+00   
v coulomb                      1.00000000E-02   7.0204112506E-01 +-    3.7258110209E-03   
v external                     1.00000000E-02   0.0000000000E+00 +-    0.0000000000E+00   
tni 2pipr-anticomm             1.00000000E-02   0.0000000000E+00 +-    0.0000000000E+00   
tni vd1pr                      1.00000000E-02   0.0000000000E+00 +-    0.0000000000E+00   
tni vepr                       1.00000000E-02   0.0000000000E+00 +-    0.0000000000E+00   
tni central                    1.00000000E-02   0.0000000000E+00 +-    0.0000000000E+00   
tni 2pixx-anticommutator       1.00000000E-02   0.0000000000E+00 +-    0.0000000000E+00   
tni 2pixd-anticommutator       1.00000000E-02   0.0000000000E+00 +-    0.0000000000E+00   
tni 2pidd-anticommutator       1.00000000E-02   0.0000000000E+00 +-    0.0000000000E+00   
tni 2pixx-commutator           1.00000000E-02   0.0000000000E+00 +-    0.0000000000E+00   
tni 2pixd-commutator           1.00000000E-02   0.0000000000E+00 +-    0.0000000000E+00   
tni 2pidd-commutator           1.00000000E-02   0.0000000000E+00 +-    0.0000000000E+00   
tni 2pi-tm                     1.00000000E-02   0.0000000000E+00 +-    0.0000000000E+00   
tni vd1                        1.00000000E-02   0.0000000000E+00 +-    0.0000000000E+00   
tni vd2                        1.00000000E-02   0.0000000000E+00 +-    0.0000000000E+00   
tni ve                         1.00000000E-02   0.0000000000E+00 +-    0.0000000000E+00   
vpottot v8+tni                 1.00000000E-02  -1.3614917117E+02 +-    2.3111644411E+00   
enetot v8+tni                  1.00000000E-02  -2.3083204374E+01 +-    5.9733461266E-01   
vper cent                      1.00000000E-02   4.0813511673E+01 +-    2.1276449432E+00   
vper tau                       1.00000000E-02  -7.7133747052E+00 +-    4.0809457752E-01   
vper sigma                     1.00000000E-02  -1.1781023343E+01 +-    3.9683124012E-01   
vper sigtau                    1.00000000E-02  -7.4964502247E+01 +-    5.8010232535E-01   
vper tensor                    1.00000000E-02   2.6982031062E+00 +-    2.2933727611E-01   
vper tenstau                   1.00000000E-02  -8.5201985657E+01 +-    1.4198388232E+00   
vper ls                        1.00000000E-02   0.0000000000E+00 +-    0.0000000000E+00   
vper lstau                     1.00000000E-02   0.0000000000E+00 +-    0.0000000000E+00   
vpotper v6                     1.00000000E-02  -1.3614917117E+02 +-    2.3111644411E+00   
vpotper v8                     1.00000000E-02  -1.3614917117E+02 +-    2.3111644411E+00   
vpotv6pr-vpotv6per diff        1.00000000E-02   0.0000000000E+00 +-    0.0000000000E+00   
vpotv8pr-vpotv8per diff        1.00000000E-02   0.0000000000E+00 +-    0.0000000000E+00   
2piapr-2pia diff               1.00000000E-02   0.0000000000E+00 +-    0.0000000000E+00   
vd1pr-vd1 diff                 1.00000000E-02   0.0000000000E+00 +-    0.0000000000E+00   
vepr-ve diff                   1.00000000E-02   0.0000000000E+00 +-    0.0000000000E+00   
diff1 2piapr-2pia-2picxx       1.00000000E-02   0.0000000000E+00 +-    0.0000000000E+00   
diff2 vd1pr-vd1-2picxd         1.00000000E-02   0.0000000000E+00 +-    0.0000000000E+00   
diff3 vepr-ve-2picdd           1.00000000E-02   0.0000000000E+00 +-    0.0000000000E+00   
sum diff1+dif2+diff3           1.00000000E-02   0.0000000000E+00 +-    0.0000000000E+00   
proton rms                     1.00000000E-02   1.9580493085E+00 +-    1.2742052314E-02   
neutron rms                    1.00000000E-02   1.6290087942E+00 +-    1.0416198239E-02   
total rms                      1.00000000E-02   1.7921373159E+00 +-    1.0411823222E-02   
neutron-proton rms             1.00000000E-02  -3.2904051422E-01 +-    9.8230928817E-03   
GT sigXtau+                    1.00000000E-02   9.2312825074E-05 +-    2.9049149693E-05   
GT sigYtau+                    1.00000000E-02   1.9580756509E-04 +-    2.7868939209E-05   
GT sigZtau+                    1.00000000E-02  -5.4281359304E-04 +-    2.9102563148E-05   
GT sigXtau-                    1.00000000E-02  -2.9197876783E-04 +-    2.6988548880E-05   
GT sigYtau-                    1.00000000E-02   4.1186867226E-04 +-    2.3363853273E-05   
GT sigZtau-                    1.00000000E-02  -1.9114189058E-04 +-    2.8508310573E-05   
F tau+                         1.00000000E-02   5.4786732278E-19 +-    6.3418830968E-20   
F tau-                         1.00000000E-02  -1.1311621634E-19 +-    5.9823188611E-20   
Psi**2                         1.00000000E-02   3.6402915220E-05 +-    7.7939657395E-07   
single crossing/step           1.00000000E-02   7.5713809986E-03 +-    4.1570154189E-05   
global crossing/step           1.00000000E-02   7.4182147345E-03 +-    8.2301413045E-05   
energy numerator(real)         1.00000000E-02  -5.6073998265E+00 +-    9.0900526525E-01   
denominator psit/psigi(real)   1.00000000E-02   2.4537479298E-01 +-    1.3534344139E-02   
energy numerator(aimag)        1.00000000E-02  -1.1603253615E+00 +-    6.1839356990E-01   
denominator psit/psigi(aimag)  1.00000000E-02   3.0578385744E-02 +-    8.9094124295E-03   
growth(lin dt) energy          1.00000000E-02  -2.3541903858E+02 +-    5.5884127475E+00   
growth(global) energy          1.00000000E-02  -2.2746700361E+02 +-    1.2035569530E+01
growth energy                  1.00000000E-02  -2.3520362324E+02 +-    5.5697244866E+00
Time for propagation (sec) (min) =          21.728      0.362
Time for energies (sec) (min) =              0.749      0.012
Time for load balancing (sec) (min) =        0.030      0.000
Time for block (sec) (min) =                22.986      0.383
Time for operators (sec) (min) =             0.019      0.000
Elapsed block time (sec) (min) =            92.373      1.540
 
 walkers multiplicity, block, total
   0          53284         197777
   1        1005944        4018755
   2          51422         194847
   3            370           1246
   4             76            238
   5             13             63
   6              6             25
   7              3             20
   8              2             12
   9              2              6
  10              0              2
  11              2              4
  12              0              1
  13              0              3
  14              0              1
  15              1              2
  18              0              2
  19              1              1
  20              0              1
 
 

iteration =                               5
walker number =                       10087
total energy-propagated        1.25000000E-02  -4.7298560696E+01 +-    3.9782653501E-01   
kinetic energy                 1.25000000E-02   1.4227127512E+02 +-    9.7686020538E-01   
potential energy               1.25000000E-02  -1.8956983582E+02 +-    1.4760786842E+00   
im energy                      1.25000000E-02   5.7943204963E+00 +-    3.3862522585E-01   
imkin energy                   1.25000000E-02   1.7619758470E+00 +-    1.0078663109E+00   
impot energy                   1.25000000E-02   4.0323446493E+00 +-    1.0232047204E+00   
v cent                         1.25000000E-02  -7.6906874786E+00 +-    1.9428485645E+00   
v tau                          1.25000000E-02  -9.6562184205E+00 +-    1.8135383427E-01   
v sigma                        1.25000000E-02  -8.4437328474E+00 +-    5.1325084447E-01   
v sigtau                       1.25000000E-02  -7.5580561220E+01 +-    6.7755503750E-01   
v tensor                       1.25000000E-02  -2.2186874560E+00 +-    1.7049146016E-01   
v tenstau                      1.25000000E-02  -8.5979948396E+01 +-    1.4961407291E+00   
v ls                           1.25000000E-02   0.0000000000E+00 +-    0.0000000000E+00   
v lstau                        1.25000000E-02   0.0000000000E+00 +-    0.0000000000E+00   
vpot v6                        1.25000000E-02  -1.8956983582E+02 +-    1.4760786842E+00   
vpot v8                        1.25000000E-02  -1.8956983582E+02 +-    1.4760786842E+00   
v coulomb                      1.25000000E-02   6.8567338325E-01 +-    4.3945575854E-03   
v external                     1.25000000E-02   0.0000000000E+00 +-    0.0000000000E+00   
tni 2pipr-anticomm             1.25000000E-02   0.0000000000E+00 +-    0.0000000000E+00   
tni vd1pr                      1.25000000E-02   0.0000000000E+00 +-    0.0000000000E+00   
tni vepr                       1.25000000E-02   0.0000000000E+00 +-    0.0000000000E+00   
tni central                    1.25000000E-02   0.0000000000E+00 +-    0.0000000000E+00   
tni 2pixx-anticommutator       1.25000000E-02   0.0000000000E+00 +-    0.0000000000E+00   
tni 2pixd-anticommutator       1.25000000E-02   0.0000000000E+00 +-    0.0000000000E+00   
tni 2pidd-anticommutator       1.25000000E-02   0.0000000000E+00 +-    0.0000000000E+00   
tni 2pixx-commutator           1.25000000E-02   0.0000000000E+00 +-    0.0000000000E+00   
tni 2pixd-commutator           1.25000000E-02   0.0000000000E+00 +-    0.0000000000E+00   
tni 2pidd-commutator           1.25000000E-02   0.0000000000E+00 +-    0.0000000000E+00   
tni 2pi-tm                     1.25000000E-02   0.0000000000E+00 +-    0.0000000000E+00   
tni vd1                        1.25000000E-02   0.0000000000E+00 +-    0.0000000000E+00   
tni vd2                        1.25000000E-02   0.0000000000E+00 +-    0.0000000000E+00   
tni ve                         1.25000000E-02   0.0000000000E+00 +-    0.0000000000E+00   
vpottot v8+tni                 1.25000000E-02  -1.8956983582E+02 +-    1.4760786842E+00   
enetot v8+tni                  1.25000000E-02  -4.7298560696E+01 +-    3.9782653501E-01   
vper cent                      1.25000000E-02  -7.6906874786E+00 +-    1.9428485645E+00   
vper tau                       1.25000000E-02  -9.6562184205E+00 +-    1.8135383427E-01   
vper sigma                     1.25000000E-02  -8.4437328474E+00 +-    5.1325084447E-01   
vper sigtau                    1.25000000E-02  -7.5580561220E+01 +-    6.7755503750E-01   
vper tensor                    1.25000000E-02  -2.2186874560E+00 +-    1.7049146016E-01   
vper tenstau                   1.25000000E-02  -8.5979948396E+01 +-    1.4961407291E+00   
vper ls                        1.25000000E-02   0.0000000000E+00 +-    0.0000000000E+00   
vper lstau                     1.25000000E-02   0.0000000000E+00 +-    0.0000000000E+00   
vpotper v6                     1.25000000E-02  -1.8956983582E+02 +-    1.4760786842E+00   
vpotper v8                     1.25000000E-02  -1.8956983582E+02 +-    1.4760786842E+00   
vpotv6pr-vpotv6per diff        1.25000000E-02   0.0000000000E+00 +-    0.0000000000E+00   
vpotv8pr-vpotv8per diff        1.25000000E-02   0.0000000000E+00 +-    0.0000000000E+00   
2piapr-2pia diff               1.25000000E-02   0.0000000000E+00 +-    0.0000000000E+00   
vd1pr-vd1 diff                 1.25000000E-02   0.0000000000E+00 +-    0.0000000000E+00   
vepr-ve diff                   1.25000000E-02   0.0000000000E+00 +-    0.0000000000E+00   
diff1 2piapr-2pia-2picxx       1.25000000E-02   0.0000000000E+00 +-    0.0000000000E+00   
diff2 vd1pr-vd1-2picxd         1.25000000E-02   0.0000000000E+00 +-    0.0000000000E+00   
diff3 vepr-ve-2picdd           1.25000000E-02   0.0000000000E+00 +-    0.0000000000E+00   
sum diff1+dif2+diff3           1.25000000E-02   0.0000000000E+00 +-    0.0000000000E+00   
proton rms                     1.25000000E-02   1.8139579161E+00 +-    1.2721393957E-02   
neutron rms                    1.25000000E-02   1.6942756560E+00 +-    1.0964713868E-02   
total rms                      1.25000000E-02   1.7543711405E+00 +-    9.8141070251E-03   
neutron-proton rms             1.25000000E-02  -1.1968226009E-01 +-    1.2344222327E-02   
GT sigXtau+                    1.25000000E-02  -2.8953776425E-04 +-    3.2977170688E-05   
GT sigYtau+                    1.25000000E-02   3.6642682088E-04 +-    2.1851938873E-05   
GT sigZtau+                    1.25000000E-02  -7.4896475362E-04 +-    2.8685918512E-05   
GT sigXtau-                    1.25000000E-02   3.0490262079E-04 +-    3.9894944338E-05   
GT sigYtau-                    1.25000000E-02  -1.2230379538E-04 +-    3.2367107929E-05   
GT sigZtau-                    1.25000000E-02   5.0085768306E-04 +-    3.1138324259E-05   
F tau+                         1.25000000E-02  -4.4723464767E-19 +-    5.3929177480E-20   
F tau-                         1.25000000E-02   2.5166594742E-19 +-    5.4027684704E-20   
Psi**2                         1.25000000E-02   4.6402899445E-05 +-    1.0253599437E-06   
single crossing/step           1.25000000E-02   7.0740137697E-03 +-    3.9865945461E-05   
global crossing/step           1.25000000E-02   6.8513669699E-03 +-    7.8475919762E-05   
energy numerator(real)         1.25000000E-02  -6.1924997701E+00 +-    8.7605014419E-01   
denominator psit/psigi(real)   1.25000000E-02   1.3237382323E-01 +-    1.4051750446E-02   
energy numerator(aimag)        1.25000000E-02   1.3943506438E+00 +-    5.7061193687E-01   
denominator psit/psigi(aimag)  1.25000000E-02  -1.9769596236E-02 +-    9.3142026435E-03   
growth(lin dt) energy          1.25000000E-02  -2.2695637938E+02 +-    5.3990486272E+00   
growth(global) energy          1.25000000E-02  -2.2746942799E+02 +-    1.1269118254E+01
growth energy                  1.25000000E-02  -2.2676778737E+02 +-    5.3821411900E+00
Time for propagation (sec) (min) =          22.081      0.368
Time for energies (sec) (min) =              0.707      0.012
Time for load balancing (sec) (min) =        0.026      0.000
Time for block (sec) (min) =                23.321      0.389
Time for operators (sec) (min) =             0.016      0.000
Elapsed block time (sec) (min) =           115.710      1.929
 
 walkers multiplicity, block, total
   0          53531         251308
   1        1023102        5041857
   2          51864         246711
   3            333           1579
   4             72            310
   5             22             85
   6              7             32
   7              3             23
   8              2             14
   9              2              8
  10              1              3
  11              1              5
  12              0              1
  13              0              3
  14              0              1
  15              0              2
  18              0              2
  19              0              1
  20              0              1
 
 

iteration =                               6
walker number =                       10318
total energy-propagated        1.50000000E-02  -4.7735271630E+01 +-    1.0600710642E+00   
kinetic energy                 1.50000000E-02   6.4220376257E+01 +-    3.1005951847E+00   
potential energy               1.50000000E-02  -1.1195564789E+02 +-    2.6367055829E+00   
im energy                      1.50000000E-02  -5.9525144868E+00 +-    5.7557861979E-01   
imkin energy                   1.50000000E-02   1.6500368210E+01 +-    1.0643158806E+00   
impot energy                   1.50000000E-02  -2.2452882697E+01 +-    5.4144155071E-01   
v cent                         1.50000000E-02   1.3755538094E+02 +-    3.2043990308E+00   
v tau                          1.50000000E-02  -2.8225966249E+01 +-    5.0522352153E-01   
v sigma                        1.50000000E-02  -2.2529991375E+01 +-    8.2115783372E-01   
v sigtau                       1.50000000E-02  -1.1472704685E+02 +-    9.7041078790E-01   
v tensor                       1.50000000E-02   3.5180291420E+00 +-    3.5134953358E-01   
v tenstau                      1.50000000E-02  -8.7546053489E+01 +-    2.2137497490E+00   
v ls                           1.50000000E-02   0.0000000000E+00 +-    0.0000000000E+00   
v lstau                        1.50000000E-02   0.0000000000E+00 +-    0.0000000000E+00   
vpot v6                        1.50000000E-02  -1.1195564789E+02 +-    2.6367055829E+00   
vpot v8                        1.50000000E-02  -1.1195564789E+02 +-    2.6367055829E+00   
v coulomb                      1.50000000E-02   6.9201804526E-01 +-    5.5268688805E-03   
v external                     1.50000000E-02   0.0000000000E+00 +-    0.0000000000E+00   
tni 2pipr-anticomm             1.50000000E-02   0.0000000000E+00 +-    0.0000000000E+00   
tni vd1pr                      1.50000000E-02   0.0000000000E+00 +-    0.0000000000E+00   
tni vepr                       1.50000000E-02   0.0000000000E+00 +-    0.0000000000E+00   
tni central                    1.50000000E-02   0.0000000000E+00 +-    0.0000000000E+00   
tni 2pixx-anticommutator       1.50000000E-02   0.0000000000E+00 +-    0.0000000000E+00   
tni 2pixd-anticommutator       1.50000000E-02   0.0000000000E+00 +-    0.0000000000E+00   
tni 2pidd-anticommutator       1.50000000E-02   0.0000000000E+00 +-    0.0000000000E+00   
tni 2pixx-commutator           1.50000000E-02   0.0000000000E+00 +-    0.0000000000E+00   
tni 2pixd-commutator           1.50000000E-02   0.0000000000E+00 +-    0.0000000000E+00   
tni 2pidd-commutator           1.50000000E-02   0.0000000000E+00 +-    0.0000000000E+00   
tni 2pi-tm                     1.50000000E-02   0.0000000000E+00 +-    0.0000000000E+00   
tni vd1                        1.50000000E-02   0.0000000000E+00 +-    0.0000000000E+00   
tni vd2                        1.50000000E-02   0.0000000000E+00 +-    0.0000000000E+00   
tni ve                         1.50000000E-02   0.0000000000E+00 +-    0.0000000000E+00   
vpottot v8+tni                 1.50000000E-02  -1.1195564789E+02 +-    2.6367055829E+00   
enetot v8+tni                  1.50000000E-02  -4.7735271630E+01 +-    1.0600710642E+00   
vper cent                      1.50000000E-02   1.3755538094E+02 +-    3.2043990308E+00   
vper tau                       1.50000000E-02  -2.8225966249E+01 +-    5.0522352153E-01   
vper sigma                     1.50000000E-02  -2.2529991375E+01 +-    8.2115783372E-01   
vper sigtau                    1.50000000E-02  -1.1472704685E+02 +-    9.7041078790E-01   
vper tensor                    1.50000000E-02   3.5180291420E+00 +-    3.5134953358E-01   
vper tenstau                   1.50000000E-02  -8.7546053489E+01 +-    2.2137497490E+00   
vper ls                        1.50000000E-02   0.0000000000E+00 +-    0.0000000000E+00   
vper lstau                     1.50000000E-02   0.0000000000E+00 +-    0.0000000000E+00   
vpotper v6                     1.50000000E-02  -1.1195564789E+02 +-    2.6367055829E+00   
vpotper v8                     1.50000000E-02  -1.1195564789E+02 +-    2.6367055829E+00   
vpotv6pr-vpotv6per diff        1.50000000E-02   0.0000000000E+00 +-    0.0000000000E+00   
vpotv8pr-vpotv8per diff        1.50000000E-02   0.0000000000E+00 +-    0.0000000000E+00   
2piapr-2pia diff               1.50000000E-02   0.0000000000E+00 +-    0.0000000000E+00   
vd1pr-vd1 diff                 1.50000000E-02   0.0000000000E+00 +-    0.0000000000E+00   
vepr-ve diff                   1.50000000E-02   0.0000000000E+00 +-    0.0000000000E+00   
diff1 2piapr-2pia-2picxx       1.50000000E-02   0.0000000000E+00 +-    0.0000000000E+00   
diff2 vd1pr-vd1-2picxd         1.50000000E-02   0.0000000000E+00 +-    0.0000000000E+00   
diff3 vepr-ve-2picdd           1.50000000E-02   0.0000000000E+00 +-    0.0000000000E+00   
sum diff1+dif2+diff3           1.50000000E-02   0.0000000000E+00 +-    0.0000000000E+00   
proton rms                     1.50000000E-02   1.6594045702E+00 +-    1.2285718279E-02   
neutron rms                    1.50000000E-02   1.6832630460E+00 +-    1.4606689944E-02   
total rms                      1.50000000E-02   1.6391828582E+00 +-    9.5748078220E-03   
neutron-proton rms             1.50000000E-02   2.3858475813E-02 +-    1.5919152599E-02   
GT sigXtau+                    1.50000000E-02   1.3798577657E-03 +-    3.0638599892E-05   
GT sigYtau+                    1.50000000E-02   2.6157636899E-04 +-    3.9060511644E-05   
GT sigZtau+                    1.50000000E-02   8.4476025202E-04 +-    2.5005402546E-05   
GT sigXtau-                    1.50000000E-02  -5.3768864611E-04 +-    4.2186118372E-05   
GT sigYtau-                    1.50000000E-02   6.0317588614E-04 +-    2.6527110869E-05   
GT sigZtau-                    1.50000000E-02   1.1681057257E-03 +-    4.1589518779E-05   
F tau+                         1.50000000E-02  -1.3139164872E-18 +-    8.7952793073E-20   
F tau-                         1.50000000E-02  -6.9260610162E-19 +-    8.1392732016E-20   
Psi**2                         1.50000000E-02   3.6887010632E-05 +-    1.0834094008E-06   
single crossing/step           1.50000000E-02   8.3483544359E-03 +-    4.3472835456E-05   
global crossing/step           1.50000000E-02   8.1725755758E-03 +-    8.6033082578E-05   
energy numerator(real)         1.50000000E-02  -3.8677735397E+00 +-    1.0465802067E+00   
denominator psit/psigi(real)   1.50000000E-02   7.4945431357E-02 +-    1.4164895395E-02   
energy numerator(aimag)        1.50000000E-02   6.8176959776E-01 +-    6.9544483914E-01   
denominator psit/psigi(aimag)  1.50000000E-02  -2.9650444797E-02 +-    9.3133723009E-03   
growth(lin dt) energy          1.50000000E-02  -2.5619528221E+02 +-    5.7108118482E+00   
growth(global) energy          1.50000000E-02  -2.6486726483E+02 +-    1.3109603172E+01
growth energy                  1.50000000E-02  -2.5590647202E+02 +-    5.6887607013E+00
Time for propagation (sec) (min) =          21.885      0.365
Time for energies (sec) (min) =              0.723      0.012
Time for load balancing (sec) (min) =        0.029      0.000
Time for block (sec) (min) =                23.129      0.385
Time for operators (sec) (min) =             0.021      0.000
Elapsed block time (sec) (min) =           138.869      2.314
 
 walkers multiplicity, block, total
   0          54328         305636
   1        1011101        6052958
   2          53246         299957
   3            417           1996
   4             71            381
   5             28            113
   6             13             45
   7              2             25
   8              5             19
   9              1              9
  10              0              3
  11              0              5
  12              0              1
  13              0              3
  14              0              1
  15              0              2
  16              1              1
  18              0              2
  19              0              1
  20              1              2
 
 

iteration =                               7
walker number =                       11260
total energy-propagated        1.75000000E-02  -9.4976321117E+01 +-    2.1068098559E+00   
kinetic energy                 1.75000000E-02  -1.6930372445E+02 +-    6.6503905744E+00   
potential energy               1.75000000E-02   7.4327403334E+01 +-    4.9077269006E+00   
im energy                      1.75000000E-02   1.3296369803E+02 +-    1.0214244928E+00   
imkin energy                   1.75000000E-02   1.7496701764E+02 +-    2.3757289983E+00   
impot energy                   1.75000000E-02  -4.2003319616E+01 +-    2.4644266388E+00   
v cent                         1.75000000E-02   3.8779222451E+02 +-    5.4459340752E+00   
v tau                          1.75000000E-02  -3.3068293107E+01 +-    1.3043069456E+00   
v sigma                        1.75000000E-02  -1.1089422898E+02 +-    1.7973350135E+00   
v sigtau                       1.75000000E-02  -3.0062485227E+02 +-    1.8197300739E+00   
v tensor                       1.75000000E-02   4.7380870734E+01 +-    9.4230566483E-01   
v tenstau                      1.75000000E-02   8.3741682438E+01 +-    5.8325299569E+00   
v ls                           1.75000000E-02   0.0000000000E+00 +-    0.0000000000E+00   
v lstau                        1.75000000E-02   0.0000000000E+00 +-    0.0000000000E+00   
vpot v6                        1.75000000E-02   7.4327403334E+01 +-    4.9077269006E+00   
vpot v8                        1.75000000E-02   7.4327403334E+01 +-    4.9077269006E+00   
v coulomb                      1.75000000E-02   1.6872677419E+00 +-    1.5877204739E-02   
v external                     1.75000000E-02   0.0000000000E+00 +-    0.0000000000E+00   
tni 2pipr-anticomm             1.75000000E-02   0.0000000000E+00 +-    0.0000000000E+00   
tni vd1pr                      1.75000000E-02   0.0000000000E+00 +-    0.0000000000E+00   
tni vepr                       1.75000000E-02   0.0000000000E+00 +-    0.0000000000E+00   
tni central                    1.75000000E-02   0.0000000000E+00 +-    0.0000000000E+00   
tni 2pixx-anticommutator       1.75000000E-02   0.0000000000E+00 +-    0.0000000000E+00   
tni 2pixd-anticommutator       1.75000000E-02   0.0000000000E+00 +-    0.0000000000E+00   
tni 2pidd-anticommutator       1.75000000E-02   0.0000000000E+00 +-    0.0000000000E+00   
tni 2pixx-commutator           1.75000000E-02   0.0000000000E+00 +-    0.0000000000E+00   
tni 2pixd-commutator           1.75000000E-02   0.0000000000E+00 +-    0.0000000000E+00   
tni 2pidd-commutator           1.75000000E-02   0.0000000000E+00 +-    0.0000000000E+00   
tni 2pi-tm                     1.75000000E-02   0.0000000000E+00 +-    0.0000000000E+00   
tni vd1                        1.75000000E-02   0.0000000000E+00 +-    0.0000000000E+00   
tni vd2                        1.75000000E-02   0.0000000000E+00 +-    0.0000000000E+00   
tni ve                         1.75000000E-02   0.0000000000E+00 +-    0.0000000000E+00   
vpottot v8+tni                 1.75000000E-02   7.4327403334E+01 +-    4.9077269006E+00   
enetot v8+tni                  1.75000000E-02  -9.4976321117E+01 +-    2.1068098559E+00   
vper cent                      1.75000000E-02   3.8779222451E+02 +-    5.4459340752E+00   
vper tau                       1.75000000E-02  -3.3068293107E+01 +-    1.3043069456E+00   
vper sigma                     1.75000000E-02  -1.1089422898E+02 +-    1.7973350135E+00   
vper sigtau                    1.75000000E-02  -3.0062485227E+02 +-    1.8197300739E+00   
vper tensor                    1.75000000E-02   4.7380870734E+01 +-    9.4230566483E-01   
vper tenstau                   1.75000000E-02   8.3741682438E+01 +-    5.8325299569E+00   
vper ls                        1.75000000E-02   0.0000000000E+00 +-    0.0000000000E+00   
vper lstau                     1.75000000E-02   0.0000000000E+00 +-    0.0000000000E+00   
vpotper v6                     1.75000000E-02   7.4327403334E+01 +-    4.9077269006E+00   
vpotper v8                     1.75000000E-02   7.4327403334E+01 +-    4.9077269006E+00   
vpotv6pr-vpotv6per diff        1.75000000E-02   0.0000000000E+00 +-    0.0000000000E+00   
vpotv8pr-vpotv8per diff        1.75000000E-02   0.0000000000E+00 +-    0.0000000000E+00   
2piapr-2pia diff               1.75000000E-02   0.0000000000E+00 +-    0.0000000000E+00   
vd1pr-vd1 diff                 1.75000000E-02   0.0000000000E+00 +-    0.0000000000E+00   
vepr-ve diff                   1.75000000E-02   0.0000000000E+00 +-    0.0000000000E+00   
diff1 2piapr-2pia-2picxx       1.75000000E-02   0.0000000000E+00 +-    0.0000000000E+00   
diff2 vd1pr-vd1-2picxd         1.75000000E-02   0.0000000000E+00 +-    0.0000000000E+00   
diff3 vepr-ve-2picdd           1.75000000E-02   0.0000000000E+00 +-    0.0000000000E+00   
sum diff1+dif2+diff3           1.75000000E-02   0.0000000000E+00 +-    0.0000000000E+00   
proton rms                     1.75000000E-02  -4.4449693190E-01 +-    1.8641804175E-02   
neutron rms                    1.75000000E-02   4.8351893415E-01 +-    1.2234124234E-02   
total rms                      1.75000000E-02   4.7595785284E-02 +-    1.8298308516E-02   
neutron-proton rms             1.75000000E-02   9.2801586605E-01 +-    2.0228669256E-02   
GT sigXtau+                    1.75000000E-02  -2.6932702873E-03 +-    6.0251730530E-05   
GT sigYtau+                    1.75000000E-02  -5.1233969486E-03 +-    7.5962857530E-05   
GT sigZtau+                    1.75000000E-02   9.9686371636E-03 +-    1.0187627143E-04   
GT sigXtau-                    1.75000000E-02  -5.2760093034E-03 +-    9.9038742727E-05   
GT sigYtau-                    1.75000000E-02   2.8419170995E-03 +-    8.8399032681E-05   
GT sigZtau-                    1.75000000E-02   2.8509183863E-03 +-    1.2387146713E-04   
F tau+                         1.75000000E-02  -4.4324463723E-20 +-    1.5443907734E-19   
F tau-                         1.75000000E-02   3.4822334733E-18 +-    1.2171636275E-19   
Psi**2                         1.75000000E-02  -1.4931676773E-04 +-    3.2622265084E-06   
single crossing/step           1.75000000E-02   8.6373965869E-03 +-    4.4352362184E-05   
global crossing/step           1.75000000E-02   8.4467205093E-03 +-    8.7728588927E-05   
energy numerator(real)         1.75000000E-02  -5.3061239786E-01 +-    9.4871866952E-01   
denominator psit/psigi(real)   1.75000000E-02   1.1537328791E-02 +-    1.3591655081E-02   
energy numerator(aimag)        1.75000000E-02   2.2336767128E+00 +-    6.5194231857E-01   
denominator psit/psigi(aimag)  1.75000000E-02  -3.4150463392E-03 +-    8.9467281503E-03   
growth(lin dt) energy          1.75000000E-02  -2.8243303751E+02 +-    6.0049044430E+00   
growth(global) energy          1.75000000E-02  -2.8793749101E+02 +-    1.1612393904E+01
growth energy                  1.75000000E-02  -2.8203623774E+02 +-    5.9777898733E+00
Time for propagation (sec) (min) =          21.756      0.363
Time for energies (sec) (min) =              0.789      0.013
Time for load balancing (sec) (min) =        0.028      0.000
Time for block (sec) (min) =                23.100      0.385
Time for operators (sec) (min) =             0.014      0.000
Elapsed block time (sec) (min) =           161.983      2.700
 
 walkers multiplicity, block, total
   0          55889         361525
   1        1000503        7053461
   2          55275         355232
   3            515           2511
   4             80            461
   5             20            133
   6             12             57
   7              3             28
   8              7             26
   9              2             11
  10              2              5
  11              0              5
  12              1              2
  13              0              3
  14              0              1
  15              0              2
  16              1              2
  18              0              2
  19              0              1
  20              1              3
 
 

iteration =                               8
walker number =                       10062
total energy-propagated        2.00000000E-02  -7.6835344265E+00 +-    1.9603737711E+00   
kinetic energy                 2.00000000E-02   7.5364826415E+01 +-    4.7421063518E+00   
potential energy               2.00000000E-02  -8.3048360841E+01 +-    4.1738235326E+00   
im energy                      2.00000000E-02  -1.6049432311E+01 +-    1.5925489467E+00   
imkin energy                   2.00000000E-02  -9.7917589940E+00 +-    1.9311625529E+00   
impot energy                   2.00000000E-02  -6.2576733174E+00 +-    1.4110240186E+00   
v cent                         2.00000000E-02   1.2965360753E+02 +-    3.4839326011E+00   
v tau                          2.00000000E-02   2.9940123289E+01 +-    1.0373792276E+00   
v sigma                        2.00000000E-02  -8.0450882144E+01 +-    1.8687424330E+00   
v sigtau                       2.00000000E-02  -1.4931501640E+02 +-    1.1395839931E+00   
v tensor                       2.00000000E-02  -2.2727282976E+01 +-    7.4373590612E-01   
v tenstau                      2.00000000E-02   9.8510898603E+00 +-    2.9428788271E+00   
v ls                           2.00000000E-02   0.0000000000E+00 +-    0.0000000000E+00   
v lstau                        2.00000000E-02   0.0000000000E+00 +-    0.0000000000E+00   
vpot v6                        2.00000000E-02  -8.3048360841E+01 +-    4.1738235326E+00   
vpot v8                        2.00000000E-02  -8.3048360841E+01 +-    4.1738235326E+00   
v coulomb                      2.00000000E-02   1.0131958047E+00 +-    6.2799958300E-03   
v external                     2.00000000E-02   0.0000000000E+00 +-    0.0000000000E+00   
tni 2pipr-anticomm             2.00000000E-02   0.0000000000E+00 +-    0.0000000000E+00   
tni vd1pr                      2.00000000E-02   0.0000000000E+00 +-    0.0000000000E+00   
tni vepr                       2.00000000E-02   0.0000000000E+00 +-    0.0000000000E+00   
tni central                    2.00000000E-02   0.0000000000E+00 +-    0.0000000000E+00   
tni 2pixx-anticommutator       2.00000000E-02   0.0000000000E+00 +-    0.0000000000E+00   
tni 2pixd-anticommutator       2.00000000E-02   0.0000000000E+00 +-    0.0000000000E+00   
tni 2pidd-anticommutator       2.00000000E-02   0.0000000000E+00 +-    0.0000000000E+00   
tni 2pixx-commutator           2.00000000E-02   0.0000000000E+00 +-    0.0000000000E+00   
tni 2pixd-commutator           2.00000000E-02   0.0000000000E+00 +-    0.0000000000E+00   
tni 2pidd-commutator           2.00000000E-02   0.0000000000E+00 +-    0.0000000000E+00   
tni 2pi-tm                     2.00000000E-02   0.0000000000E+00 +-    0.0000000000E+00   
tni vd1                        2.00000000E-02   0.0000000000E+00 +-    0.0000000000E+00   
tni vd2                        2.00000000E-02   0.0000000000E+00 +-    0.0000000000E+00   
tni ve                         2.00000000E-02   0.0000000000E+00 +-    0.0000000000E+00   
vpottot v8+tni                 2.00000000E-02  -8.3048360841E+01 +-    4.1738235326E+00   
enetot v8+tni                  2.00000000E-02  -7.6835344265E+00 +-    1.9603737711E+00   
vper cent                      2.00000000E-02   1.2965360753E+02 +-    3.4839326011E+00   
vper tau                       2.00000000E-02   2.9940123289E+01 +-    1.0373792276E+00   
vper sigma                     2.00000000E-02  -8.0450882144E+01 +-    1.8687424330E+00   
vper sigtau                    2.00000000E-02  -1.4931501640E+02 +-    1.1395839931E+00   
vper tensor                    2.00000000E-02  -2.2727282976E+01 +-    7.4373590612E-01   
vper tenstau                   2.00000000E-02   9.8510898603E+00 +-    2.9428788271E+00   
vper ls                        2.00000000E-02   0.0000000000E+00 +-    0.0000000000E+00   
vper lstau                     2.00000000E-02   0.0000000000E+00 +-    0.0000000000E+00   
vpotper v6                     2.00000000E-02  -8.3048360841E+01 +-    4.1738235326E+00   
vpotper v8                     2.00000000E-02  -8.3048360841E+01 +-    4.1738235326E+00   
vpotv6pr-vpotv6per diff        2.00000000E-02   0.0000000000E+00 +-    0.0000000000E+00   
vpotv8pr-vpotv8per diff        2.00000000E-02   0.0000000000E+00 +-    0.0000000000E+00   
2piapr-2pia diff               2.00000000E-02   0.0000000000E+00 +-    0.0000000000E+00   
vd1pr-vd1 diff                 2.00000000E-02   0.0000000000E+00 +-    0.0000000000E+00   
vepr-ve diff                   2.00000000E-02   0.0000000000E+00 +-    0.0000000000E+00   
diff1 2piapr-2pia-2picxx       2.00000000E-02   0.0000000000E+00 +-    0.0000000000E+00   
diff2 vd1pr-vd1-2picxd         2.00000000E-02   0.0000000000E+00 +-    0.0000000000E+00   
diff3 vepr-ve-2picdd           2.00000000E-02   0.0000000000E+00 +-    0.0000000000E+00   
sum diff1+dif2+diff3           2.00000000E-02   0.0000000000E+00 +-    0.0000000000E+00   
proton rms                     2.00000000E-02   1.4363628799E+00 +-    1.9803898935E-02   
neutron rms                    2.00000000E-02   1.2846002309E+00 +-    1.0174360345E-02   
total rms                      2.00000000E-02   1.3673814407E+00 +-    9.0260737972E-03   
neutron-proton rms             2.00000000E-02  -1.5176264900E-01 +-    2.2596864437E-02   
GT sigXtau+                    2.00000000E-02  -1.6945023222E-03 +-    6.0867999378E-05   
GT sigYtau+                    2.00000000E-02  -1.8039645470E-03 +-    5.5107134706E-05   
GT sigZtau+                    2.00000000E-02   9.5859258005E-04 +-    1.8998445239E-05   
GT sigXtau-                    2.00000000E-02  -1.7115181168E-03 +-    4.2549964164E-05   
GT sigYtau-                    2.00000000E-02  -1.4637276595E-03 +-    6.0480990419E-05   
GT sigZtau-                    2.00000000E-02   2.4858731453E-04 +-    4.4188289233E-05   
F tau+                         2.00000000E-02   1.0134727171E-18 +-    8.7484514578E-20   
F tau-                         2.00000000E-02   9.9195900943E-19 +-    1.0376821038E-19   
Psi**2                         2.00000000E-02  -2.3773833293E-05 +-    1.3623442681E-06   
single crossing/step           2.00000000E-02   8.4135767308E-03 +-    4.3425626559E-05   
global crossing/step           2.00000000E-02   8.2503774830E-03 +-    8.6011872966E-05   
energy numerator(real)         2.00000000E-02   3.3272386585E-01 +-    1.0751123882E+00   
denominator psit/psigi(real)   2.00000000E-02  -2.2736620406E-03 +-    1.4426263979E-02   
energy numerator(aimag)        2.00000000E-02   2.3892372848E-01 +-    7.4599063541E-01   
denominator psit/psigi(aimag)  2.00000000E-02  -3.3851361278E-02 +-    9.3942162102E-03   
growth(lin dt) energy          2.00000000E-02  -2.7143104397E+02 +-    5.8909767463E+00   
growth(global) energy          2.00000000E-02  -2.7914525687E+02 +-    1.3671399386E+01
growth energy                  2.00000000E-02  -2.7108160432E+02 +-    5.8659910764E+00
Time for propagation (sec) (min) =          22.120      0.369
Time for energies (sec) (min) =              0.706      0.012
Time for load balancing (sec) (min) =        0.029      0.000
Time for block (sec) (min) =                23.359      0.389
Time for operators (sec) (min) =             0.019      0.000
Elapsed block time (sec) (min) =           185.362      3.089
 
 walkers multiplicity, block, total
   0          59286         420811
   1        1025553        8079014
   2          56707         411939
   3            445           2956
   4             79            540
   5             24            157
   6              9             66
   7              7             35
   8              5             31
   9              1             12
  10              1              6
  11              0              5
  12              0              2
  13              0              3
  14              0              1
  15              0              2
  16              0              2
  18              0              2
  19              0              1
  20              1              4
 
 

iteration =                               9
walker number =                       10379
total energy-propagated        2.25000000E-02   6.4453147535E+01 +-    1.7590700042E+00   
kinetic energy                 2.25000000E-02   3.7481818192E+02 +-    7.5664920071E+00   
potential energy               2.25000000E-02  -3.1036503439E+02 +-    6.9436786011E+00   
im energy                      2.25000000E-02   2.6841544926E+01 +-    8.4857543387E-01   
imkin energy                   2.25000000E-02   1.3257295368E+02 +-    1.0120236959E+00   
impot energy                   2.25000000E-02  -1.0573140875E+02 +-    1.0185893397E+00   
v cent                         2.25000000E-02   1.6697208251E+02 +-    3.9542400523E+00   
v tau                          2.25000000E-02  -8.5355024674E+01 +-    9.1654155811E-01   
v sigma                        2.25000000E-02   5.6424517107E+01 +-    5.7868385768E-01   
v sigtau                       2.25000000E-02  -1.3279172000E+02 +-    1.0729565475E+00   
v tensor                       2.25000000E-02   5.0764780069E+00 +-    4.4392899901E-01   
v tenstau                      2.25000000E-02  -3.2069136734E+02 +-    4.7833800366E+00   
v ls                           2.25000000E-02   0.0000000000E+00 +-    0.0000000000E+00   
v lstau                        2.25000000E-02   0.0000000000E+00 +-    0.0000000000E+00   
vpot v6                        2.25000000E-02  -3.1036503439E+02 +-    6.9436786011E+00   
vpot v8                        2.25000000E-02  -3.1036503439E+02 +-    6.9436786011E+00   
v coulomb                      2.25000000E-02   9.2610274799E-01 +-    3.0289293302E-03   
v external                     2.25000000E-02   0.0000000000E+00 +-    0.0000000000E+00   
tni 2pipr-anticomm             2.25000000E-02   0.0000000000E+00 +-    0.0000000000E+00   
tni vd1pr                      2.25000000E-02   0.0000000000E+00 +-    0.0000000000E+00   
tni vepr                       2.25000000E-02   0.0000000000E+00 +-    0.0000000000E+00   
tni central                    2.25000000E-02   0.0000000000E+00 +-    0.0000000000E+00   
tni 2pixx-anticommutator       2.25000000E-02   0.0000000000E+00 +-    0.0000000000E+00   
tni 2pixd-anticommutator       2.25000000E-02   0.0000000000E+00 +-    0.0000000000E+00   
tni 2pidd-anticommutator       2.25000000E-02   0.0000000000E+00 +-    0.0000000000E+00   
tni 2pixx-commutator           2.25000000E-02   0.0000000000E+00 +-    0.0000000000E+00   
tni 2pixd-commutator           2.25000000E-02   0.0000000000E+00 +-    0.0000000000E+00   
tni 2pidd-commutator           2.25000000E-02   0.0000000000E+00 +-    0.0000000000E+00   
tni 2pi-tm                     2.25000000E-02   0.0000000000E+00 +-    0.0000000000E+00   
tni vd1                        2.25000000E-02   0.0000000000E+00 +-    0.0000000000E+00   
tni vd2                        2.25000000E-02   0.0000000000E+00 +-    0.0000000000E+00   
tni ve                         2.25000000E-02   0.0000000000E+00 +-    0.0000000000E+00   
vpottot v8+tni                 2.25000000E-02  -3.1036503439E+02 +-    6.9436786011E+00   
enetot v8+tni                  2.25000000E-02   6.4453147535E+01 +-    1.7590700042E+00   
vper cent                      2.25000000E-02   1.6697208251E+02 +-    3.9542400523E+00   
vper tau                       2.25000000E-02  -8.5355024674E+01 +-    9.1654155811E-01   
vper sigma                     2.25000000E-02   5.6424517107E+01 +-    5.7868385768E-01   
vper sigtau                    2.25000000E-02  -1.3279172000E+02 +-    1.0729565475E+00   
vper tensor                    2.25000000E-02   5.0764780069E+00 +-    4.4392899901E-01   
vper tenstau                   2.25000000E-02  -3.2069136734E+02 +-    4.7833800366E+00   
vper ls                        2.25000000E-02   0.0000000000E+00 +-    0.0000000000E+00   
vper lstau                     2.25000000E-02   0.0000000000E+00 +-    0.0000000000E+00   
vpotper v6                     2.25000000E-02  -3.1036503439E+02 +-    6.9436786011E+00   
vpotper v8                     2.25000000E-02  -3.1036503439E+02 +-    6.9436786011E+00   
vpotv6pr-vpotv6per diff        2.25000000E-02   0.0000000000E+00 +-    0.0000000000E+00   
vpotv8pr-vpotv8per diff        2.25000000E-02   0.0000000000E+00 +-    0.0000000000E+00   
2piapr-2pia diff               2.25000000E-02   0.0000000000E+00 +-    0.0000000000E+00   
vd1pr-vd1 diff                 2.25000000E-02   0.0000000000E+00 +-    0.0000000000E+00   
vepr-ve diff                   2.25000000E-02   0.0000000000E+00 +-    0.0000000000E+00   
diff1 2piapr-2pia-2picxx       2.25000000E-02   0.0000000000E+00 +-    0.0000000000E+00   
diff2 vd1pr-vd1-2picxd         2.25000000E-02   0.0000000000E+00 +-    0.0000000000E+00   
diff3 vepr-ve-2picdd           2.25000000E-02   0.0000000000E+00 +-    0.0000000000E+00   
sum diff1+dif2+diff3           2.25000000E-02   0.0000000000E+00 +-    0.0000000000E+00   
proton rms                     2.25000000E-02   4.5506495780E-01 +-    2.0092950349E-02   
neutron rms                    2.25000000E-02   2.3141690187E-01 +-    2.5083044219E-02   
total rms                      2.25000000E-02   3.5732059523E-01 +-    1.6648843645E-02   
neutron-proton rms             2.25000000E-02  -2.2364805593E-01 +-    2.4069333739E-02   
GT sigXtau+                    2.25000000E-02   5.6909889495E-04 +-    4.5180425811E-05   
GT sigYtau+                    2.25000000E-02  -3.0244933758E-03 +-    1.0642230846E-04   
GT sigZtau+                    2.25000000E-02  -2.6296456968E-03 +-    1.1810175903E-04   
GT sigXtau-                    2.25000000E-02   1.5384793689E-03 +-    6.7572299250E-05   
GT sigYtau-                    2.25000000E-02   6.2217259886E-03 +-    7.9083212829E-05   
GT sigZtau-                    2.25000000E-02  -2.6830932617E-03 +-    6.3258935111E-05   
F tau+                         2.25000000E-02   1.6612644387E-18 +-    1.1713788999E-19   
F tau-                         2.25000000E-02   4.9496021794E-18 +-    1.4798356127E-19   
Psi**2                         2.25000000E-02   9.8340909629E-05 +-    2.1463115061E-06   
single crossing/step           2.25000000E-02   8.1473438805E-03 +-    4.3078449434E-05   
global crossing/step           2.25000000E-02   8.0274692115E-03 +-    8.5525889934E-05   
energy numerator(real)         2.25000000E-02  -2.2488276737E+00 +-    9.2903389619E-01   
denominator psit/psigi(real)   2.25000000E-02  -1.0737798556E-02 +-    1.3872811975E-02   
energy numerator(aimag)        2.25000000E-02  -2.1991850419E-02 +-    6.5253041088E-01   
denominator psit/psigi(aimag)  2.25000000E-02   1.5934679436E-02 +-    9.4328503356E-03   
growth(lin dt) energy          2.25000000E-02  -2.7469562824E+02 +-    5.9636496925E+00   
growth(global) energy          2.25000000E-02  -2.7483509071E+02 +-    1.1944546165E+01
growth energy                  2.25000000E-02  -2.7433244863E+02 +-    5.9378678593E+00
Time for propagation (sec) (min) =          21.768      0.363
Time for energies (sec) (min) =              0.728      0.012
Time for load balancing (sec) (min) =        0.029      0.000
Time for block (sec) (min) =                23.009      0.383
Time for operators (sec) (min) =             0.018      0.000
Elapsed block time (sec) (min) =           208.398      3.473
 
 walkers multiplicity, block, total
   0          57271         478082
   1         998746        9077760
   2          56176         468115
   3            480           3436
   4             69            609
   5             27            184
   6              9             75
   7              6             41
   8              5             36
   9              1             13
  10              0              6
  11              0              5
  12              0              2
  13              0              3
  14              1              2
  15              0              2
  16              0              2
  18              0              2
  19              0              1
  20              0              4
 
 

iteration =                              10
walker number =                       11725
total energy-propagated        2.50000000E-02  -8.4492399567E+01 +-    7.9451421373E-01   
kinetic energy                 2.50000000E-02   2.6892936693E+01 +-    4.7983003029E+00   
potential energy               2.50000000E-02  -1.1138533626E+02 +-    4.6760055256E+00   
im energy                      2.50000000E-02   1.7072691856E+01 +-    7.8307613324E-01   
imkin energy                   2.50000000E-02   8.2520550705E+01 +-    8.7238614053E-01   
impot energy                   2.50000000E-02  -6.5447858849E+01 +-    7.0685740973E-01   
v cent                         2.50000000E-02   1.0952399801E+02 +-    3.7722761560E+00   
v tau                          2.50000000E-02  -1.9474040397E+01 +-    6.6343373404E-01   
v sigma                        2.50000000E-02  -8.5319295219E+00 +-    7.7273679881E-01   
v sigtau                       2.50000000E-02  -1.3415480667E+02 +-    7.2507798440E-01   
v tensor                       2.50000000E-02  -1.2697850123E-01 +-    2.3079184334E-01   
v tenstau                      2.50000000E-02  -5.8621579176E+01 +-    3.1005321562E+00   
v ls                           2.50000000E-02   0.0000000000E+00 +-    0.0000000000E+00   
v lstau                        2.50000000E-02   0.0000000000E+00 +-    0.0000000000E+00   
vpot v6                        2.50000000E-02  -1.1138533626E+02 +-    4.6760055256E+00   
vpot v8                        2.50000000E-02  -1.1138533626E+02 +-    4.6760055256E+00   
v coulomb                      2.50000000E-02   1.2002974544E+00 +-    4.2668199545E-03   
v external                     2.50000000E-02   0.0000000000E+00 +-    0.0000000000E+00   
tni 2pipr-anticomm             2.50000000E-02   0.0000000000E+00 +-    0.0000000000E+00   
tni vd1pr                      2.50000000E-02   0.0000000000E+00 +-    0.0000000000E+00   
tni vepr                       2.50000000E-02   0.0000000000E+00 +-    0.0000000000E+00   
tni central                    2.50000000E-02   0.0000000000E+00 +-    0.0000000000E+00   
tni 2pixx-anticommutator       2.50000000E-02   0.0000000000E+00 +-    0.0000000000E+00   
tni 2pixd-anticommutator       2.50000000E-02   0.0000000000E+00 +-    0.0000000000E+00   
tni 2pidd-anticommutator       2.50000000E-02   0.0000000000E+00 +-    0.0000000000E+00   
tni 2pixx-commutator           2.50000000E-02   0.0000000000E+00 +-    0.0000000000E+00   
tni 2pixd-commutator           2.50000000E-02   0.0000000000E+00 +-    0.0000000000E+00   
tni 2pidd-commutator           2.50000000E-02   0.0000000000E+00 +-    0.0000000000E+00   
tni 2pi-tm                     2.50000000E-02   0.0000000000E+00 +-    0.0000000000E+00   
tni vd1                        2.50000000E-02   0.0000000000E+00 +-    0.0000000000E+00   
tni vd2                        2.50000000E-02   0.0000000000E+00 +-    0.0000000000E+00   
tni ve                         2.50000000E-02   0.0000000000E+00 +-    0.0000000000E+00   
vpottot v8+tni                 2.50000000E-02  -1.1138533626E+02 +-    4.6760055256E+00   
enetot v8+tni                  2.50000000E-02  -8.4492399567E+01 +-    7.9451421373E-01   
vper cent                      2.50000000E-02   1.0952399801E+02 +-    3.7722761560E+00   
vper tau                       2.50000000E-02  -1.9474040397E+01 +-    6.6343373404E-01   
vper sigma                     2.50000000E-02  -8.5319295219E+00 +-    7.7273679881E-01   
vper sigtau                    2.50000000E-02  -1.3415480667E+02 +-    7.2507798440E-01   
vper tensor                    2.50000000E-02  -1.2697850123E-01 +-    2.3079184334E-01   
vper tenstau                   2.50000000E-02  -5.8621579176E+01 +-    3.1005321562E+00   
vper ls                        2.50000000E-02   0.0000000000E+00 +-    0.0000000000E+00   
vper lstau                     2.50000000E-02   0.0000000000E+00 +-    0.0000000000E+00   
vpotper v6                     2.50000000E-02  -1.1138533626E+02 +-    4.6760055256E+00   
vpotper v8                     2.50000000E-02  -1.1138533626E+02 +-    4.6760055256E+00   
vpotv6pr-vpotv6per diff        2.50000000E-02   0.0000000000E+00 +-    0.0000000000E+00   
vpotv8pr-vpotv8per diff        2.50000000E-02   0.0000000000E+00 +-    0.0000000000E+00   
2piapr-2pia diff               2.50000000E-02   0.0000000000E+00 +-    0.0000000000E+00   
vd1pr-vd1 diff                 2.50000000E-02   0.0000000000E+00 +-    0.0000000000E+00   
vepr-ve diff                   2.50000000E-02   0.0000000000E+00 +-    0.0000000000E+00   
diff1 2piapr-2pia-2picxx       2.50000000E-02   0.0000000000E+00 +-    0.0000000000E+00   
diff2 vd1pr-vd1-2picxd         2.50000000E-02   0.0000000000E+00 +-    0.0000000000E+00   
diff3 vepr-ve-2picdd           2.50000000E-02   0.0000000000E+00 +-    0.0000000000E+00   
sum diff1+dif2+diff3           2.50000000E-02   0.0000000000E+00 +-    0.0000000000E+00   
proton rms                     2.50000000E-02   9.4008501109E-01 +-    1.1941165209E-02   
neutron rms                    2.50000000E-02   1.3469148015E+00 +-    1.1327189088E-02   
total rms                      2.50000000E-02   1.1507258909E+00 +-    1.1262491479E-02   
neutron-proton rms             2.50000000E-02   4.0682979044E-01 +-    1.6466753358E-02   
GT sigXtau+                    2.50000000E-02  -3.5332211610E-04 +-    5.6594447226E-05   
GT sigYtau+                    2.50000000E-02  -1.7750558927E-03 +-    5.3317612268E-05   
GT sigZtau+                    2.50000000E-02   2.4710490238E-03 +-    6.1501604503E-05   
GT sigXtau-                    2.50000000E-02  -2.0152178684E-03 +-    3.9868960791E-05   
GT sigYtau-                    2.50000000E-02  -2.4772289668E-03 +-    5.6929645570E-05   
GT sigZtau-                    2.50000000E-02   2.6150306802E-03 +-    2.8792769707E-05   
F tau+                         2.50000000E-02   1.0144183206E-18 +-    7.2244502833E-20   
F tau-                         2.50000000E-02   6.2813198527E-19 +-    6.5601389822E-20   
Psi**2                         2.50000000E-02   1.0182904114E-04 +-    1.8064583707E-06   
single crossing/step           2.50000000E-02   8.9298911169E-03 +-    4.4929591421E-05   
global crossing/step           2.50000000E-02   8.7095520411E-03 +-    8.8753515461E-05   
energy numerator(real)         2.50000000E-02  -2.9292906026E+00 +-    9.1887917877E-01   
denominator psit/psigi(real)   2.50000000E-02   3.1049207892E-02 +-    1.3249366023E-02   
energy numerator(aimag)        2.50000000E-02  -2.6846512430E-01 +-    6.4649847353E-01   
denominator psit/psigi(aimag)  2.50000000E-02   1.2308969079E-02 +-    8.7370531663E-03   
growth(lin dt) energy          2.50000000E-02  -2.9231093357E+02 +-    6.2237290562E+00   
growth(global) energy          2.50000000E-02  -3.0319178626E+02 +-    1.2517939884E+01
growth energy                  2.50000000E-02  -2.9186905727E+02 +-    6.1940868328E+00
Time for propagation (sec) (min) =          21.914      0.365
Time for energies (sec) (min) =              0.822      0.014
Time for load balancing (sec) (min) =        0.026      0.000
Time for block (sec) (min) =                23.248      0.387
Time for operators (sec) (min) =             0.016      0.000
Elapsed block time (sec) (min) =           231.662      3.861
 
 walkers multiplicity, block, total
   0          58476         536558
   1        1002802       10080562
   2          58131         526246
   3            519           3955
   4             95            704
   5             36            220
   6             14             89
   7              8             49
   8              5             41
   9              2             15
  10              0              6
  11              1              6
  12              0              2
  13              0              3
  14              1              3
  15              0              2
  16              1              3
  18              1              3
  19              0              1
  20              0              4
 
 

Time for steps      =     231.671 seconds,        3.861 minutes
Master Time for steps =     231.479 seconds,        3.858 minutes

Number of cpus =       100
Total job time =     237.658 seconds,        3.961 minutes,        0.066 hours
Total cpu-time =     396.097 minutes,        6.602 hours
Total time =         237.491 seconds,        3.958 minutes,        0.066 hours
Finished!
