Unconstrained Diffusion Monte Carlo Run -- no drift
!-!-!-!-!-!-!-!-!-!-!-!-!-!-!-!-!-!-!-!-!-!-!-!-!-!
MPI parameters:
Number of boss cpus =                         100
Number of worker cpus for each boss =           0
Total number of cpus =                        100
Simulation parameters:
random number seed =                          321
hbar^2/2m =                              20.73554
start from sites =                              F
nwalk =                                     10000
equilibration blocks =                          0
averaging blocks =                             10
nsteps/blocks =                               100
time step =                          0.0000250000
time step rotations (vmc) =          0.1700000000
trial energy =                          -26.00000
drift cutoff =                            0.00000
drastic population control up =           1.20000
drastic population control down =         0.80000
rebalance if walkers fluctuate more than   2.00 %
weight cut off =                         20.00000
table size =                                 8000
!-!-!-!-!-!-!-!-!-!-!-!-!-!-!-!-!-!-!-!-!-!-!-!-!-!
System parameters:
lpot =                                         11
lpotper =                                      11
potential  =                          argonne v6'
potentialpr =                         argonne v6'
Coulomb included in energy-propagation          F
multiply central v by =                   1.00000
multiply tau v by =                       1.00000
multiply sigma v by =                     1.00000
multiply sigma tau v by =                 1.00000
multiply tensor v by =                    1.00000
multiply tensor tau v by =                1.00000
multiply spin-orbit v by =                0.00000
multiply spin-orbit tau v by =            0.00000
three-body potential =                        no3
ibox (0 is nearest image) =                     0
!-!-!-!-!-!-!-!-!-!-!-!-!-!-!-!-!-!-!-!-!-!-!-!-!-!
propagate LS =                                  F
calculate LS =                                  F
type of correlations =           independent pair
scale orbital   1 with factor    1.14000
determinant # 1
coefficient                     1.00000   0.00000
1  1  0  1  alpha.orb    # 2J,2M,L,tau radial_file for state                    
1 -1  0  1  alpha.orb    # 2J,2M,L,tau radial_file for state                    
1  1  0 -1  alpha.orb    # 2J,2M,L,tau radial_file for state                    
1 -1  0 -1  alpha.orb    # 2J,2M,L,tau radial_file for state                    
rescaled coefficient            1.00000   0.00000
!-!-!-!-!-!-!-!-!-!-!-!-!-!-!-!-!-!-!-!-!-!-!-!-!-!
No external potential
!-!-!-!-!-!-!-!-!-!-!-!-!-!-!-!-!-!-!-!-!-!-!-!-!-!
rcut in pair sampling =                   1.00000
acut in pair sampling =                   5.00000
a constant in psig =                      0.20000
Number of protons =                             2
Number of neutrons =                            2
range of the potential =                 20.00000
!-!-!-!-!-!-!-!-!-!-!-!-!-!-!-!-!-!-!-!-!-!-!-!-!-!
do V3 =                                         F
three body force =                            no3
three body a2piPwa =                      0.000000000000000
three body a2piPwc =                      0.000000000000000
three body a2piSw =                       0.000000000000000
three body Vd,C,c3 =                      0.000000000000000
three body Ve,C,c3 =                      0.000000000000000
three body A_R =                          0.000000000000000
three body Vd1 =                          0.000000000000000
three body Vd2 =                          0.000000000000000
three body Ve =                           0.000000000000000
propagator: multiply the antic by =       0.000000000000000
propagator: multiply the Vd1 by =         0.000000000000000
propagator: multiply the Ve by =          0.000000000000000
propagator: three body a2piPW =           0.000000000000000
!-!-!-!-!-!-!-!-!-!-!-!-!-!-!-!-!-!-!-!-!-!-!-!-!-!
jastrow healing distance dc =             4.47768
jastrow healing distance dtn =           11.57317
jastrow rho =                             0.01000
potential quencher acn (v1) =             1.50851
potential quencher at  (v2) =             6.06936
potential quencher as  (v3) =             2.76780
potential quencher ast (v4) =             0.80880
potential quencher atn (v5) =             0.61864
potential quencher atn (v6) =             0.20141
potential quencher als (v7) =             0.00000
potential quencher alst (v8) =            0.00000
correlation quencher bt (f2) =            0.26685
correlation quencher bs (f3) =           -0.10565
correlation quencher bst (f4) =           0.42277
correlation quencher btn (f5) =           1.08683
correlation quencher btn (f6) =           4.44810
correlation quencher bls (f7) =           0.00000
correlation quencher blst (f8) =          0.00000
!-!-!-!-!-!-!-!-!-!-!-!-!-!-!-!-!-!-!-!-!-!-!-!-!-!
q1c parameter in f3c =                   12.87526
q2c parameter in f3c =                    1.60340
q1p parameter in f3p =                   -1.81620
q2p parameter in f3p =                    2.14789
!-!-!-!-!-!-!-!-!-!-!-!-!-!-!-!-!-!-!-!-!-!-!-!-!-!
rscal parameter in Uijk cent =            1.00000
rscal parameter in Uijk xpi =             1.00000
rscal parameter in Uijk delta =           1.00000
eps_c parameter in Uijk =                 0.00000
eps_anti parameter in Uijk =              0.00000
eps_tm parameter in Uijk =                0.00000
eps_vd1 parameter in Uijk =               0.00000
eps_vd2 parameter in Uijk =               0.00000
eps_vdc3 parameter in Uijk =              0.00000
eps_vec3 parameter in Uijk =              0.00000
eps_ve parameter in Uijk =                0.00000
eps_comm parameter in Uijk =              0.00000
eps_comm-XD parameter in Uijk =           0.00000
eps_comm-DD parameter in Uijk =           0.00000
TNI-comm correlation included =                 F
!-!-!-!-!-!-!-!-!-!-!-!-!-!-!-!-!-!-!-!-!-!-!-!-!-!
CSB correlation rscalpp =                 1.00000
CSB correlation rscalnn =                 1.00000
CSB correlation quencher pp =             0.00000
CSB correlation quencher nn =             0.00000
CSB correlation included =                      F
!-!-!-!-!-!-!-!-!-!-!-!-!-!-!-!-!-!-!-!-!-!-!-!-!-!
jastrow initialized
!-!-!-!-!-!-!-!-!-!-!-!-!-!-!-!-!-!-!-!-!-!-!-!-!-!
Symmetrize V6 in the propagator =               T
New propagation of Vlstau and commutator included!
Coulomb included in energy (and propag)         F
Initial walkers from file
Number of walkers =                         10012
Configurations at tau =              1.0750000000
Reset tau =                          0.0000000000
!-!-!-!-!-!-!-!-!-!-!-!-!-!-!-!-!-!-!-!-!-!-!-!-!-!
Time for reading configurations (sec.) =       0.83
!-!-!-!-!-!-!-!-!-!-!-!-!-!-!-!-!-!-!-!-!-!-!-!-!-!
Initial configurations:
total energy-propagated        0.00000000E+00  -2.7744700086E+01 +-    3.6372365341E-01   
kinetic energy                 0.00000000E+00   1.0626008092E+02 +-    1.5514321577E+00   
potential energy               0.00000000E+00  -1.3400478101E+02 +-    1.5073073791E+00   
v cent                         0.00000000E+00   1.8076247694E+01 +-    1.4336826011E+00   
v tau                          0.00000000E+00  -7.6993227788E+00 +-    2.1766008431E-01   
v sigma                        0.00000000E+00  -8.9211543135E+00 +-    2.3532946386E-01   
v sigtau                       0.00000000E+00  -6.1802225343E+01 +-    5.3466487678E-01   
v tensor                       0.00000000E+00   5.6323749146E-01 +-    1.2661246479E-01   
v tenstau                      0.00000000E+00  -7.4221563756E+01 +-    9.3110411932E-01   
v ls                           0.00000000E+00   0.0000000000E+00 +-    0.0000000000E+00   
v lstau                        0.00000000E+00   0.0000000000E+00 +-    0.0000000000E+00   
v coulomb                      0.00000000E+00   7.5008913862E-01 +-    2.6518621808E-03   
v external                     0.00000000E+00   0.0000000000E+00 +-    0.0000000000E+00   
tni 2pipr-anticomm             0.00000000E+00   0.0000000000E+00 +-    0.0000000000E+00   
tni vd1pr                      0.00000000E+00   0.0000000000E+00 +-    0.0000000000E+00   
tni vepr                       0.00000000E+00   0.0000000000E+00 +-    0.0000000000E+00   
tni central                    0.00000000E+00   0.0000000000E+00 +-    0.0000000000E+00   
tni 2pixx-anticommutator       0.00000000E+00   0.0000000000E+00 +-    0.0000000000E+00   
tni 2pixd-anticommutator       0.00000000E+00   0.0000000000E+00 +-    0.0000000000E+00   
tni 2pidd-anticommutator       0.00000000E+00   0.0000000000E+00 +-    0.0000000000E+00   
tni 2pixx-commutator           0.00000000E+00   0.0000000000E+00 +-    0.0000000000E+00   
tni 2pixd-commutator           0.00000000E+00   0.0000000000E+00 +-    0.0000000000E+00   
tni 2pidd-commutator           0.00000000E+00   0.0000000000E+00 +-    0.0000000000E+00   
tni 2pi-tm                     0.00000000E+00   0.0000000000E+00 +-    0.0000000000E+00   
tni vd1                        0.00000000E+00   0.0000000000E+00 +-    0.0000000000E+00   
tni vd2                        0.00000000E+00   0.0000000000E+00 +-    0.0000000000E+00   
tni ve                         0.00000000E+00   0.0000000000E+00 +-    0.0000000000E+00   
enetot v8+tni                  0.00000000E+00  -2.7744700086E+01 +-    3.6372365341E-01   
!-!-!-!-!-!-!-!-!-!-!-!-!-!-!-!-!-!-!-!-!-!-!-!-!-!
Psi**2 of initial configurations  =   0.2770688E-04  0.0000000E+00  +-    0.6223450E-06  0.0000000E+00
Psig**2 of initial configurations =   0.1784497E-04  0.0000000E+00  +-    0.4628435E-06  0.0000000E+00
!-!-!-!-!-!-!-!-!-!-!-!-!-!-!-!-!-!-!-!-!-!-!-!-!-!
T**2 of initial configurations  =  -0.1768775E-07  0.8341100E-10
Tz of initial configurations    =  -0.1978864E-14  0.5988141E-14
J**2 of initial configurations  =   0.2983127E-07  0.1084828E-08
Jz of initial configurations    =  -0.3898448E-15 -0.9605339E-15
!-!-!-!-!-!-!-!-!-!-!-!-!-!-!-!-!-!-!-!-!-!-!-!-!-!
!-!-!-!-!-!-!-!-!-!-!-!-!-!-!-!-!-!-!-!-!-!-!-!-!-!
Time to process initial configurations (sec.) =       1.71
!-!-!-!-!-!-!-!-!-!-!-!-!-!-!-!-!-!-!-!-!-!-!-!-!-!

equilibration done

iteration =                               1
walker number =                       11391
total energy-propagated        2.50000000E-03  -2.8108927821E+01 +-    2.8662806217E-01   
kinetic energy                 2.50000000E-03   1.0691517024E+02 +-    1.3422263228E+00   
potential energy               2.50000000E-03  -1.3502409807E+02 +-    1.2928604264E+00   
im energy                      2.50000000E-03   1.0665908623E-01 +-    1.9635575741E-01   
imkin energy                   2.50000000E-03  -7.4870008306E-01 +-    4.5516898402E-01   
impot energy                   2.50000000E-03   8.5535916929E-01 +-    4.1430911172E-01   
v cent                         2.50000000E-03   1.1686469012E+01 +-    1.0922865765E+00   
v tau                          2.50000000E-03  -6.4254830373E+00 +-    2.1264272357E-01   
v sigma                        2.50000000E-03  -9.4218101497E+00 +-    2.2028979179E-01   
v sigtau                       2.50000000E-03  -6.1938610037E+01 +-    4.8317924291E-01   
v tensor                       2.50000000E-03   4.2688047428E-01 +-    1.1214211503E-01   
v tenstau                      2.50000000E-03  -6.9351544328E+01 +-    8.5962485508E-01   
v ls                           2.50000000E-03   0.0000000000E+00 +-    0.0000000000E+00   
v lstau                        2.50000000E-03   0.0000000000E+00 +-    0.0000000000E+00   
vpot v6                        2.50000000E-03  -1.3502409807E+02 +-    1.2928604264E+00   
vpot v8                        2.50000000E-03  -1.3502409807E+02 +-    1.2928604264E+00   
v coulomb                      2.50000000E-03   7.4868989795E-01 +-    2.5718748613E-03   
v external                     2.50000000E-03   0.0000000000E+00 +-    0.0000000000E+00   
tni 2pipr-anticomm             2.50000000E-03   0.0000000000E+00 +-    0.0000000000E+00   
tni vd1pr                      2.50000000E-03   0.0000000000E+00 +-    0.0000000000E+00   
tni vepr                       2.50000000E-03   0.0000000000E+00 +-    0.0000000000E+00   
tni central                    2.50000000E-03   0.0000000000E+00 +-    0.0000000000E+00   
tni 2pixx-anticommutator       2.50000000E-03   0.0000000000E+00 +-    0.0000000000E+00   
tni 2pixd-anticommutator       2.50000000E-03   0.0000000000E+00 +-    0.0000000000E+00   
tni 2pidd-anticommutator       2.50000000E-03   0.0000000000E+00 +-    0.0000000000E+00   
tni 2pixx-commutator           2.50000000E-03   0.0000000000E+00 +-    0.0000000000E+00   
tni 2pixd-commutator           2.50000000E-03   0.0000000000E+00 +-    0.0000000000E+00   
tni 2pidd-commutator           2.50000000E-03   0.0000000000E+00 +-    0.0000000000E+00   
tni 2pi-tm                     2.50000000E-03   0.0000000000E+00 +-    0.0000000000E+00   
tni vd1                        2.50000000E-03   0.0000000000E+00 +-    0.0000000000E+00   
tni vd2                        2.50000000E-03   0.0000000000E+00 +-    0.0000000000E+00   
tni ve                         2.50000000E-03   0.0000000000E+00 +-    0.0000000000E+00   
vpottot v8+tni                 2.50000000E-03  -1.3502409807E+02 +-    1.2928604264E+00   
enetot v8+tni                  2.50000000E-03  -2.8108927821E+01 +-    2.8662806217E-01   
vper cent                      2.50000000E-03   1.1686469012E+01 +-    1.0922865765E+00   
vper tau                       2.50000000E-03  -6.4254830373E+00 +-    2.1264272357E-01   
vper sigma                     2.50000000E-03  -9.4218101497E+00 +-    2.2028979179E-01   
vper sigtau                    2.50000000E-03  -6.1938610037E+01 +-    4.8317924291E-01   
vper tensor                    2.50000000E-03   4.2688047428E-01 +-    1.1214211503E-01   
vper tenstau                   2.50000000E-03  -6.9351544328E+01 +-    8.5962485508E-01   
vper ls                        2.50000000E-03   0.0000000000E+00 +-    0.0000000000E+00   
vper lstau                     2.50000000E-03   0.0000000000E+00 +-    0.0000000000E+00   
vpotper v6                     2.50000000E-03  -1.3502409807E+02 +-    1.2928604264E+00   
vpotper v8                     2.50000000E-03  -1.3502409807E+02 +-    1.2928604264E+00   
vpotv6pr-vpotv6per diff        2.50000000E-03   0.0000000000E+00 +-    0.0000000000E+00   
vpotv8pr-vpotv8per diff        2.50000000E-03   0.0000000000E+00 +-    0.0000000000E+00   
2piapr-2pia diff               2.50000000E-03   0.0000000000E+00 +-    0.0000000000E+00   
vd1pr-vd1 diff                 2.50000000E-03   0.0000000000E+00 +-    0.0000000000E+00   
vepr-ve diff                   2.50000000E-03   0.0000000000E+00 +-    0.0000000000E+00   
diff1 2piapr-2pia-2picxx       2.50000000E-03   0.0000000000E+00 +-    0.0000000000E+00   
diff2 vd1pr-vd1-2picxd         2.50000000E-03   0.0000000000E+00 +-    0.0000000000E+00   
diff3 vepr-ve-2picdd           2.50000000E-03   0.0000000000E+00 +-    0.0000000000E+00   
sum diff1+dif2+diff3           2.50000000E-03   0.0000000000E+00 +-    0.0000000000E+00   
proton rms                     2.50000000E-03   2.0217226329E+00 +-    1.1930609207E-02   
neutron rms                    2.50000000E-03   2.0411437398E+00 +-    1.2345062553E-02   
total rms                      2.50000000E-03   2.0300387513E+00 +-    1.0840363829E-02   
neutron-proton rms             2.50000000E-03   1.9421106857E-02 +-    1.0846195594E-02   
GT sigXtau+                    2.50000000E-03   4.0389038258E-05 +-    2.2286503774E-05   
GT sigYtau+                    2.50000000E-03  -1.7223938546E-05 +-    2.2040443084E-05   
GT sigZtau+                    2.50000000E-03   7.1073396786E-05 +-    2.2082088080E-05   
GT sigXtau-                    2.50000000E-03   6.1511411308E-05 +-    2.1335545593E-05   
GT sigYtau-                    2.50000000E-03  -6.9274385627E-05 +-    2.1604909955E-05   
GT sigZtau-                    2.50000000E-03  -5.4549405603E-06 +-    2.2085271883E-05   
F tau+                         2.50000000E-03  -6.5845936821E-20 +-    4.1047054399E-20   
F tau-                         2.50000000E-03   5.6877295352E-20 +-    4.0653889017E-20   
Psi**2                         2.50000000E-03   2.5738557112E-05 +-    5.3045441508E-07   
single crossing/step           2.50000000E-03   9.1703036665E-03 +-    4.5733502254E-05   
global crossing/step           2.50000000E-03   9.0077896249E-03 +-    9.0660336856E-05   
energy numerator(real)         2.50000000E-03  -2.9082659959E+01 +-    7.3761202650E-01   
denominator psit/psigi(real)   2.50000000E-03   1.0344412750E+00 +-    1.0776598469E-02   
energy numerator(aimag)        2.50000000E-03   5.4659257394E-01 +-    5.1204795662E-01   
denominator psit/psigi(aimag)  2.50000000E-03   7.6419236687E-03 +-    6.9064257180E-03   
growth(lin dt) energy          2.50000000E-03  -2.0860431290E+02 +-    4.8381378941E+00   
growth(global) energy          2.50000000E-03  -2.2857283594E+02 +-    1.0646064225E+01
growth energy                  2.50000000E-03  -2.0846777511E+02 +-    4.8252275955E+00
Time for propagation (sec) (min) =          21.663      0.361
Time for energies (sec) (min) =              0.796      0.013
Time for load balancing (sec) (min) =        0.065      0.001
Time for block (sec) (min) =                23.206      0.387
Time for operators (sec) (min) =             0.015      0.000
Elapsed block time (sec) (min) =            23.223      0.387
 
 walkers multiplicity, block, total
   0          44300          44300
   1        1008456        1008456
   2          45054          45054
   3            211            211
   4             29             29
   5             10             10
   6              6              6
   7              2              2
   8              1              1
   9              0              0
  10              1              1
  19              1              1
 
 

iteration =                               2
walker number =                       10275
total energy-propagated        5.00000000E-03  -2.9093410378E+01 +-    3.3437842583E-01   
kinetic energy                 5.00000000E-03   9.9159023450E+01 +-    1.7036987552E+00   
potential energy               5.00000000E-03  -1.2825243383E+02 +-    1.6126212592E+00   
im energy                      5.00000000E-03   1.9165613074E+00 +-    2.2636781003E-01   
imkin energy                   5.00000000E-03   1.2752569919E+00 +-    5.8841910136E-01   
impot energy                   5.00000000E-03   6.4130431553E-01 +-    5.5568055850E-01   
v cent                         5.00000000E-03   1.8256239637E+01 +-    1.3450653057E+00   
v tau                          5.00000000E-03  -7.5160434391E+00 +-    2.4601708517E-01   
v sigma                        5.00000000E-03  -9.8819316437E+00 +-    2.6319324721E-01   
v sigtau                       5.00000000E-03  -6.3293712276E+01 +-    5.2602162754E-01   
v tensor                       5.00000000E-03  -3.9134897615E-01 +-    1.5226303545E-01   
v tenstau                      5.00000000E-03  -6.5425637130E+01 +-    1.0870236666E+00   
v ls                           5.00000000E-03   0.0000000000E+00 +-    0.0000000000E+00   
v lstau                        5.00000000E-03   0.0000000000E+00 +-    0.0000000000E+00   
vpot v6                        5.00000000E-03  -1.2825243383E+02 +-    1.6126212592E+00   
vpot v8                        5.00000000E-03  -1.2825243383E+02 +-    1.6126212592E+00   
v coulomb                      5.00000000E-03   7.4673804572E-01 +-    2.9697090618E-03   
v external                     5.00000000E-03   0.0000000000E+00 +-    0.0000000000E+00   
tni 2pipr-anticomm             5.00000000E-03   0.0000000000E+00 +-    0.0000000000E+00   
tni vd1pr                      5.00000000E-03   0.0000000000E+00 +-    0.0000000000E+00   
tni vepr                       5.00000000E-03   0.0000000000E+00 +-    0.0000000000E+00   
tni central                    5.00000000E-03   0.0000000000E+00 +-    0.0000000000E+00   
tni 2pixx-anticommutator       5.00000000E-03   0.0000000000E+00 +-    0.0000000000E+00   
tni 2pixd-anticommutator       5.00000000E-03   0.0000000000E+00 +-    0.0000000000E+00   
tni 2pidd-anticommutator       5.00000000E-03   0.0000000000E+00 +-    0.0000000000E+00   
tni 2pixx-commutator           5.00000000E-03   0.0000000000E+00 +-    0.0000000000E+00   
tni 2pixd-commutator           5.00000000E-03   0.0000000000E+00 +-    0.0000000000E+00   
tni 2pidd-commutator           5.00000000E-03   0.0000000000E+00 +-    0.0000000000E+00   
tni 2pi-tm                     5.00000000E-03   0.0000000000E+00 +-    0.0000000000E+00   
tni vd1                        5.00000000E-03   0.0000000000E+00 +-    0.0000000000E+00   
tni vd2                        5.00000000E-03   0.0000000000E+00 +-    0.0000000000E+00   
tni ve                         5.00000000E-03   0.0000000000E+00 +-    0.0000000000E+00   
vpottot v8+tni                 5.00000000E-03  -1.2825243383E+02 +-    1.6126212592E+00   
enetot v8+tni                  5.00000000E-03  -2.9093410378E+01 +-    3.3437842583E-01   
vper cent                      5.00000000E-03   1.8256239637E+01 +-    1.3450653057E+00   
vper tau                       5.00000000E-03  -7.5160434391E+00 +-    2.4601708517E-01   
vper sigma                     5.00000000E-03  -9.8819316437E+00 +-    2.6319324721E-01   
vper sigtau                    5.00000000E-03  -6.3293712276E+01 +-    5.2602162754E-01   
vper tensor                    5.00000000E-03  -3.9134897615E-01 +-    1.5226303545E-01   
vper tenstau                   5.00000000E-03  -6.5425637130E+01 +-    1.0870236666E+00   
vper ls                        5.00000000E-03   0.0000000000E+00 +-    0.0000000000E+00   
vper lstau                     5.00000000E-03   0.0000000000E+00 +-    0.0000000000E+00   
vpotper v6                     5.00000000E-03  -1.2825243383E+02 +-    1.6126212592E+00   
vpotper v8                     5.00000000E-03  -1.2825243383E+02 +-    1.6126212592E+00   
vpotv6pr-vpotv6per diff        5.00000000E-03   0.0000000000E+00 +-    0.0000000000E+00   
vpotv8pr-vpotv8per diff        5.00000000E-03   0.0000000000E+00 +-    0.0000000000E+00   
2piapr-2pia diff               5.00000000E-03   0.0000000000E+00 +-    0.0000000000E+00   
vd1pr-vd1 diff                 5.00000000E-03   0.0000000000E+00 +-    0.0000000000E+00   
vepr-ve diff                   5.00000000E-03   0.0000000000E+00 +-    0.0000000000E+00   
diff1 2piapr-2pia-2picxx       5.00000000E-03   0.0000000000E+00 +-    0.0000000000E+00   
diff2 vd1pr-vd1-2picxd         5.00000000E-03   0.0000000000E+00 +-    0.0000000000E+00   
diff3 vepr-ve-2picdd           5.00000000E-03   0.0000000000E+00 +-    0.0000000000E+00   
sum diff1+dif2+diff3           5.00000000E-03   0.0000000000E+00 +-    0.0000000000E+00   
proton rms                     5.00000000E-03   2.0437580361E+00 +-    1.3695600704E-02   
neutron rms                    5.00000000E-03   2.1020781218E+00 +-    1.4262617517E-02   
total rms                      5.00000000E-03   2.0692036896E+00 +-    1.2321886608E-02   
neutron-proton rms             5.00000000E-03   5.8320085739E-02 +-    1.2972953481E-02   
GT sigXtau+                    5.00000000E-03   1.4277386356E-04 +-    2.2313115296E-05   
GT sigYtau+                    5.00000000E-03   4.8553215716E-05 +-    2.1544034576E-05   
GT sigZtau+                    5.00000000E-03   1.6535028953E-04 +-    2.4233571038E-05   
GT sigXtau-                    5.00000000E-03  -9.2050541335E-05 +-    2.3923189865E-05   
GT sigYtau-                    5.00000000E-03  -1.0414716875E-04 +-    2.0007564431E-05   
GT sigZtau-                    5.00000000E-03   9.0217665614E-05 +-    2.3892659864E-05   
F tau+                         5.00000000E-03   4.7603090752E-20 +-    4.0575913813E-20   
F tau-                         5.00000000E-03   5.1908115227E-20 +-    3.9161794852E-20   
Psi**2                         5.00000000E-03   2.8239731014E-05 +-    6.3127529210E-07   
single crossing/step           5.00000000E-03   7.8366683904E-03 +-    4.2141762681E-05   
global crossing/step           5.00000000E-03   7.6361264246E-03 +-    8.3206527821E-05   
energy numerator(real)         5.00000000E-03  -1.8989714770E+01 +-    8.1826064804E-01   
denominator psit/psigi(real)   5.00000000E-03   6.5496953314E-01 +-    1.3467255415E-02   
energy numerator(aimag)        5.00000000E-03   2.4478712413E+00 +-    5.5902195196E-01   
denominator psit/psigi(aimag)  5.00000000E-03  -2.4940933374E-02 +-    8.6512503408E-03   
growth(lin dt) energy          5.00000000E-03  -2.2108633646E+02 +-    5.1440568293E+00   
growth(global) energy          5.00000000E-03  -2.1102665034E+02 +-    1.0243504347E+01
growth energy                  5.00000000E-03  -2.2091530501E+02 +-    5.1287144966E+00
Time for propagation (sec) (min) =          21.843      0.364
Time for energies (sec) (min) =              0.718      0.012
Time for load balancing (sec) (min) =        0.027      0.000
Time for block (sec) (min) =                23.207      0.387
Time for operators (sec) (min) =             0.015      0.000
Elapsed block time (sec) (min) =            46.470      0.774
 
 walkers multiplicity, block, total
   0          49938          94238
   1        1020391        2028847
   2          47884          92938
   3            328            539
   4             59             88
   5             18             28
   6              1              7
   7              3              5
   8              0              1
   9              0              0
  10              0              1
  11              1              1
  19              0              1
 
 

iteration =                               3
walker number =                       10172
total energy-propagated        7.50000000E-03  -2.8506255688E+01 +-    3.5246690188E-01   
kinetic energy                 7.50000000E-03   6.4447510365E+01 +-    1.9621119741E+00   
potential energy               7.50000000E-03  -9.2953766053E+01 +-    2.0215772121E+00   
im energy                      7.50000000E-03   3.6918839476E+00 +-    1.4684491787E-01   
imkin energy                   7.50000000E-03   5.2979954203E+00 +-    6.4280597234E-01   
impot energy                   7.50000000E-03  -1.6061114727E+00 +-    7.5016231704E-01   
v cent                         7.50000000E-03   2.5542941817E+01 +-    1.8715524624E+00   
v tau                          7.50000000E-03  -5.4951105022E+00 +-    3.0178437222E-01   
v sigma                        7.50000000E-03  -1.1821287570E+01 +-    2.3065505253E-01   
v sigtau                       7.50000000E-03  -5.7435684458E+01 +-    3.6799195822E-01   
v tensor                       7.50000000E-03  -2.2038915890E+00 +-    1.5451297859E-01   
v tenstau                      7.50000000E-03  -4.1540733750E+01 +-    1.0289592295E+00   
v ls                           7.50000000E-03   0.0000000000E+00 +-    0.0000000000E+00   
v lstau                        7.50000000E-03   0.0000000000E+00 +-    0.0000000000E+00   
vpot v6                        7.50000000E-03  -9.2953766053E+01 +-    2.0215772121E+00   
vpot v8                        7.50000000E-03  -9.2953766053E+01 +-    2.0215772121E+00   
v coulomb                      7.50000000E-03   7.4005153547E-01 +-    2.7965085106E-03   
v external                     7.50000000E-03   0.0000000000E+00 +-    0.0000000000E+00   
tni 2pipr-anticomm             7.50000000E-03   0.0000000000E+00 +-    0.0000000000E+00   
tni vd1pr                      7.50000000E-03   0.0000000000E+00 +-    0.0000000000E+00   
tni vepr                       7.50000000E-03   0.0000000000E+00 +-    0.0000000000E+00   
tni central                    7.50000000E-03   0.0000000000E+00 +-    0.0000000000E+00   
tni 2pixx-anticommutator       7.50000000E-03   0.0000000000E+00 +-    0.0000000000E+00   
tni 2pixd-anticommutator       7.50000000E-03   0.0000000000E+00 +-    0.0000000000E+00   
tni 2pidd-anticommutator       7.50000000E-03   0.0000000000E+00 +-    0.0000000000E+00   
tni 2pixx-commutator           7.50000000E-03   0.0000000000E+00 +-    0.0000000000E+00   
tni 2pixd-commutator           7.50000000E-03   0.0000000000E+00 +-    0.0000000000E+00   
tni 2pidd-commutator           7.50000000E-03   0.0000000000E+00 +-    0.0000000000E+00   
tni 2pi-tm                     7.50000000E-03   0.0000000000E+00 +-    0.0000000000E+00   
tni vd1                        7.50000000E-03   0.0000000000E+00 +-    0.0000000000E+00   
tni vd2                        7.50000000E-03   0.0000000000E+00 +-    0.0000000000E+00   
tni ve                         7.50000000E-03   0.0000000000E+00 +-    0.0000000000E+00   
vpottot v8+tni                 7.50000000E-03  -9.2953766053E+01 +-    2.0215772121E+00   
enetot v8+tni                  7.50000000E-03  -2.8506255688E+01 +-    3.5246690188E-01   
vper cent                      7.50000000E-03   2.5542941817E+01 +-    1.8715524624E+00   
vper tau                       7.50000000E-03  -5.4951105022E+00 +-    3.0178437222E-01   
vper sigma                     7.50000000E-03  -1.1821287570E+01 +-    2.3065505253E-01   
vper sigtau                    7.50000000E-03  -5.7435684458E+01 +-    3.6799195822E-01   
vper tensor                    7.50000000E-03  -2.2038915890E+00 +-    1.5451297859E-01   
vper tenstau                   7.50000000E-03  -4.1540733750E+01 +-    1.0289592295E+00   
vper ls                        7.50000000E-03   0.0000000000E+00 +-    0.0000000000E+00   
vper lstau                     7.50000000E-03   0.0000000000E+00 +-    0.0000000000E+00   
vpotper v6                     7.50000000E-03  -9.2953766053E+01 +-    2.0215772121E+00   
vpotper v8                     7.50000000E-03  -9.2953766053E+01 +-    2.0215772121E+00   
vpotv6pr-vpotv6per diff        7.50000000E-03   0.0000000000E+00 +-    0.0000000000E+00   
vpotv8pr-vpotv8per diff        7.50000000E-03   0.0000000000E+00 +-    0.0000000000E+00   
2piapr-2pia diff               7.50000000E-03   0.0000000000E+00 +-    0.0000000000E+00   
vd1pr-vd1 diff                 7.50000000E-03   0.0000000000E+00 +-    0.0000000000E+00   
vepr-ve diff                   7.50000000E-03   0.0000000000E+00 +-    0.0000000000E+00   
diff1 2piapr-2pia-2picxx       7.50000000E-03   0.0000000000E+00 +-    0.0000000000E+00   
diff2 vd1pr-vd1-2picxd         7.50000000E-03   0.0000000000E+00 +-    0.0000000000E+00   
diff3 vepr-ve-2picdd           7.50000000E-03   0.0000000000E+00 +-    0.0000000000E+00   
sum diff1+dif2+diff3           7.50000000E-03   0.0000000000E+00 +-    0.0000000000E+00   
proton rms                     7.50000000E-03   2.1469189469E+00 +-    1.3583744392E-02   
neutron rms                    7.50000000E-03   2.1228072891E+00 +-    1.2756680746E-02   
total rms                      7.50000000E-03   2.1293719318E+00 +-    1.1508387118E-02   
neutron-proton rms             7.50000000E-03  -2.4111657761E-02 +-    1.2843929873E-02   
GT sigXtau+                    7.50000000E-03  -2.1293665310E-04 +-    2.0291489788E-05   
GT sigYtau+                    7.50000000E-03  -9.4353466842E-05 +-    1.8370556311E-05   
GT sigZtau+                    7.50000000E-03   2.1541413058E-04 +-    1.8762339599E-05   
GT sigXtau-                    7.50000000E-03  -2.1953065707E-04 +-    2.1477618444E-05   
GT sigYtau-                    7.50000000E-03  -1.3882987737E-04 +-    1.7589057747E-05   
GT sigZtau-                    7.50000000E-03   4.9855684587E-06 +-    1.5861906797E-05   
F tau+                         7.50000000E-03   1.5479129255E-19 +-    3.4065373136E-20   
F tau-                         7.50000000E-03  -1.3992187736E-19 +-    3.3705313476E-20   
Psi**2                         7.50000000E-03   1.8274965360E-05 +-    4.6998672164E-07   
single crossing/step           7.50000000E-03   8.4561298253E-03 +-    4.3784527641E-05   
global crossing/step           7.50000000E-03   8.1936477509E-03 +-    8.6210658811E-05   
energy numerator(real)         7.50000000E-03  -1.0046047050E+01 +-    8.8573920357E-01   
denominator psit/psigi(real)   7.50000000E-03   3.6595037062E-01 +-    1.3782324814E-02   
energy numerator(aimag)        7.50000000E-03   4.0469091297E+00 +-    6.3058017917E-01   
denominator psit/psigi(aimag)  7.50000000E-03  -6.1737311253E-02 +-    9.1005173893E-03   
growth(lin dt) energy          7.50000000E-03  -2.4830217988E+02 +-    5.5980345793E+00   
growth(global) energy          7.50000000E-03  -2.4918248319E+02 +-    1.1823405424E+01
growth energy                  7.50000000E-03  -2.4804251520E+02 +-    5.5775230803E+00
Time for propagation (sec) (min) =          21.822      0.364
Time for energies (sec) (min) =              0.712      0.012
Time for load balancing (sec) (min) =        0.039      0.001
Time for block (sec) (min) =                23.061      0.384
Time for operators (sec) (min) =             0.016      0.000
Elapsed block time (sec) (min) =            69.547      1.159
 
 walkers multiplicity, block, total
   0          52752         146990
   1        1012859        3041706
   2          51358         144296
   3            404            943
   4             72            160
   5             25             53
   6              9             16
   7              5             10
   8              2              3
   9              3              3
  10              1              2
  11              2              3
  12              1              1
  15              1              1
  19              0              1
 
 

iteration =                               4
walker number =                       10231
total energy-propagated        1.00000000E-02  -2.7311835248E+01 +-    1.9948598042E-01   
kinetic energy                 1.00000000E-02   1.1692732867E+02 +-    1.3205168411E+00   
potential energy               1.00000000E-02  -1.4423916392E+02 +-    1.4961572106E+00   
im energy                      1.00000000E-02  -1.4842481911E+00 +-    1.3333807886E-01   
imkin energy                   1.00000000E-02   6.0284003709E+00 +-    3.9898409452E-01   
impot energy                   1.00000000E-02  -7.5126485620E+00 +-    6.6460589705E-01   
v cent                         1.00000000E-02  -2.6819011299E+01 +-    2.1510216065E+00   
v tau                          1.00000000E-02  -1.3875684092E+00 +-    2.1385304519E-01   
v sigma                        1.00000000E-02  -4.7790307199E+00 +-    4.0849583385E-01   
v sigtau                       1.00000000E-02  -5.1825715486E+01 +-    3.7757673305E-01   
v tensor                       1.00000000E-02  -1.4164091296E+00 +-    4.2594489931E-02   
v tenstau                      1.00000000E-02  -5.8011428876E+01 +-    7.2682771106E-01   
v ls                           1.00000000E-02   0.0000000000E+00 +-    0.0000000000E+00   
v lstau                        1.00000000E-02   0.0000000000E+00 +-    0.0000000000E+00   
vpot v6                        1.00000000E-02  -1.4423916392E+02 +-    1.4961572106E+00   
vpot v8                        1.00000000E-02  -1.4423916392E+02 +-    1.4961572106E+00   
v coulomb                      1.00000000E-02   7.3373974519E-01 +-    1.4275183712E-03   
v external                     1.00000000E-02   0.0000000000E+00 +-    0.0000000000E+00   
tni 2pipr-anticomm             1.00000000E-02   0.0000000000E+00 +-    0.0000000000E+00   
tni vd1pr                      1.00000000E-02   0.0000000000E+00 +-    0.0000000000E+00   
tni vepr                       1.00000000E-02   0.0000000000E+00 +-    0.0000000000E+00   
tni central                    1.00000000E-02   0.0000000000E+00 +-    0.0000000000E+00   
tni 2pixx-anticommutator       1.00000000E-02   0.0000000000E+00 +-    0.0000000000E+00   
tni 2pixd-anticommutator       1.00000000E-02   0.0000000000E+00 +-    0.0000000000E+00   
tni 2pidd-anticommutator       1.00000000E-02   0.0000000000E+00 +-    0.0000000000E+00   
tni 2pixx-commutator           1.00000000E-02   0.0000000000E+00 +-    0.0000000000E+00   
tni 2pixd-commutator           1.00000000E-02   0.0000000000E+00 +-    0.0000000000E+00   
tni 2pidd-commutator           1.00000000E-02   0.0000000000E+00 +-    0.0000000000E+00   
tni 2pi-tm                     1.00000000E-02   0.0000000000E+00 +-    0.0000000000E+00   
tni vd1                        1.00000000E-02   0.0000000000E+00 +-    0.0000000000E+00   
tni vd2                        1.00000000E-02   0.0000000000E+00 +-    0.0000000000E+00   
tni ve                         1.00000000E-02   0.0000000000E+00 +-    0.0000000000E+00   
vpottot v8+tni                 1.00000000E-02  -1.4423916392E+02 +-    1.4961572106E+00   
enetot v8+tni                  1.00000000E-02  -2.7311835248E+01 +-    1.9948598042E-01   
vper cent                      1.00000000E-02  -2.6819011299E+01 +-    2.1510216065E+00   
vper tau                       1.00000000E-02  -1.3875684092E+00 +-    2.1385304519E-01   
vper sigma                     1.00000000E-02  -4.7790307199E+00 +-    4.0849583385E-01   
vper sigtau                    1.00000000E-02  -5.1825715486E+01 +-    3.7757673305E-01   
vper tensor                    1.00000000E-02  -1.4164091296E+00 +-    4.2594489931E-02   
vper tenstau                   1.00000000E-02  -5.8011428876E+01 +-    7.2682771106E-01   
vper ls                        1.00000000E-02   0.0000000000E+00 +-    0.0000000000E+00   
vper lstau                     1.00000000E-02   0.0000000000E+00 +-    0.0000000000E+00   
vpotper v6                     1.00000000E-02  -1.4423916392E+02 +-    1.4961572106E+00   
vpotper v8                     1.00000000E-02  -1.4423916392E+02 +-    1.4961572106E+00   
vpotv6pr-vpotv6per diff        1.00000000E-02   0.0000000000E+00 +-    0.0000000000E+00   
vpotv8pr-vpotv8per diff        1.00000000E-02   0.0000000000E+00 +-    0.0000000000E+00   
2piapr-2pia diff               1.00000000E-02   0.0000000000E+00 +-    0.0000000000E+00   
vd1pr-vd1 diff                 1.00000000E-02   0.0000000000E+00 +-    0.0000000000E+00   
vepr-ve diff                   1.00000000E-02   0.0000000000E+00 +-    0.0000000000E+00   
diff1 2piapr-2pia-2picxx       1.00000000E-02   0.0000000000E+00 +-    0.0000000000E+00   
diff2 vd1pr-vd1-2picxd         1.00000000E-02   0.0000000000E+00 +-    0.0000000000E+00   
diff3 vepr-ve-2picdd           1.00000000E-02   0.0000000000E+00 +-    0.0000000000E+00   
sum diff1+dif2+diff3           1.00000000E-02   0.0000000000E+00 +-    0.0000000000E+00   
proton rms                     1.00000000E-02   2.1204403625E+00 +-    1.3459784177E-02   
neutron rms                    1.00000000E-02   2.2444232081E+00 +-    1.5075426424E-02   
total rms                      1.00000000E-02   2.1830559156E+00 +-    1.2590244326E-02   
neutron-proton rms             1.00000000E-02   1.2398284557E-01 +-    1.3316027801E-02   
GT sigXtau+                    1.00000000E-02   2.0175717068E-04 +-    2.7941778797E-05   
GT sigYtau+                    1.00000000E-02  -3.6629683521E-04 +-    2.6224516440E-05   
GT sigZtau+                    1.00000000E-02   3.4019008536E-04 +-    2.4132977084E-05   
GT sigXtau-                    1.00000000E-02  -5.4124728641E-04 +-    2.3651716631E-05   
GT sigYtau-                    1.00000000E-02   4.8551024185E-04 +-    2.4073237399E-05   
GT sigZtau-                    1.00000000E-02  -3.8158174765E-04 +-    1.5555157273E-05   
F tau+                         1.00000000E-02  -2.4006581124E-19 +-    4.3207591712E-20   
F tau-                         1.00000000E-02  -1.4014712358E-19 +-    4.6824711251E-20   
Psi**2                         1.00000000E-02   2.8314479372E-05 +-    7.2227105798E-07   
single crossing/step           1.00000000E-02   7.8744049274E-03 +-    4.2477807489E-05   
global crossing/step           1.00000000E-02   7.7399852739E-03 +-    8.4233084028E-05   
energy numerator(real)         1.00000000E-02  -5.2385138497E+00 +-    9.0060294690E-01   
denominator psit/psigi(real)   1.00000000E-02   1.8972204492E-01 +-    1.3906378166E-02   
energy numerator(aimag)        1.00000000E-02  -6.7750905955E-01 +-    6.2423268360E-01   
denominator psit/psigi(aimag)  1.00000000E-02  -1.1023160021E-02 +-    9.3112589601E-03   
growth(lin dt) energy          1.00000000E-02  -2.4880011066E+02 +-    5.7026654484E+00   
growth(global) energy          1.00000000E-02  -2.5910132764E+02 +-    1.1391001694E+01
growth energy                  1.00000000E-02  -2.4853865305E+02 +-    5.6816927048E+00
Time for propagation (sec) (min) =          21.606      0.360
Time for energies (sec) (min) =              0.716      0.012
Time for load balancing (sec) (min) =        0.030      0.000
Time for block (sec) (min) =                22.868      0.381
Time for operators (sec) (min) =             0.013      0.000
Elapsed block time (sec) (min) =            92.437      1.541
 
 walkers multiplicity, block, total
   0          53831         200821
   1         999579        4041285
   2          52653         196949
   3            403           1346
   4             64            224
   5             23             76
   6             15             31
   7              6             16
   8              4              7
   9              1              4
  10              0              2
  11              0              3
  12              0              1
  15              0              1
  19              0              1
 
 

iteration =                               5
walker number =                       10540
total energy-propagated        1.25000000E-02  -3.7987507723E+01 +-    5.1348508693E-01   
kinetic energy                 1.25000000E-02   1.3732115225E+02 +-    2.4016859486E+00   
potential energy               1.25000000E-02  -1.7530865998E+02 +-    2.1978555677E+00   
im energy                      1.25000000E-02   8.1971297681E-01 +-    3.1340050134E-01   
imkin energy                   1.25000000E-02   2.8136427380E+00 +-    7.5915370960E-01   
impot energy                   1.25000000E-02  -1.9939297612E+00 +-    7.9776195132E-01   
v cent                         1.25000000E-02  -5.6087170565E+01 +-    2.6474465698E+00   
v tau                          1.25000000E-02  -2.1000062361E-02 +-    1.9259672772E-01   
v sigma                        1.25000000E-02  -7.4236624404E+00 +-    4.5757372309E-01   
v sigtau                       1.25000000E-02  -4.5634317609E+01 +-    1.1175171732E-01   
v tensor                       1.25000000E-02  -6.3204238748E+00 +-    3.0950375548E-01   
v tenstau                      1.25000000E-02  -5.9822085424E+01 +-    1.0390287027E+00   
v ls                           1.25000000E-02   0.0000000000E+00 +-    0.0000000000E+00   
v lstau                        1.25000000E-02   0.0000000000E+00 +-    0.0000000000E+00   
vpot v6                        1.25000000E-02  -1.7530865998E+02 +-    2.1978555677E+00   
vpot v8                        1.25000000E-02  -1.7530865998E+02 +-    2.1978555677E+00   
v coulomb                      1.25000000E-02   7.4899321041E-01 +-    2.0441957686E-03   
v external                     1.25000000E-02   0.0000000000E+00 +-    0.0000000000E+00   
tni 2pipr-anticomm             1.25000000E-02   0.0000000000E+00 +-    0.0000000000E+00   
tni vd1pr                      1.25000000E-02   0.0000000000E+00 +-    0.0000000000E+00   
tni vepr                       1.25000000E-02   0.0000000000E+00 +-    0.0000000000E+00   
tni central                    1.25000000E-02   0.0000000000E+00 +-    0.0000000000E+00   
tni 2pixx-anticommutator       1.25000000E-02   0.0000000000E+00 +-    0.0000000000E+00   
tni 2pixd-anticommutator       1.25000000E-02   0.0000000000E+00 +-    0.0000000000E+00   
tni 2pidd-anticommutator       1.25000000E-02   0.0000000000E+00 +-    0.0000000000E+00   
tni 2pixx-commutator           1.25000000E-02   0.0000000000E+00 +-    0.0000000000E+00   
tni 2pixd-commutator           1.25000000E-02   0.0000000000E+00 +-    0.0000000000E+00   
tni 2pidd-commutator           1.25000000E-02   0.0000000000E+00 +-    0.0000000000E+00   
tni 2pi-tm                     1.25000000E-02   0.0000000000E+00 +-    0.0000000000E+00   
tni vd1                        1.25000000E-02   0.0000000000E+00 +-    0.0000000000E+00   
tni vd2                        1.25000000E-02   0.0000000000E+00 +-    0.0000000000E+00   
tni ve                         1.25000000E-02   0.0000000000E+00 +-    0.0000000000E+00   
vpottot v8+tni                 1.25000000E-02  -1.7530865998E+02 +-    2.1978555677E+00   
enetot v8+tni                  1.25000000E-02  -3.7987507723E+01 +-    5.1348508693E-01   
vper cent                      1.25000000E-02  -5.6087170565E+01 +-    2.6474465698E+00   
vper tau                       1.25000000E-02  -2.1000062361E-02 +-    1.9259672772E-01   
vper sigma                     1.25000000E-02  -7.4236624404E+00 +-    4.5757372309E-01   
vper sigtau                    1.25000000E-02  -4.5634317609E+01 +-    1.1175171732E-01   
vper tensor                    1.25000000E-02  -6.3204238748E+00 +-    3.0950375548E-01   
vper tenstau                   1.25000000E-02  -5.9822085424E+01 +-    1.0390287027E+00   
vper ls                        1.25000000E-02   0.0000000000E+00 +-    0.0000000000E+00   
vper lstau                     1.25000000E-02   0.0000000000E+00 +-    0.0000000000E+00   
vpotper v6                     1.25000000E-02  -1.7530865998E+02 +-    2.1978555677E+00   
vpotper v8                     1.25000000E-02  -1.7530865998E+02 +-    2.1978555677E+00   
vpotv6pr-vpotv6per diff        1.25000000E-02   0.0000000000E+00 +-    0.0000000000E+00   
vpotv8pr-vpotv8per diff        1.25000000E-02   0.0000000000E+00 +-    0.0000000000E+00   
2piapr-2pia diff               1.25000000E-02   0.0000000000E+00 +-    0.0000000000E+00   
vd1pr-vd1 diff                 1.25000000E-02   0.0000000000E+00 +-    0.0000000000E+00   
vepr-ve diff                   1.25000000E-02   0.0000000000E+00 +-    0.0000000000E+00   
diff1 2piapr-2pia-2picxx       1.25000000E-02   0.0000000000E+00 +-    0.0000000000E+00   
diff2 vd1pr-vd1-2picxd         1.25000000E-02   0.0000000000E+00 +-    0.0000000000E+00   
diff3 vepr-ve-2picdd           1.25000000E-02   0.0000000000E+00 +-    0.0000000000E+00   
sum diff1+dif2+diff3           1.25000000E-02   0.0000000000E+00 +-    0.0000000000E+00   
proton rms                     1.25000000E-02   2.0612018357E+00 +-    1.2237334214E-02   
neutron rms                    1.25000000E-02   2.2244327571E+00 +-    1.3171466044E-02   
total rms                      1.25000000E-02   2.1436518453E+00 +-    1.1098596365E-02   
neutron-proton rms             1.25000000E-02   1.6323092140E-01 +-    1.2144762281E-02   
GT sigXtau+                    1.25000000E-02  -1.5268337798E-04 +-    2.6808541903E-05   
GT sigYtau+                    1.25000000E-02  -7.5409956582E-04 +-    2.6573059338E-05   
GT sigZtau+                    1.25000000E-02  -9.2891394602E-05 +-    2.2799943863E-05   
GT sigXtau-                    1.25000000E-02  -8.2331570351E-04 +-    3.0877579373E-05   
GT sigYtau-                    1.25000000E-02  -5.6730545714E-04 +-    3.4055526974E-05   
GT sigZtau-                    1.25000000E-02   1.2830935909E-04 +-    2.5029588645E-05   
F tau+                         1.25000000E-02  -2.0952672509E-19 +-    2.8813545364E-20   
F tau-                         1.25000000E-02  -6.3837183706E-19 +-    4.4293246788E-20   
Psi**2                         1.25000000E-02   3.0700534918E-05 +-    8.5179655424E-07   
single crossing/step           1.25000000E-02   7.9713597259E-03 +-    4.2559097720E-05   
global crossing/step           1.25000000E-02   7.8417180500E-03 +-    8.4428717243E-05   
energy numerator(real)         1.25000000E-02  -5.0539095637E+00 +-    9.6613122446E-01   
denominator psit/psigi(real)   1.25000000E-02   1.3927819494E-01 +-    1.3616003307E-02   
energy numerator(aimag)        1.25000000E-02   2.3075952580E+00 +-    6.4267874125E-01   
denominator psit/psigi(aimag)  1.25000000E-02  -3.7712592716E-02 +-    8.9831557776E-03   
growth(lin dt) energy          1.25000000E-02  -2.7762509186E+02 +-    6.0985246594E+00   
growth(global) energy          1.25000000E-02  -2.6705199492E+02 +-    1.1161550070E+01
growth energy                  1.25000000E-02  -2.7724935784E+02 +-    6.0717067992E+00
Time for propagation (sec) (min) =          21.799      0.363
Time for energies (sec) (min) =              0.738      0.012
Time for load balancing (sec) (min) =        0.033      0.001
Time for block (sec) (min) =                23.068      0.384
Time for operators (sec) (min) =             0.016      0.000
Elapsed block time (sec) (min) =           115.521      1.925
 
 walkers multiplicity, block, total
   0          56159         256980
   1        1004090        5045375
   2          54706         251655
   3            527           1873
   4             99            323
   5             37            113
   6             15             46
   7              8             24
   8              4             11
   9              4              8
  10              2              4
  11              3              6
  12              0              1
  14              1              1
  15              0              1
  19              0              1
  20              1              1
 
 

iteration =                               6
walker number =                       10460
total energy-propagated        1.50000000E-02  -1.4955252247E+01 +-    6.1364063547E-01   
kinetic energy                 1.50000000E-02   1.3860829283E+02 +-    2.1469563777E+00   
potential energy               1.50000000E-02  -1.5356354507E+02 +-    2.6137052979E+00   
im energy                      1.50000000E-02   1.1577268303E+00 +-    2.7148243356E-01   
imkin energy                   1.50000000E-02   7.6831612913E+00 +-    7.8549047024E-01   
impot energy                   1.50000000E-02  -6.5254344610E+00 +-    8.6862069678E-01   
v cent                         1.50000000E-02  -1.3941113173E+00 +-    2.4300785445E+00   
v tau                          1.50000000E-02  -4.3232432901E+00 +-    2.4926340090E-01   
v sigma                        1.50000000E-02  -7.3458797957E+00 +-    3.7476830545E-01   
v sigtau                       1.50000000E-02  -6.6049654310E+01 +-    7.7862716485E-01   
v tensor                       1.50000000E-02  -9.3069869075E+00 +-    4.0075533279E-01   
v tenstau                      1.50000000E-02  -6.5143669451E+01 +-    2.0067755105E+00   
v ls                           1.50000000E-02   0.0000000000E+00 +-    0.0000000000E+00   
v lstau                        1.50000000E-02   0.0000000000E+00 +-    0.0000000000E+00   
vpot v6                        1.50000000E-02  -1.5356354507E+02 +-    2.6137052979E+00   
vpot v8                        1.50000000E-02  -1.5356354507E+02 +-    2.6137052979E+00   
v coulomb                      1.50000000E-02   8.5135393967E-01 +-    1.8975177394E-03   
v external                     1.50000000E-02   0.0000000000E+00 +-    0.0000000000E+00   
tni 2pipr-anticomm             1.50000000E-02   0.0000000000E+00 +-    0.0000000000E+00   
tni vd1pr                      1.50000000E-02   0.0000000000E+00 +-    0.0000000000E+00   
tni vepr                       1.50000000E-02   0.0000000000E+00 +-    0.0000000000E+00   
tni central                    1.50000000E-02   0.0000000000E+00 +-    0.0000000000E+00   
tni 2pixx-anticommutator       1.50000000E-02   0.0000000000E+00 +-    0.0000000000E+00   
tni 2pixd-anticommutator       1.50000000E-02   0.0000000000E+00 +-    0.0000000000E+00   
tni 2pidd-anticommutator       1.50000000E-02   0.0000000000E+00 +-    0.0000000000E+00   
tni 2pixx-commutator           1.50000000E-02   0.0000000000E+00 +-    0.0000000000E+00   
tni 2pixd-commutator           1.50000000E-02   0.0000000000E+00 +-    0.0000000000E+00   
tni 2pidd-commutator           1.50000000E-02   0.0000000000E+00 +-    0.0000000000E+00   
tni 2pi-tm                     1.50000000E-02   0.0000000000E+00 +-    0.0000000000E+00   
tni vd1                        1.50000000E-02   0.0000000000E+00 +-    0.0000000000E+00   
tni vd2                        1.50000000E-02   0.0000000000E+00 +-    0.0000000000E+00   
tni ve                         1.50000000E-02   0.0000000000E+00 +-    0.0000000000E+00   
vpottot v8+tni                 1.50000000E-02  -1.5356354507E+02 +-    2.6137052979E+00   
enetot v8+tni                  1.50000000E-02  -1.4955252247E+01 +-    6.1364063547E-01   
vper cent                      1.50000000E-02  -1.3941113173E+00 +-    2.4300785445E+00   
vper tau                       1.50000000E-02  -4.3232432901E+00 +-    2.4926340090E-01   
vper sigma                     1.50000000E-02  -7.3458797957E+00 +-    3.7476830545E-01   
vper sigtau                    1.50000000E-02  -6.6049654310E+01 +-    7.7862716485E-01   
vper tensor                    1.50000000E-02  -9.3069869075E+00 +-    4.0075533279E-01   
vper tenstau                   1.50000000E-02  -6.5143669451E+01 +-    2.0067755105E+00   
vper ls                        1.50000000E-02   0.0000000000E+00 +-    0.0000000000E+00   
vper lstau                     1.50000000E-02   0.0000000000E+00 +-    0.0000000000E+00   
vpotper v6                     1.50000000E-02  -1.5356354507E+02 +-    2.6137052979E+00   
vpotper v8                     1.50000000E-02  -1.5356354507E+02 +-    2.6137052979E+00   
vpotv6pr-vpotv6per diff        1.50000000E-02   0.0000000000E+00 +-    0.0000000000E+00   
vpotv8pr-vpotv8per diff        1.50000000E-02   0.0000000000E+00 +-    0.0000000000E+00   
2piapr-2pia diff               1.50000000E-02   0.0000000000E+00 +-    0.0000000000E+00   
vd1pr-vd1 diff                 1.50000000E-02   0.0000000000E+00 +-    0.0000000000E+00   
vepr-ve diff                   1.50000000E-02   0.0000000000E+00 +-    0.0000000000E+00   
diff1 2piapr-2pia-2picxx       1.50000000E-02   0.0000000000E+00 +-    0.0000000000E+00   
diff2 vd1pr-vd1-2picxd         1.50000000E-02   0.0000000000E+00 +-    0.0000000000E+00   
diff3 vepr-ve-2picdd           1.50000000E-02   0.0000000000E+00 +-    0.0000000000E+00   
sum diff1+dif2+diff3           1.50000000E-02   0.0000000000E+00 +-    0.0000000000E+00   
proton rms                     1.50000000E-02   1.6759671810E+00 +-    1.2058717115E-02   
neutron rms                    1.50000000E-02   2.0940107047E+00 +-    1.3648585161E-02   
total rms                      1.50000000E-02   1.8718131179E+00 +-    1.1160165556E-02   
neutron-proton rms             1.50000000E-02   4.1804352371E-01 +-    1.2109509010E-02   
GT sigXtau+                    1.50000000E-02   1.9956217955E-04 +-    3.2478915767E-05   
GT sigYtau+                    1.50000000E-02  -1.3545359853E-04 +-    3.6466203134E-05   
GT sigZtau+                    1.50000000E-02   9.6467663629E-04 +-    3.1647104235E-05   
GT sigXtau-                    1.50000000E-02  -6.6117959784E-04 +-    3.0615959866E-05   
GT sigYtau-                    1.50000000E-02  -4.4986607469E-06 +-    4.0206979977E-05   
GT sigZtau-                    1.50000000E-02   4.2930653126E-04 +-    4.0959550141E-05   
F tau+                         1.50000000E-02  -7.3165441933E-19 +-    2.1293381253E-20   
F tau-                         1.50000000E-02  -9.3890282771E-19 +-    8.3911847774E-20   
Psi**2                         1.50000000E-02   3.9572299500E-05 +-    1.0627105376E-06   
single crossing/step           1.50000000E-02   8.0524541575E-03 +-    4.2740500366E-05   
global crossing/step           1.50000000E-02   7.8479982070E-03 +-    8.4397516607E-05   
energy numerator(real)         1.50000000E-02  -2.0468980253E+00 +-    9.8395999011E-01   
denominator psit/psigi(real)   1.50000000E-02   8.5163923411E-02 +-    1.3935006962E-02   
energy numerator(aimag)        1.50000000E-02  -1.3359486481E+00 +-    6.6435423451E-01   
denominator psit/psigi(aimag)  1.50000000E-02  -3.5324426534E-02 +-    9.1892498155E-03   
growth(lin dt) energy          1.50000000E-02  -2.5535380687E+02 +-    5.7259281449E+00   
growth(global) energy          1.50000000E-02  -2.5095194219E+02 +-    1.3238505496E+01
growth energy                  1.50000000E-02  -2.5506817747E+02 +-    5.7039370856E+00
Time for propagation (sec) (min) =          21.844      0.364
Time for energies (sec) (min) =              0.733      0.012
Time for load balancing (sec) (min) =        0.026      0.000
Time for block (sec) (min) =                23.117      0.385
Time for operators (sec) (min) =             0.020      0.000
Elapsed block time (sec) (min) =           138.667      2.311
 
 walkers multiplicity, block, total
   0          55709         312689
   1        1006498        6051873
   2          54480         306135
   3            408           2281
   4             62            385
   5             16            129
   6              9             55
   7              1             25
   8              1             12
   9              2             10
  10              1              5
  11              0              6
  12              0              1
  14              0              1
  15              0              1
  19              0              1
  20              0              1
 
 

iteration =                               7
walker number =                       10646
total energy-propagated        1.75000000E-02  -7.0953699274E+01 +-    6.8371722130E-01   
kinetic energy                 1.75000000E-02   1.5143110459E+02 +-    2.3197074558E+00   
potential energy               1.75000000E-02  -2.2238480387E+02 +-    2.2661744564E+00   
im energy                      1.75000000E-02   1.0434608930E+01 +-    4.7138634296E-01   
imkin energy                   1.75000000E-02   1.8844737028E+00 +-    8.3380398735E-01   
impot energy                   1.75000000E-02   8.5501352275E+00 +-    5.2219733172E-01   
v cent                         1.75000000E-02  -5.0572798384E+01 +-    1.2369138541E+00   
v tau                          1.75000000E-02  -7.6786378028E+00 +-    3.0092407291E-01   
v sigma                        1.75000000E-02  -3.6192662867E+00 +-    3.3287069106E-01   
v sigtau                       1.75000000E-02  -4.4654345049E+01 +-    4.1810898293E-01   
v tensor                       1.75000000E-02   7.9539823937E+00 +-    4.0092615010E-01   
v tenstau                      1.75000000E-02  -1.2381373874E+02 +-    1.9873513557E+00   
v ls                           1.75000000E-02   0.0000000000E+00 +-    0.0000000000E+00   
v lstau                        1.75000000E-02   0.0000000000E+00 +-    0.0000000000E+00   
vpot v6                        1.75000000E-02  -2.2238480387E+02 +-    2.2661744564E+00   
vpot v8                        1.75000000E-02  -2.2238480387E+02 +-    2.2661744564E+00   
v coulomb                      1.75000000E-02   6.9864934325E-01 +-    3.2085206181E-03   
v external                     1.75000000E-02   0.0000000000E+00 +-    0.0000000000E+00   
tni 2pipr-anticomm             1.75000000E-02   0.0000000000E+00 +-    0.0000000000E+00   
tni vd1pr                      1.75000000E-02   0.0000000000E+00 +-    0.0000000000E+00   
tni vepr                       1.75000000E-02   0.0000000000E+00 +-    0.0000000000E+00   
tni central                    1.75000000E-02   0.0000000000E+00 +-    0.0000000000E+00   
tni 2pixx-anticommutator       1.75000000E-02   0.0000000000E+00 +-    0.0000000000E+00   
tni 2pixd-anticommutator       1.75000000E-02   0.0000000000E+00 +-    0.0000000000E+00   
tni 2pidd-anticommutator       1.75000000E-02   0.0000000000E+00 +-    0.0000000000E+00   
tni 2pixx-commutator           1.75000000E-02   0.0000000000E+00 +-    0.0000000000E+00   
tni 2pixd-commutator           1.75000000E-02   0.0000000000E+00 +-    0.0000000000E+00   
tni 2pidd-commutator           1.75000000E-02   0.0000000000E+00 +-    0.0000000000E+00   
tni 2pi-tm                     1.75000000E-02   0.0000000000E+00 +-    0.0000000000E+00   
tni vd1                        1.75000000E-02   0.0000000000E+00 +-    0.0000000000E+00   
tni vd2                        1.75000000E-02   0.0000000000E+00 +-    0.0000000000E+00   
tni ve                         1.75000000E-02   0.0000000000E+00 +-    0.0000000000E+00   
vpottot v8+tni                 1.75000000E-02  -2.2238480387E+02 +-    2.2661744564E+00   
enetot v8+tni                  1.75000000E-02  -7.0953699274E+01 +-    6.8371722130E-01   
vper cent                      1.75000000E-02  -5.0572798384E+01 +-    1.2369138541E+00   
vper tau                       1.75000000E-02  -7.6786378028E+00 +-    3.0092407291E-01   
vper sigma                     1.75000000E-02  -3.6192662867E+00 +-    3.3287069106E-01   
vper sigtau                    1.75000000E-02  -4.4654345049E+01 +-    4.1810898293E-01   
vper tensor                    1.75000000E-02   7.9539823937E+00 +-    4.0092615010E-01   
vper tenstau                   1.75000000E-02  -1.2381373874E+02 +-    1.9873513557E+00   
vper ls                        1.75000000E-02   0.0000000000E+00 +-    0.0000000000E+00   
vper lstau                     1.75000000E-02   0.0000000000E+00 +-    0.0000000000E+00   
vpotper v6                     1.75000000E-02  -2.2238480387E+02 +-    2.2661744564E+00   
vpotper v8                     1.75000000E-02  -2.2238480387E+02 +-    2.2661744564E+00   
vpotv6pr-vpotv6per diff        1.75000000E-02   0.0000000000E+00 +-    0.0000000000E+00   
vpotv8pr-vpotv8per diff        1.75000000E-02   0.0000000000E+00 +-    0.0000000000E+00   
2piapr-2pia diff               1.75000000E-02   0.0000000000E+00 +-    0.0000000000E+00   
vd1pr-vd1 diff                 1.75000000E-02   0.0000000000E+00 +-    0.0000000000E+00   
vepr-ve diff                   1.75000000E-02   0.0000000000E+00 +-    0.0000000000E+00   
diff1 2piapr-2pia-2picxx       1.75000000E-02   0.0000000000E+00 +-    0.0000000000E+00   
diff2 vd1pr-vd1-2picxd         1.75000000E-02   0.0000000000E+00 +-    0.0000000000E+00   
diff3 vepr-ve-2picdd           1.75000000E-02   0.0000000000E+00 +-    0.0000000000E+00   
sum diff1+dif2+diff3           1.75000000E-02   0.0000000000E+00 +-    0.0000000000E+00   
proton rms                     1.75000000E-02   1.7619503864E+00 +-    9.3592061373E-03   
neutron rms                    1.75000000E-02   1.7526516654E+00 +-    1.1944768487E-02   
total rms                      1.75000000E-02   1.7482939740E+00 +-    1.0209575382E-02   
neutron-proton rms             1.75000000E-02  -9.2987209510E-03 +-    7.7172409430E-03   
GT sigXtau+                    1.75000000E-02  -3.2991636153E-05 +-    3.7835536557E-05   
GT sigYtau+                    1.75000000E-02  -1.5693139331E-03 +-    3.5218484096E-05   
GT sigZtau+                    1.75000000E-02  -1.8191887858E-04 +-    3.7040693917E-05   
GT sigXtau-                    1.75000000E-02   1.5003621941E-04 +-    4.3711531416E-05   
GT sigYtau-                    1.75000000E-02   7.3165109041E-04 +-    4.7288182620E-05   
GT sigZtau-                    1.75000000E-02  -9.3858279698E-06 +-    4.1941005989E-05   
F tau+                         1.75000000E-02  -1.7833615398E-18 +-    5.5952875185E-20   
F tau-                         1.75000000E-02  -8.1474614778E-19 +-    8.4446975088E-20   
Psi**2                         1.75000000E-02   7.8016276315E-05 +-    1.7237880687E-06   
single crossing/step           1.75000000E-02   8.2910104912E-03 +-    4.3351274037E-05   
global crossing/step           1.75000000E-02   8.1607277548E-03 +-    8.6024290379E-05   
energy numerator(real)         1.75000000E-02  -4.3768198224E+00 +-    1.0257315948E+00   
denominator psit/psigi(real)   1.75000000E-02   6.2807091109E-02 +-    1.3891818762E-02   
energy numerator(aimag)        1.75000000E-02   1.2039572490E+00 +-    6.9202514417E-01   
denominator psit/psigi(aimag)  1.75000000E-02  -7.2427566325E-03 +-    9.2582246626E-03   
growth(lin dt) energy          1.75000000E-02  -2.6486829133E+02 +-    5.9264906436E+00   
growth(global) energy          1.75000000E-02  -2.5735324842E+02 +-    1.1895902226E+01
growth energy                  1.75000000E-02  -2.6454567343E+02 +-    5.9023160167E+00
Time for propagation (sec) (min) =          21.858      0.364
Time for energies (sec) (min) =              0.745      0.012
Time for load balancing (sec) (min) =        0.032      0.001
Time for block (sec) (min) =                23.119      0.385
Time for operators (sec) (min) =             0.015      0.000
Elapsed block time (sec) (min) =           161.801      2.697
 
 walkers multiplicity, block, total
   0          57069         369758
   1        1004254        7056127
   2          55933         362068
   3            428           2709
   4             78            463
   5             27            156
   6             10             65
   7              2             27
   8              1             13
   9              1             11
  10              1              6
  11              1              7
  12              0              1
  13              1              1
  14              0              1
  15              0              1
  17              1              1
  19              0              1
  20              0              1
 
 

iteration =                               8
walker number =                       11602
total energy-propagated        2.00000000E-02  -2.3119567622E+01 +-    8.4591166234E-01   
kinetic energy                 2.00000000E-02   9.2228936999E+00 +-    3.6369922503E+00   
potential energy               2.00000000E-02  -3.2342461322E+01 +-    3.2925674514E+00   
im energy                      2.00000000E-02  -1.2608269714E+01 +-    6.1463085111E-01   
imkin energy                   2.00000000E-02  -2.3805282550E+01 +-    9.3689716495E-01   
impot energy                   2.00000000E-02   1.1197012836E+01 +-    9.5220705939E-01   
v cent                         2.00000000E-02   1.7156225680E+02 +-    3.6621078163E+00   
v tau                          2.00000000E-02  -2.0796677130E+00 +-    5.4499902166E-01   
v sigma                        2.00000000E-02  -5.3456282834E+01 +-    5.9662046003E-01   
v sigtau                       2.00000000E-02  -1.3265703622E+02 +-    9.3392703480E-01   
v tensor                       2.00000000E-02   2.8181255928E+00 +-    2.6647290798E-01   
v tenstau                      2.00000000E-02  -1.8529856948E+01 +-    2.1819928370E+00   
v ls                           2.00000000E-02   0.0000000000E+00 +-    0.0000000000E+00   
v lstau                        2.00000000E-02   0.0000000000E+00 +-    0.0000000000E+00   
vpot v6                        2.00000000E-02  -3.2342461322E+01 +-    3.2925674514E+00   
vpot v8                        2.00000000E-02  -3.2342461322E+01 +-    3.2925674514E+00   
v coulomb                      2.00000000E-02   1.0822468444E+00 +-    2.6802269250E-03   
v external                     2.00000000E-02   0.0000000000E+00 +-    0.0000000000E+00   
tni 2pipr-anticomm             2.00000000E-02   0.0000000000E+00 +-    0.0000000000E+00   
tni vd1pr                      2.00000000E-02   0.0000000000E+00 +-    0.0000000000E+00   
tni vepr                       2.00000000E-02   0.0000000000E+00 +-    0.0000000000E+00   
tni central                    2.00000000E-02   0.0000000000E+00 +-    0.0000000000E+00   
tni 2pixx-anticommutator       2.00000000E-02   0.0000000000E+00 +-    0.0000000000E+00   
tni 2pixd-anticommutator       2.00000000E-02   0.0000000000E+00 +-    0.0000000000E+00   
tni 2pidd-anticommutator       2.00000000E-02   0.0000000000E+00 +-    0.0000000000E+00   
tni 2pixx-commutator           2.00000000E-02   0.0000000000E+00 +-    0.0000000000E+00   
tni 2pixd-commutator           2.00000000E-02   0.0000000000E+00 +-    0.0000000000E+00   
tni 2pidd-commutator           2.00000000E-02   0.0000000000E+00 +-    0.0000000000E+00   
tni 2pi-tm                     2.00000000E-02   0.0000000000E+00 +-    0.0000000000E+00   
tni vd1                        2.00000000E-02   0.0000000000E+00 +-    0.0000000000E+00   
tni vd2                        2.00000000E-02   0.0000000000E+00 +-    0.0000000000E+00   
tni ve                         2.00000000E-02   0.0000000000E+00 +-    0.0000000000E+00   
vpottot v8+tni                 2.00000000E-02  -3.2342461322E+01 +-    3.2925674514E+00   
enetot v8+tni                  2.00000000E-02  -2.3119567622E+01 +-    8.4591166234E-01   
vper cent                      2.00000000E-02   1.7156225680E+02 +-    3.6621078163E+00   
vper tau                       2.00000000E-02  -2.0796677130E+00 +-    5.4499902166E-01   
vper sigma                     2.00000000E-02  -5.3456282834E+01 +-    5.9662046003E-01   
vper sigtau                    2.00000000E-02  -1.3265703622E+02 +-    9.3392703480E-01   
vper tensor                    2.00000000E-02   2.8181255928E+00 +-    2.6647290798E-01   
vper tenstau                   2.00000000E-02  -1.8529856948E+01 +-    2.1819928370E+00   
vper ls                        2.00000000E-02   0.0000000000E+00 +-    0.0000000000E+00   
vper lstau                     2.00000000E-02   0.0000000000E+00 +-    0.0000000000E+00   
vpotper v6                     2.00000000E-02  -3.2342461322E+01 +-    3.2925674514E+00   
vpotper v8                     2.00000000E-02  -3.2342461322E+01 +-    3.2925674514E+00   
vpotv6pr-vpotv6per diff        2.00000000E-02   0.0000000000E+00 +-    0.0000000000E+00   
vpotv8pr-vpotv8per diff        2.00000000E-02   0.0000000000E+00 +-    0.0000000000E+00   
2piapr-2pia diff               2.00000000E-02   0.0000000000E+00 +-    0.0000000000E+00   
vd1pr-vd1 diff                 2.00000000E-02   0.0000000000E+00 +-    0.0000000000E+00   
vepr-ve diff                   2.00000000E-02   0.0000000000E+00 +-    0.0000000000E+00   
diff1 2piapr-2pia-2picxx       2.00000000E-02   0.0000000000E+00 +-    0.0000000000E+00   
diff2 vd1pr-vd1-2picxd         2.00000000E-02   0.0000000000E+00 +-    0.0000000000E+00   
diff3 vepr-ve-2picdd           2.00000000E-02   0.0000000000E+00 +-    0.0000000000E+00   
sum diff1+dif2+diff3           2.00000000E-02   0.0000000000E+00 +-    0.0000000000E+00   
proton rms                     2.00000000E-02   9.1051030907E-01 +-    1.6455548501E-03   
neutron rms                    2.00000000E-02   1.1496738005E+00 +-    9.7222741707E-03   
total rms                      2.00000000E-02   1.0332896363E+00 +-    7.1702084549E-03   
neutron-proton rms             2.00000000E-02   2.3916349139E-01 +-    3.2125571654E-03   
GT sigXtau+                    2.00000000E-02   1.1886988530E-03 +-    4.9853044944E-05   
GT sigYtau+                    2.00000000E-02   3.3579425917E-04 +-    5.8128389744E-05   
GT sigZtau+                    2.00000000E-02   7.2770050072E-04 +-    5.3789306677E-05   
GT sigXtau-                    2.00000000E-02   1.6064940487E-03 +-    3.4096528527E-05   
GT sigYtau-                    2.00000000E-02  -2.1490793454E-04 +-    5.3557331024E-05   
GT sigZtau-                    2.00000000E-02   3.3212803338E-04 +-    5.1960811675E-05   
F tau+                         2.00000000E-02   7.5313159504E-19 +-    8.7897633681E-20   
F tau-                         2.00000000E-02  -2.1003814305E-18 +-    6.0767673334E-20   
Psi**2                         2.00000000E-02   7.4899775269E-05 +-    1.5326390515E-06   
single crossing/step           2.00000000E-02   8.2127899859E-03 +-    4.3099908515E-05   
global crossing/step           2.00000000E-02   8.0896391864E-03 +-    8.5556404040E-05   
energy numerator(real)         2.00000000E-02  -1.2991991323E+00 +-    9.8460096319E-01   
denominator psit/psigi(real)   2.00000000E-02   5.2289765357E-02 +-    1.3415509085E-02   
energy numerator(aimag)        2.00000000E-02   8.2072419016E-01 +-    6.7588317386E-01   
denominator psit/psigi(aimag)  2.00000000E-02  -4.0536381631E-02 +-    8.9146187339E-03   
growth(lin dt) energy          2.00000000E-02  -2.7351086618E+02 +-    6.0106946505E+00   
growth(global) energy          2.00000000E-02  -2.8579999234E+02 +-    1.2735250779E+01
growth energy                  2.00000000E-02  -2.7315270352E+02 +-    5.9848824303E+00
Time for propagation (sec) (min) =          21.906      0.365
Time for energies (sec) (min) =              0.812      0.014
Time for load balancing (sec) (min) =        0.031      0.001
Time for block (sec) (min) =                23.278      0.388
Time for operators (sec) (min) =             0.014      0.000
Elapsed block time (sec) (min) =           185.093      3.085
 
 walkers multiplicity, block, total
   0          56910         426668
   1        1006422        8062549
   2          56360         418428
   3            476           3185
   4             81            544
   5             36            192
   6             12             77
   7              2             29
   8              0             13
   9              3             14
  10              5             11
  11              0              7
  12              0              1
  13              0              1
  14              2              3
  15              0              1
  17              0              1
  19              0              1
  20              0              1
 
 

iteration =                               9
walker number =                       10490
total energy-propagated        2.25000000E-02  -1.3570387184E+02 +-    2.5756231894E+00   
kinetic energy                 2.25000000E-02  -1.0985807229E+02 +-    5.4644012479E+00   
potential energy               2.25000000E-02  -2.5845799552E+01 +-    5.9491014017E+00   
im energy                      2.25000000E-02   2.3141837263E+01 +-    2.1930492666E+00   
imkin energy                   2.25000000E-02  -1.0329681886E+02 +-    2.5690324295E+00   
impot energy                   2.25000000E-02   1.2643865613E+02 +-    1.9589829239E+00   
v cent                         2.25000000E-02  -7.0922026679E+01 +-    6.4312341834E+00   
v tau                          2.25000000E-02   6.5243789114E+01 +-    2.1132567483E+00   
v sigma                        2.25000000E-02  -7.8551624614E+01 +-    2.1265993151E+00   
v sigtau                       2.25000000E-02  -1.1204208298E+02 +-    1.0104037522E+00   
v tensor                       2.25000000E-02  -5.2047658662E+01 +-    8.9565900597E-01   
v tenstau                      2.25000000E-02   2.2247380427E+02 +-    5.9007221743E+00   
v ls                           2.25000000E-02   0.0000000000E+00 +-    0.0000000000E+00   
v lstau                        2.25000000E-02   0.0000000000E+00 +-    0.0000000000E+00   
vpot v6                        2.25000000E-02  -2.5845799552E+01 +-    5.9491014017E+00   
vpot v8                        2.25000000E-02  -2.5845799552E+01 +-    5.9491014017E+00   
v coulomb                      2.25000000E-02   9.1683410721E-01 +-    6.7246832230E-03   
v external                     2.25000000E-02   0.0000000000E+00 +-    0.0000000000E+00   
tni 2pipr-anticomm             2.25000000E-02   0.0000000000E+00 +-    0.0000000000E+00   
tni vd1pr                      2.25000000E-02   0.0000000000E+00 +-    0.0000000000E+00   
tni vepr                       2.25000000E-02   0.0000000000E+00 +-    0.0000000000E+00   
tni central                    2.25000000E-02   0.0000000000E+00 +-    0.0000000000E+00   
tni 2pixx-anticommutator       2.25000000E-02   0.0000000000E+00 +-    0.0000000000E+00   
tni 2pixd-anticommutator       2.25000000E-02   0.0000000000E+00 +-    0.0000000000E+00   
tni 2pidd-anticommutator       2.25000000E-02   0.0000000000E+00 +-    0.0000000000E+00   
tni 2pixx-commutator           2.25000000E-02   0.0000000000E+00 +-    0.0000000000E+00   
tni 2pixd-commutator           2.25000000E-02   0.0000000000E+00 +-    0.0000000000E+00   
tni 2pidd-commutator           2.25000000E-02   0.0000000000E+00 +-    0.0000000000E+00   
tni 2pi-tm                     2.25000000E-02   0.0000000000E+00 +-    0.0000000000E+00   
tni vd1                        2.25000000E-02   0.0000000000E+00 +-    0.0000000000E+00   
tni vd2                        2.25000000E-02   0.0000000000E+00 +-    0.0000000000E+00   
tni ve                         2.25000000E-02   0.0000000000E+00 +-    0.0000000000E+00   
vpottot v8+tni                 2.25000000E-02  -2.5845799552E+01 +-    5.9491014017E+00   
enetot v8+tni                  2.25000000E-02  -1.3570387184E+02 +-    2.5756231894E+00   
vper cent                      2.25000000E-02  -7.0922026679E+01 +-    6.4312341834E+00   
vper tau                       2.25000000E-02   6.5243789114E+01 +-    2.1132567483E+00   
vper sigma                     2.25000000E-02  -7.8551624614E+01 +-    2.1265993151E+00   
vper sigtau                    2.25000000E-02  -1.1204208298E+02 +-    1.0104037522E+00   
vper tensor                    2.25000000E-02  -5.2047658662E+01 +-    8.9565900597E-01   
vper tenstau                   2.25000000E-02   2.2247380427E+02 +-    5.9007221743E+00   
vper ls                        2.25000000E-02   0.0000000000E+00 +-    0.0000000000E+00   
vper lstau                     2.25000000E-02   0.0000000000E+00 +-    0.0000000000E+00   
vpotper v6                     2.25000000E-02  -2.5845799552E+01 +-    5.9491014017E+00   
vpotper v8                     2.25000000E-02  -2.5845799552E+01 +-    5.9491014017E+00   
vpotv6pr-vpotv6per diff        2.25000000E-02   0.0000000000E+00 +-    0.0000000000E+00   
vpotv8pr-vpotv8per diff        2.25000000E-02   0.0000000000E+00 +-    0.0000000000E+00   
2piapr-2pia diff               2.25000000E-02   0.0000000000E+00 +-    0.0000000000E+00   
vd1pr-vd1 diff                 2.25000000E-02   0.0000000000E+00 +-    0.0000000000E+00   
vepr-ve diff                   2.25000000E-02   0.0000000000E+00 +-    0.0000000000E+00   
diff1 2piapr-2pia-2picxx       2.25000000E-02   0.0000000000E+00 +-    0.0000000000E+00   
diff2 vd1pr-vd1-2picxd         2.25000000E-02   0.0000000000E+00 +-    0.0000000000E+00   
diff3 vepr-ve-2picdd           2.25000000E-02   0.0000000000E+00 +-    0.0000000000E+00   
sum diff1+dif2+diff3           2.25000000E-02   0.0000000000E+00 +-    0.0000000000E+00   
proton rms                     2.25000000E-02   1.3665797421E+00 +-    1.6863920829E-02   
neutron rms                    2.25000000E-02   3.0368788531E-01 +-    1.3895378384E-02   
total rms                      2.25000000E-02   8.5099456288E-01 +-    1.1873137112E-02   
neutron-proton rms             2.25000000E-02  -1.0628918568E+00 +-    9.1864011013E-03   
GT sigXtau+                    2.25000000E-02  -1.6683829849E-03 +-    8.0886954568E-05   
GT sigYtau+                    2.25000000E-02   2.4214775388E-03 +-    8.0861138347E-05   
GT sigZtau+                    2.25000000E-02  -3.2479310893E-03 +-    1.0858301732E-04   
GT sigXtau-                    2.25000000E-02   3.2615084775E-03 +-    7.9063583269E-05   
GT sigYtau-                    2.25000000E-02   1.6683287722E-03 +-    3.9044874927E-05   
GT sigZtau-                    2.25000000E-02  -2.6437405193E-04 +-    8.7206390088E-05   
F tau+                         2.25000000E-02   5.5930442496E-18 +-    6.2062240214E-20   
F tau-                         2.25000000E-02  -4.4276384749E-18 +-    5.7933001539E-20   
Psi**2                         2.25000000E-02   3.4180252133E-05 +-    1.5462051592E-06   
single crossing/step           2.25000000E-02   8.2748778304E-03 +-    4.3378630912E-05   
global crossing/step           2.25000000E-02   8.0703447163E-03 +-    8.5687182688E-05   
energy numerator(real)         2.25000000E-02   1.3956948740E-01 +-    1.1343983159E+00   
denominator psit/psigi(real)   2.25000000E-02   3.9280925091E-03 +-    1.3915540565E-02   
energy numerator(aimag)        2.25000000E-02   2.7768224174E+00 +-    7.8712389674E-01   
denominator psit/psigi(aimag)  2.25000000E-02  -1.9461959012E-02 +-    9.1984245247E-03   
growth(lin dt) energy          2.25000000E-02  -2.8466134514E+02 +-    5.9841670320E+00   
growth(global) energy          2.25000000E-02  -2.8816078924E+02 +-    1.1680544472E+01
growth energy                  2.25000000E-02  -2.8425458791E+02 +-    5.9568172951E+00
Time for propagation (sec) (min) =          21.780      0.363
Time for energies (sec) (min) =              0.734      0.012
Time for load balancing (sec) (min) =        0.028      0.000
Time for block (sec) (min) =                23.030      0.384
Time for operators (sec) (min) =             0.012      0.000
Elapsed block time (sec) (min) =           208.144      3.469
 
 walkers multiplicity, block, total
   0          59303         485971
   1        1009680        9072229
   2          56818         475246
   3            449           3634
   4             82            626
   5             27            219
   6             12             89
   7              3             32
   8              3             16
   9              1             15
  10              0             11
  11              0              7
  12              0              1
  13              0              1
  14              0              3
  15              1              2
  17              0              1
  19              0              1
  20              0              1
 
 

iteration =                              10
walker number =                       11535
total energy-propagated        2.50000000E-02  -1.0665798695E+01 +-    1.2175830872E+00   
kinetic energy                 2.50000000E-02   3.9925579323E+01 +-    4.7270229999E+00   
potential energy               2.50000000E-02  -5.0591378018E+01 +-    4.7889796567E+00   
im energy                      2.50000000E-02  -1.5488222583E+01 +-    1.0650879140E+00   
imkin energy                   2.50000000E-02  -4.3909153039E+01 +-    8.8096013586E-01   
impot energy                   2.50000000E-02   2.8420930456E+01 +-    1.7510567473E+00   
v cent                         2.50000000E-02   3.2116256416E+02 +-    4.7284443679E+00   
v tau                          2.50000000E-02  -4.7015894903E+01 +-    8.3634448598E-01   
v sigma                        2.50000000E-02  -1.5327311585E+01 +-    3.6701431030E-01   
v sigtau                       2.50000000E-02  -1.1910611699E+02 +-    1.1921846764E+00   
v tensor                       2.50000000E-02   6.9457390790E+00 +-    6.3399487180E-01   
v tenstau                      2.50000000E-02  -1.9725035777E+02 +-    3.1158877408E+00   
v ls                           2.50000000E-02   0.0000000000E+00 +-    0.0000000000E+00   
v lstau                        2.50000000E-02   0.0000000000E+00 +-    0.0000000000E+00   
vpot v6                        2.50000000E-02  -5.0591378018E+01 +-    4.7889796567E+00   
vpot v8                        2.50000000E-02  -5.0591378018E+01 +-    4.7889796567E+00   
v coulomb                      2.50000000E-02   9.0406400820E-01 +-    2.7615276240E-03   
v external                     2.50000000E-02   0.0000000000E+00 +-    0.0000000000E+00   
tni 2pipr-anticomm             2.50000000E-02   0.0000000000E+00 +-    0.0000000000E+00   
tni vd1pr                      2.50000000E-02   0.0000000000E+00 +-    0.0000000000E+00   
tni vepr                       2.50000000E-02   0.0000000000E+00 +-    0.0000000000E+00   
tni central                    2.50000000E-02   0.0000000000E+00 +-    0.0000000000E+00   
tni 2pixx-anticommutator       2.50000000E-02   0.0000000000E+00 +-    0.0000000000E+00   
tni 2pixd-anticommutator       2.50000000E-02   0.0000000000E+00 +-    0.0000000000E+00   
tni 2pidd-anticommutator       2.50000000E-02   0.0000000000E+00 +-    0.0000000000E+00   
tni 2pixx-commutator           2.50000000E-02   0.0000000000E+00 +-    0.0000000000E+00   
tni 2pixd-commutator           2.50000000E-02   0.0000000000E+00 +-    0.0000000000E+00   
tni 2pidd-commutator           2.50000000E-02   0.0000000000E+00 +-    0.0000000000E+00   
tni 2pi-tm                     2.50000000E-02   0.0000000000E+00 +-    0.0000000000E+00   
tni vd1                        2.50000000E-02   0.0000000000E+00 +-    0.0000000000E+00   
tni vd2                        2.50000000E-02   0.0000000000E+00 +-    0.0000000000E+00   
tni ve                         2.50000000E-02   0.0000000000E+00 +-    0.0000000000E+00   
vpottot v8+tni                 2.50000000E-02  -5.0591378018E+01 +-    4.7889796567E+00   
enetot v8+tni                  2.50000000E-02  -1.0665798695E+01 +-    1.2175830872E+00   
vper cent                      2.50000000E-02   3.2116256416E+02 +-    4.7284443679E+00   
vper tau                       2.50000000E-02  -4.7015894903E+01 +-    8.3634448598E-01   
vper sigma                     2.50000000E-02  -1.5327311585E+01 +-    3.6701431030E-01   
vper sigtau                    2.50000000E-02  -1.1910611699E+02 +-    1.1921846764E+00   
vper tensor                    2.50000000E-02   6.9457390790E+00 +-    6.3399487180E-01   
vper tenstau                   2.50000000E-02  -1.9725035777E+02 +-    3.1158877408E+00   
vper ls                        2.50000000E-02   0.0000000000E+00 +-    0.0000000000E+00   
vper lstau                     2.50000000E-02   0.0000000000E+00 +-    0.0000000000E+00   
vpotper v6                     2.50000000E-02  -5.0591378018E+01 +-    4.7889796567E+00   
vpotper v8                     2.50000000E-02  -5.0591378018E+01 +-    4.7889796567E+00   
vpotv6pr-vpotv6per diff        2.50000000E-02   0.0000000000E+00 +-    0.0000000000E+00   
vpotv8pr-vpotv8per diff        2.50000000E-02   0.0000000000E+00 +-    0.0000000000E+00   
2piapr-2pia diff               2.50000000E-02   0.0000000000E+00 +-    0.0000000000E+00   
vd1pr-vd1 diff                 2.50000000E-02   0.0000000000E+00 +-    0.0000000000E+00   
vepr-ve diff                   2.50000000E-02   0.0000000000E+00 +-    0.0000000000E+00   
diff1 2piapr-2pia-2picxx       2.50000000E-02   0.0000000000E+00 +-    0.0000000000E+00   
diff2 vd1pr-vd1-2picxd         2.50000000E-02   0.0000000000E+00 +-    0.0000000000E+00   
diff3 vepr-ve-2picdd           2.50000000E-02   0.0000000000E+00 +-    0.0000000000E+00   
sum diff1+dif2+diff3           2.50000000E-02   0.0000000000E+00 +-    0.0000000000E+00   
proton rms                     2.50000000E-02   1.2642496790E+00 +-    1.0801086104E-02   
neutron rms                    2.50000000E-02   1.3820542394E+00 +-    8.8570688971E-03   
total rms                      2.50000000E-02   1.3155913622E+00 +-    8.1034978526E-03   
neutron-proton rms             2.50000000E-02   1.1780456043E-01 +-    1.3278112593E-02   
GT sigXtau+                    2.50000000E-02   4.3547803118E-03 +-    4.4881364028E-05   
GT sigYtau+                    2.50000000E-02  -1.1332106342E-03 +-    4.4721719416E-05   
GT sigZtau+                    2.50000000E-02  -5.2792815985E-04 +-    3.8939961293E-05   
GT sigXtau-                    2.50000000E-02  -2.1031455971E-03 +-    2.5949324540E-05   
GT sigYtau-                    2.50000000E-02  -3.6774096096E-03 +-    3.8305175543E-05   
GT sigZtau-                    2.50000000E-02  -4.5961002686E-04 +-    3.7952522207E-05   
F tau+                         2.50000000E-02  -6.5695152119E-19 +-    7.8008983784E-20   
F tau-                         2.50000000E-02  -7.9127188258E-19 +-    1.0812954633E-19   
Psi**2                         2.50000000E-02   5.0822075274E-05 +-    1.5169856060E-06   
single crossing/step           2.50000000E-02   8.8898782619E-03 +-    4.4646004317E-05   
global crossing/step           2.50000000E-02   8.7450919710E-03 +-    8.8568358558E-05   
energy numerator(real)         2.50000000E-02  -3.9277470903E-01 +-    1.0013905213E+00   
denominator psit/psigi(real)   2.50000000E-02   2.7085874480E-02 +-    1.3385088164E-02   
energy numerator(aimag)        2.50000000E-02  -2.4589456701E-01 +-    6.6575722535E-01   
denominator psit/psigi(aimag)  2.50000000E-02   3.1444250409E-02 +-    8.9475027815E-03   
growth(lin dt) energy          2.50000000E-02  -2.8798876394E+02 +-    6.1146849835E+00   
growth(global) energy          2.50000000E-02  -2.9204076775E+02 +-    1.2371048165E+01
growth energy                  2.50000000E-02  -2.8756690874E+02 +-    6.0862248787E+00
Time for propagation (sec) (min) =          22.074      0.368
Time for energies (sec) (min) =              0.808      0.013
Time for load balancing (sec) (min) =        0.028      0.000
Time for block (sec) (min) =                23.427      0.390
Time for operators (sec) (min) =             0.017      0.000
Elapsed block time (sec) (min) =           231.589      3.860
 
 walkers multiplicity, block, total
   0          59105         545076
   1        1010739       10082968
   2          58626         533872
   3            490           4124
   4             84            710
   5             25            244
   6              9             98
   7              5             37
   8              6             22
   9              0             15
  10              2             13
  11              1              8
  12              0              1
  13              0              1
  14              0              3
  15              1              3
  17              1              2
  18              1              1
  19              0              1
  20              0              1
 
 

Time for steps      =     231.597 seconds,        3.860 minutes
Master Time for steps =     231.378 seconds,        3.856 minutes

Number of cpus =       100
Total job time =     237.124 seconds,        3.952 minutes,        0.066 hours
Total cpu-time =     395.207 minutes,        6.587 hours
Total time =         236.902 seconds,        3.948 minutes,        0.066 hours
Finished!
