Unconstrained Diffusion Monte Carlo Run -- no drift
!-!-!-!-!-!-!-!-!-!-!-!-!-!-!-!-!-!-!-!-!-!-!-!-!-!
MPI parameters:
Number of boss cpus =                         100
Number of worker cpus for each boss =           0
Total number of cpus =                        100
Simulation parameters:
random number seed =                          321
hbar^2/2m =                              20.73554
start from sites =                              F
nwalk =                                     10000
equilibration blocks =                          0
averaging blocks =                             10
nsteps/blocks =                               100
time step =                          0.0000250000
time step rotations (vmc) =          0.1700000000
trial energy =                          -26.00000
drift cutoff =                            0.00000
drastic population control up =           1.20000
drastic population control down =         0.80000
rebalance if walkers fluctuate more than   2.00 %
weight cut off =                         20.00000
table size =                                 8000
!-!-!-!-!-!-!-!-!-!-!-!-!-!-!-!-!-!-!-!-!-!-!-!-!-!
System parameters:
lpot =                                         11
lpotper =                                      11
potential  =                          argonne v6'
potentialpr =                         argonne v6'
Coulomb included in energy-propagation          F
multiply central v by =                   1.00000
multiply tau v by =                       1.00000
multiply sigma v by =                     1.00000
multiply sigma tau v by =                 1.00000
multiply tensor v by =                    1.00000
multiply tensor tau v by =                1.00000
multiply spin-orbit v by =                0.00000
multiply spin-orbit tau v by =            0.00000
three-body potential =                        no3
ibox (0 is nearest image) =                     0
!-!-!-!-!-!-!-!-!-!-!-!-!-!-!-!-!-!-!-!-!-!-!-!-!-!
propagate LS =                                  F
calculate LS =                                  F
type of correlations =           independent pair
scale orbital   1 with factor    1.14000
determinant # 1
coefficient                     1.00000   0.00000
1  1  0  1  alpha.orb    # 2J,2M,L,tau radial_file for state                    
1 -1  0  1  alpha.orb    # 2J,2M,L,tau radial_file for state                    
1  1  0 -1  alpha.orb    # 2J,2M,L,tau radial_file for state                    
1 -1  0 -1  alpha.orb    # 2J,2M,L,tau radial_file for state                    
rescaled coefficient            1.00000   0.00000
!-!-!-!-!-!-!-!-!-!-!-!-!-!-!-!-!-!-!-!-!-!-!-!-!-!
No external potential
!-!-!-!-!-!-!-!-!-!-!-!-!-!-!-!-!-!-!-!-!-!-!-!-!-!
rcut in pair sampling =                   1.00000
acut in pair sampling =                   5.00000
a constant in psig =                      0.20000
Number of protons =                             2
Number of neutrons =                            2
range of the potential =                 20.00000
!-!-!-!-!-!-!-!-!-!-!-!-!-!-!-!-!-!-!-!-!-!-!-!-!-!
do V3 =                                         F
three body force =                            no3
three body a2piPwa =                      0.000000000000000
three body a2piPwc =                      0.000000000000000
three body a2piSw =                       0.000000000000000
three body Vd,C,c3 =                      0.000000000000000
three body Ve,C,c3 =                      0.000000000000000
three body A_R =                          0.000000000000000
three body Vd1 =                          0.000000000000000
three body Vd2 =                          0.000000000000000
three body Ve =                           0.000000000000000
propagator: multiply the antic by =       0.000000000000000
propagator: multiply the Vd1 by =         0.000000000000000
propagator: multiply the Ve by =          0.000000000000000
propagator: three body a2piPW =           0.000000000000000
!-!-!-!-!-!-!-!-!-!-!-!-!-!-!-!-!-!-!-!-!-!-!-!-!-!
jastrow healing distance dc =             4.47768
jastrow healing distance dtn =           11.57317
jastrow rho =                             0.01000
potential quencher acn (v1) =             1.50851
potential quencher at  (v2) =             6.06936
potential quencher as  (v3) =             2.76780
potential quencher ast (v4) =             0.80880
potential quencher atn (v5) =             0.61864
potential quencher atn (v6) =             0.20141
potential quencher als (v7) =             0.00000
potential quencher alst (v8) =            0.00000
correlation quencher bt (f2) =            0.26685
correlation quencher bs (f3) =           -0.10565
correlation quencher bst (f4) =           0.42277
correlation quencher btn (f5) =           1.08683
correlation quencher btn (f6) =           4.44810
correlation quencher bls (f7) =           0.00000
correlation quencher blst (f8) =          0.00000
!-!-!-!-!-!-!-!-!-!-!-!-!-!-!-!-!-!-!-!-!-!-!-!-!-!
q1c parameter in f3c =                   12.87526
q2c parameter in f3c =                    1.60340
q1p parameter in f3p =                   -1.81620
q2p parameter in f3p =                    2.14789
!-!-!-!-!-!-!-!-!-!-!-!-!-!-!-!-!-!-!-!-!-!-!-!-!-!
rscal parameter in Uijk cent =            1.00000
rscal parameter in Uijk xpi =             1.00000
rscal parameter in Uijk delta =           1.00000
eps_c parameter in Uijk =                 0.00000
eps_anti parameter in Uijk =              0.00000
eps_tm parameter in Uijk =                0.00000
eps_vd1 parameter in Uijk =               0.00000
eps_vd2 parameter in Uijk =               0.00000
eps_vdc3 parameter in Uijk =              0.00000
eps_vec3 parameter in Uijk =              0.00000
eps_ve parameter in Uijk =                0.00000
eps_comm parameter in Uijk =              0.00000
eps_comm-XD parameter in Uijk =           0.00000
eps_comm-DD parameter in Uijk =           0.00000
TNI-comm correlation included =                 F
!-!-!-!-!-!-!-!-!-!-!-!-!-!-!-!-!-!-!-!-!-!-!-!-!-!
CSB correlation rscalpp =                 1.00000
CSB correlation rscalnn =                 1.00000
CSB correlation quencher pp =             0.00000
CSB correlation quencher nn =             0.00000
CSB correlation included =                      F
!-!-!-!-!-!-!-!-!-!-!-!-!-!-!-!-!-!-!-!-!-!-!-!-!-!
jastrow initialized
!-!-!-!-!-!-!-!-!-!-!-!-!-!-!-!-!-!-!-!-!-!-!-!-!-!
Symmetrize V6 in the propagator =               T
New propagation of Vlstau and commutator included!
Coulomb included in energy (and propag)         F
Initial walkers from file
Number of walkers =                          8641
Configurations at tau =              1.1500000000
Reset tau =                          0.0000000000
!-!-!-!-!-!-!-!-!-!-!-!-!-!-!-!-!-!-!-!-!-!-!-!-!-!
Time for reading configurations (sec.) =       0.73
!-!-!-!-!-!-!-!-!-!-!-!-!-!-!-!-!-!-!-!-!-!-!-!-!-!
Initial configurations:
total energy-propagated        0.00000000E+00  -2.6207543528E+01 +-    3.4993406128E-01   
kinetic energy                 0.00000000E+00   1.0492035698E+02 +-    1.6114805422E+00   
potential energy               0.00000000E+00  -1.3112790051E+02 +-    1.5901312547E+00   
v cent                         0.00000000E+00   1.4392373257E+01 +-    1.4341966432E+00   
v tau                          0.00000000E+00  -7.0780129814E+00 +-    2.2408860649E-01   
v sigma                        0.00000000E+00  -8.3423939926E+00 +-    2.3613682200E-01   
v sigtau                       0.00000000E+00  -5.9305045295E+01 +-    5.5409312616E-01   
v tensor                       0.00000000E+00   5.6793806618E-01 +-    1.2613475940E-01   
v tenstau                      0.00000000E+00  -7.1362759560E+01 +-    9.7375747949E-01   
v ls                           0.00000000E+00   0.0000000000E+00 +-    0.0000000000E+00   
v lstau                        0.00000000E+00   0.0000000000E+00 +-    0.0000000000E+00   
v coulomb                      0.00000000E+00   7.4160815173E-01 +-    2.9479304317E-03   
v external                     0.00000000E+00   0.0000000000E+00 +-    0.0000000000E+00   
tni 2pipr-anticomm             0.00000000E+00   0.0000000000E+00 +-    0.0000000000E+00   
tni vd1pr                      0.00000000E+00   0.0000000000E+00 +-    0.0000000000E+00   
tni vepr                       0.00000000E+00   0.0000000000E+00 +-    0.0000000000E+00   
tni central                    0.00000000E+00   0.0000000000E+00 +-    0.0000000000E+00   
tni 2pixx-anticommutator       0.00000000E+00   0.0000000000E+00 +-    0.0000000000E+00   
tni 2pixd-anticommutator       0.00000000E+00   0.0000000000E+00 +-    0.0000000000E+00   
tni 2pidd-anticommutator       0.00000000E+00   0.0000000000E+00 +-    0.0000000000E+00   
tni 2pixx-commutator           0.00000000E+00   0.0000000000E+00 +-    0.0000000000E+00   
tni 2pixd-commutator           0.00000000E+00   0.0000000000E+00 +-    0.0000000000E+00   
tni 2pidd-commutator           0.00000000E+00   0.0000000000E+00 +-    0.0000000000E+00   
tni 2pi-tm                     0.00000000E+00   0.0000000000E+00 +-    0.0000000000E+00   
tni vd1                        0.00000000E+00   0.0000000000E+00 +-    0.0000000000E+00   
tni vd2                        0.00000000E+00   0.0000000000E+00 +-    0.0000000000E+00   
tni ve                         0.00000000E+00   0.0000000000E+00 +-    0.0000000000E+00   
enetot v8+tni                  0.00000000E+00  -2.6207543528E+01 +-    3.4993406128E-01   
!-!-!-!-!-!-!-!-!-!-!-!-!-!-!-!-!-!-!-!-!-!-!-!-!-!
Psi**2 of initial configurations  =   0.2617100E-04  0.0000000E+00  +-    0.7035326E-06  0.0000000E+00
Psig**2 of initial configurations =   0.1660325E-04  0.0000000E+00  +-    0.5123661E-06  0.0000000E+00
!-!-!-!-!-!-!-!-!-!-!-!-!-!-!-!-!-!-!-!-!-!-!-!-!-!
T**2 of initial configurations  =  -0.2098612E-07  0.7529889E-09
Tz of initial configurations    =  -0.3598102E-14 -0.5457993E-14
J**2 of initial configurations  =   0.2854309E-07  0.1210101E-08
Jz of initial configurations    =   0.1296056E-13  0.3255110E-14
!-!-!-!-!-!-!-!-!-!-!-!-!-!-!-!-!-!-!-!-!-!-!-!-!-!
!-!-!-!-!-!-!-!-!-!-!-!-!-!-!-!-!-!-!-!-!-!-!-!-!-!
Time to process initial configurations (sec.) =       1.50
!-!-!-!-!-!-!-!-!-!-!-!-!-!-!-!-!-!-!-!-!-!-!-!-!-!

equilibration done

iteration =                               1
walker number =                       10743
total energy-propagated        2.50000000E-03  -2.7367909570E+01 +-    2.7272369083E-01   
kinetic energy                 2.50000000E-03   9.9484786069E+01 +-    1.5348865000E+00   
potential energy               2.50000000E-03  -1.2685269564E+02 +-    1.5159813076E+00   
im energy                      2.50000000E-03   3.7772781501E-01 +-    1.7957683028E-01   
imkin energy                   2.50000000E-03  -5.8877751191E-01 +-    3.9754534459E-01   
impot energy                   2.50000000E-03   9.6650532692E-01 +-    3.7083145517E-01   
v cent                         2.50000000E-03   2.1238512334E+01 +-    1.4715892221E+00   
v tau                          2.50000000E-03  -8.3493583913E+00 +-    2.2692437982E-01   
v sigma                        2.50000000E-03  -9.0424353384E+00 +-    2.3133346062E-01   
v sigtau                       2.50000000E-03  -6.2169314410E+01 +-    5.2173129131E-01   
v tensor                       2.50000000E-03   7.2381963539E-01 +-    1.0628359541E-01   
v tenstau                      2.50000000E-03  -6.9253919468E+01 +-    8.6078929886E-01   
v ls                           2.50000000E-03   0.0000000000E+00 +-    0.0000000000E+00   
v lstau                        2.50000000E-03   0.0000000000E+00 +-    0.0000000000E+00   
vpot v6                        2.50000000E-03  -1.2685269564E+02 +-    1.5159813076E+00   
vpot v8                        2.50000000E-03  -1.2685269564E+02 +-    1.5159813076E+00   
v coulomb                      2.50000000E-03   7.5651423794E-01 +-    2.6525753300E-03   
v external                     2.50000000E-03   0.0000000000E+00 +-    0.0000000000E+00   
tni 2pipr-anticomm             2.50000000E-03   0.0000000000E+00 +-    0.0000000000E+00   
tni vd1pr                      2.50000000E-03   0.0000000000E+00 +-    0.0000000000E+00   
tni vepr                       2.50000000E-03   0.0000000000E+00 +-    0.0000000000E+00   
tni central                    2.50000000E-03   0.0000000000E+00 +-    0.0000000000E+00   
tni 2pixx-anticommutator       2.50000000E-03   0.0000000000E+00 +-    0.0000000000E+00   
tni 2pixd-anticommutator       2.50000000E-03   0.0000000000E+00 +-    0.0000000000E+00   
tni 2pidd-anticommutator       2.50000000E-03   0.0000000000E+00 +-    0.0000000000E+00   
tni 2pixx-commutator           2.50000000E-03   0.0000000000E+00 +-    0.0000000000E+00   
tni 2pixd-commutator           2.50000000E-03   0.0000000000E+00 +-    0.0000000000E+00   
tni 2pidd-commutator           2.50000000E-03   0.0000000000E+00 +-    0.0000000000E+00   
tni 2pi-tm                     2.50000000E-03   0.0000000000E+00 +-    0.0000000000E+00   
tni vd1                        2.50000000E-03   0.0000000000E+00 +-    0.0000000000E+00   
tni vd2                        2.50000000E-03   0.0000000000E+00 +-    0.0000000000E+00   
tni ve                         2.50000000E-03   0.0000000000E+00 +-    0.0000000000E+00   
vpottot v8+tni                 2.50000000E-03  -1.2685269564E+02 +-    1.5159813076E+00   
enetot v8+tni                  2.50000000E-03  -2.7367909570E+01 +-    2.7272369083E-01   
vper cent                      2.50000000E-03   2.1238512334E+01 +-    1.4715892221E+00   
vper tau                       2.50000000E-03  -8.3493583913E+00 +-    2.2692437982E-01   
vper sigma                     2.50000000E-03  -9.0424353384E+00 +-    2.3133346062E-01   
vper sigtau                    2.50000000E-03  -6.2169314410E+01 +-    5.2173129131E-01   
vper tensor                    2.50000000E-03   7.2381963539E-01 +-    1.0628359541E-01   
vper tenstau                   2.50000000E-03  -6.9253919468E+01 +-    8.6078929886E-01   
vper ls                        2.50000000E-03   0.0000000000E+00 +-    0.0000000000E+00   
vper lstau                     2.50000000E-03   0.0000000000E+00 +-    0.0000000000E+00   
vpotper v6                     2.50000000E-03  -1.2685269564E+02 +-    1.5159813076E+00   
vpotper v8                     2.50000000E-03  -1.2685269564E+02 +-    1.5159813076E+00   
vpotv6pr-vpotv6per diff        2.50000000E-03   0.0000000000E+00 +-    0.0000000000E+00   
vpotv8pr-vpotv8per diff        2.50000000E-03   0.0000000000E+00 +-    0.0000000000E+00   
2piapr-2pia diff               2.50000000E-03   0.0000000000E+00 +-    0.0000000000E+00   
vd1pr-vd1 diff                 2.50000000E-03   0.0000000000E+00 +-    0.0000000000E+00   
vepr-ve diff                   2.50000000E-03   0.0000000000E+00 +-    0.0000000000E+00   
diff1 2piapr-2pia-2picxx       2.50000000E-03   0.0000000000E+00 +-    0.0000000000E+00   
diff2 vd1pr-vd1-2picxd         2.50000000E-03   0.0000000000E+00 +-    0.0000000000E+00   
diff3 vepr-ve-2picdd           2.50000000E-03   0.0000000000E+00 +-    0.0000000000E+00   
sum diff1+dif2+diff3           2.50000000E-03   0.0000000000E+00 +-    0.0000000000E+00   
proton rms                     2.50000000E-03   2.0569854363E+00 +-    1.2769748414E-02   
neutron rms                    2.50000000E-03   2.0736578616E+00 +-    1.2101814311E-02   
total rms                      2.50000000E-03   2.0636619433E+00 +-    1.1214384411E-02   
neutron-proton rms             2.50000000E-03   1.6672425310E-02 +-    1.0726010906E-02   
GT sigXtau+                    2.50000000E-03   2.4351514774E-06 +-    2.2432894475E-05   
GT sigYtau+                    2.50000000E-03  -4.7131628639E-05 +-    2.4232754756E-05   
GT sigZtau+                    2.50000000E-03  -1.0443153025E-05 +-    2.5971794271E-05   
GT sigXtau-                    2.50000000E-03   1.7895647738E-05 +-    2.2781353385E-05   
GT sigYtau-                    2.50000000E-03   4.4539750044E-05 +-    2.3819312013E-05   
GT sigZtau-                    2.50000000E-03  -5.7362655632E-05 +-    2.1940814167E-05   
F tau+                         2.50000000E-03  -2.4018365303E-20 +-    4.2551442345E-20   
F tau-                         2.50000000E-03   4.7231554784E-20 +-    4.0142314068E-20   
Psi**2                         2.50000000E-03   2.9383846063E-05 +-    6.7294210776E-07   
single crossing/step           2.50000000E-03   9.1217487664E-03 +-    4.8603002338E-05   
global crossing/step           2.50000000E-03   8.9529146107E-03 +-    9.6310415700E-05   
energy numerator(real)         2.50000000E-03  -2.7781742261E+01 +-    7.3858915523E-01   
denominator psit/psigi(real)   2.50000000E-03   1.0124825668E+00 +-    1.1620440802E-02   
energy numerator(aimag)        2.50000000E-03   1.1764301507E+00 +-    5.2652714691E-01   
denominator psit/psigi(aimag)  2.50000000E-03   3.4483948985E-02 +-    7.3387933562E-03   
growth(lin dt) energy          2.50000000E-03  -2.0258976158E+02 +-    5.0231819983E+00   
growth(global) energy          2.50000000E-03  -1.9125068233E+02 +-    1.1186810923E+01
growth energy                  2.50000000E-03  -2.0246846159E+02 +-    5.0105177518E+00
Time for propagation (sec) (min) =          19.076      0.318
Time for energies (sec) (min) =              0.751      0.013
Time for load balancing (sec) (min) =        0.060      0.001
Time for block (sec) (min) =                20.699      0.345
Time for operators (sec) (min) =             0.024      0.000
Elapsed block time (sec) (min) =            20.723      0.345
 
 walkers multiplicity, block, total
   0          36853          36853
   1         881092         881092
   2          38361          38361
   3            197            197
   4             41             41
   5             11             11
   6              1              1
   7              3              3
   8              0              0
   9              0              0
  11              1              1
 
 

iteration =                               2
walker number =                       10288
total energy-propagated        5.00000000E-03  -2.5974469660E+01 +-    3.3884990134E-01   
kinetic energy                 5.00000000E-03   9.8460587658E+01 +-    1.5319115425E+00   
potential energy               5.00000000E-03  -1.2443505732E+02 +-    1.5315337089E+00   
im energy                      5.00000000E-03   1.5323399269E+00 +-    2.0467931305E-01   
imkin energy                   5.00000000E-03  -2.0241507863E-01 +-    4.4296441161E-01   
impot energy                   5.00000000E-03   1.7347550056E+00 +-    3.6353545376E-01   
v cent                         5.00000000E-03   1.7671335567E+01 +-    1.5389407155E+00   
v tau                          5.00000000E-03  -7.8293541460E+00 +-    2.6538006626E-01   
v sigma                        5.00000000E-03  -8.5155501342E+00 +-    3.5192444294E-01   
v sigtau                       5.00000000E-03  -6.0584191675E+01 +-    5.5854213376E-01   
v tensor                       5.00000000E-03   7.0722189273E-01 +-    1.4236317264E-01   
v tenstau                      5.00000000E-03  -6.5884518823E+01 +-    1.1158866624E+00   
v ls                           5.00000000E-03   0.0000000000E+00 +-    0.0000000000E+00   
v lstau                        5.00000000E-03   0.0000000000E+00 +-    0.0000000000E+00   
vpot v6                        5.00000000E-03  -1.2443505732E+02 +-    1.5315337089E+00   
vpot v8                        5.00000000E-03  -1.2443505732E+02 +-    1.5315337089E+00   
v coulomb                      5.00000000E-03   7.4741076193E-01 +-    2.7957360600E-03   
v external                     5.00000000E-03   0.0000000000E+00 +-    0.0000000000E+00   
tni 2pipr-anticomm             5.00000000E-03   0.0000000000E+00 +-    0.0000000000E+00   
tni vd1pr                      5.00000000E-03   0.0000000000E+00 +-    0.0000000000E+00   
tni vepr                       5.00000000E-03   0.0000000000E+00 +-    0.0000000000E+00   
tni central                    5.00000000E-03   0.0000000000E+00 +-    0.0000000000E+00   
tni 2pixx-anticommutator       5.00000000E-03   0.0000000000E+00 +-    0.0000000000E+00   
tni 2pixd-anticommutator       5.00000000E-03   0.0000000000E+00 +-    0.0000000000E+00   
tni 2pidd-anticommutator       5.00000000E-03   0.0000000000E+00 +-    0.0000000000E+00   
tni 2pixx-commutator           5.00000000E-03   0.0000000000E+00 +-    0.0000000000E+00   
tni 2pixd-commutator           5.00000000E-03   0.0000000000E+00 +-    0.0000000000E+00   
tni 2pidd-commutator           5.00000000E-03   0.0000000000E+00 +-    0.0000000000E+00   
tni 2pi-tm                     5.00000000E-03   0.0000000000E+00 +-    0.0000000000E+00   
tni vd1                        5.00000000E-03   0.0000000000E+00 +-    0.0000000000E+00   
tni vd2                        5.00000000E-03   0.0000000000E+00 +-    0.0000000000E+00   
tni ve                         5.00000000E-03   0.0000000000E+00 +-    0.0000000000E+00   
vpottot v8+tni                 5.00000000E-03  -1.2443505732E+02 +-    1.5315337089E+00   
enetot v8+tni                  5.00000000E-03  -2.5974469660E+01 +-    3.3884990134E-01   
vper cent                      5.00000000E-03   1.7671335567E+01 +-    1.5389407155E+00   
vper tau                       5.00000000E-03  -7.8293541460E+00 +-    2.6538006626E-01   
vper sigma                     5.00000000E-03  -8.5155501342E+00 +-    3.5192444294E-01   
vper sigtau                    5.00000000E-03  -6.0584191675E+01 +-    5.5854213376E-01   
vper tensor                    5.00000000E-03   7.0722189273E-01 +-    1.4236317264E-01   
vper tenstau                   5.00000000E-03  -6.5884518823E+01 +-    1.1158866624E+00   
vper ls                        5.00000000E-03   0.0000000000E+00 +-    0.0000000000E+00   
vper lstau                     5.00000000E-03   0.0000000000E+00 +-    0.0000000000E+00   
vpotper v6                     5.00000000E-03  -1.2443505732E+02 +-    1.5315337089E+00   
vpotper v8                     5.00000000E-03  -1.2443505732E+02 +-    1.5315337089E+00   
vpotv6pr-vpotv6per diff        5.00000000E-03   0.0000000000E+00 +-    0.0000000000E+00   
vpotv8pr-vpotv8per diff        5.00000000E-03   0.0000000000E+00 +-    0.0000000000E+00   
2piapr-2pia diff               5.00000000E-03   0.0000000000E+00 +-    0.0000000000E+00   
vd1pr-vd1 diff                 5.00000000E-03   0.0000000000E+00 +-    0.0000000000E+00   
vepr-ve diff                   5.00000000E-03   0.0000000000E+00 +-    0.0000000000E+00   
diff1 2piapr-2pia-2picxx       5.00000000E-03   0.0000000000E+00 +-    0.0000000000E+00   
diff2 vd1pr-vd1-2picxd         5.00000000E-03   0.0000000000E+00 +-    0.0000000000E+00   
diff3 vepr-ve-2picdd           5.00000000E-03   0.0000000000E+00 +-    0.0000000000E+00   
sum diff1+dif2+diff3           5.00000000E-03   0.0000000000E+00 +-    0.0000000000E+00   
proton rms                     5.00000000E-03   2.0012761653E+00 +-    1.1775731367E-02   
neutron rms                    5.00000000E-03   2.0004399430E+00 +-    1.1923466744E-02   
total rms                      5.00000000E-03   2.0007590145E+00 +-    1.0713261484E-02   
neutron-proton rms             5.00000000E-03  -8.3622229633E-04 +-    1.0121257057E-02   
GT sigXtau+                    5.00000000E-03   1.2227812106E-04 +-    2.4385997599E-05   
GT sigYtau+                    5.00000000E-03  -1.4990463881E-04 +-    2.1300715851E-05   
GT sigZtau+                    5.00000000E-03  -1.1168117319E-04 +-    2.3616887946E-05   
GT sigXtau-                    5.00000000E-03  -3.8007418520E-05 +-    2.2362646312E-05   
GT sigYtau-                    5.00000000E-03  -1.3442898997E-05 +-    1.9603908837E-05   
GT sigZtau-                    5.00000000E-03   1.6573497549E-04 +-    2.1494031843E-05   
F tau+                         5.00000000E-03   4.6769719878E-20 +-    4.2588617474E-20   
F tau-                         5.00000000E-03   4.8093019082E-21 +-    4.1361862591E-20   
Psi**2                         5.00000000E-03   2.8011982466E-05 +-    6.0074139924E-07   
single crossing/step           5.00000000E-03   7.9431354916E-03 +-    4.2217777499E-05   
global crossing/step           5.00000000E-03   7.8196389377E-03 +-    8.3781813614E-05   
energy numerator(real)         5.00000000E-03  -1.6085725315E+01 +-    8.7283381031E-01   
denominator psit/psigi(real)   5.00000000E-03   6.1830129565E-01 +-    1.3219235867E-02   
energy numerator(aimag)        5.00000000E-03   8.0948660930E-01 +-    6.1564275597E-01   
denominator psit/psigi(aimag)  5.00000000E-03   1.3641468097E-02 +-    8.4902745597E-03   
growth(lin dt) energy          5.00000000E-03  -2.3318904704E+02 +-    5.2825541066E+00   
growth(global) energy          5.00000000E-03  -2.3507413436E+02 +-    1.0896058752E+01
growth energy                  5.00000000E-03  -2.3298087253E+02 +-    5.2652012845E+00
Time for propagation (sec) (min) =          22.042      0.367
Time for energies (sec) (min) =              0.720      0.012
Time for load balancing (sec) (min) =        0.034      0.001
Time for block (sec) (min) =                23.533      0.392
Time for operators (sec) (min) =             0.021      0.000
Elapsed block time (sec) (min) =            44.295      0.738
 
 walkers multiplicity, block, total
   0          50288          87141
   1        1029904        1910996
   2          48689          87050
   3            357            554
   4             63            104
   5             19             30
   6             13             14
   7              5              8
   8              1              1
   9              1              1
  10              1              1
  11              0              1
  12              3              3
  14              1              1
 
 

iteration =                               3
walker number =                       11487
total energy-propagated        7.50000000E-03  -2.7991908209E+01 +-    1.8611980780E-01   
kinetic energy                 7.50000000E-03   9.6651036341E+01 +-    1.4854456657E+00   
potential energy               7.50000000E-03  -1.2464294455E+02 +-    1.4530052451E+00   
im energy                      7.50000000E-03   3.0949285411E+00 +-    2.0139743709E-01   
imkin energy                   7.50000000E-03   1.7864985186E+00 +-    1.7259753427E-01   
impot energy                   7.50000000E-03   1.3084300225E+00 +-    3.2446273439E-01   
v cent                         7.50000000E-03   1.8348994543E+01 +-    1.4180686463E+00   
v tau                          7.50000000E-03  -5.6559074678E+00 +-    2.1459286367E-01   
v sigma                        7.50000000E-03  -1.1829131121E+01 +-    1.9290941631E-01   
v sigtau                       7.50000000E-03  -6.3262482384E+01 +-    5.0154316773E-01   
v tensor                       7.50000000E-03   1.3025485475E+00 +-    9.7266476581E-02   
v tenstau                      7.50000000E-03  -6.3546966667E+01 +-    8.7233204492E-01   
v ls                           7.50000000E-03   0.0000000000E+00 +-    0.0000000000E+00   
v lstau                        7.50000000E-03   0.0000000000E+00 +-    0.0000000000E+00   
vpot v6                        7.50000000E-03  -1.2464294455E+02 +-    1.4530052451E+00   
vpot v8                        7.50000000E-03  -1.2464294455E+02 +-    1.4530052451E+00   
v coulomb                      7.50000000E-03   7.7697853559E-01 +-    2.4397527569E-03   
v external                     7.50000000E-03   0.0000000000E+00 +-    0.0000000000E+00   
tni 2pipr-anticomm             7.50000000E-03   0.0000000000E+00 +-    0.0000000000E+00   
tni vd1pr                      7.50000000E-03   0.0000000000E+00 +-    0.0000000000E+00   
tni vepr                       7.50000000E-03   0.0000000000E+00 +-    0.0000000000E+00   
tni central                    7.50000000E-03   0.0000000000E+00 +-    0.0000000000E+00   
tni 2pixx-anticommutator       7.50000000E-03   0.0000000000E+00 +-    0.0000000000E+00   
tni 2pixd-anticommutator       7.50000000E-03   0.0000000000E+00 +-    0.0000000000E+00   
tni 2pidd-anticommutator       7.50000000E-03   0.0000000000E+00 +-    0.0000000000E+00   
tni 2pixx-commutator           7.50000000E-03   0.0000000000E+00 +-    0.0000000000E+00   
tni 2pixd-commutator           7.50000000E-03   0.0000000000E+00 +-    0.0000000000E+00   
tni 2pidd-commutator           7.50000000E-03   0.0000000000E+00 +-    0.0000000000E+00   
tni 2pi-tm                     7.50000000E-03   0.0000000000E+00 +-    0.0000000000E+00   
tni vd1                        7.50000000E-03   0.0000000000E+00 +-    0.0000000000E+00   
tni vd2                        7.50000000E-03   0.0000000000E+00 +-    0.0000000000E+00   
tni ve                         7.50000000E-03   0.0000000000E+00 +-    0.0000000000E+00   
vpottot v8+tni                 7.50000000E-03  -1.2464294455E+02 +-    1.4530052451E+00   
enetot v8+tni                  7.50000000E-03  -2.7991908209E+01 +-    1.8611980780E-01   
vper cent                      7.50000000E-03   1.8348994543E+01 +-    1.4180686463E+00   
vper tau                       7.50000000E-03  -5.6559074678E+00 +-    2.1459286367E-01   
vper sigma                     7.50000000E-03  -1.1829131121E+01 +-    1.9290941631E-01   
vper sigtau                    7.50000000E-03  -6.3262482384E+01 +-    5.0154316773E-01   
vper tensor                    7.50000000E-03   1.3025485475E+00 +-    9.7266476581E-02   
vper tenstau                   7.50000000E-03  -6.3546966667E+01 +-    8.7233204492E-01   
vper ls                        7.50000000E-03   0.0000000000E+00 +-    0.0000000000E+00   
vper lstau                     7.50000000E-03   0.0000000000E+00 +-    0.0000000000E+00   
vpotper v6                     7.50000000E-03  -1.2464294455E+02 +-    1.4530052451E+00   
vpotper v8                     7.50000000E-03  -1.2464294455E+02 +-    1.4530052451E+00   
vpotv6pr-vpotv6per diff        7.50000000E-03   0.0000000000E+00 +-    0.0000000000E+00   
vpotv8pr-vpotv8per diff        7.50000000E-03   0.0000000000E+00 +-    0.0000000000E+00   
2piapr-2pia diff               7.50000000E-03   0.0000000000E+00 +-    0.0000000000E+00   
vd1pr-vd1 diff                 7.50000000E-03   0.0000000000E+00 +-    0.0000000000E+00   
vepr-ve diff                   7.50000000E-03   0.0000000000E+00 +-    0.0000000000E+00   
diff1 2piapr-2pia-2picxx       7.50000000E-03   0.0000000000E+00 +-    0.0000000000E+00   
diff2 vd1pr-vd1-2picxd         7.50000000E-03   0.0000000000E+00 +-    0.0000000000E+00   
diff3 vepr-ve-2picdd           7.50000000E-03   0.0000000000E+00 +-    0.0000000000E+00   
sum diff1+dif2+diff3           7.50000000E-03   0.0000000000E+00 +-    0.0000000000E+00   
proton rms                     7.50000000E-03   1.9713851891E+00 +-    1.0501451871E-02   
neutron rms                    7.50000000E-03   1.9430436417E+00 +-    1.0046585963E-02   
total rms                      7.50000000E-03   1.9543698184E+00 +-    9.1858359632E-03   
neutron-proton rms             7.50000000E-03  -2.8341547419E-02 +-    9.0915509726E-03   
GT sigXtau+                    7.50000000E-03   7.1315584037E-05 +-    2.3154652549E-05   
GT sigYtau+                    7.50000000E-03  -1.1952242959E-04 +-    2.0174935787E-05   
GT sigZtau+                    7.50000000E-03  -8.3836889385E-05 +-    2.1069755023E-05   
GT sigXtau-                    7.50000000E-03  -2.0919390871E-05 +-    2.0396485480E-05   
GT sigYtau-                    7.50000000E-03   1.5367309432E-04 +-    1.9341103002E-05   
GT sigZtau-                    7.50000000E-03   4.0161229509E-04 +-    2.2095716251E-05   
F tau+                         7.50000000E-03   1.8037135752E-20 +-    3.9745251499E-20   
F tau-                         7.50000000E-03  -1.0949950842E-19 +-    3.3755728422E-20   
Psi**2                         7.50000000E-03   2.3055306545E-05 +-    5.6772834283E-07   
single crossing/step           7.50000000E-03   7.2560158926E-03 +-    4.0631364010E-05   
global crossing/step           7.50000000E-03   7.1625081705E-03 +-    8.0741219126E-05   
energy numerator(real)         7.50000000E-03  -1.2475866486E+01 +-    7.6242224579E-01   
denominator psit/psigi(real)   7.50000000E-03   4.4256992209E-01 +-    1.2823888908E-02   
energy numerator(aimag)        7.50000000E-03   1.4481146115E+00 +-    5.4709370746E-01   
denominator psit/psigi(aimag)  7.50000000E-03   1.9436256722E-02 +-    8.5714933530E-03   
growth(lin dt) energy          7.50000000E-03  -2.2417844890E+02 +-    5.3000283241E+00   
growth(global) energy          7.50000000E-03  -2.2340461493E+02 +-    1.0799462710E+01
growth energy                  7.50000000E-03  -2.2399827395E+02 +-    5.2838032958E+00
Time for propagation (sec) (min) =          21.756      0.363
Time for energies (sec) (min) =              0.804      0.013
Time for load balancing (sec) (min) =        0.035      0.001
Time for block (sec) (min) =                23.228      0.387
Time for operators (sec) (min) =             0.020      0.000
Elapsed block time (sec) (min) =            67.543      1.126
 
 walkers multiplicity, block, total
   0          48990         136131
   1        1004253        2915249
   2          49195         136245
   3            311            865
   4             62            166
   5             13             43
   6              7             21
   7              5             13
   8              4              5
   9              1              2
  10              1              2
  11              0              1
  12              1              4
  14              1              2
 
 

iteration =                               4
walker number =                        9949
total energy-propagated        1.00000000E-02  -3.8402439277E+01 +-    1.7374587524E-01   
kinetic energy                 1.00000000E-02   1.1994869562E+02 +-    1.5376860490E+00   
potential energy               1.00000000E-02  -1.5835113490E+02 +-    1.4424095432E+00   
im energy                      1.00000000E-02   8.3489023573E-01 +-    2.8143432210E-01   
imkin energy                   1.00000000E-02   8.6289913937E+00 +-    4.8421844104E-01   
impot energy                   1.00000000E-02  -7.7941011579E+00 +-    5.5952777178E-01   
v cent                         1.00000000E-02   7.1877718266E+00 +-    1.1751999923E+00   
v tau                          1.00000000E-02  -8.0427744129E+00 +-    3.2064742656E-01   
v sigma                        1.00000000E-02  -9.8038893830E+00 +-    2.2383247004E-01   
v sigtau                       1.00000000E-02  -6.7285718960E+01 +-    5.8888315221E-01   
v tensor                       1.00000000E-02   1.0290637231E+00 +-    8.1549360219E-02   
v tenstau                      1.00000000E-02  -8.1435587692E+01 +-    1.0088495545E+00   
v ls                           1.00000000E-02   0.0000000000E+00 +-    0.0000000000E+00   
v lstau                        1.00000000E-02   0.0000000000E+00 +-    0.0000000000E+00   
vpot v6                        1.00000000E-02  -1.5835113490E+02 +-    1.4424095432E+00   
vpot v8                        1.00000000E-02  -1.5835113490E+02 +-    1.4424095432E+00   
v coulomb                      1.00000000E-02   8.2495260581E-01 +-    1.7808778374E-03   
v external                     1.00000000E-02   0.0000000000E+00 +-    0.0000000000E+00   
tni 2pipr-anticomm             1.00000000E-02   0.0000000000E+00 +-    0.0000000000E+00   
tni vd1pr                      1.00000000E-02   0.0000000000E+00 +-    0.0000000000E+00   
tni vepr                       1.00000000E-02   0.0000000000E+00 +-    0.0000000000E+00   
tni central                    1.00000000E-02   0.0000000000E+00 +-    0.0000000000E+00   
tni 2pixx-anticommutator       1.00000000E-02   0.0000000000E+00 +-    0.0000000000E+00   
tni 2pixd-anticommutator       1.00000000E-02   0.0000000000E+00 +-    0.0000000000E+00   
tni 2pidd-anticommutator       1.00000000E-02   0.0000000000E+00 +-    0.0000000000E+00   
tni 2pixx-commutator           1.00000000E-02   0.0000000000E+00 +-    0.0000000000E+00   
tni 2pixd-commutator           1.00000000E-02   0.0000000000E+00 +-    0.0000000000E+00   
tni 2pidd-commutator           1.00000000E-02   0.0000000000E+00 +-    0.0000000000E+00   
tni 2pi-tm                     1.00000000E-02   0.0000000000E+00 +-    0.0000000000E+00   
tni vd1                        1.00000000E-02   0.0000000000E+00 +-    0.0000000000E+00   
tni vd2                        1.00000000E-02   0.0000000000E+00 +-    0.0000000000E+00   
tni ve                         1.00000000E-02   0.0000000000E+00 +-    0.0000000000E+00   
vpottot v8+tni                 1.00000000E-02  -1.5835113490E+02 +-    1.4424095432E+00   
enetot v8+tni                  1.00000000E-02  -3.8402439277E+01 +-    1.7374587524E-01   
vper cent                      1.00000000E-02   7.1877718266E+00 +-    1.1751999923E+00   
vper tau                       1.00000000E-02  -8.0427744129E+00 +-    3.2064742656E-01   
vper sigma                     1.00000000E-02  -9.8038893830E+00 +-    2.2383247004E-01   
vper sigtau                    1.00000000E-02  -6.7285718960E+01 +-    5.8888315221E-01   
vper tensor                    1.00000000E-02   1.0290637231E+00 +-    8.1549360219E-02   
vper tenstau                   1.00000000E-02  -8.1435587692E+01 +-    1.0088495545E+00   
vper ls                        1.00000000E-02   0.0000000000E+00 +-    0.0000000000E+00   
vper lstau                     1.00000000E-02   0.0000000000E+00 +-    0.0000000000E+00   
vpotper v6                     1.00000000E-02  -1.5835113490E+02 +-    1.4424095432E+00   
vpotper v8                     1.00000000E-02  -1.5835113490E+02 +-    1.4424095432E+00   
vpotv6pr-vpotv6per diff        1.00000000E-02   0.0000000000E+00 +-    0.0000000000E+00   
vpotv8pr-vpotv8per diff        1.00000000E-02   0.0000000000E+00 +-    0.0000000000E+00   
2piapr-2pia diff               1.00000000E-02   0.0000000000E+00 +-    0.0000000000E+00   
vd1pr-vd1 diff                 1.00000000E-02   0.0000000000E+00 +-    0.0000000000E+00   
vepr-ve diff                   1.00000000E-02   0.0000000000E+00 +-    0.0000000000E+00   
diff1 2piapr-2pia-2picxx       1.00000000E-02   0.0000000000E+00 +-    0.0000000000E+00   
diff2 vd1pr-vd1-2picxd         1.00000000E-02   0.0000000000E+00 +-    0.0000000000E+00   
diff3 vepr-ve-2picdd           1.00000000E-02   0.0000000000E+00 +-    0.0000000000E+00   
sum diff1+dif2+diff3           1.00000000E-02   0.0000000000E+00 +-    0.0000000000E+00   
proton rms                     1.00000000E-02   1.7296316237E+00 +-    8.9429825957E-03   
neutron rms                    1.00000000E-02   1.8345039016E+00 +-    1.0435694261E-02   
total rms                      1.00000000E-02   1.7853608315E+00 +-    9.0255982218E-03   
neutron-proton rms             1.00000000E-02   1.0487227783E-01 +-    7.4189702480E-03   
GT sigXtau+                    1.00000000E-02  -3.0071236277E-06 +-    2.5915879301E-05   
GT sigYtau+                    1.00000000E-02   4.9631855399E-05 +-    2.4981853222E-05   
GT sigZtau+                    1.00000000E-02   4.7141389642E-04 +-    2.8198785980E-05   
GT sigXtau-                    1.00000000E-02  -1.9082202519E-04 +-    2.7491844443E-05   
GT sigYtau-                    1.00000000E-02   1.0928785461E-05 +-    2.7680078414E-05   
GT sigZtau-                    1.00000000E-02  -2.0716257771E-05 +-    3.0179962752E-05   
F tau+                         1.00000000E-02   1.3864055743E-19 +-    4.9005238243E-20   
F tau-                         1.00000000E-02  -3.1868123259E-19 +-    5.0767510335E-20   
Psi**2                         1.00000000E-02   3.4588423600E-05 +-    8.7377403162E-07   
single crossing/step           1.00000000E-02   7.1793459503E-03 +-    4.0178216231E-05   
global crossing/step           1.00000000E-02   7.0380238092E-03 +-    7.9567274153E-05   
energy numerator(real)         1.00000000E-02  -1.1913784282E+01 +-    9.2632090070E-01   
denominator psit/psigi(real)   1.00000000E-02   3.1007264608E-01 +-    1.4211306558E-02   
energy numerator(aimag)        1.00000000E-02  -1.0450737436E+00 +-    5.9892866956E-01   
denominator psit/psigi(aimag)  1.00000000E-02   2.8953425047E-02 +-    9.4804766147E-03   
growth(lin dt) energy          1.00000000E-02  -2.0859165610E+02 +-    5.2158247887E+00   
growth(global) energy          1.00000000E-02  -1.9150430574E+02 +-    1.1232709482E+01
growth energy                  1.00000000E-02  -2.0845515132E+02 +-    5.2018838036E+00
Time for propagation (sec) (min) =          22.023      0.367
Time for energies (sec) (min) =              0.697      0.012
Time for load balancing (sec) (min) =        0.027      0.000
Time for block (sec) (min) =                23.488      0.391
Time for operators (sec) (min) =             0.021      0.000
Elapsed block time (sec) (min) =            91.062      1.518
 
 walkers multiplicity, block, total
   0          51985         188116
   1        1025958        3941207
   2          49600         185845
   3            290           1155
   4             38            204
   5              5             48
   6              5             26
   7              2             15
   8              5             10
   9              2              4
  10              1              3
  11              1              2
  12              0              4
  13              1              1
  14              0              2
  15              1              1
 
 

iteration =                               5
walker number =                       10950
total energy-propagated        1.25000000E-02  -2.1339843506E+01 +-    4.7618194628E-01   
kinetic energy                 1.25000000E-02   1.5388117701E+02 +-    1.4184768200E+00   
potential energy               1.25000000E-02  -1.7522102052E+02 +-    1.3247417902E+00   
im energy                      1.25000000E-02  -3.6073642735E-01 +-    2.1641347791E-01   
imkin energy                   1.25000000E-02   1.1691826415E+00 +-    7.2714021876E-01   
impot energy                   1.25000000E-02  -1.5299190689E+00 +-    9.1125441336E-01   
v cent                         1.25000000E-02   2.5488775717E+01 +-    1.1101623039E+00   
v tau                          1.25000000E-02  -1.3912592452E+01 +-    5.1457031764E-01   
v sigma                        1.25000000E-02  -5.5664072583E+00 +-    3.6334202705E-01   
v sigtau                       1.25000000E-02  -7.2165357684E+01 +-    7.0650683112E-01   
v tensor                       1.25000000E-02   2.7384150513E+00 +-    1.8620812748E-01   
v tenstau                      1.25000000E-02  -1.1180385389E+02 +-    1.2740067751E+00   
v ls                           1.25000000E-02   0.0000000000E+00 +-    0.0000000000E+00   
v lstau                        1.25000000E-02   0.0000000000E+00 +-    0.0000000000E+00   
vpot v6                        1.25000000E-02  -1.7522102052E+02 +-    1.3247417902E+00   
vpot v8                        1.25000000E-02  -1.7522102052E+02 +-    1.3247417902E+00   
v coulomb                      1.25000000E-02   8.2349554309E-01 +-    2.0812236391E-03   
v external                     1.25000000E-02   0.0000000000E+00 +-    0.0000000000E+00   
tni 2pipr-anticomm             1.25000000E-02   0.0000000000E+00 +-    0.0000000000E+00   
tni vd1pr                      1.25000000E-02   0.0000000000E+00 +-    0.0000000000E+00   
tni vepr                       1.25000000E-02   0.0000000000E+00 +-    0.0000000000E+00   
tni central                    1.25000000E-02   0.0000000000E+00 +-    0.0000000000E+00   
tni 2pixx-anticommutator       1.25000000E-02   0.0000000000E+00 +-    0.0000000000E+00   
tni 2pixd-anticommutator       1.25000000E-02   0.0000000000E+00 +-    0.0000000000E+00   
tni 2pidd-anticommutator       1.25000000E-02   0.0000000000E+00 +-    0.0000000000E+00   
tni 2pixx-commutator           1.25000000E-02   0.0000000000E+00 +-    0.0000000000E+00   
tni 2pixd-commutator           1.25000000E-02   0.0000000000E+00 +-    0.0000000000E+00   
tni 2pidd-commutator           1.25000000E-02   0.0000000000E+00 +-    0.0000000000E+00   
tni 2pi-tm                     1.25000000E-02   0.0000000000E+00 +-    0.0000000000E+00   
tni vd1                        1.25000000E-02   0.0000000000E+00 +-    0.0000000000E+00   
tni vd2                        1.25000000E-02   0.0000000000E+00 +-    0.0000000000E+00   
tni ve                         1.25000000E-02   0.0000000000E+00 +-    0.0000000000E+00   
vpottot v8+tni                 1.25000000E-02  -1.7522102052E+02 +-    1.3247417902E+00   
enetot v8+tni                  1.25000000E-02  -2.1339843506E+01 +-    4.7618194628E-01   
vper cent                      1.25000000E-02   2.5488775717E+01 +-    1.1101623039E+00   
vper tau                       1.25000000E-02  -1.3912592452E+01 +-    5.1457031764E-01   
vper sigma                     1.25000000E-02  -5.5664072583E+00 +-    3.6334202705E-01   
vper sigtau                    1.25000000E-02  -7.2165357684E+01 +-    7.0650683112E-01   
vper tensor                    1.25000000E-02   2.7384150513E+00 +-    1.8620812748E-01   
vper tenstau                   1.25000000E-02  -1.1180385389E+02 +-    1.2740067751E+00   
vper ls                        1.25000000E-02   0.0000000000E+00 +-    0.0000000000E+00   
vper lstau                     1.25000000E-02   0.0000000000E+00 +-    0.0000000000E+00   
vpotper v6                     1.25000000E-02  -1.7522102052E+02 +-    1.3247417902E+00   
vpotper v8                     1.25000000E-02  -1.7522102052E+02 +-    1.3247417902E+00   
vpotv6pr-vpotv6per diff        1.25000000E-02   0.0000000000E+00 +-    0.0000000000E+00   
vpotv8pr-vpotv8per diff        1.25000000E-02   0.0000000000E+00 +-    0.0000000000E+00   
2piapr-2pia diff               1.25000000E-02   0.0000000000E+00 +-    0.0000000000E+00   
vd1pr-vd1 diff                 1.25000000E-02   0.0000000000E+00 +-    0.0000000000E+00   
vepr-ve diff                   1.25000000E-02   0.0000000000E+00 +-    0.0000000000E+00   
diff1 2piapr-2pia-2picxx       1.25000000E-02   0.0000000000E+00 +-    0.0000000000E+00   
diff2 vd1pr-vd1-2picxd         1.25000000E-02   0.0000000000E+00 +-    0.0000000000E+00   
diff3 vepr-ve-2picdd           1.25000000E-02   0.0000000000E+00 +-    0.0000000000E+00   
sum diff1+dif2+diff3           1.25000000E-02   0.0000000000E+00 +-    0.0000000000E+00   
proton rms                     1.25000000E-02   1.6020200860E+00 +-    8.0631375151E-03   
neutron rms                    1.25000000E-02   1.6612086269E+00 +-    1.0253848970E-02   
total rms                      1.25000000E-02   1.6377559829E+00 +-    8.3048375569E-03   
neutron-proton rms             1.25000000E-02   5.9188540914E-02 +-    8.3889678142E-03   
GT sigXtau+                    1.25000000E-02   1.4028353497E-04 +-    2.8884165030E-05   
GT sigYtau+                    1.25000000E-02  -3.2151119745E-04 +-    2.9796464553E-05   
GT sigZtau+                    1.25000000E-02  -5.0680365110E-04 +-    3.1004067388E-05   
GT sigXtau-                    1.25000000E-02   1.3138095660E-04 +-    2.8437840411E-05   
GT sigYtau-                    1.25000000E-02  -6.6186089582E-05 +-    3.0396570171E-05   
GT sigZtau-                    1.25000000E-02   6.9355133149E-04 +-    2.5159120143E-05   
F tau+                         1.25000000E-02  -4.6713601534E-19 +-    1.2195997160E-19   
F tau-                         1.25000000E-02  -6.1873412660E-20 +-    6.3683382781E-20   
Psi**2                         1.25000000E-02   3.6642230572E-05 +-    8.4189460685E-07   
single crossing/step           1.25000000E-02   7.5276818586E-03 +-    4.1655038704E-05   
global crossing/step           1.25000000E-02   7.3781129607E-03 +-    8.2484487862E-05   
energy numerator(real)         1.25000000E-02  -3.9875195787E+00 +-    8.3427202045E-01   
denominator psit/psigi(real)   1.25000000E-02   1.9642977149E-01 +-    1.3605360508E-02   
energy numerator(aimag)        1.25000000E-02  -2.1957005508E+00 +-    5.9619618389E-01   
denominator psit/psigi(aimag)  1.25000000E-02   2.3760204335E-02 +-    9.1520410812E-03   
growth(lin dt) energy          1.25000000E-02  -2.3706438965E+02 +-    5.4723326740E+00   
growth(global) energy          1.25000000E-02  -2.1374430549E+02 +-    1.0498189389E+01
growth energy                  1.25000000E-02  -2.3684355262E+02 +-    5.4538168983E+00
Time for propagation (sec) (min) =          21.479      0.358
Time for energies (sec) (min) =              0.766      0.013
Time for load balancing (sec) (min) =        0.030      0.000
Time for block (sec) (min) =                23.057      0.384
Time for operators (sec) (min) =             0.024      0.000
Elapsed block time (sec) (min) =           114.143      1.902
 
 walkers multiplicity, block, total
   0          50280         238396
   1         987427        4928634
   2          50321         236166
   3            324           1479
   4             49            253
   5             14             62
   6              8             34
   7              4             19
   8              0             10
   9              2              6
  10              2              5
  11              0              2
  12              1              5
  13              0              1
  14              0              2
  15              0              1
 
 

iteration =                               6
walker number =                       11360
total energy-propagated        1.50000000E-02  -2.1146004316E+01 +-    4.8677480496E-01   
kinetic energy                 1.50000000E-02   1.3671545046E+02 +-    1.7831592724E+00   
potential energy               1.50000000E-02  -1.5786145477E+02 +-    1.7376081954E+00   
im energy                      1.50000000E-02   1.5215200756E+00 +-    2.6109492210E-01   
imkin energy                   1.50000000E-02   1.7656515992E+01 +-    9.1062283559E-01   
impot energy                   1.50000000E-02  -1.6134995916E+01 +-    9.6067720400E-01   
v cent                         1.50000000E-02   2.6594880605E+01 +-    2.0531533627E+00   
v tau                          1.50000000E-02  -1.5532988712E+01 +-    3.3657064983E-01   
v sigma                        1.50000000E-02  -1.0055001661E+01 +-    2.6458652348E-01   
v sigtau                       1.50000000E-02  -7.5704769639E+01 +-    7.3346746875E-01   
v tensor                       1.50000000E-02   3.9051386465E+00 +-    1.3156607815E-01   
v tenstau                      1.50000000E-02  -8.7068714013E+01 +-    1.0991653449E+00   
v ls                           1.50000000E-02   0.0000000000E+00 +-    0.0000000000E+00   
v lstau                        1.50000000E-02   0.0000000000E+00 +-    0.0000000000E+00   
vpot v6                        1.50000000E-02  -1.5786145477E+02 +-    1.7376081954E+00   
vpot v8                        1.50000000E-02  -1.5786145477E+02 +-    1.7376081954E+00   
v coulomb                      1.50000000E-02   7.0276660510E-01 +-    2.8859425360E-03   
v external                     1.50000000E-02   0.0000000000E+00 +-    0.0000000000E+00   
tni 2pipr-anticomm             1.50000000E-02   0.0000000000E+00 +-    0.0000000000E+00   
tni vd1pr                      1.50000000E-02   0.0000000000E+00 +-    0.0000000000E+00   
tni vepr                       1.50000000E-02   0.0000000000E+00 +-    0.0000000000E+00   
tni central                    1.50000000E-02   0.0000000000E+00 +-    0.0000000000E+00   
tni 2pixx-anticommutator       1.50000000E-02   0.0000000000E+00 +-    0.0000000000E+00   
tni 2pixd-anticommutator       1.50000000E-02   0.0000000000E+00 +-    0.0000000000E+00   
tni 2pidd-anticommutator       1.50000000E-02   0.0000000000E+00 +-    0.0000000000E+00   
tni 2pixx-commutator           1.50000000E-02   0.0000000000E+00 +-    0.0000000000E+00   
tni 2pixd-commutator           1.50000000E-02   0.0000000000E+00 +-    0.0000000000E+00   
tni 2pidd-commutator           1.50000000E-02   0.0000000000E+00 +-    0.0000000000E+00   
tni 2pi-tm                     1.50000000E-02   0.0000000000E+00 +-    0.0000000000E+00   
tni vd1                        1.50000000E-02   0.0000000000E+00 +-    0.0000000000E+00   
tni vd2                        1.50000000E-02   0.0000000000E+00 +-    0.0000000000E+00   
tni ve                         1.50000000E-02   0.0000000000E+00 +-    0.0000000000E+00   
vpottot v8+tni                 1.50000000E-02  -1.5786145477E+02 +-    1.7376081954E+00   
enetot v8+tni                  1.50000000E-02  -2.1146004316E+01 +-    4.8677480496E-01   
vper cent                      1.50000000E-02   2.6594880605E+01 +-    2.0531533627E+00   
vper tau                       1.50000000E-02  -1.5532988712E+01 +-    3.3657064983E-01   
vper sigma                     1.50000000E-02  -1.0055001661E+01 +-    2.6458652348E-01   
vper sigtau                    1.50000000E-02  -7.5704769639E+01 +-    7.3346746875E-01   
vper tensor                    1.50000000E-02   3.9051386465E+00 +-    1.3156607815E-01   
vper tenstau                   1.50000000E-02  -8.7068714013E+01 +-    1.0991653449E+00   
vper ls                        1.50000000E-02   0.0000000000E+00 +-    0.0000000000E+00   
vper lstau                     1.50000000E-02   0.0000000000E+00 +-    0.0000000000E+00   
vpotper v6                     1.50000000E-02  -1.5786145477E+02 +-    1.7376081954E+00   
vpotper v8                     1.50000000E-02  -1.5786145477E+02 +-    1.7376081954E+00   
vpotv6pr-vpotv6per diff        1.50000000E-02   0.0000000000E+00 +-    0.0000000000E+00   
vpotv8pr-vpotv8per diff        1.50000000E-02   0.0000000000E+00 +-    0.0000000000E+00   
2piapr-2pia diff               1.50000000E-02   0.0000000000E+00 +-    0.0000000000E+00   
vd1pr-vd1 diff                 1.50000000E-02   0.0000000000E+00 +-    0.0000000000E+00   
vepr-ve diff                   1.50000000E-02   0.0000000000E+00 +-    0.0000000000E+00   
diff1 2piapr-2pia-2picxx       1.50000000E-02   0.0000000000E+00 +-    0.0000000000E+00   
diff2 vd1pr-vd1-2picxd         1.50000000E-02   0.0000000000E+00 +-    0.0000000000E+00   
diff3 vepr-ve-2picdd           1.50000000E-02   0.0000000000E+00 +-    0.0000000000E+00   
sum diff1+dif2+diff3           1.50000000E-02   0.0000000000E+00 +-    0.0000000000E+00   
proton rms                     1.50000000E-02   1.8298865613E+00 +-    1.2135088289E-02   
neutron rms                    1.50000000E-02   1.5742553457E+00 +-    7.6759446494E-03   
total rms                      1.50000000E-02   1.6947646210E+00 +-    6.3590981115E-03   
neutron-proton rms             1.50000000E-02  -2.5563121561E-01 +-    1.5477367454E-02   
GT sigXtau+                    1.50000000E-02  -1.8027345359E-04 +-    2.5072193284E-05   
GT sigYtau+                    1.50000000E-02   1.5305159406E-04 +-    3.4171213888E-05   
GT sigZtau+                    1.50000000E-02   3.7332027213E-05 +-    2.2840869652E-05   
GT sigXtau-                    1.50000000E-02   3.2246332860E-05 +-    2.9483841578E-05   
GT sigYtau-                    1.50000000E-02   9.4510813544E-04 +-    3.8998882598E-05   
GT sigZtau-                    1.50000000E-02  -8.3436195750E-04 +-    2.5684731765E-05   
F tau+                         1.50000000E-02   1.3525671806E-18 +-    4.4721857885E-20   
F tau-                         1.50000000E-02   2.7525708042E-19 +-    3.5585680510E-20   
Psi**2                         1.50000000E-02   7.5874492035E-06 +-    8.4161089398E-07   
single crossing/step           1.50000000E-02   7.9821832128E-03 +-    4.2481374084E-05   
global crossing/step           1.50000000E-02   7.8518209242E-03 +-    8.4271637396E-05   
energy numerator(real)         1.50000000E-02  -1.9472860493E+00 +-    9.3328547189E-01   
denominator psit/psigi(real)   1.50000000E-02   9.4997582128E-02 +-    1.3400436995E-02   
energy numerator(aimag)        1.50000000E-02  -7.0845714123E-01 +-    6.5691648840E-01   
denominator psit/psigi(aimag)  1.50000000E-02   1.8795865607E-02 +-    8.9725295151E-03   
growth(lin dt) energy          1.50000000E-02  -2.5604259982E+02 +-    5.6718371514E+00   
growth(global) energy          1.50000000E-02  -2.6678643142E+02 +-    1.1921997100E+01
growth energy                  1.50000000E-02  -2.5575436808E+02 +-    5.6499607222E+00
Time for propagation (sec) (min) =          21.890      0.365
Time for energies (sec) (min) =              0.795      0.013
Time for load balancing (sec) (min) =        0.028      0.000
Time for block (sec) (min) =                23.441      0.391
Time for operators (sec) (min) =             0.027      0.000
Elapsed block time (sec) (min) =           137.620      2.294
 
 walkers multiplicity, block, total
   0          54520         292916
   1        1012329        5940963
   2          53687         289853
   3            399           1878
   4             67            320
   5             24             86
   6             10             44
   7              7             26
   8              3             13
   9              0              6
  10              0              5
  11              0              2
  12              2              7
  13              0              1
  14              1              3
  15              0              1
 
 

iteration =                               7
walker number =                        9922
total energy-propagated        1.75000000E-02  -3.4033867190E+01 +-    1.0074859588E+00   
kinetic energy                 1.75000000E-02   1.5711177722E+02 +-    2.7880627957E+00   
potential energy               1.75000000E-02  -1.9114564441E+02 +-    2.4945892310E+00   
im energy                      1.75000000E-02  -1.4833961914E+01 +-    6.7939865762E-01   
imkin energy                   1.75000000E-02  -5.5595153149E+00 +-    1.3423986063E+00   
impot energy                   1.75000000E-02  -9.2744465987E+00 +-    1.0458326573E+00   
v cent                         1.75000000E-02   5.0907595746E+01 +-    2.7434649329E+00   
v tau                          1.75000000E-02  -2.2840651170E+01 +-    6.8612361691E-01   
v sigma                        1.75000000E-02   1.9069930260E+00 +-    5.0303752093E-01   
v sigtau                       1.75000000E-02  -7.0155378269E+01 +-    8.1124814389E-01   
v tensor                       1.75000000E-02   6.0720477023E+00 +-    3.5856945830E-01   
v tenstau                      1.75000000E-02  -1.5703625144E+02 +-    1.8255573583E+00   
v ls                           1.75000000E-02   0.0000000000E+00 +-    0.0000000000E+00   
v lstau                        1.75000000E-02   0.0000000000E+00 +-    0.0000000000E+00   
vpot v6                        1.75000000E-02  -1.9114564441E+02 +-    2.4945892310E+00   
vpot v8                        1.75000000E-02  -1.9114564441E+02 +-    2.4945892310E+00   
v coulomb                      1.75000000E-02   7.6727228147E-01 +-    5.7625578899E-03   
v external                     1.75000000E-02   0.0000000000E+00 +-    0.0000000000E+00   
tni 2pipr-anticomm             1.75000000E-02   0.0000000000E+00 +-    0.0000000000E+00   
tni vd1pr                      1.75000000E-02   0.0000000000E+00 +-    0.0000000000E+00   
tni vepr                       1.75000000E-02   0.0000000000E+00 +-    0.0000000000E+00   
tni central                    1.75000000E-02   0.0000000000E+00 +-    0.0000000000E+00   
tni 2pixx-anticommutator       1.75000000E-02   0.0000000000E+00 +-    0.0000000000E+00   
tni 2pixd-anticommutator       1.75000000E-02   0.0000000000E+00 +-    0.0000000000E+00   
tni 2pidd-anticommutator       1.75000000E-02   0.0000000000E+00 +-    0.0000000000E+00   
tni 2pixx-commutator           1.75000000E-02   0.0000000000E+00 +-    0.0000000000E+00   
tni 2pixd-commutator           1.75000000E-02   0.0000000000E+00 +-    0.0000000000E+00   
tni 2pidd-commutator           1.75000000E-02   0.0000000000E+00 +-    0.0000000000E+00   
tni 2pi-tm                     1.75000000E-02   0.0000000000E+00 +-    0.0000000000E+00   
tni vd1                        1.75000000E-02   0.0000000000E+00 +-    0.0000000000E+00   
tni vd2                        1.75000000E-02   0.0000000000E+00 +-    0.0000000000E+00   
tni ve                         1.75000000E-02   0.0000000000E+00 +-    0.0000000000E+00   
vpottot v8+tni                 1.75000000E-02  -1.9114564441E+02 +-    2.4945892310E+00   
enetot v8+tni                  1.75000000E-02  -3.4033867190E+01 +-    1.0074859588E+00   
vper cent                      1.75000000E-02   5.0907595746E+01 +-    2.7434649329E+00   
vper tau                       1.75000000E-02  -2.2840651170E+01 +-    6.8612361691E-01   
vper sigma                     1.75000000E-02   1.9069930260E+00 +-    5.0303752093E-01   
vper sigtau                    1.75000000E-02  -7.0155378269E+01 +-    8.1124814389E-01   
vper tensor                    1.75000000E-02   6.0720477023E+00 +-    3.5856945830E-01   
vper tenstau                   1.75000000E-02  -1.5703625144E+02 +-    1.8255573583E+00   
vper ls                        1.75000000E-02   0.0000000000E+00 +-    0.0000000000E+00   
vper lstau                     1.75000000E-02   0.0000000000E+00 +-    0.0000000000E+00   
vpotper v6                     1.75000000E-02  -1.9114564441E+02 +-    2.4945892310E+00   
vpotper v8                     1.75000000E-02  -1.9114564441E+02 +-    2.4945892310E+00   
vpotv6pr-vpotv6per diff        1.75000000E-02   0.0000000000E+00 +-    0.0000000000E+00   
vpotv8pr-vpotv8per diff        1.75000000E-02   0.0000000000E+00 +-    0.0000000000E+00   
2piapr-2pia diff               1.75000000E-02   0.0000000000E+00 +-    0.0000000000E+00   
vd1pr-vd1 diff                 1.75000000E-02   0.0000000000E+00 +-    0.0000000000E+00   
vepr-ve diff                   1.75000000E-02   0.0000000000E+00 +-    0.0000000000E+00   
diff1 2piapr-2pia-2picxx       1.75000000E-02   0.0000000000E+00 +-    0.0000000000E+00   
diff2 vd1pr-vd1-2picxd         1.75000000E-02   0.0000000000E+00 +-    0.0000000000E+00   
diff3 vepr-ve-2picdd           1.75000000E-02   0.0000000000E+00 +-    0.0000000000E+00   
sum diff1+dif2+diff3           1.75000000E-02   0.0000000000E+00 +-    0.0000000000E+00   
proton rms                     1.75000000E-02   1.8565312533E+00 +-    1.1684252365E-02   
neutron rms                    1.75000000E-02   1.7555423597E+00 +-    1.4410433943E-02   
total rms                      1.75000000E-02   1.7947064088E+00 +-    1.0324956821E-02   
neutron-proton rms             1.75000000E-02  -1.0098889362E-01 +-    1.5861281461E-02   
GT sigXtau+                    1.75000000E-02   5.6532028524E-04 +-    3.5055363633E-05   
GT sigYtau+                    1.75000000E-02  -1.5488772372E-03 +-    3.2558161565E-05   
GT sigZtau+                    1.75000000E-02   2.4563465486E-04 +-    3.8610127322E-05   
GT sigXtau-                    1.75000000E-02   1.1312962371E-03 +-    3.0021500030E-05   
GT sigYtau-                    1.75000000E-02  -5.8542922235E-04 +-    4.6582669108E-05   
GT sigZtau-                    1.75000000E-02  -2.5409634425E-04 +-    3.5187657956E-05   
F tau+                         1.75000000E-02   1.0328903962E-18 +-    5.2895429211E-20   
F tau-                         1.75000000E-02  -1.2967442737E-18 +-    7.9673004103E-20   
Psi**2                         1.75000000E-02   1.3409546357E-05 +-    2.7878129938E-07   
single crossing/step           1.75000000E-02   8.3525750427E-03 +-    4.3472140935E-05   
global crossing/step           1.75000000E-02   8.1472287375E-03 +-    8.5877767855E-05   
energy numerator(real)         1.75000000E-02  -2.7388282003E+00 +-    9.1491643407E-01   
denominator psit/psigi(real)   1.75000000E-02   6.4792637414E-02 +-    1.4442437807E-02   
energy numerator(aimag)        1.75000000E-02  -1.6181375200E+00 +-    6.4919609266E-01   
denominator psit/psigi(aimag)  1.75000000E-02  -1.5991109997E-02 +-    9.4226851201E-03   
growth(lin dt) energy          1.75000000E-02  -2.6510411175E+02 +-    5.8327158985E+00   
growth(global) energy          1.75000000E-02  -2.7160918303E+02 +-    1.1088330279E+01
growth energy                  1.75000000E-02  -2.6478054857E+02 +-    5.8088964606E+00
Time for propagation (sec) (min) =          21.869      0.364
Time for energies (sec) (min) =              0.694      0.012
Time for load balancing (sec) (min) =        0.030      0.001
Time for block (sec) (min) =                23.236      0.387
Time for operators (sec) (min) =             0.017      0.000
Elapsed block time (sec) (min) =           160.873      2.681
 
 walkers multiplicity, block, total
   0          57518         350434
   1        1018962        6959925
   2          54723         344576
   3            448           2326
   4             76            396
   5             22            108
   6              9             53
   7              6             32
   8              1             14
   9              2              8
  10              1              6
  11              0              2
  12              0              7
  13              0              1
  14              0              3
  15              0              1
  17              2              2
 
 

iteration =                               8
walker number =                       11945
total energy-propagated        2.00000000E-02  -2.2878969356E+01 +-    4.6684353503E-01   
kinetic energy                 2.00000000E-02   1.1775557991E+02 +-    2.6415834853E+00   
potential energy               2.00000000E-02  -1.4063454927E+02 +-    2.6938674404E+00   
im energy                      2.00000000E-02   9.6229375190E+00 +-    7.2203750258E-01   
imkin energy                   2.00000000E-02   1.6593620801E+01 +-    6.2716854064E-01   
impot energy                   2.00000000E-02  -6.9706832819E+00 +-    7.5355626533E-01   
v cent                         2.00000000E-02   1.0770737866E+02 +-    2.7231888601E+00   
v tau                          2.00000000E-02  -1.7550364661E+01 +-    4.4567379534E-01   
v sigma                        2.00000000E-02  -8.9914891900E+00 +-    2.5462939424E-01   
v sigtau                       2.00000000E-02  -1.0086130161E+02 +-    7.3229302908E-01   
v tensor                       2.00000000E-02   3.6581117335E+00 +-    2.4817349374E-01   
v tenstau                      2.00000000E-02  -1.2459688420E+02 +-    1.4642412141E+00   
v ls                           2.00000000E-02   0.0000000000E+00 +-    0.0000000000E+00   
v lstau                        2.00000000E-02   0.0000000000E+00 +-    0.0000000000E+00   
vpot v6                        2.00000000E-02  -1.4063454927E+02 +-    2.6938674404E+00   
vpot v8                        2.00000000E-02  -1.4063454927E+02 +-    2.6938674404E+00   
v coulomb                      2.00000000E-02   8.1757022511E-01 +-    2.8819114672E-03   
v external                     2.00000000E-02   0.0000000000E+00 +-    0.0000000000E+00   
tni 2pipr-anticomm             2.00000000E-02   0.0000000000E+00 +-    0.0000000000E+00   
tni vd1pr                      2.00000000E-02   0.0000000000E+00 +-    0.0000000000E+00   
tni vepr                       2.00000000E-02   0.0000000000E+00 +-    0.0000000000E+00   
tni central                    2.00000000E-02   0.0000000000E+00 +-    0.0000000000E+00   
tni 2pixx-anticommutator       2.00000000E-02   0.0000000000E+00 +-    0.0000000000E+00   
tni 2pixd-anticommutator       2.00000000E-02   0.0000000000E+00 +-    0.0000000000E+00   
tni 2pidd-anticommutator       2.00000000E-02   0.0000000000E+00 +-    0.0000000000E+00   
tni 2pixx-commutator           2.00000000E-02   0.0000000000E+00 +-    0.0000000000E+00   
tni 2pixd-commutator           2.00000000E-02   0.0000000000E+00 +-    0.0000000000E+00   
tni 2pidd-commutator           2.00000000E-02   0.0000000000E+00 +-    0.0000000000E+00   
tni 2pi-tm                     2.00000000E-02   0.0000000000E+00 +-    0.0000000000E+00   
tni vd1                        2.00000000E-02   0.0000000000E+00 +-    0.0000000000E+00   
tni vd2                        2.00000000E-02   0.0000000000E+00 +-    0.0000000000E+00   
tni ve                         2.00000000E-02   0.0000000000E+00 +-    0.0000000000E+00   
vpottot v8+tni                 2.00000000E-02  -1.4063454927E+02 +-    2.6938674404E+00   
enetot v8+tni                  2.00000000E-02  -2.2878969356E+01 +-    4.6684353503E-01   
vper cent                      2.00000000E-02   1.0770737866E+02 +-    2.7231888601E+00   
vper tau                       2.00000000E-02  -1.7550364661E+01 +-    4.4567379534E-01   
vper sigma                     2.00000000E-02  -8.9914891900E+00 +-    2.5462939424E-01   
vper sigtau                    2.00000000E-02  -1.0086130161E+02 +-    7.3229302908E-01   
vper tensor                    2.00000000E-02   3.6581117335E+00 +-    2.4817349374E-01   
vper tenstau                   2.00000000E-02  -1.2459688420E+02 +-    1.4642412141E+00   
vper ls                        2.00000000E-02   0.0000000000E+00 +-    0.0000000000E+00   
vper lstau                     2.00000000E-02   0.0000000000E+00 +-    0.0000000000E+00   
vpotper v6                     2.00000000E-02  -1.4063454927E+02 +-    2.6938674404E+00   
vpotper v8                     2.00000000E-02  -1.4063454927E+02 +-    2.6938674404E+00   
vpotv6pr-vpotv6per diff        2.00000000E-02   0.0000000000E+00 +-    0.0000000000E+00   
vpotv8pr-vpotv8per diff        2.00000000E-02   0.0000000000E+00 +-    0.0000000000E+00   
2piapr-2pia diff               2.00000000E-02   0.0000000000E+00 +-    0.0000000000E+00   
vd1pr-vd1 diff                 2.00000000E-02   0.0000000000E+00 +-    0.0000000000E+00   
vepr-ve diff                   2.00000000E-02   0.0000000000E+00 +-    0.0000000000E+00   
diff1 2piapr-2pia-2picxx       2.00000000E-02   0.0000000000E+00 +-    0.0000000000E+00   
diff2 vd1pr-vd1-2picxd         2.00000000E-02   0.0000000000E+00 +-    0.0000000000E+00   
diff3 vepr-ve-2picdd           2.00000000E-02   0.0000000000E+00 +-    0.0000000000E+00   
sum diff1+dif2+diff3           2.00000000E-02   0.0000000000E+00 +-    0.0000000000E+00   
proton rms                     2.00000000E-02   1.3662823811E+00 +-    4.8428073069E-03   
neutron rms                    2.00000000E-02   1.1351824537E+00 +-    7.7118696725E-03   
total rms                      2.00000000E-02   1.2555579829E+00 +-    6.7264891454E-03   
neutron-proton rms             2.00000000E-02  -2.3109992741E-01 +-    3.8947546140E-03   
GT sigXtau+                    2.00000000E-02   4.2620564516E-04 +-    2.9431970403E-05   
GT sigYtau+                    2.00000000E-02   3.9337652473E-04 +-    3.1259825013E-05   
GT sigZtau+                    2.00000000E-02  -3.3625296919E-04 +-    3.4213077229E-05   
GT sigXtau-                    2.00000000E-02   1.9122247569E-04 +-    4.4217887090E-05   
GT sigYtau-                    2.00000000E-02  -2.7825868622E-04 +-    4.1378252275E-05   
GT sigZtau-                    2.00000000E-02   4.0006706579E-04 +-    3.4188990394E-05   
F tau+                         2.00000000E-02  -2.9253853733E-19 +-    6.1882309230E-20   
F tau-                         2.00000000E-02  -1.2731763714E-19 +-    5.4409142033E-20   
Psi**2                         2.00000000E-02   4.4888854330E-05 +-    1.0524153037E-06   
single crossing/step           2.00000000E-02   8.0361572358E-03 +-    4.2631352086E-05   
global crossing/step           2.00000000E-02   7.8793007850E-03 +-    8.4433163923E-05   
energy numerator(real)         2.00000000E-02  -2.2787111537E+00 +-    9.2285214541E-01   
denominator psit/psigi(real)   2.00000000E-02   1.0080557308E-01 +-    1.3152587687E-02   
energy numerator(aimag)        2.00000000E-02   6.5508787793E-01 +-    6.0217552002E-01   
denominator psit/psigi(aimag)  2.00000000E-02  -5.1906168074E-03 +-    8.6350129848E-03   
growth(lin dt) energy          2.00000000E-02  -2.4997872096E+02 +-    5.7152546836E+00   
growth(global) energy          2.00000000E-02  -2.5077062423E+02 +-    1.1472122348E+01
growth energy                  2.00000000E-02  -2.4971299494E+02 +-    5.6940675876E+00
Time for propagation (sec) (min) =          21.889      0.365
Time for energies (sec) (min) =              0.836      0.014
Time for load balancing (sec) (min) =        0.028      0.000
Time for block (sec) (min) =                23.449      0.391
Time for operators (sec) (min) =             0.026      0.000
Elapsed block time (sec) (min) =           184.348      3.072
 
 walkers multiplicity, block, total
   0          53325         403759
   1        1000571        7960496
   2          54158         398734
   3            394           2720
   4             70            466
   5             21            129
   6              7             60
   7              2             34
   8              3             17
   9              1              9
  10              0              6
  11              0              2
  12              0              7
  13              0              1
  14              1              4
  15              0              1
  17              0              2
  20              1              1
 
 

iteration =                               9
walker number =                       10506
total energy-propagated        2.25000000E-02  -2.4981028521E+01 +-    1.1259660828E+00   
kinetic energy                 2.25000000E-02   1.2912923252E+02 +-    3.3116399554E+00   
potential energy               2.25000000E-02  -1.5411026105E+02 +-    3.1415854353E+00   
im energy                      2.25000000E-02   1.0042889992E+01 +-    5.8490901678E-01   
imkin energy                   2.25000000E-02   1.8159530980E+01 +-    6.2111074104E-01   
impot energy                   2.25000000E-02  -8.1166409881E+00 +-    7.3885189896E-01   
v cent                         2.25000000E-02   1.1188750863E+02 +-    3.4539655729E+00   
v tau                          2.25000000E-02  -1.5533623855E+01 +-    7.5673936025E-01   
v sigma                        2.25000000E-02  -3.8658867092E+01 +-    2.0158457899E-01   
v sigtau                       2.25000000E-02  -1.3287259424E+02 +-    6.2811689185E-01   
v tensor                       2.25000000E-02   3.5835534022E+00 +-    2.7853617895E-01   
v tenstau                      2.25000000E-02  -8.2516237895E+01 +-    1.2410298783E+00   
v ls                           2.25000000E-02   0.0000000000E+00 +-    0.0000000000E+00   
v lstau                        2.25000000E-02   0.0000000000E+00 +-    0.0000000000E+00   
vpot v6                        2.25000000E-02  -1.5411026105E+02 +-    3.1415854353E+00   
vpot v8                        2.25000000E-02  -1.5411026105E+02 +-    3.1415854353E+00   
v coulomb                      2.25000000E-02   9.7895919119E-01 +-    2.1758904147E-03   
v external                     2.25000000E-02   0.0000000000E+00 +-    0.0000000000E+00   
tni 2pipr-anticomm             2.25000000E-02   0.0000000000E+00 +-    0.0000000000E+00   
tni vd1pr                      2.25000000E-02   0.0000000000E+00 +-    0.0000000000E+00   
tni vepr                       2.25000000E-02   0.0000000000E+00 +-    0.0000000000E+00   
tni central                    2.25000000E-02   0.0000000000E+00 +-    0.0000000000E+00   
tni 2pixx-anticommutator       2.25000000E-02   0.0000000000E+00 +-    0.0000000000E+00   
tni 2pixd-anticommutator       2.25000000E-02   0.0000000000E+00 +-    0.0000000000E+00   
tni 2pidd-anticommutator       2.25000000E-02   0.0000000000E+00 +-    0.0000000000E+00   
tni 2pixx-commutator           2.25000000E-02   0.0000000000E+00 +-    0.0000000000E+00   
tni 2pixd-commutator           2.25000000E-02   0.0000000000E+00 +-    0.0000000000E+00   
tni 2pidd-commutator           2.25000000E-02   0.0000000000E+00 +-    0.0000000000E+00   
tni 2pi-tm                     2.25000000E-02   0.0000000000E+00 +-    0.0000000000E+00   
tni vd1                        2.25000000E-02   0.0000000000E+00 +-    0.0000000000E+00   
tni vd2                        2.25000000E-02   0.0000000000E+00 +-    0.0000000000E+00   
tni ve                         2.25000000E-02   0.0000000000E+00 +-    0.0000000000E+00   
vpottot v8+tni                 2.25000000E-02  -1.5411026105E+02 +-    3.1415854353E+00   
enetot v8+tni                  2.25000000E-02  -2.4981028521E+01 +-    1.1259660828E+00   
vper cent                      2.25000000E-02   1.1188750863E+02 +-    3.4539655729E+00   
vper tau                       2.25000000E-02  -1.5533623855E+01 +-    7.5673936025E-01   
vper sigma                     2.25000000E-02  -3.8658867092E+01 +-    2.0158457899E-01   
vper sigtau                    2.25000000E-02  -1.3287259424E+02 +-    6.2811689185E-01   
vper tensor                    2.25000000E-02   3.5835534022E+00 +-    2.7853617895E-01   
vper tenstau                   2.25000000E-02  -8.2516237895E+01 +-    1.2410298783E+00   
vper ls                        2.25000000E-02   0.0000000000E+00 +-    0.0000000000E+00   
vper lstau                     2.25000000E-02   0.0000000000E+00 +-    0.0000000000E+00   
vpotper v6                     2.25000000E-02  -1.5411026105E+02 +-    3.1415854353E+00   
vpotper v8                     2.25000000E-02  -1.5411026105E+02 +-    3.1415854353E+00   
vpotv6pr-vpotv6per diff        2.25000000E-02   0.0000000000E+00 +-    0.0000000000E+00   
vpotv8pr-vpotv8per diff        2.25000000E-02   0.0000000000E+00 +-    0.0000000000E+00   
2piapr-2pia diff               2.25000000E-02   0.0000000000E+00 +-    0.0000000000E+00   
vd1pr-vd1 diff                 2.25000000E-02   0.0000000000E+00 +-    0.0000000000E+00   
vepr-ve diff                   2.25000000E-02   0.0000000000E+00 +-    0.0000000000E+00   
diff1 2piapr-2pia-2picxx       2.25000000E-02   0.0000000000E+00 +-    0.0000000000E+00   
diff2 vd1pr-vd1-2picxd         2.25000000E-02   0.0000000000E+00 +-    0.0000000000E+00   
diff3 vepr-ve-2picdd           2.25000000E-02   0.0000000000E+00 +-    0.0000000000E+00   
sum diff1+dif2+diff3           2.25000000E-02   0.0000000000E+00 +-    0.0000000000E+00   
proton rms                     2.25000000E-02   8.3055427751E-01 +-    1.2426637149E-02   
neutron rms                    2.25000000E-02   9.0986065743E-01 +-    8.7266566100E-03   
total rms                      2.25000000E-02   8.6961464728E-01 +-    7.0465376533E-03   
neutron-proton rms             2.25000000E-02   7.9306379926E-02 +-    5.2405667378E-03   
GT sigXtau+                    2.25000000E-02  -2.6796538945E-04 +-    4.9749816109E-05   
GT sigYtau+                    2.25000000E-02  -4.2439327196E-04 +-    4.6230230476E-05   
GT sigZtau+                    2.25000000E-02   5.4211474201E-04 +-    3.6145094348E-05   
GT sigXtau-                    2.25000000E-02  -1.5320236977E-03 +-    5.1788358576E-05   
GT sigYtau-                    2.25000000E-02   1.3776402937E-04 +-    5.1810001700E-05   
GT sigZtau-                    2.25000000E-02   1.1950470534E-04 +-    5.3126069620E-05   
F tau+                         2.25000000E-02  -3.3081415563E-19 +-    7.8390740063E-20   
F tau-                         2.25000000E-02  -6.9574700263E-19 +-    7.6021138143E-20   
Psi**2                         2.25000000E-02   1.0264348714E-04 +-    1.3226172788E-06   
single crossing/step           2.25000000E-02   8.6792039139E-03 +-    4.4703041579E-05   
global crossing/step           2.25000000E-02   8.4998968752E-03 +-    8.8485727271E-05   
energy numerator(real)         2.25000000E-02  -2.5853652023E+00 +-    1.1295658844E+00   
denominator psit/psigi(real)   2.25000000E-02   9.4395798002E-02 +-    1.4050407934E-02   
energy numerator(aimag)        2.25000000E-02  -3.3068535551E-01 +-    7.9370209423E-01   
denominator psit/psigi(aimag)  2.25000000E-02  -2.3423888206E-02 +-    9.3316572643E-03   
growth(lin dt) energy          2.25000000E-02  -2.8113375047E+02 +-    6.0560663767E+00   
growth(global) energy          2.25000000E-02  -2.7585640695E+02 +-    1.3979133520E+01
growth energy                  2.25000000E-02  -2.8074269995E+02 +-    6.0289119001E+00
Time for propagation (sec) (min) =          21.485      0.358
Time for energies (sec) (min) =              0.735      0.012
Time for load balancing (sec) (min) =        0.028      0.000
Time for block (sec) (min) =                22.905      0.382
Time for operators (sec) (min) =             0.020      0.000
Elapsed block time (sec) (min) =           207.283      3.455
 
 walkers multiplicity, block, total
   0          57652         461411
   1         999529        8960025
   2          54662         453396
   3            502           3222
   4             85            551
   5             29            158
   6             10             70
   7              3             37
   8              2             19
   9              4             13
  10              0              6
  11              2              4
  12              0              7
  13              1              2
  14              0              4
  15              1              2
  17              1              3
  20              0              1
 
 

iteration =                              10
walker number =                       10685
total energy-propagated        2.50000000E-02  -6.6241744783E+01 +-    1.2374855826E+00   
kinetic energy                 2.50000000E-02   2.2117866854E+02 +-    2.6079373325E+00   
potential energy               2.50000000E-02  -2.8742041332E+02 +-    3.0908186436E+00   
im energy                      2.50000000E-02   7.5854167946E+00 +-    1.1316837117E+00   
imkin energy                   2.50000000E-02  -5.1105942569E+00 +-    8.4184673798E-01   
impot energy                   2.50000000E-02   1.2696011052E+01 +-    2.3394037653E+00   
v cent                         2.50000000E-02   5.7479840584E+01 +-    3.1216368894E+00   
v tau                          2.50000000E-02  -1.0077546076E+01 +-    5.4754377058E-01   
v sigma                        2.50000000E-02  -1.3634563985E+01 +-    8.2853751536E-01   
v sigtau                       2.50000000E-02  -1.0891656159E+02 +-    4.6936851532E-01   
v tensor                       2.50000000E-02   8.0009248198E+00 +-    1.8357267370E-01   
v tenstau                      2.50000000E-02  -2.2027250708E+02 +-    4.7351909242E+00   
v ls                           2.50000000E-02   0.0000000000E+00 +-    0.0000000000E+00   
v lstau                        2.50000000E-02   0.0000000000E+00 +-    0.0000000000E+00   
vpot v6                        2.50000000E-02  -2.8742041332E+02 +-    3.0908186436E+00   
vpot v8                        2.50000000E-02  -2.8742041332E+02 +-    3.0908186436E+00   
v coulomb                      2.50000000E-02   1.0310366671E+00 +-    6.3429361761E-03   
v external                     2.50000000E-02   0.0000000000E+00 +-    0.0000000000E+00   
tni 2pipr-anticomm             2.50000000E-02   0.0000000000E+00 +-    0.0000000000E+00   
tni vd1pr                      2.50000000E-02   0.0000000000E+00 +-    0.0000000000E+00   
tni vepr                       2.50000000E-02   0.0000000000E+00 +-    0.0000000000E+00   
tni central                    2.50000000E-02   0.0000000000E+00 +-    0.0000000000E+00   
tni 2pixx-anticommutator       2.50000000E-02   0.0000000000E+00 +-    0.0000000000E+00   
tni 2pixd-anticommutator       2.50000000E-02   0.0000000000E+00 +-    0.0000000000E+00   
tni 2pidd-anticommutator       2.50000000E-02   0.0000000000E+00 +-    0.0000000000E+00   
tni 2pixx-commutator           2.50000000E-02   0.0000000000E+00 +-    0.0000000000E+00   
tni 2pixd-commutator           2.50000000E-02   0.0000000000E+00 +-    0.0000000000E+00   
tni 2pidd-commutator           2.50000000E-02   0.0000000000E+00 +-    0.0000000000E+00   
tni 2pi-tm                     2.50000000E-02   0.0000000000E+00 +-    0.0000000000E+00   
tni vd1                        2.50000000E-02   0.0000000000E+00 +-    0.0000000000E+00   
tni vd2                        2.50000000E-02   0.0000000000E+00 +-    0.0000000000E+00   
tni ve                         2.50000000E-02   0.0000000000E+00 +-    0.0000000000E+00   
vpottot v8+tni                 2.50000000E-02  -2.8742041332E+02 +-    3.0908186436E+00   
enetot v8+tni                  2.50000000E-02  -6.6241744783E+01 +-    1.2374855826E+00   
vper cent                      2.50000000E-02   5.7479840584E+01 +-    3.1216368894E+00   
vper tau                       2.50000000E-02  -1.0077546076E+01 +-    5.4754377058E-01   
vper sigma                     2.50000000E-02  -1.3634563985E+01 +-    8.2853751536E-01   
vper sigtau                    2.50000000E-02  -1.0891656159E+02 +-    4.6936851532E-01   
vper tensor                    2.50000000E-02   8.0009248198E+00 +-    1.8357267370E-01   
vper tenstau                   2.50000000E-02  -2.2027250708E+02 +-    4.7351909242E+00   
vper ls                        2.50000000E-02   0.0000000000E+00 +-    0.0000000000E+00   
vper lstau                     2.50000000E-02   0.0000000000E+00 +-    0.0000000000E+00   
vpotper v6                     2.50000000E-02  -2.8742041332E+02 +-    3.0908186436E+00   
vpotper v8                     2.50000000E-02  -2.8742041332E+02 +-    3.0908186436E+00   
vpotv6pr-vpotv6per diff        2.50000000E-02   0.0000000000E+00 +-    0.0000000000E+00   
vpotv8pr-vpotv8per diff        2.50000000E-02   0.0000000000E+00 +-    0.0000000000E+00   
2piapr-2pia diff               2.50000000E-02   0.0000000000E+00 +-    0.0000000000E+00   
vd1pr-vd1 diff                 2.50000000E-02   0.0000000000E+00 +-    0.0000000000E+00   
vepr-ve diff                   2.50000000E-02   0.0000000000E+00 +-    0.0000000000E+00   
diff1 2piapr-2pia-2picxx       2.50000000E-02   0.0000000000E+00 +-    0.0000000000E+00   
diff2 vd1pr-vd1-2picxd         2.50000000E-02   0.0000000000E+00 +-    0.0000000000E+00   
diff3 vepr-ve-2picdd           2.50000000E-02   0.0000000000E+00 +-    0.0000000000E+00   
sum diff1+dif2+diff3           2.50000000E-02   0.0000000000E+00 +-    0.0000000000E+00   
proton rms                     2.50000000E-02   7.0673018291E-01 +-    1.1729402955E-02   
neutron rms                    2.50000000E-02   9.4338689008E-01 +-    2.2389277993E-02   
total rms                      2.50000000E-02   7.5978385496E-01 +-    9.2156234486E-03   
neutron-proton rms             2.50000000E-02   2.3665670717E-01 +-    2.3475912005E-02   
GT sigXtau+                    2.50000000E-02   1.0819688106E-03 +-    6.1848351547E-05   
GT sigYtau+                    2.50000000E-02  -1.0795841108E-03 +-    3.6304686156E-05   
GT sigZtau+                    2.50000000E-02  -1.4278605938E-03 +-    3.4281705220E-05   
GT sigXtau-                    2.50000000E-02  -1.2546614824E-03 +-    5.9522892199E-05   
GT sigYtau-                    2.50000000E-02   1.1740481159E-03 +-    4.5132432823E-05   
GT sigZtau-                    2.50000000E-02   1.1706765054E-03 +-    4.4295381206E-05   
F tau+                         2.50000000E-02  -5.1306385790E-19 +-    7.9096614830E-20   
F tau-                         2.50000000E-02  -8.9332522981E-19 +-    8.1645323777E-20   
Psi**2                         2.50000000E-02   9.4185218879E-05 +-    1.5515725701E-06   
single crossing/step           2.50000000E-02   8.3479684176E-03 +-    4.3599785122E-05   
global crossing/step           2.50000000E-02   8.1252273337E-03 +-    8.6038033516E-05   
energy numerator(real)         2.50000000E-02  -4.8501834127E+00 +-    1.1164581482E+00   
denominator psit/psigi(real)   2.50000000E-02   6.1236102472E-02 +-    1.3850432137E-02   
energy numerator(aimag)        2.50000000E-02  -1.3060522701E-01 +-    9.0545643725E-01   
denominator psit/psigi(aimag)  2.50000000E-02   2.8092734878E-02 +-    9.1870867502E-03   
growth(lin dt) energy          2.50000000E-02  -2.6632344127E+02 +-    5.9358289387E+00   
growth(global) energy          2.50000000E-02  -2.5460271246E+02 +-    1.3064779491E+01
growth energy                  2.50000000E-02  -2.6599496838E+02 +-    5.9114013609E+00
Time for propagation (sec) (min) =          21.724      0.362
Time for energies (sec) (min) =              0.748      0.012
Time for load balancing (sec) (min) =        0.028      0.000
Time for block (sec) (min) =                23.208      0.387
Time for operators (sec) (min) =             0.022      0.000
Elapsed block time (sec) (min) =           230.513      3.842
 
 walkers multiplicity, block, total
   0          56152         517563
   1        1001080        9961105
   2          54937         508333
   3            447           3669
   4             77            628
   5             27            185
   6             11             81
   7              5             42
   8              2             21
   9              0             13
  10              1              7
  11              0              4
  12              2              9
  13              1              3
  14              0              4
  15              0              2
  17              0              3
  20              1              2
 
 

Time for steps      =     230.522 seconds,        3.842 minutes
Master Time for steps =     230.432 seconds,        3.841 minutes

Number of cpus =       100
Total job time =     235.607 seconds,        3.927 minutes,        0.065 hours
Total cpu-time =     392.678 minutes,        6.545 hours
Total time =         235.397 seconds,        3.923 minutes,        0.065 hours
Finished!
