Unconstrained Diffusion Monte Carlo Run -- no drift
!-!-!-!-!-!-!-!-!-!-!-!-!-!-!-!-!-!-!-!-!-!-!-!-!-!
MPI parameters:
Number of boss cpus =                         100
Number of worker cpus for each boss =           0
Total number of cpus =                        100
Simulation parameters:
random number seed =                          321
hbar^2/2m =                              20.73554
start from sites =                              F
nwalk =                                     10000
equilibration blocks =                          0
averaging blocks =                             10
nsteps/blocks =                               100
time step =                          0.0000250000
time step rotations (vmc) =          0.1700000000
trial energy =                          -26.00000
drift cutoff =                            0.00000
drastic population control up =           1.20000
drastic population control down =         0.80000
rebalance if walkers fluctuate more than   2.00 %
weight cut off =                         20.00000
table size =                                 8000
!-!-!-!-!-!-!-!-!-!-!-!-!-!-!-!-!-!-!-!-!-!-!-!-!-!
System parameters:
lpot =                                         11
lpotper =                                      11
potential  =                          argonne v6'
potentialpr =                         argonne v6'
Coulomb included in energy-propagation          F
multiply central v by =                   1.00000
multiply tau v by =                       1.00000
multiply sigma v by =                     1.00000
multiply sigma tau v by =                 1.00000
multiply tensor v by =                    1.00000
multiply tensor tau v by =                1.00000
multiply spin-orbit v by =                0.00000
multiply spin-orbit tau v by =            0.00000
three-body potential =                        no3
ibox (0 is nearest image) =                     0
!-!-!-!-!-!-!-!-!-!-!-!-!-!-!-!-!-!-!-!-!-!-!-!-!-!
propagate LS =                                  F
calculate LS =                                  F
type of correlations =           independent pair
scale orbital   1 with factor    1.14000
determinant # 1
coefficient                     1.00000   0.00000
1  1  0  1  alpha.orb    # 2J,2M,L,tau radial_file for state                    
1 -1  0  1  alpha.orb    # 2J,2M,L,tau radial_file for state                    
1  1  0 -1  alpha.orb    # 2J,2M,L,tau radial_file for state                    
1 -1  0 -1  alpha.orb    # 2J,2M,L,tau radial_file for state                    
rescaled coefficient            1.00000   0.00000
!-!-!-!-!-!-!-!-!-!-!-!-!-!-!-!-!-!-!-!-!-!-!-!-!-!
No external potential
!-!-!-!-!-!-!-!-!-!-!-!-!-!-!-!-!-!-!-!-!-!-!-!-!-!
rcut in pair sampling =                   1.00000
acut in pair sampling =                   5.00000
a constant in psig =                      0.20000
Number of protons =                             2
Number of neutrons =                            2
range of the potential =                 20.00000
!-!-!-!-!-!-!-!-!-!-!-!-!-!-!-!-!-!-!-!-!-!-!-!-!-!
do V3 =                                         F
three body force =                            no3
three body a2piPwa =                      0.000000000000000
three body a2piPwc =                      0.000000000000000
three body a2piSw =                       0.000000000000000
three body Vd,C,c3 =                      0.000000000000000
three body Ve,C,c3 =                      0.000000000000000
three body A_R =                          0.000000000000000
three body Vd1 =                          0.000000000000000
three body Vd2 =                          0.000000000000000
three body Ve =                           0.000000000000000
propagator: multiply the antic by =       0.000000000000000
propagator: multiply the Vd1 by =         0.000000000000000
propagator: multiply the Ve by =          0.000000000000000
propagator: three body a2piPW =           0.000000000000000
!-!-!-!-!-!-!-!-!-!-!-!-!-!-!-!-!-!-!-!-!-!-!-!-!-!
jastrow healing distance dc =             4.47768
jastrow healing distance dtn =           11.57317
jastrow rho =                             0.01000
potential quencher acn (v1) =             1.50851
potential quencher at  (v2) =             6.06936
potential quencher as  (v3) =             2.76780
potential quencher ast (v4) =             0.80880
potential quencher atn (v5) =             0.61864
potential quencher atn (v6) =             0.20141
potential quencher als (v7) =             0.00000
potential quencher alst (v8) =            0.00000
correlation quencher bt (f2) =            0.26685
correlation quencher bs (f3) =           -0.10565
correlation quencher bst (f4) =           0.42277
correlation quencher btn (f5) =           1.08683
correlation quencher btn (f6) =           4.44810
correlation quencher bls (f7) =           0.00000
correlation quencher blst (f8) =          0.00000
!-!-!-!-!-!-!-!-!-!-!-!-!-!-!-!-!-!-!-!-!-!-!-!-!-!
q1c parameter in f3c =                   12.87526
q2c parameter in f3c =                    1.60340
q1p parameter in f3p =                   -1.81620
q2p parameter in f3p =                    2.14789
!-!-!-!-!-!-!-!-!-!-!-!-!-!-!-!-!-!-!-!-!-!-!-!-!-!
rscal parameter in Uijk cent =            1.00000
rscal parameter in Uijk xpi =             1.00000
rscal parameter in Uijk delta =           1.00000
eps_c parameter in Uijk =                 0.00000
eps_anti parameter in Uijk =              0.00000
eps_tm parameter in Uijk =                0.00000
eps_vd1 parameter in Uijk =               0.00000
eps_vd2 parameter in Uijk =               0.00000
eps_vdc3 parameter in Uijk =              0.00000
eps_vec3 parameter in Uijk =              0.00000
eps_ve parameter in Uijk =                0.00000
eps_comm parameter in Uijk =              0.00000
eps_comm-XD parameter in Uijk =           0.00000
eps_comm-DD parameter in Uijk =           0.00000
TNI-comm correlation included =                 F
!-!-!-!-!-!-!-!-!-!-!-!-!-!-!-!-!-!-!-!-!-!-!-!-!-!
CSB correlation rscalpp =                 1.00000
CSB correlation rscalnn =                 1.00000
CSB correlation quencher pp =             0.00000
CSB correlation quencher nn =             0.00000
CSB correlation included =                      F
!-!-!-!-!-!-!-!-!-!-!-!-!-!-!-!-!-!-!-!-!-!-!-!-!-!
jastrow initialized
!-!-!-!-!-!-!-!-!-!-!-!-!-!-!-!-!-!-!-!-!-!-!-!-!-!
Symmetrize V6 in the propagator =               T
New propagation of Vlstau and commutator included!
Coulomb included in energy (and propag)         F
Initial walkers from file
Number of walkers =                          8243
Configurations at tau =              1.4125000000
Reset tau =                          0.0000000000
!-!-!-!-!-!-!-!-!-!-!-!-!-!-!-!-!-!-!-!-!-!-!-!-!-!
Time for reading configurations (sec.) =       0.71
!-!-!-!-!-!-!-!-!-!-!-!-!-!-!-!-!-!-!-!-!-!-!-!-!-!
Initial configurations:
total energy-propagated        0.00000000E+00  -2.6417114032E+01 +-    3.4208458239E-01   
kinetic energy                 0.00000000E+00   1.0352497480E+02 +-    1.6984170658E+00   
potential energy               0.00000000E+00  -1.2994208883E+02 +-    1.6676423636E+00   
v cent                         0.00000000E+00   1.7199771764E+01 +-    1.5647514688E+00   
v tau                          0.00000000E+00  -7.2892247788E+00 +-    2.4402156260E-01   
v sigma                        0.00000000E+00  -8.9383723695E+00 +-    2.4499025652E-01   
v sigtau                       0.00000000E+00  -6.0180460603E+01 +-    5.7458693780E-01   
v tensor                       0.00000000E+00   4.6355711736E-01 +-    1.3600251670E-01   
v tenstau                      0.00000000E+00  -7.1197359961E+01 +-    9.8864710337E-01   
v ls                           0.00000000E+00   0.0000000000E+00 +-    0.0000000000E+00   
v lstau                        0.00000000E+00   0.0000000000E+00 +-    0.0000000000E+00   
v coulomb                      0.00000000E+00   7.3987042157E-01 +-    2.9516566619E-03   
v external                     0.00000000E+00   0.0000000000E+00 +-    0.0000000000E+00   
tni 2pipr-anticomm             0.00000000E+00   0.0000000000E+00 +-    0.0000000000E+00   
tni vd1pr                      0.00000000E+00   0.0000000000E+00 +-    0.0000000000E+00   
tni vepr                       0.00000000E+00   0.0000000000E+00 +-    0.0000000000E+00   
tni central                    0.00000000E+00   0.0000000000E+00 +-    0.0000000000E+00   
tni 2pixx-anticommutator       0.00000000E+00   0.0000000000E+00 +-    0.0000000000E+00   
tni 2pixd-anticommutator       0.00000000E+00   0.0000000000E+00 +-    0.0000000000E+00   
tni 2pidd-anticommutator       0.00000000E+00   0.0000000000E+00 +-    0.0000000000E+00   
tni 2pixx-commutator           0.00000000E+00   0.0000000000E+00 +-    0.0000000000E+00   
tni 2pixd-commutator           0.00000000E+00   0.0000000000E+00 +-    0.0000000000E+00   
tni 2pidd-commutator           0.00000000E+00   0.0000000000E+00 +-    0.0000000000E+00   
tni 2pi-tm                     0.00000000E+00   0.0000000000E+00 +-    0.0000000000E+00   
tni vd1                        0.00000000E+00   0.0000000000E+00 +-    0.0000000000E+00   
tni vd2                        0.00000000E+00   0.0000000000E+00 +-    0.0000000000E+00   
tni ve                         0.00000000E+00   0.0000000000E+00 +-    0.0000000000E+00   
enetot v8+tni                  0.00000000E+00  -2.6417114032E+01 +-    3.4208458239E-01   
!-!-!-!-!-!-!-!-!-!-!-!-!-!-!-!-!-!-!-!-!-!-!-!-!-!
Psi**2 of initial configurations  =   0.2584258E-04  0.0000000E+00  +-    0.6751285E-06  0.0000000E+00
Psig**2 of initial configurations =   0.1666910E-04  0.0000000E+00  +-    0.4977749E-06  0.0000000E+00
!-!-!-!-!-!-!-!-!-!-!-!-!-!-!-!-!-!-!-!-!-!-!-!-!-!
T**2 of initial configurations  =  -0.1804156E-07 -0.2265803E-08
Tz of initial configurations    =   0.7106294E-14  0.5717479E-14
J**2 of initial configurations  =   0.2829450E-07 -0.2667413E-08
Jz of initial configurations    =   0.1788561E-14  0.3124036E-13
!-!-!-!-!-!-!-!-!-!-!-!-!-!-!-!-!-!-!-!-!-!-!-!-!-!
!-!-!-!-!-!-!-!-!-!-!-!-!-!-!-!-!-!-!-!-!-!-!-!-!-!
Time to process initial configurations (sec.) =       1.43
!-!-!-!-!-!-!-!-!-!-!-!-!-!-!-!-!-!-!-!-!-!-!-!-!-!

equilibration done

iteration =                               1
walker number =                       10047
total energy-propagated        2.50000000E-03  -2.6928875682E+01 +-    2.9851944632E-01   
kinetic energy                 2.50000000E-03   1.0933379041E+02 +-    1.5714896151E+00   
potential energy               2.50000000E-03  -1.3626266609E+02 +-    1.5750170362E+00   
im energy                      2.50000000E-03   7.8451391887E-01 +-    2.0087870106E-01   
imkin energy                   2.50000000E-03   2.0909420556E+00 +-    4.0228629420E-01   
impot energy                   2.50000000E-03  -1.3064281368E+00 +-    3.9045152331E-01   
v cent                         2.50000000E-03   1.6319495344E+01 +-    1.4207764884E+00   
v tau                          2.50000000E-03  -6.8298737912E+00 +-    2.0103915506E-01   
v sigma                        2.50000000E-03  -1.0065445064E+01 +-    2.7034925321E-01   
v sigtau                       2.50000000E-03  -6.3520330922E+01 +-    5.4862162899E-01   
v tensor                       2.50000000E-03   3.8979956065E-01 +-    1.2509601041E-01   
v tenstau                      2.50000000E-03  -7.2556311220E+01 +-    9.5782719530E-01   
v ls                           2.50000000E-03   0.0000000000E+00 +-    0.0000000000E+00   
v lstau                        2.50000000E-03   0.0000000000E+00 +-    0.0000000000E+00   
vpot v6                        2.50000000E-03  -1.3626266609E+02 +-    1.5750170362E+00   
vpot v8                        2.50000000E-03  -1.3626266609E+02 +-    1.5750170362E+00   
v coulomb                      2.50000000E-03   7.4451425169E-01 +-    2.6034783857E-03   
v external                     2.50000000E-03   0.0000000000E+00 +-    0.0000000000E+00   
tni 2pipr-anticomm             2.50000000E-03   0.0000000000E+00 +-    0.0000000000E+00   
tni vd1pr                      2.50000000E-03   0.0000000000E+00 +-    0.0000000000E+00   
tni vepr                       2.50000000E-03   0.0000000000E+00 +-    0.0000000000E+00   
tni central                    2.50000000E-03   0.0000000000E+00 +-    0.0000000000E+00   
tni 2pixx-anticommutator       2.50000000E-03   0.0000000000E+00 +-    0.0000000000E+00   
tni 2pixd-anticommutator       2.50000000E-03   0.0000000000E+00 +-    0.0000000000E+00   
tni 2pidd-anticommutator       2.50000000E-03   0.0000000000E+00 +-    0.0000000000E+00   
tni 2pixx-commutator           2.50000000E-03   0.0000000000E+00 +-    0.0000000000E+00   
tni 2pixd-commutator           2.50000000E-03   0.0000000000E+00 +-    0.0000000000E+00   
tni 2pidd-commutator           2.50000000E-03   0.0000000000E+00 +-    0.0000000000E+00   
tni 2pi-tm                     2.50000000E-03   0.0000000000E+00 +-    0.0000000000E+00   
tni vd1                        2.50000000E-03   0.0000000000E+00 +-    0.0000000000E+00   
tni vd2                        2.50000000E-03   0.0000000000E+00 +-    0.0000000000E+00   
tni ve                         2.50000000E-03   0.0000000000E+00 +-    0.0000000000E+00   
vpottot v8+tni                 2.50000000E-03  -1.3626266609E+02 +-    1.5750170362E+00   
enetot v8+tni                  2.50000000E-03  -2.6928875682E+01 +-    2.9851944632E-01   
vper cent                      2.50000000E-03   1.6319495344E+01 +-    1.4207764884E+00   
vper tau                       2.50000000E-03  -6.8298737912E+00 +-    2.0103915506E-01   
vper sigma                     2.50000000E-03  -1.0065445064E+01 +-    2.7034925321E-01   
vper sigtau                    2.50000000E-03  -6.3520330922E+01 +-    5.4862162899E-01   
vper tensor                    2.50000000E-03   3.8979956065E-01 +-    1.2509601041E-01   
vper tenstau                   2.50000000E-03  -7.2556311220E+01 +-    9.5782719530E-01   
vper ls                        2.50000000E-03   0.0000000000E+00 +-    0.0000000000E+00   
vper lstau                     2.50000000E-03   0.0000000000E+00 +-    0.0000000000E+00   
vpotper v6                     2.50000000E-03  -1.3626266609E+02 +-    1.5750170362E+00   
vpotper v8                     2.50000000E-03  -1.3626266609E+02 +-    1.5750170362E+00   
vpotv6pr-vpotv6per diff        2.50000000E-03   0.0000000000E+00 +-    0.0000000000E+00   
vpotv8pr-vpotv8per diff        2.50000000E-03   0.0000000000E+00 +-    0.0000000000E+00   
2piapr-2pia diff               2.50000000E-03   0.0000000000E+00 +-    0.0000000000E+00   
vd1pr-vd1 diff                 2.50000000E-03   0.0000000000E+00 +-    0.0000000000E+00   
vepr-ve diff                   2.50000000E-03   0.0000000000E+00 +-    0.0000000000E+00   
diff1 2piapr-2pia-2picxx       2.50000000E-03   0.0000000000E+00 +-    0.0000000000E+00   
diff2 vd1pr-vd1-2picxd         2.50000000E-03   0.0000000000E+00 +-    0.0000000000E+00   
diff3 vepr-ve-2picdd           2.50000000E-03   0.0000000000E+00 +-    0.0000000000E+00   
sum diff1+dif2+diff3           2.50000000E-03   0.0000000000E+00 +-    0.0000000000E+00   
proton rms                     2.50000000E-03   2.0584688138E+00 +-    1.3285362030E-02   
neutron rms                    2.50000000E-03   2.0329087136E+00 +-    1.3539451791E-02   
total rms                      2.50000000E-03   2.0447363961E+00 +-    1.2159672211E-02   
neutron-proton rms             2.50000000E-03  -2.5560100222E-02 +-    1.1289608567E-02   
GT sigXtau+                    2.50000000E-03  -2.1486365178E-05 +-    2.3666189020E-05   
GT sigYtau+                    2.50000000E-03  -7.6256315752E-05 +-    2.4668571857E-05   
GT sigZtau+                    2.50000000E-03   7.1955556137E-05 +-    2.3170347931E-05   
GT sigXtau-                    2.50000000E-03  -2.2441032671E-05 +-    2.3553765281E-05   
GT sigYtau-                    2.50000000E-03   2.1341120419E-05 +-    2.4067664516E-05   
GT sigZtau-                    2.50000000E-03   3.5752358589E-05 +-    2.3787850820E-05   
F tau+                         2.50000000E-03  -1.0453031704E-22 +-    4.2640304191E-20   
F tau-                         2.50000000E-03  -3.0530781998E-20 +-    4.3904583461E-20   
Psi**2                         2.50000000E-03   3.1270989050E-05 +-    7.5271967587E-07   
single crossing/step           2.50000000E-03   8.4840154777E-03 +-    4.8398214352E-05   
global crossing/step           2.50000000E-03   8.3358765702E-03 +-    9.5954796061E-05   
energy numerator(real)         2.50000000E-03  -2.8287685186E+01 +-    7.0602926485E-01   
denominator psit/psigi(real)   2.50000000E-03   1.0504834280E+00 +-    1.1435915701E-02   
energy numerator(aimag)        2.50000000E-03   4.2135533452E-01 +-    4.8476157891E-01   
denominator psit/psigi(aimag)  2.50000000E-03  -1.8439340805E-03 +-    7.6033664376E-03   
growth(lin dt) energy          2.50000000E-03  -1.8779427887E+02 +-    4.9976967012E+00   
growth(global) energy          2.50000000E-03  -1.8330756118E+02 +-    1.0723530212E+01
growth energy                  2.50000000E-03  -1.8770663274E+02 +-    4.9869382453E+00
Time for propagation (sec) (min) =          17.934      0.299
Time for energies (sec) (min) =              0.704      0.012
Time for load balancing (sec) (min) =        0.062      0.001
Time for block (sec) (min) =                19.428      0.324
Time for operators (sec) (min) =             0.017      0.000
Elapsed block time (sec) (min) =            19.446      0.324
 
 walkers multiplicity, block, total
   0          34169          34169
   1         827889         827889
   2          35573          35573
   3            143            143
   4             23             23
   5              7              7
   6              0              0
   7              1              1
   8              0              0
   9              0              0
  12              1              1
 
 

iteration =                               2
walker number =                       11215
total energy-propagated        5.00000000E-03  -2.4209142824E+01 +-    9.5410541437E-01   
kinetic energy                 5.00000000E-03   1.0610484445E+02 +-    1.4495939074E+00   
potential energy               5.00000000E-03  -1.3031398728E+02 +-    1.2947955929E+00   
im energy                      5.00000000E-03   1.5053561158E+00 +-    2.4349352767E-01   
imkin energy                   5.00000000E-03   1.7438520523E+00 +-    3.2198505832E-01   
impot energy                   5.00000000E-03  -2.3849593650E-01 +-    2.3561974770E-01   
v cent                         5.00000000E-03   1.9650960238E+01 +-    1.3671068306E+00   
v tau                          5.00000000E-03  -9.6347625214E+00 +-    2.9263607901E-01   
v sigma                        5.00000000E-03  -9.2991311791E+00 +-    2.3548184711E-01   
v sigtau                       5.00000000E-03  -6.3879948723E+01 +-    4.6550064260E-01   
v tensor                       5.00000000E-03   7.6812263062E-01 +-    2.6879582127E-01   
v tenstau                      5.00000000E-03  -6.7919227721E+01 +-    8.1141648662E-01   
v ls                           5.00000000E-03   0.0000000000E+00 +-    0.0000000000E+00   
v lstau                        5.00000000E-03   0.0000000000E+00 +-    0.0000000000E+00   
vpot v6                        5.00000000E-03  -1.3031398728E+02 +-    1.2947955929E+00   
vpot v8                        5.00000000E-03  -1.3031398728E+02 +-    1.2947955929E+00   
v coulomb                      5.00000000E-03   7.6495500218E-01 +-    2.4103652107E-03   
v external                     5.00000000E-03   0.0000000000E+00 +-    0.0000000000E+00   
tni 2pipr-anticomm             5.00000000E-03   0.0000000000E+00 +-    0.0000000000E+00   
tni vd1pr                      5.00000000E-03   0.0000000000E+00 +-    0.0000000000E+00   
tni vepr                       5.00000000E-03   0.0000000000E+00 +-    0.0000000000E+00   
tni central                    5.00000000E-03   0.0000000000E+00 +-    0.0000000000E+00   
tni 2pixx-anticommutator       5.00000000E-03   0.0000000000E+00 +-    0.0000000000E+00   
tni 2pixd-anticommutator       5.00000000E-03   0.0000000000E+00 +-    0.0000000000E+00   
tni 2pidd-anticommutator       5.00000000E-03   0.0000000000E+00 +-    0.0000000000E+00   
tni 2pixx-commutator           5.00000000E-03   0.0000000000E+00 +-    0.0000000000E+00   
tni 2pixd-commutator           5.00000000E-03   0.0000000000E+00 +-    0.0000000000E+00   
tni 2pidd-commutator           5.00000000E-03   0.0000000000E+00 +-    0.0000000000E+00   
tni 2pi-tm                     5.00000000E-03   0.0000000000E+00 +-    0.0000000000E+00   
tni vd1                        5.00000000E-03   0.0000000000E+00 +-    0.0000000000E+00   
tni vd2                        5.00000000E-03   0.0000000000E+00 +-    0.0000000000E+00   
tni ve                         5.00000000E-03   0.0000000000E+00 +-    0.0000000000E+00   
vpottot v8+tni                 5.00000000E-03  -1.3031398728E+02 +-    1.2947955929E+00   
enetot v8+tni                  5.00000000E-03  -2.4209142824E+01 +-    9.5410541437E-01   
vper cent                      5.00000000E-03   1.9650960238E+01 +-    1.3671068306E+00   
vper tau                       5.00000000E-03  -9.6347625214E+00 +-    2.9263607901E-01   
vper sigma                     5.00000000E-03  -9.2991311791E+00 +-    2.3548184711E-01   
vper sigtau                    5.00000000E-03  -6.3879948723E+01 +-    4.6550064260E-01   
vper tensor                    5.00000000E-03   7.6812263062E-01 +-    2.6879582127E-01   
vper tenstau                   5.00000000E-03  -6.7919227721E+01 +-    8.1141648662E-01   
vper ls                        5.00000000E-03   0.0000000000E+00 +-    0.0000000000E+00   
vper lstau                     5.00000000E-03   0.0000000000E+00 +-    0.0000000000E+00   
vpotper v6                     5.00000000E-03  -1.3031398728E+02 +-    1.2947955929E+00   
vpotper v8                     5.00000000E-03  -1.3031398728E+02 +-    1.2947955929E+00   
vpotv6pr-vpotv6per diff        5.00000000E-03   0.0000000000E+00 +-    0.0000000000E+00   
vpotv8pr-vpotv8per diff        5.00000000E-03   0.0000000000E+00 +-    0.0000000000E+00   
2piapr-2pia diff               5.00000000E-03   0.0000000000E+00 +-    0.0000000000E+00   
vd1pr-vd1 diff                 5.00000000E-03   0.0000000000E+00 +-    0.0000000000E+00   
vepr-ve diff                   5.00000000E-03   0.0000000000E+00 +-    0.0000000000E+00   
diff1 2piapr-2pia-2picxx       5.00000000E-03   0.0000000000E+00 +-    0.0000000000E+00   
diff2 vd1pr-vd1-2picxd         5.00000000E-03   0.0000000000E+00 +-    0.0000000000E+00   
diff3 vepr-ve-2picdd           5.00000000E-03   0.0000000000E+00 +-    0.0000000000E+00   
sum diff1+dif2+diff3           5.00000000E-03   0.0000000000E+00 +-    0.0000000000E+00   
proton rms                     5.00000000E-03   1.9914098533E+00 +-    1.2275594070E-02   
neutron rms                    5.00000000E-03   2.0218157780E+00 +-    1.2990939666E-02   
total rms                      5.00000000E-03   2.0091609389E+00 +-    1.1614792231E-02   
neutron-proton rms             5.00000000E-03   3.0405924662E-02 +-    1.0121307543E-02   
GT sigXtau+                    5.00000000E-03   1.9693315490E-04 +-    2.3460186177E-05   
GT sigYtau+                    5.00000000E-03   2.7930232949E-05 +-    2.3322669945E-05   
GT sigZtau+                    5.00000000E-03   6.2359973223E-05 +-    2.3564462185E-05   
GT sigXtau-                    5.00000000E-03  -1.4259162011E-04 +-    2.1186797292E-05   
GT sigYtau-                    5.00000000E-03  -9.7634888661E-05 +-    2.1984918115E-05   
GT sigZtau-                    5.00000000E-03   1.3492287880E-04 +-    2.2283452244E-05   
F tau+                         5.00000000E-03   2.6041326359E-20 +-    5.1535263362E-20   
F tau-                         5.00000000E-03   7.0947962546E-20 +-    3.9441118942E-20   
Psi**2                         5.00000000E-03   2.9129218477E-05 +-    5.5411435588E-07   
single crossing/step           5.00000000E-03   7.4448485252E-03 +-    4.1314550976E-05   
global crossing/step           5.00000000E-03   7.3039438525E-03 +-    8.1849237346E-05   
energy numerator(real)         5.00000000E-03  -1.6006297643E+01 +-    1.9671504110E+00   
denominator psit/psigi(real)   5.00000000E-03   6.6286016752E-01 +-    1.2349130361E-02   
energy numerator(aimag)        5.00000000E-03   2.6836065616E+00 +-    1.2126975896E+00   
denominator psit/psigi(aimag)  5.00000000E-03  -1.1267127153E-02 +-    8.2490241026E-03   
growth(lin dt) energy          5.00000000E-03  -2.1440227804E+02 +-    5.1708845851E+00   
growth(global) energy          5.00000000E-03  -2.2167653601E+02 +-    1.1416379086E+01
growth energy                  5.00000000E-03  -2.1425019952E+02 +-    5.1563195725E+00
Time for propagation (sec) (min) =          21.623      0.360
Time for energies (sec) (min) =              0.786      0.013
Time for load balancing (sec) (min) =        0.031      0.001
Time for block (sec) (min) =                23.127      0.385
Time for operators (sec) (min) =             0.020      0.000
Elapsed block time (sec) (min) =            42.619      0.710
 
 walkers multiplicity, block, total
   0          46286          80455
   1        1001113        1829002
   2          46501          82074
   3            310            453
   4             50             73
   5             15             22
   6              7              7
   7              5              6
   8              2              2
   9              2              2
  10              1              1
  12              0              1
  20              1              1
 
 

iteration =                               3
walker number =                       11015
total energy-propagated        7.50000000E-03  -2.7847891311E+01 +-    7.0805153248E-01   
kinetic energy                 7.50000000E-03   9.5959745703E+01 +-    2.1025601952E+00   
potential energy               7.50000000E-03  -1.2380763701E+02 +-    1.8633311746E+00   
im energy                      7.50000000E-03  -1.1381175299E-01 +-    5.4034332133E-01   
imkin energy                   7.50000000E-03   2.5521886734E-01 +-    6.4822484151E-01   
impot energy                   7.50000000E-03  -3.6903062033E-01 +-    4.9155225530E-01   
v cent                         7.50000000E-03   2.5789922572E+01 +-    1.8191199750E+00   
v tau                          7.50000000E-03  -7.5934165973E+00 +-    3.9489291660E-01   
v sigma                        7.50000000E-03  -1.2280006130E+01 +-    2.2444405802E-01   
v sigtau                       7.50000000E-03  -6.4965992585E+01 +-    5.0174659856E-01   
v tensor                       7.50000000E-03   1.9589599543E-01 +-    2.2226465776E-01   
v tenstau                      7.50000000E-03  -6.4954040270E+01 +-    1.1797744633E+00   
v ls                           7.50000000E-03   0.0000000000E+00 +-    0.0000000000E+00   
v lstau                        7.50000000E-03   0.0000000000E+00 +-    0.0000000000E+00   
vpot v6                        7.50000000E-03  -1.2380763701E+02 +-    1.8633311746E+00   
vpot v8                        7.50000000E-03  -1.2380763701E+02 +-    1.8633311746E+00   
v coulomb                      7.50000000E-03   7.5985724150E-01 +-    2.1970118671E-03   
v external                     7.50000000E-03   0.0000000000E+00 +-    0.0000000000E+00   
tni 2pipr-anticomm             7.50000000E-03   0.0000000000E+00 +-    0.0000000000E+00   
tni vd1pr                      7.50000000E-03   0.0000000000E+00 +-    0.0000000000E+00   
tni vepr                       7.50000000E-03   0.0000000000E+00 +-    0.0000000000E+00   
tni central                    7.50000000E-03   0.0000000000E+00 +-    0.0000000000E+00   
tni 2pixx-anticommutator       7.50000000E-03   0.0000000000E+00 +-    0.0000000000E+00   
tni 2pixd-anticommutator       7.50000000E-03   0.0000000000E+00 +-    0.0000000000E+00   
tni 2pidd-anticommutator       7.50000000E-03   0.0000000000E+00 +-    0.0000000000E+00   
tni 2pixx-commutator           7.50000000E-03   0.0000000000E+00 +-    0.0000000000E+00   
tni 2pixd-commutator           7.50000000E-03   0.0000000000E+00 +-    0.0000000000E+00   
tni 2pidd-commutator           7.50000000E-03   0.0000000000E+00 +-    0.0000000000E+00   
tni 2pi-tm                     7.50000000E-03   0.0000000000E+00 +-    0.0000000000E+00   
tni vd1                        7.50000000E-03   0.0000000000E+00 +-    0.0000000000E+00   
tni vd2                        7.50000000E-03   0.0000000000E+00 +-    0.0000000000E+00   
tni ve                         7.50000000E-03   0.0000000000E+00 +-    0.0000000000E+00   
vpottot v8+tni                 7.50000000E-03  -1.2380763701E+02 +-    1.8633311746E+00   
enetot v8+tni                  7.50000000E-03  -2.7847891311E+01 +-    7.0805153248E-01   
vper cent                      7.50000000E-03   2.5789922572E+01 +-    1.8191199750E+00   
vper tau                       7.50000000E-03  -7.5934165973E+00 +-    3.9489291660E-01   
vper sigma                     7.50000000E-03  -1.2280006130E+01 +-    2.2444405802E-01   
vper sigtau                    7.50000000E-03  -6.4965992585E+01 +-    5.0174659856E-01   
vper tensor                    7.50000000E-03   1.9589599543E-01 +-    2.2226465776E-01   
vper tenstau                   7.50000000E-03  -6.4954040270E+01 +-    1.1797744633E+00   
vper ls                        7.50000000E-03   0.0000000000E+00 +-    0.0000000000E+00   
vper lstau                     7.50000000E-03   0.0000000000E+00 +-    0.0000000000E+00   
vpotper v6                     7.50000000E-03  -1.2380763701E+02 +-    1.8633311746E+00   
vpotper v8                     7.50000000E-03  -1.2380763701E+02 +-    1.8633311746E+00   
vpotv6pr-vpotv6per diff        7.50000000E-03   0.0000000000E+00 +-    0.0000000000E+00   
vpotv8pr-vpotv8per diff        7.50000000E-03   0.0000000000E+00 +-    0.0000000000E+00   
2piapr-2pia diff               7.50000000E-03   0.0000000000E+00 +-    0.0000000000E+00   
vd1pr-vd1 diff                 7.50000000E-03   0.0000000000E+00 +-    0.0000000000E+00   
vepr-ve diff                   7.50000000E-03   0.0000000000E+00 +-    0.0000000000E+00   
diff1 2piapr-2pia-2picxx       7.50000000E-03   0.0000000000E+00 +-    0.0000000000E+00   
diff2 vd1pr-vd1-2picxd         7.50000000E-03   0.0000000000E+00 +-    0.0000000000E+00   
diff3 vepr-ve-2picdd           7.50000000E-03   0.0000000000E+00 +-    0.0000000000E+00   
sum diff1+dif2+diff3           7.50000000E-03   0.0000000000E+00 +-    0.0000000000E+00   
proton rms                     7.50000000E-03   2.0440814570E+00 +-    1.1988510706E-02   
neutron rms                    7.50000000E-03   1.9307186498E+00 +-    1.1461698909E-02   
total rms                      7.50000000E-03   1.9869767030E+00 +-    1.0647507121E-02   
neutron-proton rms             7.50000000E-03  -1.1336280723E-01 +-    9.9628392634E-03   
GT sigXtau+                    7.50000000E-03   2.2811610597E-04 +-    2.5646156707E-05   
GT sigYtau+                    7.50000000E-03   2.8164556858E-04 +-    2.7004426724E-05   
GT sigZtau+                    7.50000000E-03   8.5509638606E-06 +-    2.4591385664E-05   
GT sigXtau-                    7.50000000E-03  -5.9056644633E-05 +-    2.0184940589E-05   
GT sigYtau-                    7.50000000E-03  -1.5844291566E-04 +-    2.2353225897E-05   
GT sigZtau-                    7.50000000E-03  -2.2407397481E-05 +-    2.2395145594E-05   
F tau+                         7.50000000E-03   2.3706052327E-20 +-    4.5791558571E-20   
F tau-                         7.50000000E-03   6.4653632379E-20 +-    3.9750479353E-20   
Psi**2                         7.50000000E-03   2.8476372276E-05 +-    6.6510102658E-07   
single crossing/step           7.50000000E-03   7.6014638302E-03 +-    4.1475972257E-05   
global crossing/step           7.50000000E-03   7.4632719816E-03 +-    8.2200190572E-05   
energy numerator(real)         7.50000000E-03  -1.1106494920E+01 +-    1.0771902721E+00   
denominator psit/psigi(real)   7.50000000E-03   3.9938968812E-01 +-    1.3167546706E-02   
energy numerator(aimag)        7.50000000E-03  -1.1309508123E+00 +-    8.5208947319E-01   
denominator psit/psigi(aimag)  7.50000000E-03   6.6072069371E-03 +-    8.9636328277E-03   
growth(lin dt) energy          7.50000000E-03  -2.3246489013E+02 +-    5.4316915626E+00   
growth(global) energy          7.50000000E-03  -2.4411031929E+02 +-    9.3218946519E+00
growth energy                  7.50000000E-03  -2.3225904040E+02 +-    5.4139364667E+00
Time for propagation (sec) (min) =          21.908      0.365
Time for energies (sec) (min) =              0.773      0.013
Time for load balancing (sec) (min) =        0.032      0.001
Time for block (sec) (min) =                23.241      0.387
Time for operators (sec) (min) =             0.021      0.000
Elapsed block time (sec) (min) =            65.880      1.098
 
 walkers multiplicity, block, total
   0          51522         131977
   1        1018241        2847243
   2          50149         132223
   3            383            836
   4             65            138
   5             25             47
   6              5             12
   7              2              8
   8              3              5
   9              0              2
  10              3              4
  12              0              1
  14              1              1
  15              1              1
  20              0              1
 
 

iteration =                               4
walker number =                       10902
total energy-propagated        1.00000000E-02  -2.4884806918E+01 +-    2.2145855624E-01   
kinetic energy                 1.00000000E-02   1.0948675249E+02 +-    1.1457314460E+00   
potential energy               1.00000000E-02  -1.3437155941E+02 +-    1.2338916341E+00   
im energy                      1.00000000E-02  -5.3716946684E-02 +-    2.0453159805E-01   
imkin energy                   1.00000000E-02  -1.1102904874E+00 +-    2.0118336654E-01   
impot energy                   1.00000000E-02   1.0565735407E+00 +-    4.3096642287E-01   
v cent                         1.00000000E-02   1.5287779221E+01 +-    1.2130245249E+00   
v tau                          1.00000000E-02  -9.9528852198E+00 +-    2.4633307036E-01   
v sigma                        1.00000000E-02  -1.2262620637E+01 +-    1.5587680334E-01   
v sigtau                       1.00000000E-02  -6.7919248689E+01 +-    4.9648634585E-01   
v tensor                       1.00000000E-02   2.4414627160E+00 +-    2.0896199555E-01   
v tenstau                      1.00000000E-02  -6.1966046803E+01 +-    1.0772517875E+00   
v ls                           1.00000000E-02   0.0000000000E+00 +-    0.0000000000E+00   
v lstau                        1.00000000E-02   0.0000000000E+00 +-    0.0000000000E+00   
vpot v6                        1.00000000E-02  -1.3437155941E+02 +-    1.2338916341E+00   
vpot v8                        1.00000000E-02  -1.3437155941E+02 +-    1.2338916341E+00   
v coulomb                      1.00000000E-02   7.6640974802E-01 +-    2.0608556035E-03   
v external                     1.00000000E-02   0.0000000000E+00 +-    0.0000000000E+00   
tni 2pipr-anticomm             1.00000000E-02   0.0000000000E+00 +-    0.0000000000E+00   
tni vd1pr                      1.00000000E-02   0.0000000000E+00 +-    0.0000000000E+00   
tni vepr                       1.00000000E-02   0.0000000000E+00 +-    0.0000000000E+00   
tni central                    1.00000000E-02   0.0000000000E+00 +-    0.0000000000E+00   
tni 2pixx-anticommutator       1.00000000E-02   0.0000000000E+00 +-    0.0000000000E+00   
tni 2pixd-anticommutator       1.00000000E-02   0.0000000000E+00 +-    0.0000000000E+00   
tni 2pidd-anticommutator       1.00000000E-02   0.0000000000E+00 +-    0.0000000000E+00   
tni 2pixx-commutator           1.00000000E-02   0.0000000000E+00 +-    0.0000000000E+00   
tni 2pixd-commutator           1.00000000E-02   0.0000000000E+00 +-    0.0000000000E+00   
tni 2pidd-commutator           1.00000000E-02   0.0000000000E+00 +-    0.0000000000E+00   
tni 2pi-tm                     1.00000000E-02   0.0000000000E+00 +-    0.0000000000E+00   
tni vd1                        1.00000000E-02   0.0000000000E+00 +-    0.0000000000E+00   
tni vd2                        1.00000000E-02   0.0000000000E+00 +-    0.0000000000E+00   
tni ve                         1.00000000E-02   0.0000000000E+00 +-    0.0000000000E+00   
vpottot v8+tni                 1.00000000E-02  -1.3437155941E+02 +-    1.2338916341E+00   
enetot v8+tni                  1.00000000E-02  -2.4884806918E+01 +-    2.2145855624E-01   
vper cent                      1.00000000E-02   1.5287779221E+01 +-    1.2130245249E+00   
vper tau                       1.00000000E-02  -9.9528852198E+00 +-    2.4633307036E-01   
vper sigma                     1.00000000E-02  -1.2262620637E+01 +-    1.5587680334E-01   
vper sigtau                    1.00000000E-02  -6.7919248689E+01 +-    4.9648634585E-01   
vper tensor                    1.00000000E-02   2.4414627160E+00 +-    2.0896199555E-01   
vper tenstau                   1.00000000E-02  -6.1966046803E+01 +-    1.0772517875E+00   
vper ls                        1.00000000E-02   0.0000000000E+00 +-    0.0000000000E+00   
vper lstau                     1.00000000E-02   0.0000000000E+00 +-    0.0000000000E+00   
vpotper v6                     1.00000000E-02  -1.3437155941E+02 +-    1.2338916341E+00   
vpotper v8                     1.00000000E-02  -1.3437155941E+02 +-    1.2338916341E+00   
vpotv6pr-vpotv6per diff        1.00000000E-02   0.0000000000E+00 +-    0.0000000000E+00   
vpotv8pr-vpotv8per diff        1.00000000E-02   0.0000000000E+00 +-    0.0000000000E+00   
2piapr-2pia diff               1.00000000E-02   0.0000000000E+00 +-    0.0000000000E+00   
vd1pr-vd1 diff                 1.00000000E-02   0.0000000000E+00 +-    0.0000000000E+00   
vepr-ve diff                   1.00000000E-02   0.0000000000E+00 +-    0.0000000000E+00   
diff1 2piapr-2pia-2picxx       1.00000000E-02   0.0000000000E+00 +-    0.0000000000E+00   
diff2 vd1pr-vd1-2picxd         1.00000000E-02   0.0000000000E+00 +-    0.0000000000E+00   
diff3 vepr-ve-2picdd           1.00000000E-02   0.0000000000E+00 +-    0.0000000000E+00   
sum diff1+dif2+diff3           1.00000000E-02   0.0000000000E+00 +-    0.0000000000E+00   
proton rms                     1.00000000E-02   2.0106726544E+00 +-    1.1059404906E-02   
neutron rms                    1.00000000E-02   1.9320919842E+00 +-    1.0642943320E-02   
total rms                      1.00000000E-02   1.9691639835E+00 +-    9.4393833219E-03   
neutron-proton rms             1.00000000E-02  -7.8580670209E-02 +-    1.0538214987E-02   
GT sigXtau+                    1.00000000E-02   2.8141527926E-04 +-    2.0950751614E-05   
GT sigYtau+                    1.00000000E-02   6.3930730744E-05 +-    2.0640528824E-05   
GT sigZtau+                    1.00000000E-02   1.4992652636E-04 +-    1.2547900768E-05   
GT sigXtau-                    1.00000000E-02   5.9105204519E-05 +-    2.6335278959E-05   
GT sigYtau-                    1.00000000E-02   2.9104272316E-05 +-    2.4580197076E-05   
GT sigZtau-                    1.00000000E-02   1.2396612496E-04 +-    2.1439729412E-05   
F tau+                         1.00000000E-02   4.7315651495E-19 +-    5.1487273427E-20   
F tau-                         1.00000000E-02   8.6282336176E-20 +-    3.2996562949E-20   
Psi**2                         1.00000000E-02   2.1102326376E-05 +-    5.1336324901E-07   
single crossing/step           1.00000000E-02   7.2443129952E-03 +-    4.0512362738E-05   
global crossing/step           1.00000000E-02   7.1009968233E-03 +-    8.0225045109E-05   
energy numerator(real)         1.00000000E-02  -6.2903975618E+00 +-    8.5461237252E-01   
denominator psit/psigi(real)   1.00000000E-02   2.5294907104E-01 +-    1.3347180501E-02   
energy numerator(aimag)        1.00000000E-02   3.2916218981E-01 +-    6.0107186385E-01   
denominator psit/psigi(aimag)  1.00000000E-02  -5.5468339604E-03 +-    9.2633412422E-03   
growth(lin dt) energy          1.00000000E-02  -2.4565476704E+02 +-    5.5236029901E+00   
growth(global) energy          1.00000000E-02  -2.5019711435E+02 +-    1.0463043364E+01
growth energy                  1.00000000E-02  -2.4540453174E+02 +-    5.5037322456E+00
Time for propagation (sec) (min) =          21.897      0.365
Time for energies (sec) (min) =              0.765      0.013
Time for load balancing (sec) (min) =        0.030      0.000
Time for block (sec) (min) =                23.226      0.387
Time for operators (sec) (min) =             0.019      0.000
Elapsed block time (sec) (min) =            89.135      1.486
 
 walkers multiplicity, block, total
   0          52572         184549
   1        1015220        3862463
   2          51244         183467
   3            414           1250
   4             60            198
   5             23             70
   6              9             21
   7              2             10
   8              3              8
   9              3              5
  10              0              4
  12              0              1
  14              1              2
  15              0              1
  20              0              1
 
 

iteration =                               5
walker number =                       11019
total energy-propagated        1.25000000E-02  -1.6599954243E+01 +-    5.0029208653E-01   
kinetic energy                 1.25000000E-02   8.6588869265E+01 +-    1.7143831379E+00   
potential energy               1.25000000E-02  -1.0318882351E+02 +-    1.7137032080E+00   
im energy                      1.25000000E-02  -3.1451715312E+00 +-    5.3390481532E-01   
imkin energy                   1.25000000E-02  -3.9231016939E+01 +-    8.5279724565E-01   
impot energy                   1.25000000E-02   3.6085845408E+01 +-    6.8038349310E-01   
v cent                         1.25000000E-02  -7.0947612747E-01 +-    1.8579474878E+00   
v tau                          1.25000000E-02  -4.4010247997E+00 +-    1.8843556676E-01   
v sigma                        1.25000000E-02  -3.9078695414E+00 +-    4.8250599989E-01   
v sigtau                       1.25000000E-02  -5.4280331609E+01 +-    4.0279078768E-01   
v tensor                       1.25000000E-02   1.4016878120E+00 +-    2.6835813571E-01   
v tenstau                      1.25000000E-02  -4.1291809243E+01 +-    1.4297546676E+00   
v ls                           1.25000000E-02   0.0000000000E+00 +-    0.0000000000E+00   
v lstau                        1.25000000E-02   0.0000000000E+00 +-    0.0000000000E+00   
vpot v6                        1.25000000E-02  -1.0318882351E+02 +-    1.7137032080E+00   
vpot v8                        1.25000000E-02  -1.0318882351E+02 +-    1.7137032080E+00   
v coulomb                      1.25000000E-02   7.6203501107E-01 +-    4.5185800810E-03   
v external                     1.25000000E-02   0.0000000000E+00 +-    0.0000000000E+00   
tni 2pipr-anticomm             1.25000000E-02   0.0000000000E+00 +-    0.0000000000E+00   
tni vd1pr                      1.25000000E-02   0.0000000000E+00 +-    0.0000000000E+00   
tni vepr                       1.25000000E-02   0.0000000000E+00 +-    0.0000000000E+00   
tni central                    1.25000000E-02   0.0000000000E+00 +-    0.0000000000E+00   
tni 2pixx-anticommutator       1.25000000E-02   0.0000000000E+00 +-    0.0000000000E+00   
tni 2pixd-anticommutator       1.25000000E-02   0.0000000000E+00 +-    0.0000000000E+00   
tni 2pidd-anticommutator       1.25000000E-02   0.0000000000E+00 +-    0.0000000000E+00   
tni 2pixx-commutator           1.25000000E-02   0.0000000000E+00 +-    0.0000000000E+00   
tni 2pixd-commutator           1.25000000E-02   0.0000000000E+00 +-    0.0000000000E+00   
tni 2pidd-commutator           1.25000000E-02   0.0000000000E+00 +-    0.0000000000E+00   
tni 2pi-tm                     1.25000000E-02   0.0000000000E+00 +-    0.0000000000E+00   
tni vd1                        1.25000000E-02   0.0000000000E+00 +-    0.0000000000E+00   
tni vd2                        1.25000000E-02   0.0000000000E+00 +-    0.0000000000E+00   
tni ve                         1.25000000E-02   0.0000000000E+00 +-    0.0000000000E+00   
vpottot v8+tni                 1.25000000E-02  -1.0318882351E+02 +-    1.7137032080E+00   
enetot v8+tni                  1.25000000E-02  -1.6599954243E+01 +-    5.0029208653E-01   
vper cent                      1.25000000E-02  -7.0947612747E-01 +-    1.8579474878E+00   
vper tau                       1.25000000E-02  -4.4010247997E+00 +-    1.8843556676E-01   
vper sigma                     1.25000000E-02  -3.9078695414E+00 +-    4.8250599989E-01   
vper sigtau                    1.25000000E-02  -5.4280331609E+01 +-    4.0279078768E-01   
vper tensor                    1.25000000E-02   1.4016878120E+00 +-    2.6835813571E-01   
vper tenstau                   1.25000000E-02  -4.1291809243E+01 +-    1.4297546676E+00   
vper ls                        1.25000000E-02   0.0000000000E+00 +-    0.0000000000E+00   
vper lstau                     1.25000000E-02   0.0000000000E+00 +-    0.0000000000E+00   
vpotper v6                     1.25000000E-02  -1.0318882351E+02 +-    1.7137032080E+00   
vpotper v8                     1.25000000E-02  -1.0318882351E+02 +-    1.7137032080E+00   
vpotv6pr-vpotv6per diff        1.25000000E-02   0.0000000000E+00 +-    0.0000000000E+00   
vpotv8pr-vpotv8per diff        1.25000000E-02   0.0000000000E+00 +-    0.0000000000E+00   
2piapr-2pia diff               1.25000000E-02   0.0000000000E+00 +-    0.0000000000E+00   
vd1pr-vd1 diff                 1.25000000E-02   0.0000000000E+00 +-    0.0000000000E+00   
vepr-ve diff                   1.25000000E-02   0.0000000000E+00 +-    0.0000000000E+00   
diff1 2piapr-2pia-2picxx       1.25000000E-02   0.0000000000E+00 +-    0.0000000000E+00   
diff2 vd1pr-vd1-2picxd         1.25000000E-02   0.0000000000E+00 +-    0.0000000000E+00   
diff3 vepr-ve-2picdd           1.25000000E-02   0.0000000000E+00 +-    0.0000000000E+00   
sum diff1+dif2+diff3           1.25000000E-02   0.0000000000E+00 +-    0.0000000000E+00   
proton rms                     1.25000000E-02   2.1770453789E+00 +-    1.2042071849E-02   
neutron rms                    1.25000000E-02   2.0640991523E+00 +-    1.1139231141E-02   
total rms                      1.25000000E-02   2.1241246861E+00 +-    1.0766269965E-02   
neutron-proton rms             1.25000000E-02  -1.1294622664E-01 +-    9.4081014332E-03   
GT sigXtau+                    1.25000000E-02  -3.4545409836E-05 +-    3.1874877080E-05   
GT sigYtau+                    1.25000000E-02  -3.5338362706E-05 +-    3.2285907607E-05   
GT sigZtau+                    1.25000000E-02  -1.0758556960E-05 +-    3.7207545613E-05   
GT sigXtau-                    1.25000000E-02   1.0733468407E-04 +-    2.5343786001E-05   
GT sigYtau-                    1.25000000E-02  -2.0129222452E-05 +-    2.9611712034E-05   
GT sigZtau-                    1.25000000E-02   1.3582521544E-05 +-    1.3853439139E-05   
F tau+                         1.25000000E-02   1.2135852712E-19 +-    4.1976371861E-20   
F tau-                         1.25000000E-02  -6.3230288768E-19 +-    5.3559702410E-20   
Psi**2                         1.25000000E-02   6.0933076868E-06 +-    9.2468096341E-07   
single crossing/step           1.25000000E-02   8.1804379175E-03 +-    4.2904625493E-05   
global crossing/step           1.25000000E-02   7.9517414060E-03 +-    8.4611038066E-05   
energy numerator(real)         1.25000000E-02  -1.8467730473E+00 +-    9.2565700639E-01   
denominator psit/psigi(real)   1.25000000E-02   1.0915636540E-01 +-    1.3538175129E-02   
energy numerator(aimag)        1.25000000E-02   1.4437597972E-01 +-    6.5800464528E-01   
denominator psit/psigi(aimag)  1.25000000E-02  -2.0084938460E-02 +-    9.4536943570E-03   
growth(lin dt) energy          1.25000000E-02  -2.5928664556E+02 +-    5.7906016012E+00   
growth(global) energy          1.25000000E-02  -2.6201446493E+02 +-    1.1781195722E+01
growth energy                  1.25000000E-02  -2.5898599914E+02 +-    5.7677925947E+00
Time for propagation (sec) (min) =          22.035      0.367
Time for energies (sec) (min) =              0.773      0.013
Time for load balancing (sec) (min) =        0.030      0.001
Time for block (sec) (min) =                23.402      0.390
Time for operators (sec) (min) =             0.018      0.000
Elapsed block time (sec) (min) =           112.555      1.876
 
 walkers multiplicity, block, total
   0          55683         240232
   1        1015342        4877805
   2          54394         237861
   3            461           1711
   4             86            284
   5             25             95
   6             11             32
   7              5             15
   8              1              9
   9              2              7
  10              2              6
  12              0              1
  14              0              2
  15              0              1
  20              0              1
 
 

iteration =                               6
walker number =                       10078
total energy-propagated        1.50000000E-02  -3.9379778888E+01 +-    3.5968737143E-01   
kinetic energy                 1.50000000E-02   1.1430672495E+02 +-    1.7414398705E+00   
potential energy               1.50000000E-02  -1.5368650384E+02 +-    1.6215541670E+00   
im energy                      1.50000000E-02   6.1264170819E-01 +-    2.2030142176E-01   
imkin energy                   1.50000000E-02  -7.9495362163E+00 +-    6.6922332322E-01   
impot energy                   1.50000000E-02   8.5621779245E+00 +-    7.2660179232E-01   
v cent                         1.50000000E-02  -6.5410550113E+00 +-    2.1219818014E+00   
v tau                          1.50000000E-02  -1.2276772718E+01 +-    3.5122505597E-01   
v sigma                        1.50000000E-02  -5.5115851196E+00 +-    4.1695885416E-01   
v sigtau                       1.50000000E-02  -6.2103126648E+01 +-    4.0201037365E-01   
v tensor                       1.50000000E-02   5.3961166023E+00 +-    1.1944439881E-01   
v tenstau                      1.50000000E-02  -7.2650080947E+01 +-    1.3887623910E+00   
v ls                           1.50000000E-02   0.0000000000E+00 +-    0.0000000000E+00   
v lstau                        1.50000000E-02   0.0000000000E+00 +-    0.0000000000E+00   
vpot v6                        1.50000000E-02  -1.5368650384E+02 +-    1.6215541670E+00   
vpot v8                        1.50000000E-02  -1.5368650384E+02 +-    1.6215541670E+00   
v coulomb                      1.50000000E-02   6.6118385579E-01 +-    4.1181966336E-03   
v external                     1.50000000E-02   0.0000000000E+00 +-    0.0000000000E+00   
tni 2pipr-anticomm             1.50000000E-02   0.0000000000E+00 +-    0.0000000000E+00   
tni vd1pr                      1.50000000E-02   0.0000000000E+00 +-    0.0000000000E+00   
tni vepr                       1.50000000E-02   0.0000000000E+00 +-    0.0000000000E+00   
tni central                    1.50000000E-02   0.0000000000E+00 +-    0.0000000000E+00   
tni 2pixx-anticommutator       1.50000000E-02   0.0000000000E+00 +-    0.0000000000E+00   
tni 2pixd-anticommutator       1.50000000E-02   0.0000000000E+00 +-    0.0000000000E+00   
tni 2pidd-anticommutator       1.50000000E-02   0.0000000000E+00 +-    0.0000000000E+00   
tni 2pixx-commutator           1.50000000E-02   0.0000000000E+00 +-    0.0000000000E+00   
tni 2pixd-commutator           1.50000000E-02   0.0000000000E+00 +-    0.0000000000E+00   
tni 2pidd-commutator           1.50000000E-02   0.0000000000E+00 +-    0.0000000000E+00   
tni 2pi-tm                     1.50000000E-02   0.0000000000E+00 +-    0.0000000000E+00   
tni vd1                        1.50000000E-02   0.0000000000E+00 +-    0.0000000000E+00   
tni vd2                        1.50000000E-02   0.0000000000E+00 +-    0.0000000000E+00   
tni ve                         1.50000000E-02   0.0000000000E+00 +-    0.0000000000E+00   
vpottot v8+tni                 1.50000000E-02  -1.5368650384E+02 +-    1.6215541670E+00   
enetot v8+tni                  1.50000000E-02  -3.9379778888E+01 +-    3.5968737143E-01   
vper cent                      1.50000000E-02  -6.5410550113E+00 +-    2.1219818014E+00   
vper tau                       1.50000000E-02  -1.2276772718E+01 +-    3.5122505597E-01   
vper sigma                     1.50000000E-02  -5.5115851196E+00 +-    4.1695885416E-01   
vper sigtau                    1.50000000E-02  -6.2103126648E+01 +-    4.0201037365E-01   
vper tensor                    1.50000000E-02   5.3961166023E+00 +-    1.1944439881E-01   
vper tenstau                   1.50000000E-02  -7.2650080947E+01 +-    1.3887623910E+00   
vper ls                        1.50000000E-02   0.0000000000E+00 +-    0.0000000000E+00   
vper lstau                     1.50000000E-02   0.0000000000E+00 +-    0.0000000000E+00   
vpotper v6                     1.50000000E-02  -1.5368650384E+02 +-    1.6215541670E+00   
vpotper v8                     1.50000000E-02  -1.5368650384E+02 +-    1.6215541670E+00   
vpotv6pr-vpotv6per diff        1.50000000E-02   0.0000000000E+00 +-    0.0000000000E+00   
vpotv8pr-vpotv8per diff        1.50000000E-02   0.0000000000E+00 +-    0.0000000000E+00   
2piapr-2pia diff               1.50000000E-02   0.0000000000E+00 +-    0.0000000000E+00   
vd1pr-vd1 diff                 1.50000000E-02   0.0000000000E+00 +-    0.0000000000E+00   
vepr-ve diff                   1.50000000E-02   0.0000000000E+00 +-    0.0000000000E+00   
diff1 2piapr-2pia-2picxx       1.50000000E-02   0.0000000000E+00 +-    0.0000000000E+00   
diff2 vd1pr-vd1-2picxd         1.50000000E-02   0.0000000000E+00 +-    0.0000000000E+00   
diff3 vepr-ve-2picdd           1.50000000E-02   0.0000000000E+00 +-    0.0000000000E+00   
sum diff1+dif2+diff3           1.50000000E-02   0.0000000000E+00 +-    0.0000000000E+00   
proton rms                     1.50000000E-02   1.9767817698E+00 +-    9.6331979324E-03   
neutron rms                    1.50000000E-02   1.6644370956E+00 +-    9.0913243627E-03   
total rms                      1.50000000E-02   1.8184148609E+00 +-    8.4108328049E-03   
neutron-proton rms             1.50000000E-02  -3.1234467427E-01 +-    9.3120751632E-03   
GT sigXtau+                    1.50000000E-02  -5.0393403779E-04 +-    2.8425431813E-05   
GT sigYtau+                    1.50000000E-02   8.2268746522E-04 +-    3.2925367411E-05   
GT sigZtau+                    1.50000000E-02  -2.8154545671E-04 +-    3.9599812511E-05   
GT sigXtau-                    1.50000000E-02  -1.0537443199E-03 +-    2.2338296213E-05   
GT sigYtau-                    1.50000000E-02   9.5338899471E-04 +-    1.9942416099E-05   
GT sigZtau-                    1.50000000E-02  -2.2878572761E-05 +-    2.1369685601E-05   
F tau+                         1.50000000E-02   6.1379545842E-21 +-    4.3955545606E-20   
F tau-                         1.50000000E-02  -5.9587335669E-19 +-    3.8533594702E-20   
Psi**2                         1.50000000E-02   1.7380997294E-05 +-    7.4812097546E-07   
single crossing/step           1.50000000E-02   8.5145428085E-03 +-    4.3583034686E-05   
global crossing/step           1.50000000E-02   8.2809902628E-03 +-    8.5972405349E-05   
energy numerator(real)         1.50000000E-02  -5.1144946866E+00 +-    1.0026503473E+00   
denominator psit/psigi(real)   1.50000000E-02   1.2260247495E-01 +-    1.4018149591E-02   
energy numerator(aimag)        1.50000000E-02  -4.1749566465E-01 +-    7.3198805633E-01   
denominator psit/psigi(aimag)  1.50000000E-02  -2.5028501248E-02 +-    9.7394081057E-03   
growth(lin dt) energy          1.50000000E-02  -2.7421635354E+02 +-    5.9174305139E+00   
growth(global) energy          1.50000000E-02  -2.8928279116E+02 +-    1.1334582861E+01
growth energy                  1.50000000E-02  -2.7385520764E+02 +-    5.8919221739E+00
Time for propagation (sec) (min) =          22.219      0.370
Time for energies (sec) (min) =              0.707      0.012
Time for load balancing (sec) (min) =        0.028      0.000
Time for block (sec) (min) =                23.490      0.392
Time for operators (sec) (min) =             0.019      0.000
Elapsed block time (sec) (min) =           136.073      2.268
 
 walkers multiplicity, block, total
   0          59054         299286
   1        1030848        5908653
   2          56736         294597
   3            488           2199
   4             47            331
   5             24            119
   6             11             43
   7              3             18
   8              5             14
   9              0              7
  10              0              6
  12              0              1
  14              0              2
  15              0              1
  19              1              1
  20              2              3
 
 

iteration =                               7
walker number =                       10896
total energy-propagated        1.75000000E-02  -1.0185241449E+01 +-    6.0999273495E-01   
kinetic energy                 1.75000000E-02   2.4878403194E+02 +-    2.4510100411E+00   
potential energy               1.75000000E-02  -2.5896927339E+02 +-    2.4274595527E+00   
im energy                      1.75000000E-02  -1.4179662393E+01 +-    5.2416027130E-01   
imkin energy                   1.75000000E-02  -9.3695705913E+00 +-    5.9830763628E-01   
impot energy                   1.75000000E-02  -4.8100918021E+00 +-    5.1777364333E-01   
v cent                         1.75000000E-02   4.7497058935E-01 +-    3.4847192560E+00   
v tau                          1.75000000E-02  -4.0094256027E+01 +-    7.8863609974E-01   
v sigma                        1.75000000E-02   1.9132869814E+01 +-    6.6115486769E-01   
v sigtau                       1.75000000E-02  -7.8166989783E+01 +-    8.4329318190E-01   
v tensor                       1.75000000E-02  -6.3439122722E+00 +-    4.5578284048E-01   
v tenstau                      1.75000000E-02  -1.5397195571E+02 +-    2.6768753749E+00   
v ls                           1.75000000E-02   0.0000000000E+00 +-    0.0000000000E+00   
v lstau                        1.75000000E-02   0.0000000000E+00 +-    0.0000000000E+00   
vpot v6                        1.75000000E-02  -2.5896927339E+02 +-    2.4274595527E+00   
vpot v8                        1.75000000E-02  -2.5896927339E+02 +-    2.4274595527E+00   
v coulomb                      1.75000000E-02   4.1279559487E-01 +-    6.7294323666E-03   
v external                     1.75000000E-02   0.0000000000E+00 +-    0.0000000000E+00   
tni 2pipr-anticomm             1.75000000E-02   0.0000000000E+00 +-    0.0000000000E+00   
tni vd1pr                      1.75000000E-02   0.0000000000E+00 +-    0.0000000000E+00   
tni vepr                       1.75000000E-02   0.0000000000E+00 +-    0.0000000000E+00   
tni central                    1.75000000E-02   0.0000000000E+00 +-    0.0000000000E+00   
tni 2pixx-anticommutator       1.75000000E-02   0.0000000000E+00 +-    0.0000000000E+00   
tni 2pixd-anticommutator       1.75000000E-02   0.0000000000E+00 +-    0.0000000000E+00   
tni 2pidd-anticommutator       1.75000000E-02   0.0000000000E+00 +-    0.0000000000E+00   
tni 2pixx-commutator           1.75000000E-02   0.0000000000E+00 +-    0.0000000000E+00   
tni 2pixd-commutator           1.75000000E-02   0.0000000000E+00 +-    0.0000000000E+00   
tni 2pidd-commutator           1.75000000E-02   0.0000000000E+00 +-    0.0000000000E+00   
tni 2pi-tm                     1.75000000E-02   0.0000000000E+00 +-    0.0000000000E+00   
tni vd1                        1.75000000E-02   0.0000000000E+00 +-    0.0000000000E+00   
tni vd2                        1.75000000E-02   0.0000000000E+00 +-    0.0000000000E+00   
tni ve                         1.75000000E-02   0.0000000000E+00 +-    0.0000000000E+00   
vpottot v8+tni                 1.75000000E-02  -2.5896927339E+02 +-    2.4274595527E+00   
enetot v8+tni                  1.75000000E-02  -1.0185241449E+01 +-    6.0999273495E-01   
vper cent                      1.75000000E-02   4.7497058935E-01 +-    3.4847192560E+00   
vper tau                       1.75000000E-02  -4.0094256027E+01 +-    7.8863609974E-01   
vper sigma                     1.75000000E-02   1.9132869814E+01 +-    6.6115486769E-01   
vper sigtau                    1.75000000E-02  -7.8166989783E+01 +-    8.4329318190E-01   
vper tensor                    1.75000000E-02  -6.3439122722E+00 +-    4.5578284048E-01   
vper tenstau                   1.75000000E-02  -1.5397195571E+02 +-    2.6768753749E+00   
vper ls                        1.75000000E-02   0.0000000000E+00 +-    0.0000000000E+00   
vper lstau                     1.75000000E-02   0.0000000000E+00 +-    0.0000000000E+00   
vpotper v6                     1.75000000E-02  -2.5896927339E+02 +-    2.4274595527E+00   
vpotper v8                     1.75000000E-02  -2.5896927339E+02 +-    2.4274595527E+00   
vpotv6pr-vpotv6per diff        1.75000000E-02   0.0000000000E+00 +-    0.0000000000E+00   
vpotv8pr-vpotv8per diff        1.75000000E-02   0.0000000000E+00 +-    0.0000000000E+00   
2piapr-2pia diff               1.75000000E-02   0.0000000000E+00 +-    0.0000000000E+00   
vd1pr-vd1 diff                 1.75000000E-02   0.0000000000E+00 +-    0.0000000000E+00   
vepr-ve diff                   1.75000000E-02   0.0000000000E+00 +-    0.0000000000E+00   
diff1 2piapr-2pia-2picxx       1.75000000E-02   0.0000000000E+00 +-    0.0000000000E+00   
diff2 vd1pr-vd1-2picxd         1.75000000E-02   0.0000000000E+00 +-    0.0000000000E+00   
diff3 vepr-ve-2picdd           1.75000000E-02   0.0000000000E+00 +-    0.0000000000E+00   
sum diff1+dif2+diff3           1.75000000E-02   0.0000000000E+00 +-    0.0000000000E+00   
proton rms                     1.75000000E-02   2.0386537255E+00 +-    1.5587646608E-02   
neutron rms                    1.75000000E-02   1.5137899356E+00 +-    1.1337657768E-02   
total rms                      1.75000000E-02   1.7834711451E+00 +-    1.3210452054E-02   
neutron-proton rms             1.75000000E-02  -5.2486378983E-01 +-    1.1915791475E-02   
GT sigXtau+                    1.75000000E-02  -1.7318246758E-03 +-    3.2330137091E-05   
GT sigYtau+                    1.75000000E-02  -9.9704673956E-04 +-    4.7947791435E-05   
GT sigZtau+                    1.75000000E-02   3.2193439476E-03 +-    3.4553282376E-05   
GT sigXtau-                    1.75000000E-02   6.2606986028E-04 +-    4.0124560686E-05   
GT sigYtau-                    1.75000000E-02  -5.9163638631E-03 +-    4.0935167443E-05   
GT sigZtau-                    1.75000000E-02  -5.0769578873E-03 +-    4.4044665240E-05   
F tau+                         1.75000000E-02  -9.5583322964E-20 +-    1.0964715860E-19   
F tau-                         1.75000000E-02   8.3070551403E-19 +-    9.8010161562E-20   
Psi**2                         1.75000000E-02   6.9849803682E-05 +-    1.8010904008E-06   
single crossing/step           1.75000000E-02   8.2671820903E-03 +-    4.3403451476E-05   
global crossing/step           1.75000000E-02   8.0824457257E-03 +-    8.5839534616E-05   
energy numerator(real)         1.75000000E-02  -4.9386712399E-01 +-    9.1821295641E-01   
denominator psit/psigi(real)   1.75000000E-02   2.9332192850E-02 +-    1.3534979926E-02   
energy numerator(aimag)        1.75000000E-02   1.4846864326E-02 +-    6.1707791334E-01   
denominator psit/psigi(aimag)  1.75000000E-02  -2.4444403030E-02 +-    9.3755580164E-03   
growth(lin dt) energy          1.75000000E-02  -2.7967781915E+02 +-    6.0354384904E+00   
growth(global) energy          1.75000000E-02  -2.7918069723E+02 +-    1.1115644397E+01
growth energy                  1.75000000E-02  -2.7929316131E+02 +-    6.0085957703E+00
Time for propagation (sec) (min) =          21.760      0.363
Time for energies (sec) (min) =              0.764      0.013
Time for load balancing (sec) (min) =        0.028      0.000
Time for block (sec) (min) =                23.078      0.385
Time for operators (sec) (min) =             0.020      0.000
Elapsed block time (sec) (min) =           159.171      2.653
 
 walkers multiplicity, block, total
   0          56965         356251
   1         998142        6906795
   2          56336         350933
   3            487           2686
   4             72            403
   5             28            147
   6             11             54
   7              4             22
   8              2             16
   9              0              7
  10              1              7
  12              1              2
  14              1              3
  15              0              1
  19              0              1
  20              1              4
 
 

iteration =                               8
walker number =                       11581
total energy-propagated        2.00000000E-02  -5.6462074676E+01 +-    1.1252491539E+00   
kinetic energy                 2.00000000E-02   2.1974475296E+02 +-    4.2697377210E+00   
potential energy               2.00000000E-02  -2.7620682764E+02 +-    4.3095825235E+00   
im energy                      2.00000000E-02   3.5366998082E+01 +-    7.3565745712E-01   
imkin energy                   2.00000000E-02   5.0252999980E+01 +-    1.1835668425E+00   
impot energy                   2.00000000E-02  -1.4886001897E+01 +-    1.2093143814E+00   
v cent                         2.00000000E-02   6.9870750592E+01 +-    4.4883253668E+00   
v tau                          2.00000000E-02  -6.1956054401E+01 +-    8.5606427025E-01   
v sigma                        2.00000000E-02   3.0197355835E+01 +-    9.0751426952E-01   
v sigtau                       2.00000000E-02  -1.2957913081E+02 +-    1.0738473125E+00   
v tensor                       2.00000000E-02   3.9942981316E+01 +-    4.6156067491E-01   
v tenstau                      2.00000000E-02  -2.2468273017E+02 +-    1.6787832771E+00   
v ls                           2.00000000E-02   0.0000000000E+00 +-    0.0000000000E+00   
v lstau                        2.00000000E-02   0.0000000000E+00 +-    0.0000000000E+00   
vpot v6                        2.00000000E-02  -2.7620682764E+02 +-    4.3095825235E+00   
vpot v8                        2.00000000E-02  -2.7620682764E+02 +-    4.3095825235E+00   
v coulomb                      2.00000000E-02   5.0672540558E-01 +-    8.1114170190E-03   
v external                     2.00000000E-02   0.0000000000E+00 +-    0.0000000000E+00   
tni 2pipr-anticomm             2.00000000E-02   0.0000000000E+00 +-    0.0000000000E+00   
tni vd1pr                      2.00000000E-02   0.0000000000E+00 +-    0.0000000000E+00   
tni vepr                       2.00000000E-02   0.0000000000E+00 +-    0.0000000000E+00   
tni central                    2.00000000E-02   0.0000000000E+00 +-    0.0000000000E+00   
tni 2pixx-anticommutator       2.00000000E-02   0.0000000000E+00 +-    0.0000000000E+00   
tni 2pixd-anticommutator       2.00000000E-02   0.0000000000E+00 +-    0.0000000000E+00   
tni 2pidd-anticommutator       2.00000000E-02   0.0000000000E+00 +-    0.0000000000E+00   
tni 2pixx-commutator           2.00000000E-02   0.0000000000E+00 +-    0.0000000000E+00   
tni 2pixd-commutator           2.00000000E-02   0.0000000000E+00 +-    0.0000000000E+00   
tni 2pidd-commutator           2.00000000E-02   0.0000000000E+00 +-    0.0000000000E+00   
tni 2pi-tm                     2.00000000E-02   0.0000000000E+00 +-    0.0000000000E+00   
tni vd1                        2.00000000E-02   0.0000000000E+00 +-    0.0000000000E+00   
tni vd2                        2.00000000E-02   0.0000000000E+00 +-    0.0000000000E+00   
tni ve                         2.00000000E-02   0.0000000000E+00 +-    0.0000000000E+00   
vpottot v8+tni                 2.00000000E-02  -2.7620682764E+02 +-    4.3095825235E+00   
enetot v8+tni                  2.00000000E-02  -5.6462074676E+01 +-    1.1252491539E+00   
vper cent                      2.00000000E-02   6.9870750592E+01 +-    4.4883253668E+00   
vper tau                       2.00000000E-02  -6.1956054401E+01 +-    8.5606427025E-01   
vper sigma                     2.00000000E-02   3.0197355835E+01 +-    9.0751426952E-01   
vper sigtau                    2.00000000E-02  -1.2957913081E+02 +-    1.0738473125E+00   
vper tensor                    2.00000000E-02   3.9942981316E+01 +-    4.6156067491E-01   
vper tenstau                   2.00000000E-02  -2.2468273017E+02 +-    1.6787832771E+00   
vper ls                        2.00000000E-02   0.0000000000E+00 +-    0.0000000000E+00   
vper lstau                     2.00000000E-02   0.0000000000E+00 +-    0.0000000000E+00   
vpotper v6                     2.00000000E-02  -2.7620682764E+02 +-    4.3095825235E+00   
vpotper v8                     2.00000000E-02  -2.7620682764E+02 +-    4.3095825235E+00   
vpotv6pr-vpotv6per diff        2.00000000E-02   0.0000000000E+00 +-    0.0000000000E+00   
vpotv8pr-vpotv8per diff        2.00000000E-02   0.0000000000E+00 +-    0.0000000000E+00   
2piapr-2pia diff               2.00000000E-02   0.0000000000E+00 +-    0.0000000000E+00   
vd1pr-vd1 diff                 2.00000000E-02   0.0000000000E+00 +-    0.0000000000E+00   
vepr-ve diff                   2.00000000E-02   0.0000000000E+00 +-    0.0000000000E+00   
diff1 2piapr-2pia-2picxx       2.00000000E-02   0.0000000000E+00 +-    0.0000000000E+00   
diff2 vd1pr-vd1-2picxd         2.00000000E-02   0.0000000000E+00 +-    0.0000000000E+00   
diff3 vepr-ve-2picdd           2.00000000E-02   0.0000000000E+00 +-    0.0000000000E+00   
sum diff1+dif2+diff3           2.00000000E-02   0.0000000000E+00 +-    0.0000000000E+00   
proton rms                     2.00000000E-02   1.6898082303E+00 +-    2.8191137612E-02   
neutron rms                    2.00000000E-02  -1.4227813835E-01 +-    2.2876303685E-02   
total rms                      2.00000000E-02   7.6860801799E-01 +-    2.2217644550E-02   
neutron-proton rms             2.00000000E-02  -1.8320863687E+00 +-    1.8358579374E-02   
GT sigXtau+                    2.00000000E-02   3.2240964777E-03 +-    7.4072200217E-05   
GT sigYtau+                    2.00000000E-02   6.2299881608E-03 +-    6.1624232096E-05   
GT sigZtau+                    2.00000000E-02  -5.0723465132E-03 +-    1.0178564373E-04   
GT sigXtau-                    2.00000000E-02   8.9843231551E-03 +-    9.9096855000E-05   
GT sigYtau-                    2.00000000E-02   1.8736780665E-03 +-    1.0226283948E-04   
GT sigZtau-                    2.00000000E-02   3.3885069905E-03 +-    9.1332135948E-05   
F tau+                         2.00000000E-02   1.2317767464E-18 +-    6.2971206302E-20   
F tau-                         2.00000000E-02   1.0416780935E-18 +-    1.1968823133E-19   
Psi**2                         2.00000000E-02   3.1363844903E-04 +-    2.5538755941E-06   
single crossing/step           2.00000000E-02   7.9471142629E-03 +-    4.2301523217E-05   
global crossing/step           2.00000000E-02   7.7932288607E-03 +-    8.3786426661E-05   
energy numerator(real)         2.00000000E-02   1.6129874595E+00 +-    8.3360942008E-01   
denominator psit/psigi(real)   2.00000000E-02  -2.0306201463E-03 +-    1.3420264111E-02   
energy numerator(aimag)        2.00000000E-02   8.0375938717E-01 +-    5.8826325420E-01   
denominator psit/psigi(aimag)  2.00000000E-02  -1.7342570553E-02 +-    9.2181608120E-03   
growth(lin dt) energy          2.00000000E-02  -2.6238393547E+02 +-    5.8322942335E+00   
growth(global) energy          2.00000000E-02  -2.7866653598E+02 +-    1.0939317688E+01
growth energy                  2.00000000E-02  -2.6207119237E+02 +-    5.8088699636E+00
Time for propagation (sec) (min) =          22.024      0.367
Time for energies (sec) (min) =              0.813      0.014
Time for load balancing (sec) (min) =        0.027      0.000
Time for block (sec) (min) =                23.405      0.390
Time for operators (sec) (min) =             0.021      0.000
Elapsed block time (sec) (min) =           182.596      3.043
 
 walkers multiplicity, block, total
   0          56438         412689
   1        1012725        7919520
   2          55863         406796
   3            396           3082
   4             75            478
   5             18            165
   6             17             71
   7              2             24
   8              4             20
   9              2              9
  10              0              7
  12              1              3
  14              0              3
  15              0              1
  19              0              1
  20              1              5
 
 

iteration =                               9
walker number =                       11340
total energy-propagated        2.25000000E-02  -2.6033900306E+01 +-    5.3430727547E-01   
kinetic energy                 2.25000000E-02   2.0267981578E+02 +-    2.3045183091E+00   
potential energy               2.25000000E-02  -2.2871371608E+02 +-    2.5489726346E+00   
im energy                      2.25000000E-02  -4.2997606523E-02 +-    4.2479491465E-01   
imkin energy                   2.25000000E-02   2.2368338986E+00 +-    8.4148385780E-01   
impot energy                   2.25000000E-02  -2.2798315051E+00 +-    9.3325751427E-01   
v cent                         2.25000000E-02   8.4613578285E+01 +-    2.8643817995E+00   
v tau                          2.25000000E-02  -2.5501779929E+01 +-    3.1368557237E-01   
v sigma                        2.25000000E-02  -1.9291338348E+01 +-    3.7060968046E-01   
v sigtau                       2.25000000E-02  -1.1696995053E+02 +-    7.1185566756E-01   
v tensor                       2.25000000E-02   1.1127599799E+01 +-    2.2234634149E-01   
v tenstau                      2.25000000E-02  -1.6269182536E+02 +-    1.4618153307E+00   
v ls                           2.25000000E-02   0.0000000000E+00 +-    0.0000000000E+00   
v lstau                        2.25000000E-02   0.0000000000E+00 +-    0.0000000000E+00   
vpot v6                        2.25000000E-02  -2.2871371608E+02 +-    2.5489726346E+00   
vpot v8                        2.25000000E-02  -2.2871371608E+02 +-    2.5489726346E+00   
v coulomb                      2.25000000E-02   8.1434477899E-01 +-    4.1189660298E-03   
v external                     2.25000000E-02   0.0000000000E+00 +-    0.0000000000E+00   
tni 2pipr-anticomm             2.25000000E-02   0.0000000000E+00 +-    0.0000000000E+00   
tni vd1pr                      2.25000000E-02   0.0000000000E+00 +-    0.0000000000E+00   
tni vepr                       2.25000000E-02   0.0000000000E+00 +-    0.0000000000E+00   
tni central                    2.25000000E-02   0.0000000000E+00 +-    0.0000000000E+00   
tni 2pixx-anticommutator       2.25000000E-02   0.0000000000E+00 +-    0.0000000000E+00   
tni 2pixd-anticommutator       2.25000000E-02   0.0000000000E+00 +-    0.0000000000E+00   
tni 2pidd-anticommutator       2.25000000E-02   0.0000000000E+00 +-    0.0000000000E+00   
tni 2pixx-commutator           2.25000000E-02   0.0000000000E+00 +-    0.0000000000E+00   
tni 2pixd-commutator           2.25000000E-02   0.0000000000E+00 +-    0.0000000000E+00   
tni 2pidd-commutator           2.25000000E-02   0.0000000000E+00 +-    0.0000000000E+00   
tni 2pi-tm                     2.25000000E-02   0.0000000000E+00 +-    0.0000000000E+00   
tni vd1                        2.25000000E-02   0.0000000000E+00 +-    0.0000000000E+00   
tni vd2                        2.25000000E-02   0.0000000000E+00 +-    0.0000000000E+00   
tni ve                         2.25000000E-02   0.0000000000E+00 +-    0.0000000000E+00   
vpottot v8+tni                 2.25000000E-02  -2.2871371608E+02 +-    2.5489726346E+00   
enetot v8+tni                  2.25000000E-02  -2.6033900306E+01 +-    5.3430727547E-01   
vper cent                      2.25000000E-02   8.4613578285E+01 +-    2.8643817995E+00   
vper tau                       2.25000000E-02  -2.5501779929E+01 +-    3.1368557237E-01   
vper sigma                     2.25000000E-02  -1.9291338348E+01 +-    3.7060968046E-01   
vper sigtau                    2.25000000E-02  -1.1696995053E+02 +-    7.1185566756E-01   
vper tensor                    2.25000000E-02   1.1127599799E+01 +-    2.2234634149E-01   
vper tenstau                   2.25000000E-02  -1.6269182536E+02 +-    1.4618153307E+00   
vper ls                        2.25000000E-02   0.0000000000E+00 +-    0.0000000000E+00   
vper lstau                     2.25000000E-02   0.0000000000E+00 +-    0.0000000000E+00   
vpotper v6                     2.25000000E-02  -2.2871371608E+02 +-    2.5489726346E+00   
vpotper v8                     2.25000000E-02  -2.2871371608E+02 +-    2.5489726346E+00   
vpotv6pr-vpotv6per diff        2.25000000E-02   0.0000000000E+00 +-    0.0000000000E+00   
vpotv8pr-vpotv8per diff        2.25000000E-02   0.0000000000E+00 +-    0.0000000000E+00   
2piapr-2pia diff               2.25000000E-02   0.0000000000E+00 +-    0.0000000000E+00   
vd1pr-vd1 diff                 2.25000000E-02   0.0000000000E+00 +-    0.0000000000E+00   
vepr-ve diff                   2.25000000E-02   0.0000000000E+00 +-    0.0000000000E+00   
diff1 2piapr-2pia-2picxx       2.25000000E-02   0.0000000000E+00 +-    0.0000000000E+00   
diff2 vd1pr-vd1-2picxd         2.25000000E-02   0.0000000000E+00 +-    0.0000000000E+00   
diff3 vepr-ve-2picdd           2.25000000E-02   0.0000000000E+00 +-    0.0000000000E+00   
sum diff1+dif2+diff3           2.25000000E-02   0.0000000000E+00 +-    0.0000000000E+00   
proton rms                     2.25000000E-02   1.0412499183E+00 +-    7.9885981752E-03   
neutron rms                    2.25000000E-02   6.5899862037E-01 +-    9.7459901352E-03   
total rms                      2.25000000E-02   8.6323558238E-01 +-    6.3396907483E-03   
neutron-proton rms             2.25000000E-02  -3.8225129790E-01 +-    8.8043562743E-03   
GT sigXtau+                    2.25000000E-02  -1.0193340711E-04 +-    4.2746628995E-05   
GT sigYtau+                    2.25000000E-02  -2.4320657806E-04 +-    2.9794164591E-05   
GT sigZtau+                    2.25000000E-02  -1.7190566830E-04 +-    4.8711765692E-05   
GT sigXtau-                    2.25000000E-02   1.0915963500E-04 +-    3.4357160474E-05   
GT sigYtau-                    2.25000000E-02   6.1169237826E-04 +-    2.8193630634E-05   
GT sigZtau-                    2.25000000E-02  -2.3433890276E-04 +-    3.8620415645E-05   
F tau+                         2.25000000E-02   3.9160348913E-19 +-    6.5735276797E-20   
F tau-                         2.25000000E-02  -2.1817219701E-18 +-    4.8479367381E-19   
Psi**2                         2.25000000E-02   9.6521997077E-05 +-    1.5956837610E-06   
single crossing/step           2.25000000E-02   7.9063422296E-03 +-    4.2414925171E-05   
global crossing/step           2.25000000E-02   7.6549686196E-03 +-    8.3480995009E-05   
energy numerator(real)         2.25000000E-02   2.2875927857E+00 +-    9.5053442927E-01   
denominator psit/psigi(real)   2.25000000E-02  -7.0639640740E-02 +-    1.3508264381E-02   
energy numerator(aimag)        2.25000000E-02   8.0249425376E-01 +-    7.0223144885E-01   
denominator psit/psigi(aimag)  2.25000000E-02  -5.3552684627E-02 +-    9.2801283469E-03   
growth(lin dt) energy          2.25000000E-02  -2.5001293424E+02 +-    5.8102179960E+00   
growth(global) energy          2.25000000E-02  -2.4255021126E+02 +-    1.3827561055E+01
growth energy                  2.25000000E-02  -2.4974708379E+02 +-    5.7886670817E+00
Time for propagation (sec) (min) =          21.796      0.363
Time for energies (sec) (min) =              0.796      0.013
Time for load balancing (sec) (min) =        0.029      0.000
Time for block (sec) (min) =                23.154      0.386
Time for operators (sec) (min) =             0.019      0.000
Elapsed block time (sec) (min) =           205.777      3.430
 
 walkers multiplicity, block, total
   0          56018         468707
   1        1002962        8922482
   2          54571         461367
   3            393           3475
   4             61            539
   5             20            185
   6             12             83
   7              6             30
   8              2             22
   9              1             10
  10              1              8
  12              0              3
  14              1              4
  15              0              1
  18              1              1
  19              0              1
  20              0              5
 
 

iteration =                              10
walker number =                       11933
total energy-propagated        2.50000000E-02  -4.7620693448E+01 +-    6.1800711614E-01   
kinetic energy                 2.50000000E-02   2.2054123888E+02 +-    1.9030051160E+00   
potential energy               2.50000000E-02  -2.6816193232E+02 +-    1.8797638534E+00   
im energy                      2.50000000E-02  -2.8703284372E+01 +-    6.9814941448E-01   
imkin energy                   2.50000000E-02   1.7283676362E+00 +-    9.6707030763E-01   
impot energy                   2.50000000E-02  -3.0431652009E+01 +-    1.0621604395E+00   
v cent                         2.50000000E-02   2.3386596671E+01 +-    2.3162863810E+00   
v tau                          2.50000000E-02  -3.8558993153E+00 +-    4.6250832749E-01   
v sigma                        2.50000000E-02   8.3897122638E+00 +-    6.9577736700E-01   
v sigtau                       2.50000000E-02  -8.6677976782E+01 +-    6.4566578291E-01   
v tensor                       2.50000000E-02   2.0043056143E+00 +-    3.1546916653E-01   
v tenstau                      2.50000000E-02  -2.1140867078E+02 +-    2.0544965066E+00   
v ls                           2.50000000E-02   0.0000000000E+00 +-    0.0000000000E+00   
v lstau                        2.50000000E-02   0.0000000000E+00 +-    0.0000000000E+00   
vpot v6                        2.50000000E-02  -2.6816193232E+02 +-    1.8797638534E+00   
vpot v8                        2.50000000E-02  -2.6816193232E+02 +-    1.8797638534E+00   
v coulomb                      2.50000000E-02   4.4054418846E-01 +-    6.5924643481E-03   
v external                     2.50000000E-02   0.0000000000E+00 +-    0.0000000000E+00   
tni 2pipr-anticomm             2.50000000E-02   0.0000000000E+00 +-    0.0000000000E+00   
tni vd1pr                      2.50000000E-02   0.0000000000E+00 +-    0.0000000000E+00   
tni vepr                       2.50000000E-02   0.0000000000E+00 +-    0.0000000000E+00   
tni central                    2.50000000E-02   0.0000000000E+00 +-    0.0000000000E+00   
tni 2pixx-anticommutator       2.50000000E-02   0.0000000000E+00 +-    0.0000000000E+00   
tni 2pixd-anticommutator       2.50000000E-02   0.0000000000E+00 +-    0.0000000000E+00   
tni 2pidd-anticommutator       2.50000000E-02   0.0000000000E+00 +-    0.0000000000E+00   
tni 2pixx-commutator           2.50000000E-02   0.0000000000E+00 +-    0.0000000000E+00   
tni 2pixd-commutator           2.50000000E-02   0.0000000000E+00 +-    0.0000000000E+00   
tni 2pidd-commutator           2.50000000E-02   0.0000000000E+00 +-    0.0000000000E+00   
tni 2pi-tm                     2.50000000E-02   0.0000000000E+00 +-    0.0000000000E+00   
tni vd1                        2.50000000E-02   0.0000000000E+00 +-    0.0000000000E+00   
tni vd2                        2.50000000E-02   0.0000000000E+00 +-    0.0000000000E+00   
tni ve                         2.50000000E-02   0.0000000000E+00 +-    0.0000000000E+00   
vpottot v8+tni                 2.50000000E-02  -2.6816193232E+02 +-    1.8797638534E+00   
enetot v8+tni                  2.50000000E-02  -4.7620693448E+01 +-    6.1800711614E-01   
vper cent                      2.50000000E-02   2.3386596671E+01 +-    2.3162863810E+00   
vper tau                       2.50000000E-02  -3.8558993153E+00 +-    4.6250832749E-01   
vper sigma                     2.50000000E-02   8.3897122638E+00 +-    6.9577736700E-01   
vper sigtau                    2.50000000E-02  -8.6677976782E+01 +-    6.4566578291E-01   
vper tensor                    2.50000000E-02   2.0043056143E+00 +-    3.1546916653E-01   
vper tenstau                   2.50000000E-02  -2.1140867078E+02 +-    2.0544965066E+00   
vper ls                        2.50000000E-02   0.0000000000E+00 +-    0.0000000000E+00   
vper lstau                     2.50000000E-02   0.0000000000E+00 +-    0.0000000000E+00   
vpotper v6                     2.50000000E-02  -2.6816193232E+02 +-    1.8797638534E+00   
vpotper v8                     2.50000000E-02  -2.6816193232E+02 +-    1.8797638534E+00   
vpotv6pr-vpotv6per diff        2.50000000E-02   0.0000000000E+00 +-    0.0000000000E+00   
vpotv8pr-vpotv8per diff        2.50000000E-02   0.0000000000E+00 +-    0.0000000000E+00   
2piapr-2pia diff               2.50000000E-02   0.0000000000E+00 +-    0.0000000000E+00   
vd1pr-vd1 diff                 2.50000000E-02   0.0000000000E+00 +-    0.0000000000E+00   
vepr-ve diff                   2.50000000E-02   0.0000000000E+00 +-    0.0000000000E+00   
diff1 2piapr-2pia-2picxx       2.50000000E-02   0.0000000000E+00 +-    0.0000000000E+00   
diff2 vd1pr-vd1-2picxd         2.50000000E-02   0.0000000000E+00 +-    0.0000000000E+00   
diff3 vepr-ve-2picdd           2.50000000E-02   0.0000000000E+00 +-    0.0000000000E+00   
sum diff1+dif2+diff3           2.50000000E-02   0.0000000000E+00 +-    0.0000000000E+00   
proton rms                     2.50000000E-02   1.9987182559E+00 +-    9.6132257971E-03   
neutron rms                    2.50000000E-02   6.6082508785E-01 +-    2.2414406137E-02   
total rms                      2.50000000E-02   1.3120230285E+00 +-    1.0721435084E-02   
neutron-proton rms             2.50000000E-02  -1.3378931681E+00 +-    2.2635871494E-02   
GT sigXtau+                    2.50000000E-02   2.5532340495E-04 +-    2.2047015139E-05   
GT sigYtau+                    2.50000000E-02  -9.8995295340E-04 +-    3.6706460215E-05   
GT sigZtau+                    2.50000000E-02   2.8531935170E-04 +-    4.8508087787E-05   
GT sigXtau-                    2.50000000E-02  -1.4100428324E-04 +-    3.6065357776E-05   
GT sigYtau-                    2.50000000E-02  -7.5741265629E-04 +-    1.3905500985E-05   
GT sigZtau-                    2.50000000E-02  -2.6288921815E-03 +-    4.2595903877E-05   
F tau+                         2.50000000E-02  -1.1929040057E-18 +-    6.9683412799E-20   
F tau-                         2.50000000E-02   1.7525069584E-19 +-    8.0137694929E-20   
Psi**2                         2.50000000E-02   3.8066791031E-05 +-    1.7135250640E-06   
single crossing/step           2.50000000E-02   8.8735575667E-03 +-    4.4579157030E-05   
global crossing/step           2.50000000E-02   8.6697391576E-03 +-    8.8137479755E-05   
energy numerator(real)         2.50000000E-02  -7.3928243554E-01 +-    9.2993863153E-01   
denominator psit/psigi(real)   2.50000000E-02  -1.5804909627E-02 +-    1.3281953880E-02   
energy numerator(aimag)        2.50000000E-02   2.4530653939E+00 +-    6.2374275961E-01   
denominator psit/psigi(aimag)  2.50000000E-02  -3.8726646639E-02 +-    8.9906392596E-03   
growth(lin dt) energy          2.50000000E-02  -2.8406327233E+02 +-    5.9954267521E+00   
growth(global) energy          2.50000000E-02  -2.7671945236E+02 +-    1.3408783215E+01
growth energy                  2.50000000E-02  -2.8365919975E+02 +-    5.9681135445E+00
Time for propagation (sec) (min) =          22.129      0.369
Time for energies (sec) (min) =              0.838      0.014
Time for load balancing (sec) (min) =        0.028      0.000
Time for block (sec) (min) =                23.543      0.392
Time for operators (sec) (min) =             0.017      0.000
Elapsed block time (sec) (min) =           229.337      3.822
 
 walkers multiplicity, block, total
   0          58338         527045
   1        1014114        9936596
   2          57439         518806
   3            502           3977
   4             79            618
   5             20            205
   6             10             93
   7              5             35
   8              3             25
   9              4             14
  10              2             10
  11              2              2
  12              0              3
  14              0              4
  15              0              1
  18              0              1
  19              0              1
  20              0              5
 
 

Time for steps      =     229.346 seconds,        3.822 minutes
Master Time for steps =     229.139 seconds,        3.819 minutes

Number of cpus =       100
Total job time =     234.665 seconds,        3.911 minutes,        0.065 hours
Total cpu-time =     391.109 minutes,        6.518 hours
Total time =         234.440 seconds,        3.907 minutes,        0.065 hours
Finished!
