Unconstrained Diffusion Monte Carlo Run -- no drift
!-!-!-!-!-!-!-!-!-!-!-!-!-!-!-!-!-!-!-!-!-!-!-!-!-!
MPI parameters:
Number of boss cpus =                         100
Number of worker cpus for each boss =           0
Total number of cpus =                        100
Simulation parameters:
random number seed =                          321
hbar^2/2m =                              20.73554
start from sites =                              F
nwalk =                                     10000
equilibration blocks =                          0
averaging blocks =                             10
nsteps/blocks =                               100
time step =                          0.0000250000
time step rotations (vmc) =          0.1700000000
trial energy =                          -26.00000
drift cutoff =                            0.00000
drastic population control up =           1.20000
drastic population control down =         0.80000
rebalance if walkers fluctuate more than   2.00 %
weight cut off =                         20.00000
table size =                                 8000
!-!-!-!-!-!-!-!-!-!-!-!-!-!-!-!-!-!-!-!-!-!-!-!-!-!
System parameters:
lpot =                                         11
lpotper =                                      11
potential  =                          argonne v6'
potentialpr =                         argonne v6'
Coulomb included in energy-propagation          F
multiply central v by =                   1.00000
multiply tau v by =                       1.00000
multiply sigma v by =                     1.00000
multiply sigma tau v by =                 1.00000
multiply tensor v by =                    1.00000
multiply tensor tau v by =                1.00000
multiply spin-orbit v by =                0.00000
multiply spin-orbit tau v by =            0.00000
three-body potential =                        no3
ibox (0 is nearest image) =                     0
!-!-!-!-!-!-!-!-!-!-!-!-!-!-!-!-!-!-!-!-!-!-!-!-!-!
propagate LS =                                  F
calculate LS =                                  F
type of correlations =           independent pair
scale orbital   1 with factor    1.14000
determinant # 1
coefficient                     1.00000   0.00000
1  1  0  1  alpha.orb    # 2J,2M,L,tau radial_file for state                    
1 -1  0  1  alpha.orb    # 2J,2M,L,tau radial_file for state                    
1  1  0 -1  alpha.orb    # 2J,2M,L,tau radial_file for state                    
1 -1  0 -1  alpha.orb    # 2J,2M,L,tau radial_file for state                    
rescaled coefficient            1.00000   0.00000
!-!-!-!-!-!-!-!-!-!-!-!-!-!-!-!-!-!-!-!-!-!-!-!-!-!
No external potential
!-!-!-!-!-!-!-!-!-!-!-!-!-!-!-!-!-!-!-!-!-!-!-!-!-!
rcut in pair sampling =                   1.00000
acut in pair sampling =                   5.00000
a constant in psig =                      0.20000
Number of protons =                             2
Number of neutrons =                            2
range of the potential =                 20.00000
!-!-!-!-!-!-!-!-!-!-!-!-!-!-!-!-!-!-!-!-!-!-!-!-!-!
do V3 =                                         F
three body force =                            no3
three body a2piPwa =                      0.000000000000000
three body a2piPwc =                      0.000000000000000
three body a2piSw =                       0.000000000000000
three body Vd,C,c3 =                      0.000000000000000
three body Ve,C,c3 =                      0.000000000000000
three body A_R =                          0.000000000000000
three body Vd1 =                          0.000000000000000
three body Vd2 =                          0.000000000000000
three body Ve =                           0.000000000000000
propagator: multiply the antic by =       0.000000000000000
propagator: multiply the Vd1 by =         0.000000000000000
propagator: multiply the Ve by =          0.000000000000000
propagator: three body a2piPW =           0.000000000000000
!-!-!-!-!-!-!-!-!-!-!-!-!-!-!-!-!-!-!-!-!-!-!-!-!-!
jastrow healing distance dc =             4.47768
jastrow healing distance dtn =           11.57317
jastrow rho =                             0.01000
potential quencher acn (v1) =             1.50851
potential quencher at  (v2) =             6.06936
potential quencher as  (v3) =             2.76780
potential quencher ast (v4) =             0.80880
potential quencher atn (v5) =             0.61864
potential quencher atn (v6) =             0.20141
potential quencher als (v7) =             0.00000
potential quencher alst (v8) =            0.00000
correlation quencher bt (f2) =            0.26685
correlation quencher bs (f3) =           -0.10565
correlation quencher bst (f4) =           0.42277
correlation quencher btn (f5) =           1.08683
correlation quencher btn (f6) =           4.44810
correlation quencher bls (f7) =           0.00000
correlation quencher blst (f8) =          0.00000
!-!-!-!-!-!-!-!-!-!-!-!-!-!-!-!-!-!-!-!-!-!-!-!-!-!
q1c parameter in f3c =                   12.87526
q2c parameter in f3c =                    1.60340
q1p parameter in f3p =                   -1.81620
q2p parameter in f3p =                    2.14789
!-!-!-!-!-!-!-!-!-!-!-!-!-!-!-!-!-!-!-!-!-!-!-!-!-!
rscal parameter in Uijk cent =            1.00000
rscal parameter in Uijk xpi =             1.00000
rscal parameter in Uijk delta =           1.00000
eps_c parameter in Uijk =                 0.00000
eps_anti parameter in Uijk =              0.00000
eps_tm parameter in Uijk =                0.00000
eps_vd1 parameter in Uijk =               0.00000
eps_vd2 parameter in Uijk =               0.00000
eps_vdc3 parameter in Uijk =              0.00000
eps_vec3 parameter in Uijk =              0.00000
eps_ve parameter in Uijk =                0.00000
eps_comm parameter in Uijk =              0.00000
eps_comm-XD parameter in Uijk =           0.00000
eps_comm-DD parameter in Uijk =           0.00000
TNI-comm correlation included =                 F
!-!-!-!-!-!-!-!-!-!-!-!-!-!-!-!-!-!-!-!-!-!-!-!-!-!
CSB correlation rscalpp =                 1.00000
CSB correlation rscalnn =                 1.00000
CSB correlation quencher pp =             0.00000
CSB correlation quencher nn =             0.00000
CSB correlation included =                      F
!-!-!-!-!-!-!-!-!-!-!-!-!-!-!-!-!-!-!-!-!-!-!-!-!-!
jastrow initialized
!-!-!-!-!-!-!-!-!-!-!-!-!-!-!-!-!-!-!-!-!-!-!-!-!-!
Symmetrize V6 in the propagator =               T
New propagation of Vlstau and commutator included!
Coulomb included in energy (and propag)         F
Initial walkers from file
Number of walkers =                          8171
Configurations at tau =              1.6750000000
Reset tau =                          0.0000000000
!-!-!-!-!-!-!-!-!-!-!-!-!-!-!-!-!-!-!-!-!-!-!-!-!-!
Time for reading configurations (sec.) =       0.72
!-!-!-!-!-!-!-!-!-!-!-!-!-!-!-!-!-!-!-!-!-!-!-!-!-!
Initial configurations:
total energy-propagated        0.00000000E+00  -2.6613668104E+01 +-    3.4088264180E-01   
kinetic energy                 0.00000000E+00   1.0716443869E+02 +-    1.6832776443E+00   
potential energy               0.00000000E+00  -1.3377810680E+02 +-    1.6627576946E+00   
v cent                         0.00000000E+00   1.4216027838E+01 +-    1.4361073888E+00   
v tau                          0.00000000E+00  -7.1796545821E+00 +-    2.1750788827E-01   
v sigma                        0.00000000E+00  -8.2729377691E+00 +-    2.4131675500E-01   
v sigtau                       0.00000000E+00  -6.0262688078E+01 +-    5.7156352625E-01   
v tensor                       0.00000000E+00   3.6931228699E-01 +-    1.4829417646E-01   
v tenstau                      0.00000000E+00  -7.2648166493E+01 +-    1.0435591690E+00   
v ls                           0.00000000E+00   0.0000000000E+00 +-    0.0000000000E+00   
v lstau                        0.00000000E+00   0.0000000000E+00 +-    0.0000000000E+00   
v coulomb                      0.00000000E+00   7.3963514436E-01 +-    2.8985032756E-03   
v external                     0.00000000E+00   0.0000000000E+00 +-    0.0000000000E+00   
tni 2pipr-anticomm             0.00000000E+00   0.0000000000E+00 +-    0.0000000000E+00   
tni vd1pr                      0.00000000E+00   0.0000000000E+00 +-    0.0000000000E+00   
tni vepr                       0.00000000E+00   0.0000000000E+00 +-    0.0000000000E+00   
tni central                    0.00000000E+00   0.0000000000E+00 +-    0.0000000000E+00   
tni 2pixx-anticommutator       0.00000000E+00   0.0000000000E+00 +-    0.0000000000E+00   
tni 2pixd-anticommutator       0.00000000E+00   0.0000000000E+00 +-    0.0000000000E+00   
tni 2pidd-anticommutator       0.00000000E+00   0.0000000000E+00 +-    0.0000000000E+00   
tni 2pixx-commutator           0.00000000E+00   0.0000000000E+00 +-    0.0000000000E+00   
tni 2pixd-commutator           0.00000000E+00   0.0000000000E+00 +-    0.0000000000E+00   
tni 2pidd-commutator           0.00000000E+00   0.0000000000E+00 +-    0.0000000000E+00   
tni 2pi-tm                     0.00000000E+00   0.0000000000E+00 +-    0.0000000000E+00   
tni vd1                        0.00000000E+00   0.0000000000E+00 +-    0.0000000000E+00   
tni vd2                        0.00000000E+00   0.0000000000E+00 +-    0.0000000000E+00   
tni ve                         0.00000000E+00   0.0000000000E+00 +-    0.0000000000E+00   
enetot v8+tni                  0.00000000E+00  -2.6613668104E+01 +-    3.4088264180E-01   
!-!-!-!-!-!-!-!-!-!-!-!-!-!-!-!-!-!-!-!-!-!-!-!-!-!
Psi**2 of initial configurations  =   0.2818962E-04  0.0000000E+00  +-    0.7804146E-06  0.0000000E+00
Psig**2 of initial configurations =   0.1787297E-04  0.0000000E+00  +-    0.5631302E-06  0.0000000E+00
!-!-!-!-!-!-!-!-!-!-!-!-!-!-!-!-!-!-!-!-!-!-!-!-!-!
T**2 of initial configurations  =  -0.1658864E-07 -0.1216001E-08
Tz of initial configurations    =   0.3693055E-14 -0.9935655E-14
J**2 of initial configurations  =   0.3266241E-07 -0.1317856E-08
Jz of initial configurations    =  -0.1556183E-13  0.1350875E-13
!-!-!-!-!-!-!-!-!-!-!-!-!-!-!-!-!-!-!-!-!-!-!-!-!-!
!-!-!-!-!-!-!-!-!-!-!-!-!-!-!-!-!-!-!-!-!-!-!-!-!-!
Time to process initial configurations (sec.) =       1.41
!-!-!-!-!-!-!-!-!-!-!-!-!-!-!-!-!-!-!-!-!-!-!-!-!-!

equilibration done

iteration =                               1
walker number =                       10274
total energy-propagated        2.50000000E-03  -2.7975864838E+01 +-    3.0801527172E-01   
kinetic energy                 2.50000000E-03   1.0356010226E+02 +-    1.5346879660E+00   
potential energy               2.50000000E-03  -1.3153596710E+02 +-    1.5072461047E+00   
im energy                      2.50000000E-03  -4.0005459990E-01 +-    1.9309206085E-01   
imkin energy                   2.50000000E-03  -2.4133521165E+00 +-    4.9315856956E-01   
impot energy                   2.50000000E-03   2.0132975166E+00 +-    4.5775481453E-01   
v cent                         2.50000000E-03   1.4938993582E+01 +-    1.2691660625E+00   
v tau                          2.50000000E-03  -6.2085183158E+00 +-    2.0425681038E-01   
v sigma                        2.50000000E-03  -1.0556307175E+01 +-    2.3777862474E-01   
v sigtau                       2.50000000E-03  -6.1594247985E+01 +-    5.0867606053E-01   
v tensor                       2.50000000E-03   3.9874492998E-01 +-    1.2516452811E-01   
v tenstau                      2.50000000E-03  -6.8514632138E+01 +-    9.4126673307E-01   
v ls                           2.50000000E-03   0.0000000000E+00 +-    0.0000000000E+00   
v lstau                        2.50000000E-03   0.0000000000E+00 +-    0.0000000000E+00   
vpot v6                        2.50000000E-03  -1.3153596710E+02 +-    1.5072461047E+00   
vpot v8                        2.50000000E-03  -1.3153596710E+02 +-    1.5072461047E+00   
v coulomb                      2.50000000E-03   7.3788204409E-01 +-    2.7686024618E-03   
v external                     2.50000000E-03   0.0000000000E+00 +-    0.0000000000E+00   
tni 2pipr-anticomm             2.50000000E-03   0.0000000000E+00 +-    0.0000000000E+00   
tni vd1pr                      2.50000000E-03   0.0000000000E+00 +-    0.0000000000E+00   
tni vepr                       2.50000000E-03   0.0000000000E+00 +-    0.0000000000E+00   
tni central                    2.50000000E-03   0.0000000000E+00 +-    0.0000000000E+00   
tni 2pixx-anticommutator       2.50000000E-03   0.0000000000E+00 +-    0.0000000000E+00   
tni 2pixd-anticommutator       2.50000000E-03   0.0000000000E+00 +-    0.0000000000E+00   
tni 2pidd-anticommutator       2.50000000E-03   0.0000000000E+00 +-    0.0000000000E+00   
tni 2pixx-commutator           2.50000000E-03   0.0000000000E+00 +-    0.0000000000E+00   
tni 2pixd-commutator           2.50000000E-03   0.0000000000E+00 +-    0.0000000000E+00   
tni 2pidd-commutator           2.50000000E-03   0.0000000000E+00 +-    0.0000000000E+00   
tni 2pi-tm                     2.50000000E-03   0.0000000000E+00 +-    0.0000000000E+00   
tni vd1                        2.50000000E-03   0.0000000000E+00 +-    0.0000000000E+00   
tni vd2                        2.50000000E-03   0.0000000000E+00 +-    0.0000000000E+00   
tni ve                         2.50000000E-03   0.0000000000E+00 +-    0.0000000000E+00   
vpottot v8+tni                 2.50000000E-03  -1.3153596710E+02 +-    1.5072461047E+00   
enetot v8+tni                  2.50000000E-03  -2.7975864838E+01 +-    3.0801527172E-01   
vper cent                      2.50000000E-03   1.4938993582E+01 +-    1.2691660625E+00   
vper tau                       2.50000000E-03  -6.2085183158E+00 +-    2.0425681038E-01   
vper sigma                     2.50000000E-03  -1.0556307175E+01 +-    2.3777862474E-01   
vper sigtau                    2.50000000E-03  -6.1594247985E+01 +-    5.0867606053E-01   
vper tensor                    2.50000000E-03   3.9874492998E-01 +-    1.2516452811E-01   
vper tenstau                   2.50000000E-03  -6.8514632138E+01 +-    9.4126673307E-01   
vper ls                        2.50000000E-03   0.0000000000E+00 +-    0.0000000000E+00   
vper lstau                     2.50000000E-03   0.0000000000E+00 +-    0.0000000000E+00   
vpotper v6                     2.50000000E-03  -1.3153596710E+02 +-    1.5072461047E+00   
vpotper v8                     2.50000000E-03  -1.3153596710E+02 +-    1.5072461047E+00   
vpotv6pr-vpotv6per diff        2.50000000E-03   0.0000000000E+00 +-    0.0000000000E+00   
vpotv8pr-vpotv8per diff        2.50000000E-03   0.0000000000E+00 +-    0.0000000000E+00   
2piapr-2pia diff               2.50000000E-03   0.0000000000E+00 +-    0.0000000000E+00   
vd1pr-vd1 diff                 2.50000000E-03   0.0000000000E+00 +-    0.0000000000E+00   
vepr-ve diff                   2.50000000E-03   0.0000000000E+00 +-    0.0000000000E+00   
diff1 2piapr-2pia-2picxx       2.50000000E-03   0.0000000000E+00 +-    0.0000000000E+00   
diff2 vd1pr-vd1-2picxd         2.50000000E-03   0.0000000000E+00 +-    0.0000000000E+00   
diff3 vepr-ve-2picdd           2.50000000E-03   0.0000000000E+00 +-    0.0000000000E+00   
sum diff1+dif2+diff3           2.50000000E-03   0.0000000000E+00 +-    0.0000000000E+00   
proton rms                     2.50000000E-03   2.1422790424E+00 +-    1.3621958995E-02   
neutron rms                    2.50000000E-03   2.1174264088E+00 +-    1.3435402210E-02   
total rms                      2.50000000E-03   2.1295980312E+00 +-    1.2107616407E-02   
neutron-proton rms             2.50000000E-03  -2.4852633612E-02 +-    1.2045887133E-02   
GT sigXtau+                    2.50000000E-03  -4.8858795772E-05 +-    2.1526545502E-05   
GT sigYtau+                    2.50000000E-03   1.9589723338E-05 +-    2.0316066660E-05   
GT sigZtau+                    2.50000000E-03   4.9119524609E-05 +-    2.1426871278E-05   
GT sigXtau-                    2.50000000E-03  -5.2470213191E-05 +-    2.0828563143E-05   
GT sigYtau-                    2.50000000E-03   9.2616571752E-06 +-    1.8999354705E-05   
GT sigZtau-                    2.50000000E-03   8.3881583301E-06 +-    2.0062104387E-05   
F tau+                         2.50000000E-03   8.2238667548E-21 +-    3.8256802478E-20   
F tau-                         2.50000000E-03  -2.0609742643E-20 +-    3.6588187828E-20   
Psi**2                         2.50000000E-03   2.4792585537E-05 +-    6.0533986699E-07   
single crossing/step           2.50000000E-03   8.9774849862E-03 +-    4.9019168551E-05   
global crossing/step           2.50000000E-03   8.8467658907E-03 +-    9.7328381283E-05   
energy numerator(real)         2.50000000E-03  -2.9296117016E+01 +-    7.6288826122E-01   
denominator psit/psigi(real)   2.50000000E-03   1.0475517021E+00 +-    1.1379086941E-02   
energy numerator(aimag)        2.50000000E-03  -1.0852893034E+00 +-    5.3963782410E-01   
denominator psit/psigi(aimag)  2.50000000E-03   1.9375645237E-02 +-    7.4524308730E-03   
growth(lin dt) energy          2.50000000E-03  -1.9409735518E+02 +-    5.0311645452E+00   
growth(global) energy          2.50000000E-03  -1.9578796951E+02 +-    1.1919195671E+01
growth energy                  2.50000000E-03  -1.9399603813E+02 +-    5.0195426870E+00
Time for propagation (sec) (min) =          18.509      0.308
Time for energies (sec) (min) =              0.722      0.012
Time for load balancing (sec) (min) =        0.069      0.001
Time for block (sec) (min) =                20.146      0.336
Time for operators (sec) (min) =             0.024      0.000
Elapsed block time (sec) (min) =            20.171      0.336
 
 walkers multiplicity, block, total
   0          35266          35266
   1         853297         853297
   2          36879          36879
   3            164            164
   4             27             27
   5             11             11
   6              3              3
   7              0              0
   8              0              0
   9              0              0
  10              1              1
  14              1              1
 
 

iteration =                               2
walker number =                       11525
total energy-propagated        5.00000000E-03  -2.8182852121E+01 +-    2.1354599889E-01   
kinetic energy                 5.00000000E-03   9.6455391637E+01 +-    1.4852182345E+00   
potential energy               5.00000000E-03  -1.2463824376E+02 +-    1.4648496510E+00   
im energy                      5.00000000E-03   4.8796437423E-01 +-    2.0107581318E-01   
imkin energy                   5.00000000E-03   4.7060481888E+00 +-    3.7072404462E-01   
impot energy                   5.00000000E-03  -4.2180838146E+00 +-    3.4221791971E-01   
v cent                         5.00000000E-03   1.0720437434E+01 +-    1.1383362884E+00   
v tau                          5.00000000E-03  -4.3893504374E+00 +-    2.1703053325E-01   
v sigma                        5.00000000E-03  -1.1731982437E+01 +-    2.3300662456E-01   
v sigtau                       5.00000000E-03  -5.8381709463E+01 +-    4.8697416400E-01   
v tensor                       5.00000000E-03  -4.2859103006E-01 +-    9.9406555642E-02   
v tenstau                      5.00000000E-03  -6.0427047824E+01 +-    7.8422213882E-01   
v ls                           5.00000000E-03   0.0000000000E+00 +-    0.0000000000E+00   
v lstau                        5.00000000E-03   0.0000000000E+00 +-    0.0000000000E+00   
vpot v6                        5.00000000E-03  -1.2463824376E+02 +-    1.4648496510E+00   
vpot v8                        5.00000000E-03  -1.2463824376E+02 +-    1.4648496510E+00   
v coulomb                      5.00000000E-03   7.5073036214E-01 +-    1.9656505462E-03   
v external                     5.00000000E-03   0.0000000000E+00 +-    0.0000000000E+00   
tni 2pipr-anticomm             5.00000000E-03   0.0000000000E+00 +-    0.0000000000E+00   
tni vd1pr                      5.00000000E-03   0.0000000000E+00 +-    0.0000000000E+00   
tni vepr                       5.00000000E-03   0.0000000000E+00 +-    0.0000000000E+00   
tni central                    5.00000000E-03   0.0000000000E+00 +-    0.0000000000E+00   
tni 2pixx-anticommutator       5.00000000E-03   0.0000000000E+00 +-    0.0000000000E+00   
tni 2pixd-anticommutator       5.00000000E-03   0.0000000000E+00 +-    0.0000000000E+00   
tni 2pidd-anticommutator       5.00000000E-03   0.0000000000E+00 +-    0.0000000000E+00   
tni 2pixx-commutator           5.00000000E-03   0.0000000000E+00 +-    0.0000000000E+00   
tni 2pixd-commutator           5.00000000E-03   0.0000000000E+00 +-    0.0000000000E+00   
tni 2pidd-commutator           5.00000000E-03   0.0000000000E+00 +-    0.0000000000E+00   
tni 2pi-tm                     5.00000000E-03   0.0000000000E+00 +-    0.0000000000E+00   
tni vd1                        5.00000000E-03   0.0000000000E+00 +-    0.0000000000E+00   
tni vd2                        5.00000000E-03   0.0000000000E+00 +-    0.0000000000E+00   
tni ve                         5.00000000E-03   0.0000000000E+00 +-    0.0000000000E+00   
vpottot v8+tni                 5.00000000E-03  -1.2463824376E+02 +-    1.4648496510E+00   
enetot v8+tni                  5.00000000E-03  -2.8182852121E+01 +-    2.1354599889E-01   
vper cent                      5.00000000E-03   1.0720437434E+01 +-    1.1383362884E+00   
vper tau                       5.00000000E-03  -4.3893504374E+00 +-    2.1703053325E-01   
vper sigma                     5.00000000E-03  -1.1731982437E+01 +-    2.3300662456E-01   
vper sigtau                    5.00000000E-03  -5.8381709463E+01 +-    4.8697416400E-01   
vper tensor                    5.00000000E-03  -4.2859103006E-01 +-    9.9406555642E-02   
vper tenstau                   5.00000000E-03  -6.0427047824E+01 +-    7.8422213882E-01   
vper ls                        5.00000000E-03   0.0000000000E+00 +-    0.0000000000E+00   
vper lstau                     5.00000000E-03   0.0000000000E+00 +-    0.0000000000E+00   
vpotper v6                     5.00000000E-03  -1.2463824376E+02 +-    1.4648496510E+00   
vpotper v8                     5.00000000E-03  -1.2463824376E+02 +-    1.4648496510E+00   
vpotv6pr-vpotv6per diff        5.00000000E-03   0.0000000000E+00 +-    0.0000000000E+00   
vpotv8pr-vpotv8per diff        5.00000000E-03   0.0000000000E+00 +-    0.0000000000E+00   
2piapr-2pia diff               5.00000000E-03   0.0000000000E+00 +-    0.0000000000E+00   
vd1pr-vd1 diff                 5.00000000E-03   0.0000000000E+00 +-    0.0000000000E+00   
vepr-ve diff                   5.00000000E-03   0.0000000000E+00 +-    0.0000000000E+00   
diff1 2piapr-2pia-2picxx       5.00000000E-03   0.0000000000E+00 +-    0.0000000000E+00   
diff2 vd1pr-vd1-2picxd         5.00000000E-03   0.0000000000E+00 +-    0.0000000000E+00   
diff3 vepr-ve-2picdd           5.00000000E-03   0.0000000000E+00 +-    0.0000000000E+00   
sum diff1+dif2+diff3           5.00000000E-03   0.0000000000E+00 +-    0.0000000000E+00   
proton rms                     5.00000000E-03   2.1664728561E+00 +-    1.2788028244E-02   
neutron rms                    5.00000000E-03   2.1975326604E+00 +-    1.3550012540E-02   
total rms                      5.00000000E-03   2.1801226707E+00 +-    1.1614777309E-02   
neutron-proton rms             5.00000000E-03   3.1059804322E-02 +-    1.2353457997E-02   
GT sigXtau+                    5.00000000E-03  -3.0625454216E-05 +-    2.1331460175E-05   
GT sigYtau+                    5.00000000E-03  -5.5741223919E-05 +-    2.0693378481E-05   
GT sigZtau+                    5.00000000E-03   1.3814818023E-04 +-    2.0781144644E-05   
GT sigXtau-                    5.00000000E-03  -3.2529835550E-05 +-    2.2461950523E-05   
GT sigYtau-                    5.00000000E-03  -8.8489949322E-06 +-    2.0475192225E-05   
GT sigZtau-                    5.00000000E-03  -4.0615782807E-05 +-    2.0276348472E-05   
F tau+                         5.00000000E-03  -7.1672230521E-20 +-    3.6244588691E-20   
F tau-                         5.00000000E-03   2.1887921443E-20 +-    3.6409339322E-20   
Psi**2                         5.00000000E-03   2.3515618671E-05 +-    6.1244545471E-07   
single crossing/step           5.00000000E-03   8.0359286447E-03 +-    4.2571005339E-05   
global crossing/step           5.00000000E-03   7.8799662430E-03 +-    8.4318366271E-05   
energy numerator(real)         5.00000000E-03  -1.8843682923E+01 +-    8.3510895436E-01   
denominator psit/psigi(real)   5.00000000E-03   6.6735673841E-01 +-    1.2633769735E-02   
energy numerator(aimag)        5.00000000E-03   4.0920642858E-01 +-    5.5638753625E-01   
denominator psit/psigi(aimag)  5.00000000E-03   2.2694701616E-02 +-    8.2970897537E-03   
growth(lin dt) energy          5.00000000E-03  -2.2711942301E+02 +-    5.2003063930E+00   
growth(global) energy          5.00000000E-03  -2.2206327789E+02 +-    1.2499536861E+01
growth energy                  5.00000000E-03  -2.2693033102E+02 +-    5.1840131020E+00
Time for propagation (sec) (min) =          21.991      0.367
Time for energies (sec) (min) =              0.811      0.014
Time for load balancing (sec) (min) =        0.035      0.001
Time for block (sec) (min) =                23.661      0.394
Time for operators (sec) (min) =             0.030      0.001
Elapsed block time (sec) (min) =            43.880      0.731
 
 walkers multiplicity, block, total
   0          47274          82540
   1        1016460        1869757
   2          47548          84427
   3            304            468
   4             43             70
   5             18             29
   6              9             12
   7              4              4
   8              4              4
   9              1              1
  10              1              2
  11              2              2
  14              0              1
  18              2              2
 
 

iteration =                               3
walker number =                       11470
total energy-propagated        7.50000000E-03  -2.8838819767E+01 +-    3.7277371740E-01   
kinetic energy                 7.50000000E-03   1.0310545197E+02 +-    1.4526557855E+00   
potential energy               7.50000000E-03  -1.3194427174E+02 +-    1.4576678043E+00   
im energy                      7.50000000E-03  -1.3554900873E+00 +-    2.7979464329E-01   
imkin energy                   7.50000000E-03  -4.1511936973E+00 +-    3.3005967465E-01   
impot energy                   7.50000000E-03   2.7957036100E+00 +-    3.7590875747E-01   
v cent                         7.50000000E-03   2.1888988549E+01 +-    1.2534072460E+00   
v tau                          7.50000000E-03  -5.9458934627E+00 +-    4.0004412885E-01   
v sigma                        7.50000000E-03  -1.2769948070E+01 +-    2.6131289364E-01   
v sigtau                       7.50000000E-03  -6.7032678131E+01 +-    5.4677621040E-01   
v tensor                       7.50000000E-03   5.6557107106E-01 +-    1.5599136094E-01   
v tenstau                      7.50000000E-03  -6.8650311696E+01 +-    1.0532863461E+00   
v ls                           7.50000000E-03   0.0000000000E+00 +-    0.0000000000E+00   
v lstau                        7.50000000E-03   0.0000000000E+00 +-    0.0000000000E+00   
vpot v6                        7.50000000E-03  -1.3194427174E+02 +-    1.4576678043E+00   
vpot v8                        7.50000000E-03  -1.3194427174E+02 +-    1.4576678043E+00   
v coulomb                      7.50000000E-03   7.3981702100E-01 +-    2.2967324909E-03   
v external                     7.50000000E-03   0.0000000000E+00 +-    0.0000000000E+00   
tni 2pipr-anticomm             7.50000000E-03   0.0000000000E+00 +-    0.0000000000E+00   
tni vd1pr                      7.50000000E-03   0.0000000000E+00 +-    0.0000000000E+00   
tni vepr                       7.50000000E-03   0.0000000000E+00 +-    0.0000000000E+00   
tni central                    7.50000000E-03   0.0000000000E+00 +-    0.0000000000E+00   
tni 2pixx-anticommutator       7.50000000E-03   0.0000000000E+00 +-    0.0000000000E+00   
tni 2pixd-anticommutator       7.50000000E-03   0.0000000000E+00 +-    0.0000000000E+00   
tni 2pidd-anticommutator       7.50000000E-03   0.0000000000E+00 +-    0.0000000000E+00   
tni 2pixx-commutator           7.50000000E-03   0.0000000000E+00 +-    0.0000000000E+00   
tni 2pixd-commutator           7.50000000E-03   0.0000000000E+00 +-    0.0000000000E+00   
tni 2pidd-commutator           7.50000000E-03   0.0000000000E+00 +-    0.0000000000E+00   
tni 2pi-tm                     7.50000000E-03   0.0000000000E+00 +-    0.0000000000E+00   
tni vd1                        7.50000000E-03   0.0000000000E+00 +-    0.0000000000E+00   
tni vd2                        7.50000000E-03   0.0000000000E+00 +-    0.0000000000E+00   
tni ve                         7.50000000E-03   0.0000000000E+00 +-    0.0000000000E+00   
vpottot v8+tni                 7.50000000E-03  -1.3194427174E+02 +-    1.4576678043E+00   
enetot v8+tni                  7.50000000E-03  -2.8838819767E+01 +-    3.7277371740E-01   
vper cent                      7.50000000E-03   2.1888988549E+01 +-    1.2534072460E+00   
vper tau                       7.50000000E-03  -5.9458934627E+00 +-    4.0004412885E-01   
vper sigma                     7.50000000E-03  -1.2769948070E+01 +-    2.6131289364E-01   
vper sigtau                    7.50000000E-03  -6.7032678131E+01 +-    5.4677621040E-01   
vper tensor                    7.50000000E-03   5.6557107106E-01 +-    1.5599136094E-01   
vper tenstau                   7.50000000E-03  -6.8650311696E+01 +-    1.0532863461E+00   
vper ls                        7.50000000E-03   0.0000000000E+00 +-    0.0000000000E+00   
vper lstau                     7.50000000E-03   0.0000000000E+00 +-    0.0000000000E+00   
vpotper v6                     7.50000000E-03  -1.3194427174E+02 +-    1.4576678043E+00   
vpotper v8                     7.50000000E-03  -1.3194427174E+02 +-    1.4576678043E+00   
vpotv6pr-vpotv6per diff        7.50000000E-03   0.0000000000E+00 +-    0.0000000000E+00   
vpotv8pr-vpotv8per diff        7.50000000E-03   0.0000000000E+00 +-    0.0000000000E+00   
2piapr-2pia diff               7.50000000E-03   0.0000000000E+00 +-    0.0000000000E+00   
vd1pr-vd1 diff                 7.50000000E-03   0.0000000000E+00 +-    0.0000000000E+00   
vepr-ve diff                   7.50000000E-03   0.0000000000E+00 +-    0.0000000000E+00   
diff1 2piapr-2pia-2picxx       7.50000000E-03   0.0000000000E+00 +-    0.0000000000E+00   
diff2 vd1pr-vd1-2picxd         7.50000000E-03   0.0000000000E+00 +-    0.0000000000E+00   
diff3 vepr-ve-2picdd           7.50000000E-03   0.0000000000E+00 +-    0.0000000000E+00   
sum diff1+dif2+diff3           7.50000000E-03   0.0000000000E+00 +-    0.0000000000E+00   
proton rms                     7.50000000E-03   2.1267436426E+00 +-    1.2997921384E-02   
neutron rms                    7.50000000E-03   2.1118550429E+00 +-    1.4490996364E-02   
total rms                      7.50000000E-03   2.1183467736E+00 +-    1.2370251747E-02   
neutron-proton rms             7.50000000E-03  -1.4888599708E-02 +-    1.2246439077E-02   
GT sigXtau+                    7.50000000E-03   1.3625804847E-04 +-    2.2559101456E-05   
GT sigYtau+                    7.50000000E-03   8.7524278676E-05 +-    2.0502849448E-05   
GT sigZtau+                    7.50000000E-03   1.4990460614E-04 +-    2.0624116037E-05   
GT sigXtau-                    7.50000000E-03  -4.9759962824E-05 +-    2.3920565048E-05   
GT sigYtau-                    7.50000000E-03  -1.5962712937E-04 +-    2.0394378325E-05   
GT sigZtau-                    7.50000000E-03   3.7810247283E-04 +-    2.0213894596E-05   
F tau+                         7.50000000E-03  -6.5014745560E-20 +-    3.9494972284E-20   
F tau-                         7.50000000E-03  -7.8925101248E-20 +-    3.6016033153E-20   
Psi**2                         7.50000000E-03   2.4568858543E-05 +-    5.7110830650E-07   
single crossing/step           7.50000000E-03   7.7889521121E-03 +-    4.2136221977E-05   
global crossing/step           7.50000000E-03   7.5959742990E-03 +-    8.3230028783E-05   
energy numerator(real)         7.50000000E-03  -1.2215919294E+01 +-    9.4662179969E-01   
denominator psit/psigi(real)   7.50000000E-03   4.2666578147E-01 +-    1.3021276356E-02   
energy numerator(aimag)        7.50000000E-03  -2.1776966823E+00 +-    6.9252678154E-01   
denominator psit/psigi(aimag)  7.50000000E-03   2.7058308095E-02 +-    8.5278818661E-03   
growth(lin dt) energy          7.50000000E-03  -2.5391279517E+02 +-    5.5798337505E+00   
growth(global) energy          7.50000000E-03  -2.4776028863E+02 +-    1.1580938107E+01
growth energy                  7.50000000E-03  -2.5363257203E+02 +-    5.5586133761E+00
Time for propagation (sec) (min) =          21.772      0.363
Time for energies (sec) (min) =              0.807      0.013
Time for load balancing (sec) (min) =        0.032      0.001
Time for block (sec) (min) =                23.363      0.389
Time for operators (sec) (min) =             0.025      0.000
Elapsed block time (sec) (min) =            67.268      1.121
 
 walkers multiplicity, block, total
   0          51538         134078
   1        1009929        2879686
   2          50271         134698
   3            388            856
   4             62            132
   5             19             48
   6             11             23
   7              4              8
   8              4              8
   9              0              1
  10              0              2
  11              1              3
  13              1              1
  14              2              3
  18              0              2
  20              1              1
 
 

iteration =                               4
walker number =                       11523
total energy-propagated        1.00000000E-02  -2.7481137221E+01 +-    3.5126860627E-01   
kinetic energy                 1.00000000E-02   1.2020835796E+02 +-    8.7373513114E-01   
potential energy               1.00000000E-02  -1.4768949518E+02 +-    7.0007680125E-01   
im energy                      1.00000000E-02  -1.0703517411E+00 +-    2.2255999764E-01   
imkin energy                   1.00000000E-02   1.1805001406E+00 +-    4.4290850676E-01   
impot energy                   1.00000000E-02  -2.2508518817E+00 +-    2.9092563671E-01   
v cent                         1.00000000E-02  -5.2626867639E+00 +-    6.9176888619E-01   
v tau                          1.00000000E-02  -4.3905422890E+00 +-    1.1794892764E-01   
v sigma                        1.00000000E-02  -1.4653264386E+01 +-    1.6936722407E-01   
v sigtau                       1.00000000E-02  -6.6456486330E+01 +-    4.8978029330E-01   
v tensor                       1.00000000E-02  -6.3356490886E-01 +-    6.1593536465E-02   
v tenstau                      1.00000000E-02  -5.6292950506E+01 +-    7.1509761544E-01   
v ls                           1.00000000E-02   0.0000000000E+00 +-    0.0000000000E+00   
v lstau                        1.00000000E-02   0.0000000000E+00 +-    0.0000000000E+00   
vpot v6                        1.00000000E-02  -1.4768949518E+02 +-    7.0007680125E-01   
vpot v8                        1.00000000E-02  -1.4768949518E+02 +-    7.0007680125E-01   
v coulomb                      1.00000000E-02   7.9965231425E-01 +-    2.2263215316E-03   
v external                     1.00000000E-02   0.0000000000E+00 +-    0.0000000000E+00   
tni 2pipr-anticomm             1.00000000E-02   0.0000000000E+00 +-    0.0000000000E+00   
tni vd1pr                      1.00000000E-02   0.0000000000E+00 +-    0.0000000000E+00   
tni vepr                       1.00000000E-02   0.0000000000E+00 +-    0.0000000000E+00   
tni central                    1.00000000E-02   0.0000000000E+00 +-    0.0000000000E+00   
tni 2pixx-anticommutator       1.00000000E-02   0.0000000000E+00 +-    0.0000000000E+00   
tni 2pixd-anticommutator       1.00000000E-02   0.0000000000E+00 +-    0.0000000000E+00   
tni 2pidd-anticommutator       1.00000000E-02   0.0000000000E+00 +-    0.0000000000E+00   
tni 2pixx-commutator           1.00000000E-02   0.0000000000E+00 +-    0.0000000000E+00   
tni 2pixd-commutator           1.00000000E-02   0.0000000000E+00 +-    0.0000000000E+00   
tni 2pidd-commutator           1.00000000E-02   0.0000000000E+00 +-    0.0000000000E+00   
tni 2pi-tm                     1.00000000E-02   0.0000000000E+00 +-    0.0000000000E+00   
tni vd1                        1.00000000E-02   0.0000000000E+00 +-    0.0000000000E+00   
tni vd2                        1.00000000E-02   0.0000000000E+00 +-    0.0000000000E+00   
tni ve                         1.00000000E-02   0.0000000000E+00 +-    0.0000000000E+00   
vpottot v8+tni                 1.00000000E-02  -1.4768949518E+02 +-    7.0007680125E-01   
enetot v8+tni                  1.00000000E-02  -2.7481137221E+01 +-    3.5126860627E-01   
vper cent                      1.00000000E-02  -5.2626867639E+00 +-    6.9176888619E-01   
vper tau                       1.00000000E-02  -4.3905422890E+00 +-    1.1794892764E-01   
vper sigma                     1.00000000E-02  -1.4653264386E+01 +-    1.6936722407E-01   
vper sigtau                    1.00000000E-02  -6.6456486330E+01 +-    4.8978029330E-01   
vper tensor                    1.00000000E-02  -6.3356490886E-01 +-    6.1593536465E-02   
vper tenstau                   1.00000000E-02  -5.6292950506E+01 +-    7.1509761544E-01   
vper ls                        1.00000000E-02   0.0000000000E+00 +-    0.0000000000E+00   
vper lstau                     1.00000000E-02   0.0000000000E+00 +-    0.0000000000E+00   
vpotper v6                     1.00000000E-02  -1.4768949518E+02 +-    7.0007680125E-01   
vpotper v8                     1.00000000E-02  -1.4768949518E+02 +-    7.0007680125E-01   
vpotv6pr-vpotv6per diff        1.00000000E-02   0.0000000000E+00 +-    0.0000000000E+00   
vpotv8pr-vpotv8per diff        1.00000000E-02   0.0000000000E+00 +-    0.0000000000E+00   
2piapr-2pia diff               1.00000000E-02   0.0000000000E+00 +-    0.0000000000E+00   
vd1pr-vd1 diff                 1.00000000E-02   0.0000000000E+00 +-    0.0000000000E+00   
vepr-ve diff                   1.00000000E-02   0.0000000000E+00 +-    0.0000000000E+00   
diff1 2piapr-2pia-2picxx       1.00000000E-02   0.0000000000E+00 +-    0.0000000000E+00   
diff2 vd1pr-vd1-2picxd         1.00000000E-02   0.0000000000E+00 +-    0.0000000000E+00   
diff3 vepr-ve-2picdd           1.00000000E-02   0.0000000000E+00 +-    0.0000000000E+00   
sum diff1+dif2+diff3           1.00000000E-02   0.0000000000E+00 +-    0.0000000000E+00   
proton rms                     1.00000000E-02   1.9300002634E+00 +-    1.2502562253E-02   
neutron rms                    1.00000000E-02   1.9914324304E+00 +-    1.3736164882E-02   
total rms                      1.00000000E-02   1.9649017965E+00 +-    1.1558559910E-02   
neutron-proton rms             1.00000000E-02   6.1432166987E-02 +-    1.2375656593E-02   
GT sigXtau+                    1.00000000E-02  -2.2722843242E-04 +-    1.7057411268E-05   
GT sigYtau+                    1.00000000E-02  -5.4504489479E-05 +-    2.4601605841E-05   
GT sigZtau+                    1.00000000E-02  -1.8265655979E-04 +-    2.6093321682E-05   
GT sigXtau-                    1.00000000E-02  -8.2726950808E-05 +-    2.4726642650E-05   
GT sigYtau-                    1.00000000E-02   2.5110237726E-04 +-    2.6293851683E-05   
GT sigZtau-                    1.00000000E-02   5.5432212795E-04 +-    2.7501657305E-05   
F tau+                         1.00000000E-02   2.5525776683E-19 +-    5.1193890210E-20   
F tau-                         1.00000000E-02  -2.9997284712E-19 +-    2.8308863254E-20   
Psi**2                         1.00000000E-02   3.2593822147E-05 +-    7.1184067614E-07   
single crossing/step           1.00000000E-02   7.7997792814E-03 +-    4.1834576380E-05   
global crossing/step           1.00000000E-02   7.6419292977E-03 +-    8.2824775194E-05   
energy numerator(real)         1.00000000E-02  -7.0132581903E+00 +-    8.1714424351E-01   
denominator psit/psigi(real)   1.00000000E-02   2.5656045414E-01 +-    1.3255740472E-02   
energy numerator(aimag)        1.00000000E-02  -1.4646643276E+00 +-    5.5302576966E-01   
denominator psit/psigi(aimag)  1.00000000E-02   7.6280811117E-03 +-    8.8116075489E-03   
growth(lin dt) energy          1.00000000E-02  -2.4514494671E+02 +-    5.5753953894E+00   
growth(global) energy          1.00000000E-02  -2.5336244520E+02 +-    1.1585563267E+01
growth energy                  1.00000000E-02  -2.4489650727E+02 +-    5.5554052940E+00
Time for propagation (sec) (min) =          22.123      0.369
Time for energies (sec) (min) =              0.812      0.014
Time for load balancing (sec) (min) =        0.034      0.001
Time for block (sec) (min) =                23.673      0.395
Time for operators (sec) (min) =             0.027      0.000
Elapsed block time (sec) (min) =            90.977      1.516
 
 walkers multiplicity, block, total
   0          53704         187782
   1        1022879        3902565
   2          52551         187249
   3            382           1238
   4             55            187
   5             21             69
   6             10             33
   7             10             18
   8              2             10
   9              3              4
  10              0              2
  11              2              5
  13              1              2
  14              1              4
  18              0              2
  20              0              1
 
 

iteration =                               5
walker number =                       11365
total energy-propagated        1.25000000E-02  -6.3573299807E+00 +-    5.4780966667E-01   
kinetic energy                 1.25000000E-02   1.5301747011E+02 +-    1.4649074446E+00   
potential energy               1.25000000E-02  -1.5937480009E+02 +-    1.2768118497E+00   
im energy                      1.25000000E-02  -5.8745819979E+00 +-    2.4267940374E-01   
imkin energy                   1.25000000E-02  -1.7777888111E+01 +-    8.5739850308E-01   
impot energy                   1.25000000E-02   1.1903306113E+01 +-    9.9852831884E-01   
v cent                         1.25000000E-02   4.0789844516E+01 +-    1.8019429792E+00   
v tau                          1.25000000E-02  -1.0972107665E+01 +-    1.1112411548E-01   
v sigma                        1.25000000E-02  -2.1818995949E+00 +-    3.9684524132E-01   
v sigtau                       1.25000000E-02  -7.0768662959E+01 +-    6.0602177840E-01   
v tensor                       1.25000000E-02   2.0281869938E+00 +-    2.6856086739E-01   
v tenstau                      1.25000000E-02  -1.1827016139E+02 +-    5.1010071314E-01   
v ls                           1.25000000E-02   0.0000000000E+00 +-    0.0000000000E+00   
v lstau                        1.25000000E-02   0.0000000000E+00 +-    0.0000000000E+00   
vpot v6                        1.25000000E-02  -1.5937480009E+02 +-    1.2768118497E+00   
vpot v8                        1.25000000E-02  -1.5937480009E+02 +-    1.2768118497E+00   
v coulomb                      1.25000000E-02   7.6050972199E-01 +-    3.0517021099E-03   
v external                     1.25000000E-02   0.0000000000E+00 +-    0.0000000000E+00   
tni 2pipr-anticomm             1.25000000E-02   0.0000000000E+00 +-    0.0000000000E+00   
tni vd1pr                      1.25000000E-02   0.0000000000E+00 +-    0.0000000000E+00   
tni vepr                       1.25000000E-02   0.0000000000E+00 +-    0.0000000000E+00   
tni central                    1.25000000E-02   0.0000000000E+00 +-    0.0000000000E+00   
tni 2pixx-anticommutator       1.25000000E-02   0.0000000000E+00 +-    0.0000000000E+00   
tni 2pixd-anticommutator       1.25000000E-02   0.0000000000E+00 +-    0.0000000000E+00   
tni 2pidd-anticommutator       1.25000000E-02   0.0000000000E+00 +-    0.0000000000E+00   
tni 2pixx-commutator           1.25000000E-02   0.0000000000E+00 +-    0.0000000000E+00   
tni 2pixd-commutator           1.25000000E-02   0.0000000000E+00 +-    0.0000000000E+00   
tni 2pidd-commutator           1.25000000E-02   0.0000000000E+00 +-    0.0000000000E+00   
tni 2pi-tm                     1.25000000E-02   0.0000000000E+00 +-    0.0000000000E+00   
tni vd1                        1.25000000E-02   0.0000000000E+00 +-    0.0000000000E+00   
tni vd2                        1.25000000E-02   0.0000000000E+00 +-    0.0000000000E+00   
tni ve                         1.25000000E-02   0.0000000000E+00 +-    0.0000000000E+00   
vpottot v8+tni                 1.25000000E-02  -1.5937480009E+02 +-    1.2768118497E+00   
enetot v8+tni                  1.25000000E-02  -6.3573299807E+00 +-    5.4780966667E-01   
vper cent                      1.25000000E-02   4.0789844516E+01 +-    1.8019429792E+00   
vper tau                       1.25000000E-02  -1.0972107665E+01 +-    1.1112411548E-01   
vper sigma                     1.25000000E-02  -2.1818995949E+00 +-    3.9684524132E-01   
vper sigtau                    1.25000000E-02  -7.0768662959E+01 +-    6.0602177840E-01   
vper tensor                    1.25000000E-02   2.0281869938E+00 +-    2.6856086739E-01   
vper tenstau                   1.25000000E-02  -1.1827016139E+02 +-    5.1010071314E-01   
vper ls                        1.25000000E-02   0.0000000000E+00 +-    0.0000000000E+00   
vper lstau                     1.25000000E-02   0.0000000000E+00 +-    0.0000000000E+00   
vpotper v6                     1.25000000E-02  -1.5937480009E+02 +-    1.2768118497E+00   
vpotper v8                     1.25000000E-02  -1.5937480009E+02 +-    1.2768118497E+00   
vpotv6pr-vpotv6per diff        1.25000000E-02   0.0000000000E+00 +-    0.0000000000E+00   
vpotv8pr-vpotv8per diff        1.25000000E-02   0.0000000000E+00 +-    0.0000000000E+00   
2piapr-2pia diff               1.25000000E-02   0.0000000000E+00 +-    0.0000000000E+00   
vd1pr-vd1 diff                 1.25000000E-02   0.0000000000E+00 +-    0.0000000000E+00   
vepr-ve diff                   1.25000000E-02   0.0000000000E+00 +-    0.0000000000E+00   
diff1 2piapr-2pia-2picxx       1.25000000E-02   0.0000000000E+00 +-    0.0000000000E+00   
diff2 vd1pr-vd1-2picxd         1.25000000E-02   0.0000000000E+00 +-    0.0000000000E+00   
diff3 vepr-ve-2picdd           1.25000000E-02   0.0000000000E+00 +-    0.0000000000E+00   
sum diff1+dif2+diff3           1.25000000E-02   0.0000000000E+00 +-    0.0000000000E+00   
proton rms                     1.25000000E-02   1.9981966547E+00 +-    1.1143061932E-02   
neutron rms                    1.25000000E-02   1.8934109553E+00 +-    1.2948271552E-02   
total rms                      1.25000000E-02   1.9377600805E+00 +-    1.0416822419E-02   
neutron-proton rms             1.25000000E-02  -1.0478569942E-01 +-    1.1585138224E-02   
GT sigXtau+                    1.25000000E-02  -3.2155187396E-04 +-    2.3329801042E-05   
GT sigYtau+                    1.25000000E-02  -5.2454347156E-05 +-    2.8355190050E-05   
GT sigZtau+                    1.25000000E-02   1.5687679517E-04 +-    3.7609311116E-05   
GT sigXtau-                    1.25000000E-02  -5.9524383388E-04 +-    2.6359563939E-05   
GT sigYtau-                    1.25000000E-02   1.7539231282E-04 +-    2.5088507374E-05   
GT sigZtau-                    1.25000000E-02  -4.3193124994E-04 +-    3.5245918998E-05   
F tau+                         1.25000000E-02  -5.5597923254E-19 +-    5.1915331345E-20   
F tau-                         1.25000000E-02   1.9337164698E-19 +-    4.6053761260E-20   
Psi**2                         1.25000000E-02   5.5968070558E-05 +-    1.1156316082E-06   
single crossing/step           1.25000000E-02   7.5479479556E-03 +-    4.1245757954E-05   
global crossing/step           1.25000000E-02   7.3508237883E-03 +-    8.1415288901E-05   
energy numerator(real)         1.25000000E-02  -6.8085253114E-01 +-    1.0027281382E+00   
denominator psit/psigi(real)   1.25000000E-02   1.3400743764E-01 +-    1.3310762952E-02   
energy numerator(aimag)        1.25000000E-02  -2.7956484711E+00 +-    6.5290821450E-01   
denominator psit/psigi(aimag)  1.25000000E-02   8.3593591009E-03 +-    8.7792967518E-03   
growth(lin dt) energy          1.25000000E-02  -2.4754655199E+02 +-    5.7855869244E+00   
growth(global) energy          1.25000000E-02  -2.4488277167E+02 +-    1.0335173328E+01
growth energy                  1.25000000E-02  -2.4728959640E+02 +-    5.7644832555E+00
Time for propagation (sec) (min) =          22.036      0.367
Time for energies (sec) (min) =              0.801      0.013
Time for load balancing (sec) (min) =        0.026      0.000
Time for block (sec) (min) =                23.624      0.394
Time for operators (sec) (min) =             0.025      0.000
Elapsed block time (sec) (min) =           114.627      1.910
 
 walkers multiplicity, block, total
   0          54552         242334
   1        1016778        4919343
   2          53041         240290
   3            426           1664
   4             61            248
   5             29             98
   6              7             40
   7              5             23
   8              3             13
   9              2              6
  10              2              4
  11              0              5
  12              1              1
  13              0              2
  14              0              4
  15              1              1
  18              0              2
  20              3              4
 
 

iteration =                               6
walker number =                       11711
total energy-propagated        1.50000000E-02  -2.7203788606E+01 +-    6.0399256323E-01   
kinetic energy                 1.50000000E-02   8.5003173850E+01 +-    3.2495750892E+00   
potential energy               1.50000000E-02  -1.1220696246E+02 +-    3.1581030513E+00   
im energy                      1.50000000E-02   4.6918695229E+00 +-    3.8509173733E-01   
imkin energy                   1.50000000E-02   5.9633238503E+00 +-    6.2444152830E-01   
impot energy                   1.50000000E-02  -1.2714543274E+00 +-    6.9731415545E-01   
v cent                         1.50000000E-02   7.8583782857E+01 +-    3.2640671751E+00   
v tau                          1.50000000E-02  -1.0233032913E+01 +-    5.9975356818E-01   
v sigma                        1.50000000E-02  -2.2806358870E+01 +-    2.9163878312E-01   
v sigtau                       1.50000000E-02  -9.2202970541E+01 +-    6.3691219785E-01   
v tensor                       1.50000000E-02  -2.7754004957E+00 +-    2.0965658887E-01   
v tenstau                      1.50000000E-02  -6.2772982494E+01 +-    1.7131390308E+00   
v ls                           1.50000000E-02   0.0000000000E+00 +-    0.0000000000E+00   
v lstau                        1.50000000E-02   0.0000000000E+00 +-    0.0000000000E+00   
vpot v6                        1.50000000E-02  -1.1220696246E+02 +-    3.1581030513E+00   
vpot v8                        1.50000000E-02  -1.1220696246E+02 +-    3.1581030513E+00   
v coulomb                      1.50000000E-02   8.3831765318E-01 +-    4.0681985648E-03   
v external                     1.50000000E-02   0.0000000000E+00 +-    0.0000000000E+00   
tni 2pipr-anticomm             1.50000000E-02   0.0000000000E+00 +-    0.0000000000E+00   
tni vd1pr                      1.50000000E-02   0.0000000000E+00 +-    0.0000000000E+00   
tni vepr                       1.50000000E-02   0.0000000000E+00 +-    0.0000000000E+00   
tni central                    1.50000000E-02   0.0000000000E+00 +-    0.0000000000E+00   
tni 2pixx-anticommutator       1.50000000E-02   0.0000000000E+00 +-    0.0000000000E+00   
tni 2pixd-anticommutator       1.50000000E-02   0.0000000000E+00 +-    0.0000000000E+00   
tni 2pidd-anticommutator       1.50000000E-02   0.0000000000E+00 +-    0.0000000000E+00   
tni 2pixx-commutator           1.50000000E-02   0.0000000000E+00 +-    0.0000000000E+00   
tni 2pixd-commutator           1.50000000E-02   0.0000000000E+00 +-    0.0000000000E+00   
tni 2pidd-commutator           1.50000000E-02   0.0000000000E+00 +-    0.0000000000E+00   
tni 2pi-tm                     1.50000000E-02   0.0000000000E+00 +-    0.0000000000E+00   
tni vd1                        1.50000000E-02   0.0000000000E+00 +-    0.0000000000E+00   
tni vd2                        1.50000000E-02   0.0000000000E+00 +-    0.0000000000E+00   
tni ve                         1.50000000E-02   0.0000000000E+00 +-    0.0000000000E+00   
vpottot v8+tni                 1.50000000E-02  -1.1220696246E+02 +-    3.1581030513E+00   
enetot v8+tni                  1.50000000E-02  -2.7203788606E+01 +-    6.0399256323E-01   
vper cent                      1.50000000E-02   7.8583782857E+01 +-    3.2640671751E+00   
vper tau                       1.50000000E-02  -1.0233032913E+01 +-    5.9975356818E-01   
vper sigma                     1.50000000E-02  -2.2806358870E+01 +-    2.9163878312E-01   
vper sigtau                    1.50000000E-02  -9.2202970541E+01 +-    6.3691219785E-01   
vper tensor                    1.50000000E-02  -2.7754004957E+00 +-    2.0965658887E-01   
vper tenstau                   1.50000000E-02  -6.2772982494E+01 +-    1.7131390308E+00   
vper ls                        1.50000000E-02   0.0000000000E+00 +-    0.0000000000E+00   
vper lstau                     1.50000000E-02   0.0000000000E+00 +-    0.0000000000E+00   
vpotper v6                     1.50000000E-02  -1.1220696246E+02 +-    3.1581030513E+00   
vpotper v8                     1.50000000E-02  -1.1220696246E+02 +-    3.1581030513E+00   
vpotv6pr-vpotv6per diff        1.50000000E-02   0.0000000000E+00 +-    0.0000000000E+00   
vpotv8pr-vpotv8per diff        1.50000000E-02   0.0000000000E+00 +-    0.0000000000E+00   
2piapr-2pia diff               1.50000000E-02   0.0000000000E+00 +-    0.0000000000E+00   
vd1pr-vd1 diff                 1.50000000E-02   0.0000000000E+00 +-    0.0000000000E+00   
vepr-ve diff                   1.50000000E-02   0.0000000000E+00 +-    0.0000000000E+00   
diff1 2piapr-2pia-2picxx       1.50000000E-02   0.0000000000E+00 +-    0.0000000000E+00   
diff2 vd1pr-vd1-2picxd         1.50000000E-02   0.0000000000E+00 +-    0.0000000000E+00   
diff3 vepr-ve-2picdd           1.50000000E-02   0.0000000000E+00 +-    0.0000000000E+00   
sum diff1+dif2+diff3           1.50000000E-02   0.0000000000E+00 +-    0.0000000000E+00   
proton rms                     1.50000000E-02   1.6574893028E+00 +-    1.0483928725E-02   
neutron rms                    1.50000000E-02   1.5431640541E+00 +-    1.5733290787E-02   
total rms                      1.50000000E-02   1.5988707852E+00 +-    1.1503870320E-02   
neutron-proton rms             1.50000000E-02  -1.1432524869E-01 +-    1.3850258695E-02   
GT sigXtau+                    1.50000000E-02  -9.8794939239E-05 +-    3.1670631693E-05   
GT sigYtau+                    1.50000000E-02  -1.6237759571E-04 +-    2.7807825803E-05   
GT sigZtau+                    1.50000000E-02   9.3147300723E-04 +-    4.0318457788E-05   
GT sigXtau-                    1.50000000E-02  -2.0929897235E-04 +-    4.3198211892E-05   
GT sigYtau-                    1.50000000E-02  -1.4277193017E-03 +-    3.3061942674E-05   
GT sigZtau-                    1.50000000E-02  -1.1578389020E-04 +-    4.0824480070E-05   
F tau+                         1.50000000E-02   9.4555375790E-19 +-    1.7666258499E-19   
F tau-                         1.50000000E-02   3.3103814659E-19 +-    8.5108966768E-20   
Psi**2                         1.50000000E-02   7.8966176262E-05 +-    1.1903718146E-06   
single crossing/step           1.50000000E-02   7.9559346787E-03 +-    4.2412532631E-05   
global crossing/step           1.50000000E-02   7.7726938319E-03 +-    8.3850273647E-05   
energy numerator(real)         1.50000000E-02  -2.7701001142E+00 +-    9.1767033678E-01   
denominator psit/psigi(real)   1.50000000E-02   9.7096618822E-02 +-    1.3271249035E-02   
energy numerator(aimag)        1.50000000E-02  -9.4843971694E-01 +-    6.6913141530E-01   
denominator psit/psigi(aimag)  1.50000000E-02   4.5059180417E-02 +-    8.7342038636E-03   
growth(lin dt) energy          1.50000000E-02  -2.7055884919E+02 +-    5.8603589312E+00   
growth(global) energy          1.50000000E-02  -2.6658236614E+02 +-    1.0206032330E+01
growth energy                  1.50000000E-02  -2.7021303570E+02 +-    5.8356320514E+00
Time for propagation (sec) (min) =          21.973      0.366
Time for energies (sec) (min) =              0.826      0.014
Time for load balancing (sec) (min) =        0.028      0.000
Time for block (sec) (min) =                23.575      0.393
Time for operators (sec) (min) =             0.033      0.001
Elapsed block time (sec) (min) =           138.244      2.304
 
 walkers multiplicity, block, total
   0          56078         298412
   1        1009327        5928670
   2          54922         295212
   3            518           2182
   4             78            326
   5             19            117
   6              9             49
   7              5             28
   8              6             19
   9              2              8
  10              0              4
  11              0              5
  12              1              2
  13              1              3
  14              0              4
  15              0              1
  18              0              2
  20              0              4
 
 

iteration =                               7
walker number =                       10035
total energy-propagated        1.75000000E-02  -2.7225821881E+01 +-    1.1251672186E+00   
kinetic energy                 1.75000000E-02   1.8800156317E+02 +-    3.9244635922E+00   
potential energy               1.75000000E-02  -2.1522738505E+02 +-    3.4018150155E+00   
im energy                      1.75000000E-02  -4.3235804535E+00 +-    1.0192796367E+00   
imkin energy                   1.75000000E-02  -3.9301868213E+00 +-    3.7983357539E+00   
impot energy                   1.75000000E-02  -3.9339363222E-01 +-    2.9146534929E+00   
v cent                         1.75000000E-02   7.5241242760E+00 +-    9.6859302641E-01   
v tau                          1.75000000E-02  -7.9111246996E+00 +-    7.7292244186E-01   
v sigma                        1.75000000E-02  -2.8590551905E+01 +-    2.0706679539E-01   
v sigtau                       1.75000000E-02  -1.1615639573E+02 +-    7.0209741435E-01   
v tensor                       1.75000000E-02  -6.9210019824E+00 +-    2.1622157525E-01   
v tenstau                      1.75000000E-02  -6.3172435008E+01 +-    2.8946971283E+00   
v ls                           1.75000000E-02   0.0000000000E+00 +-    0.0000000000E+00   
v lstau                        1.75000000E-02   0.0000000000E+00 +-    0.0000000000E+00   
vpot v6                        1.75000000E-02  -2.1522738505E+02 +-    3.4018150155E+00   
vpot v8                        1.75000000E-02  -2.1522738505E+02 +-    3.4018150155E+00   
v coulomb                      1.75000000E-02   1.0004863768E+00 +-    2.6247089253E-03   
v external                     1.75000000E-02   0.0000000000E+00 +-    0.0000000000E+00   
tni 2pipr-anticomm             1.75000000E-02   0.0000000000E+00 +-    0.0000000000E+00   
tni vd1pr                      1.75000000E-02   0.0000000000E+00 +-    0.0000000000E+00   
tni vepr                       1.75000000E-02   0.0000000000E+00 +-    0.0000000000E+00   
tni central                    1.75000000E-02   0.0000000000E+00 +-    0.0000000000E+00   
tni 2pixx-anticommutator       1.75000000E-02   0.0000000000E+00 +-    0.0000000000E+00   
tni 2pixd-anticommutator       1.75000000E-02   0.0000000000E+00 +-    0.0000000000E+00   
tni 2pidd-anticommutator       1.75000000E-02   0.0000000000E+00 +-    0.0000000000E+00   
tni 2pixx-commutator           1.75000000E-02   0.0000000000E+00 +-    0.0000000000E+00   
tni 2pixd-commutator           1.75000000E-02   0.0000000000E+00 +-    0.0000000000E+00   
tni 2pidd-commutator           1.75000000E-02   0.0000000000E+00 +-    0.0000000000E+00   
tni 2pi-tm                     1.75000000E-02   0.0000000000E+00 +-    0.0000000000E+00   
tni vd1                        1.75000000E-02   0.0000000000E+00 +-    0.0000000000E+00   
tni vd2                        1.75000000E-02   0.0000000000E+00 +-    0.0000000000E+00   
tni ve                         1.75000000E-02   0.0000000000E+00 +-    0.0000000000E+00   
vpottot v8+tni                 1.75000000E-02  -2.1522738505E+02 +-    3.4018150155E+00   
enetot v8+tni                  1.75000000E-02  -2.7225821881E+01 +-    1.1251672186E+00   
vper cent                      1.75000000E-02   7.5241242760E+00 +-    9.6859302641E-01   
vper tau                       1.75000000E-02  -7.9111246996E+00 +-    7.7292244186E-01   
vper sigma                     1.75000000E-02  -2.8590551905E+01 +-    2.0706679539E-01   
vper sigtau                    1.75000000E-02  -1.1615639573E+02 +-    7.0209741435E-01   
vper tensor                    1.75000000E-02  -6.9210019824E+00 +-    2.1622157525E-01   
vper tenstau                   1.75000000E-02  -6.3172435008E+01 +-    2.8946971283E+00   
vper ls                        1.75000000E-02   0.0000000000E+00 +-    0.0000000000E+00   
vper lstau                     1.75000000E-02   0.0000000000E+00 +-    0.0000000000E+00   
vpotper v6                     1.75000000E-02  -2.1522738505E+02 +-    3.4018150155E+00   
vpotper v8                     1.75000000E-02  -2.1522738505E+02 +-    3.4018150155E+00   
vpotv6pr-vpotv6per diff        1.75000000E-02   0.0000000000E+00 +-    0.0000000000E+00   
vpotv8pr-vpotv8per diff        1.75000000E-02   0.0000000000E+00 +-    0.0000000000E+00   
2piapr-2pia diff               1.75000000E-02   0.0000000000E+00 +-    0.0000000000E+00   
vd1pr-vd1 diff                 1.75000000E-02   0.0000000000E+00 +-    0.0000000000E+00   
vepr-ve diff                   1.75000000E-02   0.0000000000E+00 +-    0.0000000000E+00   
diff1 2piapr-2pia-2picxx       1.75000000E-02   0.0000000000E+00 +-    0.0000000000E+00   
diff2 vd1pr-vd1-2picxd         1.75000000E-02   0.0000000000E+00 +-    0.0000000000E+00   
diff3 vepr-ve-2picdd           1.75000000E-02   0.0000000000E+00 +-    0.0000000000E+00   
sum diff1+dif2+diff3           1.75000000E-02   0.0000000000E+00 +-    0.0000000000E+00   
proton rms                     1.75000000E-02   1.2746706001E+00 +-    1.2252489027E-02   
neutron rms                    1.75000000E-02   1.0883327431E+00 +-    1.1486685935E-02   
total rms                      1.75000000E-02   1.1807700343E+00 +-    1.1003366913E-02   
neutron-proton rms             1.75000000E-02  -1.8633785699E-01 +-    8.9737368337E-03   
GT sigXtau+                    1.75000000E-02   4.9758598348E-04 +-    4.4608543024E-05   
GT sigYtau+                    1.75000000E-02   5.0635972189E-04 +-    5.4331041103E-05   
GT sigZtau+                    1.75000000E-02   1.6895276881E-03 +-    4.6126794868E-05   
GT sigXtau-                    1.75000000E-02   1.6850512889E-04 +-    5.4954096524E-05   
GT sigYtau-                    1.75000000E-02  -6.8250511329E-04 +-    5.9607357344E-05   
GT sigZtau-                    1.75000000E-02   1.4527625181E-03 +-    5.0841819571E-05   
F tau+                         1.75000000E-02   1.1113663732E-18 +-    9.7405477457E-20   
F tau-                         1.75000000E-02   1.9908065644E-19 +-    9.5342008254E-20   
Psi**2                         1.75000000E-02   9.7924418257E-05 +-    1.5249875657E-06   
single crossing/step           1.75000000E-02   8.3912355078E-03 +-    4.3469922621E-05   
global crossing/step           1.75000000E-02   8.2136456251E-03 +-    8.6022641523E-05   
energy numerator(real)         1.75000000E-02  -2.3635775938E+00 +-    1.1132223310E+00   
denominator psit/psigi(real)   1.75000000E-02   8.2854804146E-02 +-    1.4354318935E-02   
energy numerator(aimag)        1.75000000E-02  -2.0290133571E+00 +-    8.1104505523E-01   
denominator psit/psigi(aimag)  1.75000000E-02   7.8693687894E-02 +-    9.6189392823E-03   
growth(lin dt) energy          1.75000000E-02  -2.6183637363E+02 +-    5.8608436727E+00   
growth(global) energy          1.75000000E-02  -2.6110852132E+02 +-    1.1340327559E+01
growth energy                  1.75000000E-02  -2.6152578638E+02 +-    5.8373822522E+00
Time for propagation (sec) (min) =          22.048      0.367
Time for energies (sec) (min) =              0.707      0.012
Time for load balancing (sec) (min) =        0.028      0.000
Time for block (sec) (min) =                23.549      0.392
Time for operators (sec) (min) =             0.027      0.000
Elapsed block time (sec) (min) =           161.820      2.697
 
 walkers multiplicity, block, total
   0          58709         357121
   1        1021907        6950577
   2          55752         350964
   3            411           2593
   4             72            398
   5             25            142
   6              8             57
   7              4             32
   8              2             21
   9              0              8
  10              3              7
  11              2              7
  12              0              2
  13              0              3
  14              0              4
  15              0              1
  18              0              2
  19              1              1
  20              0              4
 
 

iteration =                               8
walker number =                       11557
total energy-propagated        2.00000000E-02  -1.7261052255E+01 +-    1.3256182533E+00   
kinetic energy                 2.00000000E-02   1.1992564586E+02 +-    3.9007394819E+00   
potential energy               2.00000000E-02  -1.3718669811E+02 +-    3.2805182201E+00   
im energy                      2.00000000E-02   2.9496421502E+01 +-    5.5335659492E-01   
imkin energy                   2.00000000E-02   2.0956499359E+01 +-    1.1426764618E+00   
impot energy                   2.00000000E-02   8.5399221434E+00 +-    8.5890857283E-01   
v cent                         2.00000000E-02   1.0029376644E+02 +-    3.1057942679E+00   
v tau                          2.00000000E-02  -2.4111817477E+01 +-    6.0511850090E-01   
v sigma                        2.00000000E-02  -1.6722558578E+01 +-    5.0006961875E-01   
v sigtau                       2.00000000E-02  -1.1292083612E+02 +-    8.1695752795E-01   
v tensor                       2.00000000E-02   7.7108513586E+00 +-    2.1475926438E-01   
v tenstau                      2.00000000E-02  -9.1436103736E+01 +-    2.3465411444E+00   
v ls                           2.00000000E-02   0.0000000000E+00 +-    0.0000000000E+00   
v lstau                        2.00000000E-02   0.0000000000E+00 +-    0.0000000000E+00   
vpot v6                        2.00000000E-02  -1.3718669811E+02 +-    3.2805182201E+00   
vpot v8                        2.00000000E-02  -1.3718669811E+02 +-    3.2805182201E+00   
v coulomb                      2.00000000E-02   8.7013437871E-01 +-    3.2185791294E-03   
v external                     2.00000000E-02   0.0000000000E+00 +-    0.0000000000E+00   
tni 2pipr-anticomm             2.00000000E-02   0.0000000000E+00 +-    0.0000000000E+00   
tni vd1pr                      2.00000000E-02   0.0000000000E+00 +-    0.0000000000E+00   
tni vepr                       2.00000000E-02   0.0000000000E+00 +-    0.0000000000E+00   
tni central                    2.00000000E-02   0.0000000000E+00 +-    0.0000000000E+00   
tni 2pixx-anticommutator       2.00000000E-02   0.0000000000E+00 +-    0.0000000000E+00   
tni 2pixd-anticommutator       2.00000000E-02   0.0000000000E+00 +-    0.0000000000E+00   
tni 2pidd-anticommutator       2.00000000E-02   0.0000000000E+00 +-    0.0000000000E+00   
tni 2pixx-commutator           2.00000000E-02   0.0000000000E+00 +-    0.0000000000E+00   
tni 2pixd-commutator           2.00000000E-02   0.0000000000E+00 +-    0.0000000000E+00   
tni 2pidd-commutator           2.00000000E-02   0.0000000000E+00 +-    0.0000000000E+00   
tni 2pi-tm                     2.00000000E-02   0.0000000000E+00 +-    0.0000000000E+00   
tni vd1                        2.00000000E-02   0.0000000000E+00 +-    0.0000000000E+00   
tni vd2                        2.00000000E-02   0.0000000000E+00 +-    0.0000000000E+00   
tni ve                         2.00000000E-02   0.0000000000E+00 +-    0.0000000000E+00   
vpottot v8+tni                 2.00000000E-02  -1.3718669811E+02 +-    3.2805182201E+00   
enetot v8+tni                  2.00000000E-02  -1.7261052255E+01 +-    1.3256182533E+00   
vper cent                      2.00000000E-02   1.0029376644E+02 +-    3.1057942679E+00   
vper tau                       2.00000000E-02  -2.4111817477E+01 +-    6.0511850090E-01   
vper sigma                     2.00000000E-02  -1.6722558578E+01 +-    5.0006961875E-01   
vper sigtau                    2.00000000E-02  -1.1292083612E+02 +-    8.1695752795E-01   
vper tensor                    2.00000000E-02   7.7108513586E+00 +-    2.1475926438E-01   
vper tenstau                   2.00000000E-02  -9.1436103736E+01 +-    2.3465411444E+00   
vper ls                        2.00000000E-02   0.0000000000E+00 +-    0.0000000000E+00   
vper lstau                     2.00000000E-02   0.0000000000E+00 +-    0.0000000000E+00   
vpotper v6                     2.00000000E-02  -1.3718669811E+02 +-    3.2805182201E+00   
vpotper v8                     2.00000000E-02  -1.3718669811E+02 +-    3.2805182201E+00   
vpotv6pr-vpotv6per diff        2.00000000E-02   0.0000000000E+00 +-    0.0000000000E+00   
vpotv8pr-vpotv8per diff        2.00000000E-02   0.0000000000E+00 +-    0.0000000000E+00   
2piapr-2pia diff               2.00000000E-02   0.0000000000E+00 +-    0.0000000000E+00   
vd1pr-vd1 diff                 2.00000000E-02   0.0000000000E+00 +-    0.0000000000E+00   
vepr-ve diff                   2.00000000E-02   0.0000000000E+00 +-    0.0000000000E+00   
diff1 2piapr-2pia-2picxx       2.00000000E-02   0.0000000000E+00 +-    0.0000000000E+00   
diff2 vd1pr-vd1-2picxd         2.00000000E-02   0.0000000000E+00 +-    0.0000000000E+00   
diff3 vepr-ve-2picdd           2.00000000E-02   0.0000000000E+00 +-    0.0000000000E+00   
sum diff1+dif2+diff3           2.00000000E-02   0.0000000000E+00 +-    0.0000000000E+00   
proton rms                     2.00000000E-02   1.3155024627E+00 +-    8.8403019055E-03   
neutron rms                    2.00000000E-02   1.3810277700E+00 +-    1.1992711113E-02   
total rms                      2.00000000E-02   1.3552483852E+00 +-    9.7891678282E-03   
neutron-proton rms             2.00000000E-02   6.5525307293E-02 +-    8.9463858300E-03   
GT sigXtau+                    2.00000000E-02   5.2375115754E-04 +-    3.7875782802E-05   
GT sigYtau+                    2.00000000E-02   1.1858410926E-04 +-    3.8647235695E-05   
GT sigZtau+                    2.00000000E-02   9.2113509907E-04 +-    2.6532562609E-05   
GT sigXtau-                    2.00000000E-02  -1.2567914230E-03 +-    3.6777438469E-05   
GT sigYtau-                    2.00000000E-02   6.1107205413E-04 +-    4.7677187866E-05   
GT sigZtau-                    2.00000000E-02   6.1525825166E-04 +-    2.9688780960E-05   
F tau+                         2.00000000E-02   9.6736129077E-19 +-    8.8863458487E-20   
F tau-                         2.00000000E-02  -1.9138221174E-19 +-    9.4579749670E-20   
Psi**2                         2.00000000E-02   5.9265988776E-05 +-    9.8382485858E-07   
single crossing/step           2.00000000E-02   9.0165495718E-03 +-    4.5228654088E-05   
global crossing/step           2.00000000E-02   8.8370610774E-03 +-    8.9560544921E-05   
energy numerator(real)         2.00000000E-02  -2.9112675343E+00 +-    1.1296018114E+00   
denominator psit/psigi(real)   2.00000000E-02   6.8571901125E-02 +-    1.3543818129E-02   
energy numerator(aimag)        2.00000000E-02   1.6568116590E+00 +-    7.2053131762E-01   
denominator psit/psigi(aimag)  2.00000000E-02   4.7749644185E-02 +-    9.0079039042E-03   
growth(lin dt) energy          2.00000000E-02  -2.9459459008E+02 +-    6.1501841470E+00   
growth(global) energy          2.00000000E-02  -3.0751512318E+02 +-    1.4051903996E+01
growth energy                  2.00000000E-02  -2.9414194864E+02 +-    6.1205500345E+00
Time for propagation (sec) (min) =          21.867      0.364
Time for energies (sec) (min) =              0.815      0.014
Time for load balancing (sec) (min) =        0.030      0.001
Time for block (sec) (min) =                23.498      0.392
Time for operators (sec) (min) =             0.028      0.000
Elapsed block time (sec) (min) =           185.346      3.089
 
 walkers multiplicity, block, total
   0          57800         414921
   1         999838        7950415
   2          57711         408675
   3            503           3096
   4             91            489
   5             36            178
   6             15             72
   7              7             39
   8              4             25
   9              1              9
  10              1              8
  11              0              7
  12              0              2
  13              0              3
  14              2              6
  15              0              1
  18              0              2
  19              0              1
  20              0              4
 
 

iteration =                               9
walker number =                       11048
total energy-propagated        2.25000000E-02  -9.7887602628E+01 +-    1.4310305682E+00   
kinetic energy                 2.25000000E-02   3.2900488739E+02 +-    7.4729172513E+00   
potential energy               2.25000000E-02  -4.2689249002E+02 +-    8.6583165479E+00   
im energy                      2.25000000E-02  -3.9941213761E+01 +-    9.0559634297E-01   
imkin energy                   2.25000000E-02  -1.5375908530E+02 +-    3.2854713020E+00   
impot energy                   2.25000000E-02   1.1381787153E+02 +-    1.8962187635E+00   
v cent                         2.25000000E-02  -2.2493672073E+02 +-    9.0778785266E+00   
v tau                          2.25000000E-02   4.2372948265E+01 +-    1.1597620325E+00   
v sigma                        2.25000000E-02   5.0377796260E+01 +-    1.4292516221E+00   
v sigtau                       2.25000000E-02  -3.4625618383E+01 +-    3.5761858390E+00   
v tensor                       2.25000000E-02  -1.1437350790E+01 +-    5.3332828487E-01   
v tenstau                      2.25000000E-02  -2.4864354465E+02 +-    4.9414349048E+00   
v ls                           2.25000000E-02   0.0000000000E+00 +-    0.0000000000E+00   
v lstau                        2.25000000E-02   0.0000000000E+00 +-    0.0000000000E+00   
vpot v6                        2.25000000E-02  -4.2689249002E+02 +-    8.6583165479E+00   
vpot v8                        2.25000000E-02  -4.2689249002E+02 +-    8.6583165479E+00   
v coulomb                      2.25000000E-02   4.0373988919E-01 +-    1.0006664371E-02   
v external                     2.25000000E-02   0.0000000000E+00 +-    0.0000000000E+00   
tni 2pipr-anticomm             2.25000000E-02   0.0000000000E+00 +-    0.0000000000E+00   
tni vd1pr                      2.25000000E-02   0.0000000000E+00 +-    0.0000000000E+00   
tni vepr                       2.25000000E-02   0.0000000000E+00 +-    0.0000000000E+00   
tni central                    2.25000000E-02   0.0000000000E+00 +-    0.0000000000E+00   
tni 2pixx-anticommutator       2.25000000E-02   0.0000000000E+00 +-    0.0000000000E+00   
tni 2pixd-anticommutator       2.25000000E-02   0.0000000000E+00 +-    0.0000000000E+00   
tni 2pidd-anticommutator       2.25000000E-02   0.0000000000E+00 +-    0.0000000000E+00   
tni 2pixx-commutator           2.25000000E-02   0.0000000000E+00 +-    0.0000000000E+00   
tni 2pixd-commutator           2.25000000E-02   0.0000000000E+00 +-    0.0000000000E+00   
tni 2pidd-commutator           2.25000000E-02   0.0000000000E+00 +-    0.0000000000E+00   
tni 2pi-tm                     2.25000000E-02   0.0000000000E+00 +-    0.0000000000E+00   
tni vd1                        2.25000000E-02   0.0000000000E+00 +-    0.0000000000E+00   
tni vd2                        2.25000000E-02   0.0000000000E+00 +-    0.0000000000E+00   
tni ve                         2.25000000E-02   0.0000000000E+00 +-    0.0000000000E+00   
vpottot v8+tni                 2.25000000E-02  -4.2689249002E+02 +-    8.6583165479E+00   
enetot v8+tni                  2.25000000E-02  -9.7887602628E+01 +-    1.4310305682E+00   
vper cent                      2.25000000E-02  -2.2493672073E+02 +-    9.0778785266E+00   
vper tau                       2.25000000E-02   4.2372948265E+01 +-    1.1597620325E+00   
vper sigma                     2.25000000E-02   5.0377796260E+01 +-    1.4292516221E+00   
vper sigtau                    2.25000000E-02  -3.4625618383E+01 +-    3.5761858390E+00   
vper tensor                    2.25000000E-02  -1.1437350790E+01 +-    5.3332828487E-01   
vper tenstau                   2.25000000E-02  -2.4864354465E+02 +-    4.9414349048E+00   
vper ls                        2.25000000E-02   0.0000000000E+00 +-    0.0000000000E+00   
vper lstau                     2.25000000E-02   0.0000000000E+00 +-    0.0000000000E+00   
vpotper v6                     2.25000000E-02  -4.2689249002E+02 +-    8.6583165479E+00   
vpotper v8                     2.25000000E-02  -4.2689249002E+02 +-    8.6583165479E+00   
vpotv6pr-vpotv6per diff        2.25000000E-02   0.0000000000E+00 +-    0.0000000000E+00   
vpotv8pr-vpotv8per diff        2.25000000E-02   0.0000000000E+00 +-    0.0000000000E+00   
2piapr-2pia diff               2.25000000E-02   0.0000000000E+00 +-    0.0000000000E+00   
vd1pr-vd1 diff                 2.25000000E-02   0.0000000000E+00 +-    0.0000000000E+00   
vepr-ve diff                   2.25000000E-02   0.0000000000E+00 +-    0.0000000000E+00   
diff1 2piapr-2pia-2picxx       2.25000000E-02   0.0000000000E+00 +-    0.0000000000E+00   
diff2 vd1pr-vd1-2picxd         2.25000000E-02   0.0000000000E+00 +-    0.0000000000E+00   
diff3 vepr-ve-2picdd           2.25000000E-02   0.0000000000E+00 +-    0.0000000000E+00   
sum diff1+dif2+diff3           2.25000000E-02   0.0000000000E+00 +-    0.0000000000E+00   
proton rms                     2.25000000E-02   2.8417063695E+00 +-    3.3967051352E-02   
neutron rms                    2.25000000E-02   2.4416865796E+00 +-    2.8192611542E-02   
total rms                      2.25000000E-02   2.7289563229E+00 +-    3.1571637963E-02   
neutron-proton rms             2.25000000E-02  -4.0001978997E-01 +-    2.2863820343E-02   
GT sigXtau+                    2.25000000E-02   3.7939534927E-03 +-    7.5626776604E-05   
GT sigYtau+                    2.25000000E-02  -9.9119579019E-03 +-    8.6958331290E-05   
GT sigZtau+                    2.25000000E-02  -3.8665233420E-03 +-    1.1983101056E-04   
GT sigXtau-                    2.25000000E-02  -5.2895567029E-04 +-    7.9256166624E-05   
GT sigYtau-                    2.25000000E-02   4.2041312922E-03 +-    7.5055004826E-05   
GT sigZtau-                    2.25000000E-02   7.8376590867E-03 +-    1.0809498910E-04   
F tau+                         2.25000000E-02  -7.5009071981E-19 +-    2.4484377162E-19   
F tau-                         2.25000000E-02   8.5427733633E-18 +-    4.0693723913E-19   
Psi**2                         2.25000000E-02   1.2657475170E-04 +-    3.2468368381E-06   
single crossing/step           2.25000000E-02   8.7573098883E-03 +-    4.4433220568E-05   
global crossing/step           2.25000000E-02   8.5216831211E-03 +-    8.7673174360E-05   
energy numerator(real)         2.25000000E-02   1.2476979042E-01 +-    9.5251452696E-01   
denominator psit/psigi(real)   2.25000000E-02   8.9113583938E-03 +-    1.3487438509E-02   
energy numerator(aimag)        2.25000000E-02  -1.8822062403E+00 +-    6.9351674813E-01   
denominator psit/psigi(aimag)  2.25000000E-02   8.3255680797E-03 +-    9.0395307010E-03   
growth(lin dt) energy          2.25000000E-02  -3.0014463668E+02 +-    6.1452784462E+00   
growth(global) energy          2.25000000E-02  -3.0568273954E+02 +-    1.1933634175E+01
growth energy                  2.25000000E-02  -2.9966529406E+02 +-    6.1148239937E+00
Time for propagation (sec) (min) =          22.013      0.367
Time for energies (sec) (min) =              0.779      0.013
Time for load balancing (sec) (min) =        0.030      0.001
Time for block (sec) (min) =                23.575      0.393
Time for operators (sec) (min) =             0.027      0.000
Elapsed block time (sec) (min) =           208.955      3.483
 
 walkers multiplicity, block, total
   0          60633         475554
   1        1015449        8965864
   2          58536         467211
   3            524           3620
   4             82            571
   5             25            203
   6             13             85
   7              8             47
   8              0             25
   9              2             11
  10              3             11
  11              0              7
  12              0              2
  13              2              5
  14              0              6
  15              1              2
  18              0              2
  19              0              1
  20              0              4
 
 

iteration =                              10
walker number =                       11279
total energy-propagated        2.50000000E-02  -6.8545548385E+01 +-    1.2245022381E+00   
kinetic energy                 2.50000000E-02   4.9834325683E+01 +-    3.7592550945E+00   
potential energy               2.50000000E-02  -1.1837987407E+02 +-    3.6083049785E+00   
im energy                      2.50000000E-02   4.3905796526E+00 +-    1.0337665132E+00   
imkin energy                   2.50000000E-02   3.6935352570E+00 +-    1.2658239727E+00   
impot energy                   2.50000000E-02   6.9704439559E-01 +-    9.2436836788E-01   
v cent                         2.50000000E-02   1.3937679487E+02 +-    3.6073618391E+00   
v tau                          2.50000000E-02  -2.5090956072E+01 +-    4.8256822626E-01   
v sigma                        2.50000000E-02  -1.1377008281E+01 +-    4.0941717663E-01   
v sigtau                       2.50000000E-02  -1.1196583227E+02 +-    5.9774982641E-01   
v tensor                       2.50000000E-02  -2.5462620360E+00 +-    2.0336015501E-01   
v tenstau                      2.50000000E-02  -1.0677661028E+02 +-    1.9588605641E+00   
v ls                           2.50000000E-02   0.0000000000E+00 +-    0.0000000000E+00   
v lstau                        2.50000000E-02   0.0000000000E+00 +-    0.0000000000E+00   
vpot v6                        2.50000000E-02  -1.1837987407E+02 +-    3.6083049785E+00   
vpot v8                        2.50000000E-02  -1.1837987407E+02 +-    3.6083049785E+00   
v coulomb                      2.50000000E-02   9.3082827057E-01 +-    3.4423410754E-03   
v external                     2.50000000E-02   0.0000000000E+00 +-    0.0000000000E+00   
tni 2pipr-anticomm             2.50000000E-02   0.0000000000E+00 +-    0.0000000000E+00   
tni vd1pr                      2.50000000E-02   0.0000000000E+00 +-    0.0000000000E+00   
tni vepr                       2.50000000E-02   0.0000000000E+00 +-    0.0000000000E+00   
tni central                    2.50000000E-02   0.0000000000E+00 +-    0.0000000000E+00   
tni 2pixx-anticommutator       2.50000000E-02   0.0000000000E+00 +-    0.0000000000E+00   
tni 2pixd-anticommutator       2.50000000E-02   0.0000000000E+00 +-    0.0000000000E+00   
tni 2pidd-anticommutator       2.50000000E-02   0.0000000000E+00 +-    0.0000000000E+00   
tni 2pixx-commutator           2.50000000E-02   0.0000000000E+00 +-    0.0000000000E+00   
tni 2pixd-commutator           2.50000000E-02   0.0000000000E+00 +-    0.0000000000E+00   
tni 2pidd-commutator           2.50000000E-02   0.0000000000E+00 +-    0.0000000000E+00   
tni 2pi-tm                     2.50000000E-02   0.0000000000E+00 +-    0.0000000000E+00   
tni vd1                        2.50000000E-02   0.0000000000E+00 +-    0.0000000000E+00   
tni vd2                        2.50000000E-02   0.0000000000E+00 +-    0.0000000000E+00   
tni ve                         2.50000000E-02   0.0000000000E+00 +-    0.0000000000E+00   
vpottot v8+tni                 2.50000000E-02  -1.1837987407E+02 +-    3.6083049785E+00   
enetot v8+tni                  2.50000000E-02  -6.8545548385E+01 +-    1.2245022381E+00   
vper cent                      2.50000000E-02   1.3937679487E+02 +-    3.6073618391E+00   
vper tau                       2.50000000E-02  -2.5090956072E+01 +-    4.8256822626E-01   
vper sigma                     2.50000000E-02  -1.1377008281E+01 +-    4.0941717663E-01   
vper sigtau                    2.50000000E-02  -1.1196583227E+02 +-    5.9774982641E-01   
vper tensor                    2.50000000E-02  -2.5462620360E+00 +-    2.0336015501E-01   
vper tenstau                   2.50000000E-02  -1.0677661028E+02 +-    1.9588605641E+00   
vper ls                        2.50000000E-02   0.0000000000E+00 +-    0.0000000000E+00   
vper lstau                     2.50000000E-02   0.0000000000E+00 +-    0.0000000000E+00   
vpotper v6                     2.50000000E-02  -1.1837987407E+02 +-    3.6083049785E+00   
vpotper v8                     2.50000000E-02  -1.1837987407E+02 +-    3.6083049785E+00   
vpotv6pr-vpotv6per diff        2.50000000E-02   0.0000000000E+00 +-    0.0000000000E+00   
vpotv8pr-vpotv8per diff        2.50000000E-02   0.0000000000E+00 +-    0.0000000000E+00   
2piapr-2pia diff               2.50000000E-02   0.0000000000E+00 +-    0.0000000000E+00   
vd1pr-vd1 diff                 2.50000000E-02   0.0000000000E+00 +-    0.0000000000E+00   
vepr-ve diff                   2.50000000E-02   0.0000000000E+00 +-    0.0000000000E+00   
diff1 2piapr-2pia-2picxx       2.50000000E-02   0.0000000000E+00 +-    0.0000000000E+00   
diff2 vd1pr-vd1-2picxd         2.50000000E-02   0.0000000000E+00 +-    0.0000000000E+00   
diff3 vepr-ve-2picdd           2.50000000E-02   0.0000000000E+00 +-    0.0000000000E+00   
sum diff1+dif2+diff3           2.50000000E-02   0.0000000000E+00 +-    0.0000000000E+00   
proton rms                     2.50000000E-02   9.5185776149E-01 +-    4.3960943609E-03   
neutron rms                    2.50000000E-02   9.7924499729E-01 +-    7.0657235063E-03   
total rms                      2.50000000E-02   9.7293891499E-01 +-    4.1938071941E-03   
neutron-proton rms             2.50000000E-02   2.7387235805E-02 +-    4.6551141259E-03   
GT sigXtau+                    2.50000000E-02   9.2075977716E-04 +-    3.4375023336E-05   
GT sigYtau+                    2.50000000E-02  -6.9609827263E-04 +-    4.3011010230E-05   
GT sigZtau+                    2.50000000E-02  -1.0125150978E-03 +-    3.1395235363E-05   
GT sigXtau-                    2.50000000E-02  -2.7630900531E-03 +-    4.4786432799E-05   
GT sigYtau-                    2.50000000E-02  -1.4093959460E-03 +-    5.0799978474E-05   
GT sigZtau-                    2.50000000E-02   1.3439824417E-04 +-    3.0031439258E-05   
F tau+                         2.50000000E-02   5.2337155624E-19 +-    5.9706447462E-20   
F tau-                         2.50000000E-02   1.3969336558E-18 +-    4.8709711347E-20   
Psi**2                         2.50000000E-02   3.6165848810E-05 +-    1.1505403293E-06   
single crossing/step           2.50000000E-02   8.1109926269E-03 +-    4.2870117205E-05   
global crossing/step           2.50000000E-02   7.9771267541E-03 +-    8.5035489101E-05   
energy numerator(real)         2.50000000E-02   4.1723477127E+00 +-    1.0790530680E+00   
denominator psit/psigi(real)   2.50000000E-02  -6.1234996942E-02 +-    1.3609568951E-02   
energy numerator(aimag)        2.50000000E-02  -6.6507933350E-01 +-    7.7042878902E-01   
denominator psit/psigi(aimag)  2.50000000E-02   5.9318672425E-03 +-    9.0368843386E-03   
growth(lin dt) energy          2.50000000E-02  -2.7475296429E+02 +-    6.0865710221E+00   
growth(global) energy          2.50000000E-02  -2.5667860616E+02 +-    1.2303382895E+01
growth energy                  2.50000000E-02  -2.7438954100E+02 +-    6.0602398598E+00
Time for propagation (sec) (min) =          21.914      0.365
Time for energies (sec) (min) =              0.795      0.013
Time for load balancing (sec) (min) =        0.028      0.000
Time for block (sec) (min) =                23.485      0.391
Time for operators (sec) (min) =             0.025      0.000
Elapsed block time (sec) (min) =           232.466      3.874
 
 walkers multiplicity, block, total
   0          58273         533827
   1        1002525        9968389
   2          57027         524238
   3            466           4086
   4             84            655
   5             31            234
   6              9             94
   7              7             54
   8              2             27
   9              0             11
  10              0             11
  11              1              8
  12              1              3
  13              1              6
  14              0              6
  15              0              2
  17              1              1
  18              0              2
  19              0              1
  20              1              5
 
 

Time for steps      =     232.474 seconds,        3.875 minutes
Master Time for steps =     232.270 seconds,        3.871 minutes

Number of cpus =       100
Total job time =     237.551 seconds,        3.959 minutes,        0.066 hours
Total cpu-time =     395.918 minutes,        6.599 hours
Total time =         237.325 seconds,        3.955 minutes,        0.066 hours
Finished!
