Unconstrained Diffusion Monte Carlo Run -- no drift
!-!-!-!-!-!-!-!-!-!-!-!-!-!-!-!-!-!-!-!-!-!-!-!-!-!
MPI parameters:
Number of boss cpus =                         100
Number of worker cpus for each boss =           0
Total number of cpus =                        100
Simulation parameters:
random number seed =                          321
hbar^2/2m =                              20.73554
start from sites =                              F
nwalk =                                     10000
equilibration blocks =                          0
averaging blocks =                             10
nsteps/blocks =                               100
time step =                          0.0000250000
time step rotations (vmc) =          0.1700000000
trial energy =                          -26.00000
drift cutoff =                            0.00000
drastic population control up =           1.20000
drastic population control down =         0.80000
rebalance if walkers fluctuate more than   2.00 %
weight cut off =                         20.00000
table size =                                 8000
!-!-!-!-!-!-!-!-!-!-!-!-!-!-!-!-!-!-!-!-!-!-!-!-!-!
System parameters:
lpot =                                         11
lpotper =                                      11
potential  =                          argonne v6'
potentialpr =                         argonne v6'
Coulomb included in energy-propagation          F
multiply central v by =                   1.00000
multiply tau v by =                       1.00000
multiply sigma v by =                     1.00000
multiply sigma tau v by =                 1.00000
multiply tensor v by =                    1.00000
multiply tensor tau v by =                1.00000
multiply spin-orbit v by =                0.00000
multiply spin-orbit tau v by =            0.00000
three-body potential =                        no3
ibox (0 is nearest image) =                     0
!-!-!-!-!-!-!-!-!-!-!-!-!-!-!-!-!-!-!-!-!-!-!-!-!-!
propagate LS =                                  F
calculate LS =                                  F
type of correlations =           independent pair
scale orbital   1 with factor    1.14000
determinant # 1
coefficient                     1.00000   0.00000
1  1  0  1  alpha.orb    # 2J,2M,L,tau radial_file for state                    
1 -1  0  1  alpha.orb    # 2J,2M,L,tau radial_file for state                    
1  1  0 -1  alpha.orb    # 2J,2M,L,tau radial_file for state                    
1 -1  0 -1  alpha.orb    # 2J,2M,L,tau radial_file for state                    
rescaled coefficient            1.00000   0.00000
!-!-!-!-!-!-!-!-!-!-!-!-!-!-!-!-!-!-!-!-!-!-!-!-!-!
No external potential
!-!-!-!-!-!-!-!-!-!-!-!-!-!-!-!-!-!-!-!-!-!-!-!-!-!
rcut in pair sampling =                   1.00000
acut in pair sampling =                   5.00000
a constant in psig =                      0.20000
Number of protons =                             2
Number of neutrons =                            2
range of the potential =                 20.00000
!-!-!-!-!-!-!-!-!-!-!-!-!-!-!-!-!-!-!-!-!-!-!-!-!-!
do V3 =                                         F
three body force =                            no3
three body a2piPwa =                      0.000000000000000
three body a2piPwc =                      0.000000000000000
three body a2piSw =                       0.000000000000000
three body Vd,C,c3 =                      0.000000000000000
three body Ve,C,c3 =                      0.000000000000000
three body A_R =                          0.000000000000000
three body Vd1 =                          0.000000000000000
three body Vd2 =                          0.000000000000000
three body Ve =                           0.000000000000000
propagator: multiply the antic by =       0.000000000000000
propagator: multiply the Vd1 by =         0.000000000000000
propagator: multiply the Ve by =          0.000000000000000
propagator: three body a2piPW =           0.000000000000000
!-!-!-!-!-!-!-!-!-!-!-!-!-!-!-!-!-!-!-!-!-!-!-!-!-!
jastrow healing distance dc =             4.47768
jastrow healing distance dtn =           11.57317
jastrow rho =                             0.01000
potential quencher acn (v1) =             1.50851
potential quencher at  (v2) =             6.06936
potential quencher as  (v3) =             2.76780
potential quencher ast (v4) =             0.80880
potential quencher atn (v5) =             0.61864
potential quencher atn (v6) =             0.20141
potential quencher als (v7) =             0.00000
potential quencher alst (v8) =            0.00000
correlation quencher bt (f2) =            0.26685
correlation quencher bs (f3) =           -0.10565
correlation quencher bst (f4) =           0.42277
correlation quencher btn (f5) =           1.08683
correlation quencher btn (f6) =           4.44810
correlation quencher bls (f7) =           0.00000
correlation quencher blst (f8) =          0.00000
!-!-!-!-!-!-!-!-!-!-!-!-!-!-!-!-!-!-!-!-!-!-!-!-!-!
q1c parameter in f3c =                   12.87526
q2c parameter in f3c =                    1.60340
q1p parameter in f3p =                   -1.81620
q2p parameter in f3p =                    2.14789
!-!-!-!-!-!-!-!-!-!-!-!-!-!-!-!-!-!-!-!-!-!-!-!-!-!
rscal parameter in Uijk cent =            1.00000
rscal parameter in Uijk xpi =             1.00000
rscal parameter in Uijk delta =           1.00000
eps_c parameter in Uijk =                 0.00000
eps_anti parameter in Uijk =              0.00000
eps_tm parameter in Uijk =                0.00000
eps_vd1 parameter in Uijk =               0.00000
eps_vd2 parameter in Uijk =               0.00000
eps_vdc3 parameter in Uijk =              0.00000
eps_vec3 parameter in Uijk =              0.00000
eps_ve parameter in Uijk =                0.00000
eps_comm parameter in Uijk =              0.00000
eps_comm-XD parameter in Uijk =           0.00000
eps_comm-DD parameter in Uijk =           0.00000
TNI-comm correlation included =                 F
!-!-!-!-!-!-!-!-!-!-!-!-!-!-!-!-!-!-!-!-!-!-!-!-!-!
CSB correlation rscalpp =                 1.00000
CSB correlation rscalnn =                 1.00000
CSB correlation quencher pp =             0.00000
CSB correlation quencher nn =             0.00000
CSB correlation included =                      F
!-!-!-!-!-!-!-!-!-!-!-!-!-!-!-!-!-!-!-!-!-!-!-!-!-!
jastrow initialized
!-!-!-!-!-!-!-!-!-!-!-!-!-!-!-!-!-!-!-!-!-!-!-!-!-!
Symmetrize V6 in the propagator =               T
New propagation of Vlstau and commutator included!
Coulomb included in energy (and propag)         F
Initial walkers from file
Number of walkers =                          8159
Configurations at tau =              3.4750000000
Reset tau =                          0.0000000000
!-!-!-!-!-!-!-!-!-!-!-!-!-!-!-!-!-!-!-!-!-!-!-!-!-!
Time for reading configurations (sec.) =       0.71
!-!-!-!-!-!-!-!-!-!-!-!-!-!-!-!-!-!-!-!-!-!-!-!-!-!
Initial configurations:
total energy-propagated        0.00000000E+00  -2.7067123281E+01 +-    3.5875481995E-01   
kinetic energy                 0.00000000E+00   1.0591348247E+02 +-    1.7387622142E+00   
potential energy               0.00000000E+00  -1.3298060575E+02 +-    1.7099875439E+00   
v cent                         0.00000000E+00   1.8599409387E+01 +-    1.5815428901E+00   
v tau                          0.00000000E+00  -7.7427237059E+00 +-    2.3735928332E-01   
v sigma                        0.00000000E+00  -8.4540682297E+00 +-    2.4483497585E-01   
v sigtau                       0.00000000E+00  -6.0775571211E+01 +-    5.7159199321E-01   
v tensor                       0.00000000E+00   8.1027673945E-01 +-    1.3946047425E-01   
v tenstau                      0.00000000E+00  -7.5417928730E+01 +-    1.0347213213E+00   
v ls                           0.00000000E+00   0.0000000000E+00 +-    0.0000000000E+00   
v lstau                        0.00000000E+00   0.0000000000E+00 +-    0.0000000000E+00   
v coulomb                      0.00000000E+00   7.4683807406E-01 +-    2.9167456730E-03   
v external                     0.00000000E+00   0.0000000000E+00 +-    0.0000000000E+00   
tni 2pipr-anticomm             0.00000000E+00   0.0000000000E+00 +-    0.0000000000E+00   
tni vd1pr                      0.00000000E+00   0.0000000000E+00 +-    0.0000000000E+00   
tni vepr                       0.00000000E+00   0.0000000000E+00 +-    0.0000000000E+00   
tni central                    0.00000000E+00   0.0000000000E+00 +-    0.0000000000E+00   
tni 2pixx-anticommutator       0.00000000E+00   0.0000000000E+00 +-    0.0000000000E+00   
tni 2pixd-anticommutator       0.00000000E+00   0.0000000000E+00 +-    0.0000000000E+00   
tni 2pidd-anticommutator       0.00000000E+00   0.0000000000E+00 +-    0.0000000000E+00   
tni 2pixx-commutator           0.00000000E+00   0.0000000000E+00 +-    0.0000000000E+00   
tni 2pixd-commutator           0.00000000E+00   0.0000000000E+00 +-    0.0000000000E+00   
tni 2pidd-commutator           0.00000000E+00   0.0000000000E+00 +-    0.0000000000E+00   
tni 2pi-tm                     0.00000000E+00   0.0000000000E+00 +-    0.0000000000E+00   
tni vd1                        0.00000000E+00   0.0000000000E+00 +-    0.0000000000E+00   
tni vd2                        0.00000000E+00   0.0000000000E+00 +-    0.0000000000E+00   
tni ve                         0.00000000E+00   0.0000000000E+00 +-    0.0000000000E+00   
enetot v8+tni                  0.00000000E+00  -2.7067123281E+01 +-    3.5875481995E-01   
!-!-!-!-!-!-!-!-!-!-!-!-!-!-!-!-!-!-!-!-!-!-!-!-!-!
Psi**2 of initial configurations  =   0.2707013E-04  0.0000000E+00  +-    0.7016849E-06  0.0000000E+00
Psig**2 of initial configurations =   0.1771485E-04  0.0000000E+00  +-    0.5393813E-06  0.0000000E+00
!-!-!-!-!-!-!-!-!-!-!-!-!-!-!-!-!-!-!-!-!-!-!-!-!-!
T**2 of initial configurations  =  -0.1848338E-07  0.3392875E-09
Tz of initial configurations    =   0.6250568E-14 -0.8714337E-14
J**2 of initial configurations  =   0.2766127E-07 -0.4174773E-09
Jz of initial configurations    =   0.9630462E-14  0.2778727E-13
!-!-!-!-!-!-!-!-!-!-!-!-!-!-!-!-!-!-!-!-!-!-!-!-!-!
!-!-!-!-!-!-!-!-!-!-!-!-!-!-!-!-!-!-!-!-!-!-!-!-!-!
Time to process initial configurations (sec.) =       1.40
!-!-!-!-!-!-!-!-!-!-!-!-!-!-!-!-!-!-!-!-!-!-!-!-!-!

equilibration done

iteration =                               1
walker number =                       10423
total energy-propagated        2.50000000E-03  -2.5831570463E+01 +-    3.2783237152E-01   
kinetic energy                 2.50000000E-03   1.0375637258E+02 +-    1.5395870672E+00   
potential energy               2.50000000E-03  -1.2958794304E+02 +-    1.5130298706E+00   
im energy                      2.50000000E-03   2.8061429248E-01 +-    2.2524040959E-01   
imkin energy                   2.50000000E-03   4.0487358763E-01 +-    4.8765199678E-01   
impot energy                   2.50000000E-03  -1.2425929515E-01 +-    5.1177188520E-01   
v cent                         2.50000000E-03   1.6467120733E+01 +-    1.3945281199E+00   
v tau                          2.50000000E-03  -8.1064399111E+00 +-    2.4020528464E-01   
v sigma                        2.50000000E-03  -8.3525150095E+00 +-    2.2226802989E-01   
v sigtau                       2.50000000E-03  -6.0151138727E+01 +-    4.7944332946E-01   
v tensor                       2.50000000E-03   3.8755533703E-01 +-    1.2054377806E-01   
v tenstau                      2.50000000E-03  -6.9832525463E+01 +-    9.8898209973E-01   
v ls                           2.50000000E-03   0.0000000000E+00 +-    0.0000000000E+00   
v lstau                        2.50000000E-03   0.0000000000E+00 +-    0.0000000000E+00   
vpot v6                        2.50000000E-03  -1.2958794304E+02 +-    1.5130298706E+00   
vpot v8                        2.50000000E-03  -1.2958794304E+02 +-    1.5130298706E+00   
v coulomb                      2.50000000E-03   7.4360376445E-01 +-    2.5824101019E-03   
v external                     2.50000000E-03   0.0000000000E+00 +-    0.0000000000E+00   
tni 2pipr-anticomm             2.50000000E-03   0.0000000000E+00 +-    0.0000000000E+00   
tni vd1pr                      2.50000000E-03   0.0000000000E+00 +-    0.0000000000E+00   
tni vepr                       2.50000000E-03   0.0000000000E+00 +-    0.0000000000E+00   
tni central                    2.50000000E-03   0.0000000000E+00 +-    0.0000000000E+00   
tni 2pixx-anticommutator       2.50000000E-03   0.0000000000E+00 +-    0.0000000000E+00   
tni 2pixd-anticommutator       2.50000000E-03   0.0000000000E+00 +-    0.0000000000E+00   
tni 2pidd-anticommutator       2.50000000E-03   0.0000000000E+00 +-    0.0000000000E+00   
tni 2pixx-commutator           2.50000000E-03   0.0000000000E+00 +-    0.0000000000E+00   
tni 2pixd-commutator           2.50000000E-03   0.0000000000E+00 +-    0.0000000000E+00   
tni 2pidd-commutator           2.50000000E-03   0.0000000000E+00 +-    0.0000000000E+00   
tni 2pi-tm                     2.50000000E-03   0.0000000000E+00 +-    0.0000000000E+00   
tni vd1                        2.50000000E-03   0.0000000000E+00 +-    0.0000000000E+00   
tni vd2                        2.50000000E-03   0.0000000000E+00 +-    0.0000000000E+00   
tni ve                         2.50000000E-03   0.0000000000E+00 +-    0.0000000000E+00   
vpottot v8+tni                 2.50000000E-03  -1.2958794304E+02 +-    1.5130298706E+00   
enetot v8+tni                  2.50000000E-03  -2.5831570463E+01 +-    3.2783237152E-01   
vper cent                      2.50000000E-03   1.6467120733E+01 +-    1.3945281199E+00   
vper tau                       2.50000000E-03  -8.1064399111E+00 +-    2.4020528464E-01   
vper sigma                     2.50000000E-03  -8.3525150095E+00 +-    2.2226802989E-01   
vper sigtau                    2.50000000E-03  -6.0151138727E+01 +-    4.7944332946E-01   
vper tensor                    2.50000000E-03   3.8755533703E-01 +-    1.2054377806E-01   
vper tenstau                   2.50000000E-03  -6.9832525463E+01 +-    9.8898209973E-01   
vper ls                        2.50000000E-03   0.0000000000E+00 +-    0.0000000000E+00   
vper lstau                     2.50000000E-03   0.0000000000E+00 +-    0.0000000000E+00   
vpotper v6                     2.50000000E-03  -1.2958794304E+02 +-    1.5130298706E+00   
vpotper v8                     2.50000000E-03  -1.2958794304E+02 +-    1.5130298706E+00   
vpotv6pr-vpotv6per diff        2.50000000E-03   0.0000000000E+00 +-    0.0000000000E+00   
vpotv8pr-vpotv8per diff        2.50000000E-03   0.0000000000E+00 +-    0.0000000000E+00   
2piapr-2pia diff               2.50000000E-03   0.0000000000E+00 +-    0.0000000000E+00   
vd1pr-vd1 diff                 2.50000000E-03   0.0000000000E+00 +-    0.0000000000E+00   
vepr-ve diff                   2.50000000E-03   0.0000000000E+00 +-    0.0000000000E+00   
diff1 2piapr-2pia-2picxx       2.50000000E-03   0.0000000000E+00 +-    0.0000000000E+00   
diff2 vd1pr-vd1-2picxd         2.50000000E-03   0.0000000000E+00 +-    0.0000000000E+00   
diff3 vepr-ve-2picdd           2.50000000E-03   0.0000000000E+00 +-    0.0000000000E+00   
sum diff1+dif2+diff3           2.50000000E-03   0.0000000000E+00 +-    0.0000000000E+00   
proton rms                     2.50000000E-03   2.0448912520E+00 +-    1.1942028323E-02   
neutron rms                    2.50000000E-03   2.0356632836E+00 +-    1.1565066191E-02   
total rms                      2.50000000E-03   2.0387128923E+00 +-    1.0454521852E-02   
neutron-proton rms             2.50000000E-03  -9.2279683389E-03 +-    1.0647880124E-02   
GT sigXtau+                    2.50000000E-03   6.6274067374E-05 +-    2.1405216593E-05   
GT sigYtau+                    2.50000000E-03  -1.4063763710E-05 +-    2.1798225734E-05   
GT sigZtau+                    2.50000000E-03   1.3455883761E-06 +-    2.1522352622E-05   
GT sigXtau-                    2.50000000E-03  -3.5401289941E-05 +-    2.1899020417E-05   
GT sigYtau-                    2.50000000E-03  -4.3053724340E-07 +-    2.3140012335E-05   
GT sigZtau-                    2.50000000E-03  -6.0820622104E-05 +-    2.2581062544E-05   
F tau+                         2.50000000E-03  -5.0345489816E-20 +-    3.8700552070E-20   
F tau-                         2.50000000E-03  -2.9111663304E-20 +-    4.0256299651E-20   
Psi**2                         2.50000000E-03   2.5335741217E-05 +-    6.1459986399E-07   
single crossing/step           2.50000000E-03   8.3187831396E-03 +-    4.7002088717E-05   
global crossing/step           2.50000000E-03   8.2427293664E-03 +-    9.3577066221E-05   
energy numerator(real)         2.50000000E-03  -2.7359540503E+01 +-    6.7337730814E-01   
denominator psit/psigi(real)   2.50000000E-03   1.0590592460E+00 +-    1.1159559929E-02   
energy numerator(aimag)        2.50000000E-03   3.5789933190E-01 +-    4.6122438748E-01   
denominator psit/psigi(aimag)  2.50000000E-03   5.1324355667E-03 +-    7.3661148901E-03   
growth(lin dt) energy          2.50000000E-03  -1.9300981742E+02 +-    4.9560842773E+00   
growth(global) energy          2.50000000E-03  -2.0219111683E+02 +-    1.3660247307E+01
growth energy                  2.50000000E-03  -1.9291092974E+02 +-    4.9447746124E+00
Time for propagation (sec) (min) =          18.636      0.311
Time for energies (sec) (min) =              0.729      0.012
Time for load balancing (sec) (min) =        0.068      0.001
Time for block (sec) (min) =                20.132      0.336
Time for operators (sec) (min) =             0.025      0.000
Elapsed block time (sec) (min) =            20.158      0.336
 
 walkers multiplicity, block, total
   0          35605          35605
   1         860325         860325
   2          37455          37455
   3            125            125
   4             21             21
   5             11             11
   6              3              3
   7              0              0
   8              3              3
   9              1              1
  14              1              1
 
 

iteration =                               2
walker number =                       11447
total energy-propagated        5.00000000E-03  -2.7567535238E+01 +-    3.1671842588E-01   
kinetic energy                 5.00000000E-03   1.1033113778E+02 +-    1.4711074171E+00   
potential energy               5.00000000E-03  -1.3789867302E+02 +-    1.4094520749E+00   
im energy                      5.00000000E-03  -2.9788241592E-01 +-    1.9184973478E-01   
imkin energy                   5.00000000E-03   5.5063338685E-01 +-    4.2707379119E-01   
impot energy                   5.00000000E-03  -8.4851580277E-01 +-    4.1638015040E-01   
v cent                         5.00000000E-03   1.8577071975E+01 +-    1.3322181621E+00   
v tau                          5.00000000E-03  -7.4715771502E+00 +-    2.0937139706E-01   
v sigma                        5.00000000E-03  -8.2289826395E+00 +-    2.2094832025E-01   
v sigtau                       5.00000000E-03  -6.0903833018E+01 +-    4.7199857464E-01   
v tensor                       5.00000000E-03   1.2019592656E+00 +-    1.1748344019E-01   
v tenstau                      5.00000000E-03  -8.1073311454E+01 +-    9.1233498960E-01   
v ls                           5.00000000E-03   0.0000000000E+00 +-    0.0000000000E+00   
v lstau                        5.00000000E-03   0.0000000000E+00 +-    0.0000000000E+00   
vpot v6                        5.00000000E-03  -1.3789867302E+02 +-    1.4094520749E+00   
vpot v8                        5.00000000E-03  -1.3789867302E+02 +-    1.4094520749E+00   
v coulomb                      5.00000000E-03   7.4727120993E-01 +-    2.7450967343E-03   
v external                     5.00000000E-03   0.0000000000E+00 +-    0.0000000000E+00   
tni 2pipr-anticomm             5.00000000E-03   0.0000000000E+00 +-    0.0000000000E+00   
tni vd1pr                      5.00000000E-03   0.0000000000E+00 +-    0.0000000000E+00   
tni vepr                       5.00000000E-03   0.0000000000E+00 +-    0.0000000000E+00   
tni central                    5.00000000E-03   0.0000000000E+00 +-    0.0000000000E+00   
tni 2pixx-anticommutator       5.00000000E-03   0.0000000000E+00 +-    0.0000000000E+00   
tni 2pixd-anticommutator       5.00000000E-03   0.0000000000E+00 +-    0.0000000000E+00   
tni 2pidd-anticommutator       5.00000000E-03   0.0000000000E+00 +-    0.0000000000E+00   
tni 2pixx-commutator           5.00000000E-03   0.0000000000E+00 +-    0.0000000000E+00   
tni 2pixd-commutator           5.00000000E-03   0.0000000000E+00 +-    0.0000000000E+00   
tni 2pidd-commutator           5.00000000E-03   0.0000000000E+00 +-    0.0000000000E+00   
tni 2pi-tm                     5.00000000E-03   0.0000000000E+00 +-    0.0000000000E+00   
tni vd1                        5.00000000E-03   0.0000000000E+00 +-    0.0000000000E+00   
tni vd2                        5.00000000E-03   0.0000000000E+00 +-    0.0000000000E+00   
tni ve                         5.00000000E-03   0.0000000000E+00 +-    0.0000000000E+00   
vpottot v8+tni                 5.00000000E-03  -1.3789867302E+02 +-    1.4094520749E+00   
enetot v8+tni                  5.00000000E-03  -2.7567535238E+01 +-    3.1671842588E-01   
vper cent                      5.00000000E-03   1.8577071975E+01 +-    1.3322181621E+00   
vper tau                       5.00000000E-03  -7.4715771502E+00 +-    2.0937139706E-01   
vper sigma                     5.00000000E-03  -8.2289826395E+00 +-    2.2094832025E-01   
vper sigtau                    5.00000000E-03  -6.0903833018E+01 +-    4.7199857464E-01   
vper tensor                    5.00000000E-03   1.2019592656E+00 +-    1.1748344019E-01   
vper tenstau                   5.00000000E-03  -8.1073311454E+01 +-    9.1233498960E-01   
vper ls                        5.00000000E-03   0.0000000000E+00 +-    0.0000000000E+00   
vper lstau                     5.00000000E-03   0.0000000000E+00 +-    0.0000000000E+00   
vpotper v6                     5.00000000E-03  -1.3789867302E+02 +-    1.4094520749E+00   
vpotper v8                     5.00000000E-03  -1.3789867302E+02 +-    1.4094520749E+00   
vpotv6pr-vpotv6per diff        5.00000000E-03   0.0000000000E+00 +-    0.0000000000E+00   
vpotv8pr-vpotv8per diff        5.00000000E-03   0.0000000000E+00 +-    0.0000000000E+00   
2piapr-2pia diff               5.00000000E-03   0.0000000000E+00 +-    0.0000000000E+00   
vd1pr-vd1 diff                 5.00000000E-03   0.0000000000E+00 +-    0.0000000000E+00   
vepr-ve diff                   5.00000000E-03   0.0000000000E+00 +-    0.0000000000E+00   
diff1 2piapr-2pia-2picxx       5.00000000E-03   0.0000000000E+00 +-    0.0000000000E+00   
diff2 vd1pr-vd1-2picxd         5.00000000E-03   0.0000000000E+00 +-    0.0000000000E+00   
diff3 vepr-ve-2picdd           5.00000000E-03   0.0000000000E+00 +-    0.0000000000E+00   
sum diff1+dif2+diff3           5.00000000E-03   0.0000000000E+00 +-    0.0000000000E+00   
proton rms                     5.00000000E-03   2.0567596397E+00 +-    1.1025663458E-02   
neutron rms                    5.00000000E-03   2.0078093236E+00 +-    1.0867454419E-02   
total rms                      5.00000000E-03   2.0299064800E+00 +-    9.7146320366E-03   
neutron-proton rms             5.00000000E-03  -4.8950316133E-02 +-    1.0032305919E-02   
GT sigXtau+                    5.00000000E-03   1.8702361070E-05 +-    2.1675485129E-05   
GT sigYtau+                    5.00000000E-03  -2.2526387066E-05 +-    2.2169479417E-05   
GT sigZtau+                    5.00000000E-03   1.4415477133E-05 +-    2.2503867672E-05   
GT sigXtau-                    5.00000000E-03  -6.0761579607E-05 +-    2.0909155327E-05   
GT sigYtau-                    5.00000000E-03   3.2834627770E-05 +-    2.1289892041E-05   
GT sigZtau-                    5.00000000E-03  -1.2008741579E-04 +-    2.2049509370E-05   
F tau+                         5.00000000E-03   4.4755015929E-20 +-    3.8988295050E-20   
F tau-                         5.00000000E-03   3.8266419793E-20 +-    3.8360418845E-20   
Psi**2                         5.00000000E-03   2.6649117800E-05 +-    6.3531976044E-07   
single crossing/step           5.00000000E-03   7.2197103345E-03 +-    4.0460765817E-05   
global crossing/step           5.00000000E-03   7.1233257170E-03 +-    8.0383458897E-05   
energy numerator(real)         5.00000000E-03  -1.8705924400E+01 +-    7.4154215233E-01   
denominator psit/psigi(real)   5.00000000E-03   6.7969294399E-01 +-    1.2108481906E-02   
energy numerator(aimag)        5.00000000E-03  -1.5472148669E+00 +-    5.2254179239E-01   
denominator psit/psigi(aimag)  5.00000000E-03   2.4902685624E-02 +-    8.2653945708E-03   
growth(lin dt) energy          5.00000000E-03  -1.9942854410E+02 +-    4.8563137154E+00   
growth(global) energy          5.00000000E-03  -2.1553012116E+02 +-    1.1196695709E+01
growth energy                  5.00000000E-03  -1.9931489224E+02 +-    4.8444621442E+00
Time for propagation (sec) (min) =          21.844      0.364
Time for energies (sec) (min) =              0.800      0.013
Time for load balancing (sec) (min) =        0.032      0.001
Time for block (sec) (min) =                23.306      0.388
Time for operators (sec) (min) =             0.024      0.000
Elapsed block time (sec) (min) =            43.507      0.725
 
 walkers multiplicity, block, total
   0          45970          81575
   1        1014002        1874327
   2          46323          83778
   3            242            367
   4             38             59
   5             11             22
   6              2              5
   7              2              2
   8              1              4
   9              0              1
  14              0              1
 
 

iteration =                               3
walker number =                       10730
total energy-propagated        7.50000000E-03  -2.5588183138E+01 +-    2.9766734222E-01   
kinetic energy                 7.50000000E-03   9.5976710109E+01 +-    1.3513060757E+00   
potential energy               7.50000000E-03  -1.2156489325E+02 +-    1.3916038427E+00   
im energy                      7.50000000E-03  -2.6970040036E-02 +-    1.2038868559E-01   
imkin energy                   7.50000000E-03  -1.0330548660E+00 +-    3.2665199985E-01   
impot energy                   7.50000000E-03   1.0060848259E+00 +-    2.1002276121E-01   
v cent                         7.50000000E-03   1.0147113265E+01 +-    1.4410319883E+00   
v tau                          7.50000000E-03  -7.9294922490E+00 +-    2.2792848202E-01   
v sigma                        7.50000000E-03  -7.7048997622E+00 +-    2.7528089259E-01   
v sigtau                       7.50000000E-03  -5.6988749855E+01 +-    4.1958690894E-01   
v tensor                       7.50000000E-03   7.1853090697E-01 +-    2.1279775323E-01   
v tenstau                      7.50000000E-03  -5.9807395554E+01 +-    7.1504202298E-01   
v ls                           7.50000000E-03   0.0000000000E+00 +-    0.0000000000E+00   
v lstau                        7.50000000E-03   0.0000000000E+00 +-    0.0000000000E+00   
vpot v6                        7.50000000E-03  -1.2156489325E+02 +-    1.3916038427E+00   
vpot v8                        7.50000000E-03  -1.2156489325E+02 +-    1.3916038427E+00   
v coulomb                      7.50000000E-03   7.1075342310E-01 +-    2.6838600648E-03   
v external                     7.50000000E-03   0.0000000000E+00 +-    0.0000000000E+00   
tni 2pipr-anticomm             7.50000000E-03   0.0000000000E+00 +-    0.0000000000E+00   
tni vd1pr                      7.50000000E-03   0.0000000000E+00 +-    0.0000000000E+00   
tni vepr                       7.50000000E-03   0.0000000000E+00 +-    0.0000000000E+00   
tni central                    7.50000000E-03   0.0000000000E+00 +-    0.0000000000E+00   
tni 2pixx-anticommutator       7.50000000E-03   0.0000000000E+00 +-    0.0000000000E+00   
tni 2pixd-anticommutator       7.50000000E-03   0.0000000000E+00 +-    0.0000000000E+00   
tni 2pidd-anticommutator       7.50000000E-03   0.0000000000E+00 +-    0.0000000000E+00   
tni 2pixx-commutator           7.50000000E-03   0.0000000000E+00 +-    0.0000000000E+00   
tni 2pixd-commutator           7.50000000E-03   0.0000000000E+00 +-    0.0000000000E+00   
tni 2pidd-commutator           7.50000000E-03   0.0000000000E+00 +-    0.0000000000E+00   
tni 2pi-tm                     7.50000000E-03   0.0000000000E+00 +-    0.0000000000E+00   
tni vd1                        7.50000000E-03   0.0000000000E+00 +-    0.0000000000E+00   
tni vd2                        7.50000000E-03   0.0000000000E+00 +-    0.0000000000E+00   
tni ve                         7.50000000E-03   0.0000000000E+00 +-    0.0000000000E+00   
vpottot v8+tni                 7.50000000E-03  -1.2156489325E+02 +-    1.3916038427E+00   
enetot v8+tni                  7.50000000E-03  -2.5588183138E+01 +-    2.9766734222E-01   
vper cent                      7.50000000E-03   1.0147113265E+01 +-    1.4410319883E+00   
vper tau                       7.50000000E-03  -7.9294922490E+00 +-    2.2792848202E-01   
vper sigma                     7.50000000E-03  -7.7048997622E+00 +-    2.7528089259E-01   
vper sigtau                    7.50000000E-03  -5.6988749855E+01 +-    4.1958690894E-01   
vper tensor                    7.50000000E-03   7.1853090697E-01 +-    2.1279775323E-01   
vper tenstau                   7.50000000E-03  -5.9807395554E+01 +-    7.1504202298E-01   
vper ls                        7.50000000E-03   0.0000000000E+00 +-    0.0000000000E+00   
vper lstau                     7.50000000E-03   0.0000000000E+00 +-    0.0000000000E+00   
vpotper v6                     7.50000000E-03  -1.2156489325E+02 +-    1.3916038427E+00   
vpotper v8                     7.50000000E-03  -1.2156489325E+02 +-    1.3916038427E+00   
vpotv6pr-vpotv6per diff        7.50000000E-03   0.0000000000E+00 +-    0.0000000000E+00   
vpotv8pr-vpotv8per diff        7.50000000E-03   0.0000000000E+00 +-    0.0000000000E+00   
2piapr-2pia diff               7.50000000E-03   0.0000000000E+00 +-    0.0000000000E+00   
vd1pr-vd1 diff                 7.50000000E-03   0.0000000000E+00 +-    0.0000000000E+00   
vepr-ve diff                   7.50000000E-03   0.0000000000E+00 +-    0.0000000000E+00   
diff1 2piapr-2pia-2picxx       7.50000000E-03   0.0000000000E+00 +-    0.0000000000E+00   
diff2 vd1pr-vd1-2picxd         7.50000000E-03   0.0000000000E+00 +-    0.0000000000E+00   
diff3 vepr-ve-2picdd           7.50000000E-03   0.0000000000E+00 +-    0.0000000000E+00   
sum diff1+dif2+diff3           7.50000000E-03   0.0000000000E+00 +-    0.0000000000E+00   
proton rms                     7.50000000E-03   2.1676203632E+00 +-    1.2268032243E-02   
neutron rms                    7.50000000E-03   2.1065752815E+00 +-    1.3314548097E-02   
total rms                      7.50000000E-03   2.1285962315E+00 +-    9.9352891578E-03   
neutron-proton rms             7.50000000E-03  -6.1045081679E-02 +-    1.3409805674E-02   
GT sigXtau+                    7.50000000E-03  -1.2364971094E-04 +-    1.4491872731E-05   
GT sigYtau+                    7.50000000E-03  -2.5573521124E-04 +-    2.2756035868E-05   
GT sigZtau+                    7.50000000E-03  -3.1715620169E-04 +-    1.7977497637E-05   
GT sigXtau-                    7.50000000E-03   5.6427959005E-05 +-    1.8711873730E-05   
GT sigYtau-                    7.50000000E-03   1.2518019771E-04 +-    1.9806281248E-05   
GT sigZtau-                    7.50000000E-03  -8.1004244742E-06 +-    1.8465082080E-05   
F tau+                         7.50000000E-03   2.3970372413E-19 +-    3.8110802579E-20   
F tau-                         7.50000000E-03  -2.1040911216E-20 +-    2.6766809252E-20   
Psi**2                         7.50000000E-03   1.8738454551E-05 +-    3.7494759770E-07   
single crossing/step           7.50000000E-03   7.2416072239E-03 +-    4.0562506716E-05   
global crossing/step           7.50000000E-03   7.0461602683E-03 +-    8.0030642536E-05   
energy numerator(real)         7.50000000E-03  -1.0147621451E+01 +-    8.1729571922E-01   
denominator psit/psigi(real)   7.50000000E-03   3.9570494772E-01 +-    1.3209560255E-02   
energy numerator(aimag)        7.50000000E-03   1.5050658497E-01 +-    5.7820101463E-01   
denominator psit/psigi(aimag)  7.50000000E-03   1.5840521352E-02 +-    8.8792756174E-03   
growth(lin dt) energy          7.50000000E-03  -2.2777269354E+02 +-    5.3450001876E+00   
growth(global) energy          7.50000000E-03  -2.2502230356E+02 +-    1.1513171918E+01
growth energy                  7.50000000E-03  -2.2758159167E+02 +-    5.3281571988E+00
Time for propagation (sec) (min) =          21.806      0.363
Time for energies (sec) (min) =              0.750      0.013
Time for load balancing (sec) (min) =        0.030      0.001
Time for block (sec) (min) =                23.171      0.386
Time for operators (sec) (min) =             0.020      0.000
Elapsed block time (sec) (min) =            66.697      1.112
 
 walkers multiplicity, block, total
   0          50749         132324
   1        1016241        2890568
   2          49001         132779
   3            343            710
   4             47            106
   5             17             39
   6              9             14
   7              5              7
   8              1              5
   9              1              2
  14              1              2
  15              1              1
  20              1              1
 
 

iteration =                               4
walker number =                       10306
total energy-propagated        1.00000000E-02  -2.7505325375E+01 +-    2.1804799474E-01   
kinetic energy                 1.00000000E-02   1.1474568681E+02 +-    1.3489757339E+00   
potential energy               1.00000000E-02  -1.4225101219E+02 +-    1.2039650765E+00   
im energy                      1.00000000E-02   4.1752927970E+00 +-    1.7400953525E-01   
imkin energy                   1.00000000E-02   5.2974609315E-01 +-    4.8161978576E-01   
impot energy                   1.00000000E-02   3.6455467038E+00 +-    6.3799719854E-01   
v cent                         1.00000000E-02  -1.5900573322E+01 +-    1.5843460107E+00   
v tau                          1.00000000E-02  -5.6804093086E+00 +-    3.2119442674E-01   
v sigma                        1.00000000E-02  -4.8953365215E+00 +-    3.4842356411E-01   
v sigtau                       1.00000000E-02  -5.4417859757E+01 +-    4.4307620771E-01   
v tensor                       1.00000000E-02  -6.6804379466E-02 +-    1.6680962106E-01   
v tenstau                      1.00000000E-02  -6.1290028900E+01 +-    1.1151766504E+00   
v ls                           1.00000000E-02   0.0000000000E+00 +-    0.0000000000E+00   
v lstau                        1.00000000E-02   0.0000000000E+00 +-    0.0000000000E+00   
vpot v6                        1.00000000E-02  -1.4225101219E+02 +-    1.2039650765E+00   
vpot v8                        1.00000000E-02  -1.4225101219E+02 +-    1.2039650765E+00   
v coulomb                      1.00000000E-02   6.2542884312E-01 +-    4.0227329565E-03   
v external                     1.00000000E-02   0.0000000000E+00 +-    0.0000000000E+00   
tni 2pipr-anticomm             1.00000000E-02   0.0000000000E+00 +-    0.0000000000E+00   
tni vd1pr                      1.00000000E-02   0.0000000000E+00 +-    0.0000000000E+00   
tni vepr                       1.00000000E-02   0.0000000000E+00 +-    0.0000000000E+00   
tni central                    1.00000000E-02   0.0000000000E+00 +-    0.0000000000E+00   
tni 2pixx-anticommutator       1.00000000E-02   0.0000000000E+00 +-    0.0000000000E+00   
tni 2pixd-anticommutator       1.00000000E-02   0.0000000000E+00 +-    0.0000000000E+00   
tni 2pidd-anticommutator       1.00000000E-02   0.0000000000E+00 +-    0.0000000000E+00   
tni 2pixx-commutator           1.00000000E-02   0.0000000000E+00 +-    0.0000000000E+00   
tni 2pixd-commutator           1.00000000E-02   0.0000000000E+00 +-    0.0000000000E+00   
tni 2pidd-commutator           1.00000000E-02   0.0000000000E+00 +-    0.0000000000E+00   
tni 2pi-tm                     1.00000000E-02   0.0000000000E+00 +-    0.0000000000E+00   
tni vd1                        1.00000000E-02   0.0000000000E+00 +-    0.0000000000E+00   
tni vd2                        1.00000000E-02   0.0000000000E+00 +-    0.0000000000E+00   
tni ve                         1.00000000E-02   0.0000000000E+00 +-    0.0000000000E+00   
vpottot v8+tni                 1.00000000E-02  -1.4225101219E+02 +-    1.2039650765E+00   
enetot v8+tni                  1.00000000E-02  -2.7505325375E+01 +-    2.1804799474E-01   
vper cent                      1.00000000E-02  -1.5900573322E+01 +-    1.5843460107E+00   
vper tau                       1.00000000E-02  -5.6804093086E+00 +-    3.2119442674E-01   
vper sigma                     1.00000000E-02  -4.8953365215E+00 +-    3.4842356411E-01   
vper sigtau                    1.00000000E-02  -5.4417859757E+01 +-    4.4307620771E-01   
vper tensor                    1.00000000E-02  -6.6804379466E-02 +-    1.6680962106E-01   
vper tenstau                   1.00000000E-02  -6.1290028900E+01 +-    1.1151766504E+00   
vper ls                        1.00000000E-02   0.0000000000E+00 +-    0.0000000000E+00   
vper lstau                     1.00000000E-02   0.0000000000E+00 +-    0.0000000000E+00   
vpotper v6                     1.00000000E-02  -1.4225101219E+02 +-    1.2039650765E+00   
vpotper v8                     1.00000000E-02  -1.4225101219E+02 +-    1.2039650765E+00   
vpotv6pr-vpotv6per diff        1.00000000E-02   0.0000000000E+00 +-    0.0000000000E+00   
vpotv8pr-vpotv8per diff        1.00000000E-02   0.0000000000E+00 +-    0.0000000000E+00   
2piapr-2pia diff               1.00000000E-02   0.0000000000E+00 +-    0.0000000000E+00   
vd1pr-vd1 diff                 1.00000000E-02   0.0000000000E+00 +-    0.0000000000E+00   
vepr-ve diff                   1.00000000E-02   0.0000000000E+00 +-    0.0000000000E+00   
diff1 2piapr-2pia-2picxx       1.00000000E-02   0.0000000000E+00 +-    0.0000000000E+00   
diff2 vd1pr-vd1-2picxd         1.00000000E-02   0.0000000000E+00 +-    0.0000000000E+00   
diff3 vepr-ve-2picdd           1.00000000E-02   0.0000000000E+00 +-    0.0000000000E+00   
sum diff1+dif2+diff3           1.00000000E-02   0.0000000000E+00 +-    0.0000000000E+00   
proton rms                     1.00000000E-02   2.2642103973E+00 +-    1.1658931870E-02   
neutron rms                    1.00000000E-02   2.0422215586E+00 +-    1.1634127233E-02   
total rms                      1.00000000E-02   2.1490353693E+00 +-    9.9044657270E-03   
neutron-proton rms             1.00000000E-02  -2.2198883866E-01 +-    1.2201377396E-02   
GT sigXtau+                    1.00000000E-02   7.5441506898E-05 +-    1.4866492659E-05   
GT sigYtau+                    1.00000000E-02  -2.4983795672E-04 +-    2.2568497956E-05   
GT sigZtau+                    1.00000000E-02  -4.2212931358E-05 +-    2.2023496951E-05   
GT sigXtau-                    1.00000000E-02   5.3691102243E-06 +-    6.5058377406E-06   
GT sigYtau-                    1.00000000E-02  -1.1084593367E-04 +-    1.2550693915E-05   
GT sigZtau-                    1.00000000E-02   3.2278554882E-04 +-    2.3780218758E-05   
F tau+                         1.00000000E-02   1.6931660129E-19 +-    7.0850580419E-20   
F tau-                         1.00000000E-02   4.2229591113E-19 +-    3.3584175697E-20   
Psi**2                         1.00000000E-02   1.6113798560E-05 +-    3.7234982335E-07   
single crossing/step           1.00000000E-02   7.6814025492E-03 +-    4.1761634045E-05   
global crossing/step           1.00000000E-02   7.5276463681E-03 +-    8.2689518747E-05   
energy numerator(real)         1.00000000E-02  -6.1393842704E+00 +-    8.2588598005E-01   
denominator psit/psigi(real)   1.00000000E-02   2.2370723300E-01 +-    1.3898179389E-02   
energy numerator(aimag)        1.00000000E-02   6.9272747639E-01 +-    6.1351069362E-01   
denominator psit/psigi(aimag)  1.00000000E-02  -1.9425854999E-02 +-    9.5064848095E-03   
growth(lin dt) energy          1.00000000E-02  -2.5434257839E+02 +-    5.6433850908E+00   
growth(global) energy          1.00000000E-02  -2.3788651203E+02 +-    1.2857111530E+01
growth energy                  1.00000000E-02  -2.5406074822E+02 +-    5.6218584040E+00
Time for propagation (sec) (min) =          21.818      0.364
Time for energies (sec) (min) =              0.721      0.012
Time for load balancing (sec) (min) =        0.034      0.001
Time for block (sec) (min) =                23.069      0.384
Time for operators (sec) (min) =             0.017      0.000
Elapsed block time (sec) (min) =            89.792      1.497
 
 walkers multiplicity, block, total
   0          53179         185503
   1        1011652        3902220
   2          51268         184047
   3            491           1201
   4             84            190
   5             27             66
   6              7             21
   7              9             16
   8              4              9
   9              1              3
  11              2              2
  14              0              2
  15              0              1
  20              0              1
 
 

iteration =                               5
walker number =                       10099
total energy-propagated        1.25000000E-02  -1.6943640547E+01 +-    4.6143569711E-01   
kinetic energy                 1.25000000E-02   7.7526593646E+01 +-    2.5199718446E+00   
potential energy               1.25000000E-02  -9.4470234194E+01 +-    2.6388816821E+00   
im energy                      1.25000000E-02   5.3341847440E-01 +-    2.8626765821E-01   
imkin energy                   1.25000000E-02  -4.6341044190E+00 +-    6.9385358922E-01   
impot energy                   1.25000000E-02   5.1675228934E+00 +-    7.2321756603E-01   
v cent                         1.25000000E-02   4.7248348916E+01 +-    2.7796460131E+00   
v tau                          1.25000000E-02  -1.7463565484E+01 +-    4.9199032653E-01   
v sigma                        1.25000000E-02   4.9161010813E-01 +-    3.0155203287E-01   
v sigtau                       1.25000000E-02  -4.7852870289E+01 +-    6.4510023823E-01   
v tensor                       1.25000000E-02   1.5542745970E+00 +-    2.4080675441E-01   
v tenstau                      1.25000000E-02  -7.8448032041E+01 +-    1.4219941224E+00   
v ls                           1.25000000E-02   0.0000000000E+00 +-    0.0000000000E+00   
v lstau                        1.25000000E-02   0.0000000000E+00 +-    0.0000000000E+00   
vpot v6                        1.25000000E-02  -9.4470234194E+01 +-    2.6388816821E+00   
vpot v8                        1.25000000E-02  -9.4470234194E+01 +-    2.6388816821E+00   
v coulomb                      1.25000000E-02   6.7008819636E-01 +-    4.1268711866E-03   
v external                     1.25000000E-02   0.0000000000E+00 +-    0.0000000000E+00   
tni 2pipr-anticomm             1.25000000E-02   0.0000000000E+00 +-    0.0000000000E+00   
tni vd1pr                      1.25000000E-02   0.0000000000E+00 +-    0.0000000000E+00   
tni vepr                       1.25000000E-02   0.0000000000E+00 +-    0.0000000000E+00   
tni central                    1.25000000E-02   0.0000000000E+00 +-    0.0000000000E+00   
tni 2pixx-anticommutator       1.25000000E-02   0.0000000000E+00 +-    0.0000000000E+00   
tni 2pixd-anticommutator       1.25000000E-02   0.0000000000E+00 +-    0.0000000000E+00   
tni 2pidd-anticommutator       1.25000000E-02   0.0000000000E+00 +-    0.0000000000E+00   
tni 2pixx-commutator           1.25000000E-02   0.0000000000E+00 +-    0.0000000000E+00   
tni 2pixd-commutator           1.25000000E-02   0.0000000000E+00 +-    0.0000000000E+00   
tni 2pidd-commutator           1.25000000E-02   0.0000000000E+00 +-    0.0000000000E+00   
tni 2pi-tm                     1.25000000E-02   0.0000000000E+00 +-    0.0000000000E+00   
tni vd1                        1.25000000E-02   0.0000000000E+00 +-    0.0000000000E+00   
tni vd2                        1.25000000E-02   0.0000000000E+00 +-    0.0000000000E+00   
tni ve                         1.25000000E-02   0.0000000000E+00 +-    0.0000000000E+00   
vpottot v8+tni                 1.25000000E-02  -9.4470234194E+01 +-    2.6388816821E+00   
enetot v8+tni                  1.25000000E-02  -1.6943640547E+01 +-    4.6143569711E-01   
vper cent                      1.25000000E-02   4.7248348916E+01 +-    2.7796460131E+00   
vper tau                       1.25000000E-02  -1.7463565484E+01 +-    4.9199032653E-01   
vper sigma                     1.25000000E-02   4.9161010813E-01 +-    3.0155203287E-01   
vper sigtau                    1.25000000E-02  -4.7852870289E+01 +-    6.4510023823E-01   
vper tensor                    1.25000000E-02   1.5542745970E+00 +-    2.4080675441E-01   
vper tenstau                   1.25000000E-02  -7.8448032041E+01 +-    1.4219941224E+00   
vper ls                        1.25000000E-02   0.0000000000E+00 +-    0.0000000000E+00   
vper lstau                     1.25000000E-02   0.0000000000E+00 +-    0.0000000000E+00   
vpotper v6                     1.25000000E-02  -9.4470234194E+01 +-    2.6388816821E+00   
vpotper v8                     1.25000000E-02  -9.4470234194E+01 +-    2.6388816821E+00   
vpotv6pr-vpotv6per diff        1.25000000E-02   0.0000000000E+00 +-    0.0000000000E+00   
vpotv8pr-vpotv8per diff        1.25000000E-02   0.0000000000E+00 +-    0.0000000000E+00   
2piapr-2pia diff               1.25000000E-02   0.0000000000E+00 +-    0.0000000000E+00   
vd1pr-vd1 diff                 1.25000000E-02   0.0000000000E+00 +-    0.0000000000E+00   
vepr-ve diff                   1.25000000E-02   0.0000000000E+00 +-    0.0000000000E+00   
diff1 2piapr-2pia-2picxx       1.25000000E-02   0.0000000000E+00 +-    0.0000000000E+00   
diff2 vd1pr-vd1-2picxd         1.25000000E-02   0.0000000000E+00 +-    0.0000000000E+00   
diff3 vepr-ve-2picdd           1.25000000E-02   0.0000000000E+00 +-    0.0000000000E+00   
sum diff1+dif2+diff3           1.25000000E-02   0.0000000000E+00 +-    0.0000000000E+00   
proton rms                     1.25000000E-02   2.2268725587E+00 +-    1.3687486305E-02   
neutron rms                    1.25000000E-02   2.0050517050E+00 +-    1.1996961463E-02   
total rms                      1.25000000E-02   2.1090376810E+00 +-    9.9027331274E-03   
neutron-proton rms             1.25000000E-02  -2.2182085372E-01 +-    1.5057596142E-02   
GT sigXtau+                    1.25000000E-02   7.3114940163E-05 +-    2.3320061101E-05   
GT sigYtau+                    1.25000000E-02  -3.1616600010E-04 +-    2.0930767319E-05   
GT sigZtau+                    1.25000000E-02  -9.5689039140E-04 +-    2.7227065660E-05   
GT sigXtau-                    1.25000000E-02   1.1959740089E-03 +-    2.7762344605E-05   
GT sigYtau-                    1.25000000E-02  -4.7803815006E-04 +-    2.7681603703E-05   
GT sigZtau-                    1.25000000E-02  -5.9568178113E-05 +-    2.8768725419E-05   
F tau+                         1.25000000E-02   2.9531766524E-19 +-    6.6274639057E-20   
F tau-                         1.25000000E-02   5.3912999610E-19 +-    3.8171368325E-20   
Psi**2                         1.25000000E-02   1.0604894966E-05 +-    6.5063167645E-07   
single crossing/step           1.25000000E-02   7.9140706268E-03 +-    4.2173338069E-05   
global crossing/step           1.25000000E-02   7.6857278517E-03 +-    8.3130518066E-05   
energy numerator(real)         1.25000000E-02  -1.9663779993E+00 +-    8.6641624473E-01   
denominator psit/psigi(real)   1.25000000E-02   1.1924607141E-01 +-    1.4008039122E-02   
energy numerator(aimag)        1.25000000E-02  -8.2337210646E-01 +-    6.1442403133E-01   
denominator psit/psigi(aimag)  1.25000000E-02   3.8779293274E-02 +-    9.5102426107E-03   
growth(lin dt) energy          1.25000000E-02  -2.5579971065E+02 +-    5.6465002205E+00   
growth(global) energy          1.25000000E-02  -2.4354571850E+02 +-    1.0985127436E+01
growth energy                  1.25000000E-02  -2.5551239792E+02 +-    5.6247573141E+00
Time for propagation (sec) (min) =          22.037      0.367
Time for energies (sec) (min) =              0.706      0.012
Time for load balancing (sec) (min) =        0.031      0.001
Time for block (sec) (min) =                23.320      0.389
Time for operators (sec) (min) =             0.018      0.000
Elapsed block time (sec) (min) =           113.130      1.886
 
 walkers multiplicity, block, total
   0          54679         240182
   1        1019199        4921419
   2          53260         237307
   3            389           1590
   4             59            249
   5             23             89
   6             12             33
   7              4             20
   8              2             11
   9              2              5
  10              2              2
  11              2              4
  14              1              3
  15              0              1
  20              0              1
 
 

iteration =                               6
walker number =                       10798
total energy-propagated        1.50000000E-02   1.0640645423E+02 +-    1.9669740891E+00   
kinetic energy                 1.50000000E-02   2.5589881564E+02 +-    3.7305033524E+00   
potential energy               1.50000000E-02  -1.4949236141E+02 +-    2.5119854790E+00   
im energy                      1.50000000E-02   1.4612817574E+01 +-    6.2311150008E-01   
imkin energy                   1.50000000E-02   1.3359917056E+01 +-    1.7496563845E+00   
impot energy                   1.50000000E-02   1.2529005179E+00 +-    1.7917324450E+00   
v cent                         1.50000000E-02  -1.4915230551E+02 +-    3.5314839544E+00   
v tau                          1.50000000E-02   1.6397435012E+01 +-    7.3653756771E-01   
v sigma                        1.50000000E-02   1.2413388681E+01 +-    1.1687304832E+00   
v sigtau                       1.50000000E-02   5.1799996996E+00 +-    1.4910494827E+00   
v tensor                       1.50000000E-02  -1.0071445672E+01 +-    5.5520085032E-01   
v tenstau                      1.50000000E-02  -2.4259433613E+01 +-    3.3469202245E+00   
v ls                           1.50000000E-02   0.0000000000E+00 +-    0.0000000000E+00   
v lstau                        1.50000000E-02   0.0000000000E+00 +-    0.0000000000E+00   
vpot v6                        1.50000000E-02  -1.4949236141E+02 +-    2.5119854790E+00   
vpot v8                        1.50000000E-02  -1.4949236141E+02 +-    2.5119854790E+00   
v coulomb                      1.50000000E-02   1.3301167319E+00 +-    6.0811985173E-03   
v external                     1.50000000E-02   0.0000000000E+00 +-    0.0000000000E+00   
tni 2pipr-anticomm             1.50000000E-02   0.0000000000E+00 +-    0.0000000000E+00   
tni vd1pr                      1.50000000E-02   0.0000000000E+00 +-    0.0000000000E+00   
tni vepr                       1.50000000E-02   0.0000000000E+00 +-    0.0000000000E+00   
tni central                    1.50000000E-02   0.0000000000E+00 +-    0.0000000000E+00   
tni 2pixx-anticommutator       1.50000000E-02   0.0000000000E+00 +-    0.0000000000E+00   
tni 2pixd-anticommutator       1.50000000E-02   0.0000000000E+00 +-    0.0000000000E+00   
tni 2pidd-anticommutator       1.50000000E-02   0.0000000000E+00 +-    0.0000000000E+00   
tni 2pixx-commutator           1.50000000E-02   0.0000000000E+00 +-    0.0000000000E+00   
tni 2pixd-commutator           1.50000000E-02   0.0000000000E+00 +-    0.0000000000E+00   
tni 2pidd-commutator           1.50000000E-02   0.0000000000E+00 +-    0.0000000000E+00   
tni 2pi-tm                     1.50000000E-02   0.0000000000E+00 +-    0.0000000000E+00   
tni vd1                        1.50000000E-02   0.0000000000E+00 +-    0.0000000000E+00   
tni vd2                        1.50000000E-02   0.0000000000E+00 +-    0.0000000000E+00   
tni ve                         1.50000000E-02   0.0000000000E+00 +-    0.0000000000E+00   
vpottot v8+tni                 1.50000000E-02  -1.4949236141E+02 +-    2.5119854790E+00   
enetot v8+tni                  1.50000000E-02   1.0640645423E+02 +-    1.9669740891E+00   
vper cent                      1.50000000E-02  -1.4915230551E+02 +-    3.5314839544E+00   
vper tau                       1.50000000E-02   1.6397435012E+01 +-    7.3653756771E-01   
vper sigma                     1.50000000E-02   1.2413388681E+01 +-    1.1687304832E+00   
vper sigtau                    1.50000000E-02   5.1799996996E+00 +-    1.4910494827E+00   
vper tensor                    1.50000000E-02  -1.0071445672E+01 +-    5.5520085032E-01   
vper tenstau                   1.50000000E-02  -2.4259433613E+01 +-    3.3469202245E+00   
vper ls                        1.50000000E-02   0.0000000000E+00 +-    0.0000000000E+00   
vper lstau                     1.50000000E-02   0.0000000000E+00 +-    0.0000000000E+00   
vpotper v6                     1.50000000E-02  -1.4949236141E+02 +-    2.5119854790E+00   
vpotper v8                     1.50000000E-02  -1.4949236141E+02 +-    2.5119854790E+00   
vpotv6pr-vpotv6per diff        1.50000000E-02   0.0000000000E+00 +-    0.0000000000E+00   
vpotv8pr-vpotv8per diff        1.50000000E-02   0.0000000000E+00 +-    0.0000000000E+00   
2piapr-2pia diff               1.50000000E-02   0.0000000000E+00 +-    0.0000000000E+00   
vd1pr-vd1 diff                 1.50000000E-02   0.0000000000E+00 +-    0.0000000000E+00   
vepr-ve diff                   1.50000000E-02   0.0000000000E+00 +-    0.0000000000E+00   
diff1 2piapr-2pia-2picxx       1.50000000E-02   0.0000000000E+00 +-    0.0000000000E+00   
diff2 vd1pr-vd1-2picxd         1.50000000E-02   0.0000000000E+00 +-    0.0000000000E+00   
diff3 vepr-ve-2picdd           1.50000000E-02   0.0000000000E+00 +-    0.0000000000E+00   
sum diff1+dif2+diff3           1.50000000E-02   0.0000000000E+00 +-    0.0000000000E+00   
proton rms                     1.50000000E-02   2.2940414274E+00 +-    1.7556636019E-02   
neutron rms                    1.50000000E-02   3.5399610594E+00 +-    2.0488975064E-02   
total rms                      1.50000000E-02   2.7806323787E+00 +-    9.5462564131E-03   
neutron-proton rms             1.50000000E-02   1.2459196320E+00 +-    3.4096648027E-02   
GT sigXtau+                    1.50000000E-02  -1.3198437503E-03 +-    4.1122993084E-05   
GT sigYtau+                    1.50000000E-02   9.0860361457E-04 +-    2.5035430954E-05   
GT sigZtau+                    1.50000000E-02  -4.7668500539E-05 +-    5.3124534026E-05   
GT sigXtau-                    1.50000000E-02  -5.0539434521E-04 +-    4.3533869309E-05   
GT sigYtau-                    1.50000000E-02  -3.0310002625E-03 +-    3.0670196779E-05   
GT sigZtau-                    1.50000000E-02   1.1783241200E-03 +-    5.9238975218E-05   
F tau+                         1.50000000E-02  -1.4434712243E-18 +-    2.8848097336E-19   
F tau-                         1.50000000E-02  -2.7189078206E-18 +-    1.8924126052E-19   
Psi**2                         1.50000000E-02  -1.3257666369E-06 +-    7.8685204269E-07   
single crossing/step           1.50000000E-02   7.8587077101E-03 +-    4.2556041757E-05   
global crossing/step           1.50000000E-02   7.6668506265E-03 +-    8.4074857912E-05   
energy numerator(real)         1.50000000E-02   3.5123311303E+00 +-    9.9727569607E-01   
denominator psit/psigi(real)   1.50000000E-02   2.8827381732E-02 +-    1.3456483184E-02   
energy numerator(aimag)        1.50000000E-02   7.0617001345E-01 +-    7.1553543637E-01   
denominator psit/psigi(aimag)  1.50000000E-02  -8.1510528952E-03 +-    9.4929853596E-03   
growth(lin dt) energy          1.50000000E-02  -2.7138938999E+02 +-    5.9904148581E+00   
growth(global) energy          1.50000000E-02  -2.8178354305E+02 +-    1.3469106828E+01
growth energy                  1.50000000E-02  -2.7104012395E+02 +-    5.9650062395E+00
Time for propagation (sec) (min) =          21.488      0.358
Time for energies (sec) (min) =              0.755      0.013
Time for load balancing (sec) (min) =        0.028      0.000
Time for block (sec) (min) =                22.725      0.379
Time for operators (sec) (min) =             0.022      0.000
Elapsed block time (sec) (min) =           135.887      2.265
 
 walkers multiplicity, block, total
   0          54511         294693
   1         991658        5913077
   2          53709         291016
   3            452           2042
   4             87            336
   5             39            128
   6              9             42
   7              6             26
   8              2             13
   9              1              6
  10              2              4
  11              1              5
  13              1              1
  14              0              3
  15              0              1
  19              1              1
  20              1              2
 
 

iteration =                               7
walker number =                       11503
total energy-propagated        1.75000000E-02  -1.3439733255E+00 +-    2.2537275643E+00   
kinetic energy                 1.75000000E-02  -1.9123009332E+02 +-    5.1090448452E+00   
potential energy               1.75000000E-02   1.8988612000E+02 +-    5.4651026254E+00   
im energy                      1.75000000E-02  -1.2336897742E+01 +-    1.4108774196E+00   
imkin energy                   1.75000000E-02   2.9158663228E+02 +-    3.3799592565E+00   
impot energy                   1.75000000E-02  -3.0392353002E+02 +-    2.9107431503E+00   
v cent                         1.75000000E-02  -6.9903001184E+02 +-    1.2193283821E+01   
v tau                          1.75000000E-02   1.4158450449E+02 +-    1.9098558981E+00   
v sigma                        1.75000000E-02  -1.9284614980E+02 +-    2.3310049548E+00   
v sigtau                       1.75000000E-02   3.1062291193E+01 +-    2.4131062451E+00   
v tensor                       1.75000000E-02  -1.3138365879E+01 +-    6.9456279029E-01   
v tenstau                      1.75000000E-02   9.2225385182E+02 +-    1.0863180564E+01   
v ls                           1.75000000E-02   0.0000000000E+00 +-    0.0000000000E+00   
v lstau                        1.75000000E-02   0.0000000000E+00 +-    0.0000000000E+00   
vpot v6                        1.75000000E-02   1.8988612000E+02 +-    5.4651026254E+00   
vpot v8                        1.75000000E-02   1.8988612000E+02 +-    5.4651026254E+00   
v coulomb                      1.75000000E-02   8.6690479498E-01 +-    6.4628049569E-03   
v external                     1.75000000E-02   0.0000000000E+00 +-    0.0000000000E+00   
tni 2pipr-anticomm             1.75000000E-02   0.0000000000E+00 +-    0.0000000000E+00   
tni vd1pr                      1.75000000E-02   0.0000000000E+00 +-    0.0000000000E+00   
tni vepr                       1.75000000E-02   0.0000000000E+00 +-    0.0000000000E+00   
tni central                    1.75000000E-02   0.0000000000E+00 +-    0.0000000000E+00   
tni 2pixx-anticommutator       1.75000000E-02   0.0000000000E+00 +-    0.0000000000E+00   
tni 2pixd-anticommutator       1.75000000E-02   0.0000000000E+00 +-    0.0000000000E+00   
tni 2pidd-anticommutator       1.75000000E-02   0.0000000000E+00 +-    0.0000000000E+00   
tni 2pixx-commutator           1.75000000E-02   0.0000000000E+00 +-    0.0000000000E+00   
tni 2pixd-commutator           1.75000000E-02   0.0000000000E+00 +-    0.0000000000E+00   
tni 2pidd-commutator           1.75000000E-02   0.0000000000E+00 +-    0.0000000000E+00   
tni 2pi-tm                     1.75000000E-02   0.0000000000E+00 +-    0.0000000000E+00   
tni vd1                        1.75000000E-02   0.0000000000E+00 +-    0.0000000000E+00   
tni vd2                        1.75000000E-02   0.0000000000E+00 +-    0.0000000000E+00   
tni ve                         1.75000000E-02   0.0000000000E+00 +-    0.0000000000E+00   
vpottot v8+tni                 1.75000000E-02   1.8988612000E+02 +-    5.4651026254E+00   
enetot v8+tni                  1.75000000E-02  -1.3439733255E+00 +-    2.2537275643E+00   
vper cent                      1.75000000E-02  -6.9903001184E+02 +-    1.2193283821E+01   
vper tau                       1.75000000E-02   1.4158450449E+02 +-    1.9098558981E+00   
vper sigma                     1.75000000E-02  -1.9284614980E+02 +-    2.3310049548E+00   
vper sigtau                    1.75000000E-02   3.1062291193E+01 +-    2.4131062451E+00   
vper tensor                    1.75000000E-02  -1.3138365879E+01 +-    6.9456279029E-01   
vper tenstau                   1.75000000E-02   9.2225385182E+02 +-    1.0863180564E+01   
vper ls                        1.75000000E-02   0.0000000000E+00 +-    0.0000000000E+00   
vper lstau                     1.75000000E-02   0.0000000000E+00 +-    0.0000000000E+00   
vpotper v6                     1.75000000E-02   1.8988612000E+02 +-    5.4651026254E+00   
vpotper v8                     1.75000000E-02   1.8988612000E+02 +-    5.4651026254E+00   
vpotv6pr-vpotv6per diff        1.75000000E-02   0.0000000000E+00 +-    0.0000000000E+00   
vpotv8pr-vpotv8per diff        1.75000000E-02   0.0000000000E+00 +-    0.0000000000E+00   
2piapr-2pia diff               1.75000000E-02   0.0000000000E+00 +-    0.0000000000E+00   
vd1pr-vd1 diff                 1.75000000E-02   0.0000000000E+00 +-    0.0000000000E+00   
vepr-ve diff                   1.75000000E-02   0.0000000000E+00 +-    0.0000000000E+00   
diff1 2piapr-2pia-2picxx       1.75000000E-02   0.0000000000E+00 +-    0.0000000000E+00   
diff2 vd1pr-vd1-2picxd         1.75000000E-02   0.0000000000E+00 +-    0.0000000000E+00   
diff3 vepr-ve-2picdd           1.75000000E-02   0.0000000000E+00 +-    0.0000000000E+00   
sum diff1+dif2+diff3           1.75000000E-02   0.0000000000E+00 +-    0.0000000000E+00   
proton rms                     1.75000000E-02   4.1333125135E+00 +-    3.3596314519E-02   
neutron rms                    1.75000000E-02   4.4797394471E+00 +-    3.8295401605E-02   
total rms                      1.75000000E-02   4.3968519391E+00 +-    3.3455391793E-02   
neutron-proton rms             1.75000000E-02   3.4642693362E-01 +-    2.0125912633E-02   
GT sigXtau+                    1.75000000E-02   6.6293373276E-04 +-    3.8371077101E-05   
GT sigYtau+                    1.75000000E-02   1.2469241140E-02 +-    1.8099545732E-04   
GT sigZtau+                    1.75000000E-02  -9.8964881148E-04 +-    8.0790177158E-05   
GT sigXtau-                    1.75000000E-02   2.1982038995E-03 +-    9.7878178045E-05   
GT sigYtau-                    1.75000000E-02   6.7009070811E-03 +-    1.7310842703E-04   
GT sigZtau-                    1.75000000E-02   1.7168588569E-03 +-    9.1112962335E-05   
F tau+                         1.75000000E-02   2.3256111554E-18 +-    8.7042165821E-20   
F tau-                         1.75000000E-02   1.1805175937E-18 +-    1.3146853166E-19   
Psi**2                         1.75000000E-02  -1.2840368559E-04 +-    3.1072754660E-06   
single crossing/step           1.75000000E-02   8.4337031744E-03 +-    4.3597051653E-05   
global crossing/step           1.75000000E-02   8.2714204151E-03 +-    8.6358192460E-05   
energy numerator(real)         1.75000000E-02   7.0155315757E-01 +-    8.8815046971E-01   
denominator psit/psigi(real)   1.75000000E-02   2.1679798998E-03 +-    1.3457947876E-02   
energy numerator(aimag)        1.75000000E-02   1.5673567918E-01 +-    6.1132019647E-01   
denominator psit/psigi(aimag)  1.75000000E-02  -1.0731811783E-02 +-    9.5659446186E-03   
growth(lin dt) energy          1.75000000E-02  -2.8348461642E+02 +-    5.9451920868E+00   
growth(global) energy          1.75000000E-02  -2.7749011209E+02 +-    1.3181013714E+01
growth energy                  1.75000000E-02  -2.8308313288E+02 +-    5.9181966560E+00
Time for propagation (sec) (min) =          21.960      0.366
Time for energies (sec) (min) =              0.805      0.013
Time for load balancing (sec) (min) =        0.028      0.000
Time for block (sec) (min) =                23.288      0.388
Time for operators (sec) (min) =             0.018      0.000
Elapsed block time (sec) (min) =           159.193      2.653
 
 walkers multiplicity, block, total
   0          56248         350941
   1        1011858        6924935
   2          55329         346345
   3            544           2586
   4             79            415
   5             28            156
   6             14             56
   7              5             31
   8              3             16
   9              3              9
  10              2              6
  11              1              6
  13              0              1
  14              0              3
  15              1              2
  19              0              1
  20              0              2
 
 

iteration =                               8
walker number =                       11983
total energy-propagated        2.00000000E-02  -7.7290034550E+01 +-    1.2115968338E+00   
kinetic energy                 2.00000000E-02  -2.2829086955E+02 +-    4.2866159068E+00   
potential energy               2.00000000E-02   1.5100083500E+02 +-    4.5439797642E+00   
im energy                      2.00000000E-02  -5.1043084921E+00 +-    7.2143300533E-01   
imkin energy                   2.00000000E-02  -2.5737369567E+00 +-    1.6314924350E+00   
impot energy                   2.00000000E-02  -2.5305715354E+00 +-    1.1687206843E+00   
v cent                         2.00000000E-02   5.5247420897E+01 +-    4.2015684146E+00   
v tau                          2.00000000E-02   6.6819134896E+01 +-    8.2177505152E-01   
v sigma                        2.00000000E-02  -1.8814848883E+02 +-    1.5594127917E+00   
v sigtau                       2.00000000E-02  -1.9157954536E+02 +-    1.3403421124E+00   
v tensor                       2.00000000E-02  -1.8393824268E+01 +-    2.9925596761E-01   
v tenstau                      2.00000000E-02   4.2705613766E+02 +-    4.7948354603E+00   
v ls                           2.00000000E-02   0.0000000000E+00 +-    0.0000000000E+00   
v lstau                        2.00000000E-02   0.0000000000E+00 +-    0.0000000000E+00   
vpot v6                        2.00000000E-02   1.5100083500E+02 +-    4.5439797642E+00   
vpot v8                        2.00000000E-02   1.5100083500E+02 +-    4.5439797642E+00   
v coulomb                      2.00000000E-02   8.2670417161E-01 +-    5.2213542281E-03   
v external                     2.00000000E-02   0.0000000000E+00 +-    0.0000000000E+00   
tni 2pipr-anticomm             2.00000000E-02   0.0000000000E+00 +-    0.0000000000E+00   
tni vd1pr                      2.00000000E-02   0.0000000000E+00 +-    0.0000000000E+00   
tni vepr                       2.00000000E-02   0.0000000000E+00 +-    0.0000000000E+00   
tni central                    2.00000000E-02   0.0000000000E+00 +-    0.0000000000E+00   
tni 2pixx-anticommutator       2.00000000E-02   0.0000000000E+00 +-    0.0000000000E+00   
tni 2pixd-anticommutator       2.00000000E-02   0.0000000000E+00 +-    0.0000000000E+00   
tni 2pidd-anticommutator       2.00000000E-02   0.0000000000E+00 +-    0.0000000000E+00   
tni 2pixx-commutator           2.00000000E-02   0.0000000000E+00 +-    0.0000000000E+00   
tni 2pixd-commutator           2.00000000E-02   0.0000000000E+00 +-    0.0000000000E+00   
tni 2pidd-commutator           2.00000000E-02   0.0000000000E+00 +-    0.0000000000E+00   
tni 2pi-tm                     2.00000000E-02   0.0000000000E+00 +-    0.0000000000E+00   
tni vd1                        2.00000000E-02   0.0000000000E+00 +-    0.0000000000E+00   
tni vd2                        2.00000000E-02   0.0000000000E+00 +-    0.0000000000E+00   
tni ve                         2.00000000E-02   0.0000000000E+00 +-    0.0000000000E+00   
vpottot v8+tni                 2.00000000E-02   1.5100083500E+02 +-    4.5439797642E+00   
enetot v8+tni                  2.00000000E-02  -7.7290034550E+01 +-    1.2115968338E+00   
vper cent                      2.00000000E-02   5.5247420897E+01 +-    4.2015684146E+00   
vper tau                       2.00000000E-02   6.6819134896E+01 +-    8.2177505152E-01   
vper sigma                     2.00000000E-02  -1.8814848883E+02 +-    1.5594127917E+00   
vper sigtau                    2.00000000E-02  -1.9157954536E+02 +-    1.3403421124E+00   
vper tensor                    2.00000000E-02  -1.8393824268E+01 +-    2.9925596761E-01   
vper tenstau                   2.00000000E-02   4.2705613766E+02 +-    4.7948354603E+00   
vper ls                        2.00000000E-02   0.0000000000E+00 +-    0.0000000000E+00   
vper lstau                     2.00000000E-02   0.0000000000E+00 +-    0.0000000000E+00   
vpotper v6                     2.00000000E-02   1.5100083500E+02 +-    4.5439797642E+00   
vpotper v8                     2.00000000E-02   1.5100083500E+02 +-    4.5439797642E+00   
vpotv6pr-vpotv6per diff        2.00000000E-02   0.0000000000E+00 +-    0.0000000000E+00   
vpotv8pr-vpotv8per diff        2.00000000E-02   0.0000000000E+00 +-    0.0000000000E+00   
2piapr-2pia diff               2.00000000E-02   0.0000000000E+00 +-    0.0000000000E+00   
vd1pr-vd1 diff                 2.00000000E-02   0.0000000000E+00 +-    0.0000000000E+00   
vepr-ve diff                   2.00000000E-02   0.0000000000E+00 +-    0.0000000000E+00   
diff1 2piapr-2pia-2picxx       2.00000000E-02   0.0000000000E+00 +-    0.0000000000E+00   
diff2 vd1pr-vd1-2picxd         2.00000000E-02   0.0000000000E+00 +-    0.0000000000E+00   
diff3 vepr-ve-2picdd           2.00000000E-02   0.0000000000E+00 +-    0.0000000000E+00   
sum diff1+dif2+diff3           2.00000000E-02   0.0000000000E+00 +-    0.0000000000E+00   
proton rms                     2.00000000E-02   1.4063215127E+00 +-    1.2936255315E-02   
neutron rms                    2.00000000E-02   1.4602208103E+00 +-    3.0551829211E-02   
total rms                      2.00000000E-02   1.3671797185E+00 +-    1.8660425410E-02   
neutron-proton rms             2.00000000E-02   5.3899297602E-02 +-    2.3780669400E-02   
GT sigXtau+                    2.00000000E-02   2.0017005285E-03 +-    5.7312240824E-05   
GT sigYtau+                    2.00000000E-02  -1.4849111770E-03 +-    7.4326650570E-05   
GT sigZtau+                    2.00000000E-02   5.7800752920E-04 +-    6.2931783771E-05   
GT sigXtau-                    2.00000000E-02  -7.9280886824E-03 +-    7.9657829745E-05   
GT sigYtau-                    2.00000000E-02   2.9705087792E-03 +-    6.8391573272E-05   
GT sigZtau-                    2.00000000E-02   2.5199164739E-03 +-    5.8881630690E-05   
F tau+                         2.00000000E-02  -2.0057258733E-19 +-    6.6115429405E-20   
F tau-                         2.00000000E-02  -1.7384414796E-18 +-    8.4683877928E-20   
Psi**2                         2.00000000E-02  -1.1164420816E-04 +-    2.6861795248E-06   
single crossing/step           2.00000000E-02   8.3155085327E-03 +-    4.3327399865E-05   
global crossing/step           2.00000000E-02   8.0587221325E-03 +-    8.5317383395E-05   
energy numerator(real)         2.00000000E-02   2.1601284205E+00 +-    9.0061493917E-01   
denominator psit/psigi(real)   2.00000000E-02  -2.1512833534E-02 +-    1.3065717454E-02   
energy numerator(aimag)        2.00000000E-02  -2.7774051950E-01 +-    6.1353072441E-01   
denominator psit/psigi(aimag)  2.00000000E-02  -1.0105960644E-02 +-    9.1128076973E-03   
growth(lin dt) energy          2.00000000E-02  -2.7384161208E+02 +-    5.8204644181E+00   
growth(global) energy          2.00000000E-02  -2.6949533857E+02 +-    1.1469130088E+01
growth energy                  2.00000000E-02  -2.7348205235E+02 +-    5.7954351256E+00
Time for propagation (sec) (min) =          21.928      0.365
Time for energies (sec) (min) =              0.838      0.014
Time for load balancing (sec) (min) =        0.027      0.000
Time for block (sec) (min) =                23.259      0.388
Time for operators (sec) (min) =             0.022      0.000
Elapsed block time (sec) (min) =           182.474      3.041
 
 walkers multiplicity, block, total
   0          56062         407003
   1        1010488        7935423
   2          55118         401463
   3            455           3041
   4             83            498
   5             32            188
   6              9             65
   7              8             39
   8              4             20
   9              2             11
  10              0              6
  11              0              6
  13              0              1
  14              0              3
  15              0              2
  19              0              1
  20              0              2
 
 

iteration =                               9
walker number =                       10890
total energy-propagated        2.25000000E-02  -4.8124775252E+01 +-    1.9521950323E+00   
kinetic energy                 2.25000000E-02   3.0954087915E+02 +-    8.4221800357E+00   
potential energy               2.25000000E-02  -3.5766565440E+02 +-    8.2997927923E+00   
im energy                      2.25000000E-02  -7.4737549339E+00 +-    1.3632719705E+00   
imkin energy                   2.25000000E-02  -1.9672875824E+02 +-    2.3975247362E+00   
impot energy                   2.25000000E-02   1.8925500331E+02 +-    2.2965373111E+00   
v cent                         2.25000000E-02   4.8768624637E+02 +-    6.6538643971E+00   
v tau                          2.25000000E-02  -7.8703188863E+01 +-    8.0740714497E-01   
v sigma                        2.25000000E-02   2.8130253120E+00 +-    2.0238506609E+00   
v sigtau                       2.25000000E-02  -3.1682820167E+02 +-    3.0363259458E+00   
v tensor                       2.25000000E-02   2.3218703696E+01 +-    3.1424989801E-01   
v tenstau                      2.25000000E-02  -4.7585223925E+02 +-    6.2166240285E+00   
v ls                           2.25000000E-02   0.0000000000E+00 +-    0.0000000000E+00   
v lstau                        2.25000000E-02   0.0000000000E+00 +-    0.0000000000E+00   
vpot v6                        2.25000000E-02  -3.5766565440E+02 +-    8.2997927923E+00   
vpot v8                        2.25000000E-02  -3.5766565440E+02 +-    8.2997927923E+00   
v coulomb                      2.25000000E-02   1.0293517696E+00 +-    1.2461451109E-02   
v external                     2.25000000E-02   0.0000000000E+00 +-    0.0000000000E+00   
tni 2pipr-anticomm             2.25000000E-02   0.0000000000E+00 +-    0.0000000000E+00   
tni vd1pr                      2.25000000E-02   0.0000000000E+00 +-    0.0000000000E+00   
tni vepr                       2.25000000E-02   0.0000000000E+00 +-    0.0000000000E+00   
tni central                    2.25000000E-02   0.0000000000E+00 +-    0.0000000000E+00   
tni 2pixx-anticommutator       2.25000000E-02   0.0000000000E+00 +-    0.0000000000E+00   
tni 2pixd-anticommutator       2.25000000E-02   0.0000000000E+00 +-    0.0000000000E+00   
tni 2pidd-anticommutator       2.25000000E-02   0.0000000000E+00 +-    0.0000000000E+00   
tni 2pixx-commutator           2.25000000E-02   0.0000000000E+00 +-    0.0000000000E+00   
tni 2pixd-commutator           2.25000000E-02   0.0000000000E+00 +-    0.0000000000E+00   
tni 2pidd-commutator           2.25000000E-02   0.0000000000E+00 +-    0.0000000000E+00   
tni 2pi-tm                     2.25000000E-02   0.0000000000E+00 +-    0.0000000000E+00   
tni vd1                        2.25000000E-02   0.0000000000E+00 +-    0.0000000000E+00   
tni vd2                        2.25000000E-02   0.0000000000E+00 +-    0.0000000000E+00   
tni ve                         2.25000000E-02   0.0000000000E+00 +-    0.0000000000E+00   
vpottot v8+tni                 2.25000000E-02  -3.5766565440E+02 +-    8.2997927923E+00   
enetot v8+tni                  2.25000000E-02  -4.8124775252E+01 +-    1.9521950323E+00   
vper cent                      2.25000000E-02   4.8768624637E+02 +-    6.6538643971E+00   
vper tau                       2.25000000E-02  -7.8703188863E+01 +-    8.0740714497E-01   
vper sigma                     2.25000000E-02   2.8130253120E+00 +-    2.0238506609E+00   
vper sigtau                    2.25000000E-02  -3.1682820167E+02 +-    3.0363259458E+00   
vper tensor                    2.25000000E-02   2.3218703696E+01 +-    3.1424989801E-01   
vper tenstau                   2.25000000E-02  -4.7585223925E+02 +-    6.2166240285E+00   
vper ls                        2.25000000E-02   0.0000000000E+00 +-    0.0000000000E+00   
vper lstau                     2.25000000E-02   0.0000000000E+00 +-    0.0000000000E+00   
vpotper v6                     2.25000000E-02  -3.5766565440E+02 +-    8.2997927923E+00   
vpotper v8                     2.25000000E-02  -3.5766565440E+02 +-    8.2997927923E+00   
vpotv6pr-vpotv6per diff        2.25000000E-02   0.0000000000E+00 +-    0.0000000000E+00   
vpotv8pr-vpotv8per diff        2.25000000E-02   0.0000000000E+00 +-    0.0000000000E+00   
2piapr-2pia diff               2.25000000E-02   0.0000000000E+00 +-    0.0000000000E+00   
vd1pr-vd1 diff                 2.25000000E-02   0.0000000000E+00 +-    0.0000000000E+00   
vepr-ve diff                   2.25000000E-02   0.0000000000E+00 +-    0.0000000000E+00   
diff1 2piapr-2pia-2picxx       2.25000000E-02   0.0000000000E+00 +-    0.0000000000E+00   
diff2 vd1pr-vd1-2picxd         2.25000000E-02   0.0000000000E+00 +-    0.0000000000E+00   
diff3 vepr-ve-2picdd           2.25000000E-02   0.0000000000E+00 +-    0.0000000000E+00   
sum diff1+dif2+diff3           2.25000000E-02   0.0000000000E+00 +-    0.0000000000E+00   
proton rms                     2.25000000E-02  -1.9452958013E+00 +-    3.2516385783E-02   
neutron rms                    2.25000000E-02  -1.4824091765E+00 +-    3.1486775921E-02   
total rms                      2.25000000E-02  -1.6764808177E+00 +-    3.0025574452E-02   
neutron-proton rms             2.25000000E-02   4.6288662481E-01 +-    1.8176568872E-02   
GT sigXtau+                    2.25000000E-02   3.8883764105E-03 +-    8.3564090365E-05   
GT sigYtau+                    2.25000000E-02  -1.6249352163E-03 +-    5.8695621847E-05   
GT sigZtau+                    2.25000000E-02  -4.9739562372E-03 +-    8.6099771096E-05   
GT sigXtau-                    2.25000000E-02  -9.8195341416E-04 +-    1.4183237977E-04   
GT sigYtau-                    2.25000000E-02  -2.3081636744E-03 +-    7.5596204764E-05   
GT sigZtau-                    2.25000000E-02   1.0550762839E-03 +-    8.8606371886E-05   
F tau+                         2.25000000E-02   6.0763930796E-18 +-    8.4896855116E-20   
F tau-                         2.25000000E-02  -2.9329499720E-18 +-    1.5499025965E-19   
Psi**2                         2.25000000E-02   3.3839330618E-04 +-    1.4103502123E-06   
single crossing/step           2.25000000E-02   8.2975713774E-03 +-    4.3511568423E-05   
global crossing/step           2.25000000E-02   8.0987830658E-03 +-    8.5983009448E-05   
energy numerator(real)         2.25000000E-02   3.0400953536E-01 +-    9.2914386991E-01   
denominator psit/psigi(real)   2.25000000E-02  -8.6614197402E-03 +-    1.3543983182E-02   
energy numerator(aimag)        2.25000000E-02  -5.6768381280E-01 +-    6.4330189288E-01   
denominator psit/psigi(aimag)  2.25000000E-02   9.7035432126E-03 +-    9.3250906739E-03   
growth(lin dt) energy          2.25000000E-02  -2.7586764278E+02 +-    5.9439021897E+00   
growth(global) energy          2.25000000E-02  -2.8423944459E+02 +-    1.2111913188E+01
growth energy                  2.25000000E-02  -2.7549946595E+02 +-    5.9180345317E+00
Time for propagation (sec) (min) =          21.698      0.362
Time for energies (sec) (min) =              0.762      0.013
Time for load balancing (sec) (min) =        0.030      0.001
Time for block (sec) (min) =                23.039      0.384
Time for operators (sec) (min) =             0.019      0.000
Elapsed block time (sec) (min) =           205.541      3.426
 
 walkers multiplicity, block, total
   0          57966         464969
   1        1008630        8944053
   2          55430         456893
   3            452           3493
   4             94            592
   5             32            220
   6             10             75
   7              8             47
   8              1             21
   9              0             11
  10              0              6
  11              0              6
  12              1              1
  13              0              1
  14              1              4
  15              0              2
  19              0              1
  20              0              2
 
 

iteration =                              10
walker number =                       11004
total energy-propagated        2.50000000E-02  -3.7711247934E+01 +-    1.5391747451E+00   
kinetic energy                 2.50000000E-02   2.1490206384E+02 +-    4.9883051752E+00   
potential energy               2.50000000E-02  -2.5261331178E+02 +-    5.1188713173E+00   
im energy                      2.50000000E-02  -2.6135341881E+00 +-    8.7251586914E-01   
imkin energy                   2.50000000E-02  -3.7481151557E+01 +-    1.4021052562E+00   
impot energy                   2.50000000E-02   3.4867617369E+01 +-    1.5124638699E+00   
v cent                         2.50000000E-02   3.1843882208E+02 +-    4.9035879162E+00   
v tau                          2.50000000E-02  -6.0970346450E+01 +-    2.2496878329E+00   
v sigma                        2.50000000E-02  -7.8976286907E+01 +-    1.2492834791E+00   
v sigtau                       2.50000000E-02  -2.3540963167E+02 +-    1.1268415256E+00   
v tensor                       2.50000000E-02   1.4771505604E+01 +-    7.9483313249E-01   
v tenstau                      2.50000000E-02  -2.1046737443E+02 +-    4.4209372820E+00   
v ls                           2.50000000E-02   0.0000000000E+00 +-    0.0000000000E+00   
v lstau                        2.50000000E-02   0.0000000000E+00 +-    0.0000000000E+00   
vpot v6                        2.50000000E-02  -2.5261331178E+02 +-    5.1188713173E+00   
vpot v8                        2.50000000E-02  -2.5261331178E+02 +-    5.1188713173E+00   
v coulomb                      2.50000000E-02   1.1511420648E+00 +-    1.0541846661E-02   
v external                     2.50000000E-02   0.0000000000E+00 +-    0.0000000000E+00   
tni 2pipr-anticomm             2.50000000E-02   0.0000000000E+00 +-    0.0000000000E+00   
tni vd1pr                      2.50000000E-02   0.0000000000E+00 +-    0.0000000000E+00   
tni vepr                       2.50000000E-02   0.0000000000E+00 +-    0.0000000000E+00   
tni central                    2.50000000E-02   0.0000000000E+00 +-    0.0000000000E+00   
tni 2pixx-anticommutator       2.50000000E-02   0.0000000000E+00 +-    0.0000000000E+00   
tni 2pixd-anticommutator       2.50000000E-02   0.0000000000E+00 +-    0.0000000000E+00   
tni 2pidd-anticommutator       2.50000000E-02   0.0000000000E+00 +-    0.0000000000E+00   
tni 2pixx-commutator           2.50000000E-02   0.0000000000E+00 +-    0.0000000000E+00   
tni 2pixd-commutator           2.50000000E-02   0.0000000000E+00 +-    0.0000000000E+00   
tni 2pidd-commutator           2.50000000E-02   0.0000000000E+00 +-    0.0000000000E+00   
tni 2pi-tm                     2.50000000E-02   0.0000000000E+00 +-    0.0000000000E+00   
tni vd1                        2.50000000E-02   0.0000000000E+00 +-    0.0000000000E+00   
tni vd2                        2.50000000E-02   0.0000000000E+00 +-    0.0000000000E+00   
tni ve                         2.50000000E-02   0.0000000000E+00 +-    0.0000000000E+00   
vpottot v8+tni                 2.50000000E-02  -2.5261331178E+02 +-    5.1188713173E+00   
enetot v8+tni                  2.50000000E-02  -3.7711247934E+01 +-    1.5391747451E+00   
vper cent                      2.50000000E-02   3.1843882208E+02 +-    4.9035879162E+00   
vper tau                       2.50000000E-02  -6.0970346450E+01 +-    2.2496878329E+00   
vper sigma                     2.50000000E-02  -7.8976286907E+01 +-    1.2492834791E+00   
vper sigtau                    2.50000000E-02  -2.3540963167E+02 +-    1.1268415256E+00   
vper tensor                    2.50000000E-02   1.4771505604E+01 +-    7.9483313249E-01   
vper tenstau                   2.50000000E-02  -2.1046737443E+02 +-    4.4209372820E+00   
vper ls                        2.50000000E-02   0.0000000000E+00 +-    0.0000000000E+00   
vper lstau                     2.50000000E-02   0.0000000000E+00 +-    0.0000000000E+00   
vpotper v6                     2.50000000E-02  -2.5261331178E+02 +-    5.1188713173E+00   
vpotper v8                     2.50000000E-02  -2.5261331178E+02 +-    5.1188713173E+00   
vpotv6pr-vpotv6per diff        2.50000000E-02   0.0000000000E+00 +-    0.0000000000E+00   
vpotv8pr-vpotv8per diff        2.50000000E-02   0.0000000000E+00 +-    0.0000000000E+00   
2piapr-2pia diff               2.50000000E-02   0.0000000000E+00 +-    0.0000000000E+00   
vd1pr-vd1 diff                 2.50000000E-02   0.0000000000E+00 +-    0.0000000000E+00   
vepr-ve diff                   2.50000000E-02   0.0000000000E+00 +-    0.0000000000E+00   
diff1 2piapr-2pia-2picxx       2.50000000E-02   0.0000000000E+00 +-    0.0000000000E+00   
diff2 vd1pr-vd1-2picxd         2.50000000E-02   0.0000000000E+00 +-    0.0000000000E+00   
diff3 vepr-ve-2picdd           2.50000000E-02   0.0000000000E+00 +-    0.0000000000E+00   
sum diff1+dif2+diff3           2.50000000E-02   0.0000000000E+00 +-    0.0000000000E+00   
proton rms                     2.50000000E-02   2.0066898111E-01 +-    8.5468618807E-03   
neutron rms                    2.50000000E-02  -4.9986850049E-01 +-    2.1825006230E-02   
total rms                      2.50000000E-02  -1.2213391309E-01 +-    1.1848362843E-02   
neutron-proton rms             2.50000000E-02  -7.0053748160E-01 +-    2.1172635976E-02   
GT sigXtau+                    2.50000000E-02   4.4657826996E-04 +-    6.6247510252E-05   
GT sigYtau+                    2.50000000E-02  -7.3458146734E-03 +-    7.7254616600E-05   
GT sigZtau+                    2.50000000E-02   4.2106709112E-03 +-    5.2357657798E-05   
GT sigXtau-                    2.50000000E-02  -2.4117438067E-04 +-    7.1041820844E-05   
GT sigYtau-                    2.50000000E-02  -5.2031217030E-03 +-    7.6055520353E-05   
GT sigZtau-                    2.50000000E-02  -2.0319215359E-03 +-    6.5339901207E-05   
F tau+                         2.50000000E-02  -3.1823774965E-18 +-    1.3477579072E-19   
F tau-                         2.50000000E-02   2.4589689668E-18 +-    1.4617898538E-19   
Psi**2                         2.50000000E-02   2.4519609025E-04 +-    1.5969330685E-06   
single crossing/step           2.50000000E-02   8.3724547342E-03 +-    4.3680297998E-05   
global crossing/step           2.50000000E-02   8.2079104438E-03 +-    8.6505061212E-05   
energy numerator(real)         2.50000000E-02   5.5834027320E-01 +-    9.4014270725E-01   
denominator psit/psigi(real)   2.50000000E-02  -1.7920659493E-02 +-    1.3898327641E-02   
energy numerator(aimag)        2.50000000E-02  -6.2467570656E-01 +-    6.6604489738E-01   
denominator psit/psigi(aimag)  2.50000000E-02   1.1856522447E-02 +-    9.5852074198E-03   
growth(lin dt) energy          2.50000000E-02  -2.6155655826E+02 +-    5.8577894792E+00   
growth(global) energy          2.50000000E-02  -2.5861588309E+02 +-    1.2116857437E+01
growth energy                  2.50000000E-02  -2.6124706983E+02 +-    5.8343811570E+00
Time for propagation (sec) (min) =          21.726      0.362
Time for energies (sec) (min) =              0.770      0.013
Time for load balancing (sec) (min) =        0.028      0.000
Time for block (sec) (min) =                22.995      0.383
Time for operators (sec) (min) =             0.030      0.000
Elapsed block time (sec) (min) =           228.566      3.809
 
 walkers multiplicity, block, total
   0          55607         520576
   1        1001338        9945391
   2          54367         511260
   3            442           3935
   4             71            663
   5             24            244
   6             10             85
   7              6             53
   8              4             25
   9              1             12
  10              0              6
  11              0              6
  12              0              1
  13              1              2
  14              1              5
  15              1              3
  19              0              1
  20              0              2
 
 

Time for steps      =     228.575 seconds,        3.810 minutes
Master Time for steps =     228.511 seconds,        3.809 minutes

Number of cpus =       100
Total job time =     233.572 seconds,        3.893 minutes,        0.065 hours
Total cpu-time =     389.287 minutes,        6.488 hours
Total time =         233.347 seconds,        3.889 minutes,        0.065 hours
Finished!
