Unconstrained Diffusion Monte Carlo Run -- no drift
!-!-!-!-!-!-!-!-!-!-!-!-!-!-!-!-!-!-!-!-!-!-!-!-!-!
MPI parameters:
Number of boss cpus =                         100
Number of worker cpus for each boss =           0
Total number of cpus =                        100
Simulation parameters:
random number seed =                          321
hbar^2/2m =                              20.73554
start from sites =                              F
nwalk =                                     10000
equilibration blocks =                          0
averaging blocks =                             10
nsteps/blocks =                               100
time step =                          0.0000250000
time step rotations (vmc) =          0.1700000000
trial energy =                          -26.00000
drift cutoff =                            0.00000
drastic population control up =           1.20000
drastic population control down =         0.80000
rebalance if walkers fluctuate more than   2.00 %
weight cut off =                         20.00000
table size =                                 8000
!-!-!-!-!-!-!-!-!-!-!-!-!-!-!-!-!-!-!-!-!-!-!-!-!-!
System parameters:
lpot =                                         11
lpotper =                                      11
potential  =                          argonne v6'
potentialpr =                         argonne v6'
Coulomb included in energy-propagation          F
multiply central v by =                   1.00000
multiply tau v by =                       1.00000
multiply sigma v by =                     1.00000
multiply sigma tau v by =                 1.00000
multiply tensor v by =                    1.00000
multiply tensor tau v by =                1.00000
multiply spin-orbit v by =                0.00000
multiply spin-orbit tau v by =            0.00000
three-body potential =                        no3
ibox (0 is nearest image) =                     0
!-!-!-!-!-!-!-!-!-!-!-!-!-!-!-!-!-!-!-!-!-!-!-!-!-!
propagate LS =                                  F
calculate LS =                                  F
type of correlations =           independent pair
scale orbital   1 with factor    1.14000
determinant # 1
coefficient                     1.00000   0.00000
1  1  0  1  alpha.orb    # 2J,2M,L,tau radial_file for state                    
1 -1  0  1  alpha.orb    # 2J,2M,L,tau radial_file for state                    
1  1  0 -1  alpha.orb    # 2J,2M,L,tau radial_file for state                    
1 -1  0 -1  alpha.orb    # 2J,2M,L,tau radial_file for state                    
rescaled coefficient            1.00000   0.00000
!-!-!-!-!-!-!-!-!-!-!-!-!-!-!-!-!-!-!-!-!-!-!-!-!-!
No external potential
!-!-!-!-!-!-!-!-!-!-!-!-!-!-!-!-!-!-!-!-!-!-!-!-!-!
rcut in pair sampling =                   1.00000
acut in pair sampling =                   5.00000
a constant in psig =                      0.20000
Number of protons =                             2
Number of neutrons =                            2
range of the potential =                 20.00000
!-!-!-!-!-!-!-!-!-!-!-!-!-!-!-!-!-!-!-!-!-!-!-!-!-!
do V3 =                                         F
three body force =                            no3
three body a2piPwa =                      0.000000000000000
three body a2piPwc =                      0.000000000000000
three body a2piSw =                       0.000000000000000
three body Vd,C,c3 =                      0.000000000000000
three body Ve,C,c3 =                      0.000000000000000
three body A_R =                          0.000000000000000
three body Vd1 =                          0.000000000000000
three body Vd2 =                          0.000000000000000
three body Ve =                           0.000000000000000
propagator: multiply the antic by =       0.000000000000000
propagator: multiply the Vd1 by =         0.000000000000000
propagator: multiply the Ve by =          0.000000000000000
propagator: three body a2piPW =           0.000000000000000
!-!-!-!-!-!-!-!-!-!-!-!-!-!-!-!-!-!-!-!-!-!-!-!-!-!
jastrow healing distance dc =             4.47768
jastrow healing distance dtn =           11.57317
jastrow rho =                             0.01000
potential quencher acn (v1) =             1.50851
potential quencher at  (v2) =             6.06936
potential quencher as  (v3) =             2.76780
potential quencher ast (v4) =             0.80880
potential quencher atn (v5) =             0.61864
potential quencher atn (v6) =             0.20141
potential quencher als (v7) =             0.00000
potential quencher alst (v8) =            0.00000
correlation quencher bt (f2) =            0.26685
correlation quencher bs (f3) =           -0.10565
correlation quencher bst (f4) =           0.42277
correlation quencher btn (f5) =           1.08683
correlation quencher btn (f6) =           4.44810
correlation quencher bls (f7) =           0.00000
correlation quencher blst (f8) =          0.00000
!-!-!-!-!-!-!-!-!-!-!-!-!-!-!-!-!-!-!-!-!-!-!-!-!-!
q1c parameter in f3c =                   12.87526
q2c parameter in f3c =                    1.60340
q1p parameter in f3p =                   -1.81620
q2p parameter in f3p =                    2.14789
!-!-!-!-!-!-!-!-!-!-!-!-!-!-!-!-!-!-!-!-!-!-!-!-!-!
rscal parameter in Uijk cent =            1.00000
rscal parameter in Uijk xpi =             1.00000
rscal parameter in Uijk delta =           1.00000
eps_c parameter in Uijk =                 0.00000
eps_anti parameter in Uijk =              0.00000
eps_tm parameter in Uijk =                0.00000
eps_vd1 parameter in Uijk =               0.00000
eps_vd2 parameter in Uijk =               0.00000
eps_vdc3 parameter in Uijk =              0.00000
eps_vec3 parameter in Uijk =              0.00000
eps_ve parameter in Uijk =                0.00000
eps_comm parameter in Uijk =              0.00000
eps_comm-XD parameter in Uijk =           0.00000
eps_comm-DD parameter in Uijk =           0.00000
TNI-comm correlation included =                 F
!-!-!-!-!-!-!-!-!-!-!-!-!-!-!-!-!-!-!-!-!-!-!-!-!-!
CSB correlation rscalpp =                 1.00000
CSB correlation rscalnn =                 1.00000
CSB correlation quencher pp =             0.00000
CSB correlation quencher nn =             0.00000
CSB correlation included =                      F
!-!-!-!-!-!-!-!-!-!-!-!-!-!-!-!-!-!-!-!-!-!-!-!-!-!
jastrow initialized
!-!-!-!-!-!-!-!-!-!-!-!-!-!-!-!-!-!-!-!-!-!-!-!-!-!
Symmetrize V6 in the propagator =               T
New propagation of Vlstau and commutator included!
Coulomb included in energy (and propag)         F
Initial walkers from file
Number of walkers =                          8866
Configurations at tau =              1.5625000000
Reset tau =                          0.0000000000
!-!-!-!-!-!-!-!-!-!-!-!-!-!-!-!-!-!-!-!-!-!-!-!-!-!
Time for reading configurations (sec.) =       0.76
!-!-!-!-!-!-!-!-!-!-!-!-!-!-!-!-!-!-!-!-!-!-!-!-!-!
Initial configurations:
total energy-propagated        0.00000000E+00  -2.5894298262E+01 +-    3.5878296537E-01   
kinetic energy                 0.00000000E+00   1.0768844316E+02 +-    1.7529498712E+00   
potential energy               0.00000000E+00  -1.3358274142E+02 +-    1.7568436590E+00   
v cent                         0.00000000E+00   1.7822206093E+01 +-    1.6239367677E+00   
v tau                          0.00000000E+00  -7.6646905825E+00 +-    2.3167517791E-01   
v sigma                        0.00000000E+00  -8.7478920767E+00 +-    2.4173055866E-01   
v sigtau                       0.00000000E+00  -6.1385639732E+01 +-    5.6105400548E-01   
v tensor                       0.00000000E+00   6.5687576280E-01 +-    1.3199087368E-01   
v tenstau                      0.00000000E+00  -7.4263600882E+01 +-    9.7558855259E-01   
v ls                           0.00000000E+00   0.0000000000E+00 +-    0.0000000000E+00   
v lstau                        0.00000000E+00   0.0000000000E+00 +-    0.0000000000E+00   
v coulomb                      0.00000000E+00   7.4520349492E-01 +-    2.8062656253E-03   
v external                     0.00000000E+00   0.0000000000E+00 +-    0.0000000000E+00   
tni 2pipr-anticomm             0.00000000E+00   0.0000000000E+00 +-    0.0000000000E+00   
tni vd1pr                      0.00000000E+00   0.0000000000E+00 +-    0.0000000000E+00   
tni vepr                       0.00000000E+00   0.0000000000E+00 +-    0.0000000000E+00   
tni central                    0.00000000E+00   0.0000000000E+00 +-    0.0000000000E+00   
tni 2pixx-anticommutator       0.00000000E+00   0.0000000000E+00 +-    0.0000000000E+00   
tni 2pixd-anticommutator       0.00000000E+00   0.0000000000E+00 +-    0.0000000000E+00   
tni 2pidd-anticommutator       0.00000000E+00   0.0000000000E+00 +-    0.0000000000E+00   
tni 2pixx-commutator           0.00000000E+00   0.0000000000E+00 +-    0.0000000000E+00   
tni 2pixd-commutator           0.00000000E+00   0.0000000000E+00 +-    0.0000000000E+00   
tni 2pidd-commutator           0.00000000E+00   0.0000000000E+00 +-    0.0000000000E+00   
tni 2pi-tm                     0.00000000E+00   0.0000000000E+00 +-    0.0000000000E+00   
tni vd1                        0.00000000E+00   0.0000000000E+00 +-    0.0000000000E+00   
tni vd2                        0.00000000E+00   0.0000000000E+00 +-    0.0000000000E+00   
tni ve                         0.00000000E+00   0.0000000000E+00 +-    0.0000000000E+00   
enetot v8+tni                  0.00000000E+00  -2.5894298262E+01 +-    3.5878296537E-01   
!-!-!-!-!-!-!-!-!-!-!-!-!-!-!-!-!-!-!-!-!-!-!-!-!-!
Psi**2 of initial configurations  =   0.2758982E-04  0.0000000E+00  +-    0.6807170E-06  0.0000000E+00
Psig**2 of initial configurations =   0.1732401E-04  0.0000000E+00  +-    0.5015956E-06  0.0000000E+00
!-!-!-!-!-!-!-!-!-!-!-!-!-!-!-!-!-!-!-!-!-!-!-!-!-!
T**2 of initial configurations  =  -0.1678513E-07 -0.1049813E-08
Tz of initial configurations    =  -0.2424905E-13 -0.1217259E-14
J**2 of initial configurations  =   0.2988067E-07 -0.1775432E-08
Jz of initial configurations    =   0.4341406E-14 -0.2032560E-13
!-!-!-!-!-!-!-!-!-!-!-!-!-!-!-!-!-!-!-!-!-!-!-!-!-!
!-!-!-!-!-!-!-!-!-!-!-!-!-!-!-!-!-!-!-!-!-!-!-!-!-!
Time to process initial configurations (sec.) =       1.53
!-!-!-!-!-!-!-!-!-!-!-!-!-!-!-!-!-!-!-!-!-!-!-!-!-!

equilibration done

iteration =                               1
walker number =                       11699
total energy-propagated        2.50000000E-03  -2.4703880480E+01 +-    3.1623227950E-01   
kinetic energy                 2.50000000E-03   1.0556303787E+02 +-    1.4603560147E+00   
potential energy               2.50000000E-03  -1.3026691835E+02 +-    1.4304372937E+00   
im energy                      2.50000000E-03  -1.6074960406E-01 +-    2.0407080235E-01   
imkin energy                   2.50000000E-03  -3.7768931850E-02 +-    4.8663787336E-01   
impot energy                   2.50000000E-03  -1.2298067221E-01 +-    5.3657868639E-01   
v cent                         2.50000000E-03   1.7160205876E+01 +-    1.2693778265E+00   
v tau                          2.50000000E-03  -7.1137711135E+00 +-    2.0896260012E-01   
v sigma                        2.50000000E-03  -1.0926230218E+01 +-    1.9488699752E-01   
v sigtau                       2.50000000E-03  -6.3972473084E+01 +-    5.1338504707E-01   
v tensor                       2.50000000E-03   8.0522444117E-01 +-    1.2037593807E-01   
v tenstau                      2.50000000E-03  -6.6219874249E+01 +-    9.1430293813E-01   
v ls                           2.50000000E-03   0.0000000000E+00 +-    0.0000000000E+00   
v lstau                        2.50000000E-03   0.0000000000E+00 +-    0.0000000000E+00   
vpot v6                        2.50000000E-03  -1.3026691835E+02 +-    1.4304372937E+00   
vpot v8                        2.50000000E-03  -1.3026691835E+02 +-    1.4304372937E+00   
v coulomb                      2.50000000E-03   7.5155700557E-01 +-    2.3330107986E-03   
v external                     2.50000000E-03   0.0000000000E+00 +-    0.0000000000E+00   
tni 2pipr-anticomm             2.50000000E-03   0.0000000000E+00 +-    0.0000000000E+00   
tni vd1pr                      2.50000000E-03   0.0000000000E+00 +-    0.0000000000E+00   
tni vepr                       2.50000000E-03   0.0000000000E+00 +-    0.0000000000E+00   
tni central                    2.50000000E-03   0.0000000000E+00 +-    0.0000000000E+00   
tni 2pixx-anticommutator       2.50000000E-03   0.0000000000E+00 +-    0.0000000000E+00   
tni 2pixd-anticommutator       2.50000000E-03   0.0000000000E+00 +-    0.0000000000E+00   
tni 2pidd-anticommutator       2.50000000E-03   0.0000000000E+00 +-    0.0000000000E+00   
tni 2pixx-commutator           2.50000000E-03   0.0000000000E+00 +-    0.0000000000E+00   
tni 2pixd-commutator           2.50000000E-03   0.0000000000E+00 +-    0.0000000000E+00   
tni 2pidd-commutator           2.50000000E-03   0.0000000000E+00 +-    0.0000000000E+00   
tni 2pi-tm                     2.50000000E-03   0.0000000000E+00 +-    0.0000000000E+00   
tni vd1                        2.50000000E-03   0.0000000000E+00 +-    0.0000000000E+00   
tni vd2                        2.50000000E-03   0.0000000000E+00 +-    0.0000000000E+00   
tni ve                         2.50000000E-03   0.0000000000E+00 +-    0.0000000000E+00   
vpottot v8+tni                 2.50000000E-03  -1.3026691835E+02 +-    1.4304372937E+00   
enetot v8+tni                  2.50000000E-03  -2.4703880480E+01 +-    3.1623227950E-01   
vper cent                      2.50000000E-03   1.7160205876E+01 +-    1.2693778265E+00   
vper tau                       2.50000000E-03  -7.1137711135E+00 +-    2.0896260012E-01   
vper sigma                     2.50000000E-03  -1.0926230218E+01 +-    1.9488699752E-01   
vper sigtau                    2.50000000E-03  -6.3972473084E+01 +-    5.1338504707E-01   
vper tensor                    2.50000000E-03   8.0522444117E-01 +-    1.2037593807E-01   
vper tenstau                   2.50000000E-03  -6.6219874249E+01 +-    9.1430293813E-01   
vper ls                        2.50000000E-03   0.0000000000E+00 +-    0.0000000000E+00   
vper lstau                     2.50000000E-03   0.0000000000E+00 +-    0.0000000000E+00   
vpotper v6                     2.50000000E-03  -1.3026691835E+02 +-    1.4304372937E+00   
vpotper v8                     2.50000000E-03  -1.3026691835E+02 +-    1.4304372937E+00   
vpotv6pr-vpotv6per diff        2.50000000E-03   0.0000000000E+00 +-    0.0000000000E+00   
vpotv8pr-vpotv8per diff        2.50000000E-03   0.0000000000E+00 +-    0.0000000000E+00   
2piapr-2pia diff               2.50000000E-03   0.0000000000E+00 +-    0.0000000000E+00   
vd1pr-vd1 diff                 2.50000000E-03   0.0000000000E+00 +-    0.0000000000E+00   
vepr-ve diff                   2.50000000E-03   0.0000000000E+00 +-    0.0000000000E+00   
diff1 2piapr-2pia-2picxx       2.50000000E-03   0.0000000000E+00 +-    0.0000000000E+00   
diff2 vd1pr-vd1-2picxd         2.50000000E-03   0.0000000000E+00 +-    0.0000000000E+00   
diff3 vepr-ve-2picdd           2.50000000E-03   0.0000000000E+00 +-    0.0000000000E+00   
sum diff1+dif2+diff3           2.50000000E-03   0.0000000000E+00 +-    0.0000000000E+00   
proton rms                     2.50000000E-03   2.1098741832E+00 +-    1.2354183460E-02   
neutron rms                    2.50000000E-03   2.0427334111E+00 +-    1.2009218974E-02   
total rms                      2.50000000E-03   2.0753360011E+00 +-    1.1044202527E-02   
neutron-proton rms             2.50000000E-03  -6.7140772107E-02 +-    1.0205601520E-02   
GT sigXtau+                    2.50000000E-03  -3.8998539154E-05 +-    2.3218692091E-05   
GT sigYtau+                    2.50000000E-03  -1.7831680906E-05 +-    2.4674008830E-05   
GT sigZtau+                    2.50000000E-03  -2.5378600599E-07 +-    2.3481495093E-05   
GT sigXtau-                    2.50000000E-03  -2.9080092540E-05 +-    2.1152599718E-05   
GT sigYtau-                    2.50000000E-03  -8.3529001892E-06 +-    2.3636143753E-05   
GT sigZtau-                    2.50000000E-03   2.2440766977E-05 +-    2.2544416816E-05   
F tau+                         2.50000000E-03   8.6120736117E-20 +-    4.1224690192E-20   
F tau-                         2.50000000E-03  -3.8512110149E-20 +-    3.9422068420E-20   
Psi**2                         2.50000000E-03   3.2635132801E-05 +-    7.4055671992E-07   
single crossing/step           2.50000000E-03   9.2724317625E-03 +-    4.7305709183E-05   
global crossing/step           2.50000000E-03   9.1028854062E-03 +-    9.3750464022E-05   
energy numerator(real)         2.50000000E-03  -2.5172756084E+01 +-    6.7988699286E-01   
denominator psit/psigi(real)   2.50000000E-03   1.0186808599E+00 +-    1.0918441733E-02   
energy numerator(aimag)        2.50000000E-03  -2.9386154100E-01 +-    4.6413299794E-01   
denominator psit/psigi(aimag)  2.50000000E-03  -1.2489682059E-02 +-    7.0561224030E-03   
growth(lin dt) energy          2.50000000E-03  -2.1302442925E+02 +-    4.9799664197E+00   
growth(global) energy          2.50000000E-03  -2.1506958759E+02 +-    1.1225628756E+01
growth energy                  2.50000000E-03  -2.1287611960E+02 +-    4.9661215728E+00
Time for propagation (sec) (min) =          20.536      0.342
Time for energies (sec) (min) =              0.820      0.014
Time for load balancing (sec) (min) =        0.068      0.001
Time for block (sec) (min) =                22.107      0.368
Time for operators (sec) (min) =             0.021      0.000
Elapsed block time (sec) (min) =            22.129      0.369
 
 walkers multiplicity, block, total
   0          39663          39663
   1         944504         944504
   2          41838          41838
   3            202            202
   4             38             38
   5             10             10
   6              5              5
   7              3              3
   8              2              2
   9              0              0
  13              2              2
  20              1              1
 
 

iteration =                               2
walker number =                       10815
total energy-propagated        5.00000000E-03  -2.4482875631E+01 +-    3.3069837698E-01   
kinetic energy                 5.00000000E-03   1.0486032456E+02 +-    1.6793741409E+00   
potential energy               5.00000000E-03  -1.2934320019E+02 +-    1.6714137158E+00   
im energy                      5.00000000E-03   1.4052767711E+00 +-    2.1696018950E-01   
imkin energy                   5.00000000E-03   8.5078398419E-01 +-    3.7677083084E-01   
impot energy                   5.00000000E-03   5.5449278695E-01 +-    3.7935862962E-01   
v cent                         5.00000000E-03   1.8072699522E+01 +-    1.4807429299E+00   
v tau                          5.00000000E-03  -6.4228088867E+00 +-    2.2853006804E-01   
v sigma                        5.00000000E-03  -1.0752765857E+01 +-    2.4499807851E-01   
v sigtau                       5.00000000E-03  -6.4700658226E+01 +-    5.3422639774E-01   
v tensor                       5.00000000E-03  -6.2746486324E-01 +-    1.0275590463E-01   
v tenstau                      5.00000000E-03  -6.4912201882E+01 +-    9.4654410389E-01   
v ls                           5.00000000E-03   0.0000000000E+00 +-    0.0000000000E+00   
v lstau                        5.00000000E-03   0.0000000000E+00 +-    0.0000000000E+00   
vpot v6                        5.00000000E-03  -1.2934320019E+02 +-    1.6714137158E+00   
vpot v8                        5.00000000E-03  -1.2934320019E+02 +-    1.6714137158E+00   
v coulomb                      5.00000000E-03   7.6285094400E-01 +-    2.7419609261E-03   
v external                     5.00000000E-03   0.0000000000E+00 +-    0.0000000000E+00   
tni 2pipr-anticomm             5.00000000E-03   0.0000000000E+00 +-    0.0000000000E+00   
tni vd1pr                      5.00000000E-03   0.0000000000E+00 +-    0.0000000000E+00   
tni vepr                       5.00000000E-03   0.0000000000E+00 +-    0.0000000000E+00   
tni central                    5.00000000E-03   0.0000000000E+00 +-    0.0000000000E+00   
tni 2pixx-anticommutator       5.00000000E-03   0.0000000000E+00 +-    0.0000000000E+00   
tni 2pixd-anticommutator       5.00000000E-03   0.0000000000E+00 +-    0.0000000000E+00   
tni 2pidd-anticommutator       5.00000000E-03   0.0000000000E+00 +-    0.0000000000E+00   
tni 2pixx-commutator           5.00000000E-03   0.0000000000E+00 +-    0.0000000000E+00   
tni 2pixd-commutator           5.00000000E-03   0.0000000000E+00 +-    0.0000000000E+00   
tni 2pidd-commutator           5.00000000E-03   0.0000000000E+00 +-    0.0000000000E+00   
tni 2pi-tm                     5.00000000E-03   0.0000000000E+00 +-    0.0000000000E+00   
tni vd1                        5.00000000E-03   0.0000000000E+00 +-    0.0000000000E+00   
tni vd2                        5.00000000E-03   0.0000000000E+00 +-    0.0000000000E+00   
tni ve                         5.00000000E-03   0.0000000000E+00 +-    0.0000000000E+00   
vpottot v8+tni                 5.00000000E-03  -1.2934320019E+02 +-    1.6714137158E+00   
enetot v8+tni                  5.00000000E-03  -2.4482875631E+01 +-    3.3069837698E-01   
vper cent                      5.00000000E-03   1.8072699522E+01 +-    1.4807429299E+00   
vper tau                       5.00000000E-03  -6.4228088867E+00 +-    2.2853006804E-01   
vper sigma                     5.00000000E-03  -1.0752765857E+01 +-    2.4499807851E-01   
vper sigtau                    5.00000000E-03  -6.4700658226E+01 +-    5.3422639774E-01   
vper tensor                    5.00000000E-03  -6.2746486324E-01 +-    1.0275590463E-01   
vper tenstau                   5.00000000E-03  -6.4912201882E+01 +-    9.4654410389E-01   
vper ls                        5.00000000E-03   0.0000000000E+00 +-    0.0000000000E+00   
vper lstau                     5.00000000E-03   0.0000000000E+00 +-    0.0000000000E+00   
vpotper v6                     5.00000000E-03  -1.2934320019E+02 +-    1.6714137158E+00   
vpotper v8                     5.00000000E-03  -1.2934320019E+02 +-    1.6714137158E+00   
vpotv6pr-vpotv6per diff        5.00000000E-03   0.0000000000E+00 +-    0.0000000000E+00   
vpotv8pr-vpotv8per diff        5.00000000E-03   0.0000000000E+00 +-    0.0000000000E+00   
2piapr-2pia diff               5.00000000E-03   0.0000000000E+00 +-    0.0000000000E+00   
vd1pr-vd1 diff                 5.00000000E-03   0.0000000000E+00 +-    0.0000000000E+00   
vepr-ve diff                   5.00000000E-03   0.0000000000E+00 +-    0.0000000000E+00   
diff1 2piapr-2pia-2picxx       5.00000000E-03   0.0000000000E+00 +-    0.0000000000E+00   
diff2 vd1pr-vd1-2picxd         5.00000000E-03   0.0000000000E+00 +-    0.0000000000E+00   
diff3 vepr-ve-2picdd           5.00000000E-03   0.0000000000E+00 +-    0.0000000000E+00   
sum diff1+dif2+diff3           5.00000000E-03   0.0000000000E+00 +-    0.0000000000E+00   
proton rms                     5.00000000E-03   2.0592306852E+00 +-    1.2680767432E-02   
neutron rms                    5.00000000E-03   1.9868712279E+00 +-    1.2801920434E-02   
total rms                      5.00000000E-03   2.0224330809E+00 +-    1.1505431529E-02   
neutron-proton rms             5.00000000E-03  -7.2359457237E-02 +-    1.1035660382E-02   
GT sigXtau+                    5.00000000E-03  -9.9126261079E-05 +-    2.4586787085E-05   
GT sigYtau+                    5.00000000E-03  -1.1856599927E-05 +-    2.3706691037E-05   
GT sigZtau+                    5.00000000E-03   4.5600212588E-05 +-    2.4953036867E-05   
GT sigXtau-                    5.00000000E-03  -5.3311575869E-05 +-    2.6261371830E-05   
GT sigYtau-                    5.00000000E-03  -6.9004019347E-05 +-    2.4441078771E-05   
GT sigZtau-                    5.00000000E-03   9.8043614426E-05 +-    2.1937936150E-05   
F tau+                         5.00000000E-03  -3.9321830351E-20 +-    4.6419832734E-20   
F tau-                         5.00000000E-03   6.5009368334E-20 +-    4.4423158518E-20   
Psi**2                         5.00000000E-03   3.1409916043E-05 +-    6.4965695277E-07   
single crossing/step           5.00000000E-03   7.6478120964E-03 +-    4.1599546446E-05   
global crossing/step           5.00000000E-03   7.4836372392E-03 +-    8.2308042353E-05   
energy numerator(real)         5.00000000E-03  -1.5859340029E+01 +-    8.1701539855E-01   
denominator psit/psigi(real)   5.00000000E-03   6.4882827383E-01 +-    1.2954546778E-02   
energy numerator(aimag)        5.00000000E-03   2.0274583207E+00 +-    5.5551231164E-01   
denominator psit/psigi(aimag)  5.00000000E-03  -9.3185288714E-03 +-    8.5547330419E-03   
growth(lin dt) energy          5.00000000E-03  -2.2036094532E+02 +-    5.1704163479E+00   
growth(global) energy          5.00000000E-03  -2.2296045519E+02 +-    1.2162588056E+01
growth energy                  5.00000000E-03  -2.2019202447E+02 +-    5.1550869110E+00
Time for propagation (sec) (min) =          21.939      0.366
Time for energies (sec) (min) =              0.758      0.013
Time for load balancing (sec) (min) =        0.028      0.000
Time for block (sec) (min) =                23.319      0.389
Time for operators (sec) (min) =             0.015      0.000
Elapsed block time (sec) (min) =            45.485      0.758
 
 walkers multiplicity, block, total
   0          50195          89858
   1        1021569        1966073
   2          48338          90176
   3            326            528
   4             54             92
   5             14             24
   6             10             15
   7              4              7
   8              3              5
   9              1              1
  13              0              2
  20              0              1
 
 

iteration =                               3
walker number =                       11264
total energy-propagated        7.50000000E-03  -2.8312710703E+01 +-    4.3088762398E-01   
kinetic energy                 7.50000000E-03   6.9540491978E+01 +-    1.8701167968E+00   
potential energy               7.50000000E-03  -9.7853202681E+01 +-    1.8261221260E+00   
im energy                      7.50000000E-03  -5.9738484791E-01 +-    2.8518350718E-01   
imkin energy                   7.50000000E-03  -2.2930911404E+00 +-    1.6813353885E-01   
impot energy                   7.50000000E-03   1.6957062925E+00 +-    1.9839423757E-01   
v cent                         7.50000000E-03   4.6122667060E+01 +-    1.9731335060E+00   
v tau                          7.50000000E-03  -8.7226492013E+00 +-    1.6704633333E-01   
v sigma                        7.50000000E-03  -9.9917668435E+00 +-    2.2655855920E-01   
v sigtau                       7.50000000E-03  -6.0646393093E+01 +-    4.1741222591E-01   
v tensor                       7.50000000E-03   5.5818632327E-01 +-    1.2230126162E-01   
v tenstau                      7.50000000E-03  -6.5173246926E+01 +-    7.3549594155E-01   
v ls                           7.50000000E-03   0.0000000000E+00 +-    0.0000000000E+00   
v lstau                        7.50000000E-03   0.0000000000E+00 +-    0.0000000000E+00   
vpot v6                        7.50000000E-03  -9.7853202681E+01 +-    1.8261221260E+00   
vpot v8                        7.50000000E-03  -9.7853202681E+01 +-    1.8261221260E+00   
v coulomb                      7.50000000E-03   7.6701313397E-01 +-    2.2117857333E-03   
v external                     7.50000000E-03   0.0000000000E+00 +-    0.0000000000E+00   
tni 2pipr-anticomm             7.50000000E-03   0.0000000000E+00 +-    0.0000000000E+00   
tni vd1pr                      7.50000000E-03   0.0000000000E+00 +-    0.0000000000E+00   
tni vepr                       7.50000000E-03   0.0000000000E+00 +-    0.0000000000E+00   
tni central                    7.50000000E-03   0.0000000000E+00 +-    0.0000000000E+00   
tni 2pixx-anticommutator       7.50000000E-03   0.0000000000E+00 +-    0.0000000000E+00   
tni 2pixd-anticommutator       7.50000000E-03   0.0000000000E+00 +-    0.0000000000E+00   
tni 2pidd-anticommutator       7.50000000E-03   0.0000000000E+00 +-    0.0000000000E+00   
tni 2pixx-commutator           7.50000000E-03   0.0000000000E+00 +-    0.0000000000E+00   
tni 2pixd-commutator           7.50000000E-03   0.0000000000E+00 +-    0.0000000000E+00   
tni 2pidd-commutator           7.50000000E-03   0.0000000000E+00 +-    0.0000000000E+00   
tni 2pi-tm                     7.50000000E-03   0.0000000000E+00 +-    0.0000000000E+00   
tni vd1                        7.50000000E-03   0.0000000000E+00 +-    0.0000000000E+00   
tni vd2                        7.50000000E-03   0.0000000000E+00 +-    0.0000000000E+00   
tni ve                         7.50000000E-03   0.0000000000E+00 +-    0.0000000000E+00   
vpottot v8+tni                 7.50000000E-03  -9.7853202681E+01 +-    1.8261221260E+00   
enetot v8+tni                  7.50000000E-03  -2.8312710703E+01 +-    4.3088762398E-01   
vper cent                      7.50000000E-03   4.6122667060E+01 +-    1.9731335060E+00   
vper tau                       7.50000000E-03  -8.7226492013E+00 +-    1.6704633333E-01   
vper sigma                     7.50000000E-03  -9.9917668435E+00 +-    2.2655855920E-01   
vper sigtau                    7.50000000E-03  -6.0646393093E+01 +-    4.1741222591E-01   
vper tensor                    7.50000000E-03   5.5818632327E-01 +-    1.2230126162E-01   
vper tenstau                   7.50000000E-03  -6.5173246926E+01 +-    7.3549594155E-01   
vper ls                        7.50000000E-03   0.0000000000E+00 +-    0.0000000000E+00   
vper lstau                     7.50000000E-03   0.0000000000E+00 +-    0.0000000000E+00   
vpotper v6                     7.50000000E-03  -9.7853202681E+01 +-    1.8261221260E+00   
vpotper v8                     7.50000000E-03  -9.7853202681E+01 +-    1.8261221260E+00   
vpotv6pr-vpotv6per diff        7.50000000E-03   0.0000000000E+00 +-    0.0000000000E+00   
vpotv8pr-vpotv8per diff        7.50000000E-03   0.0000000000E+00 +-    0.0000000000E+00   
2piapr-2pia diff               7.50000000E-03   0.0000000000E+00 +-    0.0000000000E+00   
vd1pr-vd1 diff                 7.50000000E-03   0.0000000000E+00 +-    0.0000000000E+00   
vepr-ve diff                   7.50000000E-03   0.0000000000E+00 +-    0.0000000000E+00   
diff1 2piapr-2pia-2picxx       7.50000000E-03   0.0000000000E+00 +-    0.0000000000E+00   
diff2 vd1pr-vd1-2picxd         7.50000000E-03   0.0000000000E+00 +-    0.0000000000E+00   
diff3 vepr-ve-2picdd           7.50000000E-03   0.0000000000E+00 +-    0.0000000000E+00   
sum diff1+dif2+diff3           7.50000000E-03   0.0000000000E+00 +-    0.0000000000E+00   
proton rms                     7.50000000E-03   2.2235781571E+00 +-    1.4096933632E-02   
neutron rms                    7.50000000E-03   2.2141005084E+00 +-    1.2880329277E-02   
total rms                      7.50000000E-03   2.2160360591E+00 +-    1.1476720971E-02   
neutron-proton rms             7.50000000E-03  -9.4776487606E-03 +-    1.4068633320E-02   
GT sigXtau+                    7.50000000E-03   1.7919857944E-04 +-    2.2905768562E-05   
GT sigYtau+                    7.50000000E-03  -4.6094791848E-04 +-    1.7515252767E-05   
GT sigZtau+                    7.50000000E-03  -9.9857003453E-05 +-    1.7876940786E-05   
GT sigXtau-                    7.50000000E-03   7.2687094865E-05 +-    2.2508406428E-05   
GT sigYtau-                    7.50000000E-03  -1.5363232463E-05 +-    1.6242874560E-05   
GT sigZtau-                    7.50000000E-03  -7.9936988054E-05 +-    2.3157084502E-05   
F tau+                         7.50000000E-03   2.1881865928E-19 +-    3.3852128359E-20   
F tau-                         7.50000000E-03   4.3396790924E-20 +-    4.0676821230E-20   
Psi**2                         7.50000000E-03   2.7151667183E-05 +-    7.6497365116E-07   
single crossing/step           7.50000000E-03   8.0650279427E-03 +-    4.2582612243E-05   
global crossing/step           7.50000000E-03   7.9231385747E-03 +-    8.4418774324E-05   
energy numerator(real)         7.50000000E-03  -9.8055578769E+00 +-    8.3257454454E-01   
denominator psit/psigi(real)   7.50000000E-03   3.4538067301E-01 +-    1.3589175530E-02   
energy numerator(aimag)        7.50000000E-03   2.3078194480E-01 +-    5.6291685759E-01   
denominator psit/psigi(aimag)  7.50000000E-03  -2.2641533784E-02 +-    9.0199923088E-03   
growth(lin dt) energy          7.50000000E-03  -2.4292039504E+02 +-    5.4856965072E+00   
growth(global) energy          7.50000000E-03  -2.6122187226E+02 +-    1.0305248114E+01
growth energy                  7.50000000E-03  -2.4267971618E+02 +-    5.4663370399E+00
Time for propagation (sec) (min) =          22.074      0.368
Time for energies (sec) (min) =              0.790      0.013
Time for load balancing (sec) (min) =        0.032      0.001
Time for block (sec) (min) =                23.409      0.390
Time for operators (sec) (min) =             0.020      0.000
Elapsed block time (sec) (min) =            68.914      1.149
 
 walkers multiplicity, block, total
   0          52126         141984
   1        1022999        2989072
   2          51375         141551
   3            396            924
   4             54            146
   5             19             43
   6              6             21
   7              6             13
   8              2              7
   9              4              5
  10              5              5
  13              0              2
  14              1              1
  20              0              1
 
 

iteration =                               4
walker number =                       11078
total energy-propagated        1.00000000E-02  -2.4584848189E+01 +-    5.4403717477E-01   
kinetic energy                 1.00000000E-02   1.0012487118E+02 +-    1.7471756618E+00   
potential energy               1.00000000E-02  -1.2470971937E+02 +-    1.7692635685E+00   
im energy                      1.00000000E-02   5.0129643089E+00 +-    2.2378440022E-01   
imkin energy                   1.00000000E-02   2.8468154988E+00 +-    3.5331884905E-01   
impot energy                   1.00000000E-02   2.1661488100E+00 +-    4.2626341036E-01   
v cent                         1.00000000E-02   2.2341532372E+01 +-    1.6933680144E+00   
v tau                          1.00000000E-02  -9.0035189501E+00 +-    2.7356669905E-01   
v sigma                        1.00000000E-02  -1.1514255759E+01 +-    1.5001999803E-01   
v sigtau                       1.00000000E-02  -6.3587147976E+01 +-    5.6141646889E-01   
v tensor                       1.00000000E-02  -1.4616848306E-01 +-    1.1000647676E-01   
v tenstau                      1.00000000E-02  -6.2800160577E+01 +-    8.9482234960E-01   
v ls                           1.00000000E-02   0.0000000000E+00 +-    0.0000000000E+00   
v lstau                        1.00000000E-02   0.0000000000E+00 +-    0.0000000000E+00   
vpot v6                        1.00000000E-02  -1.2470971937E+02 +-    1.7692635685E+00   
vpot v8                        1.00000000E-02  -1.2470971937E+02 +-    1.7692635685E+00   
v coulomb                      1.00000000E-02   7.5950572623E-01 +-    2.3381874502E-03   
v external                     1.00000000E-02   0.0000000000E+00 +-    0.0000000000E+00   
tni 2pipr-anticomm             1.00000000E-02   0.0000000000E+00 +-    0.0000000000E+00   
tni vd1pr                      1.00000000E-02   0.0000000000E+00 +-    0.0000000000E+00   
tni vepr                       1.00000000E-02   0.0000000000E+00 +-    0.0000000000E+00   
tni central                    1.00000000E-02   0.0000000000E+00 +-    0.0000000000E+00   
tni 2pixx-anticommutator       1.00000000E-02   0.0000000000E+00 +-    0.0000000000E+00   
tni 2pixd-anticommutator       1.00000000E-02   0.0000000000E+00 +-    0.0000000000E+00   
tni 2pidd-anticommutator       1.00000000E-02   0.0000000000E+00 +-    0.0000000000E+00   
tni 2pixx-commutator           1.00000000E-02   0.0000000000E+00 +-    0.0000000000E+00   
tni 2pixd-commutator           1.00000000E-02   0.0000000000E+00 +-    0.0000000000E+00   
tni 2pidd-commutator           1.00000000E-02   0.0000000000E+00 +-    0.0000000000E+00   
tni 2pi-tm                     1.00000000E-02   0.0000000000E+00 +-    0.0000000000E+00   
tni vd1                        1.00000000E-02   0.0000000000E+00 +-    0.0000000000E+00   
tni vd2                        1.00000000E-02   0.0000000000E+00 +-    0.0000000000E+00   
tni ve                         1.00000000E-02   0.0000000000E+00 +-    0.0000000000E+00   
vpottot v8+tni                 1.00000000E-02  -1.2470971937E+02 +-    1.7692635685E+00   
enetot v8+tni                  1.00000000E-02  -2.4584848189E+01 +-    5.4403717477E-01   
vper cent                      1.00000000E-02   2.2341532372E+01 +-    1.6933680144E+00   
vper tau                       1.00000000E-02  -9.0035189501E+00 +-    2.7356669905E-01   
vper sigma                     1.00000000E-02  -1.1514255759E+01 +-    1.5001999803E-01   
vper sigtau                    1.00000000E-02  -6.3587147976E+01 +-    5.6141646889E-01   
vper tensor                    1.00000000E-02  -1.4616848306E-01 +-    1.1000647676E-01   
vper tenstau                   1.00000000E-02  -6.2800160577E+01 +-    8.9482234960E-01   
vper ls                        1.00000000E-02   0.0000000000E+00 +-    0.0000000000E+00   
vper lstau                     1.00000000E-02   0.0000000000E+00 +-    0.0000000000E+00   
vpotper v6                     1.00000000E-02  -1.2470971937E+02 +-    1.7692635685E+00   
vpotper v8                     1.00000000E-02  -1.2470971937E+02 +-    1.7692635685E+00   
vpotv6pr-vpotv6per diff        1.00000000E-02   0.0000000000E+00 +-    0.0000000000E+00   
vpotv8pr-vpotv8per diff        1.00000000E-02   0.0000000000E+00 +-    0.0000000000E+00   
2piapr-2pia diff               1.00000000E-02   0.0000000000E+00 +-    0.0000000000E+00   
vd1pr-vd1 diff                 1.00000000E-02   0.0000000000E+00 +-    0.0000000000E+00   
vepr-ve diff                   1.00000000E-02   0.0000000000E+00 +-    0.0000000000E+00   
diff1 2piapr-2pia-2picxx       1.00000000E-02   0.0000000000E+00 +-    0.0000000000E+00   
diff2 vd1pr-vd1-2picxd         1.00000000E-02   0.0000000000E+00 +-    0.0000000000E+00   
diff3 vepr-ve-2picdd           1.00000000E-02   0.0000000000E+00 +-    0.0000000000E+00   
sum diff1+dif2+diff3           1.00000000E-02   0.0000000000E+00 +-    0.0000000000E+00   
proton rms                     1.00000000E-02   2.1665933609E+00 +-    1.3961762485E-02   
neutron rms                    1.00000000E-02   2.0983117663E+00 +-    1.2668316395E-02   
total rms                      1.00000000E-02   2.1283784048E+00 +-    1.1571301055E-02   
neutron-proton rms             1.00000000E-02  -6.8281594551E-02 +-    1.2776905840E-02   
GT sigXtau+                    1.00000000E-02  -1.9344878059E-04 +-    2.6773821715E-05   
GT sigYtau+                    1.00000000E-02  -6.3745104490E-05 +-    2.5758975676E-05   
GT sigZtau+                    1.00000000E-02  -2.2762329983E-04 +-    2.6312681896E-05   
GT sigXtau-                    1.00000000E-02   1.3385197165E-04 +-    2.9176537555E-05   
GT sigYtau-                    1.00000000E-02   2.9193930793E-04 +-    2.7674227211E-05   
GT sigZtau-                    1.00000000E-02   2.3365515179E-04 +-    2.8876648299E-05   
F tau+                         1.00000000E-02  -4.7634272384E-19 +-    3.5846944412E-20   
F tau-                         1.00000000E-02  -4.0833590490E-19 +-    4.2968355555E-20   
Psi**2                         1.00000000E-02   3.4154331979E-05 +-    7.2359512340E-07   
single crossing/step           1.00000000E-02   8.0399349407E-03 +-    4.2516430002E-05   
global crossing/step           1.00000000E-02   7.8567970451E-03 +-    8.4066578699E-05   
energy numerator(real)         1.00000000E-02  -5.7209464733E+00 +-    9.8097011131E-01   
denominator psit/psigi(real)   1.00000000E-02   2.3891344326E-01 +-    1.3481683071E-02   
energy numerator(aimag)        1.00000000E-02   2.6305380842E+00 +-    6.2058193223E-01   
denominator psit/psigi(aimag)  1.00000000E-02  -1.6375129224E-02 +-    8.8951166512E-03   
growth(lin dt) energy          1.00000000E-02  -2.3776715203E+02 +-    5.5888053958E+00   
growth(global) energy          1.00000000E-02  -2.5022474127E+02 +-    1.2632450167E+01
growth energy                  1.00000000E-02  -2.3754397881E+02 +-    5.5697899255E+00
Time for propagation (sec) (min) =          22.080      0.368
Time for energies (sec) (min) =              0.777      0.013
Time for load balancing (sec) (min) =        0.030      0.000
Time for block (sec) (min) =                23.381      0.390
Time for operators (sec) (min) =             0.018      0.000
Elapsed block time (sec) (min) =            92.323      1.539
 
 walkers multiplicity, block, total
   0          53835         195819
   1        1020346        4009418
   2          52442         193993
   3            408           1332
   4             59            205
   5             14             57
   6             10             31
   7              3             16
   8              1              8
   9              2              7
  10              2              7
  13              3              5
  14              1              2
  20              0              1
 
 

iteration =                               5
walker number =                       11347
total energy-propagated        1.25000000E-02  -2.3819875035E+01 +-    8.6328661458E-01   
kinetic energy                 1.25000000E-02   4.5275141252E+01 +-    3.3822070138E+00   
potential energy               1.25000000E-02  -6.9095016287E+01 +-    4.0576919297E+00   
im energy                      1.25000000E-02  -3.5130580985E+00 +-    1.8985625564E-01   
imkin energy                   1.25000000E-02   1.7063217953E+01 +-    2.1670691178E+00   
impot energy                   1.25000000E-02  -2.0576276052E+01 +-    2.5187349205E+00   
v cent                         1.25000000E-02   2.4178498587E+01 +-    1.3586031738E+00   
v tau                          1.25000000E-02   4.7017860961E-01 +-    2.8568303987E-01   
v sigma                        1.25000000E-02  -2.0608388814E+01 +-    7.2606870504E-01   
v sigtau                       1.25000000E-02  -6.4485133716E+01 +-    5.3738908855E-01   
v tensor                       1.25000000E-02  -1.7255414722E+00 +-    2.0432100845E-01   
v tenstau                      1.25000000E-02  -6.9246294809E+00 +-    4.6237173478E+00   
v ls                           1.25000000E-02   0.0000000000E+00 +-    0.0000000000E+00   
v lstau                        1.25000000E-02   0.0000000000E+00 +-    0.0000000000E+00   
vpot v6                        1.25000000E-02  -6.9095016287E+01 +-    4.0576919297E+00   
vpot v8                        1.25000000E-02  -6.9095016287E+01 +-    4.0576919297E+00   
v coulomb                      1.25000000E-02   7.4425131041E-01 +-    2.2541118086E-03   
v external                     1.25000000E-02   0.0000000000E+00 +-    0.0000000000E+00   
tni 2pipr-anticomm             1.25000000E-02   0.0000000000E+00 +-    0.0000000000E+00   
tni vd1pr                      1.25000000E-02   0.0000000000E+00 +-    0.0000000000E+00   
tni vepr                       1.25000000E-02   0.0000000000E+00 +-    0.0000000000E+00   
tni central                    1.25000000E-02   0.0000000000E+00 +-    0.0000000000E+00   
tni 2pixx-anticommutator       1.25000000E-02   0.0000000000E+00 +-    0.0000000000E+00   
tni 2pixd-anticommutator       1.25000000E-02   0.0000000000E+00 +-    0.0000000000E+00   
tni 2pidd-anticommutator       1.25000000E-02   0.0000000000E+00 +-    0.0000000000E+00   
tni 2pixx-commutator           1.25000000E-02   0.0000000000E+00 +-    0.0000000000E+00   
tni 2pixd-commutator           1.25000000E-02   0.0000000000E+00 +-    0.0000000000E+00   
tni 2pidd-commutator           1.25000000E-02   0.0000000000E+00 +-    0.0000000000E+00   
tni 2pi-tm                     1.25000000E-02   0.0000000000E+00 +-    0.0000000000E+00   
tni vd1                        1.25000000E-02   0.0000000000E+00 +-    0.0000000000E+00   
tni vd2                        1.25000000E-02   0.0000000000E+00 +-    0.0000000000E+00   
tni ve                         1.25000000E-02   0.0000000000E+00 +-    0.0000000000E+00   
vpottot v8+tni                 1.25000000E-02  -6.9095016287E+01 +-    4.0576919297E+00   
enetot v8+tni                  1.25000000E-02  -2.3819875035E+01 +-    8.6328661458E-01   
vper cent                      1.25000000E-02   2.4178498587E+01 +-    1.3586031738E+00   
vper tau                       1.25000000E-02   4.7017860961E-01 +-    2.8568303987E-01   
vper sigma                     1.25000000E-02  -2.0608388814E+01 +-    7.2606870504E-01   
vper sigtau                    1.25000000E-02  -6.4485133716E+01 +-    5.3738908855E-01   
vper tensor                    1.25000000E-02  -1.7255414722E+00 +-    2.0432100845E-01   
vper tenstau                   1.25000000E-02  -6.9246294809E+00 +-    4.6237173478E+00   
vper ls                        1.25000000E-02   0.0000000000E+00 +-    0.0000000000E+00   
vper lstau                     1.25000000E-02   0.0000000000E+00 +-    0.0000000000E+00   
vpotper v6                     1.25000000E-02  -6.9095016287E+01 +-    4.0576919297E+00   
vpotper v8                     1.25000000E-02  -6.9095016287E+01 +-    4.0576919297E+00   
vpotv6pr-vpotv6per diff        1.25000000E-02   0.0000000000E+00 +-    0.0000000000E+00   
vpotv8pr-vpotv8per diff        1.25000000E-02   0.0000000000E+00 +-    0.0000000000E+00   
2piapr-2pia diff               1.25000000E-02   0.0000000000E+00 +-    0.0000000000E+00   
vd1pr-vd1 diff                 1.25000000E-02   0.0000000000E+00 +-    0.0000000000E+00   
vepr-ve diff                   1.25000000E-02   0.0000000000E+00 +-    0.0000000000E+00   
diff1 2piapr-2pia-2picxx       1.25000000E-02   0.0000000000E+00 +-    0.0000000000E+00   
diff2 vd1pr-vd1-2picxd         1.25000000E-02   0.0000000000E+00 +-    0.0000000000E+00   
diff3 vepr-ve-2picdd           1.25000000E-02   0.0000000000E+00 +-    0.0000000000E+00   
sum diff1+dif2+diff3           1.25000000E-02   0.0000000000E+00 +-    0.0000000000E+00   
proton rms                     1.25000000E-02   2.3123745903E+00 +-    1.2735772650E-02   
neutron rms                    1.25000000E-02   2.0162535840E+00 +-    1.1592837645E-02   
total rms                      1.25000000E-02   2.1604914335E+00 +-    1.0273009584E-02   
neutron-proton rms             1.25000000E-02  -2.9612100638E-01 +-    1.1519513966E-02   
GT sigXtau+                    1.25000000E-02  -2.1091328552E-04 +-    2.1137713118E-05   
GT sigYtau+                    1.25000000E-02  -5.8586020006E-04 +-    1.1911565712E-05   
GT sigZtau+                    1.25000000E-02  -1.0936010825E-04 +-    1.9183370633E-05   
GT sigXtau-                    1.25000000E-02   5.5988647272E-04 +-    2.7137324659E-05   
GT sigYtau-                    1.25000000E-02   1.1105855654E-03 +-    2.7525381208E-05   
GT sigZtau-                    1.25000000E-02  -2.7887406077E-04 +-    2.4076424120E-05   
F tau+                         1.25000000E-02  -3.8337037006E-19 +-    1.9228098015E-20   
F tau-                         1.25000000E-02  -3.7595704391E-19 +-    4.6717127452E-20   
Psi**2                         1.25000000E-02   3.8254408158E-05 +-    8.9051439671E-07   
single crossing/step           1.25000000E-02   8.2035288347E-03 +-    4.3062271239E-05   
global crossing/step           1.25000000E-02   8.0745296315E-03 +-    8.5450268430E-05   
energy numerator(real)         1.25000000E-02  -3.4799346013E+00 +-    1.0506324912E+00   
denominator psit/psigi(real)   1.25000000E-02   1.4552258734E-01 +-    1.3494757372E-02   
energy numerator(aimag)        1.25000000E-02  -1.8176334167E-01 +-    5.5722113770E-01   
denominator psit/psigi(aimag)  1.25000000E-02  -6.0675681705E-03 +-    9.1201902646E-03   
growth(lin dt) energy          1.25000000E-02  -2.6151794252E+02 +-    5.6817157500E+00   
growth(global) energy          1.25000000E-02  -2.5987845415E+02 +-    1.1743922802E+01
growth energy                  1.25000000E-02  -2.6120860557E+02 +-    5.6590288824E+00
Time for propagation (sec) (min) =          21.963      0.366
Time for energies (sec) (min) =              0.797      0.013
Time for load balancing (sec) (min) =        0.028      0.000
Time for block (sec) (min) =                23.316      0.389
Time for operators (sec) (min) =             0.021      0.000
Elapsed block time (sec) (min) =           115.660      1.928
 
 walkers multiplicity, block, total
   0          54218         250037
   1        1013041        5022459
   2          53211         247204
   3            427           1759
   4             75            280
   5             14             71
   6             11             42
   7              2             18
   8              0              8
   9              2              9
  10              2              9
  11              1              1
  12              1              1
  13              0              5
  14              0              2
  20              1              2
 
 

iteration =                               6
walker number =                       10685
total energy-propagated        1.50000000E-02  -2.9743704942E+01 +-    7.4137620761E-01   
kinetic energy                 1.50000000E-02   2.8620542084E+01 +-    2.1437932598E+00   
potential energy               1.50000000E-02  -5.8364247027E+01 +-    2.4048162548E+00   
im energy                      1.50000000E-02  -3.5353671590E+00 +-    4.4455308663E-01   
imkin energy                   1.50000000E-02  -7.4049144602E-01 +-    7.6788704112E-01   
impot energy                   1.50000000E-02  -2.7948757130E+00 +-    1.0932506754E+00   
v cent                         1.50000000E-02  -2.4212446813E+01 +-    1.0615375678E+00   
v tau                          1.50000000E-02   9.8607669552E+00 +-    4.5422938741E-01   
v sigma                        1.50000000E-02  -2.3446391287E+01 +-    5.1250148870E-01   
v sigtau                       1.50000000E-02  -4.6448093519E+01 +-    6.5094309164E-01   
v tensor                       1.50000000E-02  -8.5018318354E+00 +-    4.0130599580E-01   
v tenstau                      1.50000000E-02   3.4383749472E+01 +-    2.6896743781E+00   
v ls                           1.50000000E-02   0.0000000000E+00 +-    0.0000000000E+00   
v lstau                        1.50000000E-02   0.0000000000E+00 +-    0.0000000000E+00   
vpot v6                        1.50000000E-02  -5.8364247027E+01 +-    2.4048162548E+00   
vpot v8                        1.50000000E-02  -5.8364247027E+01 +-    2.4048162548E+00   
v coulomb                      1.50000000E-02   5.7669015831E-01 +-    2.9240126010E-03   
v external                     1.50000000E-02   0.0000000000E+00 +-    0.0000000000E+00   
tni 2pipr-anticomm             1.50000000E-02   0.0000000000E+00 +-    0.0000000000E+00   
tni vd1pr                      1.50000000E-02   0.0000000000E+00 +-    0.0000000000E+00   
tni vepr                       1.50000000E-02   0.0000000000E+00 +-    0.0000000000E+00   
tni central                    1.50000000E-02   0.0000000000E+00 +-    0.0000000000E+00   
tni 2pixx-anticommutator       1.50000000E-02   0.0000000000E+00 +-    0.0000000000E+00   
tni 2pixd-anticommutator       1.50000000E-02   0.0000000000E+00 +-    0.0000000000E+00   
tni 2pidd-anticommutator       1.50000000E-02   0.0000000000E+00 +-    0.0000000000E+00   
tni 2pixx-commutator           1.50000000E-02   0.0000000000E+00 +-    0.0000000000E+00   
tni 2pixd-commutator           1.50000000E-02   0.0000000000E+00 +-    0.0000000000E+00   
tni 2pidd-commutator           1.50000000E-02   0.0000000000E+00 +-    0.0000000000E+00   
tni 2pi-tm                     1.50000000E-02   0.0000000000E+00 +-    0.0000000000E+00   
tni vd1                        1.50000000E-02   0.0000000000E+00 +-    0.0000000000E+00   
tni vd2                        1.50000000E-02   0.0000000000E+00 +-    0.0000000000E+00   
tni ve                         1.50000000E-02   0.0000000000E+00 +-    0.0000000000E+00   
vpottot v8+tni                 1.50000000E-02  -5.8364247027E+01 +-    2.4048162548E+00   
enetot v8+tni                  1.50000000E-02  -2.9743704942E+01 +-    7.4137620761E-01   
vper cent                      1.50000000E-02  -2.4212446813E+01 +-    1.0615375678E+00   
vper tau                       1.50000000E-02   9.8607669552E+00 +-    4.5422938741E-01   
vper sigma                     1.50000000E-02  -2.3446391287E+01 +-    5.1250148870E-01   
vper sigtau                    1.50000000E-02  -4.6448093519E+01 +-    6.5094309164E-01   
vper tensor                    1.50000000E-02  -8.5018318354E+00 +-    4.0130599580E-01   
vper tenstau                   1.50000000E-02   3.4383749472E+01 +-    2.6896743781E+00   
vper ls                        1.50000000E-02   0.0000000000E+00 +-    0.0000000000E+00   
vper lstau                     1.50000000E-02   0.0000000000E+00 +-    0.0000000000E+00   
vpotper v6                     1.50000000E-02  -5.8364247027E+01 +-    2.4048162548E+00   
vpotper v8                     1.50000000E-02  -5.8364247027E+01 +-    2.4048162548E+00   
vpotv6pr-vpotv6per diff        1.50000000E-02   0.0000000000E+00 +-    0.0000000000E+00   
vpotv8pr-vpotv8per diff        1.50000000E-02   0.0000000000E+00 +-    0.0000000000E+00   
2piapr-2pia diff               1.50000000E-02   0.0000000000E+00 +-    0.0000000000E+00   
vd1pr-vd1 diff                 1.50000000E-02   0.0000000000E+00 +-    0.0000000000E+00   
vepr-ve diff                   1.50000000E-02   0.0000000000E+00 +-    0.0000000000E+00   
diff1 2piapr-2pia-2picxx       1.50000000E-02   0.0000000000E+00 +-    0.0000000000E+00   
diff2 vd1pr-vd1-2picxd         1.50000000E-02   0.0000000000E+00 +-    0.0000000000E+00   
diff3 vepr-ve-2picdd           1.50000000E-02   0.0000000000E+00 +-    0.0000000000E+00   
sum diff1+dif2+diff3           1.50000000E-02   0.0000000000E+00 +-    0.0000000000E+00   
proton rms                     1.50000000E-02   2.8272042483E+00 +-    1.7524403527E-02   
neutron rms                    1.50000000E-02   2.6523190962E+00 +-    2.2987222786E-02   
total rms                      1.50000000E-02   2.7530002247E+00 +-    1.8638643737E-02   
neutron-proton rms             1.50000000E-02  -1.7488515215E-01 +-    1.8857878985E-02   
GT sigXtau+                    1.50000000E-02  -1.6798684257E-05 +-    3.7412153562E-05   
GT sigYtau+                    1.50000000E-02  -2.6717759642E-04 +-    2.9289735179E-05   
GT sigZtau+                    1.50000000E-02  -1.0645272930E-03 +-    2.9574096643E-05   
GT sigXtau-                    1.50000000E-02  -3.4670591563E-05 +-    2.3252907200E-05   
GT sigYtau-                    1.50000000E-02  -1.4514674247E-03 +-    3.4144256160E-05   
GT sigZtau-                    1.50000000E-02  -6.3356848241E-05 +-    3.1642261302E-05   
F tau+                         1.50000000E-02   1.2807377641E-18 +-    1.1234799972E-19   
F tau-                         1.50000000E-02  -7.5864647642E-19 +-    2.9872242356E-20   
Psi**2                         1.50000000E-02   1.4953863629E-05 +-    1.1450545469E-06   
single crossing/step           1.50000000E-02   7.5435975362E-03 +-    4.1305426583E-05   
global crossing/step           1.50000000E-02   7.3872653536E-03 +-    8.1756803737E-05   
energy numerator(real)         1.50000000E-02  -1.9005876559E+00 +-    8.3435666829E-01   
denominator psit/psigi(real)   1.50000000E-02   6.5613831406E-02 +-    1.3893061453E-02   
energy numerator(aimag)        1.50000000E-02  -6.9083750241E-01 +-    5.6590722706E-01   
denominator psit/psigi(aimag)  1.50000000E-02   1.6339407313E-02 +-    9.2491084283E-03   
growth(lin dt) energy          1.50000000E-02  -2.4358024005E+02 +-    5.5992308920E+00   
growth(global) energy          1.50000000E-02  -2.3058802658E+02 +-    1.1801124321E+01
growth energy                  1.50000000E-02  -2.4333727207E+02 +-    5.5793711496E+00
Time for propagation (sec) (min) =          21.966      0.366
Time for energies (sec) (min) =              0.750      0.012
Time for load balancing (sec) (min) =        0.031      0.001
Time for block (sec) (min) =                23.234      0.387
Time for operators (sec) (min) =             0.020      0.000
Elapsed block time (sec) (min) =           138.923      2.315
 
 walkers multiplicity, block, total
   0          54334         304371
   1        1013835        6036294
   2          52446         299650
   3            400           2159
   4             69            349
   5             17             88
   6             12             54
   7              4             22
   8              4             12
   9              2             11
  10              0              9
  11              0              1
  12              1              2
  13              1              6
  14              0              2
  20              0              2
 
 

iteration =                               7
walker number =                       10635
total energy-propagated        1.75000000E-02   2.9728006471E+01 +-    1.2853480364E+00   
kinetic energy                 1.75000000E-02   5.3318400141E+02 +-    4.3866569207E+00   
potential energy               1.75000000E-02  -5.0345599494E+02 +-    4.1304972011E+00   
im energy                      1.75000000E-02   3.4854479582E+01 +-    8.5036181241E-01   
imkin energy                   1.75000000E-02   2.4877549134E+01 +-    1.4230422956E+00   
impot energy                   1.75000000E-02   9.9769304478E+00 +-    9.3665066708E-01   
v cent                         1.75000000E-02  -8.2115352903E+00 +-    2.2833879009E+00   
v tau                          1.75000000E-02  -3.7038380077E+01 +-    5.2938512505E-01   
v sigma                        1.75000000E-02   2.9849803003E+00 +-    6.3565934711E-01   
v sigtau                       1.75000000E-02  -1.1890725832E+02 +-    8.9065053865E-01   
v tensor                       1.75000000E-02   1.7615378613E+01 +-    4.4256184894E-01   
v tenstau                      1.75000000E-02  -3.5989918017E+02 +-    3.9168642052E+00   
v ls                           1.75000000E-02   0.0000000000E+00 +-    0.0000000000E+00   
v lstau                        1.75000000E-02   0.0000000000E+00 +-    0.0000000000E+00   
vpot v6                        1.75000000E-02  -5.0345599494E+02 +-    4.1304972011E+00   
vpot v8                        1.75000000E-02  -5.0345599494E+02 +-    4.1304972011E+00   
v coulomb                      1.75000000E-02   1.0949371474E+00 +-    8.2830014219E-03   
v external                     1.75000000E-02   0.0000000000E+00 +-    0.0000000000E+00   
tni 2pipr-anticomm             1.75000000E-02   0.0000000000E+00 +-    0.0000000000E+00   
tni vd1pr                      1.75000000E-02   0.0000000000E+00 +-    0.0000000000E+00   
tni vepr                       1.75000000E-02   0.0000000000E+00 +-    0.0000000000E+00   
tni central                    1.75000000E-02   0.0000000000E+00 +-    0.0000000000E+00   
tni 2pixx-anticommutator       1.75000000E-02   0.0000000000E+00 +-    0.0000000000E+00   
tni 2pixd-anticommutator       1.75000000E-02   0.0000000000E+00 +-    0.0000000000E+00   
tni 2pidd-anticommutator       1.75000000E-02   0.0000000000E+00 +-    0.0000000000E+00   
tni 2pixx-commutator           1.75000000E-02   0.0000000000E+00 +-    0.0000000000E+00   
tni 2pixd-commutator           1.75000000E-02   0.0000000000E+00 +-    0.0000000000E+00   
tni 2pidd-commutator           1.75000000E-02   0.0000000000E+00 +-    0.0000000000E+00   
tni 2pi-tm                     1.75000000E-02   0.0000000000E+00 +-    0.0000000000E+00   
tni vd1                        1.75000000E-02   0.0000000000E+00 +-    0.0000000000E+00   
tni vd2                        1.75000000E-02   0.0000000000E+00 +-    0.0000000000E+00   
tni ve                         1.75000000E-02   0.0000000000E+00 +-    0.0000000000E+00   
vpottot v8+tni                 1.75000000E-02  -5.0345599494E+02 +-    4.1304972011E+00   
enetot v8+tni                  1.75000000E-02   2.9728006471E+01 +-    1.2853480364E+00   
vper cent                      1.75000000E-02  -8.2115352903E+00 +-    2.2833879009E+00   
vper tau                       1.75000000E-02  -3.7038380077E+01 +-    5.2938512505E-01   
vper sigma                     1.75000000E-02   2.9849803003E+00 +-    6.3565934711E-01   
vper sigtau                    1.75000000E-02  -1.1890725832E+02 +-    8.9065053865E-01   
vper tensor                    1.75000000E-02   1.7615378613E+01 +-    4.4256184894E-01   
vper tenstau                   1.75000000E-02  -3.5989918017E+02 +-    3.9168642052E+00   
vper ls                        1.75000000E-02   0.0000000000E+00 +-    0.0000000000E+00   
vper lstau                     1.75000000E-02   0.0000000000E+00 +-    0.0000000000E+00   
vpotper v6                     1.75000000E-02  -5.0345599494E+02 +-    4.1304972011E+00   
vpotper v8                     1.75000000E-02  -5.0345599494E+02 +-    4.1304972011E+00   
vpotv6pr-vpotv6per diff        1.75000000E-02   0.0000000000E+00 +-    0.0000000000E+00   
vpotv8pr-vpotv8per diff        1.75000000E-02   0.0000000000E+00 +-    0.0000000000E+00   
2piapr-2pia diff               1.75000000E-02   0.0000000000E+00 +-    0.0000000000E+00   
vd1pr-vd1 diff                 1.75000000E-02   0.0000000000E+00 +-    0.0000000000E+00   
vepr-ve diff                   1.75000000E-02   0.0000000000E+00 +-    0.0000000000E+00   
diff1 2piapr-2pia-2picxx       1.75000000E-02   0.0000000000E+00 +-    0.0000000000E+00   
diff2 vd1pr-vd1-2picxd         1.75000000E-02   0.0000000000E+00 +-    0.0000000000E+00   
diff3 vepr-ve-2picdd           1.75000000E-02   0.0000000000E+00 +-    0.0000000000E+00   
sum diff1+dif2+diff3           1.75000000E-02   0.0000000000E+00 +-    0.0000000000E+00   
proton rms                     1.75000000E-02   5.4992327758E-01 +-    3.3980972469E-02   
neutron rms                    1.75000000E-02   9.7924219968E-01 +-    9.6083628786E-03   
total rms                      1.75000000E-02   7.6002602982E-01 +-    2.3215650559E-02   
neutron-proton rms             1.75000000E-02   4.2931892211E-01 +-    2.1595836901E-02   
GT sigXtau+                    1.75000000E-02   5.1813137672E-03 +-    5.6223400140E-05   
GT sigYtau+                    1.75000000E-02   5.2296342125E-04 +-    5.3301695279E-05   
GT sigZtau+                    1.75000000E-02   1.4651513353E-03 +-    9.4414445499E-05   
GT sigXtau-                    1.75000000E-02   3.5947054810E-03 +-    4.5783438161E-05   
GT sigYtau-                    1.75000000E-02  -5.4642986345E-04 +-    6.5643592940E-05   
GT sigZtau-                    1.75000000E-02   5.6689018047E-03 +-    5.6859969889E-05   
F tau+                         1.75000000E-02   2.2979752803E-18 +-    8.0283732197E-20   
F tau-                         1.75000000E-02  -3.6258618396E-18 +-    1.0045310899E-19   
Psi**2                         1.75000000E-02   1.0843883977E-04 +-    2.3099793545E-06   
single crossing/step           1.75000000E-02   7.7630879859E-03 +-    4.1856347652E-05   
global crossing/step           1.75000000E-02   7.6293514414E-03 +-    8.2994086126E-05   
energy numerator(real)         1.75000000E-02   1.7042776745E+00 +-    9.3781995021E-01   
denominator psit/psigi(real)   1.75000000E-02  -1.0278507154E-02 +-    1.4047937272E-02   
energy numerator(aimag)        1.75000000E-02  -1.5974173561E+00 +-    6.7428244928E-01   
denominator psit/psigi(aimag)  1.75000000E-02  -2.1676585955E-02 +-    9.0573611125E-03   
growth(lin dt) energy          1.75000000E-02  -2.4208565580E+02 +-    5.6193567761E+00   
growth(global) energy          1.75000000E-02  -2.5050709054E+02 +-    1.1757432044E+01
growth energy                  1.75000000E-02  -2.4184785732E+02 +-    5.5996327322E+00
Time for propagation (sec) (min) =          22.012      0.367
Time for energies (sec) (min) =              0.747      0.012
Time for load balancing (sec) (min) =        0.030      0.000
Time for block (sec) (min) =                23.303      0.388
Time for operators (sec) (min) =             0.020      0.000
Elapsed block time (sec) (min) =           162.246      2.704
 
 walkers multiplicity, block, total
   0          54216         358587
   1        1015501        7051795
   2          53011         352661
   3            386           2545
   4             55            404
   5             19            107
   6              6             60
   7              4             26
   8              2             14
   9              2             13
  10              1             10
  11              1              2
  12              1              3
  13              1              7
  14              0              2
  17              1              1
  20              0              2
 
 

iteration =                               8
walker number =                       11324
total energy-propagated        2.00000000E-02  -1.2712092799E+02 +-    2.1233649679E+00   
kinetic energy                 2.00000000E-02  -1.2045130937E+02 +-    3.2651534995E+00   
potential energy               2.00000000E-02  -6.6696186224E+00 +-    1.6015339857E+00   
im energy                      2.00000000E-02  -2.4783493875E+01 +-    1.7487039196E+00   
imkin energy                   2.00000000E-02  -2.8312030103E+01 +-    1.7883209869E+00   
impot energy                   2.00000000E-02   3.5285362275E+00 +-    1.0976497639E+00   
v cent                         2.00000000E-02   1.8246012455E+02 +-    3.2824443066E+00   
v tau                          2.00000000E-02  -4.7341919915E+01 +-    5.9146676081E-01   
v sigma                        2.00000000E-02  -1.5844953951E+01 +-    8.8078558392E-01   
v sigtau                       2.00000000E-02  -1.5728304028E+02 +-    9.7116164841E-01   
v tensor                       2.00000000E-02   1.1007168256E+01 +-    3.1401965247E-01   
v tenstau                      2.00000000E-02   2.0333002721E+01 +-    2.9080859627E+00   
v ls                           2.00000000E-02   0.0000000000E+00 +-    0.0000000000E+00   
v lstau                        2.00000000E-02   0.0000000000E+00 +-    0.0000000000E+00   
vpot v6                        2.00000000E-02  -6.6696186224E+00 +-    1.6015339857E+00   
vpot v8                        2.00000000E-02  -6.6696186224E+00 +-    1.6015339857E+00   
v coulomb                      2.00000000E-02   1.6721836672E+00 +-    1.5696779518E-02   
v external                     2.00000000E-02   0.0000000000E+00 +-    0.0000000000E+00   
tni 2pipr-anticomm             2.00000000E-02   0.0000000000E+00 +-    0.0000000000E+00   
tni vd1pr                      2.00000000E-02   0.0000000000E+00 +-    0.0000000000E+00   
tni vepr                       2.00000000E-02   0.0000000000E+00 +-    0.0000000000E+00   
tni central                    2.00000000E-02   0.0000000000E+00 +-    0.0000000000E+00   
tni 2pixx-anticommutator       2.00000000E-02   0.0000000000E+00 +-    0.0000000000E+00   
tni 2pixd-anticommutator       2.00000000E-02   0.0000000000E+00 +-    0.0000000000E+00   
tni 2pidd-anticommutator       2.00000000E-02   0.0000000000E+00 +-    0.0000000000E+00   
tni 2pixx-commutator           2.00000000E-02   0.0000000000E+00 +-    0.0000000000E+00   
tni 2pixd-commutator           2.00000000E-02   0.0000000000E+00 +-    0.0000000000E+00   
tni 2pidd-commutator           2.00000000E-02   0.0000000000E+00 +-    0.0000000000E+00   
tni 2pi-tm                     2.00000000E-02   0.0000000000E+00 +-    0.0000000000E+00   
tni vd1                        2.00000000E-02   0.0000000000E+00 +-    0.0000000000E+00   
tni vd2                        2.00000000E-02   0.0000000000E+00 +-    0.0000000000E+00   
tni ve                         2.00000000E-02   0.0000000000E+00 +-    0.0000000000E+00   
vpottot v8+tni                 2.00000000E-02  -6.6696186224E+00 +-    1.6015339857E+00   
enetot v8+tni                  2.00000000E-02  -1.2712092799E+02 +-    2.1233649679E+00   
vper cent                      2.00000000E-02   1.8246012455E+02 +-    3.2824443066E+00   
vper tau                       2.00000000E-02  -4.7341919915E+01 +-    5.9146676081E-01   
vper sigma                     2.00000000E-02  -1.5844953951E+01 +-    8.8078558392E-01   
vper sigtau                    2.00000000E-02  -1.5728304028E+02 +-    9.7116164841E-01   
vper tensor                    2.00000000E-02   1.1007168256E+01 +-    3.1401965247E-01   
vper tenstau                   2.00000000E-02   2.0333002721E+01 +-    2.9080859627E+00   
vper ls                        2.00000000E-02   0.0000000000E+00 +-    0.0000000000E+00   
vper lstau                     2.00000000E-02   0.0000000000E+00 +-    0.0000000000E+00   
vpotper v6                     2.00000000E-02  -6.6696186224E+00 +-    1.6015339857E+00   
vpotper v8                     2.00000000E-02  -6.6696186224E+00 +-    1.6015339857E+00   
vpotv6pr-vpotv6per diff        2.00000000E-02   0.0000000000E+00 +-    0.0000000000E+00   
vpotv8pr-vpotv8per diff        2.00000000E-02   0.0000000000E+00 +-    0.0000000000E+00   
2piapr-2pia diff               2.00000000E-02   0.0000000000E+00 +-    0.0000000000E+00   
vd1pr-vd1 diff                 2.00000000E-02   0.0000000000E+00 +-    0.0000000000E+00   
vepr-ve diff                   2.00000000E-02   0.0000000000E+00 +-    0.0000000000E+00   
diff1 2piapr-2pia-2picxx       2.00000000E-02   0.0000000000E+00 +-    0.0000000000E+00   
diff2 vd1pr-vd1-2picxd         2.00000000E-02   0.0000000000E+00 +-    0.0000000000E+00   
diff3 vepr-ve-2picdd           2.00000000E-02   0.0000000000E+00 +-    0.0000000000E+00   
sum diff1+dif2+diff3           2.00000000E-02   0.0000000000E+00 +-    0.0000000000E+00   
proton rms                     2.00000000E-02  -3.7804168047E-01 +-    4.5344135942E-02   
neutron rms                    2.00000000E-02   1.3279813737E+00 +-    1.2840678072E-02   
total rms                      2.00000000E-02   6.8931558210E-01 +-    2.1363242050E-02   
neutron-proton rms             2.00000000E-02   1.7060230542E+00 +-    4.0880345081E-02   
GT sigXtau+                    2.00000000E-02  -2.1754482529E-03 +-    4.3131675892E-05   
GT sigYtau+                    2.00000000E-02   1.4631162103E-03 +-    7.0205143818E-05   
GT sigZtau+                    2.00000000E-02   1.3414319962E-03 +-    3.0488242494E-05   
GT sigXtau-                    2.00000000E-02  -1.1076834751E-04 +-    1.5920909908E-05   
GT sigYtau-                    2.00000000E-02  -1.1365313890E-03 +-    5.6516442848E-05   
GT sigZtau-                    2.00000000E-02   4.4561390040E-04 +-    4.3284905677E-05   
F tau+                         2.00000000E-02   2.3844387083E-18 +-    7.5742777075E-20   
F tau-                         2.00000000E-02   1.1167697796E-18 +-    7.2968467837E-20   
Psi**2                         2.00000000E-02  -3.6493245553E-05 +-    1.4410773460E-06   
single crossing/step           2.00000000E-02   8.1925313450E-03 +-    4.3099480449E-05   
global crossing/step           2.00000000E-02   7.9940963297E-03 +-    8.5157147315E-05   
energy numerator(real)         2.00000000E-02   2.6916745252E+00 +-    1.2144943031E+00   
denominator psit/psigi(real)   2.00000000E-02  -2.5474589646E-02 +-    1.3418609705E-02   
energy numerator(aimag)        2.00000000E-02   3.1221797444E+00 +-    1.0026288072E+00   
denominator psit/psigi(aimag)  2.00000000E-02  -1.8703321135E-02 +-    8.7063514661E-03   
growth(lin dt) energy          2.00000000E-02  -2.7088549192E+02 +-    5.7924122837E+00   
growth(global) energy          2.00000000E-02  -2.7676664573E+02 +-    1.1385151567E+01
growth energy                  2.00000000E-02  -2.7053832261E+02 +-    5.7679300697E+00
Time for propagation (sec) (min) =          21.903      0.365
Time for energies (sec) (min) =              0.795      0.013
Time for load balancing (sec) (min) =        0.031      0.001
Time for block (sec) (min) =                23.202      0.387
Time for operators (sec) (min) =             0.016      0.000
Elapsed block time (sec) (min) =           185.463      3.091
 
 walkers multiplicity, block, total
   0          54737         413324
   1        1008215        8060010
   2          54124         406785
   3            409           2954
   4             85            489
   5             21            128
   6              7             67
   7              6             32
   8              2             16
   9              0             13
  10              0             10
  11              0              2
  12              2              5
  13              1              8
  14              2              4
  17              0              1
  20              0              2
 
 

iteration =                               9
walker number =                       11732
total energy-propagated        2.25000000E-02  -2.1957375602E+01 +-    9.5988930280E-01   
kinetic energy                 2.25000000E-02   1.9635119864E+02 +-    2.5201522956E+00   
potential energy               2.25000000E-02  -2.1830857424E+02 +-    2.8268954159E+00   
im energy                      2.25000000E-02  -9.3729282600E+00 +-    5.2228297810E-01   
imkin energy                   2.25000000E-02  -1.4381809765E+01 +-    1.5912214185E+00   
impot energy                   2.25000000E-02   5.0088815053E+00 +-    1.5525384613E+00   
v cent                         2.25000000E-02   2.7500398925E+00 +-    8.6791451909E-01   
v tau                          2.25000000E-02   8.5713529791E+00 +-    3.5141726984E-01   
v sigma                        2.25000000E-02  -3.3529128619E+01 +-    5.2140182257E-01   
v sigtau                       2.25000000E-02  -1.0676306736E+02 +-    6.3035538374E-01   
v tensor                       2.25000000E-02  -3.9037796164E+00 +-    1.7969434047E-01   
v tenstau                      2.25000000E-02  -8.5433991513E+01 +-    2.4964835522E+00   
v ls                           2.25000000E-02   0.0000000000E+00 +-    0.0000000000E+00   
v lstau                        2.25000000E-02   0.0000000000E+00 +-    0.0000000000E+00   
vpot v6                        2.25000000E-02  -2.1830857424E+02 +-    2.8268954159E+00   
vpot v8                        2.25000000E-02  -2.1830857424E+02 +-    2.8268954159E+00   
v coulomb                      2.25000000E-02   1.0940522419E+00 +-    3.1391577433E-03   
v external                     2.25000000E-02   0.0000000000E+00 +-    0.0000000000E+00   
tni 2pipr-anticomm             2.25000000E-02   0.0000000000E+00 +-    0.0000000000E+00   
tni vd1pr                      2.25000000E-02   0.0000000000E+00 +-    0.0000000000E+00   
tni vepr                       2.25000000E-02   0.0000000000E+00 +-    0.0000000000E+00   
tni central                    2.25000000E-02   0.0000000000E+00 +-    0.0000000000E+00   
tni 2pixx-anticommutator       2.25000000E-02   0.0000000000E+00 +-    0.0000000000E+00   
tni 2pixd-anticommutator       2.25000000E-02   0.0000000000E+00 +-    0.0000000000E+00   
tni 2pidd-anticommutator       2.25000000E-02   0.0000000000E+00 +-    0.0000000000E+00   
tni 2pixx-commutator           2.25000000E-02   0.0000000000E+00 +-    0.0000000000E+00   
tni 2pixd-commutator           2.25000000E-02   0.0000000000E+00 +-    0.0000000000E+00   
tni 2pidd-commutator           2.25000000E-02   0.0000000000E+00 +-    0.0000000000E+00   
tni 2pi-tm                     2.25000000E-02   0.0000000000E+00 +-    0.0000000000E+00   
tni vd1                        2.25000000E-02   0.0000000000E+00 +-    0.0000000000E+00   
tni vd2                        2.25000000E-02   0.0000000000E+00 +-    0.0000000000E+00   
tni ve                         2.25000000E-02   0.0000000000E+00 +-    0.0000000000E+00   
vpottot v8+tni                 2.25000000E-02  -2.1830857424E+02 +-    2.8268954159E+00   
enetot v8+tni                  2.25000000E-02  -2.1957375602E+01 +-    9.5988930280E-01   
vper cent                      2.25000000E-02   2.7500398925E+00 +-    8.6791451909E-01   
vper tau                       2.25000000E-02   8.5713529791E+00 +-    3.5141726984E-01   
vper sigma                     2.25000000E-02  -3.3529128619E+01 +-    5.2140182257E-01   
vper sigtau                    2.25000000E-02  -1.0676306736E+02 +-    6.3035538374E-01   
vper tensor                    2.25000000E-02  -3.9037796164E+00 +-    1.7969434047E-01   
vper tenstau                   2.25000000E-02  -8.5433991513E+01 +-    2.4964835522E+00   
vper ls                        2.25000000E-02   0.0000000000E+00 +-    0.0000000000E+00   
vper lstau                     2.25000000E-02   0.0000000000E+00 +-    0.0000000000E+00   
vpotper v6                     2.25000000E-02  -2.1830857424E+02 +-    2.8268954159E+00   
vpotper v8                     2.25000000E-02  -2.1830857424E+02 +-    2.8268954159E+00   
vpotv6pr-vpotv6per diff        2.25000000E-02   0.0000000000E+00 +-    0.0000000000E+00   
vpotv8pr-vpotv8per diff        2.25000000E-02   0.0000000000E+00 +-    0.0000000000E+00   
2piapr-2pia diff               2.25000000E-02   0.0000000000E+00 +-    0.0000000000E+00   
vd1pr-vd1 diff                 2.25000000E-02   0.0000000000E+00 +-    0.0000000000E+00   
vepr-ve diff                   2.25000000E-02   0.0000000000E+00 +-    0.0000000000E+00   
diff1 2piapr-2pia-2picxx       2.25000000E-02   0.0000000000E+00 +-    0.0000000000E+00   
diff2 vd1pr-vd1-2picxd         2.25000000E-02   0.0000000000E+00 +-    0.0000000000E+00   
diff3 vepr-ve-2picdd           2.25000000E-02   0.0000000000E+00 +-    0.0000000000E+00   
sum diff1+dif2+diff3           2.25000000E-02   0.0000000000E+00 +-    0.0000000000E+00   
proton rms                     2.25000000E-02   9.2711618789E-01 +-    1.3260478595E-02   
neutron rms                    2.25000000E-02   1.1038446675E+00 +-    3.0190351682E-03   
total rms                      2.25000000E-02   1.0246852982E+00 +-    8.4408972458E-03   
neutron-proton rms             2.25000000E-02   1.7672847963E-01 +-    7.1690092338E-03   
GT sigXtau+                    2.25000000E-02  -7.0252778245E-04 +-    2.8634238786E-05   
GT sigYtau+                    2.25000000E-02   2.7736341429E-04 +-    4.8755206069E-05   
GT sigZtau+                    2.25000000E-02  -3.5515178891E-04 +-    3.3174112850E-05   
GT sigXtau-                    2.25000000E-02  -8.7042631911E-04 +-    3.4698827985E-05   
GT sigYtau-                    2.25000000E-02  -1.0819996685E-04 +-    4.0763989034E-05   
GT sigZtau-                    2.25000000E-02  -4.2302063656E-04 +-    4.0059532365E-05   
F tau+                         2.25000000E-02  -1.6952513612E-18 +-    5.6248967621E-20   
F tau-                         2.25000000E-02   1.1302494860E-19 +-    9.4589399888E-20   
Psi**2                         2.25000000E-02   3.8207660718E-05 +-    1.0574940389E-06   
single crossing/step           2.25000000E-02   8.1153534972E-03 +-    4.2843627527E-05   
global crossing/step           2.25000000E-02   8.0195782789E-03 +-    8.5184237745E-05   
energy numerator(real)         2.25000000E-02   1.9843435772E+00 +-    9.1765945496E-01   
denominator psit/psigi(real)   2.25000000E-02  -7.8709658363E-02 +-    1.3301571126E-02   
energy numerator(aimag)        2.25000000E-02   7.5503643614E-01 +-    6.4368397696E-01   
denominator psit/psigi(aimag)  2.25000000E-02   1.7643356462E-02 +-    8.4900427767E-03   
growth(lin dt) energy          2.25000000E-02  -2.5586198450E+02 +-    5.7256672456E+00   
growth(global) energy          2.25000000E-02  -2.6256875988E+02 +-    1.2276873257E+01
growth energy                  2.25000000E-02  -2.5557443628E+02 +-    5.7036050241E+00
Time for propagation (sec) (min) =          21.966      0.366
Time for energies (sec) (min) =              0.824      0.014
Time for load balancing (sec) (min) =        0.030      0.000
Time for block (sec) (min) =                23.266      0.388
Time for operators (sec) (min) =             0.021      0.000
Elapsed block time (sec) (min) =           208.759      3.479
 
 walkers multiplicity, block, total
   0          55481         468805
   1        1009669        9069679
   2          54704         461489
   3            367           3321
   4             70            559
   5             30            158
   6             10             77
   7              6             38
   8              1             17
   9              1             14
  10              1             11
  11              0              2
  12              1              6
  13              0              8
  14              0              4
  17              0              1
  20              0              2
 
 

iteration =                              10
walker number =                       10431
total energy-propagated        2.50000000E-02   1.6626896972E+02 +-    1.9895286664E+00   
kinetic energy                 2.50000000E-02   2.3438243954E+02 +-    8.3895336501E+00   
potential energy               2.50000000E-02  -6.8113469823E+01 +-    7.9562995293E+00   
im energy                      2.50000000E-02   7.6272751785E+00 +-    2.3074474186E+00   
imkin energy                   2.50000000E-02  -1.1452011486E+02 +-    1.8025414289E+00   
impot energy                   2.50000000E-02   1.2214739004E+02 +-    2.8082582145E+00   
v cent                         2.50000000E-02   3.2693028285E+02 +-    3.9633587332E+00   
v tau                          2.50000000E-02   3.2498237088E+01 +-    1.4966941342E+00   
v sigma                        2.50000000E-02   1.2337462180E+02 +-    1.8110304380E+00   
v sigtau                       2.50000000E-02   3.7708207456E+01 +-    1.2625333015E+00   
v tensor                       2.50000000E-02   6.0336371394E+01 +-    8.3906291898E-01   
v tenstau                      2.50000000E-02  -6.4896119041E+02 +-    7.6761421601E+00   
v ls                           2.50000000E-02   0.0000000000E+00 +-    0.0000000000E+00   
v lstau                        2.50000000E-02   0.0000000000E+00 +-    0.0000000000E+00   
vpot v6                        2.50000000E-02  -6.8113469823E+01 +-    7.9562995293E+00   
vpot v8                        2.50000000E-02  -6.8113469823E+01 +-    7.9562995293E+00   
v coulomb                      2.50000000E-02   3.6805784106E-01 +-    3.2021881502E-02   
v external                     2.50000000E-02   0.0000000000E+00 +-    0.0000000000E+00   
tni 2pipr-anticomm             2.50000000E-02   0.0000000000E+00 +-    0.0000000000E+00   
tni vd1pr                      2.50000000E-02   0.0000000000E+00 +-    0.0000000000E+00   
tni vepr                       2.50000000E-02   0.0000000000E+00 +-    0.0000000000E+00   
tni central                    2.50000000E-02   0.0000000000E+00 +-    0.0000000000E+00   
tni 2pixx-anticommutator       2.50000000E-02   0.0000000000E+00 +-    0.0000000000E+00   
tni 2pixd-anticommutator       2.50000000E-02   0.0000000000E+00 +-    0.0000000000E+00   
tni 2pidd-anticommutator       2.50000000E-02   0.0000000000E+00 +-    0.0000000000E+00   
tni 2pixx-commutator           2.50000000E-02   0.0000000000E+00 +-    0.0000000000E+00   
tni 2pixd-commutator           2.50000000E-02   0.0000000000E+00 +-    0.0000000000E+00   
tni 2pidd-commutator           2.50000000E-02   0.0000000000E+00 +-    0.0000000000E+00   
tni 2pi-tm                     2.50000000E-02   0.0000000000E+00 +-    0.0000000000E+00   
tni vd1                        2.50000000E-02   0.0000000000E+00 +-    0.0000000000E+00   
tni vd2                        2.50000000E-02   0.0000000000E+00 +-    0.0000000000E+00   
tni ve                         2.50000000E-02   0.0000000000E+00 +-    0.0000000000E+00   
vpottot v8+tni                 2.50000000E-02  -6.8113469823E+01 +-    7.9562995293E+00   
enetot v8+tni                  2.50000000E-02   1.6626896972E+02 +-    1.9895286664E+00   
vper cent                      2.50000000E-02   3.2693028285E+02 +-    3.9633587332E+00   
vper tau                       2.50000000E-02   3.2498237088E+01 +-    1.4966941342E+00   
vper sigma                     2.50000000E-02   1.2337462180E+02 +-    1.8110304380E+00   
vper sigtau                    2.50000000E-02   3.7708207456E+01 +-    1.2625333015E+00   
vper tensor                    2.50000000E-02   6.0336371394E+01 +-    8.3906291898E-01   
vper tenstau                   2.50000000E-02  -6.4896119041E+02 +-    7.6761421601E+00   
vper ls                        2.50000000E-02   0.0000000000E+00 +-    0.0000000000E+00   
vper lstau                     2.50000000E-02   0.0000000000E+00 +-    0.0000000000E+00   
vpotper v6                     2.50000000E-02  -6.8113469823E+01 +-    7.9562995293E+00   
vpotper v8                     2.50000000E-02  -6.8113469823E+01 +-    7.9562995293E+00   
vpotv6pr-vpotv6per diff        2.50000000E-02   0.0000000000E+00 +-    0.0000000000E+00   
vpotv8pr-vpotv8per diff        2.50000000E-02   0.0000000000E+00 +-    0.0000000000E+00   
2piapr-2pia diff               2.50000000E-02   0.0000000000E+00 +-    0.0000000000E+00   
vd1pr-vd1 diff                 2.50000000E-02   0.0000000000E+00 +-    0.0000000000E+00   
vepr-ve diff                   2.50000000E-02   0.0000000000E+00 +-    0.0000000000E+00   
diff1 2piapr-2pia-2picxx       2.50000000E-02   0.0000000000E+00 +-    0.0000000000E+00   
diff2 vd1pr-vd1-2picxd         2.50000000E-02   0.0000000000E+00 +-    0.0000000000E+00   
diff3 vepr-ve-2picdd           2.50000000E-02   0.0000000000E+00 +-    0.0000000000E+00   
sum diff1+dif2+diff3           2.50000000E-02   0.0000000000E+00 +-    0.0000000000E+00   
proton rms                     2.50000000E-02   1.7988332629E+00 +-    3.5658866508E-02   
neutron rms                    2.50000000E-02   1.4276712997E+00 +-    3.8852738313E-02   
total rms                      2.50000000E-02   1.6907505765E+00 +-    2.8801150951E-02   
neutron-proton rms             2.50000000E-02  -3.7116196322E-01 +-    4.9724128953E-02   
GT sigXtau+                    2.50000000E-02  -9.9403194717E-03 +-    6.2418251629E-05   
GT sigYtau+                    2.50000000E-02  -4.3740734212E-03 +-    7.9445289185E-05   
GT sigZtau+                    2.50000000E-02   8.2992406176E-03 +-    1.3530471915E-04   
GT sigXtau-                    2.50000000E-02  -1.6613931768E-03 +-    9.9229228087E-05   
GT sigYtau-                    2.50000000E-02   1.3060254528E-03 +-    9.8140136651E-05   
GT sigZtau-                    2.50000000E-02   8.9168922711E-03 +-    1.1180487499E-04   
F tau+                         2.50000000E-02   4.8164790482E-18 +-    1.8896741995E-19   
F tau-                         2.50000000E-02  -2.8876887507E-18 +-    1.4309994521E-19   
Psi**2                         2.50000000E-02   1.7709475607E-04 +-    2.1939749831E-06   
single crossing/step           2.50000000E-02   8.6075247061E-03 +-    4.4194936701E-05   
global crossing/step           2.50000000E-02   8.4596637009E-03 +-    8.7633933613E-05   
energy numerator(real)         2.50000000E-02   1.3416898535E+00 +-    1.0636321769E+00   
denominator psit/psigi(real)   2.50000000E-02   3.2584471080E-03 +-    1.4217577689E-02   
energy numerator(aimag)        2.50000000E-02   1.8214650845E+00 +-    6.9320235971E-01   
denominator psit/psigi(aimag)  2.50000000E-02   1.2236078106E-02 +-    9.1269538804E-03   
growth(lin dt) energy          2.50000000E-02  -2.7947979102E+02 +-    6.1453630397E+00   
growth(global) energy          2.50000000E-02  -2.7923417816E+02 +-    1.2971170328E+01
growth energy                  2.50000000E-02  -2.7909599861E+02 +-    6.1180532135E+00
Time for propagation (sec) (min) =          21.880      0.365
Time for energies (sec) (min) =              0.732      0.012
Time for load balancing (sec) (min) =        0.029      0.000
Time for block (sec) (min) =                23.109      0.385
Time for operators (sec) (min) =             0.018      0.000
Elapsed block time (sec) (min) =           231.886      3.865
 
 walkers multiplicity, block, total
   0          58329         527134
   1        1014113       10083792
   2          55230         516719
   3            508           3829
   4            115            674
   5             34            192
   6             14             91
   7             10             48
   8              8             25
   9              3             17
  10              4             15
  11              0              2
  12              1              7
  13              1              9
  14              1              5
  17              0              1
  20              1              3
 
 

Time for steps      =     231.895 seconds,        3.865 minutes
Master Time for steps =     231.773 seconds,        3.863 minutes

Number of cpus =       100
Total job time =     236.859 seconds,        3.948 minutes,        0.066 hours
Total cpu-time =     394.764 minutes,        6.579 hours
Total time =         236.629 seconds,        3.944 minutes,        0.066 hours
Finished!
