Unconstrained Diffusion Monte Carlo Run -- no drift
!-!-!-!-!-!-!-!-!-!-!-!-!-!-!-!-!-!-!-!-!-!-!-!-!-!
MPI parameters:
Number of boss cpus =                         100
Number of worker cpus for each boss =           0
Total number of cpus =                        100
Simulation parameters:
random number seed =                          321
hbar^2/2m =                              20.73554
start from sites =                              F
nwalk =                                     10000
equilibration blocks =                          0
averaging blocks =                             10
nsteps/blocks =                               100
time step =                          0.0000250000
time step rotations (vmc) =          0.1700000000
trial energy =                          -26.00000
drift cutoff =                            0.00000
drastic population control up =           1.20000
drastic population control down =         0.80000
rebalance if walkers fluctuate more than   2.00 %
weight cut off =                         20.00000
table size =                                 8000
!-!-!-!-!-!-!-!-!-!-!-!-!-!-!-!-!-!-!-!-!-!-!-!-!-!
System parameters:
lpot =                                         11
lpotper =                                      11
potential  =                          argonne v6'
potentialpr =                         argonne v6'
Coulomb included in energy-propagation          F
multiply central v by =                   1.00000
multiply tau v by =                       1.00000
multiply sigma v by =                     1.00000
multiply sigma tau v by =                 1.00000
multiply tensor v by =                    1.00000
multiply tensor tau v by =                1.00000
multiply spin-orbit v by =                0.00000
multiply spin-orbit tau v by =            0.00000
three-body potential =                        no3
ibox (0 is nearest image) =                     0
!-!-!-!-!-!-!-!-!-!-!-!-!-!-!-!-!-!-!-!-!-!-!-!-!-!
propagate LS =                                  F
calculate LS =                                  F
type of correlations =           independent pair
scale orbital   1 with factor    1.14000
determinant # 1
coefficient                     1.00000   0.00000
1  1  0  1  alpha.orb    # 2J,2M,L,tau radial_file for state                    
1 -1  0  1  alpha.orb    # 2J,2M,L,tau radial_file for state                    
1  1  0 -1  alpha.orb    # 2J,2M,L,tau radial_file for state                    
1 -1  0 -1  alpha.orb    # 2J,2M,L,tau radial_file for state                    
rescaled coefficient            1.00000   0.00000
!-!-!-!-!-!-!-!-!-!-!-!-!-!-!-!-!-!-!-!-!-!-!-!-!-!
No external potential
!-!-!-!-!-!-!-!-!-!-!-!-!-!-!-!-!-!-!-!-!-!-!-!-!-!
rcut in pair sampling =                   1.00000
acut in pair sampling =                   5.00000
a constant in psig =                      0.20000
Number of protons =                             2
Number of neutrons =                            2
range of the potential =                 20.00000
!-!-!-!-!-!-!-!-!-!-!-!-!-!-!-!-!-!-!-!-!-!-!-!-!-!
do V3 =                                         F
three body force =                            no3
three body a2piPwa =                      0.000000000000000
three body a2piPwc =                      0.000000000000000
three body a2piSw =                       0.000000000000000
three body Vd,C,c3 =                      0.000000000000000
three body Ve,C,c3 =                      0.000000000000000
three body A_R =                          0.000000000000000
three body Vd1 =                          0.000000000000000
three body Vd2 =                          0.000000000000000
three body Ve =                           0.000000000000000
propagator: multiply the antic by =       0.000000000000000
propagator: multiply the Vd1 by =         0.000000000000000
propagator: multiply the Ve by =          0.000000000000000
propagator: three body a2piPW =           0.000000000000000
!-!-!-!-!-!-!-!-!-!-!-!-!-!-!-!-!-!-!-!-!-!-!-!-!-!
jastrow healing distance dc =             4.47768
jastrow healing distance dtn =           11.57317
jastrow rho =                             0.01000
potential quencher acn (v1) =             1.50851
potential quencher at  (v2) =             6.06936
potential quencher as  (v3) =             2.76780
potential quencher ast (v4) =             0.80880
potential quencher atn (v5) =             0.61864
potential quencher atn (v6) =             0.20141
potential quencher als (v7) =             0.00000
potential quencher alst (v8) =            0.00000
correlation quencher bt (f2) =            0.26685
correlation quencher bs (f3) =           -0.10565
correlation quencher bst (f4) =           0.42277
correlation quencher btn (f5) =           1.08683
correlation quencher btn (f6) =           4.44810
correlation quencher bls (f7) =           0.00000
correlation quencher blst (f8) =          0.00000
!-!-!-!-!-!-!-!-!-!-!-!-!-!-!-!-!-!-!-!-!-!-!-!-!-!
q1c parameter in f3c =                   12.87526
q2c parameter in f3c =                    1.60340
q1p parameter in f3p =                   -1.81620
q2p parameter in f3p =                    2.14789
!-!-!-!-!-!-!-!-!-!-!-!-!-!-!-!-!-!-!-!-!-!-!-!-!-!
rscal parameter in Uijk cent =            1.00000
rscal parameter in Uijk xpi =             1.00000
rscal parameter in Uijk delta =           1.00000
eps_c parameter in Uijk =                 0.00000
eps_anti parameter in Uijk =              0.00000
eps_tm parameter in Uijk =                0.00000
eps_vd1 parameter in Uijk =               0.00000
eps_vd2 parameter in Uijk =               0.00000
eps_vdc3 parameter in Uijk =              0.00000
eps_vec3 parameter in Uijk =              0.00000
eps_ve parameter in Uijk =                0.00000
eps_comm parameter in Uijk =              0.00000
eps_comm-XD parameter in Uijk =           0.00000
eps_comm-DD parameter in Uijk =           0.00000
TNI-comm correlation included =                 F
!-!-!-!-!-!-!-!-!-!-!-!-!-!-!-!-!-!-!-!-!-!-!-!-!-!
CSB correlation rscalpp =                 1.00000
CSB correlation rscalnn =                 1.00000
CSB correlation quencher pp =             0.00000
CSB correlation quencher nn =             0.00000
CSB correlation included =                      F
!-!-!-!-!-!-!-!-!-!-!-!-!-!-!-!-!-!-!-!-!-!-!-!-!-!
jastrow initialized
!-!-!-!-!-!-!-!-!-!-!-!-!-!-!-!-!-!-!-!-!-!-!-!-!-!
Symmetrize V6 in the propagator =               T
New propagation of Vlstau and commutator included!
Coulomb included in energy (and propag)         F
Initial walkers from file
Number of walkers =                          8828
Configurations at tau =              3.2125000000
Reset tau =                          0.0000000000
!-!-!-!-!-!-!-!-!-!-!-!-!-!-!-!-!-!-!-!-!-!-!-!-!-!
Time for reading configurations (sec.) =       0.74
!-!-!-!-!-!-!-!-!-!-!-!-!-!-!-!-!-!-!-!-!-!-!-!-!-!
Initial configurations:
total energy-propagated        0.00000000E+00  -2.6606491422E+01 +-    3.1981441312E-01   
kinetic energy                 0.00000000E+00   1.0588905147E+02 +-    1.6416105548E+00   
potential energy               0.00000000E+00  -1.3249554289E+02 +-    1.6026614826E+00   
v cent                         0.00000000E+00   1.4707290749E+01 +-    1.4507532522E+00   
v tau                          0.00000000E+00  -7.1477315356E+00 +-    2.3494896193E-01   
v sigma                        0.00000000E+00  -8.2822805737E+00 +-    2.3955632488E-01   
v sigtau                       0.00000000E+00  -5.9336884595E+01 +-    5.4018507011E-01   
v tensor                       0.00000000E+00   2.0522639314E-01 +-    1.2627504071E-01   
v tenstau                      0.00000000E+00  -7.2641163331E+01 +-    9.4632446031E-01   
v ls                           0.00000000E+00   0.0000000000E+00 +-    0.0000000000E+00   
v lstau                        0.00000000E+00   0.0000000000E+00 +-    0.0000000000E+00   
v coulomb                      0.00000000E+00   7.3804392618E-01 +-    2.8199371566E-03   
v external                     0.00000000E+00   0.0000000000E+00 +-    0.0000000000E+00   
tni 2pipr-anticomm             0.00000000E+00   0.0000000000E+00 +-    0.0000000000E+00   
tni vd1pr                      0.00000000E+00   0.0000000000E+00 +-    0.0000000000E+00   
tni vepr                       0.00000000E+00   0.0000000000E+00 +-    0.0000000000E+00   
tni central                    0.00000000E+00   0.0000000000E+00 +-    0.0000000000E+00   
tni 2pixx-anticommutator       0.00000000E+00   0.0000000000E+00 +-    0.0000000000E+00   
tni 2pixd-anticommutator       0.00000000E+00   0.0000000000E+00 +-    0.0000000000E+00   
tni 2pidd-anticommutator       0.00000000E+00   0.0000000000E+00 +-    0.0000000000E+00   
tni 2pixx-commutator           0.00000000E+00   0.0000000000E+00 +-    0.0000000000E+00   
tni 2pixd-commutator           0.00000000E+00   0.0000000000E+00 +-    0.0000000000E+00   
tni 2pidd-commutator           0.00000000E+00   0.0000000000E+00 +-    0.0000000000E+00   
tni 2pi-tm                     0.00000000E+00   0.0000000000E+00 +-    0.0000000000E+00   
tni vd1                        0.00000000E+00   0.0000000000E+00 +-    0.0000000000E+00   
tni vd2                        0.00000000E+00   0.0000000000E+00 +-    0.0000000000E+00   
tni ve                         0.00000000E+00   0.0000000000E+00 +-    0.0000000000E+00   
enetot v8+tni                  0.00000000E+00  -2.6606491422E+01 +-    3.1981441312E-01   
!-!-!-!-!-!-!-!-!-!-!-!-!-!-!-!-!-!-!-!-!-!-!-!-!-!
Psi**2 of initial configurations  =   0.2544481E-04  0.0000000E+00  +-    0.6519315E-06  0.0000000E+00
Psig**2 of initial configurations =   0.1635116E-04  0.0000000E+00  +-    0.4926831E-06  0.0000000E+00
!-!-!-!-!-!-!-!-!-!-!-!-!-!-!-!-!-!-!-!-!-!-!-!-!-!
T**2 of initial configurations  =  -0.1678611E-07  0.1281834E-08
Tz of initial configurations    =   0.1260929E-14 -0.4840149E-14
J**2 of initial configurations  =   0.3058608E-07  0.2181489E-08
Jz of initial configurations    =  -0.2743981E-14 -0.2786352E-13
!-!-!-!-!-!-!-!-!-!-!-!-!-!-!-!-!-!-!-!-!-!-!-!-!-!
!-!-!-!-!-!-!-!-!-!-!-!-!-!-!-!-!-!-!-!-!-!-!-!-!-!
Time to process initial configurations (sec.) =       1.53
!-!-!-!-!-!-!-!-!-!-!-!-!-!-!-!-!-!-!-!-!-!-!-!-!-!

equilibration done

iteration =                               1
walker number =                       11266
total energy-propagated        2.50000000E-03  -2.7541101455E+01 +-    3.1182793217E-01   
kinetic energy                 2.50000000E-03   1.0092714823E+02 +-    1.4869498711E+00   
potential energy               2.50000000E-03  -1.2846824968E+02 +-    1.4451847284E+00   
im energy                      2.50000000E-03  -3.5898294955E-01 +-    1.9124237527E-01   
imkin energy                   2.50000000E-03   8.8987665799E-01 +-    4.2162560942E-01   
impot energy                   2.50000000E-03  -1.2488596075E+00 +-    4.1283103931E-01   
v cent                         2.50000000E-03   1.7027721073E+01 +-    1.3279347995E+00   
v tau                          2.50000000E-03  -7.5597318800E+00 +-    2.2220279331E-01   
v sigma                        2.50000000E-03  -9.5627285912E+00 +-    2.3525949004E-01   
v sigtau                       2.50000000E-03  -6.0806242565E+01 +-    4.8196133485E-01   
v tensor                       2.50000000E-03   4.7437044729E-01 +-    1.2151065154E-01   
v tenstau                      2.50000000E-03  -6.8041638166E+01 +-    9.3393204305E-01   
v ls                           2.50000000E-03   0.0000000000E+00 +-    0.0000000000E+00   
v lstau                        2.50000000E-03   0.0000000000E+00 +-    0.0000000000E+00   
vpot v6                        2.50000000E-03  -1.2846824968E+02 +-    1.4451847284E+00   
vpot v8                        2.50000000E-03  -1.2846824968E+02 +-    1.4451847284E+00   
v coulomb                      2.50000000E-03   7.3146090354E-01 +-    2.6317840814E-03   
v external                     2.50000000E-03   0.0000000000E+00 +-    0.0000000000E+00   
tni 2pipr-anticomm             2.50000000E-03   0.0000000000E+00 +-    0.0000000000E+00   
tni vd1pr                      2.50000000E-03   0.0000000000E+00 +-    0.0000000000E+00   
tni vepr                       2.50000000E-03   0.0000000000E+00 +-    0.0000000000E+00   
tni central                    2.50000000E-03   0.0000000000E+00 +-    0.0000000000E+00   
tni 2pixx-anticommutator       2.50000000E-03   0.0000000000E+00 +-    0.0000000000E+00   
tni 2pixd-anticommutator       2.50000000E-03   0.0000000000E+00 +-    0.0000000000E+00   
tni 2pidd-anticommutator       2.50000000E-03   0.0000000000E+00 +-    0.0000000000E+00   
tni 2pixx-commutator           2.50000000E-03   0.0000000000E+00 +-    0.0000000000E+00   
tni 2pixd-commutator           2.50000000E-03   0.0000000000E+00 +-    0.0000000000E+00   
tni 2pidd-commutator           2.50000000E-03   0.0000000000E+00 +-    0.0000000000E+00   
tni 2pi-tm                     2.50000000E-03   0.0000000000E+00 +-    0.0000000000E+00   
tni vd1                        2.50000000E-03   0.0000000000E+00 +-    0.0000000000E+00   
tni vd2                        2.50000000E-03   0.0000000000E+00 +-    0.0000000000E+00   
tni ve                         2.50000000E-03   0.0000000000E+00 +-    0.0000000000E+00   
vpottot v8+tni                 2.50000000E-03  -1.2846824968E+02 +-    1.4451847284E+00   
enetot v8+tni                  2.50000000E-03  -2.7541101455E+01 +-    3.1182793217E-01   
vper cent                      2.50000000E-03   1.7027721073E+01 +-    1.3279347995E+00   
vper tau                       2.50000000E-03  -7.5597318800E+00 +-    2.2220279331E-01   
vper sigma                     2.50000000E-03  -9.5627285912E+00 +-    2.3525949004E-01   
vper sigtau                    2.50000000E-03  -6.0806242565E+01 +-    4.8196133485E-01   
vper tensor                    2.50000000E-03   4.7437044729E-01 +-    1.2151065154E-01   
vper tenstau                   2.50000000E-03  -6.8041638166E+01 +-    9.3393204305E-01   
vper ls                        2.50000000E-03   0.0000000000E+00 +-    0.0000000000E+00   
vper lstau                     2.50000000E-03   0.0000000000E+00 +-    0.0000000000E+00   
vpotper v6                     2.50000000E-03  -1.2846824968E+02 +-    1.4451847284E+00   
vpotper v8                     2.50000000E-03  -1.2846824968E+02 +-    1.4451847284E+00   
vpotv6pr-vpotv6per diff        2.50000000E-03   0.0000000000E+00 +-    0.0000000000E+00   
vpotv8pr-vpotv8per diff        2.50000000E-03   0.0000000000E+00 +-    0.0000000000E+00   
2piapr-2pia diff               2.50000000E-03   0.0000000000E+00 +-    0.0000000000E+00   
vd1pr-vd1 diff                 2.50000000E-03   0.0000000000E+00 +-    0.0000000000E+00   
vepr-ve diff                   2.50000000E-03   0.0000000000E+00 +-    0.0000000000E+00   
diff1 2piapr-2pia-2picxx       2.50000000E-03   0.0000000000E+00 +-    0.0000000000E+00   
diff2 vd1pr-vd1-2picxd         2.50000000E-03   0.0000000000E+00 +-    0.0000000000E+00   
diff3 vepr-ve-2picdd           2.50000000E-03   0.0000000000E+00 +-    0.0000000000E+00   
sum diff1+dif2+diff3           2.50000000E-03   0.0000000000E+00 +-    0.0000000000E+00   
proton rms                     2.50000000E-03   2.1813814756E+00 +-    1.2852998062E-02   
neutron rms                    2.50000000E-03   2.1505126812E+00 +-    1.3990567313E-02   
total rms                      2.50000000E-03   2.1633894529E+00 +-    1.1818252964E-02   
neutron-proton rms             2.50000000E-03  -3.0868794316E-02 +-    1.2470588793E-02   
GT sigXtau+                    2.50000000E-03   7.2905005307E-06 +-    2.0969107892E-05   
GT sigYtau+                    2.50000000E-03  -6.2532347436E-05 +-    2.1189091795E-05   
GT sigZtau+                    2.50000000E-03  -5.3380461308E-05 +-    2.0310932659E-05   
GT sigXtau-                    2.50000000E-03   2.5905687660E-05 +-    2.2228712523E-05   
GT sigYtau-                    2.50000000E-03  -1.5297966760E-05 +-    2.2172759092E-05   
GT sigZtau-                    2.50000000E-03  -4.1816322453E-05 +-    2.1728613436E-05   
F tau+                         2.50000000E-03  -6.0685118264E-21 +-    3.8501814452E-20   
F tau-                         2.50000000E-03   1.2738602410E-20 +-    4.2307580712E-20   
Psi**2                         2.50000000E-03   2.6344305382E-05 +-    6.0035507164E-07   
single crossing/step           2.50000000E-03   8.4850061784E-03 +-    4.5615954237E-05   
global crossing/step           2.50000000E-03   8.4113009419E-03 +-    9.0838176079E-05   
energy numerator(real)         2.50000000E-03  -2.8391276365E+01 +-    6.7540535979E-01   
denominator psit/psigi(real)   2.50000000E-03   1.0299596920E+00 +-    1.0636521002E-02   
energy numerator(aimag)        2.50000000E-03  -1.3118259016E-01 +-    4.9154105576E-01   
denominator psit/psigi(aimag)  2.50000000E-03  -2.8319332259E-02 +-    6.9631199411E-03   
growth(lin dt) energy          2.50000000E-03  -1.9279729754E+02 +-    4.8497788085E+00   
growth(global) energy          2.50000000E-03  -2.0169713250E+02 +-    1.1061501175E+01
growth energy                  2.50000000E-03  -1.9269888117E+02 +-    4.8387437946E+00
Time for propagation (sec) (min) =          20.120      0.335
Time for energies (sec) (min) =              0.786      0.013
Time for load balancing (sec) (min) =        0.064      0.001
Time for block (sec) (min) =                21.676      0.361
Time for operators (sec) (min) =             0.023      0.000
Elapsed block time (sec) (min) =            21.699      0.362
 
 walkers multiplicity, block, total
   0          38425          38425
   1         931838         931838
   2          40271          40271
   3            192            192
   4             41             41
   5             11             11
   6              3              3
   7              0              0
   8              0              0
   9              0              0
  11              1              1
  17              1              1
 
 

iteration =                               2
walker number =                       10732
total energy-propagated        5.00000000E-03  -2.8007069031E+01 +-    3.1564654132E-01   
kinetic energy                 5.00000000E-03   9.5377342743E+01 +-    1.6348875997E+00   
potential energy               5.00000000E-03  -1.2338441177E+02 +-    1.5699149600E+00   
im energy                      5.00000000E-03   1.8650220674E+00 +-    2.3663953353E-01   
imkin energy                   5.00000000E-03  -5.9817878592E-01 +-    7.5521618202E-01   
impot energy                   5.00000000E-03   2.4632008533E+00 +-    6.9164214726E-01   
v cent                         5.00000000E-03   2.0328933949E+01 +-    1.3919771427E+00   
v tau                          5.00000000E-03  -7.1129835800E+00 +-    2.4040834781E-01   
v sigma                        5.00000000E-03  -1.1534303049E+01 +-    1.7927876323E-01   
v sigtau                       5.00000000E-03  -6.2338447042E+01 +-    4.7686357611E-01   
v tensor                       5.00000000E-03   9.9075061081E-01 +-    1.5121422145E-01   
v tenstau                      5.00000000E-03  -6.3718362662E+01 +-    1.0772710623E+00   
v ls                           5.00000000E-03   0.0000000000E+00 +-    0.0000000000E+00   
v lstau                        5.00000000E-03   0.0000000000E+00 +-    0.0000000000E+00   
vpot v6                        5.00000000E-03  -1.2338441177E+02 +-    1.5699149600E+00   
vpot v8                        5.00000000E-03  -1.2338441177E+02 +-    1.5699149600E+00   
v coulomb                      5.00000000E-03   7.2849671417E-01 +-    2.5081094069E-03   
v external                     5.00000000E-03   0.0000000000E+00 +-    0.0000000000E+00   
tni 2pipr-anticomm             5.00000000E-03   0.0000000000E+00 +-    0.0000000000E+00   
tni vd1pr                      5.00000000E-03   0.0000000000E+00 +-    0.0000000000E+00   
tni vepr                       5.00000000E-03   0.0000000000E+00 +-    0.0000000000E+00   
tni central                    5.00000000E-03   0.0000000000E+00 +-    0.0000000000E+00   
tni 2pixx-anticommutator       5.00000000E-03   0.0000000000E+00 +-    0.0000000000E+00   
tni 2pixd-anticommutator       5.00000000E-03   0.0000000000E+00 +-    0.0000000000E+00   
tni 2pidd-anticommutator       5.00000000E-03   0.0000000000E+00 +-    0.0000000000E+00   
tni 2pixx-commutator           5.00000000E-03   0.0000000000E+00 +-    0.0000000000E+00   
tni 2pixd-commutator           5.00000000E-03   0.0000000000E+00 +-    0.0000000000E+00   
tni 2pidd-commutator           5.00000000E-03   0.0000000000E+00 +-    0.0000000000E+00   
tni 2pi-tm                     5.00000000E-03   0.0000000000E+00 +-    0.0000000000E+00   
tni vd1                        5.00000000E-03   0.0000000000E+00 +-    0.0000000000E+00   
tni vd2                        5.00000000E-03   0.0000000000E+00 +-    0.0000000000E+00   
tni ve                         5.00000000E-03   0.0000000000E+00 +-    0.0000000000E+00   
vpottot v8+tni                 5.00000000E-03  -1.2338441177E+02 +-    1.5699149600E+00   
enetot v8+tni                  5.00000000E-03  -2.8007069031E+01 +-    3.1564654132E-01   
vper cent                      5.00000000E-03   2.0328933949E+01 +-    1.3919771427E+00   
vper tau                       5.00000000E-03  -7.1129835800E+00 +-    2.4040834781E-01   
vper sigma                     5.00000000E-03  -1.1534303049E+01 +-    1.7927876323E-01   
vper sigtau                    5.00000000E-03  -6.2338447042E+01 +-    4.7686357611E-01   
vper tensor                    5.00000000E-03   9.9075061081E-01 +-    1.5121422145E-01   
vper tenstau                   5.00000000E-03  -6.3718362662E+01 +-    1.0772710623E+00   
vper ls                        5.00000000E-03   0.0000000000E+00 +-    0.0000000000E+00   
vper lstau                     5.00000000E-03   0.0000000000E+00 +-    0.0000000000E+00   
vpotper v6                     5.00000000E-03  -1.2338441177E+02 +-    1.5699149600E+00   
vpotper v8                     5.00000000E-03  -1.2338441177E+02 +-    1.5699149600E+00   
vpotv6pr-vpotv6per diff        5.00000000E-03   0.0000000000E+00 +-    0.0000000000E+00   
vpotv8pr-vpotv8per diff        5.00000000E-03   0.0000000000E+00 +-    0.0000000000E+00   
2piapr-2pia diff               5.00000000E-03   0.0000000000E+00 +-    0.0000000000E+00   
vd1pr-vd1 diff                 5.00000000E-03   0.0000000000E+00 +-    0.0000000000E+00   
vepr-ve diff                   5.00000000E-03   0.0000000000E+00 +-    0.0000000000E+00   
diff1 2piapr-2pia-2picxx       5.00000000E-03   0.0000000000E+00 +-    0.0000000000E+00   
diff2 vd1pr-vd1-2picxd         5.00000000E-03   0.0000000000E+00 +-    0.0000000000E+00   
diff3 vepr-ve-2picdd           5.00000000E-03   0.0000000000E+00 +-    0.0000000000E+00   
sum diff1+dif2+diff3           5.00000000E-03   0.0000000000E+00 +-    0.0000000000E+00   
proton rms                     5.00000000E-03   2.2087296643E+00 +-    1.3518021542E-02   
neutron rms                    5.00000000E-03   2.1529474337E+00 +-    1.4186069953E-02   
total rms                      5.00000000E-03   2.1782019691E+00 +-    1.2174973773E-02   
neutron-proton rms             5.00000000E-03  -5.5782230579E-02 +-    1.2709055634E-02   
GT sigXtau+                    5.00000000E-03  -9.9656327590E-05 +-    1.9477566771E-05   
GT sigYtau+                    5.00000000E-03  -1.1637685756E-04 +-    2.1092228379E-05   
GT sigZtau+                    5.00000000E-03  -1.5166084372E-04 +-    2.3016069710E-05   
GT sigXtau-                    5.00000000E-03  -1.7517623382E-04 +-    2.3905579919E-05   
GT sigYtau-                    5.00000000E-03   4.4139981015E-05 +-    2.1876228329E-05   
GT sigZtau-                    5.00000000E-03   9.0812474419E-05 +-    2.2723589795E-05   
F tau+                         5.00000000E-03   8.6034473115E-20 +-    3.8739081291E-20   
F tau-                         5.00000000E-03  -6.1735523716E-20 +-    3.2475175516E-20   
Psi**2                         5.00000000E-03   2.6928986359E-05 +-    6.2677766221E-07   
single crossing/step           5.00000000E-03   7.3937017770E-03 +-    4.1025409635E-05   
global crossing/step           5.00000000E-03   7.2606885316E-03 +-    8.1314867216E-05   
energy numerator(real)         5.00000000E-03  -1.7458127721E+01 +-    7.5454056952E-01   
denominator psit/psigi(real)   5.00000000E-03   6.3001534616E-01 +-    1.2928754418E-02   
energy numerator(aimag)        5.00000000E-03   3.7596560595E+00 +-    5.4541617454E-01   
denominator psit/psigi(aimag)  5.00000000E-03  -4.9683558378E-02 +-    8.5799209722E-03   
growth(lin dt) energy          5.00000000E-03  -2.1932157796E+02 +-    5.0639556681E+00   
growth(global) energy          5.00000000E-03  -2.3009127936E+02 +-    1.1618922874E+01
growth energy                  5.00000000E-03  -2.1915565846E+02 +-    5.0490793758E+00
Time for propagation (sec) (min) =          21.697      0.362
Time for energies (sec) (min) =              0.750      0.012
Time for load balancing (sec) (min) =        0.031      0.001
Time for block (sec) (min) =                23.140      0.386
Time for operators (sec) (min) =             0.021      0.000
Elapsed block time (sec) (min) =            44.879      0.748
 
 walkers multiplicity, block, total
   0          47889          86314
   1        1019451        1951289
   2          46445          86716
   3            292            484
   4             50             91
   5             15             26
   6              3              6
   7              3              3
   8              4              4
   9              3              3
  10              1              1
  11              1              2
  13              1              1
  17              0              1
 
 

iteration =                               3
walker number =                       10785
total energy-propagated        7.50000000E-03  -2.6654404604E+01 +-    3.9850491344E-01   
kinetic energy                 7.50000000E-03   9.6067398134E+01 +-    1.6494510938E+00   
potential energy               7.50000000E-03  -1.2272180274E+02 +-    1.5904918663E+00   
im energy                      7.50000000E-03   3.7492629040E+00 +-    2.5195458426E-01   
imkin energy                   7.50000000E-03  -1.9245726454E+00 +-    7.3923062126E-01   
impot energy                   7.50000000E-03   5.6738355493E+00 +-    6.7659244440E-01   
v cent                         7.50000000E-03   1.4771994597E+01 +-    1.2837363119E+00   
v tau                          7.50000000E-03  -5.5219985685E+00 +-    2.3594685105E-01   
v sigma                        7.50000000E-03  -1.3274731701E+01 +-    2.5330207980E-01   
v sigtau                       7.50000000E-03  -6.6102911488E+01 +-    4.9111498198E-01   
v tensor                       7.50000000E-03  -1.0668579646E+00 +-    1.3680064277E-01   
v tenstau                      7.50000000E-03  -5.1527297613E+01 +-    1.1345028143E+00   
v ls                           7.50000000E-03   0.0000000000E+00 +-    0.0000000000E+00   
v lstau                        7.50000000E-03   0.0000000000E+00 +-    0.0000000000E+00   
vpot v6                        7.50000000E-03  -1.2272180274E+02 +-    1.5904918663E+00   
vpot v8                        7.50000000E-03  -1.2272180274E+02 +-    1.5904918663E+00   
v coulomb                      7.50000000E-03   7.7623763722E-01 +-    2.0452653319E-03   
v external                     7.50000000E-03   0.0000000000E+00 +-    0.0000000000E+00   
tni 2pipr-anticomm             7.50000000E-03   0.0000000000E+00 +-    0.0000000000E+00   
tni vd1pr                      7.50000000E-03   0.0000000000E+00 +-    0.0000000000E+00   
tni vepr                       7.50000000E-03   0.0000000000E+00 +-    0.0000000000E+00   
tni central                    7.50000000E-03   0.0000000000E+00 +-    0.0000000000E+00   
tni 2pixx-anticommutator       7.50000000E-03   0.0000000000E+00 +-    0.0000000000E+00   
tni 2pixd-anticommutator       7.50000000E-03   0.0000000000E+00 +-    0.0000000000E+00   
tni 2pidd-anticommutator       7.50000000E-03   0.0000000000E+00 +-    0.0000000000E+00   
tni 2pixx-commutator           7.50000000E-03   0.0000000000E+00 +-    0.0000000000E+00   
tni 2pixd-commutator           7.50000000E-03   0.0000000000E+00 +-    0.0000000000E+00   
tni 2pidd-commutator           7.50000000E-03   0.0000000000E+00 +-    0.0000000000E+00   
tni 2pi-tm                     7.50000000E-03   0.0000000000E+00 +-    0.0000000000E+00   
tni vd1                        7.50000000E-03   0.0000000000E+00 +-    0.0000000000E+00   
tni vd2                        7.50000000E-03   0.0000000000E+00 +-    0.0000000000E+00   
tni ve                         7.50000000E-03   0.0000000000E+00 +-    0.0000000000E+00   
vpottot v8+tni                 7.50000000E-03  -1.2272180274E+02 +-    1.5904918663E+00   
enetot v8+tni                  7.50000000E-03  -2.6654404604E+01 +-    3.9850491344E-01   
vper cent                      7.50000000E-03   1.4771994597E+01 +-    1.2837363119E+00   
vper tau                       7.50000000E-03  -5.5219985685E+00 +-    2.3594685105E-01   
vper sigma                     7.50000000E-03  -1.3274731701E+01 +-    2.5330207980E-01   
vper sigtau                    7.50000000E-03  -6.6102911488E+01 +-    4.9111498198E-01   
vper tensor                    7.50000000E-03  -1.0668579646E+00 +-    1.3680064277E-01   
vper tenstau                   7.50000000E-03  -5.1527297613E+01 +-    1.1345028143E+00   
vper ls                        7.50000000E-03   0.0000000000E+00 +-    0.0000000000E+00   
vper lstau                     7.50000000E-03   0.0000000000E+00 +-    0.0000000000E+00   
vpotper v6                     7.50000000E-03  -1.2272180274E+02 +-    1.5904918663E+00   
vpotper v8                     7.50000000E-03  -1.2272180274E+02 +-    1.5904918663E+00   
vpotv6pr-vpotv6per diff        7.50000000E-03   0.0000000000E+00 +-    0.0000000000E+00   
vpotv8pr-vpotv8per diff        7.50000000E-03   0.0000000000E+00 +-    0.0000000000E+00   
2piapr-2pia diff               7.50000000E-03   0.0000000000E+00 +-    0.0000000000E+00   
vd1pr-vd1 diff                 7.50000000E-03   0.0000000000E+00 +-    0.0000000000E+00   
vepr-ve diff                   7.50000000E-03   0.0000000000E+00 +-    0.0000000000E+00   
diff1 2piapr-2pia-2picxx       7.50000000E-03   0.0000000000E+00 +-    0.0000000000E+00   
diff2 vd1pr-vd1-2picxd         7.50000000E-03   0.0000000000E+00 +-    0.0000000000E+00   
diff3 vepr-ve-2picdd           7.50000000E-03   0.0000000000E+00 +-    0.0000000000E+00   
sum diff1+dif2+diff3           7.50000000E-03   0.0000000000E+00 +-    0.0000000000E+00   
proton rms                     7.50000000E-03   2.1551005587E+00 +-    1.2701986636E-02   
neutron rms                    7.50000000E-03   2.1776653172E+00 +-    1.4063824132E-02   
total rms                      7.50000000E-03   2.1667464330E+00 +-    1.2086298799E-02   
neutron-proton rms             7.50000000E-03   2.2564758496E-02 +-    1.1603877269E-02   
GT sigXtau+                    7.50000000E-03   5.9983922423E-05 +-    1.8193529903E-05   
GT sigYtau+                    7.50000000E-03   1.5020096493E-05 +-    2.2131081497E-05   
GT sigZtau+                    7.50000000E-03  -1.6971218163E-05 +-    1.8874931461E-05   
GT sigXtau-                    7.50000000E-03  -2.3645292192E-04 +-    2.0607882542E-05   
GT sigYtau-                    7.50000000E-03   3.7994569902E-04 +-    2.7269334060E-05   
GT sigZtau-                    7.50000000E-03   1.4024712078E-04 +-    2.3971672050E-05   
F tau+                         7.50000000E-03  -6.8509411451E-20 +-    3.7856515984E-20   
F tau-                         7.50000000E-03   1.7030050207E-20 +-    4.2452801919E-20   
Psi**2                         7.50000000E-03   2.6357527297E-05 +-    6.6436143713E-07   
single crossing/step           7.50000000E-03   8.1275820580E-03 +-    4.2876608131E-05   
global crossing/step           7.50000000E-03   7.9597397349E-03 +-    8.4870334140E-05   
energy numerator(real)         7.50000000E-03  -1.0524899583E+01 +-    8.1781932878E-01   
denominator psit/psigi(real)   7.50000000E-03   4.0058015539E-01 +-    1.3764907498E-02   
energy numerator(aimag)        7.50000000E-03   3.3328321591E+00 +-    5.6240852513E-01   
denominator psit/psigi(aimag)  7.50000000E-03  -2.2277416559E-02 +-    9.0238429848E-03   
growth(lin dt) energy          7.50000000E-03  -2.3841947517E+02 +-    5.4642757175E+00   
growth(global) energy          7.50000000E-03  -2.4860819036E+02 +-    1.2249176311E+01
growth energy                  7.50000000E-03  -2.3819412245E+02 +-    5.4456038920E+00
Time for propagation (sec) (min) =          21.826      0.364
Time for energies (sec) (min) =              0.754      0.013
Time for load balancing (sec) (min) =        0.034      0.001
Time for block (sec) (min) =                23.157      0.386
Time for operators (sec) (min) =             0.021      0.000
Elapsed block time (sec) (min) =            68.056      1.134
 
 walkers multiplicity, block, total
   0          51404         137718
   1        1018158        2969447
   2          50234         136950
   3            384            868
   4             66            157
   5             28             54
   6              9             15
   7              2              5
   8              2              6
   9              2              5
  10              2              3
  11              1              3
  12              1              1
  13              0              1
  17              0              1
  20              1              1
 
 

iteration =                               4
walker number =                       10484
total energy-propagated        1.00000000E-02  -1.2097370699E+01 +-    6.9534267872E-01   
kinetic energy                 1.00000000E-02   7.7566560217E+01 +-    1.1937544468E+00   
potential energy               1.00000000E-02  -8.9663930917E+01 +-    1.3220910739E+00   
im energy                      1.00000000E-02   2.5798023381E+00 +-    6.4042359383E-01   
imkin energy                   1.00000000E-02  -3.6656524589E+00 +-    6.9193875465E-01   
impot energy                   1.00000000E-02   6.2454547970E+00 +-    6.5837360907E-01   
v cent                         1.00000000E-02   2.1328158756E+01 +-    1.2907225588E+00   
v tau                          1.00000000E-02  -5.0445561911E+00 +-    2.3753333767E-01   
v sigma                        1.00000000E-02  -1.0868825066E+01 +-    2.5252028445E-01   
v sigtau                       1.00000000E-02  -4.8907612371E+01 +-    4.9369375653E-01   
v tensor                       1.00000000E-02   4.9176613498E-01 +-    2.1370682665E-01   
v tenstau                      1.00000000E-02  -4.6662862181E+01 +-    1.4071660696E+00   
v ls                           1.00000000E-02   0.0000000000E+00 +-    0.0000000000E+00   
v lstau                        1.00000000E-02   0.0000000000E+00 +-    0.0000000000E+00   
vpot v6                        1.00000000E-02  -8.9663930917E+01 +-    1.3220910739E+00   
vpot v8                        1.00000000E-02  -8.9663930917E+01 +-    1.3220910739E+00   
v coulomb                      1.00000000E-02   7.1988551664E-01 +-    3.7252542979E-03   
v external                     1.00000000E-02   0.0000000000E+00 +-    0.0000000000E+00   
tni 2pipr-anticomm             1.00000000E-02   0.0000000000E+00 +-    0.0000000000E+00   
tni vd1pr                      1.00000000E-02   0.0000000000E+00 +-    0.0000000000E+00   
tni vepr                       1.00000000E-02   0.0000000000E+00 +-    0.0000000000E+00   
tni central                    1.00000000E-02   0.0000000000E+00 +-    0.0000000000E+00   
tni 2pixx-anticommutator       1.00000000E-02   0.0000000000E+00 +-    0.0000000000E+00   
tni 2pixd-anticommutator       1.00000000E-02   0.0000000000E+00 +-    0.0000000000E+00   
tni 2pidd-anticommutator       1.00000000E-02   0.0000000000E+00 +-    0.0000000000E+00   
tni 2pixx-commutator           1.00000000E-02   0.0000000000E+00 +-    0.0000000000E+00   
tni 2pixd-commutator           1.00000000E-02   0.0000000000E+00 +-    0.0000000000E+00   
tni 2pidd-commutator           1.00000000E-02   0.0000000000E+00 +-    0.0000000000E+00   
tni 2pi-tm                     1.00000000E-02   0.0000000000E+00 +-    0.0000000000E+00   
tni vd1                        1.00000000E-02   0.0000000000E+00 +-    0.0000000000E+00   
tni vd2                        1.00000000E-02   0.0000000000E+00 +-    0.0000000000E+00   
tni ve                         1.00000000E-02   0.0000000000E+00 +-    0.0000000000E+00   
vpottot v8+tni                 1.00000000E-02  -8.9663930917E+01 +-    1.3220910739E+00   
enetot v8+tni                  1.00000000E-02  -1.2097370699E+01 +-    6.9534267872E-01   
vper cent                      1.00000000E-02   2.1328158756E+01 +-    1.2907225588E+00   
vper tau                       1.00000000E-02  -5.0445561911E+00 +-    2.3753333767E-01   
vper sigma                     1.00000000E-02  -1.0868825066E+01 +-    2.5252028445E-01   
vper sigtau                    1.00000000E-02  -4.8907612371E+01 +-    4.9369375653E-01   
vper tensor                    1.00000000E-02   4.9176613498E-01 +-    2.1370682665E-01   
vper tenstau                   1.00000000E-02  -4.6662862181E+01 +-    1.4071660696E+00   
vper ls                        1.00000000E-02   0.0000000000E+00 +-    0.0000000000E+00   
vper lstau                     1.00000000E-02   0.0000000000E+00 +-    0.0000000000E+00   
vpotper v6                     1.00000000E-02  -8.9663930917E+01 +-    1.3220910739E+00   
vpotper v8                     1.00000000E-02  -8.9663930917E+01 +-    1.3220910739E+00   
vpotv6pr-vpotv6per diff        1.00000000E-02   0.0000000000E+00 +-    0.0000000000E+00   
vpotv8pr-vpotv8per diff        1.00000000E-02   0.0000000000E+00 +-    0.0000000000E+00   
2piapr-2pia diff               1.00000000E-02   0.0000000000E+00 +-    0.0000000000E+00   
vd1pr-vd1 diff                 1.00000000E-02   0.0000000000E+00 +-    0.0000000000E+00   
vepr-ve diff                   1.00000000E-02   0.0000000000E+00 +-    0.0000000000E+00   
diff1 2piapr-2pia-2picxx       1.00000000E-02   0.0000000000E+00 +-    0.0000000000E+00   
diff2 vd1pr-vd1-2picxd         1.00000000E-02   0.0000000000E+00 +-    0.0000000000E+00   
diff3 vepr-ve-2picdd           1.00000000E-02   0.0000000000E+00 +-    0.0000000000E+00   
sum diff1+dif2+diff3           1.00000000E-02   0.0000000000E+00 +-    0.0000000000E+00   
proton rms                     1.00000000E-02   2.4872767825E+00 +-    1.1566823839E-02   
neutron rms                    1.00000000E-02   2.3980819040E+00 +-    9.2184343405E-03   
total rms                      1.00000000E-02   2.4519703787E+00 +-    1.1723524890E-02   
neutron-proton rms             1.00000000E-02  -8.9194878475E-02 +-    8.3873437198E-03   
GT sigXtau+                    1.00000000E-02   4.3145003402E-04 +-    2.5802378805E-05   
GT sigYtau+                    1.00000000E-02   2.5786612789E-04 +-    2.1152348323E-05   
GT sigZtau+                    1.00000000E-02  -5.3557958001E-04 +-    2.0595490290E-05   
GT sigXtau-                    1.00000000E-02  -6.0743626719E-06 +-    2.2410159866E-05   
GT sigYtau-                    1.00000000E-02   5.1171941632E-05 +-    8.1508308633E-06   
GT sigZtau-                    1.00000000E-02  -3.1630067601E-04 +-    1.6894437559E-05   
F tau+                         1.00000000E-02   1.3532321545E-19 +-    3.5595257982E-20   
F tau-                         1.00000000E-02   4.8863732766E-19 +-    3.3947691480E-20   
Psi**2                         1.00000000E-02   1.4153625415E-05 +-    5.5492799663E-07   
single crossing/step           1.00000000E-02   8.0288240966E-03 +-    4.2700561564E-05   
global crossing/step           1.00000000E-02   7.8314803164E-03 +-    8.4353427976E-05   
energy numerator(real)         1.00000000E-02  -2.0148876494E+00 +-    9.2818992609E-01   
denominator psit/psigi(real)   1.00000000E-02   1.8008367615E-01 +-    1.3853651758E-02   
energy numerator(aimag)        1.00000000E-02   1.4177672192E+00 +-    6.3018265318E-01   
denominator psit/psigi(aimag)  1.00000000E-02  -2.7013348428E-02 +-    9.3136186630E-03   
growth(lin dt) energy          1.00000000E-02  -2.4718390112E+02 +-    5.5534730757E+00   
growth(global) energy          1.00000000E-02  -2.4675269898E+02 +-    1.2854105369E+01
growth energy                  1.00000000E-02  -2.4692824068E+02 +-    5.5332820502E+00
Time for propagation (sec) (min) =          21.746      0.362
Time for energies (sec) (min) =              0.733      0.012
Time for load balancing (sec) (min) =        0.029      0.000
Time for block (sec) (min) =                23.048      0.384
Time for operators (sec) (min) =             0.018      0.000
Elapsed block time (sec) (min) =            91.131      1.519
 
 walkers multiplicity, block, total
   0          52788         190506
   1        1011646        3981093
   2          51202         188152
   3            414           1282
   4             83            240
   5             19             73
   6              9             24
   7              6             11
   8              3              9
   9              0              5
  10              0              3
  11              3              6
  12              0              1
  13              0              1
  17              0              1
  20              0              1
 
 

iteration =                               5
walker number =                       11075
total energy-propagated        1.25000000E-02  -2.6358397308E+01 +-    9.7435268063E-01   
kinetic energy                 1.25000000E-02   9.7571667106E+01 +-    3.1854330176E+00   
potential energy               1.25000000E-02  -1.2393006441E+02 +-    2.1724984367E+00   
im energy                      1.25000000E-02  -3.8232911811E+00 +-    9.0336198159E-01   
imkin energy                   1.25000000E-02  -2.2675270761E+01 +-    2.5774810636E+00   
impot energy                   1.25000000E-02   1.8851979580E+01 +-    1.6647502178E+00   
v cent                         1.25000000E-02  -4.8603765045E+00 +-    8.4840876424E-01   
v tau                          1.25000000E-02  -8.4159980127E+00 +-    3.9522471736E-01   
v sigma                        1.25000000E-02  -1.6479835056E+00 +-    1.0876403451E+00   
v sigtau                       1.25000000E-02  -5.4410009648E+01 +-    7.4247008892E-01   
v tensor                       1.25000000E-02   3.5949065261E+00 +-    2.2272256912E-01   
v tenstau                      1.25000000E-02  -5.8190603270E+01 +-    3.5570753984E+00   
v ls                           1.25000000E-02   0.0000000000E+00 +-    0.0000000000E+00   
v lstau                        1.25000000E-02   0.0000000000E+00 +-    0.0000000000E+00   
vpot v6                        1.25000000E-02  -1.2393006441E+02 +-    2.1724984367E+00   
vpot v8                        1.25000000E-02  -1.2393006441E+02 +-    2.1724984367E+00   
v coulomb                      1.25000000E-02   7.3772642662E-01 +-    9.4920718136E-03   
v external                     1.25000000E-02   0.0000000000E+00 +-    0.0000000000E+00   
tni 2pipr-anticomm             1.25000000E-02   0.0000000000E+00 +-    0.0000000000E+00   
tni vd1pr                      1.25000000E-02   0.0000000000E+00 +-    0.0000000000E+00   
tni vepr                       1.25000000E-02   0.0000000000E+00 +-    0.0000000000E+00   
tni central                    1.25000000E-02   0.0000000000E+00 +-    0.0000000000E+00   
tni 2pixx-anticommutator       1.25000000E-02   0.0000000000E+00 +-    0.0000000000E+00   
tni 2pixd-anticommutator       1.25000000E-02   0.0000000000E+00 +-    0.0000000000E+00   
tni 2pidd-anticommutator       1.25000000E-02   0.0000000000E+00 +-    0.0000000000E+00   
tni 2pixx-commutator           1.25000000E-02   0.0000000000E+00 +-    0.0000000000E+00   
tni 2pixd-commutator           1.25000000E-02   0.0000000000E+00 +-    0.0000000000E+00   
tni 2pidd-commutator           1.25000000E-02   0.0000000000E+00 +-    0.0000000000E+00   
tni 2pi-tm                     1.25000000E-02   0.0000000000E+00 +-    0.0000000000E+00   
tni vd1                        1.25000000E-02   0.0000000000E+00 +-    0.0000000000E+00   
tni vd2                        1.25000000E-02   0.0000000000E+00 +-    0.0000000000E+00   
tni ve                         1.25000000E-02   0.0000000000E+00 +-    0.0000000000E+00   
vpottot v8+tni                 1.25000000E-02  -1.2393006441E+02 +-    2.1724984367E+00   
enetot v8+tni                  1.25000000E-02  -2.6358397308E+01 +-    9.7435268063E-01   
vper cent                      1.25000000E-02  -4.8603765045E+00 +-    8.4840876424E-01   
vper tau                       1.25000000E-02  -8.4159980127E+00 +-    3.9522471736E-01   
vper sigma                     1.25000000E-02  -1.6479835056E+00 +-    1.0876403451E+00   
vper sigtau                    1.25000000E-02  -5.4410009648E+01 +-    7.4247008892E-01   
vper tensor                    1.25000000E-02   3.5949065261E+00 +-    2.2272256912E-01   
vper tenstau                   1.25000000E-02  -5.8190603270E+01 +-    3.5570753984E+00   
vper ls                        1.25000000E-02   0.0000000000E+00 +-    0.0000000000E+00   
vper lstau                     1.25000000E-02   0.0000000000E+00 +-    0.0000000000E+00   
vpotper v6                     1.25000000E-02  -1.2393006441E+02 +-    2.1724984367E+00   
vpotper v8                     1.25000000E-02  -1.2393006441E+02 +-    2.1724984367E+00   
vpotv6pr-vpotv6per diff        1.25000000E-02   0.0000000000E+00 +-    0.0000000000E+00   
vpotv8pr-vpotv8per diff        1.25000000E-02   0.0000000000E+00 +-    0.0000000000E+00   
2piapr-2pia diff               1.25000000E-02   0.0000000000E+00 +-    0.0000000000E+00   
vd1pr-vd1 diff                 1.25000000E-02   0.0000000000E+00 +-    0.0000000000E+00   
vepr-ve diff                   1.25000000E-02   0.0000000000E+00 +-    0.0000000000E+00   
diff1 2piapr-2pia-2picxx       1.25000000E-02   0.0000000000E+00 +-    0.0000000000E+00   
diff2 vd1pr-vd1-2picxd         1.25000000E-02   0.0000000000E+00 +-    0.0000000000E+00   
diff3 vepr-ve-2picdd           1.25000000E-02   0.0000000000E+00 +-    0.0000000000E+00   
sum diff1+dif2+diff3           1.25000000E-02   0.0000000000E+00 +-    0.0000000000E+00   
proton rms                     1.25000000E-02   2.1811305953E+00 +-    1.3273899926E-02   
neutron rms                    1.25000000E-02   2.3649242375E+00 +-    1.2578476349E-02   
total rms                      1.25000000E-02   2.2922982164E+00 +-    1.3552483208E-02   
neutron-proton rms             1.25000000E-02   1.8379364216E-01 +-    9.2983420567E-03   
GT sigXtau+                    1.25000000E-02   2.8575362499E-04 +-    3.0306170716E-05   
GT sigYtau+                    1.25000000E-02  -5.5879827748E-04 +-    3.1977668090E-05   
GT sigZtau+                    1.25000000E-02  -4.6174806056E-04 +-    2.6492776091E-05   
GT sigXtau-                    1.25000000E-02   9.7544211556E-04 +-    1.9056619596E-05   
GT sigYtau-                    1.25000000E-02   1.8129470279E-04 +-    3.5276932170E-05   
GT sigZtau-                    1.25000000E-02   5.3443734773E-04 +-    2.6422980627E-05   
F tau+                         1.25000000E-02   8.1885207375E-19 +-    7.4056262640E-20   
F tau-                         1.25000000E-02  -9.4303258865E-20 +-    5.8066267245E-20   
Psi**2                         1.25000000E-02   3.8506725148E-05 +-    1.0758091784E-06   
single crossing/step           1.25000000E-02   8.1748136298E-03 +-    4.3022264515E-05   
global crossing/step           1.25000000E-02   8.0501711209E-03 +-    8.5391408048E-05   
energy numerator(real)         1.25000000E-02  -2.9929002933E+00 +-    9.3288038831E-01   
denominator psit/psigi(real)   1.25000000E-02   1.1123842892E-01 +-    1.3693414930E-02   
energy numerator(aimag)        1.25000000E-02  -4.0311645994E-02 +-    6.7533735288E-01   
denominator psit/psigi(aimag)  1.25000000E-02   1.6805765164E-02 +-    9.3328685503E-03   
growth(lin dt) energy          1.25000000E-02  -2.5602214651E+02 +-    5.6794895029E+00   
growth(global) energy          1.25000000E-02  -2.7460628154E+02 +-    1.1955281661E+01
growth energy                  1.25000000E-02  -2.5573399221E+02 +-    5.6575859011E+00
Time for propagation (sec) (min) =          21.820      0.364
Time for energies (sec) (min) =              0.775      0.013
Time for load balancing (sec) (min) =        0.030      0.000
Time for block (sec) (min) =                23.208      0.387
Time for operators (sec) (min) =             0.020      0.000
Elapsed block time (sec) (min) =           114.359      1.906
 
 walkers multiplicity, block, total
   0          53828         244334
   1        1011655        4992748
   2          53106         241258
   3            440           1722
   4             72            312
   5             27            100
   6              8             32
   7              5             16
   8              3             12
   9              0              5
  10              2              5
  11              0              6
  12              0              1
  13              0              1
  17              0              1
  20              0              1
 
 

iteration =                               6
walker number =                       11605
total energy-propagated        1.50000000E-02  -1.9185745209E+01 +-    9.0569184856E-01   
kinetic energy                 1.50000000E-02   4.9574294627E+01 +-    2.4936990759E+00   
potential energy               1.50000000E-02  -6.8760039836E+01 +-    2.4805113907E+00   
im energy                      1.50000000E-02   8.1332271707E+00 +-    6.1086730190E-01   
imkin energy                   1.50000000E-02  -2.9960552699E+01 +-    8.1130367192E-01   
impot energy                   1.50000000E-02   3.8093779870E+01 +-    8.6350557318E-01   
v cent                         1.50000000E-02   6.1926811998E+01 +-    2.3219074372E+00   
v tau                          1.50000000E-02  -5.5516105664E+00 +-    5.1544521954E-01   
v sigma                        1.50000000E-02  -2.5092550328E+01 +-    2.9349196459E-01   
v sigtau                       1.50000000E-02  -7.7188754578E+01 +-    6.6044301571E-01   
v tensor                       1.50000000E-02  -2.4678292826E+00 +-    2.2296507945E-01   
v tenstau                      1.50000000E-02  -2.0386107080E+01 +-    1.1490798302E+00   
v ls                           1.50000000E-02   0.0000000000E+00 +-    0.0000000000E+00   
v lstau                        1.50000000E-02   0.0000000000E+00 +-    0.0000000000E+00   
vpot v6                        1.50000000E-02  -6.8760039836E+01 +-    2.4805113907E+00   
vpot v8                        1.50000000E-02  -6.8760039836E+01 +-    2.4805113907E+00   
v coulomb                      1.50000000E-02   7.4241655344E-01 +-    4.4909470810E-03   
v external                     1.50000000E-02   0.0000000000E+00 +-    0.0000000000E+00   
tni 2pipr-anticomm             1.50000000E-02   0.0000000000E+00 +-    0.0000000000E+00   
tni vd1pr                      1.50000000E-02   0.0000000000E+00 +-    0.0000000000E+00   
tni vepr                       1.50000000E-02   0.0000000000E+00 +-    0.0000000000E+00   
tni central                    1.50000000E-02   0.0000000000E+00 +-    0.0000000000E+00   
tni 2pixx-anticommutator       1.50000000E-02   0.0000000000E+00 +-    0.0000000000E+00   
tni 2pixd-anticommutator       1.50000000E-02   0.0000000000E+00 +-    0.0000000000E+00   
tni 2pidd-anticommutator       1.50000000E-02   0.0000000000E+00 +-    0.0000000000E+00   
tni 2pixx-commutator           1.50000000E-02   0.0000000000E+00 +-    0.0000000000E+00   
tni 2pixd-commutator           1.50000000E-02   0.0000000000E+00 +-    0.0000000000E+00   
tni 2pidd-commutator           1.50000000E-02   0.0000000000E+00 +-    0.0000000000E+00   
tni 2pi-tm                     1.50000000E-02   0.0000000000E+00 +-    0.0000000000E+00   
tni vd1                        1.50000000E-02   0.0000000000E+00 +-    0.0000000000E+00   
tni vd2                        1.50000000E-02   0.0000000000E+00 +-    0.0000000000E+00   
tni ve                         1.50000000E-02   0.0000000000E+00 +-    0.0000000000E+00   
vpottot v8+tni                 1.50000000E-02  -6.8760039836E+01 +-    2.4805113907E+00   
enetot v8+tni                  1.50000000E-02  -1.9185745209E+01 +-    9.0569184856E-01   
vper cent                      1.50000000E-02   6.1926811998E+01 +-    2.3219074372E+00   
vper tau                       1.50000000E-02  -5.5516105664E+00 +-    5.1544521954E-01   
vper sigma                     1.50000000E-02  -2.5092550328E+01 +-    2.9349196459E-01   
vper sigtau                    1.50000000E-02  -7.7188754578E+01 +-    6.6044301571E-01   
vper tensor                    1.50000000E-02  -2.4678292826E+00 +-    2.2296507945E-01   
vper tenstau                   1.50000000E-02  -2.0386107080E+01 +-    1.1490798302E+00   
vper ls                        1.50000000E-02   0.0000000000E+00 +-    0.0000000000E+00   
vper lstau                     1.50000000E-02   0.0000000000E+00 +-    0.0000000000E+00   
vpotper v6                     1.50000000E-02  -6.8760039836E+01 +-    2.4805113907E+00   
vpotper v8                     1.50000000E-02  -6.8760039836E+01 +-    2.4805113907E+00   
vpotv6pr-vpotv6per diff        1.50000000E-02   0.0000000000E+00 +-    0.0000000000E+00   
vpotv8pr-vpotv8per diff        1.50000000E-02   0.0000000000E+00 +-    0.0000000000E+00   
2piapr-2pia diff               1.50000000E-02   0.0000000000E+00 +-    0.0000000000E+00   
vd1pr-vd1 diff                 1.50000000E-02   0.0000000000E+00 +-    0.0000000000E+00   
vepr-ve diff                   1.50000000E-02   0.0000000000E+00 +-    0.0000000000E+00   
diff1 2piapr-2pia-2picxx       1.50000000E-02   0.0000000000E+00 +-    0.0000000000E+00   
diff2 vd1pr-vd1-2picxd         1.50000000E-02   0.0000000000E+00 +-    0.0000000000E+00   
diff3 vepr-ve-2picdd           1.50000000E-02   0.0000000000E+00 +-    0.0000000000E+00   
sum diff1+dif2+diff3           1.50000000E-02   0.0000000000E+00 +-    0.0000000000E+00   
proton rms                     1.50000000E-02   2.5226915629E+00 +-    1.4890598885E-02   
neutron rms                    1.50000000E-02   2.3648593598E+00 +-    1.1094507313E-02   
total rms                      1.50000000E-02   2.4264612445E+00 +-    1.0788980553E-02   
neutron-proton rms             1.50000000E-02  -1.5783220304E-01 +-    1.5525826464E-02   
GT sigXtau+                    1.50000000E-02   1.4862263419E-03 +-    2.0263954748E-05   
GT sigYtau+                    1.50000000E-02   1.1049381966E-03 +-    2.4554071307E-05   
GT sigZtau+                    1.50000000E-02  -1.2471748712E-03 +-    1.2389756192E-05   
GT sigXtau-                    1.50000000E-02   8.4651238466E-04 +-    3.0518303336E-05   
GT sigYtau-                    1.50000000E-02   3.0427347584E-04 +-    4.3257636279E-05   
GT sigZtau-                    1.50000000E-02   1.7040358869E-04 +-    3.3661610354E-05   
F tau+                         1.50000000E-02   5.4060155480E-19 +-    2.4622771063E-20   
F tau-                         1.50000000E-02   3.7246843986E-19 +-    3.0111278264E-20   
Psi**2                         1.50000000E-02   3.1807563740E-05 +-    1.2528642252E-06   
single crossing/step           1.50000000E-02   8.4415071272E-03 +-    4.3597291916E-05   
global crossing/step           1.50000000E-02   8.2711964168E-03 +-    8.6317921602E-05   
energy numerator(real)         1.50000000E-02  -1.6846338221E+00 +-    8.9922319142E-01   
denominator psit/psigi(real)   1.50000000E-02   7.6994346516E-02 +-    1.3258399158E-02   
energy numerator(aimag)        1.50000000E-02   1.2843632693E+00 +-    6.3122420672E-01   
denominator psit/psigi(aimag)  1.50000000E-02   1.0719133517E-02 +-    8.9177979321E-03   
growth(lin dt) energy          1.50000000E-02  -2.7172917689E+02 +-    5.8535051608E+00   
growth(global) energy          1.50000000E-02  -2.6959639043E+02 +-    1.2477072618E+01
growth energy                  1.50000000E-02  -2.7137849342E+02 +-    5.8286378808E+00
Time for propagation (sec) (min) =          21.937      0.366
Time for energies (sec) (min) =              0.812      0.014
Time for load balancing (sec) (min) =        0.026      0.000
Time for block (sec) (min) =                23.279      0.388
Time for operators (sec) (min) =             0.022      0.000
Elapsed block time (sec) (min) =           137.668      2.294
 
 walkers multiplicity, block, total
   0          55662         299996
   1        1014030        6006778
   2          54681         295939
   3            473           2195
   4             94            406
   5             26            126
   6             13             45
   7              7             23
   8              1             13
   9              4              9
  10              1              6
  11              0              6
  12              1              2
  13              0              1
  14              1              1
  17              0              1
  20              0              1
 
 

iteration =                               7
walker number =                       10357
total energy-propagated        1.75000000E-02  -3.8253677515E+01 +-    1.4065452118E+00   
kinetic energy                 1.75000000E-02   2.8287878763E+02 +-    3.8209485083E+00   
potential energy               1.75000000E-02  -3.2113246514E+02 +-    3.7270562983E+00   
im energy                      1.75000000E-02   3.1123655843E+01 +-    4.9753976007E-01   
imkin energy                   1.75000000E-02   3.2088824407E+01 +-    1.9153681094E+00   
impot energy                   1.75000000E-02  -9.6516856442E-01 +-    1.5893325548E+00   
v cent                         1.75000000E-02  -5.7458703254E+01 +-    5.1513977502E+00   
v tau                          1.75000000E-02   3.5750931065E+00 +-    9.9924541360E-01   
v sigma                        1.75000000E-02  -7.5423504316E+00 +-    5.4482877797E-01   
v sigtau                       1.75000000E-02  -9.9852906242E+01 +-    1.4508115296E+00   
v tensor                       1.75000000E-02  -4.5888478121E+00 +-    6.7553063919E-01   
v tenstau                      1.75000000E-02  -1.5526475051E+02 +-    3.4053512948E+00   
v ls                           1.75000000E-02   0.0000000000E+00 +-    0.0000000000E+00   
v lstau                        1.75000000E-02   0.0000000000E+00 +-    0.0000000000E+00   
vpot v6                        1.75000000E-02  -3.2113246514E+02 +-    3.7270562983E+00   
vpot v8                        1.75000000E-02  -3.2113246514E+02 +-    3.7270562983E+00   
v coulomb                      1.75000000E-02   9.7446577969E-01 +-    7.4795010485E-03   
v external                     1.75000000E-02   0.0000000000E+00 +-    0.0000000000E+00   
tni 2pipr-anticomm             1.75000000E-02   0.0000000000E+00 +-    0.0000000000E+00   
tni vd1pr                      1.75000000E-02   0.0000000000E+00 +-    0.0000000000E+00   
tni vepr                       1.75000000E-02   0.0000000000E+00 +-    0.0000000000E+00   
tni central                    1.75000000E-02   0.0000000000E+00 +-    0.0000000000E+00   
tni 2pixx-anticommutator       1.75000000E-02   0.0000000000E+00 +-    0.0000000000E+00   
tni 2pixd-anticommutator       1.75000000E-02   0.0000000000E+00 +-    0.0000000000E+00   
tni 2pidd-anticommutator       1.75000000E-02   0.0000000000E+00 +-    0.0000000000E+00   
tni 2pixx-commutator           1.75000000E-02   0.0000000000E+00 +-    0.0000000000E+00   
tni 2pixd-commutator           1.75000000E-02   0.0000000000E+00 +-    0.0000000000E+00   
tni 2pidd-commutator           1.75000000E-02   0.0000000000E+00 +-    0.0000000000E+00   
tni 2pi-tm                     1.75000000E-02   0.0000000000E+00 +-    0.0000000000E+00   
tni vd1                        1.75000000E-02   0.0000000000E+00 +-    0.0000000000E+00   
tni vd2                        1.75000000E-02   0.0000000000E+00 +-    0.0000000000E+00   
tni ve                         1.75000000E-02   0.0000000000E+00 +-    0.0000000000E+00   
vpottot v8+tni                 1.75000000E-02  -3.2113246514E+02 +-    3.7270562983E+00   
enetot v8+tni                  1.75000000E-02  -3.8253677515E+01 +-    1.4065452118E+00   
vper cent                      1.75000000E-02  -5.7458703254E+01 +-    5.1513977502E+00   
vper tau                       1.75000000E-02   3.5750931065E+00 +-    9.9924541360E-01   
vper sigma                     1.75000000E-02  -7.5423504316E+00 +-    5.4482877797E-01   
vper sigtau                    1.75000000E-02  -9.9852906242E+01 +-    1.4508115296E+00   
vper tensor                    1.75000000E-02  -4.5888478121E+00 +-    6.7553063919E-01   
vper tenstau                   1.75000000E-02  -1.5526475051E+02 +-    3.4053512948E+00   
vper ls                        1.75000000E-02   0.0000000000E+00 +-    0.0000000000E+00   
vper lstau                     1.75000000E-02   0.0000000000E+00 +-    0.0000000000E+00   
vpotper v6                     1.75000000E-02  -3.2113246514E+02 +-    3.7270562983E+00   
vpotper v8                     1.75000000E-02  -3.2113246514E+02 +-    3.7270562983E+00   
vpotv6pr-vpotv6per diff        1.75000000E-02   0.0000000000E+00 +-    0.0000000000E+00   
vpotv8pr-vpotv8per diff        1.75000000E-02   0.0000000000E+00 +-    0.0000000000E+00   
2piapr-2pia diff               1.75000000E-02   0.0000000000E+00 +-    0.0000000000E+00   
vd1pr-vd1 diff                 1.75000000E-02   0.0000000000E+00 +-    0.0000000000E+00   
vepr-ve diff                   1.75000000E-02   0.0000000000E+00 +-    0.0000000000E+00   
diff1 2piapr-2pia-2picxx       1.75000000E-02   0.0000000000E+00 +-    0.0000000000E+00   
diff2 vd1pr-vd1-2picxd         1.75000000E-02   0.0000000000E+00 +-    0.0000000000E+00   
diff3 vepr-ve-2picdd           1.75000000E-02   0.0000000000E+00 +-    0.0000000000E+00   
sum diff1+dif2+diff3           1.75000000E-02   0.0000000000E+00 +-    0.0000000000E+00   
proton rms                     1.75000000E-02   1.4151864801E+00 +-    1.8601003039E-02   
neutron rms                    1.75000000E-02   1.9933502845E+00 +-    1.5281508265E-02   
total rms                      1.75000000E-02   1.7161746752E+00 +-    1.5188983808E-02   
neutron-proton rms             1.75000000E-02   5.7816380438E-01 +-    8.7861584403E-03   
GT sigXtau+                    1.75000000E-02   1.7080914747E-03 +-    5.5216234643E-05   
GT sigYtau+                    1.75000000E-02  -3.5923648558E-05 +-    4.6999678227E-05   
GT sigZtau+                    1.75000000E-02   6.3378566157E-04 +-    5.3421048957E-05   
GT sigXtau-                    1.75000000E-02  -1.4784263753E-03 +-    6.6128218611E-05   
GT sigYtau-                    1.75000000E-02   1.8568596637E-03 +-    5.7320577854E-05   
GT sigZtau-                    1.75000000E-02   2.4308678205E-04 +-    4.5828941298E-05   
F tau+                         1.75000000E-02  -7.3645782807E-19 +-    1.1707167443E-19   
F tau-                         1.75000000E-02  -2.2869040310E-19 +-    1.2031661009E-19   
Psi**2                         1.75000000E-02   1.2889224295E-04 +-    2.0098784403E-06   
single crossing/step           1.75000000E-02   7.9228926240E-03 +-    4.2390375806E-05   
global crossing/step           1.75000000E-02   7.6906194561E-03 +-    8.3538538462E-05   
energy numerator(real)         1.75000000E-02  -2.2798214013E+00 +-    1.0656860994E+00   
denominator psit/psigi(real)   1.75000000E-02   1.2998867434E-02 +-    1.4238256966E-02   
energy numerator(aimag)        1.75000000E-02  -5.4204434686E-01 +-    6.8593997328E-01   
denominator psit/psigi(aimag)  1.75000000E-02   3.2695879940E-02 +-    9.4385451509E-03   
growth(lin dt) energy          1.75000000E-02  -2.6158537008E+02 +-    5.7537113618E+00   
growth(global) energy          1.75000000E-02  -2.8341320851E+02 +-    1.2105183152E+01
growth energy                  1.75000000E-02  -2.6127576860E+02 +-    5.7307222604E+00
Time for propagation (sec) (min) =          21.794      0.363
Time for energies (sec) (min) =              0.725      0.012
Time for load balancing (sec) (min) =        0.028      0.000
Time for block (sec) (min) =                23.067      0.384
Time for operators (sec) (min) =             0.020      0.000
Elapsed block time (sec) (min) =           160.755      2.679
 
 walkers multiplicity, block, total
   0          57847         357843
   1        1015827        7022605
   2          55443         351382
   3            407           2602
   4             66            472
   5             19            145
   6              8             53
   7              2             25
   8              1             14
   9              0              9
  10              1              7
  11              0              6
  12              0              2
  13              0              1
  14              0              1
  17              0              1
  20              0              1
 
 

iteration =                               8
walker number =                       10942
total energy-propagated        2.00000000E-02  -2.7026795755E+01 +-    1.0966823886E+00   
kinetic energy                 2.00000000E-02   7.8523429947E+01 +-    5.3444383593E+00   
potential energy               2.00000000E-02  -1.0555022570E+02 +-    5.3753198122E+00   
im energy                      2.00000000E-02  -1.7028703483E+01 +-    8.1277808963E-01   
imkin energy                   2.00000000E-02   3.9036675245E+01 +-    8.8607729179E-01   
impot energy                   2.00000000E-02  -5.6065378728E+01 +-    7.9455127420E-01   
v cent                         2.00000000E-02   9.0287587477E+01 +-    3.3291080544E+00   
v tau                          2.00000000E-02  -3.3938133089E+01 +-    5.8081222653E-01   
v sigma                        2.00000000E-02  -4.6410879085E+01 +-    8.3350401010E-01   
v sigtau                       2.00000000E-02  -2.0764603158E+02 +-    1.5473686106E+00   
v tensor                       2.00000000E-02  -6.6844525080E-01 +-    2.6094370832E-01   
v tenstau                      2.00000000E-02   9.2825675829E+01 +-    3.2785411186E+00   
v ls                           2.00000000E-02   0.0000000000E+00 +-    0.0000000000E+00   
v lstau                        2.00000000E-02   0.0000000000E+00 +-    0.0000000000E+00   
vpot v6                        2.00000000E-02  -1.0555022570E+02 +-    5.3753198122E+00   
vpot v8                        2.00000000E-02  -1.0555022570E+02 +-    5.3753198122E+00   
v coulomb                      2.00000000E-02   7.9466269936E-01 +-    6.6602678188E-03   
v external                     2.00000000E-02   0.0000000000E+00 +-    0.0000000000E+00   
tni 2pipr-anticomm             2.00000000E-02   0.0000000000E+00 +-    0.0000000000E+00   
tni vd1pr                      2.00000000E-02   0.0000000000E+00 +-    0.0000000000E+00   
tni vepr                       2.00000000E-02   0.0000000000E+00 +-    0.0000000000E+00   
tni central                    2.00000000E-02   0.0000000000E+00 +-    0.0000000000E+00   
tni 2pixx-anticommutator       2.00000000E-02   0.0000000000E+00 +-    0.0000000000E+00   
tni 2pixd-anticommutator       2.00000000E-02   0.0000000000E+00 +-    0.0000000000E+00   
tni 2pidd-anticommutator       2.00000000E-02   0.0000000000E+00 +-    0.0000000000E+00   
tni 2pixx-commutator           2.00000000E-02   0.0000000000E+00 +-    0.0000000000E+00   
tni 2pixd-commutator           2.00000000E-02   0.0000000000E+00 +-    0.0000000000E+00   
tni 2pidd-commutator           2.00000000E-02   0.0000000000E+00 +-    0.0000000000E+00   
tni 2pi-tm                     2.00000000E-02   0.0000000000E+00 +-    0.0000000000E+00   
tni vd1                        2.00000000E-02   0.0000000000E+00 +-    0.0000000000E+00   
tni vd2                        2.00000000E-02   0.0000000000E+00 +-    0.0000000000E+00   
tni ve                         2.00000000E-02   0.0000000000E+00 +-    0.0000000000E+00   
vpottot v8+tni                 2.00000000E-02  -1.0555022570E+02 +-    5.3753198122E+00   
enetot v8+tni                  2.00000000E-02  -2.7026795755E+01 +-    1.0966823886E+00   
vper cent                      2.00000000E-02   9.0287587477E+01 +-    3.3291080544E+00   
vper tau                       2.00000000E-02  -3.3938133089E+01 +-    5.8081222653E-01   
vper sigma                     2.00000000E-02  -4.6410879085E+01 +-    8.3350401010E-01   
vper sigtau                    2.00000000E-02  -2.0764603158E+02 +-    1.5473686106E+00   
vper tensor                    2.00000000E-02  -6.6844525080E-01 +-    2.6094370832E-01   
vper tenstau                   2.00000000E-02   9.2825675829E+01 +-    3.2785411186E+00   
vper ls                        2.00000000E-02   0.0000000000E+00 +-    0.0000000000E+00   
vper lstau                     2.00000000E-02   0.0000000000E+00 +-    0.0000000000E+00   
vpotper v6                     2.00000000E-02  -1.0555022570E+02 +-    5.3753198122E+00   
vpotper v8                     2.00000000E-02  -1.0555022570E+02 +-    5.3753198122E+00   
vpotv6pr-vpotv6per diff        2.00000000E-02   0.0000000000E+00 +-    0.0000000000E+00   
vpotv8pr-vpotv8per diff        2.00000000E-02   0.0000000000E+00 +-    0.0000000000E+00   
2piapr-2pia diff               2.00000000E-02   0.0000000000E+00 +-    0.0000000000E+00   
vd1pr-vd1 diff                 2.00000000E-02   0.0000000000E+00 +-    0.0000000000E+00   
vepr-ve diff                   2.00000000E-02   0.0000000000E+00 +-    0.0000000000E+00   
diff1 2piapr-2pia-2picxx       2.00000000E-02   0.0000000000E+00 +-    0.0000000000E+00   
diff2 vd1pr-vd1-2picxd         2.00000000E-02   0.0000000000E+00 +-    0.0000000000E+00   
diff3 vepr-ve-2picdd           2.00000000E-02   0.0000000000E+00 +-    0.0000000000E+00   
sum diff1+dif2+diff3           2.00000000E-02   0.0000000000E+00 +-    0.0000000000E+00   
proton rms                     2.00000000E-02   1.1623898929E+00 +-    2.2819574759E-02   
neutron rms                    2.00000000E-02   1.6825169381E-01 +-    3.3431123314E-02   
total rms                      2.00000000E-02   6.6000512654E-01 +-    2.6406119247E-02   
neutron-proton rms             2.00000000E-02  -9.9413819912E-01 +-    2.0760376260E-02   
GT sigXtau+                    2.00000000E-02   5.4572179542E-05 +-    8.2332357842E-05   
GT sigYtau+                    2.00000000E-02   1.6146380493E-03 +-    4.7068974438E-05   
GT sigZtau+                    2.00000000E-02   1.0563853013E-04 +-    7.3787517078E-05   
GT sigXtau-                    2.00000000E-02  -7.4420233585E-04 +-    6.5343081455E-05   
GT sigYtau-                    2.00000000E-02   1.4691747136E-03 +-    7.3437132366E-05   
GT sigZtau-                    2.00000000E-02   2.1712332563E-03 +-    7.2507499561E-05   
F tau+                         2.00000000E-02  -9.6463272403E-19 +-    9.5206547572E-20   
F tau-                         2.00000000E-02   2.9854581525E-18 +-    1.0409578857E-19   
Psi**2                         2.00000000E-02   1.1885676067E-04 +-    2.2309241143E-06   
single crossing/step           2.00000000E-02   8.7145402695E-03 +-    4.4400899149E-05   
global crossing/step           2.00000000E-02   8.4712652492E-03 +-    8.7564272668E-05   
energy numerator(real)         2.00000000E-02   4.8657798750E-01 +-    9.0914561912E-01   
denominator psit/psigi(real)   2.00000000E-02  -1.7413760834E-02 +-    1.3670921923E-02   
energy numerator(aimag)        2.00000000E-02  -6.2474755731E-01 +-    6.3923200388E-01   
denominator psit/psigi(aimag)  2.00000000E-02   2.3551926477E-02 +-    9.0745952495E-03   
growth(lin dt) energy          2.00000000E-02  -2.7838762663E+02 +-    6.0044519383E+00   
growth(global) energy          2.00000000E-02  -2.7258993606E+02 +-    1.1655705777E+01
growth energy                  2.00000000E-02  -2.7800858983E+02 +-    5.9779412963E+00
Time for propagation (sec) (min) =          21.838      0.364
Time for energies (sec) (min) =              0.766      0.013
Time for load balancing (sec) (min) =        0.028      0.000
Time for block (sec) (min) =                23.134      0.386
Time for operators (sec) (min) =             0.021      0.000
Elapsed block time (sec) (min) =           183.911      3.065
 
 walkers multiplicity, block, total
   0          57275         415118
   1        1005252        8027857
   2          56384         407766
   3            476           3078
   4             69            541
   5             28            173
   6             17             70
   7              9             34
   8              6             20
   9              3             12
  10              0              7
  11              0              6
  12              0              2
  13              0              1
  14              0              1
  17              0              1
  20              0              1
 
 

iteration =                               9
walker number =                       11733
total energy-propagated        2.25000000E-02   1.6785330413E+02 +-    2.2830523066E+00   
kinetic energy                 2.25000000E-02   5.5197857067E+00 +-    6.6331789177E+00   
potential energy               2.25000000E-02   1.6233351842E+02 +-    6.0004586041E+00   
im energy                      2.25000000E-02  -1.6104519003E+01 +-    4.3956738272E-01   
imkin energy                   2.25000000E-02  -1.2943497358E+02 +-    2.9961453795E+00   
impot energy                   2.25000000E-02   1.1333045457E+02 +-    3.3741035074E+00   
v cent                         2.25000000E-02   2.0183052299E+02 +-    5.7175420229E+00   
v tau                          2.25000000E-02   5.7418297606E+01 +-    2.0190400905E+00   
v sigma                        2.25000000E-02  -6.8642720014E+01 +-    1.4295197060E+00   
v sigtau                       2.25000000E-02  -1.7395921790E+02 +-    1.2481149619E+00   
v tensor                       2.25000000E-02  -2.3817768647E+01 +-    4.5192129595E-01   
v tenstau                      2.25000000E-02   1.6950440440E+02 +-    2.0974559722E+00   
v ls                           2.25000000E-02   0.0000000000E+00 +-    0.0000000000E+00   
v lstau                        2.25000000E-02   0.0000000000E+00 +-    0.0000000000E+00   
vpot v6                        2.25000000E-02   1.6233351842E+02 +-    6.0004586041E+00   
vpot v8                        2.25000000E-02   1.6233351842E+02 +-    6.0004586041E+00   
v coulomb                      2.25000000E-02   1.8501460076E+00 +-    1.8368882843E-02   
v external                     2.25000000E-02   0.0000000000E+00 +-    0.0000000000E+00   
tni 2pipr-anticomm             2.25000000E-02   0.0000000000E+00 +-    0.0000000000E+00   
tni vd1pr                      2.25000000E-02   0.0000000000E+00 +-    0.0000000000E+00   
tni vepr                       2.25000000E-02   0.0000000000E+00 +-    0.0000000000E+00   
tni central                    2.25000000E-02   0.0000000000E+00 +-    0.0000000000E+00   
tni 2pixx-anticommutator       2.25000000E-02   0.0000000000E+00 +-    0.0000000000E+00   
tni 2pixd-anticommutator       2.25000000E-02   0.0000000000E+00 +-    0.0000000000E+00   
tni 2pidd-anticommutator       2.25000000E-02   0.0000000000E+00 +-    0.0000000000E+00   
tni 2pixx-commutator           2.25000000E-02   0.0000000000E+00 +-    0.0000000000E+00   
tni 2pixd-commutator           2.25000000E-02   0.0000000000E+00 +-    0.0000000000E+00   
tni 2pidd-commutator           2.25000000E-02   0.0000000000E+00 +-    0.0000000000E+00   
tni 2pi-tm                     2.25000000E-02   0.0000000000E+00 +-    0.0000000000E+00   
tni vd1                        2.25000000E-02   0.0000000000E+00 +-    0.0000000000E+00   
tni vd2                        2.25000000E-02   0.0000000000E+00 +-    0.0000000000E+00   
tni ve                         2.25000000E-02   0.0000000000E+00 +-    0.0000000000E+00   
vpottot v8+tni                 2.25000000E-02   1.6233351842E+02 +-    6.0004586041E+00   
enetot v8+tni                  2.25000000E-02   1.6785330413E+02 +-    2.2830523066E+00   
vper cent                      2.25000000E-02   2.0183052299E+02 +-    5.7175420229E+00   
vper tau                       2.25000000E-02   5.7418297606E+01 +-    2.0190400905E+00   
vper sigma                     2.25000000E-02  -6.8642720014E+01 +-    1.4295197060E+00   
vper sigtau                    2.25000000E-02  -1.7395921790E+02 +-    1.2481149619E+00   
vper tensor                    2.25000000E-02  -2.3817768647E+01 +-    4.5192129595E-01   
vper tenstau                   2.25000000E-02   1.6950440440E+02 +-    2.0974559722E+00   
vper ls                        2.25000000E-02   0.0000000000E+00 +-    0.0000000000E+00   
vper lstau                     2.25000000E-02   0.0000000000E+00 +-    0.0000000000E+00   
vpotper v6                     2.25000000E-02   1.6233351842E+02 +-    6.0004586041E+00   
vpotper v8                     2.25000000E-02   1.6233351842E+02 +-    6.0004586041E+00   
vpotv6pr-vpotv6per diff        2.25000000E-02   0.0000000000E+00 +-    0.0000000000E+00   
vpotv8pr-vpotv8per diff        2.25000000E-02   0.0000000000E+00 +-    0.0000000000E+00   
2piapr-2pia diff               2.25000000E-02   0.0000000000E+00 +-    0.0000000000E+00   
vd1pr-vd1 diff                 2.25000000E-02   0.0000000000E+00 +-    0.0000000000E+00   
vepr-ve diff                   2.25000000E-02   0.0000000000E+00 +-    0.0000000000E+00   
diff1 2piapr-2pia-2picxx       2.25000000E-02   0.0000000000E+00 +-    0.0000000000E+00   
diff2 vd1pr-vd1-2picxd         2.25000000E-02   0.0000000000E+00 +-    0.0000000000E+00   
diff3 vepr-ve-2picdd           2.25000000E-02   0.0000000000E+00 +-    0.0000000000E+00   
sum diff1+dif2+diff3           2.25000000E-02   0.0000000000E+00 +-    0.0000000000E+00   
proton rms                     2.25000000E-02  -2.7600413014E-02 +-    3.5001891254E-02   
neutron rms                    2.25000000E-02   1.3470858461E+00 +-    1.9873240767E-02   
total rms                      2.25000000E-02   6.6306448937E-01 +-    2.6817201383E-02   
neutron-proton rms             2.25000000E-02   1.3746862591E+00 +-    1.7289841478E-02   
GT sigXtau+                    2.25000000E-02  -3.5907996731E-03 +-    5.2395805846E-05   
GT sigYtau+                    2.25000000E-02   1.9446222470E-03 +-    5.7478905904E-05   
GT sigZtau+                    2.25000000E-02  -6.8984723033E-03 +-    9.8384358539E-05   
GT sigXtau-                    2.25000000E-02  -7.6322520463E-03 +-    8.4010587978E-05   
GT sigYtau-                    2.25000000E-02  -2.8692840357E-03 +-    4.7699631496E-05   
GT sigZtau-                    2.25000000E-02  -4.5705601071E-03 +-    5.9980531367E-05   
F tau+                         2.25000000E-02   1.8432691221E-18 +-    9.7325153908E-20   
F tau-                         2.25000000E-02  -6.9985511249E-19 +-    1.6134184584E-19   
Psi**2                         2.25000000E-02   1.6996410022E-04 +-    1.7413046558E-06   
single crossing/step           2.25000000E-02   8.3013915413E-03 +-    4.3190350146E-05   
global crossing/step           2.25000000E-02   8.1019913732E-03 +-    8.5345537316E-05   
energy numerator(real)         2.25000000E-02   2.4660425594E-01 +-    9.5569466691E-01   
denominator psit/psigi(real)   2.25000000E-02  -3.0554374496E-03 +-    1.3393869377E-02   
energy numerator(aimag)        2.25000000E-02   3.3546124676E+00 +-    6.5826189529E-01   
denominator psit/psigi(aimag)  2.25000000E-02   1.9267885879E-02 +-    8.8614310247E-03   
growth(lin dt) energy          2.25000000E-02  -2.7750259710E+02 +-    5.9075320553E+00   
growth(global) energy          2.25000000E-02  -2.8044083908E+02 +-    1.0882707790E+01
growth energy                  2.25000000E-02  -2.7712739231E+02 +-    5.8815859841E+00
Time for propagation (sec) (min) =          21.995      0.367
Time for energies (sec) (min) =              0.821      0.014
Time for load balancing (sec) (min) =        0.029      0.000
Time for block (sec) (min) =                23.346      0.389
Time for operators (sec) (min) =             0.024      0.000
Elapsed block time (sec) (min) =           207.290      3.455
 
 walkers multiplicity, block, total
   0          57185         472303
   1        1013056        9040913
   2          56537         464303
   3            467           3545
   4             89            630
   5             27            200
   6              9             79
   7              3             37
   8              4             24
   9              2             14
  10              1              8
  11              0              6
  12              0              2
  13              0              1
  14              0              1
  15              1              1
  17              0              1
  20              0              1
 
 

iteration =                              10
walker number =                       11677
total energy-propagated        2.50000000E-02  -7.8525800615E+01 +-    7.3411955213E-01   
kinetic energy                 2.50000000E-02   7.6807219805E+01 +-    4.7645834165E+00   
potential energy               2.50000000E-02  -1.5533302042E+02 +-    4.3117574905E+00   
im energy                      2.50000000E-02  -3.6838192707E+00 +-    6.1994574329E-01   
imkin energy                   2.50000000E-02   5.2265571565E+00 +-    1.6077671728E+00   
impot energy                   2.50000000E-02  -8.9103764272E+00 +-    1.3374673190E+00   
v cent                         2.50000000E-02   9.4436208171E+01 +-    3.4494953003E+00   
v tau                          2.50000000E-02  -3.6229395526E+01 +-    5.6054147363E-01   
v sigma                        2.50000000E-02  -1.1519202994E+01 +-    7.1206067028E-01   
v sigtau                       2.50000000E-02  -9.4124943273E+01 +-    8.2823137953E-01   
v tensor                       2.50000000E-02  -3.9937688203E+00 +-    4.1205582305E-01   
v tenstau                      2.50000000E-02  -1.0390191798E+02 +-    2.6460942712E+00   
v ls                           2.50000000E-02   0.0000000000E+00 +-    0.0000000000E+00   
v lstau                        2.50000000E-02   0.0000000000E+00 +-    0.0000000000E+00   
vpot v6                        2.50000000E-02  -1.5533302042E+02 +-    4.3117574905E+00   
vpot v8                        2.50000000E-02  -1.5533302042E+02 +-    4.3117574905E+00   
v coulomb                      2.50000000E-02   9.5960310810E-01 +-    5.6421793576E-03   
v external                     2.50000000E-02   0.0000000000E+00 +-    0.0000000000E+00   
tni 2pipr-anticomm             2.50000000E-02   0.0000000000E+00 +-    0.0000000000E+00   
tni vd1pr                      2.50000000E-02   0.0000000000E+00 +-    0.0000000000E+00   
tni vepr                       2.50000000E-02   0.0000000000E+00 +-    0.0000000000E+00   
tni central                    2.50000000E-02   0.0000000000E+00 +-    0.0000000000E+00   
tni 2pixx-anticommutator       2.50000000E-02   0.0000000000E+00 +-    0.0000000000E+00   
tni 2pixd-anticommutator       2.50000000E-02   0.0000000000E+00 +-    0.0000000000E+00   
tni 2pidd-anticommutator       2.50000000E-02   0.0000000000E+00 +-    0.0000000000E+00   
tni 2pixx-commutator           2.50000000E-02   0.0000000000E+00 +-    0.0000000000E+00   
tni 2pixd-commutator           2.50000000E-02   0.0000000000E+00 +-    0.0000000000E+00   
tni 2pidd-commutator           2.50000000E-02   0.0000000000E+00 +-    0.0000000000E+00   
tni 2pi-tm                     2.50000000E-02   0.0000000000E+00 +-    0.0000000000E+00   
tni vd1                        2.50000000E-02   0.0000000000E+00 +-    0.0000000000E+00   
tni vd2                        2.50000000E-02   0.0000000000E+00 +-    0.0000000000E+00   
tni ve                         2.50000000E-02   0.0000000000E+00 +-    0.0000000000E+00   
vpottot v8+tni                 2.50000000E-02  -1.5533302042E+02 +-    4.3117574905E+00   
enetot v8+tni                  2.50000000E-02  -7.8525800615E+01 +-    7.3411955213E-01   
vper cent                      2.50000000E-02   9.4436208171E+01 +-    3.4494953003E+00   
vper tau                       2.50000000E-02  -3.6229395526E+01 +-    5.6054147363E-01   
vper sigma                     2.50000000E-02  -1.1519202994E+01 +-    7.1206067028E-01   
vper sigtau                    2.50000000E-02  -9.4124943273E+01 +-    8.2823137953E-01   
vper tensor                    2.50000000E-02  -3.9937688203E+00 +-    4.1205582305E-01   
vper tenstau                   2.50000000E-02  -1.0390191798E+02 +-    2.6460942712E+00   
vper ls                        2.50000000E-02   0.0000000000E+00 +-    0.0000000000E+00   
vper lstau                     2.50000000E-02   0.0000000000E+00 +-    0.0000000000E+00   
vpotper v6                     2.50000000E-02  -1.5533302042E+02 +-    4.3117574905E+00   
vpotper v8                     2.50000000E-02  -1.5533302042E+02 +-    4.3117574905E+00   
vpotv6pr-vpotv6per diff        2.50000000E-02   0.0000000000E+00 +-    0.0000000000E+00   
vpotv8pr-vpotv8per diff        2.50000000E-02   0.0000000000E+00 +-    0.0000000000E+00   
2piapr-2pia diff               2.50000000E-02   0.0000000000E+00 +-    0.0000000000E+00   
vd1pr-vd1 diff                 2.50000000E-02   0.0000000000E+00 +-    0.0000000000E+00   
vepr-ve diff                   2.50000000E-02   0.0000000000E+00 +-    0.0000000000E+00   
diff1 2piapr-2pia-2picxx       2.50000000E-02   0.0000000000E+00 +-    0.0000000000E+00   
diff2 vd1pr-vd1-2picxd         2.50000000E-02   0.0000000000E+00 +-    0.0000000000E+00   
diff3 vepr-ve-2picdd           2.50000000E-02   0.0000000000E+00 +-    0.0000000000E+00   
sum diff1+dif2+diff3           2.50000000E-02   0.0000000000E+00 +-    0.0000000000E+00   
proton rms                     2.50000000E-02   9.7350819607E-01 +-    1.1996245771E-02   
neutron rms                    2.50000000E-02   1.0346687336E+00 +-    1.4282598592E-02   
total rms                      2.50000000E-02   9.9729553035E-01 +-    1.2124591046E-02   
neutron-proton rms             2.50000000E-02   6.1160537480E-02 +-    7.5388850650E-03   
GT sigXtau+                    2.50000000E-02  -1.1048937936E-03 +-    3.7619406009E-05   
GT sigYtau+                    2.50000000E-02   2.7927338745E-03 +-    4.8504656168E-05   
GT sigZtau+                    2.50000000E-02   2.5138151030E-03 +-    2.9867286824E-05   
GT sigXtau-                    2.50000000E-02  -1.6755074274E-03 +-    5.2627395899E-05   
GT sigYtau-                    2.50000000E-02  -1.4037173620E-03 +-    3.4965357224E-05   
GT sigZtau-                    2.50000000E-02   6.6372095494E-04 +-    4.0621831057E-05   
F tau+                         2.50000000E-02  -1.5328372206E-19 +-    7.6650472153E-20   
F tau-                         2.50000000E-02   4.3869411328E-19 +-    7.9015845811E-20   
Psi**2                         2.50000000E-02   5.2287612060E-05 +-    1.0307511989E-06   
single crossing/step           2.50000000E-02   8.1131828543E-03 +-    4.2760183498E-05   
global crossing/step           2.50000000E-02   7.9850369169E-03 +-    8.4847771524E-05   
energy numerator(real)         2.50000000E-02   1.6127749413E+00 +-    8.7274630678E-01   
denominator psit/psigi(real)   2.50000000E-02  -1.5841619557E-02 +-    1.3392532979E-02   
energy numerator(aimag)        2.50000000E-02   4.2971273639E+00 +-    5.9560722784E-01   
denominator psit/psigi(aimag)  2.50000000E-02  -5.6049891686E-02 +-    8.6426658924E-03   
growth(lin dt) energy          2.50000000E-02  -2.5571122782E+02 +-    5.7966711906E+00   
growth(global) energy          2.50000000E-02  -2.4988848980E+02 +-    1.2614283993E+01
growth energy                  2.50000000E-02  -2.5542424951E+02 +-    5.7743519498E+00
Time for propagation (sec) (min) =          21.930      0.365
Time for energies (sec) (min) =              0.817      0.014
Time for load balancing (sec) (min) =        0.031      0.001
Time for block (sec) (min) =                23.294      0.388
Time for operators (sec) (min) =             0.021      0.000
Elapsed block time (sec) (min) =           230.605      3.843
 
 walkers multiplicity, block, total
   0          56347         528650
   1        1012493       10053406
   2          55042         519345
   3            399           3944
   4             62            692
   5             31            231
   6              7             86
   7              3             40
   8              0             24
   9              4             18
  10              0              8
  11              3              9
  12              0              2
  13              1              2
  14              0              1
  15              1              2
  17              0              1
  20              0              1
 
 

Time for steps      =     230.614 seconds,        3.844 minutes
Master Time for steps =     230.425 seconds,        3.840 minutes

Number of cpus =       100
Total job time =     235.957 seconds,        3.933 minutes,        0.066 hours
Total cpu-time =     393.261 minutes,        6.554 hours
Total time =         235.739 seconds,        3.929 minutes,        0.065 hours
Finished!
