Unconstrained Diffusion Monte Carlo Run -- no drift
!-!-!-!-!-!-!-!-!-!-!-!-!-!-!-!-!-!-!-!-!-!-!-!-!-!
MPI parameters:
Number of boss cpus =                         100
Number of worker cpus for each boss =           0
Total number of cpus =                        100
Simulation parameters:
random number seed =                          321
hbar^2/2m =                              20.73554
start from sites =                              F
nwalk =                                     10000
equilibration blocks =                          0
averaging blocks =                             10
nsteps/blocks =                               100
time step =                          0.0000250000
time step rotations (vmc) =          0.1700000000
trial energy =                          -26.00000
drift cutoff =                            0.00000
drastic population control up =           1.20000
drastic population control down =         0.80000
rebalance if walkers fluctuate more than   2.00 %
weight cut off =                         20.00000
table size =                                 8000
!-!-!-!-!-!-!-!-!-!-!-!-!-!-!-!-!-!-!-!-!-!-!-!-!-!
System parameters:
lpot =                                         11
lpotper =                                      11
potential  =                          argonne v6'
potentialpr =                         argonne v6'
Coulomb included in energy-propagation          F
multiply central v by =                   1.00000
multiply tau v by =                       1.00000
multiply sigma v by =                     1.00000
multiply sigma tau v by =                 1.00000
multiply tensor v by =                    1.00000
multiply tensor tau v by =                1.00000
multiply spin-orbit v by =                0.00000
multiply spin-orbit tau v by =            0.00000
three-body potential =                        no3
ibox (0 is nearest image) =                     0
!-!-!-!-!-!-!-!-!-!-!-!-!-!-!-!-!-!-!-!-!-!-!-!-!-!
propagate LS =                                  F
calculate LS =                                  F
type of correlations =           independent pair
scale orbital   1 with factor    1.14000
determinant # 1
coefficient                     1.00000   0.00000
1  1  0  1  alpha.orb    # 2J,2M,L,tau radial_file for state                    
1 -1  0  1  alpha.orb    # 2J,2M,L,tau radial_file for state                    
1  1  0 -1  alpha.orb    # 2J,2M,L,tau radial_file for state                    
1 -1  0 -1  alpha.orb    # 2J,2M,L,tau radial_file for state                    
rescaled coefficient            1.00000   0.00000
!-!-!-!-!-!-!-!-!-!-!-!-!-!-!-!-!-!-!-!-!-!-!-!-!-!
No external potential
!-!-!-!-!-!-!-!-!-!-!-!-!-!-!-!-!-!-!-!-!-!-!-!-!-!
rcut in pair sampling =                   1.00000
acut in pair sampling =                   5.00000
a constant in psig =                      0.20000
Number of protons =                             2
Number of neutrons =                            2
range of the potential =                 20.00000
!-!-!-!-!-!-!-!-!-!-!-!-!-!-!-!-!-!-!-!-!-!-!-!-!-!
do V3 =                                         F
three body force =                            no3
three body a2piPwa =                      0.000000000000000
three body a2piPwc =                      0.000000000000000
three body a2piSw =                       0.000000000000000
three body Vd,C,c3 =                      0.000000000000000
three body Ve,C,c3 =                      0.000000000000000
three body A_R =                          0.000000000000000
three body Vd1 =                          0.000000000000000
three body Vd2 =                          0.000000000000000
three body Ve =                           0.000000000000000
propagator: multiply the antic by =       0.000000000000000
propagator: multiply the Vd1 by =         0.000000000000000
propagator: multiply the Ve by =          0.000000000000000
propagator: three body a2piPW =           0.000000000000000
!-!-!-!-!-!-!-!-!-!-!-!-!-!-!-!-!-!-!-!-!-!-!-!-!-!
jastrow healing distance dc =             4.47768
jastrow healing distance dtn =           11.57317
jastrow rho =                             0.01000
potential quencher acn (v1) =             1.50851
potential quencher at  (v2) =             6.06936
potential quencher as  (v3) =             2.76780
potential quencher ast (v4) =             0.80880
potential quencher atn (v5) =             0.61864
potential quencher atn (v6) =             0.20141
potential quencher als (v7) =             0.00000
potential quencher alst (v8) =            0.00000
correlation quencher bt (f2) =            0.26685
correlation quencher bs (f3) =           -0.10565
correlation quencher bst (f4) =           0.42277
correlation quencher btn (f5) =           1.08683
correlation quencher btn (f6) =           4.44810
correlation quencher bls (f7) =           0.00000
correlation quencher blst (f8) =          0.00000
!-!-!-!-!-!-!-!-!-!-!-!-!-!-!-!-!-!-!-!-!-!-!-!-!-!
q1c parameter in f3c =                   12.87526
q2c parameter in f3c =                    1.60340
q1p parameter in f3p =                   -1.81620
q2p parameter in f3p =                    2.14789
!-!-!-!-!-!-!-!-!-!-!-!-!-!-!-!-!-!-!-!-!-!-!-!-!-!
rscal parameter in Uijk cent =            1.00000
rscal parameter in Uijk xpi =             1.00000
rscal parameter in Uijk delta =           1.00000
eps_c parameter in Uijk =                 0.00000
eps_anti parameter in Uijk =              0.00000
eps_tm parameter in Uijk =                0.00000
eps_vd1 parameter in Uijk =               0.00000
eps_vd2 parameter in Uijk =               0.00000
eps_vdc3 parameter in Uijk =              0.00000
eps_vec3 parameter in Uijk =              0.00000
eps_ve parameter in Uijk =                0.00000
eps_comm parameter in Uijk =              0.00000
eps_comm-XD parameter in Uijk =           0.00000
eps_comm-DD parameter in Uijk =           0.00000
TNI-comm correlation included =                 F
!-!-!-!-!-!-!-!-!-!-!-!-!-!-!-!-!-!-!-!-!-!-!-!-!-!
CSB correlation rscalpp =                 1.00000
CSB correlation rscalnn =                 1.00000
CSB correlation quencher pp =             0.00000
CSB correlation quencher nn =             0.00000
CSB correlation included =                      F
!-!-!-!-!-!-!-!-!-!-!-!-!-!-!-!-!-!-!-!-!-!-!-!-!-!
jastrow initialized
!-!-!-!-!-!-!-!-!-!-!-!-!-!-!-!-!-!-!-!-!-!-!-!-!-!
Symmetrize V6 in the propagator =               T
New propagation of Vlstau and commutator included!
Coulomb included in energy (and propag)         F
Initial walkers from file
Number of walkers =                          9166
Configurations at tau =              2.2750000000
Reset tau =                          0.0000000000
!-!-!-!-!-!-!-!-!-!-!-!-!-!-!-!-!-!-!-!-!-!-!-!-!-!
Time for reading configurations (sec.) =       0.74
!-!-!-!-!-!-!-!-!-!-!-!-!-!-!-!-!-!-!-!-!-!-!-!-!-!
Initial configurations:
total energy-propagated        0.00000000E+00  -2.6151120546E+01 +-    3.4642626707E-01   
kinetic energy                 0.00000000E+00   1.0231565334E+02 +-    1.6223572478E+00   
potential energy               0.00000000E+00  -1.2846677388E+02 +-    1.6044779151E+00   
v cent                         0.00000000E+00   1.6887322511E+01 +-    1.4704315173E+00   
v tau                          0.00000000E+00  -7.3004078332E+00 +-    2.1986186413E-01   
v sigma                        0.00000000E+00  -8.3567187263E+00 +-    2.3256065811E-01   
v sigtau                       0.00000000E+00  -5.8791693927E+01 +-    5.2664326290E-01   
v tensor                       0.00000000E+00   3.9567494364E-01 +-    1.2897731696E-01   
v tenstau                      0.00000000E+00  -7.1300950852E+01 +-    9.3698835309E-01   
v ls                           0.00000000E+00   0.0000000000E+00 +-    0.0000000000E+00   
v lstau                        0.00000000E+00   0.0000000000E+00 +-    0.0000000000E+00   
v coulomb                      0.00000000E+00   7.3511915414E-01 +-    2.7718211152E-03   
v external                     0.00000000E+00   0.0000000000E+00 +-    0.0000000000E+00   
tni 2pipr-anticomm             0.00000000E+00   0.0000000000E+00 +-    0.0000000000E+00   
tni vd1pr                      0.00000000E+00   0.0000000000E+00 +-    0.0000000000E+00   
tni vepr                       0.00000000E+00   0.0000000000E+00 +-    0.0000000000E+00   
tni central                    0.00000000E+00   0.0000000000E+00 +-    0.0000000000E+00   
tni 2pixx-anticommutator       0.00000000E+00   0.0000000000E+00 +-    0.0000000000E+00   
tni 2pixd-anticommutator       0.00000000E+00   0.0000000000E+00 +-    0.0000000000E+00   
tni 2pidd-anticommutator       0.00000000E+00   0.0000000000E+00 +-    0.0000000000E+00   
tni 2pixx-commutator           0.00000000E+00   0.0000000000E+00 +-    0.0000000000E+00   
tni 2pixd-commutator           0.00000000E+00   0.0000000000E+00 +-    0.0000000000E+00   
tni 2pidd-commutator           0.00000000E+00   0.0000000000E+00 +-    0.0000000000E+00   
tni 2pi-tm                     0.00000000E+00   0.0000000000E+00 +-    0.0000000000E+00   
tni vd1                        0.00000000E+00   0.0000000000E+00 +-    0.0000000000E+00   
tni vd2                        0.00000000E+00   0.0000000000E+00 +-    0.0000000000E+00   
tni ve                         0.00000000E+00   0.0000000000E+00 +-    0.0000000000E+00   
enetot v8+tni                  0.00000000E+00  -2.6151120546E+01 +-    3.4642626707E-01   
!-!-!-!-!-!-!-!-!-!-!-!-!-!-!-!-!-!-!-!-!-!-!-!-!-!
Psi**2 of initial configurations  =   0.2544015E-04  0.0000000E+00  +-    0.6215804E-06  0.0000000E+00
Psig**2 of initial configurations =   0.1676539E-04  0.0000000E+00  +-    0.4859036E-06  0.0000000E+00
!-!-!-!-!-!-!-!-!-!-!-!-!-!-!-!-!-!-!-!-!-!-!-!-!-!
T**2 of initial configurations  =  -0.1651037E-07 -0.1930991E-09
Tz of initial configurations    =   0.2217466E-13 -0.3501059E-14
J**2 of initial configurations  =   0.2927574E-07 -0.1816445E-09
Jz of initial configurations    =   0.5582006E-14 -0.4281344E-13
!-!-!-!-!-!-!-!-!-!-!-!-!-!-!-!-!-!-!-!-!-!-!-!-!-!
!-!-!-!-!-!-!-!-!-!-!-!-!-!-!-!-!-!-!-!-!-!-!-!-!-!
Time to process initial configurations (sec.) =       1.58
!-!-!-!-!-!-!-!-!-!-!-!-!-!-!-!-!-!-!-!-!-!-!-!-!-!

equilibration done

iteration =                               1
walker number =                       11817
total energy-propagated        2.50000000E-03  -2.8716781527E+01 +-    2.8847872370E-01   
kinetic energy                 2.50000000E-03   1.0293004116E+02 +-    1.4405243967E+00   
potential energy               2.50000000E-03  -1.3164682269E+02 +-    1.3920038478E+00   
im energy                      2.50000000E-03   2.7805477105E-01 +-    1.7118022008E-01   
imkin energy                   2.50000000E-03  -5.1006116675E-01 +-    4.1437532599E-01   
impot energy                   2.50000000E-03   7.8811593780E-01 +-    3.8231177302E-01   
v cent                         2.50000000E-03   1.2220544195E+01 +-    1.1926621465E+00   
v tau                          2.50000000E-03  -7.2784709670E+00 +-    1.7555929239E-01   
v sigma                        2.50000000E-03  -8.6090758626E+00 +-    1.9493463960E-01   
v sigtau                       2.50000000E-03  -5.9759762169E+01 +-    4.8028652898E-01   
v tensor                       2.50000000E-03   9.4446534605E-01 +-    1.1254649012E-01   
v tenstau                      2.50000000E-03  -6.9164523227E+01 +-    8.6088568224E-01   
v ls                           2.50000000E-03   0.0000000000E+00 +-    0.0000000000E+00   
v lstau                        2.50000000E-03   0.0000000000E+00 +-    0.0000000000E+00   
vpot v6                        2.50000000E-03  -1.3164682269E+02 +-    1.3920038478E+00   
vpot v8                        2.50000000E-03  -1.3164682269E+02 +-    1.3920038478E+00   
v coulomb                      2.50000000E-03   7.2301891397E-01 +-    2.4199838320E-03   
v external                     2.50000000E-03   0.0000000000E+00 +-    0.0000000000E+00   
tni 2pipr-anticomm             2.50000000E-03   0.0000000000E+00 +-    0.0000000000E+00   
tni vd1pr                      2.50000000E-03   0.0000000000E+00 +-    0.0000000000E+00   
tni vepr                       2.50000000E-03   0.0000000000E+00 +-    0.0000000000E+00   
tni central                    2.50000000E-03   0.0000000000E+00 +-    0.0000000000E+00   
tni 2pixx-anticommutator       2.50000000E-03   0.0000000000E+00 +-    0.0000000000E+00   
tni 2pixd-anticommutator       2.50000000E-03   0.0000000000E+00 +-    0.0000000000E+00   
tni 2pidd-anticommutator       2.50000000E-03   0.0000000000E+00 +-    0.0000000000E+00   
tni 2pixx-commutator           2.50000000E-03   0.0000000000E+00 +-    0.0000000000E+00   
tni 2pixd-commutator           2.50000000E-03   0.0000000000E+00 +-    0.0000000000E+00   
tni 2pidd-commutator           2.50000000E-03   0.0000000000E+00 +-    0.0000000000E+00   
tni 2pi-tm                     2.50000000E-03   0.0000000000E+00 +-    0.0000000000E+00   
tni vd1                        2.50000000E-03   0.0000000000E+00 +-    0.0000000000E+00   
tni vd2                        2.50000000E-03   0.0000000000E+00 +-    0.0000000000E+00   
tni ve                         2.50000000E-03   0.0000000000E+00 +-    0.0000000000E+00   
vpottot v8+tni                 2.50000000E-03  -1.3164682269E+02 +-    1.3920038478E+00   
enetot v8+tni                  2.50000000E-03  -2.8716781527E+01 +-    2.8847872370E-01   
vper cent                      2.50000000E-03   1.2220544195E+01 +-    1.1926621465E+00   
vper tau                       2.50000000E-03  -7.2784709670E+00 +-    1.7555929239E-01   
vper sigma                     2.50000000E-03  -8.6090758626E+00 +-    1.9493463960E-01   
vper sigtau                    2.50000000E-03  -5.9759762169E+01 +-    4.8028652898E-01   
vper tensor                    2.50000000E-03   9.4446534605E-01 +-    1.1254649012E-01   
vper tenstau                   2.50000000E-03  -6.9164523227E+01 +-    8.6088568224E-01   
vper ls                        2.50000000E-03   0.0000000000E+00 +-    0.0000000000E+00   
vper lstau                     2.50000000E-03   0.0000000000E+00 +-    0.0000000000E+00   
vpotper v6                     2.50000000E-03  -1.3164682269E+02 +-    1.3920038478E+00   
vpotper v8                     2.50000000E-03  -1.3164682269E+02 +-    1.3920038478E+00   
vpotv6pr-vpotv6per diff        2.50000000E-03   0.0000000000E+00 +-    0.0000000000E+00   
vpotv8pr-vpotv8per diff        2.50000000E-03   0.0000000000E+00 +-    0.0000000000E+00   
2piapr-2pia diff               2.50000000E-03   0.0000000000E+00 +-    0.0000000000E+00   
vd1pr-vd1 diff                 2.50000000E-03   0.0000000000E+00 +-    0.0000000000E+00   
vepr-ve diff                   2.50000000E-03   0.0000000000E+00 +-    0.0000000000E+00   
diff1 2piapr-2pia-2picxx       2.50000000E-03   0.0000000000E+00 +-    0.0000000000E+00   
diff2 vd1pr-vd1-2picxd         2.50000000E-03   0.0000000000E+00 +-    0.0000000000E+00   
diff3 vepr-ve-2picdd           2.50000000E-03   0.0000000000E+00 +-    0.0000000000E+00   
sum diff1+dif2+diff3           2.50000000E-03   0.0000000000E+00 +-    0.0000000000E+00   
proton rms                     2.50000000E-03   2.1830219071E+00 +-    1.1985495170E-02   
neutron rms                    2.50000000E-03   2.1647489167E+00 +-    1.2571500028E-02   
total rms                      2.50000000E-03   2.1725961068E+00 +-    1.0956518957E-02   
neutron-proton rms             2.50000000E-03  -1.8272990370E-02 +-    1.1076910200E-02   
GT sigXtau+                    2.50000000E-03  -1.5055200309E-05 +-    2.1260398289E-05   
GT sigYtau+                    2.50000000E-03  -2.3652519148E-05 +-    2.0625063554E-05   
GT sigZtau+                    2.50000000E-03  -4.6721683890E-05 +-    2.0434738076E-05   
GT sigXtau-                    2.50000000E-03   2.6550380740E-05 +-    2.0012339815E-05   
GT sigYtau-                    2.50000000E-03  -5.9634084386E-05 +-    2.0541034646E-05   
GT sigZtau-                    2.50000000E-03   2.8615648222E-05 +-    2.0009050348E-05   
F tau+                         2.50000000E-03   6.0881901527E-21 +-    3.6365926689E-20   
F tau-                         2.50000000E-03  -4.0455629319E-20 +-    3.6731297725E-20   
Psi**2                         2.50000000E-03   2.5055209379E-05 +-    6.1026519929E-07   
single crossing/step           2.50000000E-03   8.2494217398E-03 +-    4.4688120284E-05   
global crossing/step           2.50000000E-03   8.1537366492E-03 +-    8.8860677344E-05   
energy numerator(real)         2.50000000E-03  -2.9382304113E+01 +-    6.6126996483E-01   
denominator psit/psigi(real)   2.50000000E-03   1.0232169141E+00 +-    1.0763051996E-02   
energy numerator(aimag)        2.50000000E-03  -6.1953470196E-01 +-    4.1314078260E-01   
denominator psit/psigi(aimag)  2.50000000E-03   1.9381737694E-02 +-    6.9262081567E-03   
growth(lin dt) energy          2.50000000E-03  -1.9286547666E+02 +-    4.7809847283E+00   
growth(global) energy          2.50000000E-03  -2.0577238028E+02 +-    1.1210618045E+01
growth energy                  2.50000000E-03  -1.9276690921E+02 +-    4.7701022265E+00
Time for propagation (sec) (min) =          20.378      0.340
Time for energies (sec) (min) =              0.825      0.014
Time for load balancing (sec) (min) =        0.060      0.001
Time for block (sec) (min) =                21.927      0.365
Time for operators (sec) (min) =             0.025      0.000
Elapsed block time (sec) (min) =            21.954      0.366
 
 walkers multiplicity, block, total
   0          38130          38130
   1         945637         945637
   2          40188          40188
   3            181            181
   4             33             33
   5             12             12
   6              3              3
   7              3              3
   8              3              3
   9              1              1
  11              1              1
  13              1              1
 
 

iteration =                               2
walker number =                       10810
total energy-propagated        5.00000000E-03  -2.7768411036E+01 +-    2.4632301774E-01   
kinetic energy                 5.00000000E-03   9.0458469866E+01 +-    1.3046893411E+00   
potential energy               5.00000000E-03  -1.1822688090E+02 +-    1.2458133152E+00   
im energy                      5.00000000E-03   2.0896432209E-01 +-    1.6381318668E-01   
imkin energy                   5.00000000E-03  -1.7056311684E+00 +-    1.8268713141E-01   
impot energy                   5.00000000E-03   1.9145954905E+00 +-    1.6259909398E-01   
v cent                         5.00000000E-03   1.2446809592E+01 +-    1.2465564049E+00   
v tau                          5.00000000E-03  -3.9856065910E+00 +-    4.4693001078E-01   
v sigma                        5.00000000E-03  -8.8202023159E+00 +-    1.7007103825E-01   
v sigtau                       5.00000000E-03  -5.4557968971E+01 +-    4.1284851570E-01   
v tensor                       5.00000000E-03  -3.8391423500E-01 +-    7.0922060127E-02   
v tenstau                      5.00000000E-03  -6.2925998381E+01 +-    6.0646211884E-01   
v ls                           5.00000000E-03   0.0000000000E+00 +-    0.0000000000E+00   
v lstau                        5.00000000E-03   0.0000000000E+00 +-    0.0000000000E+00   
vpot v6                        5.00000000E-03  -1.1822688090E+02 +-    1.2458133152E+00   
vpot v8                        5.00000000E-03  -1.1822688090E+02 +-    1.2458133152E+00   
v coulomb                      5.00000000E-03   7.2882279467E-01 +-    3.3060574481E-03   
v external                     5.00000000E-03   0.0000000000E+00 +-    0.0000000000E+00   
tni 2pipr-anticomm             5.00000000E-03   0.0000000000E+00 +-    0.0000000000E+00   
tni vd1pr                      5.00000000E-03   0.0000000000E+00 +-    0.0000000000E+00   
tni vepr                       5.00000000E-03   0.0000000000E+00 +-    0.0000000000E+00   
tni central                    5.00000000E-03   0.0000000000E+00 +-    0.0000000000E+00   
tni 2pixx-anticommutator       5.00000000E-03   0.0000000000E+00 +-    0.0000000000E+00   
tni 2pixd-anticommutator       5.00000000E-03   0.0000000000E+00 +-    0.0000000000E+00   
tni 2pidd-anticommutator       5.00000000E-03   0.0000000000E+00 +-    0.0000000000E+00   
tni 2pixx-commutator           5.00000000E-03   0.0000000000E+00 +-    0.0000000000E+00   
tni 2pixd-commutator           5.00000000E-03   0.0000000000E+00 +-    0.0000000000E+00   
tni 2pidd-commutator           5.00000000E-03   0.0000000000E+00 +-    0.0000000000E+00   
tni 2pi-tm                     5.00000000E-03   0.0000000000E+00 +-    0.0000000000E+00   
tni vd1                        5.00000000E-03   0.0000000000E+00 +-    0.0000000000E+00   
tni vd2                        5.00000000E-03   0.0000000000E+00 +-    0.0000000000E+00   
tni ve                         5.00000000E-03   0.0000000000E+00 +-    0.0000000000E+00   
vpottot v8+tni                 5.00000000E-03  -1.1822688090E+02 +-    1.2458133152E+00   
enetot v8+tni                  5.00000000E-03  -2.7768411036E+01 +-    2.4632301774E-01   
vper cent                      5.00000000E-03   1.2446809592E+01 +-    1.2465564049E+00   
vper tau                       5.00000000E-03  -3.9856065910E+00 +-    4.4693001078E-01   
vper sigma                     5.00000000E-03  -8.8202023159E+00 +-    1.7007103825E-01   
vper sigtau                    5.00000000E-03  -5.4557968971E+01 +-    4.1284851570E-01   
vper tensor                    5.00000000E-03  -3.8391423500E-01 +-    7.0922060127E-02   
vper tenstau                   5.00000000E-03  -6.2925998381E+01 +-    6.0646211884E-01   
vper ls                        5.00000000E-03   0.0000000000E+00 +-    0.0000000000E+00   
vper lstau                     5.00000000E-03   0.0000000000E+00 +-    0.0000000000E+00   
vpotper v6                     5.00000000E-03  -1.1822688090E+02 +-    1.2458133152E+00   
vpotper v8                     5.00000000E-03  -1.1822688090E+02 +-    1.2458133152E+00   
vpotv6pr-vpotv6per diff        5.00000000E-03   0.0000000000E+00 +-    0.0000000000E+00   
vpotv8pr-vpotv8per diff        5.00000000E-03   0.0000000000E+00 +-    0.0000000000E+00   
2piapr-2pia diff               5.00000000E-03   0.0000000000E+00 +-    0.0000000000E+00   
vd1pr-vd1 diff                 5.00000000E-03   0.0000000000E+00 +-    0.0000000000E+00   
vepr-ve diff                   5.00000000E-03   0.0000000000E+00 +-    0.0000000000E+00   
diff1 2piapr-2pia-2picxx       5.00000000E-03   0.0000000000E+00 +-    0.0000000000E+00   
diff2 vd1pr-vd1-2picxd         5.00000000E-03   0.0000000000E+00 +-    0.0000000000E+00   
diff3 vepr-ve-2picdd           5.00000000E-03   0.0000000000E+00 +-    0.0000000000E+00   
sum diff1+dif2+diff3           5.00000000E-03   0.0000000000E+00 +-    0.0000000000E+00   
proton rms                     5.00000000E-03   2.1855324789E+00 +-    1.1583093652E-02   
neutron rms                    5.00000000E-03   2.2149859122E+00 +-    1.4458540234E-02   
total rms                      5.00000000E-03   2.2025843046E+00 +-    1.1635865298E-02   
neutron-proton rms             5.00000000E-03   2.9453433309E-02 +-    1.2308273981E-02   
GT sigXtau+                    5.00000000E-03  -1.6846203181E-04 +-    1.9138523413E-05   
GT sigYtau+                    5.00000000E-03  -3.6387705358E-05 +-    2.1858154655E-05   
GT sigZtau+                    5.00000000E-03  -1.1987179575E-05 +-    1.3707140304E-05   
GT sigXtau-                    5.00000000E-03  -1.0718826401E-04 +-    2.0180205009E-05   
GT sigYtau-                    5.00000000E-03   9.1904643024E-07 +-    2.0221946256E-05   
GT sigZtau-                    5.00000000E-03  -3.0279579559E-05 +-    1.7830263004E-05   
F tau+                         5.00000000E-03   2.5159405572E-20 +-    6.1100200883E-20   
F tau-                         5.00000000E-03   5.9629874318E-20 +-    3.8026331807E-20   
Psi**2                         5.00000000E-03   2.1869994654E-05 +-    5.4491919540E-07   
single crossing/step           5.00000000E-03   7.6472703468E-03 +-    4.1824183064E-05   
global crossing/step           5.00000000E-03   7.5237190776E-03 +-    8.2975057152E-05   
energy numerator(real)         5.00000000E-03  -1.7241430137E+01 +-    7.8224438694E-01   
denominator psit/psigi(real)   5.00000000E-03   6.1947721226E-01 +-    1.2993117873E-02   
energy numerator(aimag)        5.00000000E-03  -3.0796928628E-01 +-    5.4016883573E-01   
denominator psit/psigi(aimag)  5.00000000E-03   3.5755652802E-02 +-    8.5133290311E-03   
growth(lin dt) energy          5.00000000E-03  -2.1354783137E+02 +-    5.1186229448E+00   
growth(global) energy          5.00000000E-03  -2.1530736813E+02 +-    1.1781224541E+01
growth energy                  5.00000000E-03  -2.1339809560E+02 +-    5.1043171913E+00
Time for propagation (sec) (min) =          21.581      0.360
Time for energies (sec) (min) =              0.755      0.013
Time for load balancing (sec) (min) =        0.032      0.001
Time for block (sec) (min) =                22.932      0.382
Time for operators (sec) (min) =             0.021      0.000
Elapsed block time (sec) (min) =            44.924      0.749
 
 walkers multiplicity, block, total
   0          48300          86430
   1        1013565        1959202
   2          46333          86521
   3            301            482
   4             62             95
   5             24             36
   6              7             10
   7              4              7
   8              0              3
   9              0              1
  11              0              1
  13              0              1
  18              1              1
 
 

iteration =                               3
walker number =                       10779
total energy-propagated        7.50000000E-03  -2.9569227565E+01 +-    4.0305685879E-01   
kinetic energy                 7.50000000E-03   1.2404531790E+02 +-    1.1195582983E+00   
potential energy               7.50000000E-03  -1.5361454546E+02 +-    9.6218645356E-01   
im energy                      7.50000000E-03   2.1269411691E+00 +-    2.2694231374E-01   
imkin energy                   7.50000000E-03   6.9881555890E+00 +-    4.7562460665E-01   
impot energy                   7.50000000E-03  -4.8612144199E+00 +-    5.0243267755E-01   
v cent                         7.50000000E-03   1.2037098436E+01 +-    1.3557523932E+00   
v tau                          7.50000000E-03  -7.6812870565E+00 +-    2.8123345419E-01   
v sigma                        7.50000000E-03  -1.0045016707E+01 +-    2.5529770349E-01   
v sigtau                       7.50000000E-03  -6.1840910606E+01 +-    5.8902682231E-01   
v tensor                       7.50000000E-03   2.8657407355E+00 +-    1.6613152118E-01   
v tenstau                      7.50000000E-03  -8.8950170265E+01 +-    1.0613257309E+00   
v ls                           7.50000000E-03   0.0000000000E+00 +-    0.0000000000E+00   
v lstau                        7.50000000E-03   0.0000000000E+00 +-    0.0000000000E+00   
vpot v6                        7.50000000E-03  -1.5361454546E+02 +-    9.6218645356E-01   
vpot v8                        7.50000000E-03  -1.5361454546E+02 +-    9.6218645356E-01   
v coulomb                      7.50000000E-03   7.6472771155E-01 +-    2.0568371990E-03   
v external                     7.50000000E-03   0.0000000000E+00 +-    0.0000000000E+00   
tni 2pipr-anticomm             7.50000000E-03   0.0000000000E+00 +-    0.0000000000E+00   
tni vd1pr                      7.50000000E-03   0.0000000000E+00 +-    0.0000000000E+00   
tni vepr                       7.50000000E-03   0.0000000000E+00 +-    0.0000000000E+00   
tni central                    7.50000000E-03   0.0000000000E+00 +-    0.0000000000E+00   
tni 2pixx-anticommutator       7.50000000E-03   0.0000000000E+00 +-    0.0000000000E+00   
tni 2pixd-anticommutator       7.50000000E-03   0.0000000000E+00 +-    0.0000000000E+00   
tni 2pidd-anticommutator       7.50000000E-03   0.0000000000E+00 +-    0.0000000000E+00   
tni 2pixx-commutator           7.50000000E-03   0.0000000000E+00 +-    0.0000000000E+00   
tni 2pixd-commutator           7.50000000E-03   0.0000000000E+00 +-    0.0000000000E+00   
tni 2pidd-commutator           7.50000000E-03   0.0000000000E+00 +-    0.0000000000E+00   
tni 2pi-tm                     7.50000000E-03   0.0000000000E+00 +-    0.0000000000E+00   
tni vd1                        7.50000000E-03   0.0000000000E+00 +-    0.0000000000E+00   
tni vd2                        7.50000000E-03   0.0000000000E+00 +-    0.0000000000E+00   
tni ve                         7.50000000E-03   0.0000000000E+00 +-    0.0000000000E+00   
vpottot v8+tni                 7.50000000E-03  -1.5361454546E+02 +-    9.6218645356E-01   
enetot v8+tni                  7.50000000E-03  -2.9569227565E+01 +-    4.0305685879E-01   
vper cent                      7.50000000E-03   1.2037098436E+01 +-    1.3557523932E+00   
vper tau                       7.50000000E-03  -7.6812870565E+00 +-    2.8123345419E-01   
vper sigma                     7.50000000E-03  -1.0045016707E+01 +-    2.5529770349E-01   
vper sigtau                    7.50000000E-03  -6.1840910606E+01 +-    5.8902682231E-01   
vper tensor                    7.50000000E-03   2.8657407355E+00 +-    1.6613152118E-01   
vper tenstau                   7.50000000E-03  -8.8950170265E+01 +-    1.0613257309E+00   
vper ls                        7.50000000E-03   0.0000000000E+00 +-    0.0000000000E+00   
vper lstau                     7.50000000E-03   0.0000000000E+00 +-    0.0000000000E+00   
vpotper v6                     7.50000000E-03  -1.5361454546E+02 +-    9.6218645356E-01   
vpotper v8                     7.50000000E-03  -1.5361454546E+02 +-    9.6218645356E-01   
vpotv6pr-vpotv6per diff        7.50000000E-03   0.0000000000E+00 +-    0.0000000000E+00   
vpotv8pr-vpotv8per diff        7.50000000E-03   0.0000000000E+00 +-    0.0000000000E+00   
2piapr-2pia diff               7.50000000E-03   0.0000000000E+00 +-    0.0000000000E+00   
vd1pr-vd1 diff                 7.50000000E-03   0.0000000000E+00 +-    0.0000000000E+00   
vepr-ve diff                   7.50000000E-03   0.0000000000E+00 +-    0.0000000000E+00   
diff1 2piapr-2pia-2picxx       7.50000000E-03   0.0000000000E+00 +-    0.0000000000E+00   
diff2 vd1pr-vd1-2picxd         7.50000000E-03   0.0000000000E+00 +-    0.0000000000E+00   
diff3 vepr-ve-2picdd           7.50000000E-03   0.0000000000E+00 +-    0.0000000000E+00   
sum diff1+dif2+diff3           7.50000000E-03   0.0000000000E+00 +-    0.0000000000E+00   
proton rms                     7.50000000E-03   2.1829718546E+00 +-    1.3668874643E-02   
neutron rms                    7.50000000E-03   2.1162353085E+00 +-    1.2554747388E-02   
total rms                      7.50000000E-03   2.1467096062E+00 +-    1.1297070273E-02   
neutron-proton rms             7.50000000E-03  -6.6736546009E-02 +-    1.4439824918E-02   
GT sigXtau+                    7.50000000E-03  -8.1709743966E-05 +-    2.0062801699E-05   
GT sigYtau+                    7.50000000E-03   1.8933023185E-04 +-    2.3470362304E-05   
GT sigZtau+                    7.50000000E-03  -1.6176654166E-04 +-    2.1337087544E-05   
GT sigXtau-                    7.50000000E-03  -9.8987372441E-05 +-    1.8960829998E-05   
GT sigYtau-                    7.50000000E-03  -3.2544168973E-05 +-    2.1651219529E-05   
GT sigZtau-                    7.50000000E-03   1.8340751222E-04 +-    1.5749586117E-05   
F tau+                         7.50000000E-03   9.0476788536E-20 +-    3.9101526168E-20   
F tau-                         7.50000000E-03   1.8418076596E-20 +-    3.2681558725E-20   
Psi**2                         7.50000000E-03   2.1695676640E-05 +-    6.2045106596E-07   
single crossing/step           7.50000000E-03   7.8336711954E-03 +-    4.2169979237E-05   
global crossing/step           7.50000000E-03   7.6190563353E-03 +-    8.3185622654E-05   
energy numerator(real)         7.50000000E-03  -1.0396536947E+01 +-    8.3175272951E-01   
denominator psit/psigi(real)   7.50000000E-03   3.4916001463E-01 +-    1.3450495533E-02   
energy numerator(aimag)        7.50000000E-03  -1.5066871797E-01 +-    5.9330882480E-01   
denominator psit/psigi(aimag)  7.50000000E-03   3.1846112809E-02 +-    8.9022011451E-03   
growth(lin dt) energy          7.50000000E-03  -2.4885963952E+02 +-    5.7219552598E+00   
growth(global) energy          7.50000000E-03  -2.4982774807E+02 +-    1.2436228219E+01
growth energy                  7.50000000E-03  -2.4859796715E+02 +-    5.7009017513E+00
Time for propagation (sec) (min) =          21.749      0.362
Time for energies (sec) (min) =              0.753      0.013
Time for load balancing (sec) (min) =        0.034      0.001
Time for block (sec) (min) =                23.069      0.384
Time for operators (sec) (min) =             0.021      0.000
Elapsed block time (sec) (min) =            68.013      1.134
 
 walkers multiplicity, block, total
   0          52220         138650
   1        1013176        2972378
   2          50728         137249
   3            463            945
   4             78            173
   5             21             57
   6             12             22
   7              6             13
   8              5              8
   9              0              1
  10              1              1
  11              1              2
  13              1              2
  18              0              1
  19              2              2
  20              1              1
 
 

iteration =                               4
walker number =                       10800
total energy-propagated        1.00000000E-02  -1.9237038212E+01 +-    2.8916841412E-01   
kinetic energy                 1.00000000E-02   8.7338666282E+01 +-    1.3726264495E+00   
potential energy               1.00000000E-02  -1.0657570449E+02 +-    1.4051245360E+00   
im energy                      1.00000000E-02  -4.2274243441E+00 +-    2.4620370669E-01   
imkin energy                   1.00000000E-02  -3.0628895045E+00 +-    2.4471383411E-01   
impot energy                   1.00000000E-02  -1.1645348397E+00 +-    4.5278697096E-01   
v cent                         1.00000000E-02   4.9186053745E+00 +-    1.1777053484E+00   
v tau                          1.00000000E-02  -5.8465582590E+00 +-    2.6790068622E-01   
v sigma                        1.00000000E-02  -9.2931042955E+00 +-    3.2818937242E-01   
v sigtau                       1.00000000E-02  -4.5710927784E+01 +-    3.9899540820E-01   
v tensor                       1.00000000E-02   1.7870372779E+00 +-    1.8031508679E-01   
v tenstau                      1.00000000E-02  -5.2430756808E+01 +-    1.3320885983E+00   
v ls                           1.00000000E-02   0.0000000000E+00 +-    0.0000000000E+00   
v lstau                        1.00000000E-02   0.0000000000E+00 +-    0.0000000000E+00   
vpot v6                        1.00000000E-02  -1.0657570449E+02 +-    1.4051245360E+00   
vpot v8                        1.00000000E-02  -1.0657570449E+02 +-    1.4051245360E+00   
v coulomb                      1.00000000E-02   7.8190363820E-01 +-    3.4303662452E-03   
v external                     1.00000000E-02   0.0000000000E+00 +-    0.0000000000E+00   
tni 2pipr-anticomm             1.00000000E-02   0.0000000000E+00 +-    0.0000000000E+00   
tni vd1pr                      1.00000000E-02   0.0000000000E+00 +-    0.0000000000E+00   
tni vepr                       1.00000000E-02   0.0000000000E+00 +-    0.0000000000E+00   
tni central                    1.00000000E-02   0.0000000000E+00 +-    0.0000000000E+00   
tni 2pixx-anticommutator       1.00000000E-02   0.0000000000E+00 +-    0.0000000000E+00   
tni 2pixd-anticommutator       1.00000000E-02   0.0000000000E+00 +-    0.0000000000E+00   
tni 2pidd-anticommutator       1.00000000E-02   0.0000000000E+00 +-    0.0000000000E+00   
tni 2pixx-commutator           1.00000000E-02   0.0000000000E+00 +-    0.0000000000E+00   
tni 2pixd-commutator           1.00000000E-02   0.0000000000E+00 +-    0.0000000000E+00   
tni 2pidd-commutator           1.00000000E-02   0.0000000000E+00 +-    0.0000000000E+00   
tni 2pi-tm                     1.00000000E-02   0.0000000000E+00 +-    0.0000000000E+00   
tni vd1                        1.00000000E-02   0.0000000000E+00 +-    0.0000000000E+00   
tni vd2                        1.00000000E-02   0.0000000000E+00 +-    0.0000000000E+00   
tni ve                         1.00000000E-02   0.0000000000E+00 +-    0.0000000000E+00   
vpottot v8+tni                 1.00000000E-02  -1.0657570449E+02 +-    1.4051245360E+00   
enetot v8+tni                  1.00000000E-02  -1.9237038212E+01 +-    2.8916841412E-01   
vper cent                      1.00000000E-02   4.9186053745E+00 +-    1.1777053484E+00   
vper tau                       1.00000000E-02  -5.8465582590E+00 +-    2.6790068622E-01   
vper sigma                     1.00000000E-02  -9.2931042955E+00 +-    3.2818937242E-01   
vper sigtau                    1.00000000E-02  -4.5710927784E+01 +-    3.9899540820E-01   
vper tensor                    1.00000000E-02   1.7870372779E+00 +-    1.8031508679E-01   
vper tenstau                   1.00000000E-02  -5.2430756808E+01 +-    1.3320885983E+00   
vper ls                        1.00000000E-02   0.0000000000E+00 +-    0.0000000000E+00   
vper lstau                     1.00000000E-02   0.0000000000E+00 +-    0.0000000000E+00   
vpotper v6                     1.00000000E-02  -1.0657570449E+02 +-    1.4051245360E+00   
vpotper v8                     1.00000000E-02  -1.0657570449E+02 +-    1.4051245360E+00   
vpotv6pr-vpotv6per diff        1.00000000E-02   0.0000000000E+00 +-    0.0000000000E+00   
vpotv8pr-vpotv8per diff        1.00000000E-02   0.0000000000E+00 +-    0.0000000000E+00   
2piapr-2pia diff               1.00000000E-02   0.0000000000E+00 +-    0.0000000000E+00   
vd1pr-vd1 diff                 1.00000000E-02   0.0000000000E+00 +-    0.0000000000E+00   
vepr-ve diff                   1.00000000E-02   0.0000000000E+00 +-    0.0000000000E+00   
diff1 2piapr-2pia-2picxx       1.00000000E-02   0.0000000000E+00 +-    0.0000000000E+00   
diff2 vd1pr-vd1-2picxd         1.00000000E-02   0.0000000000E+00 +-    0.0000000000E+00   
diff3 vepr-ve-2picdd           1.00000000E-02   0.0000000000E+00 +-    0.0000000000E+00   
sum diff1+dif2+diff3           1.00000000E-02   0.0000000000E+00 +-    0.0000000000E+00   
proton rms                     1.00000000E-02   2.0949864464E+00 +-    1.3992530730E-02   
neutron rms                    1.00000000E-02   2.1015969052E+00 +-    1.2766864051E-02   
total rms                      1.00000000E-02   2.0821325384E+00 +-    1.0070601292E-02   
neutron-proton rms             1.00000000E-02   6.6104587735E-03 +-    1.5786483808E-02   
GT sigXtau+                    1.00000000E-02   8.7789975703E-05 +-    2.0500750588E-05   
GT sigYtau+                    1.00000000E-02  -1.5079356333E-05 +-    2.0366040889E-05   
GT sigZtau+                    1.00000000E-02   4.5683857791E-04 +-    1.5980434517E-05   
GT sigXtau-                    1.00000000E-02   1.8905661450E-04 +-    2.0301319212E-05   
GT sigYtau-                    1.00000000E-02  -4.0823939572E-04 +-    1.9083581766E-05   
GT sigZtau-                    1.00000000E-02  -1.7247025239E-04 +-    2.4636868570E-05   
F tau+                         1.00000000E-02  -1.0977910139E-19 +-    3.3900767382E-20   
F tau-                         1.00000000E-02  -2.4067874497E-19 +-    3.9041555440E-20   
Psi**2                         1.00000000E-02   2.7121949442E-05 +-    6.4994833304E-07   
single crossing/step           1.00000000E-02   7.5174606878E-03 +-    4.1231418984E-05   
global crossing/step           1.00000000E-02   7.3224150298E-03 +-    8.1394026796E-05   
energy numerator(real)         1.00000000E-02  -3.0192215971E+00 +-    8.0243478109E-01   
denominator psit/psigi(real)   1.00000000E-02   1.5735970130E-01 +-    1.3588423277E-02   
energy numerator(aimag)        1.00000000E-02  -8.8809743820E-01 +-    5.4850861193E-01   
denominator psit/psigi(aimag)  1.00000000E-02   1.4474654038E-03 +-    8.9235505203E-03   
growth(lin dt) energy          1.00000000E-02  -2.5037644383E+02 +-    5.7378293658E+00   
growth(global) energy          1.00000000E-02  -2.5023916046E+02 +-    1.1507146906E+01
growth energy                  1.00000000E-02  -2.5010926964E+02 +-    5.7165003470E+00
Time for propagation (sec) (min) =          21.833      0.364
Time for energies (sec) (min) =              0.754      0.013
Time for load balancing (sec) (min) =        0.034      0.001
Time for block (sec) (min) =                23.107      0.385
Time for operators (sec) (min) =             0.027      0.000
Elapsed block time (sec) (min) =            91.157      1.519
 
 walkers multiplicity, block, total
   0          53250         191900
   1        1015471        3987849
   2          51939         189188
   3            416           1361
   4             73            246
   5             21             78
   6              6             28
   7              5             18
   8              1              9
   9              1              2
  10              2              3
  11              0              2
  12              2              2
  13              0              2
  15              2              2
  17              1              1
  18              0              1
  19              0              2
  20              2              3
 
 

iteration =                               5
walker number =                       10907
total energy-propagated        1.25000000E-02  -1.4623335671E+01 +-    7.0525372764E-01   
kinetic energy                 1.25000000E-02   4.5247189205E+01 +-    2.4291131236E+00   
potential energy               1.25000000E-02  -5.9870524876E+01 +-    2.5382274943E+00   
im energy                      1.25000000E-02   3.7987523683E+00 +-    5.6336982760E-01   
imkin energy                   1.25000000E-02   9.4154515003E+00 +-    9.3811615682E-01   
impot energy                   1.25000000E-02  -5.6166991320E+00 +-    1.3037038057E+00   
v cent                         1.25000000E-02   3.0781595177E+01 +-    2.3921755752E+00   
v tau                          1.25000000E-02  -1.5546567292E+01 +-    3.1358812680E-01   
v sigma                        1.25000000E-02   8.7596112089E+00 +-    1.7926729909E-01   
v sigtau                       1.25000000E-02  -4.7380578079E+01 +-    4.1394091139E-01   
v tensor                       1.25000000E-02  -5.1088070017E+00 +-    3.6512608430E-01   
v tenstau                      1.25000000E-02  -3.1375778889E+01 +-    1.6773774921E+00   
v ls                           1.25000000E-02   0.0000000000E+00 +-    0.0000000000E+00   
v lstau                        1.25000000E-02   0.0000000000E+00 +-    0.0000000000E+00   
vpot v6                        1.25000000E-02  -5.9870524876E+01 +-    2.5382274943E+00   
vpot v8                        1.25000000E-02  -5.9870524876E+01 +-    2.5382274943E+00   
v coulomb                      1.25000000E-02   6.3718146740E-01 +-    4.5772446891E-03   
v external                     1.25000000E-02   0.0000000000E+00 +-    0.0000000000E+00   
tni 2pipr-anticomm             1.25000000E-02   0.0000000000E+00 +-    0.0000000000E+00   
tni vd1pr                      1.25000000E-02   0.0000000000E+00 +-    0.0000000000E+00   
tni vepr                       1.25000000E-02   0.0000000000E+00 +-    0.0000000000E+00   
tni central                    1.25000000E-02   0.0000000000E+00 +-    0.0000000000E+00   
tni 2pixx-anticommutator       1.25000000E-02   0.0000000000E+00 +-    0.0000000000E+00   
tni 2pixd-anticommutator       1.25000000E-02   0.0000000000E+00 +-    0.0000000000E+00   
tni 2pidd-anticommutator       1.25000000E-02   0.0000000000E+00 +-    0.0000000000E+00   
tni 2pixx-commutator           1.25000000E-02   0.0000000000E+00 +-    0.0000000000E+00   
tni 2pixd-commutator           1.25000000E-02   0.0000000000E+00 +-    0.0000000000E+00   
tni 2pidd-commutator           1.25000000E-02   0.0000000000E+00 +-    0.0000000000E+00   
tni 2pi-tm                     1.25000000E-02   0.0000000000E+00 +-    0.0000000000E+00   
tni vd1                        1.25000000E-02   0.0000000000E+00 +-    0.0000000000E+00   
tni vd2                        1.25000000E-02   0.0000000000E+00 +-    0.0000000000E+00   
tni ve                         1.25000000E-02   0.0000000000E+00 +-    0.0000000000E+00   
vpottot v8+tni                 1.25000000E-02  -5.9870524876E+01 +-    2.5382274943E+00   
enetot v8+tni                  1.25000000E-02  -1.4623335671E+01 +-    7.0525372764E-01   
vper cent                      1.25000000E-02   3.0781595177E+01 +-    2.3921755752E+00   
vper tau                       1.25000000E-02  -1.5546567292E+01 +-    3.1358812680E-01   
vper sigma                     1.25000000E-02   8.7596112089E+00 +-    1.7926729909E-01   
vper sigtau                    1.25000000E-02  -4.7380578079E+01 +-    4.1394091139E-01   
vper tensor                    1.25000000E-02  -5.1088070017E+00 +-    3.6512608430E-01   
vper tenstau                   1.25000000E-02  -3.1375778889E+01 +-    1.6773774921E+00   
vper ls                        1.25000000E-02   0.0000000000E+00 +-    0.0000000000E+00   
vper lstau                     1.25000000E-02   0.0000000000E+00 +-    0.0000000000E+00   
vpotper v6                     1.25000000E-02  -5.9870524876E+01 +-    2.5382274943E+00   
vpotper v8                     1.25000000E-02  -5.9870524876E+01 +-    2.5382274943E+00   
vpotv6pr-vpotv6per diff        1.25000000E-02   0.0000000000E+00 +-    0.0000000000E+00   
vpotv8pr-vpotv8per diff        1.25000000E-02   0.0000000000E+00 +-    0.0000000000E+00   
2piapr-2pia diff               1.25000000E-02   0.0000000000E+00 +-    0.0000000000E+00   
vd1pr-vd1 diff                 1.25000000E-02   0.0000000000E+00 +-    0.0000000000E+00   
vepr-ve diff                   1.25000000E-02   0.0000000000E+00 +-    0.0000000000E+00   
diff1 2piapr-2pia-2picxx       1.25000000E-02   0.0000000000E+00 +-    0.0000000000E+00   
diff2 vd1pr-vd1-2picxd         1.25000000E-02   0.0000000000E+00 +-    0.0000000000E+00   
diff3 vepr-ve-2picdd           1.25000000E-02   0.0000000000E+00 +-    0.0000000000E+00   
sum diff1+dif2+diff3           1.25000000E-02   0.0000000000E+00 +-    0.0000000000E+00   
proton rms                     1.25000000E-02   2.5213037035E+00 +-    1.7331119616E-02   
neutron rms                    1.25000000E-02   2.1357472558E+00 +-    1.0039509529E-02   
total rms                      1.25000000E-02   2.3290466228E+00 +-    1.1200885193E-02   
neutron-proton rms             1.25000000E-02  -3.8555644770E-01 +-    1.6395830445E-02   
GT sigXtau+                    1.25000000E-02  -7.4806724134E-04 +-    1.7896208250E-05   
GT sigYtau+                    1.25000000E-02  -4.9774597022E-04 +-    2.9803152800E-05   
GT sigZtau+                    1.25000000E-02   1.6668170936E-03 +-    3.6417597373E-05   
GT sigXtau-                    1.25000000E-02  -1.1691618842E-04 +-    1.6286917531E-05   
GT sigYtau-                    1.25000000E-02   1.9925277287E-04 +-    1.7604282262E-05   
GT sigZtau-                    1.25000000E-02   8.7831808885E-04 +-    3.1639492753E-05   
F tau+                         1.25000000E-02  -3.8530869648E-19 +-    3.2166679232E-20   
F tau-                         1.25000000E-02   1.3418682000E-19 +-    2.0815820560E-20   
Psi**2                         1.25000000E-02  -6.9539448600E-06 +-    7.8066864760E-07   
single crossing/step           1.25000000E-02   7.5942723719E-03 +-    4.1724516654E-05   
global crossing/step           1.25000000E-02   7.3688188546E-03 +-    8.2210348902E-05   
energy numerator(real)         1.25000000E-02  -1.4601539698E+00 +-    9.5008433659E-01   
denominator psit/psigi(real)   1.25000000E-02   9.3201969184E-02 +-    1.3753651572E-02   
energy numerator(aimag)        1.25000000E-02   2.2271253200E-01 +-    7.1272963719E-01   
denominator psit/psigi(aimag)  1.25000000E-02   1.8417431616E-02 +-    8.8701885980E-03   
growth(lin dt) energy          1.25000000E-02  -2.5707713819E+02 +-    5.6913920084E+00   
growth(global) energy          1.25000000E-02  -2.5680346512E+02 +-    1.2511740479E+01
growth energy                  1.25000000E-02  -2.5678497571E+02 +-    5.6692927132E+00
Time for propagation (sec) (min) =          21.544      0.359
Time for energies (sec) (min) =              0.762      0.013
Time for load balancing (sec) (min) =        0.027      0.000
Time for block (sec) (min) =                22.893      0.382
Time for operators (sec) (min) =             0.021      0.000
Elapsed block time (sec) (min) =           114.070      1.901
 
 walkers multiplicity, block, total
   0          53492         245392
   1         999957        4987806
   2          52429         241617
   3            366           1727
   4             68            314
   5             27            105
   6              7             35
   7              5             23
   8              2             11
   9              1              3
  10              0              3
  11              0              2
  12              1              3
  13              0              2
  15              2              4
  17              0              1
  18              0              1
  19              0              2
  20              0              3
 
 

iteration =                               6
walker number =                       10455
total energy-propagated        1.50000000E-02  -9.8762234059E+01 +-    7.0464542794E-01   
kinetic energy                 1.50000000E-02  -9.9413291481E+01 +-    3.0279923167E+00   
potential energy               1.50000000E-02   6.5105742195E-01 +-    3.3672642305E+00   
im energy                      1.50000000E-02  -1.1507626411E+01 +-    1.0382708484E+00   
imkin energy                   1.50000000E-02   1.7911707234E+01 +-    1.9416878644E+00   
impot energy                   1.50000000E-02  -2.9419333645E+01 +-    1.4195834063E+00   
v cent                         1.50000000E-02   9.3851483149E+01 +-    2.7098013324E+00   
v tau                          1.50000000E-02   1.6702864386E+01 +-    5.3386794058E-01   
v sigma                        1.50000000E-02  -4.6160780071E+01 +-    7.8824655731E-01   
v sigtau                       1.50000000E-02  -4.8452116816E+01 +-    7.8895197772E-01   
v tensor                       1.50000000E-02   6.4623817295E+00 +-    4.8076877537E-01   
v tenstau                      1.50000000E-02  -2.1752774956E+01 +-    1.6134367741E+00   
v ls                           1.50000000E-02   0.0000000000E+00 +-    0.0000000000E+00   
v lstau                        1.50000000E-02   0.0000000000E+00 +-    0.0000000000E+00   
vpot v6                        1.50000000E-02   6.5105742195E-01 +-    3.3672642305E+00   
vpot v8                        1.50000000E-02   6.5105742195E-01 +-    3.3672642305E+00   
v coulomb                      1.50000000E-02   6.4091513922E-01 +-    1.2909803162E-02   
v external                     1.50000000E-02   0.0000000000E+00 +-    0.0000000000E+00   
tni 2pipr-anticomm             1.50000000E-02   0.0000000000E+00 +-    0.0000000000E+00   
tni vd1pr                      1.50000000E-02   0.0000000000E+00 +-    0.0000000000E+00   
tni vepr                       1.50000000E-02   0.0000000000E+00 +-    0.0000000000E+00   
tni central                    1.50000000E-02   0.0000000000E+00 +-    0.0000000000E+00   
tni 2pixx-anticommutator       1.50000000E-02   0.0000000000E+00 +-    0.0000000000E+00   
tni 2pixd-anticommutator       1.50000000E-02   0.0000000000E+00 +-    0.0000000000E+00   
tni 2pidd-anticommutator       1.50000000E-02   0.0000000000E+00 +-    0.0000000000E+00   
tni 2pixx-commutator           1.50000000E-02   0.0000000000E+00 +-    0.0000000000E+00   
tni 2pixd-commutator           1.50000000E-02   0.0000000000E+00 +-    0.0000000000E+00   
tni 2pidd-commutator           1.50000000E-02   0.0000000000E+00 +-    0.0000000000E+00   
tni 2pi-tm                     1.50000000E-02   0.0000000000E+00 +-    0.0000000000E+00   
tni vd1                        1.50000000E-02   0.0000000000E+00 +-    0.0000000000E+00   
tni vd2                        1.50000000E-02   0.0000000000E+00 +-    0.0000000000E+00   
tni ve                         1.50000000E-02   0.0000000000E+00 +-    0.0000000000E+00   
vpottot v8+tni                 1.50000000E-02   6.5105742195E-01 +-    3.3672642305E+00   
enetot v8+tni                  1.50000000E-02  -9.8762234059E+01 +-    7.0464542794E-01   
vper cent                      1.50000000E-02   9.3851483149E+01 +-    2.7098013324E+00   
vper tau                       1.50000000E-02   1.6702864386E+01 +-    5.3386794058E-01   
vper sigma                     1.50000000E-02  -4.6160780071E+01 +-    7.8824655731E-01   
vper sigtau                    1.50000000E-02  -4.8452116816E+01 +-    7.8895197772E-01   
vper tensor                    1.50000000E-02   6.4623817295E+00 +-    4.8076877537E-01   
vper tenstau                   1.50000000E-02  -2.1752774956E+01 +-    1.6134367741E+00   
vper ls                        1.50000000E-02   0.0000000000E+00 +-    0.0000000000E+00   
vper lstau                     1.50000000E-02   0.0000000000E+00 +-    0.0000000000E+00   
vpotper v6                     1.50000000E-02   6.5105742195E-01 +-    3.3672642305E+00   
vpotper v8                     1.50000000E-02   6.5105742195E-01 +-    3.3672642305E+00   
vpotv6pr-vpotv6per diff        1.50000000E-02   0.0000000000E+00 +-    0.0000000000E+00   
vpotv8pr-vpotv8per diff        1.50000000E-02   0.0000000000E+00 +-    0.0000000000E+00   
2piapr-2pia diff               1.50000000E-02   0.0000000000E+00 +-    0.0000000000E+00   
vd1pr-vd1 diff                 1.50000000E-02   0.0000000000E+00 +-    0.0000000000E+00   
vepr-ve diff                   1.50000000E-02   0.0000000000E+00 +-    0.0000000000E+00   
diff1 2piapr-2pia-2picxx       1.50000000E-02   0.0000000000E+00 +-    0.0000000000E+00   
diff2 vd1pr-vd1-2picxd         1.50000000E-02   0.0000000000E+00 +-    0.0000000000E+00   
diff3 vepr-ve-2picdd           1.50000000E-02   0.0000000000E+00 +-    0.0000000000E+00   
sum diff1+dif2+diff3           1.50000000E-02   0.0000000000E+00 +-    0.0000000000E+00   
proton rms                     1.50000000E-02   2.3852268402E+00 +-    2.0002048164E-02   
neutron rms                    1.50000000E-02   2.1038236497E+00 +-    1.2610530941E-02   
total rms                      1.50000000E-02   2.1784206545E+00 +-    9.7019228876E-03   
neutron-proton rms             1.50000000E-02  -2.8140319047E-01 +-    2.7550266091E-02   
GT sigXtau+                    1.50000000E-02   1.2288656429E-03 +-    6.2755792581E-05   
GT sigYtau+                    1.50000000E-02   2.4367636373E-03 +-    6.4000429337E-05   
GT sigZtau+                    1.50000000E-02   1.3752558857E-03 +-    4.5486495906E-05   
GT sigXtau-                    1.50000000E-02  -9.7142634004E-04 +-    3.7925670870E-05   
GT sigYtau-                    1.50000000E-02   8.6885528762E-04 +-    4.6857631735E-05   
GT sigZtau-                    1.50000000E-02  -3.6472388770E-05 +-    7.4152741357E-05   
F tau+                         1.50000000E-02   1.3351392335E-18 +-    8.1225696124E-20   
F tau-                         1.50000000E-02   9.4053270844E-19 +-    9.6295041642E-20   
Psi**2                         1.50000000E-02  -4.2558999365E-05 +-    1.6101110615E-06   
single crossing/step           1.50000000E-02   8.0719076782E-03 +-    4.2578123172E-05   
global crossing/step           1.50000000E-02   7.8957521614E-03 +-    8.4229404470E-05   
energy numerator(real)         1.50000000E-02  -4.1910978735E+00 +-    1.0447265604E+00   
denominator psit/psigi(real)   1.50000000E-02   3.3714471844E-02 +-    1.3995522482E-02   
energy numerator(aimag)        1.50000000E-02   6.5849003391E-01 +-    6.9256693925E-01   
denominator psit/psigi(aimag)  1.50000000E-02   1.4135214567E-02 +-    8.9898708982E-03   
growth(lin dt) energy          1.50000000E-02  -2.6380533365E+02 +-    5.8719712806E+00   
growth(global) energy          1.50000000E-02  -2.3359352346E+02 +-    1.2884400724E+01
growth energy                  1.50000000E-02  -2.6348695953E+02 +-    5.8481777868E+00
Time for propagation (sec) (min) =          21.985      0.366
Time for energies (sec) (min) =              0.731      0.012
Time for load balancing (sec) (min) =        0.028      0.000
Time for block (sec) (min) =                23.200      0.387
Time for operators (sec) (min) =             0.020      0.000
Elapsed block time (sec) (min) =           137.299      2.288
 
 walkers multiplicity, block, total
   0          56073         301465
   1        1017384        6005190
   2          54116         295733
   3            483           2210
   4             81            395
   5             25            130
   6              8             43
   7              7             30
   8              6             17
   9              1              4
  10              0              3
  11              1              3
  12              2              5
  13              0              2
  14              1              1
  15              0              4
  17              0              1
  18              0              1
  19              0              2
  20              1              4
 
 

iteration =                               7
walker number =                       10832
total energy-propagated        1.75000000E-02   7.5381221509E+00 +-    6.1231719533E-01   
kinetic energy                 1.75000000E-02   2.9737186042E+02 +-    3.6011644154E+00   
potential energy               1.75000000E-02  -2.8983373827E+02 +-    3.3454831067E+00   
im energy                      1.75000000E-02   1.0229429290E+01 +-    2.6235195916E-01   
imkin energy                   1.75000000E-02   1.9727014069E+01 +-    1.1294192121E+00   
impot energy                   1.75000000E-02  -9.4975847792E+00 +-    8.0834820702E-01   
v cent                         1.75000000E-02  -8.9773188451E+01 +-    3.6355149027E+00   
v tau                          1.75000000E-02  -1.1641859886E+01 +-    1.5244190238E-01   
v sigma                        1.75000000E-02   1.0326321235E+01 +-    5.0762217335E-01   
v sigtau                       1.75000000E-02  -4.7162809372E+01 +-    3.9535650974E-01   
v tensor                       1.75000000E-02   2.5651600546E+00 +-    2.0114623433E-01   
v tenstau                      1.75000000E-02  -1.5414736185E+02 +-    1.5104560229E+00   
v ls                           1.75000000E-02   0.0000000000E+00 +-    0.0000000000E+00   
v lstau                        1.75000000E-02   0.0000000000E+00 +-    0.0000000000E+00   
vpot v6                        1.75000000E-02  -2.8983373827E+02 +-    3.3454831067E+00   
vpot v8                        1.75000000E-02  -2.8983373827E+02 +-    3.3454831067E+00   
v coulomb                      1.75000000E-02   6.9879643149E-01 +-    5.4411864340E-03   
v external                     1.75000000E-02   0.0000000000E+00 +-    0.0000000000E+00   
tni 2pipr-anticomm             1.75000000E-02   0.0000000000E+00 +-    0.0000000000E+00   
tni vd1pr                      1.75000000E-02   0.0000000000E+00 +-    0.0000000000E+00   
tni vepr                       1.75000000E-02   0.0000000000E+00 +-    0.0000000000E+00   
tni central                    1.75000000E-02   0.0000000000E+00 +-    0.0000000000E+00   
tni 2pixx-anticommutator       1.75000000E-02   0.0000000000E+00 +-    0.0000000000E+00   
tni 2pixd-anticommutator       1.75000000E-02   0.0000000000E+00 +-    0.0000000000E+00   
tni 2pidd-anticommutator       1.75000000E-02   0.0000000000E+00 +-    0.0000000000E+00   
tni 2pixx-commutator           1.75000000E-02   0.0000000000E+00 +-    0.0000000000E+00   
tni 2pixd-commutator           1.75000000E-02   0.0000000000E+00 +-    0.0000000000E+00   
tni 2pidd-commutator           1.75000000E-02   0.0000000000E+00 +-    0.0000000000E+00   
tni 2pi-tm                     1.75000000E-02   0.0000000000E+00 +-    0.0000000000E+00   
tni vd1                        1.75000000E-02   0.0000000000E+00 +-    0.0000000000E+00   
tni vd2                        1.75000000E-02   0.0000000000E+00 +-    0.0000000000E+00   
tni ve                         1.75000000E-02   0.0000000000E+00 +-    0.0000000000E+00   
vpottot v8+tni                 1.75000000E-02  -2.8983373827E+02 +-    3.3454831067E+00   
enetot v8+tni                  1.75000000E-02   7.5381221509E+00 +-    6.1231719533E-01   
vper cent                      1.75000000E-02  -8.9773188451E+01 +-    3.6355149027E+00   
vper tau                       1.75000000E-02  -1.1641859886E+01 +-    1.5244190238E-01   
vper sigma                     1.75000000E-02   1.0326321235E+01 +-    5.0762217335E-01   
vper sigtau                    1.75000000E-02  -4.7162809372E+01 +-    3.9535650974E-01   
vper tensor                    1.75000000E-02   2.5651600546E+00 +-    2.0114623433E-01   
vper tenstau                   1.75000000E-02  -1.5414736185E+02 +-    1.5104560229E+00   
vper ls                        1.75000000E-02   0.0000000000E+00 +-    0.0000000000E+00   
vper lstau                     1.75000000E-02   0.0000000000E+00 +-    0.0000000000E+00   
vpotper v6                     1.75000000E-02  -2.8983373827E+02 +-    3.3454831067E+00   
vpotper v8                     1.75000000E-02  -2.8983373827E+02 +-    3.3454831067E+00   
vpotv6pr-vpotv6per diff        1.75000000E-02   0.0000000000E+00 +-    0.0000000000E+00   
vpotv8pr-vpotv8per diff        1.75000000E-02   0.0000000000E+00 +-    0.0000000000E+00   
2piapr-2pia diff               1.75000000E-02   0.0000000000E+00 +-    0.0000000000E+00   
vd1pr-vd1 diff                 1.75000000E-02   0.0000000000E+00 +-    0.0000000000E+00   
vepr-ve diff                   1.75000000E-02   0.0000000000E+00 +-    0.0000000000E+00   
diff1 2piapr-2pia-2picxx       1.75000000E-02   0.0000000000E+00 +-    0.0000000000E+00   
diff2 vd1pr-vd1-2picxd         1.75000000E-02   0.0000000000E+00 +-    0.0000000000E+00   
diff3 vepr-ve-2picdd           1.75000000E-02   0.0000000000E+00 +-    0.0000000000E+00   
sum diff1+dif2+diff3           1.75000000E-02   0.0000000000E+00 +-    0.0000000000E+00   
proton rms                     1.75000000E-02   2.6715173654E+00 +-    2.2205282401E-02   
neutron rms                    1.75000000E-02   2.2400763328E+00 +-    1.5195561271E-02   
total rms                      1.75000000E-02   2.4554822034E+00 +-    1.5517293946E-02   
neutron-proton rms             1.75000000E-02  -4.3144103261E-01 +-    2.1969938616E-02   
GT sigXtau+                    1.75000000E-02   1.4339173677E-03 +-    1.0812683660E-05   
GT sigYtau+                    1.75000000E-02   9.7883546110E-05 +-    4.0604540629E-05   
GT sigZtau+                    1.75000000E-02  -3.6967660688E-04 +-    3.8903686226E-05   
GT sigXtau-                    1.75000000E-02  -1.6785731457E-03 +-    3.2851507331E-05   
GT sigYtau-                    1.75000000E-02   4.3035314727E-04 +-    5.0699078840E-05   
GT sigZtau-                    1.75000000E-02  -4.8208094001E-04 +-    5.1558605463E-05   
F tau+                         1.75000000E-02  -5.7063659576E-19 +-    1.3068918054E-19   
F tau-                         1.75000000E-02   1.3906680982E-18 +-    2.0602173472E-19   
Psi**2                         1.75000000E-02   1.3325508922E-05 +-    8.1574042381E-07   
single crossing/step           1.75000000E-02   8.3241385731E-03 +-    4.3615241173E-05   
global crossing/step           1.75000000E-02   8.1513047342E-03 +-    8.6327672129E-05   
energy numerator(real)         1.75000000E-02  -2.9701219035E-01 +-    8.4087061503E-01   
denominator psit/psigi(real)   1.75000000E-02   4.8404548607E-02 +-    1.3862735494E-02   
energy numerator(aimag)        1.75000000E-02   1.9037734449E+00 +-    5.8295877190E-01   
denominator psit/psigi(aimag)  1.75000000E-02   1.8130557205E-02 +-    8.9491224964E-03   
growth(lin dt) energy          1.75000000E-02  -2.7429646664E+02 +-    5.9485982763E+00   
growth(global) energy          1.75000000E-02  -2.6105337750E+02 +-    1.3072699493E+01
growth energy                  1.75000000E-02  -2.7393498119E+02 +-    5.9229414721E+00
Time for propagation (sec) (min) =          21.606      0.360
Time for energies (sec) (min) =              0.757      0.013
Time for load balancing (sec) (min) =        0.028      0.000
Time for block (sec) (min) =                22.918      0.382
Time for operators (sec) (min) =             0.019      0.000
Elapsed block time (sec) (min) =           160.236      2.671
 
 walkers multiplicity, block, total
   0          55934         357399
   1         997446        7002636
   2          54941         350674
   3            454           2664
   4             65            460
   5             23            153
   6              6             49
   7              8             38
   8              2             19
   9              3              7
  10              1              4
  11              1              4
  12              1              6
  13              1              3
  14              0              1
  15              0              4
  17              0              1
  18              1              2
  19              0              2
  20              0              4
 
 

iteration =                               8
walker number =                       11445
total energy-propagated        2.00000000E-02  -4.5011401605E+01 +-    1.3291713934E+00   
kinetic energy                 2.00000000E-02   9.8818418896E+01 +-    2.4872262772E+00   
potential energy               2.00000000E-02  -1.4382982050E+02 +-    3.2136720687E+00   
im energy                      2.00000000E-02   6.6855716987E+01 +-    1.4246642332E+00   
imkin energy                   2.00000000E-02   1.5632822517E+02 +-    2.3092658146E+00   
impot energy                   2.00000000E-02  -8.9472508184E+01 +-    1.6439752552E+00   
v cent                         2.00000000E-02  -1.3200160850E+02 +-    3.8521860515E+00   
v tau                          2.00000000E-02   3.8004082678E+01 +-    7.7052765829E-01   
v sigma                        2.00000000E-02  -7.8688750125E+01 +-    1.4978664813E+00   
v sigtau                       2.00000000E-02  -1.2916191507E+02 +-    1.4618042115E+00   
v tensor                       2.00000000E-02   1.8852418200E-01 +-    4.4418215320E-01   
v tenstau                      2.00000000E-02   1.5782984633E+02 +-    3.9518358275E+00   
v ls                           2.00000000E-02   0.0000000000E+00 +-    0.0000000000E+00   
v lstau                        2.00000000E-02   0.0000000000E+00 +-    0.0000000000E+00   
vpot v6                        2.00000000E-02  -1.4382982050E+02 +-    3.2136720687E+00   
vpot v8                        2.00000000E-02  -1.4382982050E+02 +-    3.2136720687E+00   
v coulomb                      2.00000000E-02   1.1643083378E+00 +-    7.8222039224E-03   
v external                     2.00000000E-02   0.0000000000E+00 +-    0.0000000000E+00   
tni 2pipr-anticomm             2.00000000E-02   0.0000000000E+00 +-    0.0000000000E+00   
tni vd1pr                      2.00000000E-02   0.0000000000E+00 +-    0.0000000000E+00   
tni vepr                       2.00000000E-02   0.0000000000E+00 +-    0.0000000000E+00   
tni central                    2.00000000E-02   0.0000000000E+00 +-    0.0000000000E+00   
tni 2pixx-anticommutator       2.00000000E-02   0.0000000000E+00 +-    0.0000000000E+00   
tni 2pixd-anticommutator       2.00000000E-02   0.0000000000E+00 +-    0.0000000000E+00   
tni 2pidd-anticommutator       2.00000000E-02   0.0000000000E+00 +-    0.0000000000E+00   
tni 2pixx-commutator           2.00000000E-02   0.0000000000E+00 +-    0.0000000000E+00   
tni 2pixd-commutator           2.00000000E-02   0.0000000000E+00 +-    0.0000000000E+00   
tni 2pidd-commutator           2.00000000E-02   0.0000000000E+00 +-    0.0000000000E+00   
tni 2pi-tm                     2.00000000E-02   0.0000000000E+00 +-    0.0000000000E+00   
tni vd1                        2.00000000E-02   0.0000000000E+00 +-    0.0000000000E+00   
tni vd2                        2.00000000E-02   0.0000000000E+00 +-    0.0000000000E+00   
tni ve                         2.00000000E-02   0.0000000000E+00 +-    0.0000000000E+00   
vpottot v8+tni                 2.00000000E-02  -1.4382982050E+02 +-    3.2136720687E+00   
enetot v8+tni                  2.00000000E-02  -4.5011401605E+01 +-    1.3291713934E+00   
vper cent                      2.00000000E-02  -1.3200160850E+02 +-    3.8521860515E+00   
vper tau                       2.00000000E-02   3.8004082678E+01 +-    7.7052765829E-01   
vper sigma                     2.00000000E-02  -7.8688750125E+01 +-    1.4978664813E+00   
vper sigtau                    2.00000000E-02  -1.2916191507E+02 +-    1.4618042115E+00   
vper tensor                    2.00000000E-02   1.8852418200E-01 +-    4.4418215320E-01   
vper tenstau                   2.00000000E-02   1.5782984633E+02 +-    3.9518358275E+00   
vper ls                        2.00000000E-02   0.0000000000E+00 +-    0.0000000000E+00   
vper lstau                     2.00000000E-02   0.0000000000E+00 +-    0.0000000000E+00   
vpotper v6                     2.00000000E-02  -1.4382982050E+02 +-    3.2136720687E+00   
vpotper v8                     2.00000000E-02  -1.4382982050E+02 +-    3.2136720687E+00   
vpotv6pr-vpotv6per diff        2.00000000E-02   0.0000000000E+00 +-    0.0000000000E+00   
vpotv8pr-vpotv8per diff        2.00000000E-02   0.0000000000E+00 +-    0.0000000000E+00   
2piapr-2pia diff               2.00000000E-02   0.0000000000E+00 +-    0.0000000000E+00   
vd1pr-vd1 diff                 2.00000000E-02   0.0000000000E+00 +-    0.0000000000E+00   
vepr-ve diff                   2.00000000E-02   0.0000000000E+00 +-    0.0000000000E+00   
diff1 2piapr-2pia-2picxx       2.00000000E-02   0.0000000000E+00 +-    0.0000000000E+00   
diff2 vd1pr-vd1-2picxd         2.00000000E-02   0.0000000000E+00 +-    0.0000000000E+00   
diff3 vepr-ve-2picdd           2.00000000E-02   0.0000000000E+00 +-    0.0000000000E+00   
sum diff1+dif2+diff3           2.00000000E-02   0.0000000000E+00 +-    0.0000000000E+00   
proton rms                     2.00000000E-02   2.9118186855E+00 +-    2.4837328187E-02   
neutron rms                    2.00000000E-02   2.4769214522E+00 +-    1.6208840697E-02   
total rms                      2.00000000E-02   2.7161165190E+00 +-    1.7185310341E-02   
neutron-proton rms             2.00000000E-02  -4.3489723332E-01 +-    2.2179445126E-02   
GT sigXtau+                    2.00000000E-02   1.2903811921E-03 +-    4.7075804066E-05   
GT sigYtau+                    2.00000000E-02   3.4057903456E-03 +-    3.5511852011E-05   
GT sigZtau+                    2.00000000E-02  -1.1592831822E-03 +-    6.9572911937E-05   
GT sigXtau-                    2.00000000E-02  -1.4664936110E-03 +-    5.1087491894E-05   
GT sigYtau-                    2.00000000E-02  -1.7492912055E-03 +-    5.9279901451E-05   
GT sigZtau-                    2.00000000E-02  -3.5104221873E-03 +-    7.1709847112E-05   
F tau+                         2.00000000E-02   3.1153690015E-18 +-    8.2238987696E-20   
F tau-                         2.00000000E-02  -3.2662530937E-18 +-    5.7099130888E-20   
Psi**2                         2.00000000E-02  -9.1126336278E-05 +-    2.3244031817E-06   
single crossing/step           2.00000000E-02   8.1259795480E-03 +-    4.2836949899E-05   
global crossing/step           2.00000000E-02   7.9046848007E-03 +-    8.4508694739E-05   
energy numerator(real)         2.00000000E-02  -2.1650021640E+00 +-    1.0052512055E+00   
denominator psit/psigi(real)   2.00000000E-02   2.2172129026E-02 +-    1.3279073017E-02   
energy numerator(aimag)        2.00000000E-02   1.6988150473E+00 +-    6.7254258891E-01   
denominator psit/psigi(aimag)  2.00000000E-02   1.1640789873E-02 +-    8.5464143699E-03   
growth(lin dt) energy          2.00000000E-02  -2.6418257288E+02 +-    5.7416891076E+00   
growth(global) energy          2.00000000E-02  -2.7240137997E+02 +-    1.2349603265E+01
growth energy                  2.00000000E-02  -2.6386269587E+02 +-    5.7183790861E+00
Time for propagation (sec) (min) =          21.870      0.365
Time for energies (sec) (min) =              0.800      0.013
Time for load balancing (sec) (min) =        0.029      0.000
Time for block (sec) (min) =                23.187      0.386
Time for operators (sec) (min) =             0.021      0.000
Elapsed block time (sec) (min) =           183.445      3.057
 
 walkers multiplicity, block, total
   0          55662         413061
   1        1010966        8013602
   2          54967         405641
   3            450           3114
   4             79            539
   5             22            175
   6              6             55
   7              2             40
   8              1             20
   9              2              9
  10              2              6
  11              0              4
  12              0              6
  13              0              3
  14              0              1
  15              0              4
  17              0              1
  18              0              2
  19              0              2
  20              0              4
 
 

iteration =                               9
walker number =                       11740
total energy-propagated        2.25000000E-02  -2.6858361890E+01 +-    9.5987669342E-01   
kinetic energy                 2.25000000E-02   6.2375776644E+01 +-    4.5125547530E+00   
potential energy               2.25000000E-02  -8.9234138534E+01 +-    4.6620552242E+00   
im energy                      2.25000000E-02   2.1857672338E-01 +-    6.7359329586E-01   
imkin energy                   2.25000000E-02   5.4464085551E+01 +-    1.1482081265E+00   
impot energy                   2.25000000E-02  -5.4245508827E+01 +-    6.9476439214E-01   
v cent                         2.25000000E-02   1.3951000870E+02 +-    3.6730957169E+00   
v tau                          2.25000000E-02  -2.7995837305E+00 +-    4.6835544467E-01   
v sigma                        2.25000000E-02  -3.3031147263E+01 +-    5.0604799927E-01   
v sigtau                       2.25000000E-02  -8.5806117143E+01 +-    8.6421783800E-01   
v tensor                       2.25000000E-02  -2.5739693579E+00 +-    2.3866145302E-01   
v tenstau                      2.25000000E-02  -1.0453332974E+02 +-    2.1145495385E+00   
v ls                           2.25000000E-02   0.0000000000E+00 +-    0.0000000000E+00   
v lstau                        2.25000000E-02   0.0000000000E+00 +-    0.0000000000E+00   
vpot v6                        2.25000000E-02  -8.9234138534E+01 +-    4.6620552242E+00   
vpot v8                        2.25000000E-02  -8.9234138534E+01 +-    4.6620552242E+00   
v coulomb                      2.25000000E-02   9.5758015127E-01 +-    4.0635503323E-03   
v external                     2.25000000E-02   0.0000000000E+00 +-    0.0000000000E+00   
tni 2pipr-anticomm             2.25000000E-02   0.0000000000E+00 +-    0.0000000000E+00   
tni vd1pr                      2.25000000E-02   0.0000000000E+00 +-    0.0000000000E+00   
tni vepr                       2.25000000E-02   0.0000000000E+00 +-    0.0000000000E+00   
tni central                    2.25000000E-02   0.0000000000E+00 +-    0.0000000000E+00   
tni 2pixx-anticommutator       2.25000000E-02   0.0000000000E+00 +-    0.0000000000E+00   
tni 2pixd-anticommutator       2.25000000E-02   0.0000000000E+00 +-    0.0000000000E+00   
tni 2pidd-anticommutator       2.25000000E-02   0.0000000000E+00 +-    0.0000000000E+00   
tni 2pixx-commutator           2.25000000E-02   0.0000000000E+00 +-    0.0000000000E+00   
tni 2pixd-commutator           2.25000000E-02   0.0000000000E+00 +-    0.0000000000E+00   
tni 2pidd-commutator           2.25000000E-02   0.0000000000E+00 +-    0.0000000000E+00   
tni 2pi-tm                     2.25000000E-02   0.0000000000E+00 +-    0.0000000000E+00   
tni vd1                        2.25000000E-02   0.0000000000E+00 +-    0.0000000000E+00   
tni vd2                        2.25000000E-02   0.0000000000E+00 +-    0.0000000000E+00   
tni ve                         2.25000000E-02   0.0000000000E+00 +-    0.0000000000E+00   
vpottot v8+tni                 2.25000000E-02  -8.9234138534E+01 +-    4.6620552242E+00   
enetot v8+tni                  2.25000000E-02  -2.6858361890E+01 +-    9.5987669342E-01   
vper cent                      2.25000000E-02   1.3951000870E+02 +-    3.6730957169E+00   
vper tau                       2.25000000E-02  -2.7995837305E+00 +-    4.6835544467E-01   
vper sigma                     2.25000000E-02  -3.3031147263E+01 +-    5.0604799927E-01   
vper sigtau                    2.25000000E-02  -8.5806117143E+01 +-    8.6421783800E-01   
vper tensor                    2.25000000E-02  -2.5739693579E+00 +-    2.3866145302E-01   
vper tenstau                   2.25000000E-02  -1.0453332974E+02 +-    2.1145495385E+00   
vper ls                        2.25000000E-02   0.0000000000E+00 +-    0.0000000000E+00   
vper lstau                     2.25000000E-02   0.0000000000E+00 +-    0.0000000000E+00   
vpotper v6                     2.25000000E-02  -8.9234138534E+01 +-    4.6620552242E+00   
vpotper v8                     2.25000000E-02  -8.9234138534E+01 +-    4.6620552242E+00   
vpotv6pr-vpotv6per diff        2.25000000E-02   0.0000000000E+00 +-    0.0000000000E+00   
vpotv8pr-vpotv8per diff        2.25000000E-02   0.0000000000E+00 +-    0.0000000000E+00   
2piapr-2pia diff               2.25000000E-02   0.0000000000E+00 +-    0.0000000000E+00   
vd1pr-vd1 diff                 2.25000000E-02   0.0000000000E+00 +-    0.0000000000E+00   
vepr-ve diff                   2.25000000E-02   0.0000000000E+00 +-    0.0000000000E+00   
diff1 2piapr-2pia-2picxx       2.25000000E-02   0.0000000000E+00 +-    0.0000000000E+00   
diff2 vd1pr-vd1-2picxd         2.25000000E-02   0.0000000000E+00 +-    0.0000000000E+00   
diff3 vepr-ve-2picdd           2.25000000E-02   0.0000000000E+00 +-    0.0000000000E+00   
sum diff1+dif2+diff3           2.25000000E-02   0.0000000000E+00 +-    0.0000000000E+00   
proton rms                     2.25000000E-02   1.7369243361E+00 +-    1.8361502462E-02   
neutron rms                    2.25000000E-02   1.6075093943E+00 +-    1.7667075724E-02   
total rms                      2.25000000E-02   1.6428379255E+00 +-    1.0331708330E-02   
neutron-proton rms             2.25000000E-02  -1.2941494178E-01 +-    2.5113658121E-02   
GT sigXtau+                    2.25000000E-02   1.1412112673E-03 +-    2.1932485963E-05   
GT sigYtau+                    2.25000000E-02   4.6099769095E-04 +-    2.2286404581E-05   
GT sigZtau+                    2.25000000E-02   1.4635074977E-03 +-    4.3123765090E-05   
GT sigXtau-                    2.25000000E-02  -2.7808197614E-04 +-    5.1374005670E-05   
GT sigYtau-                    2.25000000E-02  -5.3575369210E-05 +-    4.3461966705E-05   
GT sigZtau-                    2.25000000E-02   3.6268425519E-04 +-    3.9862467482E-05   
F tau+                         2.25000000E-02   1.1649626305E-18 +-    6.7118639738E-20   
F tau-                         2.25000000E-02   6.5894849254E-19 +-    4.2664497462E-20   
Psi**2                         2.25000000E-02  -1.2180537963E-06 +-    1.6572923637E-06   
single crossing/step           2.25000000E-02   7.7131832445E-03 +-    4.1778478271E-05   
global crossing/step           2.25000000E-02   7.5330219660E-03 +-    8.2582842524E-05   
energy numerator(real)         2.25000000E-02  -6.9745196501E-01 +-    8.7467455327E-01   
denominator psit/psigi(real)   2.25000000E-02   2.2718507400E-02 +-    1.3025986385E-02   
energy numerator(aimag)        2.25000000E-02  -1.3511985643E+00 +-    6.1364582182E-01   
denominator psit/psigi(aimag)  2.25000000E-02   5.1735156368E-02 +-    8.4085512936E-03   
growth(lin dt) energy          2.25000000E-02  -2.7291902861E+02 +-    5.9126704252E+00   
growth(global) energy          2.25000000E-02  -2.6458461321E+02 +-    1.1037860194E+01
growth energy                  2.25000000E-02  -2.7256335910E+02 +-    5.8873730762E+00
Time for propagation (sec) (min) =          21.837      0.364
Time for energies (sec) (min) =              0.821      0.014
Time for load balancing (sec) (min) =        0.028      0.000
Time for block (sec) (min) =                23.249      0.387
Time for operators (sec) (min) =             0.024      0.000
Elapsed block time (sec) (min) =           206.727      3.445
 
 walkers multiplicity, block, total
   0          56376         469437
   1        1008095        9021697
   2          55188         460829
   3            464           3578
   4             79            618
   5             31            206
   6             13             68
   7              4             44
   8              3             23
   9              2             11
  10              3              9
  11              0              4
  12              0              6
  13              1              4
  14              0              1
  15              1              5
  16              1              1
  17              0              1
  18              0              2
  19              0              2
  20              0              4
 
 

iteration =                              10
walker number =                       10048
total energy-propagated        2.50000000E-02  -2.5881024687E+01 +-    1.1360532082E+00   
kinetic energy                 2.50000000E-02   8.2190836437E+01 +-    5.5639614986E+00   
potential energy               2.50000000E-02  -1.0807186112E+02 +-    5.0585735552E+00   
im energy                      2.50000000E-02   7.9165432148E+00 +-    9.1326747147E-01   
imkin energy                   2.50000000E-02   4.7450740847E+01 +-    2.6626525560E+00   
impot energy                   2.50000000E-02  -3.9534197632E+01 +-    2.2822320368E+00   
v cent                         2.50000000E-02   2.0659472504E+02 +-    4.8288797467E+00   
v tau                          2.50000000E-02  -3.7653977313E+01 +-    1.5632965632E+00   
v sigma                        2.50000000E-02  -1.6133645215E+00 +-    8.4304910599E-01   
v sigtau                       2.50000000E-02  -4.8580863808E+01 +-    6.1419523014E-01   
v tensor                       2.50000000E-02   3.2209189652E+01 +-    7.6216555446E-01   
v tenstau                      2.50000000E-02  -2.5902757018E+02 +-    3.1759627580E+00   
v ls                           2.50000000E-02   0.0000000000E+00 +-    0.0000000000E+00   
v lstau                        2.50000000E-02   0.0000000000E+00 +-    0.0000000000E+00   
vpot v6                        2.50000000E-02  -1.0807186112E+02 +-    5.0585735552E+00   
vpot v8                        2.50000000E-02  -1.0807186112E+02 +-    5.0585735552E+00   
v coulomb                      2.50000000E-02   9.7636929626E-01 +-    8.0854732572E-03   
v external                     2.50000000E-02   0.0000000000E+00 +-    0.0000000000E+00   
tni 2pipr-anticomm             2.50000000E-02   0.0000000000E+00 +-    0.0000000000E+00   
tni vd1pr                      2.50000000E-02   0.0000000000E+00 +-    0.0000000000E+00   
tni vepr                       2.50000000E-02   0.0000000000E+00 +-    0.0000000000E+00   
tni central                    2.50000000E-02   0.0000000000E+00 +-    0.0000000000E+00   
tni 2pixx-anticommutator       2.50000000E-02   0.0000000000E+00 +-    0.0000000000E+00   
tni 2pixd-anticommutator       2.50000000E-02   0.0000000000E+00 +-    0.0000000000E+00   
tni 2pidd-anticommutator       2.50000000E-02   0.0000000000E+00 +-    0.0000000000E+00   
tni 2pixx-commutator           2.50000000E-02   0.0000000000E+00 +-    0.0000000000E+00   
tni 2pixd-commutator           2.50000000E-02   0.0000000000E+00 +-    0.0000000000E+00   
tni 2pidd-commutator           2.50000000E-02   0.0000000000E+00 +-    0.0000000000E+00   
tni 2pi-tm                     2.50000000E-02   0.0000000000E+00 +-    0.0000000000E+00   
tni vd1                        2.50000000E-02   0.0000000000E+00 +-    0.0000000000E+00   
tni vd2                        2.50000000E-02   0.0000000000E+00 +-    0.0000000000E+00   
tni ve                         2.50000000E-02   0.0000000000E+00 +-    0.0000000000E+00   
vpottot v8+tni                 2.50000000E-02  -1.0807186112E+02 +-    5.0585735552E+00   
enetot v8+tni                  2.50000000E-02  -2.5881024687E+01 +-    1.1360532082E+00   
vper cent                      2.50000000E-02   2.0659472504E+02 +-    4.8288797467E+00   
vper tau                       2.50000000E-02  -3.7653977313E+01 +-    1.5632965632E+00   
vper sigma                     2.50000000E-02  -1.6133645215E+00 +-    8.4304910599E-01   
vper sigtau                    2.50000000E-02  -4.8580863808E+01 +-    6.1419523014E-01   
vper tensor                    2.50000000E-02   3.2209189652E+01 +-    7.6216555446E-01   
vper tenstau                   2.50000000E-02  -2.5902757018E+02 +-    3.1759627580E+00   
vper ls                        2.50000000E-02   0.0000000000E+00 +-    0.0000000000E+00   
vper lstau                     2.50000000E-02   0.0000000000E+00 +-    0.0000000000E+00   
vpotper v6                     2.50000000E-02  -1.0807186112E+02 +-    5.0585735552E+00   
vpotper v8                     2.50000000E-02  -1.0807186112E+02 +-    5.0585735552E+00   
vpotv6pr-vpotv6per diff        2.50000000E-02   0.0000000000E+00 +-    0.0000000000E+00   
vpotv8pr-vpotv8per diff        2.50000000E-02   0.0000000000E+00 +-    0.0000000000E+00   
2piapr-2pia diff               2.50000000E-02   0.0000000000E+00 +-    0.0000000000E+00   
vd1pr-vd1 diff                 2.50000000E-02   0.0000000000E+00 +-    0.0000000000E+00   
vepr-ve diff                   2.50000000E-02   0.0000000000E+00 +-    0.0000000000E+00   
diff1 2piapr-2pia-2picxx       2.50000000E-02   0.0000000000E+00 +-    0.0000000000E+00   
diff2 vd1pr-vd1-2picxd         2.50000000E-02   0.0000000000E+00 +-    0.0000000000E+00   
diff3 vepr-ve-2picdd           2.50000000E-02   0.0000000000E+00 +-    0.0000000000E+00   
sum diff1+dif2+diff3           2.50000000E-02   0.0000000000E+00 +-    0.0000000000E+00   
proton rms                     2.50000000E-02   1.4467878359E+00 +-    2.8306932795E-02   
neutron rms                    2.50000000E-02   3.1812004790E+00 +-    3.1133905574E-02   
total rms                      2.50000000E-02   2.2852793498E+00 +-    1.1909592173E-02   
neutron-proton rms             2.50000000E-02   1.7344126431E+00 +-    2.6160545145E-02   
GT sigXtau+                    2.50000000E-02   1.5909583900E-03 +-    3.5185045363E-05   
GT sigYtau+                    2.50000000E-02  -6.8043527020E-04 +-    3.2592237791E-05   
GT sigZtau+                    2.50000000E-02   1.4195575866E-03 +-    2.5163596843E-05   
GT sigXtau-                    2.50000000E-02  -3.7202463696E-03 +-    6.1089819433E-05   
GT sigYtau-                    2.50000000E-02  -2.4098084037E-03 +-    6.6064432113E-05   
GT sigZtau-                    2.50000000E-02   1.0445944695E-03 +-    3.5221176378E-05   
F tau+                         2.50000000E-02  -1.9936777068E-18 +-    1.7398290429E-19   
F tau-                         2.50000000E-02   1.3187938507E-18 +-    5.2218709098E-20   
Psi**2                         2.50000000E-02  -7.2236487607E-05 +-    2.1729017971E-06   
single crossing/step           2.50000000E-02   8.1536024212E-03 +-    4.2624011826E-05   
global crossing/step           2.50000000E-02   8.0174619278E-03 +-    8.4539137074E-05   
energy numerator(real)         2.50000000E-02  -1.0555194837E+00 +-    9.5085098958E-01   
denominator psit/psigi(real)   2.50000000E-02   2.7533564423E-02 +-    1.4481989156E-02   
energy numerator(aimag)        2.50000000E-02   3.7827161118E-01 +-    6.4444321759E-01   
denominator psit/psigi(aimag)  2.50000000E-02   1.3142631849E-02 +-    9.5649004113E-03   
growth(lin dt) energy          2.50000000E-02  -2.6137600816E+02 +-    5.6242719164E+00   
growth(global) energy          2.50000000E-02  -2.5825801833E+02 +-    1.1182027720E+01
growth energy                  2.50000000E-02  -2.6106722770E+02 +-    5.6018382239E+00
Time for propagation (sec) (min) =          22.161      0.369
Time for energies (sec) (min) =              0.702      0.012
Time for load balancing (sec) (min) =        0.028      0.000
Time for block (sec) (min) =                23.364      0.389
Time for operators (sec) (min) =             0.020      0.000
Elapsed block time (sec) (min) =           230.112      3.835
 
 walkers multiplicity, block, total
   0          58505         527942
   1        1034172       10055869
   2          55777         516606
   3            389           3967
   4             52            670
   5             11            217
   6              9             77
   7              1             45
   8              1             24
   9              0             11
  10              0              9
  11              0              4
  12              0              6
  13              0              4
  14              0              1
  15              0              5
  16              0              1
  17              0              1
  18              0              2
  19              0              2
  20              0              4
 
 

Time for steps      =     230.120 seconds,        3.835 minutes
Master Time for steps =     229.976 seconds,        3.833 minutes

Number of cpus =       100
Total job time =     235.086 seconds,        3.918 minutes,        0.065 hours
Total cpu-time =     391.810 minutes,        6.530 hours
Total time =         234.880 seconds,        3.915 minutes,        0.065 hours
Finished!
