Unconstrained Diffusion Monte Carlo Run -- no drift
!-!-!-!-!-!-!-!-!-!-!-!-!-!-!-!-!-!-!-!-!-!-!-!-!-!
MPI parameters:
Number of boss cpus =                         100
Number of worker cpus for each boss =           0
Total number of cpus =                        100
Simulation parameters:
random number seed =                          321
hbar^2/2m =                              20.73554
start from sites =                              F
nwalk =                                     10000
equilibration blocks =                          0
averaging blocks =                             10
nsteps/blocks =                               100
time step =                          0.0000250000
time step rotations (vmc) =          0.1700000000
trial energy =                          -26.00000
drift cutoff =                            0.00000
drastic population control up =           1.20000
drastic population control down =         0.80000
rebalance if walkers fluctuate more than   2.00 %
weight cut off =                         20.00000
table size =                                 8000
!-!-!-!-!-!-!-!-!-!-!-!-!-!-!-!-!-!-!-!-!-!-!-!-!-!
System parameters:
lpot =                                         11
lpotper =                                      11
potential  =                          argonne v6'
potentialpr =                         argonne v6'
Coulomb included in energy-propagation          F
multiply central v by =                   1.00000
multiply tau v by =                       1.00000
multiply sigma v by =                     1.00000
multiply sigma tau v by =                 1.00000
multiply tensor v by =                    1.00000
multiply tensor tau v by =                1.00000
multiply spin-orbit v by =                0.00000
multiply spin-orbit tau v by =            0.00000
three-body potential =                        no3
ibox (0 is nearest image) =                     0
!-!-!-!-!-!-!-!-!-!-!-!-!-!-!-!-!-!-!-!-!-!-!-!-!-!
propagate LS =                                  F
calculate LS =                                  F
type of correlations =           independent pair
scale orbital   1 with factor    1.14000
determinant # 1
coefficient                     1.00000   0.00000
1  1  0  1  alpha.orb    # 2J,2M,L,tau radial_file for state                    
1 -1  0  1  alpha.orb    # 2J,2M,L,tau radial_file for state                    
1  1  0 -1  alpha.orb    # 2J,2M,L,tau radial_file for state                    
1 -1  0 -1  alpha.orb    # 2J,2M,L,tau radial_file for state                    
rescaled coefficient            1.00000   0.00000
!-!-!-!-!-!-!-!-!-!-!-!-!-!-!-!-!-!-!-!-!-!-!-!-!-!
No external potential
!-!-!-!-!-!-!-!-!-!-!-!-!-!-!-!-!-!-!-!-!-!-!-!-!-!
rcut in pair sampling =                   1.00000
acut in pair sampling =                   5.00000
a constant in psig =                      0.20000
Number of protons =                             2
Number of neutrons =                            2
range of the potential =                 20.00000
!-!-!-!-!-!-!-!-!-!-!-!-!-!-!-!-!-!-!-!-!-!-!-!-!-!
do V3 =                                         F
three body force =                            no3
three body a2piPwa =                      0.000000000000000
three body a2piPwc =                      0.000000000000000
three body a2piSw =                       0.000000000000000
three body Vd,C,c3 =                      0.000000000000000
three body Ve,C,c3 =                      0.000000000000000
three body A_R =                          0.000000000000000
three body Vd1 =                          0.000000000000000
three body Vd2 =                          0.000000000000000
three body Ve =                           0.000000000000000
propagator: multiply the antic by =       0.000000000000000
propagator: multiply the Vd1 by =         0.000000000000000
propagator: multiply the Ve by =          0.000000000000000
propagator: three body a2piPW =           0.000000000000000
!-!-!-!-!-!-!-!-!-!-!-!-!-!-!-!-!-!-!-!-!-!-!-!-!-!
jastrow healing distance dc =             4.47768
jastrow healing distance dtn =           11.57317
jastrow rho =                             0.01000
potential quencher acn (v1) =             1.50851
potential quencher at  (v2) =             6.06936
potential quencher as  (v3) =             2.76780
potential quencher ast (v4) =             0.80880
potential quencher atn (v5) =             0.61864
potential quencher atn (v6) =             0.20141
potential quencher als (v7) =             0.00000
potential quencher alst (v8) =            0.00000
correlation quencher bt (f2) =            0.26685
correlation quencher bs (f3) =           -0.10565
correlation quencher bst (f4) =           0.42277
correlation quencher btn (f5) =           1.08683
correlation quencher btn (f6) =           4.44810
correlation quencher bls (f7) =           0.00000
correlation quencher blst (f8) =          0.00000
!-!-!-!-!-!-!-!-!-!-!-!-!-!-!-!-!-!-!-!-!-!-!-!-!-!
q1c parameter in f3c =                   12.87526
q2c parameter in f3c =                    1.60340
q1p parameter in f3p =                   -1.81620
q2p parameter in f3p =                    2.14789
!-!-!-!-!-!-!-!-!-!-!-!-!-!-!-!-!-!-!-!-!-!-!-!-!-!
rscal parameter in Uijk cent =            1.00000
rscal parameter in Uijk xpi =             1.00000
rscal parameter in Uijk delta =           1.00000
eps_c parameter in Uijk =                 0.00000
eps_anti parameter in Uijk =              0.00000
eps_tm parameter in Uijk =                0.00000
eps_vd1 parameter in Uijk =               0.00000
eps_vd2 parameter in Uijk =               0.00000
eps_vdc3 parameter in Uijk =              0.00000
eps_vec3 parameter in Uijk =              0.00000
eps_ve parameter in Uijk =                0.00000
eps_comm parameter in Uijk =              0.00000
eps_comm-XD parameter in Uijk =           0.00000
eps_comm-DD parameter in Uijk =           0.00000
TNI-comm correlation included =                 F
!-!-!-!-!-!-!-!-!-!-!-!-!-!-!-!-!-!-!-!-!-!-!-!-!-!
CSB correlation rscalpp =                 1.00000
CSB correlation rscalnn =                 1.00000
CSB correlation quencher pp =             0.00000
CSB correlation quencher nn =             0.00000
CSB correlation included =                      F
!-!-!-!-!-!-!-!-!-!-!-!-!-!-!-!-!-!-!-!-!-!-!-!-!-!
jastrow initialized
!-!-!-!-!-!-!-!-!-!-!-!-!-!-!-!-!-!-!-!-!-!-!-!-!-!
Symmetrize V6 in the propagator =               T
New propagation of Vlstau and commutator included!
Coulomb included in energy (and propag)         F
Initial walkers from file
Number of walkers =                          8225
Configurations at tau =              2.7625000000
Reset tau =                          0.0000000000
!-!-!-!-!-!-!-!-!-!-!-!-!-!-!-!-!-!-!-!-!-!-!-!-!-!
Time for reading configurations (sec.) =       0.71
!-!-!-!-!-!-!-!-!-!-!-!-!-!-!-!-!-!-!-!-!-!-!-!-!-!
Initial configurations:
total energy-propagated        0.00000000E+00  -2.6689093094E+01 +-    3.6164954194E-01   
kinetic energy                 0.00000000E+00   1.0567207723E+02 +-    1.8242314897E+00   
potential energy               0.00000000E+00  -1.3236117032E+02 +-    1.7638099108E+00   
v cent                         0.00000000E+00   1.7835590131E+01 +-    1.6169883817E+00   
v tau                          0.00000000E+00  -7.5496167094E+00 +-    2.4186706635E-01   
v sigma                        0.00000000E+00  -8.5434152403E+00 +-    2.5653293238E-01   
v sigtau                       0.00000000E+00  -6.0546134774E+01 +-    5.7536675975E-01   
v tensor                       0.00000000E+00   6.9562131049E-01 +-    1.3940558373E-01   
v tenstau                      0.00000000E+00  -7.4253215040E+01 +-    1.0711991975E+00   
v ls                           0.00000000E+00   0.0000000000E+00 +-    0.0000000000E+00   
v lstau                        0.00000000E+00   0.0000000000E+00 +-    0.0000000000E+00   
v coulomb                      0.00000000E+00   7.4443051234E-01 +-    2.9505469322E-03   
v external                     0.00000000E+00   0.0000000000E+00 +-    0.0000000000E+00   
tni 2pipr-anticomm             0.00000000E+00   0.0000000000E+00 +-    0.0000000000E+00   
tni vd1pr                      0.00000000E+00   0.0000000000E+00 +-    0.0000000000E+00   
tni vepr                       0.00000000E+00   0.0000000000E+00 +-    0.0000000000E+00   
tni central                    0.00000000E+00   0.0000000000E+00 +-    0.0000000000E+00   
tni 2pixx-anticommutator       0.00000000E+00   0.0000000000E+00 +-    0.0000000000E+00   
tni 2pixd-anticommutator       0.00000000E+00   0.0000000000E+00 +-    0.0000000000E+00   
tni 2pidd-anticommutator       0.00000000E+00   0.0000000000E+00 +-    0.0000000000E+00   
tni 2pixx-commutator           0.00000000E+00   0.0000000000E+00 +-    0.0000000000E+00   
tni 2pixd-commutator           0.00000000E+00   0.0000000000E+00 +-    0.0000000000E+00   
tni 2pidd-commutator           0.00000000E+00   0.0000000000E+00 +-    0.0000000000E+00   
tni 2pi-tm                     0.00000000E+00   0.0000000000E+00 +-    0.0000000000E+00   
tni vd1                        0.00000000E+00   0.0000000000E+00 +-    0.0000000000E+00   
tni vd2                        0.00000000E+00   0.0000000000E+00 +-    0.0000000000E+00   
tni ve                         0.00000000E+00   0.0000000000E+00 +-    0.0000000000E+00   
enetot v8+tni                  0.00000000E+00  -2.6689093094E+01 +-    3.6164954194E-01   
!-!-!-!-!-!-!-!-!-!-!-!-!-!-!-!-!-!-!-!-!-!-!-!-!-!
Psi**2 of initial configurations  =   0.2776068E-04  0.0000000E+00  +-    0.7505773E-06  0.0000000E+00
Psig**2 of initial configurations =   0.1807098E-04  0.0000000E+00  +-    0.5589661E-06  0.0000000E+00
!-!-!-!-!-!-!-!-!-!-!-!-!-!-!-!-!-!-!-!-!-!-!-!-!-!
T**2 of initial configurations  =  -0.2015095E-07  0.1801646E-09
Tz of initial configurations    =  -0.9765741E-14  0.3166431E-13
J**2 of initial configurations  =   0.2310399E-07 -0.8031158E-09
Jz of initial configurations    =  -0.5119527E-14  0.1975548E-13
!-!-!-!-!-!-!-!-!-!-!-!-!-!-!-!-!-!-!-!-!-!-!-!-!-!
!-!-!-!-!-!-!-!-!-!-!-!-!-!-!-!-!-!-!-!-!-!-!-!-!-!
Time to process initial configurations (sec.) =       1.41
!-!-!-!-!-!-!-!-!-!-!-!-!-!-!-!-!-!-!-!-!-!-!-!-!-!

equilibration done

iteration =                               1
walker number =                       10981
total energy-propagated        2.50000000E-03  -2.7710652078E+01 +-    3.2979313601E-01   
kinetic energy                 2.50000000E-03   1.0598295729E+02 +-    1.5753410417E+00   
potential energy               2.50000000E-03  -1.3369360936E+02 +-    1.5427172017E+00   
im energy                      2.50000000E-03   1.1439397002E+00 +-    2.0364891329E-01   
imkin energy                   2.50000000E-03   7.7526764872E-01 +-    4.6112317126E-01   
impot energy                   2.50000000E-03   3.6867205150E-01 +-    4.2375193196E-01   
v cent                         2.50000000E-03   1.8119879501E+01 +-    1.4429495390E+00   
v tau                          2.50000000E-03  -8.2407493705E+00 +-    2.1969095739E-01   
v sigma                        2.50000000E-03  -8.2874461592E+00 +-    2.1742615181E-01   
v sigtau                       2.50000000E-03  -6.1176994629E+01 +-    4.8812995271E-01   
v tensor                       2.50000000E-03   3.6473483335E-01 +-    1.1719671954E-01   
v tenstau                      2.50000000E-03  -7.4473033539E+01 +-    8.7181477090E-01   
v ls                           2.50000000E-03   0.0000000000E+00 +-    0.0000000000E+00   
v lstau                        2.50000000E-03   0.0000000000E+00 +-    0.0000000000E+00   
vpot v6                        2.50000000E-03  -1.3369360936E+02 +-    1.5427172017E+00   
vpot v8                        2.50000000E-03  -1.3369360936E+02 +-    1.5427172017E+00   
v coulomb                      2.50000000E-03   7.4460213848E-01 +-    2.5533019096E-03   
v external                     2.50000000E-03   0.0000000000E+00 +-    0.0000000000E+00   
tni 2pipr-anticomm             2.50000000E-03   0.0000000000E+00 +-    0.0000000000E+00   
tni vd1pr                      2.50000000E-03   0.0000000000E+00 +-    0.0000000000E+00   
tni vepr                       2.50000000E-03   0.0000000000E+00 +-    0.0000000000E+00   
tni central                    2.50000000E-03   0.0000000000E+00 +-    0.0000000000E+00   
tni 2pixx-anticommutator       2.50000000E-03   0.0000000000E+00 +-    0.0000000000E+00   
tni 2pixd-anticommutator       2.50000000E-03   0.0000000000E+00 +-    0.0000000000E+00   
tni 2pidd-anticommutator       2.50000000E-03   0.0000000000E+00 +-    0.0000000000E+00   
tni 2pixx-commutator           2.50000000E-03   0.0000000000E+00 +-    0.0000000000E+00   
tni 2pixd-commutator           2.50000000E-03   0.0000000000E+00 +-    0.0000000000E+00   
tni 2pidd-commutator           2.50000000E-03   0.0000000000E+00 +-    0.0000000000E+00   
tni 2pi-tm                     2.50000000E-03   0.0000000000E+00 +-    0.0000000000E+00   
tni vd1                        2.50000000E-03   0.0000000000E+00 +-    0.0000000000E+00   
tni vd2                        2.50000000E-03   0.0000000000E+00 +-    0.0000000000E+00   
tni ve                         2.50000000E-03   0.0000000000E+00 +-    0.0000000000E+00   
vpottot v8+tni                 2.50000000E-03  -1.3369360936E+02 +-    1.5427172017E+00   
enetot v8+tni                  2.50000000E-03  -2.7710652078E+01 +-    3.2979313601E-01   
vper cent                      2.50000000E-03   1.8119879501E+01 +-    1.4429495390E+00   
vper tau                       2.50000000E-03  -8.2407493705E+00 +-    2.1969095739E-01   
vper sigma                     2.50000000E-03  -8.2874461592E+00 +-    2.1742615181E-01   
vper sigtau                    2.50000000E-03  -6.1176994629E+01 +-    4.8812995271E-01   
vper tensor                    2.50000000E-03   3.6473483335E-01 +-    1.1719671954E-01   
vper tenstau                   2.50000000E-03  -7.4473033539E+01 +-    8.7181477090E-01   
vper ls                        2.50000000E-03   0.0000000000E+00 +-    0.0000000000E+00   
vper lstau                     2.50000000E-03   0.0000000000E+00 +-    0.0000000000E+00   
vpotper v6                     2.50000000E-03  -1.3369360936E+02 +-    1.5427172017E+00   
vpotper v8                     2.50000000E-03  -1.3369360936E+02 +-    1.5427172017E+00   
vpotv6pr-vpotv6per diff        2.50000000E-03   0.0000000000E+00 +-    0.0000000000E+00   
vpotv8pr-vpotv8per diff        2.50000000E-03   0.0000000000E+00 +-    0.0000000000E+00   
2piapr-2pia diff               2.50000000E-03   0.0000000000E+00 +-    0.0000000000E+00   
vd1pr-vd1 diff                 2.50000000E-03   0.0000000000E+00 +-    0.0000000000E+00   
vepr-ve diff                   2.50000000E-03   0.0000000000E+00 +-    0.0000000000E+00   
diff1 2piapr-2pia-2picxx       2.50000000E-03   0.0000000000E+00 +-    0.0000000000E+00   
diff2 vd1pr-vd1-2picxd         2.50000000E-03   0.0000000000E+00 +-    0.0000000000E+00   
diff3 vepr-ve-2picdd           2.50000000E-03   0.0000000000E+00 +-    0.0000000000E+00   
sum diff1+dif2+diff3           2.50000000E-03   0.0000000000E+00 +-    0.0000000000E+00   
proton rms                     2.50000000E-03   2.0797887549E+00 +-    1.3207626369E-02   
neutron rms                    2.50000000E-03   2.0721103098E+00 +-    1.2759859718E-02   
total rms                      2.50000000E-03   2.0751224005E+00 +-    1.1656199957E-02   
neutron-proton rms             2.50000000E-03  -7.6784450739E-03 +-    1.1296955057E-02   
GT sigXtau+                    2.50000000E-03  -4.9692897290E-05 +-    2.1949780764E-05   
GT sigYtau+                    2.50000000E-03  -3.2490664311E-05 +-    2.0672565146E-05   
GT sigZtau+                    2.50000000E-03  -2.8159633568E-05 +-    2.1151681157E-05   
GT sigXtau-                    2.50000000E-03   3.8052454553E-05 +-    2.1420727793E-05   
GT sigYtau-                    2.50000000E-03   3.8932131521E-05 +-    2.0107454119E-05   
GT sigZtau-                    2.50000000E-03  -3.5058097177E-05 +-    2.1138778515E-05   
F tau+                         2.50000000E-03   6.0734145966E-20 +-    4.0032498586E-20   
F tau-                         2.50000000E-03   5.0395724530E-20 +-    3.9380084300E-20   
Psi**2                         2.50000000E-03   2.5590173672E-05 +-    6.0206275281E-07   
single crossing/step           2.50000000E-03   9.1298319796E-03 +-    4.9018060721E-05   
global crossing/step           2.50000000E-03   8.9826880070E-03 +-    9.7250116522E-05   
energy numerator(real)         2.50000000E-03  -2.8630312321E+01 +-    7.0722694241E-01   
denominator psit/psigi(real)   2.50000000E-03   1.0334020634E+00 +-    1.1022855399E-02   
energy numerator(aimag)        2.50000000E-03   1.6611519054E+00 +-    5.1160071957E-01   
denominator psit/psigi(aimag)  2.50000000E-03  -3.9511682718E-03 +-    7.0712330140E-03   
growth(lin dt) energy          2.50000000E-03  -2.0675403695E+02 +-    5.1867084570E+00   
growth(global) energy          2.50000000E-03  -2.1977348521E+02 +-    1.1944786035E+01
growth energy                  2.50000000E-03  -2.0662228264E+02 +-    5.1730841911E+00
Time for propagation (sec) (min) =          18.787      0.313
Time for energies (sec) (min) =              0.768      0.013
Time for load balancing (sec) (min) =        0.066      0.001
Time for block (sec) (min) =                20.277      0.338
Time for operators (sec) (min) =             0.016      0.000
Elapsed block time (sec) (min) =            20.294      0.338
 
 walkers multiplicity, block, total
   0          36579          36579
   1         865694         865694
   2          38732          38732
   3            203            203
   4             25             25
   5             10             10
   6              4              4
   7              4              4
   8              1              1
   9              0              0
  10              2              2
  14              1              1
 
 

iteration =                               2
walker number =                       11935
total energy-propagated        5.00000000E-03  -2.6264562309E+01 +-    2.1906591894E-01   
kinetic energy                 5.00000000E-03   1.0563937932E+02 +-    1.1661361687E+00   
potential energy               5.00000000E-03  -1.3190394163E+02 +-    1.1933514842E+00   
im energy                      5.00000000E-03   1.4957666880E-01 +-    1.6866768481E-01   
imkin energy                   5.00000000E-03  -1.6257866902E+00 +-    3.6731689847E-01   
impot energy                   5.00000000E-03   1.7753633590E+00 +-    3.6022114856E-01   
v cent                         5.00000000E-03   8.6305675785E+00 +-    1.0105878696E+00   
v tau                          5.00000000E-03  -6.4288142385E+00 +-    1.7039282874E-01   
v sigma                        5.00000000E-03  -7.4368934944E+00 +-    1.9273355416E-01   
v sigtau                       5.00000000E-03  -5.9371142075E+01 +-    4.5451836820E-01   
v tensor                       5.00000000E-03   2.7689526395E-02 +-    1.0158618751E-01   
v tenstau                      5.00000000E-03  -6.7325348930E+01 +-    7.9297592195E-01   
v ls                           5.00000000E-03   0.0000000000E+00 +-    0.0000000000E+00   
v lstau                        5.00000000E-03   0.0000000000E+00 +-    0.0000000000E+00   
vpot v6                        5.00000000E-03  -1.3190394163E+02 +-    1.1933514842E+00   
vpot v8                        5.00000000E-03  -1.3190394163E+02 +-    1.1933514842E+00   
v coulomb                      5.00000000E-03   7.3728911120E-01 +-    2.4564348307E-03   
v external                     5.00000000E-03   0.0000000000E+00 +-    0.0000000000E+00   
tni 2pipr-anticomm             5.00000000E-03   0.0000000000E+00 +-    0.0000000000E+00   
tni vd1pr                      5.00000000E-03   0.0000000000E+00 +-    0.0000000000E+00   
tni vepr                       5.00000000E-03   0.0000000000E+00 +-    0.0000000000E+00   
tni central                    5.00000000E-03   0.0000000000E+00 +-    0.0000000000E+00   
tni 2pixx-anticommutator       5.00000000E-03   0.0000000000E+00 +-    0.0000000000E+00   
tni 2pixd-anticommutator       5.00000000E-03   0.0000000000E+00 +-    0.0000000000E+00   
tni 2pidd-anticommutator       5.00000000E-03   0.0000000000E+00 +-    0.0000000000E+00   
tni 2pixx-commutator           5.00000000E-03   0.0000000000E+00 +-    0.0000000000E+00   
tni 2pixd-commutator           5.00000000E-03   0.0000000000E+00 +-    0.0000000000E+00   
tni 2pidd-commutator           5.00000000E-03   0.0000000000E+00 +-    0.0000000000E+00   
tni 2pi-tm                     5.00000000E-03   0.0000000000E+00 +-    0.0000000000E+00   
tni vd1                        5.00000000E-03   0.0000000000E+00 +-    0.0000000000E+00   
tni vd2                        5.00000000E-03   0.0000000000E+00 +-    0.0000000000E+00   
tni ve                         5.00000000E-03   0.0000000000E+00 +-    0.0000000000E+00   
vpottot v8+tni                 5.00000000E-03  -1.3190394163E+02 +-    1.1933514842E+00   
enetot v8+tni                  5.00000000E-03  -2.6264562309E+01 +-    2.1906591894E-01   
vper cent                      5.00000000E-03   8.6305675785E+00 +-    1.0105878696E+00   
vper tau                       5.00000000E-03  -6.4288142385E+00 +-    1.7039282874E-01   
vper sigma                     5.00000000E-03  -7.4368934944E+00 +-    1.9273355416E-01   
vper sigtau                    5.00000000E-03  -5.9371142075E+01 +-    4.5451836820E-01   
vper tensor                    5.00000000E-03   2.7689526395E-02 +-    1.0158618751E-01   
vper tenstau                   5.00000000E-03  -6.7325348930E+01 +-    7.9297592195E-01   
vper ls                        5.00000000E-03   0.0000000000E+00 +-    0.0000000000E+00   
vper lstau                     5.00000000E-03   0.0000000000E+00 +-    0.0000000000E+00   
vpotper v6                     5.00000000E-03  -1.3190394163E+02 +-    1.1933514842E+00   
vpotper v8                     5.00000000E-03  -1.3190394163E+02 +-    1.1933514842E+00   
vpotv6pr-vpotv6per diff        5.00000000E-03   0.0000000000E+00 +-    0.0000000000E+00   
vpotv8pr-vpotv8per diff        5.00000000E-03   0.0000000000E+00 +-    0.0000000000E+00   
2piapr-2pia diff               5.00000000E-03   0.0000000000E+00 +-    0.0000000000E+00   
vd1pr-vd1 diff                 5.00000000E-03   0.0000000000E+00 +-    0.0000000000E+00   
vepr-ve diff                   5.00000000E-03   0.0000000000E+00 +-    0.0000000000E+00   
diff1 2piapr-2pia-2picxx       5.00000000E-03   0.0000000000E+00 +-    0.0000000000E+00   
diff2 vd1pr-vd1-2picxd         5.00000000E-03   0.0000000000E+00 +-    0.0000000000E+00   
diff3 vepr-ve-2picdd           5.00000000E-03   0.0000000000E+00 +-    0.0000000000E+00   
sum diff1+dif2+diff3           5.00000000E-03   0.0000000000E+00 +-    0.0000000000E+00   
proton rms                     5.00000000E-03   2.0885769268E+00 +-    1.2135082001E-02   
neutron rms                    5.00000000E-03   2.0545293562E+00 +-    1.1754037796E-02   
total rms                      5.00000000E-03   2.0708135158E+00 +-    1.0916355925E-02   
neutron-proton rms             5.00000000E-03  -3.4047570545E-02 +-    9.7401592477E-03   
GT sigXtau+                    5.00000000E-03   3.9388835433E-05 +-    2.1545558333E-05   
GT sigYtau+                    5.00000000E-03  -6.2217466985E-05 +-    2.1515143511E-05   
GT sigZtau+                    5.00000000E-03  -1.8440508638E-04 +-    2.1978809848E-05   
GT sigXtau-                    5.00000000E-03   2.9863676755E-05 +-    2.1294536737E-05   
GT sigYtau-                    5.00000000E-03  -3.7137013342E-05 +-    2.1046915148E-05   
GT sigZtau-                    5.00000000E-03  -2.5472838629E-05 +-    2.1978688885E-05   
F tau+                         5.00000000E-03   6.7975691621E-20 +-    3.6044099444E-20   
F tau-                         5.00000000E-03   4.1717544176E-20 +-    3.5632006643E-20   
Psi**2                         5.00000000E-03   2.5647042369E-05 +-    5.4485636424E-07   
single crossing/step           5.00000000E-03   7.9620527312E-03 +-    4.2372249562E-05   
global crossing/step           5.00000000E-03   7.8356709418E-03 +-    8.4074588267E-05   
energy numerator(real)         5.00000000E-03  -1.6757596827E+01 +-    7.4836776063E-01   
denominator psit/psigi(real)   5.00000000E-03   6.3731073312E-01 +-    1.2218392065E-02   
energy numerator(aimag)        5.00000000E-03   8.1549720181E-02 +-    5.0864719969E-01   
denominator psit/psigi(aimag)  5.00000000E-03  -2.3029122887E-02 +-    8.0525677606E-03   
growth(lin dt) energy          5.00000000E-03  -2.1781656803E+02 +-    5.1542611993E+00   
growth(global) energy          5.00000000E-03  -2.1277328379E+02 +-    1.0525446077E+01
growth energy                  5.00000000E-03  -2.1765494691E+02 +-    5.1393066337E+00
Time for propagation (sec) (min) =          21.948      0.366
Time for energies (sec) (min) =              0.835      0.014
Time for load balancing (sec) (min) =        0.030      0.000
Time for block (sec) (min) =                23.409      0.390
Time for operators (sec) (min) =             0.017      0.000
Elapsed block time (sec) (min) =            43.743      0.729
 
 walkers multiplicity, block, total
   0          47848          84427
   1        1015800        1881494
   2          47862          86594
   3            303            506
   4             56             81
   5             14             24
   6              5              9
   7              4              8
   8              3              4
   9              1              1
  10              0              2
  14              1              2
  20              1              1
 
 

iteration =                               3
walker number =                       10681
total energy-propagated        7.50000000E-03  -2.7126171380E+01 +-    2.7821680210E-01   
kinetic energy                 7.50000000E-03   1.1567487262E+02 +-    1.4243060314E+00   
potential energy               7.50000000E-03  -1.4280104400E+02 +-    1.4274332613E+00   
im energy                      7.50000000E-03  -1.2203847122E+00 +-    1.2751273184E-01   
imkin energy                   7.50000000E-03  -5.4112961992E+00 +-    4.1173039665E-01   
impot energy                   7.50000000E-03   4.1909114870E+00 +-    5.9864692106E-01   
v cent                         7.50000000E-03   1.4041332599E+01 +-    1.3529962904E+00   
v tau                          7.50000000E-03  -6.7320247606E+00 +-    2.9601043981E-01   
v sigma                        7.50000000E-03  -1.1297893209E+01 +-    2.6657201109E-01   
v sigtau                       7.50000000E-03  -6.5095544424E+01 +-    5.2187641412E-01   
v tensor                       7.50000000E-03  -1.5709457264E-02 +-    9.7206504323E-02   
v tenstau                      7.50000000E-03  -7.3701204752E+01 +-    8.4854160109E-01   
v ls                           7.50000000E-03   0.0000000000E+00 +-    0.0000000000E+00   
v lstau                        7.50000000E-03   0.0000000000E+00 +-    0.0000000000E+00   
vpot v6                        7.50000000E-03  -1.4280104400E+02 +-    1.4274332613E+00   
vpot v8                        7.50000000E-03  -1.4280104400E+02 +-    1.4274332613E+00   
v coulomb                      7.50000000E-03   7.7908416789E-01 +-    2.6835217698E-03   
v external                     7.50000000E-03   0.0000000000E+00 +-    0.0000000000E+00   
tni 2pipr-anticomm             7.50000000E-03   0.0000000000E+00 +-    0.0000000000E+00   
tni vd1pr                      7.50000000E-03   0.0000000000E+00 +-    0.0000000000E+00   
tni vepr                       7.50000000E-03   0.0000000000E+00 +-    0.0000000000E+00   
tni central                    7.50000000E-03   0.0000000000E+00 +-    0.0000000000E+00   
tni 2pixx-anticommutator       7.50000000E-03   0.0000000000E+00 +-    0.0000000000E+00   
tni 2pixd-anticommutator       7.50000000E-03   0.0000000000E+00 +-    0.0000000000E+00   
tni 2pidd-anticommutator       7.50000000E-03   0.0000000000E+00 +-    0.0000000000E+00   
tni 2pixx-commutator           7.50000000E-03   0.0000000000E+00 +-    0.0000000000E+00   
tni 2pixd-commutator           7.50000000E-03   0.0000000000E+00 +-    0.0000000000E+00   
tni 2pidd-commutator           7.50000000E-03   0.0000000000E+00 +-    0.0000000000E+00   
tni 2pi-tm                     7.50000000E-03   0.0000000000E+00 +-    0.0000000000E+00   
tni vd1                        7.50000000E-03   0.0000000000E+00 +-    0.0000000000E+00   
tni vd2                        7.50000000E-03   0.0000000000E+00 +-    0.0000000000E+00   
tni ve                         7.50000000E-03   0.0000000000E+00 +-    0.0000000000E+00   
vpottot v8+tni                 7.50000000E-03  -1.4280104400E+02 +-    1.4274332613E+00   
enetot v8+tni                  7.50000000E-03  -2.7126171380E+01 +-    2.7821680210E-01   
vper cent                      7.50000000E-03   1.4041332599E+01 +-    1.3529962904E+00   
vper tau                       7.50000000E-03  -6.7320247606E+00 +-    2.9601043981E-01   
vper sigma                     7.50000000E-03  -1.1297893209E+01 +-    2.6657201109E-01   
vper sigtau                    7.50000000E-03  -6.5095544424E+01 +-    5.2187641412E-01   
vper tensor                    7.50000000E-03  -1.5709457264E-02 +-    9.7206504323E-02   
vper tenstau                   7.50000000E-03  -7.3701204752E+01 +-    8.4854160109E-01   
vper ls                        7.50000000E-03   0.0000000000E+00 +-    0.0000000000E+00   
vper lstau                     7.50000000E-03   0.0000000000E+00 +-    0.0000000000E+00   
vpotper v6                     7.50000000E-03  -1.4280104400E+02 +-    1.4274332613E+00   
vpotper v8                     7.50000000E-03  -1.4280104400E+02 +-    1.4274332613E+00   
vpotv6pr-vpotv6per diff        7.50000000E-03   0.0000000000E+00 +-    0.0000000000E+00   
vpotv8pr-vpotv8per diff        7.50000000E-03   0.0000000000E+00 +-    0.0000000000E+00   
2piapr-2pia diff               7.50000000E-03   0.0000000000E+00 +-    0.0000000000E+00   
vd1pr-vd1 diff                 7.50000000E-03   0.0000000000E+00 +-    0.0000000000E+00   
vepr-ve diff                   7.50000000E-03   0.0000000000E+00 +-    0.0000000000E+00   
diff1 2piapr-2pia-2picxx       7.50000000E-03   0.0000000000E+00 +-    0.0000000000E+00   
diff2 vd1pr-vd1-2picxd         7.50000000E-03   0.0000000000E+00 +-    0.0000000000E+00   
diff3 vepr-ve-2picdd           7.50000000E-03   0.0000000000E+00 +-    0.0000000000E+00   
sum diff1+dif2+diff3           7.50000000E-03   0.0000000000E+00 +-    0.0000000000E+00   
proton rms                     7.50000000E-03   1.9069007755E+00 +-    1.2391319305E-02   
neutron rms                    7.50000000E-03   1.9929263443E+00 +-    1.4458410069E-02   
total rms                      7.50000000E-03   1.9495926421E+00 +-    1.2171883535E-02   
neutron-proton rms             7.50000000E-03   8.6025568791E-02 +-    1.1474647065E-02   
GT sigXtau+                    7.50000000E-03  -7.0603967557E-06 +-    2.8290867746E-05   
GT sigYtau+                    7.50000000E-03  -5.4328612289E-05 +-    2.6872979404E-05   
GT sigZtau+                    7.50000000E-03  -1.4122934764E-04 +-    2.8923780617E-05   
GT sigXtau-                    7.50000000E-03  -1.0734639600E-05 +-    2.6131423756E-05   
GT sigYtau-                    7.50000000E-03  -8.1146485586E-05 +-    2.4673607731E-05   
GT sigZtau-                    7.50000000E-03  -1.4334718859E-05 +-    2.3139476517E-05   
F tau+                         7.50000000E-03   1.2603690818E-19 +-    8.2433370102E-20   
F tau-                         7.50000000E-03   1.0257652186E-19 +-    4.2747977164E-20   
Psi**2                         7.50000000E-03   3.2255233219E-05 +-    7.5569917219E-07   
single crossing/step           7.50000000E-03   7.0695337554E-03 +-    4.0318188796E-05   
global crossing/step           7.50000000E-03   6.9713457865E-03 +-    8.0078403835E-05   
energy numerator(real)         7.50000000E-03  -1.1085081562E+01 +-    8.5901741321E-01   
denominator psit/psigi(real)   7.50000000E-03   4.1077137938E-01 +-    1.3341252996E-02   
energy numerator(aimag)        7.50000000E-03   2.2058154082E+00 +-    5.9813263608E-01   
denominator psit/psigi(aimag)  7.50000000E-03  -6.8609765869E-02 +-    8.7612290986E-03   
growth(lin dt) energy          7.50000000E-03  -2.1030917654E+02 +-    5.1726928080E+00   
growth(global) energy          7.50000000E-03  -2.0629799055E+02 +-    1.1625027681E+01
growth energy                  7.50000000E-03  -2.1016815584E+02 +-    5.1586489707E+00
Time for propagation (sec) (min) =          21.552      0.359
Time for energies (sec) (min) =              0.748      0.012
Time for load balancing (sec) (min) =        0.028      0.000
Time for block (sec) (min) =                22.857      0.381
Time for operators (sec) (min) =             0.014      0.000
Elapsed block time (sec) (min) =            66.614      1.110
 
 walkers multiplicity, block, total
   0          49979         134406
   1        1005371        2886865
   2          47878         134472
   3            283            789
   4             51            132
   5             12             36
   6              6             15
   7              3             11
   8              1              5
   9              2              3
  10              1              3
  14              0              2
  20              0              1
 
 

iteration =                               4
walker number =                       10452
total energy-propagated        1.00000000E-02  -2.3131713148E+01 +-    5.2748500766E-01   
kinetic energy                 1.00000000E-02   1.2218343729E+02 +-    1.4146733226E+00   
potential energy               1.00000000E-02  -1.4531515044E+02 +-    1.5183576002E+00   
im energy                      1.00000000E-02   1.1933155933E+00 +-    3.3411280798E-01   
imkin energy                   1.00000000E-02  -1.7003283043E+00 +-    6.8459363836E-01   
impot energy                   1.00000000E-02   2.8936438976E+00 +-    7.1168032076E-01   
v cent                         1.00000000E-02   1.1197377018E+01 +-    1.1989827672E+00   
v tau                          1.00000000E-02  -9.9794892356E+00 +-    2.9091094031E-01   
v sigma                        1.00000000E-02  -8.1959633600E+00 +-    3.9149241542E-01   
v sigtau                       1.00000000E-02  -6.3284599916E+01 +-    5.5694547367E-01   
v tensor                       1.00000000E-02   8.0658373215E-01 +-    1.6734268613E-01   
v tenstau                      1.00000000E-02  -7.5859058677E+01 +-    1.4168749450E+00   
v ls                           1.00000000E-02   0.0000000000E+00 +-    0.0000000000E+00   
v lstau                        1.00000000E-02   0.0000000000E+00 +-    0.0000000000E+00   
vpot v6                        1.00000000E-02  -1.4531515044E+02 +-    1.5183576002E+00   
vpot v8                        1.00000000E-02  -1.4531515044E+02 +-    1.5183576002E+00   
v coulomb                      1.00000000E-02   7.8195980500E-01 +-    2.8045573765E-03   
v external                     1.00000000E-02   0.0000000000E+00 +-    0.0000000000E+00   
tni 2pipr-anticomm             1.00000000E-02   0.0000000000E+00 +-    0.0000000000E+00   
tni vd1pr                      1.00000000E-02   0.0000000000E+00 +-    0.0000000000E+00   
tni vepr                       1.00000000E-02   0.0000000000E+00 +-    0.0000000000E+00   
tni central                    1.00000000E-02   0.0000000000E+00 +-    0.0000000000E+00   
tni 2pixx-anticommutator       1.00000000E-02   0.0000000000E+00 +-    0.0000000000E+00   
tni 2pixd-anticommutator       1.00000000E-02   0.0000000000E+00 +-    0.0000000000E+00   
tni 2pidd-anticommutator       1.00000000E-02   0.0000000000E+00 +-    0.0000000000E+00   
tni 2pixx-commutator           1.00000000E-02   0.0000000000E+00 +-    0.0000000000E+00   
tni 2pixd-commutator           1.00000000E-02   0.0000000000E+00 +-    0.0000000000E+00   
tni 2pidd-commutator           1.00000000E-02   0.0000000000E+00 +-    0.0000000000E+00   
tni 2pi-tm                     1.00000000E-02   0.0000000000E+00 +-    0.0000000000E+00   
tni vd1                        1.00000000E-02   0.0000000000E+00 +-    0.0000000000E+00   
tni vd2                        1.00000000E-02   0.0000000000E+00 +-    0.0000000000E+00   
tni ve                         1.00000000E-02   0.0000000000E+00 +-    0.0000000000E+00   
vpottot v8+tni                 1.00000000E-02  -1.4531515044E+02 +-    1.5183576002E+00   
enetot v8+tni                  1.00000000E-02  -2.3131713148E+01 +-    5.2748500766E-01   
vper cent                      1.00000000E-02   1.1197377018E+01 +-    1.1989827672E+00   
vper tau                       1.00000000E-02  -9.9794892356E+00 +-    2.9091094031E-01   
vper sigma                     1.00000000E-02  -8.1959633600E+00 +-    3.9149241542E-01   
vper sigtau                    1.00000000E-02  -6.3284599916E+01 +-    5.5694547367E-01   
vper tensor                    1.00000000E-02   8.0658373215E-01 +-    1.6734268613E-01   
vper tenstau                   1.00000000E-02  -7.5859058677E+01 +-    1.4168749450E+00   
vper ls                        1.00000000E-02   0.0000000000E+00 +-    0.0000000000E+00   
vper lstau                     1.00000000E-02   0.0000000000E+00 +-    0.0000000000E+00   
vpotper v6                     1.00000000E-02  -1.4531515044E+02 +-    1.5183576002E+00   
vpotper v8                     1.00000000E-02  -1.4531515044E+02 +-    1.5183576002E+00   
vpotv6pr-vpotv6per diff        1.00000000E-02   0.0000000000E+00 +-    0.0000000000E+00   
vpotv8pr-vpotv8per diff        1.00000000E-02   0.0000000000E+00 +-    0.0000000000E+00   
2piapr-2pia diff               1.00000000E-02   0.0000000000E+00 +-    0.0000000000E+00   
vd1pr-vd1 diff                 1.00000000E-02   0.0000000000E+00 +-    0.0000000000E+00   
vepr-ve diff                   1.00000000E-02   0.0000000000E+00 +-    0.0000000000E+00   
diff1 2piapr-2pia-2picxx       1.00000000E-02   0.0000000000E+00 +-    0.0000000000E+00   
diff2 vd1pr-vd1-2picxd         1.00000000E-02   0.0000000000E+00 +-    0.0000000000E+00   
diff3 vepr-ve-2picdd           1.00000000E-02   0.0000000000E+00 +-    0.0000000000E+00   
sum diff1+dif2+diff3           1.00000000E-02   0.0000000000E+00 +-    0.0000000000E+00   
proton rms                     1.00000000E-02   1.9310891162E+00 +-    1.2272265714E-02   
neutron rms                    1.00000000E-02   1.9780513976E+00 +-    1.3303595134E-02   
total rms                      1.00000000E-02   1.9525719298E+00 +-    1.1116715799E-02   
neutron-proton rms             1.00000000E-02   4.6962281428E-02 +-    1.2710297767E-02   
GT sigXtau+                    1.00000000E-02  -4.6626328790E-05 +-    2.1186634745E-05   
GT sigYtau+                    1.00000000E-02   1.4329051688E-04 +-    2.1299734394E-05   
GT sigZtau+                    1.00000000E-02   9.6253539753E-05 +-    2.1227588550E-05   
GT sigXtau-                    1.00000000E-02  -8.4291466696E-05 +-    2.3991882757E-05   
GT sigYtau-                    1.00000000E-02   1.3866046260E-05 +-    2.4054043079E-05   
GT sigZtau-                    1.00000000E-02  -7.3716305632E-05 +-    2.1339542362E-05   
F tau+                         1.00000000E-02  -5.4082674004E-21 +-    5.1351358988E-20   
F tau-                         1.00000000E-02  -1.6900343547E-19 +-    4.7962678030E-20   
Psi**2                         1.00000000E-02   2.4888785185E-05 +-    4.4581497639E-07   
single crossing/step           1.00000000E-02   7.2109304447E-03 +-    4.0425810446E-05   
global crossing/step           1.00000000E-02   7.0520470843E-03 +-    7.9962327762E-05   
energy numerator(real)         1.00000000E-02  -6.2979915290E+00 +-    8.8119317493E-01   
denominator psit/psigi(real)   1.00000000E-02   2.7215879865E-01 +-    1.3611681676E-02   
energy numerator(aimag)        1.00000000E-02   6.1260805279E-01 +-    6.2451825513E-01   
denominator psit/psigi(aimag)  1.00000000E-02  -2.7547909650E-02 +-    9.0395720498E-03   
growth(lin dt) energy          1.00000000E-02  -2.4407709007E+02 +-    5.5182994987E+00   
growth(global) energy          1.00000000E-02  -2.4538684268E+02 +-    1.0941205455E+01
growth energy                  1.00000000E-02  -2.4383239129E+02 +-    5.4986642941E+00
Time for propagation (sec) (min) =          21.871      0.365
Time for energies (sec) (min) =              0.732      0.012
Time for load balancing (sec) (min) =        0.032      0.001
Time for block (sec) (min) =                23.171      0.386
Time for operators (sec) (min) =             0.016      0.000
Elapsed block time (sec) (min) =            89.810      1.497
 
 walkers multiplicity, block, total
   0          51886         186292
   1        1016421        3903286
   2          50407         184879
   3            399           1188
   4             60            192
   5             27             63
   6             13             28
   7              4             15
   8              2              7
   9              3              6
  10              2              5
  14              0              2
  20              1              2
 
 

iteration =                               5
walker number =                       10777
total energy-propagated        1.25000000E-02  -7.1274086213E-01 +-    4.3915285240E-01   
kinetic energy                 1.25000000E-02   9.5426209915E+01 +-    1.0187691195E+00   
potential energy               1.25000000E-02  -9.6138950777E+01 +-    1.5067130872E+00   
im energy                      1.25000000E-02  -1.3152024611E+01 +-    3.3469456346E-01   
imkin energy                   1.25000000E-02  -2.4506388565E-01 +-    8.8920863999E-01   
impot energy                   1.25000000E-02  -1.2906960726E+01 +-    4.3828117070E-01   
v cent                         1.25000000E-02  -1.9801625385E+01 +-    1.8130348363E+00   
v tau                          1.25000000E-02  -1.9978927947E+00 +-    2.8075954724E-01   
v sigma                        1.25000000E-02   2.4497696746E+01 +-    3.1074891536E-01   
v sigtau                       1.25000000E-02  -3.8392883723E+01 +-    4.9702212712E-01   
v tensor                       1.25000000E-02  -5.9478806238E+00 +-    1.1801406953E-01   
v tenstau                      1.25000000E-02  -5.4496364997E+01 +-    5.2677801049E-01   
v ls                           1.25000000E-02   0.0000000000E+00 +-    0.0000000000E+00   
v lstau                        1.25000000E-02   0.0000000000E+00 +-    0.0000000000E+00   
vpot v6                        1.25000000E-02  -9.6138950777E+01 +-    1.5067130872E+00   
vpot v8                        1.25000000E-02  -9.6138950777E+01 +-    1.5067130872E+00   
v coulomb                      1.25000000E-02   4.9147970169E-01 +-    3.2365946856E-03   
v external                     1.25000000E-02   0.0000000000E+00 +-    0.0000000000E+00   
tni 2pipr-anticomm             1.25000000E-02   0.0000000000E+00 +-    0.0000000000E+00   
tni vd1pr                      1.25000000E-02   0.0000000000E+00 +-    0.0000000000E+00   
tni vepr                       1.25000000E-02   0.0000000000E+00 +-    0.0000000000E+00   
tni central                    1.25000000E-02   0.0000000000E+00 +-    0.0000000000E+00   
tni 2pixx-anticommutator       1.25000000E-02   0.0000000000E+00 +-    0.0000000000E+00   
tni 2pixd-anticommutator       1.25000000E-02   0.0000000000E+00 +-    0.0000000000E+00   
tni 2pidd-anticommutator       1.25000000E-02   0.0000000000E+00 +-    0.0000000000E+00   
tni 2pixx-commutator           1.25000000E-02   0.0000000000E+00 +-    0.0000000000E+00   
tni 2pixd-commutator           1.25000000E-02   0.0000000000E+00 +-    0.0000000000E+00   
tni 2pidd-commutator           1.25000000E-02   0.0000000000E+00 +-    0.0000000000E+00   
tni 2pi-tm                     1.25000000E-02   0.0000000000E+00 +-    0.0000000000E+00   
tni vd1                        1.25000000E-02   0.0000000000E+00 +-    0.0000000000E+00   
tni vd2                        1.25000000E-02   0.0000000000E+00 +-    0.0000000000E+00   
tni ve                         1.25000000E-02   0.0000000000E+00 +-    0.0000000000E+00   
vpottot v8+tni                 1.25000000E-02  -9.6138950777E+01 +-    1.5067130872E+00   
enetot v8+tni                  1.25000000E-02  -7.1274086213E-01 +-    4.3915285240E-01   
vper cent                      1.25000000E-02  -1.9801625385E+01 +-    1.8130348363E+00   
vper tau                       1.25000000E-02  -1.9978927947E+00 +-    2.8075954724E-01   
vper sigma                     1.25000000E-02   2.4497696746E+01 +-    3.1074891536E-01   
vper sigtau                    1.25000000E-02  -3.8392883723E+01 +-    4.9702212712E-01   
vper tensor                    1.25000000E-02  -5.9478806238E+00 +-    1.1801406953E-01   
vper tenstau                   1.25000000E-02  -5.4496364997E+01 +-    5.2677801049E-01   
vper ls                        1.25000000E-02   0.0000000000E+00 +-    0.0000000000E+00   
vper lstau                     1.25000000E-02   0.0000000000E+00 +-    0.0000000000E+00   
vpotper v6                     1.25000000E-02  -9.6138950777E+01 +-    1.5067130872E+00   
vpotper v8                     1.25000000E-02  -9.6138950777E+01 +-    1.5067130872E+00   
vpotv6pr-vpotv6per diff        1.25000000E-02   0.0000000000E+00 +-    0.0000000000E+00   
vpotv8pr-vpotv8per diff        1.25000000E-02   0.0000000000E+00 +-    0.0000000000E+00   
2piapr-2pia diff               1.25000000E-02   0.0000000000E+00 +-    0.0000000000E+00   
vd1pr-vd1 diff                 1.25000000E-02   0.0000000000E+00 +-    0.0000000000E+00   
vepr-ve diff                   1.25000000E-02   0.0000000000E+00 +-    0.0000000000E+00   
diff1 2piapr-2pia-2picxx       1.25000000E-02   0.0000000000E+00 +-    0.0000000000E+00   
diff2 vd1pr-vd1-2picxd         1.25000000E-02   0.0000000000E+00 +-    0.0000000000E+00   
diff3 vepr-ve-2picdd           1.25000000E-02   0.0000000000E+00 +-    0.0000000000E+00   
sum diff1+dif2+diff3           1.25000000E-02   0.0000000000E+00 +-    0.0000000000E+00   
proton rms                     1.25000000E-02   2.1022833025E+00 +-    1.5047392960E-02   
neutron rms                    1.25000000E-02   2.0259582192E+00 +-    1.3837353941E-02   
total rms                      1.25000000E-02   2.0542957817E+00 +-    1.1359734861E-02   
neutron-proton rms             1.25000000E-02  -7.6325083343E-02 +-    1.3700120554E-02   
GT sigXtau+                    1.25000000E-02   1.9869595816E-04 +-    9.5371553417E-06   
GT sigYtau+                    1.25000000E-02  -1.3022443313E-04 +-    2.4299295113E-05   
GT sigZtau+                    1.25000000E-02   2.1605942827E-04 +-    3.3455897887E-05   
GT sigXtau-                    1.25000000E-02  -1.6978722401E-04 +-    2.5796395666E-05   
GT sigYtau-                    1.25000000E-02   1.0440589114E-03 +-    2.3678075970E-05   
GT sigZtau-                    1.25000000E-02   6.0597419193E-04 +-    2.4566312682E-05   
F tau+                         1.25000000E-02  -1.0391311091E-18 +-    4.6152421813E-20   
F tau-                         1.25000000E-02  -3.2452084415E-19 +-    5.6623454588E-20   
Psi**2                         1.25000000E-02   1.4996581874E-05 +-    7.1577417569E-07   
single crossing/step           1.25000000E-02   8.5370569912E-03 +-    4.4088647543E-05   
global crossing/step           1.25000000E-02   8.2968417436E-03 +-    8.6938409363E-05   
energy numerator(real)         1.25000000E-02   1.1824535687E-01 +-    9.0964605497E-01   
denominator psit/psigi(real)   1.25000000E-02   8.0576829180E-02 +-    1.4018983473E-02   
energy numerator(aimag)        1.25000000E-02  -1.7012133289E+00 +-    5.7423313008E-01   
denominator psit/psigi(aimag)  1.25000000E-02   8.3499752120E-03 +-    9.4140857404E-03   
growth(lin dt) energy          1.25000000E-02  -2.7815506913E+02 +-    5.9965059454E+00   
growth(global) energy          1.25000000E-02  -2.6713389089E+02 +-    1.2155627154E+01
growth energy                  1.25000000E-02  -2.7777704114E+02 +-    5.9700655329E+00
Time for propagation (sec) (min) =          21.751      0.363
Time for energies (sec) (min) =              0.756      0.013
Time for load balancing (sec) (min) =        0.029      0.000
Time for block (sec) (min) =                23.055      0.384
Time for operators (sec) (min) =             0.015      0.000
Elapsed block time (sec) (min) =           112.879      1.881
 
 walkers multiplicity, block, total
   0          54905         241197
   1        1003527        4906813
   2          53596         238475
   3            511           1699
   4             86            278
   5             32             95
   6             10             38
   7             12             27
   8              3             10
   9              1              7
  10              1              6
  11              2              2
  12              2              2
  13              2              2
  14              0              2
  20              0              2
 
 

iteration =                               6
walker number =                       10911
total energy-propagated        1.50000000E-02   2.4054967210E+02 +-    2.9616039477E+00   
kinetic energy                 1.50000000E-02  -4.0151741429E+02 +-    8.4117176140E+00   
potential energy               1.50000000E-02   6.4206708638E+02 +-    1.0271680363E+01   
im energy                      1.50000000E-02   2.2966435361E+01 +-    1.3138772040E+00   
imkin energy                   1.50000000E-02   2.5671385682E+02 +-    4.5803999724E+00   
impot energy                   1.50000000E-02  -2.3374742146E+02 +-    4.7481132686E+00   
v cent                         1.50000000E-02  -3.8504027758E+02 +-    9.1970357497E+00   
v tau                          1.50000000E-02   8.1373224576E+01 +-    1.1646021789E+00   
v sigma                        1.50000000E-02   1.5389493209E+02 +-    3.2892871249E+00   
v sigtau                       1.50000000E-02   3.9428471952E+02 +-    5.7636797760E+00   
v tensor                       1.50000000E-02  -9.9259781743E+01 +-    1.0056369388E+00   
v tenstau                      1.50000000E-02   4.9681426952E+02 +-    8.0468492242E+00   
v ls                           1.50000000E-02   0.0000000000E+00 +-    0.0000000000E+00   
v lstau                        1.50000000E-02   0.0000000000E+00 +-    0.0000000000E+00   
vpot v6                        1.50000000E-02   6.4206708638E+02 +-    1.0271680363E+01   
vpot v8                        1.50000000E-02   6.4206708638E+02 +-    1.0271680363E+01   
v coulomb                      1.50000000E-02   9.1993547162E-01 +-    4.8523762780E-02   
v external                     1.50000000E-02   0.0000000000E+00 +-    0.0000000000E+00   
tni 2pipr-anticomm             1.50000000E-02   0.0000000000E+00 +-    0.0000000000E+00   
tni vd1pr                      1.50000000E-02   0.0000000000E+00 +-    0.0000000000E+00   
tni vepr                       1.50000000E-02   0.0000000000E+00 +-    0.0000000000E+00   
tni central                    1.50000000E-02   0.0000000000E+00 +-    0.0000000000E+00   
tni 2pixx-anticommutator       1.50000000E-02   0.0000000000E+00 +-    0.0000000000E+00   
tni 2pixd-anticommutator       1.50000000E-02   0.0000000000E+00 +-    0.0000000000E+00   
tni 2pidd-anticommutator       1.50000000E-02   0.0000000000E+00 +-    0.0000000000E+00   
tni 2pixx-commutator           1.50000000E-02   0.0000000000E+00 +-    0.0000000000E+00   
tni 2pixd-commutator           1.50000000E-02   0.0000000000E+00 +-    0.0000000000E+00   
tni 2pidd-commutator           1.50000000E-02   0.0000000000E+00 +-    0.0000000000E+00   
tni 2pi-tm                     1.50000000E-02   0.0000000000E+00 +-    0.0000000000E+00   
tni vd1                        1.50000000E-02   0.0000000000E+00 +-    0.0000000000E+00   
tni vd2                        1.50000000E-02   0.0000000000E+00 +-    0.0000000000E+00   
tni ve                         1.50000000E-02   0.0000000000E+00 +-    0.0000000000E+00   
vpottot v8+tni                 1.50000000E-02   6.4206708638E+02 +-    1.0271680363E+01   
enetot v8+tni                  1.50000000E-02   2.4054967210E+02 +-    2.9616039477E+00   
vper cent                      1.50000000E-02  -3.8504027758E+02 +-    9.1970357497E+00   
vper tau                       1.50000000E-02   8.1373224576E+01 +-    1.1646021789E+00   
vper sigma                     1.50000000E-02   1.5389493209E+02 +-    3.2892871249E+00   
vper sigtau                    1.50000000E-02   3.9428471952E+02 +-    5.7636797760E+00   
vper tensor                    1.50000000E-02  -9.9259781743E+01 +-    1.0056369388E+00   
vper tenstau                   1.50000000E-02   4.9681426952E+02 +-    8.0468492242E+00   
vper ls                        1.50000000E-02   0.0000000000E+00 +-    0.0000000000E+00   
vper lstau                     1.50000000E-02   0.0000000000E+00 +-    0.0000000000E+00   
vpotper v6                     1.50000000E-02   6.4206708638E+02 +-    1.0271680363E+01   
vpotper v8                     1.50000000E-02   6.4206708638E+02 +-    1.0271680363E+01   
vpotv6pr-vpotv6per diff        1.50000000E-02   0.0000000000E+00 +-    0.0000000000E+00   
vpotv8pr-vpotv8per diff        1.50000000E-02   0.0000000000E+00 +-    0.0000000000E+00   
2piapr-2pia diff               1.50000000E-02   0.0000000000E+00 +-    0.0000000000E+00   
vd1pr-vd1 diff                 1.50000000E-02   0.0000000000E+00 +-    0.0000000000E+00   
vepr-ve diff                   1.50000000E-02   0.0000000000E+00 +-    0.0000000000E+00   
diff1 2piapr-2pia-2picxx       1.50000000E-02   0.0000000000E+00 +-    0.0000000000E+00   
diff2 vd1pr-vd1-2picxd         1.50000000E-02   0.0000000000E+00 +-    0.0000000000E+00   
diff3 vepr-ve-2picdd           1.50000000E-02   0.0000000000E+00 +-    0.0000000000E+00   
sum diff1+dif2+diff3           1.50000000E-02   0.0000000000E+00 +-    0.0000000000E+00   
proton rms                     1.50000000E-02   1.9012504021E+00 +-    5.1904887262E-02   
neutron rms                    1.50000000E-02   1.2119721092E+01 +-    8.1586779961E-02   
total rms                      1.50000000E-02   6.7158102783E+00 +-    6.5883288803E-02   
neutron-proton rms             1.50000000E-02   1.0218470690E+01 +-    1.0580856374E-01   
GT sigXtau+                    1.50000000E-02  -5.2061265419E-03 +-    1.3802749702E-04   
GT sigYtau+                    1.50000000E-02  -2.9485967166E-03 +-    1.2721628376E-04   
GT sigZtau+                    1.50000000E-02  -8.2088421254E-03 +-    1.4721312355E-04   
GT sigXtau-                    1.50000000E-02   1.7327184293E-03 +-    1.1889846668E-04   
GT sigYtau-                    1.50000000E-02   1.0746963183E-02 +-    1.3493322072E-04   
GT sigZtau-                    1.50000000E-02  -2.2555134993E-02 +-    2.5698340373E-04   
F tau+                         1.50000000E-02  -2.3484583500E-18 +-    1.7038821205E-19   
F tau-                         1.50000000E-02   9.1190284952E-18 +-    2.7426560886E-19   
Psi**2                         1.50000000E-02  -9.2474964943E-05 +-    2.6404441779E-06   
single crossing/step           1.50000000E-02   7.6912609255E-03 +-    4.1884948401E-05   
global crossing/step           1.50000000E-02   7.5331142573E-03 +-    8.2910796963E-05   
energy numerator(real)         1.50000000E-02   1.3691826334E+00 +-    8.5596762640E-01   
denominator psit/psigi(real)   1.50000000E-02   5.4719369650E-03 +-    1.3509870549E-02   
energy numerator(aimag)        1.50000000E-02  -6.9026182256E-01 +-    5.8498163043E-01   
denominator psit/psigi(aimag)  1.50000000E-02  -3.2408912039E-03 +-    9.2068659484E-03   
growth(lin dt) energy          1.50000000E-02  -2.5282068524E+02 +-    5.6525254137E+00   
growth(global) energy          1.50000000E-02  -2.5449387946E+02 +-    1.1047032105E+01
growth energy                  1.50000000E-02  -2.5254452505E+02 +-    5.6311766542E+00
Time for propagation (sec) (min) =          21.735      0.362
Time for energies (sec) (min) =              0.765      0.013
Time for load balancing (sec) (min) =        0.029      0.000
Time for block (sec) (min) =                23.010      0.384
Time for operators (sec) (min) =             0.015      0.000
Elapsed block time (sec) (min) =           135.913      2.265
 
 walkers multiplicity, block, total
   0          53789         294986
   1        1004570        5911383
   2          52816         291291
   3            357           2056
   4             48            326
   5             22            117
   6              8             46
   7              8             35
   8              1             11
   9              2              9
  10              1              7
  11              1              3
  12              0              2
  13              1              3
  14              0              2
  20              1              3
 
 

iteration =                               7
walker number =                       10834
total energy-propagated        1.75000000E-02  -4.6381441314E+01 +-    8.9462816598E-01   
kinetic energy                 1.75000000E-02  -7.2014931478E+00 +-    2.7162062842E+00   
potential energy               1.75000000E-02  -3.9179948166E+01 +-    2.5055382201E+00   
im energy                      1.75000000E-02   1.1979979345E+01 +-    8.0345454807E-01   
imkin energy                   1.75000000E-02  -3.4816333876E+01 +-    1.4137439943E+00   
impot energy                   1.75000000E-02   4.6796313221E+01 +-    1.1293235127E+00   
v cent                         1.75000000E-02   8.4270905317E+01 +-    3.8603464252E+00   
v tau                          1.75000000E-02  -3.5787819429E+01 +-    7.8127733362E-01   
v sigma                        1.75000000E-02   1.0488025380E+01 +-    2.5330362424E-01   
v sigtau                       1.75000000E-02  -7.0710315444E+01 +-    1.4227893251E+00   
v tensor                       1.75000000E-02  -1.2922750645E+01 +-    4.0532908080E-01   
v tenstau                      1.75000000E-02  -1.4517993346E+01 +-    2.9958837778E+00   
v ls                           1.75000000E-02   0.0000000000E+00 +-    0.0000000000E+00   
v lstau                        1.75000000E-02   0.0000000000E+00 +-    0.0000000000E+00   
vpot v6                        1.75000000E-02  -3.9179948166E+01 +-    2.5055382201E+00   
vpot v8                        1.75000000E-02  -3.9179948166E+01 +-    2.5055382201E+00   
v coulomb                      1.75000000E-02   8.0664677928E-01 +-    4.7875539730E-03   
v external                     1.75000000E-02   0.0000000000E+00 +-    0.0000000000E+00   
tni 2pipr-anticomm             1.75000000E-02   0.0000000000E+00 +-    0.0000000000E+00   
tni vd1pr                      1.75000000E-02   0.0000000000E+00 +-    0.0000000000E+00   
tni vepr                       1.75000000E-02   0.0000000000E+00 +-    0.0000000000E+00   
tni central                    1.75000000E-02   0.0000000000E+00 +-    0.0000000000E+00   
tni 2pixx-anticommutator       1.75000000E-02   0.0000000000E+00 +-    0.0000000000E+00   
tni 2pixd-anticommutator       1.75000000E-02   0.0000000000E+00 +-    0.0000000000E+00   
tni 2pidd-anticommutator       1.75000000E-02   0.0000000000E+00 +-    0.0000000000E+00   
tni 2pixx-commutator           1.75000000E-02   0.0000000000E+00 +-    0.0000000000E+00   
tni 2pixd-commutator           1.75000000E-02   0.0000000000E+00 +-    0.0000000000E+00   
tni 2pidd-commutator           1.75000000E-02   0.0000000000E+00 +-    0.0000000000E+00   
tni 2pi-tm                     1.75000000E-02   0.0000000000E+00 +-    0.0000000000E+00   
tni vd1                        1.75000000E-02   0.0000000000E+00 +-    0.0000000000E+00   
tni vd2                        1.75000000E-02   0.0000000000E+00 +-    0.0000000000E+00   
tni ve                         1.75000000E-02   0.0000000000E+00 +-    0.0000000000E+00   
vpottot v8+tni                 1.75000000E-02  -3.9179948166E+01 +-    2.5055382201E+00   
enetot v8+tni                  1.75000000E-02  -4.6381441314E+01 +-    8.9462816598E-01   
vper cent                      1.75000000E-02   8.4270905317E+01 +-    3.8603464252E+00   
vper tau                       1.75000000E-02  -3.5787819429E+01 +-    7.8127733362E-01   
vper sigma                     1.75000000E-02   1.0488025380E+01 +-    2.5330362424E-01   
vper sigtau                    1.75000000E-02  -7.0710315444E+01 +-    1.4227893251E+00   
vper tensor                    1.75000000E-02  -1.2922750645E+01 +-    4.0532908080E-01   
vper tenstau                   1.75000000E-02  -1.4517993346E+01 +-    2.9958837778E+00   
vper ls                        1.75000000E-02   0.0000000000E+00 +-    0.0000000000E+00   
vper lstau                     1.75000000E-02   0.0000000000E+00 +-    0.0000000000E+00   
vpotper v6                     1.75000000E-02  -3.9179948166E+01 +-    2.5055382201E+00   
vpotper v8                     1.75000000E-02  -3.9179948166E+01 +-    2.5055382201E+00   
vpotv6pr-vpotv6per diff        1.75000000E-02   0.0000000000E+00 +-    0.0000000000E+00   
vpotv8pr-vpotv8per diff        1.75000000E-02   0.0000000000E+00 +-    0.0000000000E+00   
2piapr-2pia diff               1.75000000E-02   0.0000000000E+00 +-    0.0000000000E+00   
vd1pr-vd1 diff                 1.75000000E-02   0.0000000000E+00 +-    0.0000000000E+00   
vepr-ve diff                   1.75000000E-02   0.0000000000E+00 +-    0.0000000000E+00   
diff1 2piapr-2pia-2picxx       1.75000000E-02   0.0000000000E+00 +-    0.0000000000E+00   
diff2 vd1pr-vd1-2picxd         1.75000000E-02   0.0000000000E+00 +-    0.0000000000E+00   
diff3 vepr-ve-2picdd           1.75000000E-02   0.0000000000E+00 +-    0.0000000000E+00   
sum diff1+dif2+diff3           1.75000000E-02   0.0000000000E+00 +-    0.0000000000E+00   
proton rms                     1.75000000E-02   1.6281606458E+00 +-    1.4541804005E-02   
neutron rms                    1.75000000E-02   2.3208947581E+00 +-    1.4967789655E-02   
total rms                      1.75000000E-02   1.9579596667E+00 +-    1.0733065807E-02   
neutron-proton rms             1.75000000E-02   6.9273411234E-01 +-    1.6651840497E-02   
GT sigXtau+                    1.75000000E-02  -1.3594087994E-03 +-    4.6877001478E-05   
GT sigYtau+                    1.75000000E-02  -5.6732267303E-04 +-    1.6198037585E-05   
GT sigZtau+                    1.75000000E-02   1.2937589297E-03 +-    6.1805638928E-05   
GT sigXtau-                    1.75000000E-02   2.3357079862E-04 +-    2.8092732381E-05   
GT sigYtau-                    1.75000000E-02   1.8099533105E-04 +-    4.6298020823E-05   
GT sigZtau-                    1.75000000E-02  -7.5818190765E-04 +-    5.5283530320E-05   
F tau+                         1.75000000E-02   4.4132177183E-18 +-    3.9092551314E-19   
F tau-                         1.75000000E-02   7.2010112746E-19 +-    2.4193377099E-19   
Psi**2                         1.75000000E-02  -5.5784906100E-05 +-    2.3180322185E-06   
single crossing/step           1.75000000E-02   7.4853429078E-03 +-    4.1088318400E-05   
global crossing/step           1.75000000E-02   7.3144571195E-03 +-    8.1240192925E-05   
energy numerator(real)         1.75000000E-02  -1.5768389113E+00 +-    9.2275916867E-01   
denominator psit/psigi(real)   1.75000000E-02   2.6694576208E-02 +-    1.3571877706E-02   
energy numerator(aimag)        1.75000000E-02  -1.1841393718E+00 +-    6.6394173713E-01   
denominator psit/psigi(aimag)  1.75000000E-02   3.1683245357E-02 +-    9.3259417697E-03   
growth(lin dt) energy          1.75000000E-02  -2.3536343854E+02 +-    5.5326421873E+00   
growth(global) energy          1.75000000E-02  -2.5066045054E+02 +-    1.1905570727E+01
growth energy                  1.75000000E-02  -2.3514820523E+02 +-    5.5141518993E+00
Time for propagation (sec) (min) =          21.989      0.366
Time for energies (sec) (min) =              0.760      0.013
Time for load balancing (sec) (min) =        0.028      0.000
Time for block (sec) (min) =                23.276      0.388
Time for operators (sec) (min) =             0.026      0.000
Elapsed block time (sec) (min) =           159.215      2.654
 
 walkers multiplicity, block, total
   0          54335         349321
   1        1016261        6927644
   2          53261         344552
   3            322           2378
   4             65            391
   5             20            137
   6              7             53
   7              3             38
   8              1             12
   9              1             10
  10              0              7
  11              1              4
  12              0              2
  13              0              3
  14              0              2
  20              0              3
 
 

iteration =                               8
walker number =                       10924
total energy-propagated        2.00000000E-02  -2.8777940297E+01 +-    1.0707801230E+00   
kinetic energy                 2.00000000E-02  -2.2599522259E+02 +-    2.2851576355E+00   
potential energy               2.00000000E-02   1.9721728229E+02 +-    2.9825618281E+00   
im energy                      2.00000000E-02  -2.8477147793E+01 +-    8.8065451496E-01   
imkin energy                   2.00000000E-02   6.4175801251E+01 +-    1.9192495853E+00   
impot energy                   2.00000000E-02  -9.2652949044E+01 +-    1.6198114167E+00   
v cent                         2.00000000E-02   6.4103718828E+01 +-    4.4445677113E+00   
v tau                          2.00000000E-02   8.4405164218E+00 +-    9.8438040954E-01   
v sigma                        2.00000000E-02  -4.4845263391E+01 +-    5.6563227471E-01   
v sigtau                       2.00000000E-02  -4.4259435482E+01 +-    1.1067773504E+00   
v tensor                       2.00000000E-02  -3.3999025882E+00 +-    3.7100762394E-01   
v tenstau                      2.00000000E-02   2.1717764850E+02 +-    2.2796474425E+00   
v ls                           2.00000000E-02   0.0000000000E+00 +-    0.0000000000E+00   
v lstau                        2.00000000E-02   0.0000000000E+00 +-    0.0000000000E+00   
vpot v6                        2.00000000E-02   1.9721728229E+02 +-    2.9825618281E+00   
vpot v8                        2.00000000E-02   1.9721728229E+02 +-    2.9825618281E+00   
v coulomb                      2.00000000E-02   1.1067431436E+00 +-    6.3590946033E-03   
v external                     2.00000000E-02   0.0000000000E+00 +-    0.0000000000E+00   
tni 2pipr-anticomm             2.00000000E-02   0.0000000000E+00 +-    0.0000000000E+00   
tni vd1pr                      2.00000000E-02   0.0000000000E+00 +-    0.0000000000E+00   
tni vepr                       2.00000000E-02   0.0000000000E+00 +-    0.0000000000E+00   
tni central                    2.00000000E-02   0.0000000000E+00 +-    0.0000000000E+00   
tni 2pixx-anticommutator       2.00000000E-02   0.0000000000E+00 +-    0.0000000000E+00   
tni 2pixd-anticommutator       2.00000000E-02   0.0000000000E+00 +-    0.0000000000E+00   
tni 2pidd-anticommutator       2.00000000E-02   0.0000000000E+00 +-    0.0000000000E+00   
tni 2pixx-commutator           2.00000000E-02   0.0000000000E+00 +-    0.0000000000E+00   
tni 2pixd-commutator           2.00000000E-02   0.0000000000E+00 +-    0.0000000000E+00   
tni 2pidd-commutator           2.00000000E-02   0.0000000000E+00 +-    0.0000000000E+00   
tni 2pi-tm                     2.00000000E-02   0.0000000000E+00 +-    0.0000000000E+00   
tni vd1                        2.00000000E-02   0.0000000000E+00 +-    0.0000000000E+00   
tni vd2                        2.00000000E-02   0.0000000000E+00 +-    0.0000000000E+00   
tni ve                         2.00000000E-02   0.0000000000E+00 +-    0.0000000000E+00   
vpottot v8+tni                 2.00000000E-02   1.9721728229E+02 +-    2.9825618281E+00   
enetot v8+tni                  2.00000000E-02  -2.8777940297E+01 +-    1.0707801230E+00   
vper cent                      2.00000000E-02   6.4103718828E+01 +-    4.4445677113E+00   
vper tau                       2.00000000E-02   8.4405164218E+00 +-    9.8438040954E-01   
vper sigma                     2.00000000E-02  -4.4845263391E+01 +-    5.6563227471E-01   
vper sigtau                    2.00000000E-02  -4.4259435482E+01 +-    1.1067773504E+00   
vper tensor                    2.00000000E-02  -3.3999025882E+00 +-    3.7100762394E-01   
vper tenstau                   2.00000000E-02   2.1717764850E+02 +-    2.2796474425E+00   
vper ls                        2.00000000E-02   0.0000000000E+00 +-    0.0000000000E+00   
vper lstau                     2.00000000E-02   0.0000000000E+00 +-    0.0000000000E+00   
vpotper v6                     2.00000000E-02   1.9721728229E+02 +-    2.9825618281E+00   
vpotper v8                     2.00000000E-02   1.9721728229E+02 +-    2.9825618281E+00   
vpotv6pr-vpotv6per diff        2.00000000E-02   0.0000000000E+00 +-    0.0000000000E+00   
vpotv8pr-vpotv8per diff        2.00000000E-02   0.0000000000E+00 +-    0.0000000000E+00   
2piapr-2pia diff               2.00000000E-02   0.0000000000E+00 +-    0.0000000000E+00   
vd1pr-vd1 diff                 2.00000000E-02   0.0000000000E+00 +-    0.0000000000E+00   
vepr-ve diff                   2.00000000E-02   0.0000000000E+00 +-    0.0000000000E+00   
diff1 2piapr-2pia-2picxx       2.00000000E-02   0.0000000000E+00 +-    0.0000000000E+00   
diff2 vd1pr-vd1-2picxd         2.00000000E-02   0.0000000000E+00 +-    0.0000000000E+00   
diff3 vepr-ve-2picdd           2.00000000E-02   0.0000000000E+00 +-    0.0000000000E+00   
sum diff1+dif2+diff3           2.00000000E-02   0.0000000000E+00 +-    0.0000000000E+00   
proton rms                     2.00000000E-02   3.8671319519E-01 +-    2.2057524894E-02   
neutron rms                    2.00000000E-02   1.2019655926E+00 +-    1.0936505303E-02   
total rms                      2.00000000E-02   8.8498475663E-01 +-    1.3216408572E-02   
neutron-proton rms             2.00000000E-02   8.1525239741E-01 +-    2.2671183927E-02   
GT sigXtau+                    2.00000000E-02   4.1541618439E-03 +-    3.4733071526E-05   
GT sigYtau+                    2.00000000E-02  -1.4397076815E-03 +-    7.7401405464E-05   
GT sigZtau+                    2.00000000E-02  -2.3078483729E-03 +-    4.2311642357E-05   
GT sigXtau-                    2.00000000E-02   6.9704305646E-03 +-    9.7713269028E-05   
GT sigYtau-                    2.00000000E-02  -2.5877092991E-03 +-    6.3524149678E-05   
GT sigZtau-                    2.00000000E-02  -1.1637968997E-04 +-    6.4358492076E-05   
F tau+                         2.00000000E-02   4.0931932107E-19 +-    6.1180610536E-20   
F tau-                         2.00000000E-02  -2.6694065534E-18 +-    9.0561341781E-20   
Psi**2                         2.00000000E-02  -1.9724001878E-04 +-    3.9468462325E-06   
single crossing/step           2.00000000E-02   7.9123414496E-03 +-    4.2488908499E-05   
global crossing/step           2.00000000E-02   7.7173157099E-03 +-    8.3932252117E-05   
energy numerator(real)         2.00000000E-02  -1.4396765224E+00 +-    9.1163449318E-01   
denominator psit/psigi(real)   2.00000000E-02   1.4024660466E-02 +-    1.3657345436E-02   
energy numerator(aimag)        2.00000000E-02  -3.9935684524E-01 +-    6.3258385022E-01   
denominator psit/psigi(aimag)  2.00000000E-02  -1.6578759572E-02 +-    9.3561886050E-03   
growth(lin dt) energy          2.00000000E-02  -2.5928772418E+02 +-    5.8630470620E+00   
growth(global) energy          2.00000000E-02  -2.5989381983E+02 +-    1.2674053933E+01
growth energy                  2.00000000E-02  -2.5898707358E+02 +-    5.8399472708E+00
Time for propagation (sec) (min) =          21.729      0.362
Time for energies (sec) (min) =              0.766      0.013
Time for load balancing (sec) (min) =        0.027      0.000
Time for block (sec) (min) =                22.997      0.383
Time for operators (sec) (min) =             0.014      0.000
Elapsed block time (sec) (min) =           182.226      3.037
 
 walkers multiplicity, block, total
   0          55447         404768
   1        1000950        7928594
   2          54169         398721
   3            450           2828
   4             69            460
   5             21            158
   6              8             61
   7              5             43
   8              4             16
   9              3             13
  10              1              8
  11              1              5
  12              2              4
  13              0              3
  14              0              2
  15              1              1
  20              0              3
 
 

iteration =                               9
walker number =                       11864
total energy-propagated        2.25000000E-02  -7.0277726824E+01 +-    1.4287039309E+00   
kinetic energy                 2.25000000E-02  -2.4252377582E+01 +-    3.5302656458E+00   
potential energy               2.25000000E-02  -4.6025349242E+01 +-    3.1594994573E+00   
im energy                      2.25000000E-02  -4.8348187272E+01 +-    6.5709487604E-01   
imkin energy                   2.25000000E-02  -8.3805795366E+01 +-    2.5612888075E+00   
impot energy                   2.25000000E-02   3.5457608093E+01 +-    2.1294985852E+00   
v cent                         2.25000000E-02   6.7947790094E+01 +-    3.0037872365E+00   
v tau                          2.25000000E-02   1.4513857292E+01 +-    9.5816662340E-01   
v sigma                        2.25000000E-02  -4.8431261097E+01 +-    8.1082204927E-01   
v sigtau                       2.25000000E-02  -8.5258984077E+01 +-    5.5798567206E-01   
v tensor                       2.25000000E-02  -1.7839084589E+01 +-    6.3205696223E-01   
v tenstau                      2.25000000E-02   2.3042333135E+01 +-    3.3896244181E+00   
v ls                           2.25000000E-02   0.0000000000E+00 +-    0.0000000000E+00   
v lstau                        2.25000000E-02   0.0000000000E+00 +-    0.0000000000E+00   
vpot v6                        2.25000000E-02  -4.6025349242E+01 +-    3.1594994573E+00   
vpot v8                        2.25000000E-02  -4.6025349242E+01 +-    3.1594994573E+00   
v coulomb                      2.25000000E-02   1.0887486672E+00 +-    7.6163845076E-03   
v external                     2.25000000E-02   0.0000000000E+00 +-    0.0000000000E+00   
tni 2pipr-anticomm             2.25000000E-02   0.0000000000E+00 +-    0.0000000000E+00   
tni vd1pr                      2.25000000E-02   0.0000000000E+00 +-    0.0000000000E+00   
tni vepr                       2.25000000E-02   0.0000000000E+00 +-    0.0000000000E+00   
tni central                    2.25000000E-02   0.0000000000E+00 +-    0.0000000000E+00   
tni 2pixx-anticommutator       2.25000000E-02   0.0000000000E+00 +-    0.0000000000E+00   
tni 2pixd-anticommutator       2.25000000E-02   0.0000000000E+00 +-    0.0000000000E+00   
tni 2pidd-anticommutator       2.25000000E-02   0.0000000000E+00 +-    0.0000000000E+00   
tni 2pixx-commutator           2.25000000E-02   0.0000000000E+00 +-    0.0000000000E+00   
tni 2pixd-commutator           2.25000000E-02   0.0000000000E+00 +-    0.0000000000E+00   
tni 2pidd-commutator           2.25000000E-02   0.0000000000E+00 +-    0.0000000000E+00   
tni 2pi-tm                     2.25000000E-02   0.0000000000E+00 +-    0.0000000000E+00   
tni vd1                        2.25000000E-02   0.0000000000E+00 +-    0.0000000000E+00   
tni vd2                        2.25000000E-02   0.0000000000E+00 +-    0.0000000000E+00   
tni ve                         2.25000000E-02   0.0000000000E+00 +-    0.0000000000E+00   
vpottot v8+tni                 2.25000000E-02  -4.6025349242E+01 +-    3.1594994573E+00   
enetot v8+tni                  2.25000000E-02  -7.0277726824E+01 +-    1.4287039309E+00   
vper cent                      2.25000000E-02   6.7947790094E+01 +-    3.0037872365E+00   
vper tau                       2.25000000E-02   1.4513857292E+01 +-    9.5816662340E-01   
vper sigma                     2.25000000E-02  -4.8431261097E+01 +-    8.1082204927E-01   
vper sigtau                    2.25000000E-02  -8.5258984077E+01 +-    5.5798567206E-01   
vper tensor                    2.25000000E-02  -1.7839084589E+01 +-    6.3205696223E-01   
vper tenstau                   2.25000000E-02   2.3042333135E+01 +-    3.3896244181E+00   
vper ls                        2.25000000E-02   0.0000000000E+00 +-    0.0000000000E+00   
vper lstau                     2.25000000E-02   0.0000000000E+00 +-    0.0000000000E+00   
vpotper v6                     2.25000000E-02  -4.6025349242E+01 +-    3.1594994573E+00   
vpotper v8                     2.25000000E-02  -4.6025349242E+01 +-    3.1594994573E+00   
vpotv6pr-vpotv6per diff        2.25000000E-02   0.0000000000E+00 +-    0.0000000000E+00   
vpotv8pr-vpotv8per diff        2.25000000E-02   0.0000000000E+00 +-    0.0000000000E+00   
2piapr-2pia diff               2.25000000E-02   0.0000000000E+00 +-    0.0000000000E+00   
vd1pr-vd1 diff                 2.25000000E-02   0.0000000000E+00 +-    0.0000000000E+00   
vepr-ve diff                   2.25000000E-02   0.0000000000E+00 +-    0.0000000000E+00   
diff1 2piapr-2pia-2picxx       2.25000000E-02   0.0000000000E+00 +-    0.0000000000E+00   
diff2 vd1pr-vd1-2picxd         2.25000000E-02   0.0000000000E+00 +-    0.0000000000E+00   
diff3 vepr-ve-2picdd           2.25000000E-02   0.0000000000E+00 +-    0.0000000000E+00   
sum diff1+dif2+diff3           2.25000000E-02   0.0000000000E+00 +-    0.0000000000E+00   
proton rms                     2.25000000E-02   1.5451216121E+00 +-    1.7559997084E-02   
neutron rms                    2.25000000E-02   2.3370185391E+00 +-    1.0620957447E-02   
total rms                      2.25000000E-02   1.8865264972E+00 +-    8.3421636430E-03   
neutron-proton rms             2.25000000E-02   7.9189692703E-01 +-    2.9518678542E-02   
GT sigXtau+                    2.25000000E-02   2.2660710001E-04 +-    2.9614697872E-05   
GT sigYtau+                    2.25000000E-02  -8.8791334816E-04 +-    3.4585228392E-05   
GT sigZtau+                    2.25000000E-02   2.1639327323E-03 +-    4.6628954144E-05   
GT sigXtau-                    2.25000000E-02  -4.6702388137E-04 +-    1.9615420396E-05   
GT sigYtau-                    2.25000000E-02  -5.8361721904E-04 +-    3.8833804820E-05   
GT sigZtau-                    2.25000000E-02  -7.5166574772E-04 +-    4.1210303865E-05   
F tau+                         2.25000000E-02   7.7212537460E-19 +-    6.0596794462E-20   
F tau-                         2.25000000E-02  -5.5319605821E-19 +-    8.8995813785E-20   
Psi**2                         2.25000000E-02  -5.4843433702E-05 +-    1.7354527976E-06   
single crossing/step           2.25000000E-02   8.3797489476E-03 +-    4.3403621741E-05   
global crossing/step           2.25000000E-02   8.2296652453E-03 +-    8.6032869817E-05   
energy numerator(real)         2.25000000E-02  -2.8874172469E+00 +-    9.8752223389E-01   
denominator psit/psigi(real)   2.25000000E-02   3.6507068884E-02 +-    1.3267115898E-02   
energy numerator(aimag)        2.25000000E-02  -2.0416343945E+00 +-    7.1151902066E-01   
denominator psit/psigi(aimag)  2.25000000E-02  -4.9204968364E-03 +-    9.1789470862E-03   
growth(lin dt) energy          2.25000000E-02  -2.7606327927E+02 +-    5.9140645746E+00   
growth(global) energy          2.25000000E-02  -2.8421074937E+02 +-    1.1685470244E+01
growth energy                  2.25000000E-02  -2.7569426497E+02 +-    5.8883002815E+00
Time for propagation (sec) (min) =          22.041      0.367
Time for energies (sec) (min) =              0.832      0.014
Time for load balancing (sec) (min) =        0.027      0.000
Time for block (sec) (min) =                23.417      0.390
Time for operators (sec) (min) =             0.017      0.000
Elapsed block time (sec) (min) =           205.668      3.428
 
 walkers multiplicity, block, total
   0          56529         461297
   1        1013690        8942284
   2          55916         454637
   3            513           3341
   4             82            542
   5             26            184
   6             13             74
   7              6             49
   8              1             17
   9              2             15
  10              1              9
  11              2              7
  12              0              4
  13              2              5
  14              0              2
  15              0              1
  20              0              3
 
 

iteration =                              10
walker number =                       10819
total energy-propagated        2.50000000E-02  -3.4050262656E+01 +-    8.7119484675E-01   
kinetic energy                 2.50000000E-02   1.8296581654E+02 +-    3.4511513611E+00   
potential energy               2.50000000E-02  -2.1701607920E+02 +-    3.2495578613E+00   
im energy                      2.50000000E-02   8.1172897162E-01 +-    5.0063609693E-01   
imkin energy                   2.50000000E-02   2.0070325354E+01 +-    1.0646199992E+00   
impot energy                   2.50000000E-02  -1.9258596382E+01 +-    1.0324493714E+00   
v cent                         2.50000000E-02   9.6642073940E+01 +-    3.4039955224E+00   
v tau                          2.50000000E-02  -3.8371392684E+01 +-    4.8194196045E-01   
v sigma                        2.50000000E-02  -1.1401785027E+01 +-    5.6477128947E-01   
v sigtau                       2.50000000E-02  -1.5452295678E+02 +-    7.5858466215E-01   
v tensor                       2.50000000E-02   8.1773332981E+00 +-    4.2764642893E-01   
v tenstau                      2.50000000E-02  -1.1753935195E+02 +-    2.4112436947E+00   
v ls                           2.50000000E-02   0.0000000000E+00 +-    0.0000000000E+00   
v lstau                        2.50000000E-02   0.0000000000E+00 +-    0.0000000000E+00   
vpot v6                        2.50000000E-02  -2.1701607920E+02 +-    3.2495578613E+00   
vpot v8                        2.50000000E-02  -2.1701607920E+02 +-    3.2495578613E+00   
v coulomb                      2.50000000E-02   1.1471988651E+00 +-    5.1220312698E-03   
v external                     2.50000000E-02   0.0000000000E+00 +-    0.0000000000E+00   
tni 2pipr-anticomm             2.50000000E-02   0.0000000000E+00 +-    0.0000000000E+00   
tni vd1pr                      2.50000000E-02   0.0000000000E+00 +-    0.0000000000E+00   
tni vepr                       2.50000000E-02   0.0000000000E+00 +-    0.0000000000E+00   
tni central                    2.50000000E-02   0.0000000000E+00 +-    0.0000000000E+00   
tni 2pixx-anticommutator       2.50000000E-02   0.0000000000E+00 +-    0.0000000000E+00   
tni 2pixd-anticommutator       2.50000000E-02   0.0000000000E+00 +-    0.0000000000E+00   
tni 2pidd-anticommutator       2.50000000E-02   0.0000000000E+00 +-    0.0000000000E+00   
tni 2pixx-commutator           2.50000000E-02   0.0000000000E+00 +-    0.0000000000E+00   
tni 2pixd-commutator           2.50000000E-02   0.0000000000E+00 +-    0.0000000000E+00   
tni 2pidd-commutator           2.50000000E-02   0.0000000000E+00 +-    0.0000000000E+00   
tni 2pi-tm                     2.50000000E-02   0.0000000000E+00 +-    0.0000000000E+00   
tni vd1                        2.50000000E-02   0.0000000000E+00 +-    0.0000000000E+00   
tni vd2                        2.50000000E-02   0.0000000000E+00 +-    0.0000000000E+00   
tni ve                         2.50000000E-02   0.0000000000E+00 +-    0.0000000000E+00   
vpottot v8+tni                 2.50000000E-02  -2.1701607920E+02 +-    3.2495578613E+00   
enetot v8+tni                  2.50000000E-02  -3.4050262656E+01 +-    8.7119484675E-01   
vper cent                      2.50000000E-02   9.6642073940E+01 +-    3.4039955224E+00   
vper tau                       2.50000000E-02  -3.8371392684E+01 +-    4.8194196045E-01   
vper sigma                     2.50000000E-02  -1.1401785027E+01 +-    5.6477128947E-01   
vper sigtau                    2.50000000E-02  -1.5452295678E+02 +-    7.5858466215E-01   
vper tensor                    2.50000000E-02   8.1773332981E+00 +-    4.2764642893E-01   
vper tenstau                   2.50000000E-02  -1.1753935195E+02 +-    2.4112436947E+00   
vper ls                        2.50000000E-02   0.0000000000E+00 +-    0.0000000000E+00   
vper lstau                     2.50000000E-02   0.0000000000E+00 +-    0.0000000000E+00   
vpotper v6                     2.50000000E-02  -2.1701607920E+02 +-    3.2495578613E+00   
vpotper v8                     2.50000000E-02  -2.1701607920E+02 +-    3.2495578613E+00   
vpotv6pr-vpotv6per diff        2.50000000E-02   0.0000000000E+00 +-    0.0000000000E+00   
vpotv8pr-vpotv8per diff        2.50000000E-02   0.0000000000E+00 +-    0.0000000000E+00   
2piapr-2pia diff               2.50000000E-02   0.0000000000E+00 +-    0.0000000000E+00   
vd1pr-vd1 diff                 2.50000000E-02   0.0000000000E+00 +-    0.0000000000E+00   
vepr-ve diff                   2.50000000E-02   0.0000000000E+00 +-    0.0000000000E+00   
diff1 2piapr-2pia-2picxx       2.50000000E-02   0.0000000000E+00 +-    0.0000000000E+00   
diff2 vd1pr-vd1-2picxd         2.50000000E-02   0.0000000000E+00 +-    0.0000000000E+00   
diff3 vepr-ve-2picdd           2.50000000E-02   0.0000000000E+00 +-    0.0000000000E+00   
sum diff1+dif2+diff3           2.50000000E-02   0.0000000000E+00 +-    0.0000000000E+00   
proton rms                     2.50000000E-02   7.1952204245E-01 +-    1.7529610294E-02   
neutron rms                    2.50000000E-02   1.0730474265E+00 +-    1.6289695878E-02   
total rms                      2.50000000E-02   9.0448648411E-01 +-    1.1748798222E-02   
neutron-proton rms             2.50000000E-02   3.5352538403E-01 +-    2.3306653631E-02   
GT sigXtau+                    2.50000000E-02   2.3419710423E-03 +-    5.8154952017E-05   
GT sigYtau+                    2.50000000E-02   1.9214242298E-03 +-    4.6487848131E-05   
GT sigZtau+                    2.50000000E-02   1.1536574185E-04 +-    5.9955700138E-05   
GT sigXtau-                    2.50000000E-02  -3.7428478468E-04 +-    4.8017896641E-05   
GT sigYtau-                    2.50000000E-02  -1.5456676415E-03 +-    5.6681645030E-05   
GT sigZtau-                    2.50000000E-02  -5.1149621819E-04 +-    5.2147636235E-05   
F tau+                         2.50000000E-02   1.2697915119E-18 +-    1.0644233666E-19   
F tau-                         2.50000000E-02   3.1355830881E-19 +-    1.2093348620E-19   
Psi**2                         2.50000000E-02   6.5446252384E-05 +-    1.5081102329E-06   
single crossing/step           2.50000000E-02   8.3171688455E-03 +-    4.3528293555E-05   
global crossing/step           2.50000000E-02   8.1439614956E-03 +-    8.6152851796E-05   
energy numerator(real)         2.50000000E-02  -4.8408690947E-01 +-    1.0742342654E+00   
denominator psit/psigi(real)   2.50000000E-02   2.2850646425E-02 +-    1.3886236221E-02   
energy numerator(aimag)        2.50000000E-02   1.9315960001E+00 +-    7.4178691430E-01   
denominator psit/psigi(aimag)  2.50000000E-02  -5.3005771900E-02 +-    9.4313614334E-03   
growth(lin dt) energy          2.50000000E-02  -2.7750814357E+02 +-    6.0617647054E+00   
growth(global) energy          2.50000000E-02  -2.9130887916E+02 +-    1.2553887451E+01
growth energy                  2.50000000E-02  -2.7713291482E+02 +-    6.0351288228E+00
Time for propagation (sec) (min) =          21.754      0.363
Time for energies (sec) (min) =              0.758      0.013
Time for load balancing (sec) (min) =        0.028      0.000
Time for block (sec) (min) =                23.011      0.384
Time for operators (sec) (min) =             0.019      0.000
Elapsed block time (sec) (min) =           228.697      3.812
 
 walkers multiplicity, block, total
   0          58930         520227
   1        1008450        9950734
   2          56420         511057
   3            467           3808
   4             95            637
   5             26            210
   6              7             81
   7              5             54
   8              2             19
   9              0             15
  10              0              9
  11              1              8
  12              0              4
  13              0              5
  14              0              2
  15              0              1
  16              1              1
  20              2              5
 
 

Time for steps      =     228.706 seconds,        3.812 minutes
Master Time for steps =     228.508 seconds,        3.808 minutes

Number of cpus =       100
Total job time =     233.773 seconds,        3.896 minutes,        0.065 hours
Total cpu-time =     389.622 minutes,        6.494 hours
Total time =         233.551 seconds,        3.893 minutes,        0.065 hours
Finished!
