Unconstrained Diffusion Monte Carlo Run -- no drift
!-!-!-!-!-!-!-!-!-!-!-!-!-!-!-!-!-!-!-!-!-!-!-!-!-!
MPI parameters:
Number of boss cpus =                         100
Number of worker cpus for each boss =           0
Total number of cpus =                        100
Simulation parameters:
random number seed =                          321
hbar^2/2m =                              20.73554
start from sites =                              F
nwalk =                                     10000
equilibration blocks =                          0
averaging blocks =                             10
nsteps/blocks =                               100
time step =                          0.0000250000
time step rotations (vmc) =          0.1700000000
trial energy =                          -26.00000
drift cutoff =                            0.00000
drastic population control up =           1.20000
drastic population control down =         0.80000
rebalance if walkers fluctuate more than   2.00 %
weight cut off =                         20.00000
table size =                                 8000
!-!-!-!-!-!-!-!-!-!-!-!-!-!-!-!-!-!-!-!-!-!-!-!-!-!
System parameters:
lpot =                                         11
lpotper =                                      11
potential  =                          argonne v6'
potentialpr =                         argonne v6'
Coulomb included in energy-propagation          F
multiply central v by =                   1.00000
multiply tau v by =                       1.00000
multiply sigma v by =                     1.00000
multiply sigma tau v by =                 1.00000
multiply tensor v by =                    1.00000
multiply tensor tau v by =                1.00000
multiply spin-orbit v by =                0.00000
multiply spin-orbit tau v by =            0.00000
three-body potential =                        no3
ibox (0 is nearest image) =                     0
!-!-!-!-!-!-!-!-!-!-!-!-!-!-!-!-!-!-!-!-!-!-!-!-!-!
propagate LS =                                  F
calculate LS =                                  F
type of correlations =           independent pair
scale orbital   1 with factor    1.14000
determinant # 1
coefficient                     1.00000   0.00000
1  1  0  1  alpha.orb    # 2J,2M,L,tau radial_file for state                    
1 -1  0  1  alpha.orb    # 2J,2M,L,tau radial_file for state                    
1  1  0 -1  alpha.orb    # 2J,2M,L,tau radial_file for state                    
1 -1  0 -1  alpha.orb    # 2J,2M,L,tau radial_file for state                    
rescaled coefficient            1.00000   0.00000
!-!-!-!-!-!-!-!-!-!-!-!-!-!-!-!-!-!-!-!-!-!-!-!-!-!
No external potential
!-!-!-!-!-!-!-!-!-!-!-!-!-!-!-!-!-!-!-!-!-!-!-!-!-!
rcut in pair sampling =                   1.00000
acut in pair sampling =                   5.00000
a constant in psig =                      0.20000
Number of protons =                             2
Number of neutrons =                            2
range of the potential =                 20.00000
!-!-!-!-!-!-!-!-!-!-!-!-!-!-!-!-!-!-!-!-!-!-!-!-!-!
do V3 =                                         F
three body force =                            no3
three body a2piPwa =                      0.000000000000000
three body a2piPwc =                      0.000000000000000
three body a2piSw =                       0.000000000000000
three body Vd,C,c3 =                      0.000000000000000
three body Ve,C,c3 =                      0.000000000000000
three body A_R =                          0.000000000000000
three body Vd1 =                          0.000000000000000
three body Vd2 =                          0.000000000000000
three body Ve =                           0.000000000000000
propagator: multiply the antic by =       0.000000000000000
propagator: multiply the Vd1 by =         0.000000000000000
propagator: multiply the Ve by =          0.000000000000000
propagator: three body a2piPW =           0.000000000000000
!-!-!-!-!-!-!-!-!-!-!-!-!-!-!-!-!-!-!-!-!-!-!-!-!-!
jastrow healing distance dc =             4.47768
jastrow healing distance dtn =           11.57317
jastrow rho =                             0.01000
potential quencher acn (v1) =             1.50851
potential quencher at  (v2) =             6.06936
potential quencher as  (v3) =             2.76780
potential quencher ast (v4) =             0.80880
potential quencher atn (v5) =             0.61864
potential quencher atn (v6) =             0.20141
potential quencher als (v7) =             0.00000
potential quencher alst (v8) =            0.00000
correlation quencher bt (f2) =            0.26685
correlation quencher bs (f3) =           -0.10565
correlation quencher bst (f4) =           0.42277
correlation quencher btn (f5) =           1.08683
correlation quencher btn (f6) =           4.44810
correlation quencher bls (f7) =           0.00000
correlation quencher blst (f8) =          0.00000
!-!-!-!-!-!-!-!-!-!-!-!-!-!-!-!-!-!-!-!-!-!-!-!-!-!
q1c parameter in f3c =                   12.87526
q2c parameter in f3c =                    1.60340
q1p parameter in f3p =                   -1.81620
q2p parameter in f3p =                    2.14789
!-!-!-!-!-!-!-!-!-!-!-!-!-!-!-!-!-!-!-!-!-!-!-!-!-!
rscal parameter in Uijk cent =            1.00000
rscal parameter in Uijk xpi =             1.00000
rscal parameter in Uijk delta =           1.00000
eps_c parameter in Uijk =                 0.00000
eps_anti parameter in Uijk =              0.00000
eps_tm parameter in Uijk =                0.00000
eps_vd1 parameter in Uijk =               0.00000
eps_vd2 parameter in Uijk =               0.00000
eps_vdc3 parameter in Uijk =              0.00000
eps_vec3 parameter in Uijk =              0.00000
eps_ve parameter in Uijk =                0.00000
eps_comm parameter in Uijk =              0.00000
eps_comm-XD parameter in Uijk =           0.00000
eps_comm-DD parameter in Uijk =           0.00000
TNI-comm correlation included =                 F
!-!-!-!-!-!-!-!-!-!-!-!-!-!-!-!-!-!-!-!-!-!-!-!-!-!
CSB correlation rscalpp =                 1.00000
CSB correlation rscalnn =                 1.00000
CSB correlation quencher pp =             0.00000
CSB correlation quencher nn =             0.00000
CSB correlation included =                      F
!-!-!-!-!-!-!-!-!-!-!-!-!-!-!-!-!-!-!-!-!-!-!-!-!-!
jastrow initialized
!-!-!-!-!-!-!-!-!-!-!-!-!-!-!-!-!-!-!-!-!-!-!-!-!-!
Symmetrize V6 in the propagator =               T
New propagation of Vlstau and commutator included!
Coulomb included in energy (and propag)         F
Initial walkers from file
Number of walkers =                          9012
Configurations at tau =              3.7375000000
Reset tau =                          0.0000000000
!-!-!-!-!-!-!-!-!-!-!-!-!-!-!-!-!-!-!-!-!-!-!-!-!-!
Time for reading configurations (sec.) =       0.75
!-!-!-!-!-!-!-!-!-!-!-!-!-!-!-!-!-!-!-!-!-!-!-!-!-!
Initial configurations:
total energy-propagated        0.00000000E+00  -2.6654715238E+01 +-    3.1019291283E-01   
kinetic energy                 0.00000000E+00   1.0622857425E+02 +-    1.5752906284E+00   
potential energy               0.00000000E+00  -1.3288328949E+02 +-    1.5436663428E+00   
v cent                         0.00000000E+00   1.2671402782E+01 +-    1.3840907841E+00   
v tau                          0.00000000E+00  -7.1147307956E+00 +-    2.1852517060E-01   
v sigma                        0.00000000E+00  -8.0644588303E+00 +-    2.2815623859E-01   
v sigtau                       0.00000000E+00  -5.8887001508E+01 +-    5.2192566788E-01   
v tensor                       0.00000000E+00   3.9119107752E-01 +-    1.1591094250E-01   
v tenstau                      0.00000000E+00  -7.1879692213E+01 +-    9.1095740871E-01   
v ls                           0.00000000E+00   0.0000000000E+00 +-    0.0000000000E+00   
v lstau                        0.00000000E+00   0.0000000000E+00 +-    0.0000000000E+00   
v coulomb                      0.00000000E+00   7.3508432541E-01 +-    2.7077960307E-03   
v external                     0.00000000E+00   0.0000000000E+00 +-    0.0000000000E+00   
tni 2pipr-anticomm             0.00000000E+00   0.0000000000E+00 +-    0.0000000000E+00   
tni vd1pr                      0.00000000E+00   0.0000000000E+00 +-    0.0000000000E+00   
tni vepr                       0.00000000E+00   0.0000000000E+00 +-    0.0000000000E+00   
tni central                    0.00000000E+00   0.0000000000E+00 +-    0.0000000000E+00   
tni 2pixx-anticommutator       0.00000000E+00   0.0000000000E+00 +-    0.0000000000E+00   
tni 2pixd-anticommutator       0.00000000E+00   0.0000000000E+00 +-    0.0000000000E+00   
tni 2pidd-anticommutator       0.00000000E+00   0.0000000000E+00 +-    0.0000000000E+00   
tni 2pixx-commutator           0.00000000E+00   0.0000000000E+00 +-    0.0000000000E+00   
tni 2pixd-commutator           0.00000000E+00   0.0000000000E+00 +-    0.0000000000E+00   
tni 2pidd-commutator           0.00000000E+00   0.0000000000E+00 +-    0.0000000000E+00   
tni 2pi-tm                     0.00000000E+00   0.0000000000E+00 +-    0.0000000000E+00   
tni vd1                        0.00000000E+00   0.0000000000E+00 +-    0.0000000000E+00   
tni vd2                        0.00000000E+00   0.0000000000E+00 +-    0.0000000000E+00   
tni ve                         0.00000000E+00   0.0000000000E+00 +-    0.0000000000E+00   
enetot v8+tni                  0.00000000E+00  -2.6654715238E+01 +-    3.1019291283E-01   
!-!-!-!-!-!-!-!-!-!-!-!-!-!-!-!-!-!-!-!-!-!-!-!-!-!
Psi**2 of initial configurations  =   0.2730586E-04  0.0000000E+00  +-    0.7059928E-06  0.0000000E+00
Psig**2 of initial configurations =   0.1781197E-04  0.0000000E+00  +-    0.5223962E-06  0.0000000E+00
!-!-!-!-!-!-!-!-!-!-!-!-!-!-!-!-!-!-!-!-!-!-!-!-!-!
T**2 of initial configurations  =  -0.1751168E-07 -0.3096824E-08
Tz of initial configurations    =  -0.2474509E-13 -0.2039817E-13
J**2 of initial configurations  =   0.3026228E-07 -0.3273263E-08
Jz of initial configurations    =   0.1242289E-13  0.6692813E-14
!-!-!-!-!-!-!-!-!-!-!-!-!-!-!-!-!-!-!-!-!-!-!-!-!-!
!-!-!-!-!-!-!-!-!-!-!-!-!-!-!-!-!-!-!-!-!-!-!-!-!-!
Time to process initial configurations (sec.) =       1.56
!-!-!-!-!-!-!-!-!-!-!-!-!-!-!-!-!-!-!-!-!-!-!-!-!-!

equilibration done

iteration =                               1
walker number =                       11371
total energy-propagated        2.50000000E-03  -2.6084440299E+01 +-    2.4908170132E-01   
kinetic energy                 2.50000000E-03   1.0906221233E+02 +-    1.3403593619E+00   
potential energy               2.50000000E-03  -1.3514665263E+02 +-    1.3384744787E+00   
im energy                      2.50000000E-03  -6.1022671103E-01 +-    1.8460265475E-01   
imkin energy                   2.50000000E-03   5.2082421811E-01 +-    3.0981696885E-01   
impot energy                   2.50000000E-03  -1.1310509291E+00 +-    3.2616506799E-01   
v cent                         2.50000000E-03   1.0663788384E+01 +-    1.2411930942E+00   
v tau                          2.50000000E-03  -7.3124461149E+00 +-    1.0949167488E-01   
v sigma                        2.50000000E-03  -8.2928605604E+00 +-    1.8983360433E-01   
v sigtau                       2.50000000E-03  -5.9528380381E+01 +-    4.5775768995E-01   
v tensor                       2.50000000E-03   9.6279746612E-01 +-    9.2448704174E-02   
v tenstau                      2.50000000E-03  -7.1639551426E+01 +-    7.5149340429E-01   
v ls                           2.50000000E-03   0.0000000000E+00 +-    0.0000000000E+00   
v lstau                        2.50000000E-03   0.0000000000E+00 +-    0.0000000000E+00   
vpot v6                        2.50000000E-03  -1.3514665263E+02 +-    1.3384744787E+00   
vpot v8                        2.50000000E-03  -1.3514665263E+02 +-    1.3384744787E+00   
v coulomb                      2.50000000E-03   7.3668781503E-01 +-    2.3411298813E-03   
v external                     2.50000000E-03   0.0000000000E+00 +-    0.0000000000E+00   
tni 2pipr-anticomm             2.50000000E-03   0.0000000000E+00 +-    0.0000000000E+00   
tni vd1pr                      2.50000000E-03   0.0000000000E+00 +-    0.0000000000E+00   
tni vepr                       2.50000000E-03   0.0000000000E+00 +-    0.0000000000E+00   
tni central                    2.50000000E-03   0.0000000000E+00 +-    0.0000000000E+00   
tni 2pixx-anticommutator       2.50000000E-03   0.0000000000E+00 +-    0.0000000000E+00   
tni 2pixd-anticommutator       2.50000000E-03   0.0000000000E+00 +-    0.0000000000E+00   
tni 2pidd-anticommutator       2.50000000E-03   0.0000000000E+00 +-    0.0000000000E+00   
tni 2pixx-commutator           2.50000000E-03   0.0000000000E+00 +-    0.0000000000E+00   
tni 2pixd-commutator           2.50000000E-03   0.0000000000E+00 +-    0.0000000000E+00   
tni 2pidd-commutator           2.50000000E-03   0.0000000000E+00 +-    0.0000000000E+00   
tni 2pi-tm                     2.50000000E-03   0.0000000000E+00 +-    0.0000000000E+00   
tni vd1                        2.50000000E-03   0.0000000000E+00 +-    0.0000000000E+00   
tni vd2                        2.50000000E-03   0.0000000000E+00 +-    0.0000000000E+00   
tni ve                         2.50000000E-03   0.0000000000E+00 +-    0.0000000000E+00   
vpottot v8+tni                 2.50000000E-03  -1.3514665263E+02 +-    1.3384744787E+00   
enetot v8+tni                  2.50000000E-03  -2.6084440299E+01 +-    2.4908170132E-01   
vper cent                      2.50000000E-03   1.0663788384E+01 +-    1.2411930942E+00   
vper tau                       2.50000000E-03  -7.3124461149E+00 +-    1.0949167488E-01   
vper sigma                     2.50000000E-03  -8.2928605604E+00 +-    1.8983360433E-01   
vper sigtau                    2.50000000E-03  -5.9528380381E+01 +-    4.5775768995E-01   
vper tensor                    2.50000000E-03   9.6279746612E-01 +-    9.2448704174E-02   
vper tenstau                   2.50000000E-03  -7.1639551426E+01 +-    7.5149340429E-01   
vper ls                        2.50000000E-03   0.0000000000E+00 +-    0.0000000000E+00   
vper lstau                     2.50000000E-03   0.0000000000E+00 +-    0.0000000000E+00   
vpotper v6                     2.50000000E-03  -1.3514665263E+02 +-    1.3384744787E+00   
vpotper v8                     2.50000000E-03  -1.3514665263E+02 +-    1.3384744787E+00   
vpotv6pr-vpotv6per diff        2.50000000E-03   0.0000000000E+00 +-    0.0000000000E+00   
vpotv8pr-vpotv8per diff        2.50000000E-03   0.0000000000E+00 +-    0.0000000000E+00   
2piapr-2pia diff               2.50000000E-03   0.0000000000E+00 +-    0.0000000000E+00   
vd1pr-vd1 diff                 2.50000000E-03   0.0000000000E+00 +-    0.0000000000E+00   
vepr-ve diff                   2.50000000E-03   0.0000000000E+00 +-    0.0000000000E+00   
diff1 2piapr-2pia-2picxx       2.50000000E-03   0.0000000000E+00 +-    0.0000000000E+00   
diff2 vd1pr-vd1-2picxd         2.50000000E-03   0.0000000000E+00 +-    0.0000000000E+00   
diff3 vepr-ve-2picdd           2.50000000E-03   0.0000000000E+00 +-    0.0000000000E+00   
sum diff1+dif2+diff3           2.50000000E-03   0.0000000000E+00 +-    0.0000000000E+00   
proton rms                     2.50000000E-03   2.0905452314E+00 +-    1.1643546779E-02   
neutron rms                    2.50000000E-03   2.0869751876E+00 +-    1.1788931469E-02   
total rms                      2.50000000E-03   2.0875295753E+00 +-    1.0555797125E-02   
neutron-proton rms             2.50000000E-03  -3.5700438355E-03 +-    1.0120980465E-02   
GT sigXtau+                    2.50000000E-03  -5.4352583146E-05 +-    2.1275450304E-05   
GT sigYtau+                    2.50000000E-03   1.0767222192E-04 +-    2.1351002576E-05   
GT sigZtau+                    2.50000000E-03  -7.0667136125E-05 +-    2.0898569848E-05   
GT sigXtau-                    2.50000000E-03  -3.8281696216E-05 +-    2.0692150306E-05   
GT sigYtau-                    2.50000000E-03   1.8406502072E-05 +-    2.0678990797E-05   
GT sigZtau-                    2.50000000E-03  -3.6316063982E-05 +-    1.9760285495E-05   
F tau+                         2.50000000E-03   4.3932077878E-20 +-    3.8256050021E-20   
F tau-                         2.50000000E-03  -1.0428398091E-19 +-    3.7935957614E-20   
Psi**2                         2.50000000E-03   2.5827569977E-05 +-    5.7182605442E-07   
single crossing/step           2.50000000E-03   8.0453064016E-03 +-    4.4798947559E-05   
global crossing/step           2.50000000E-03   7.9074960769E-03 +-    8.8833376787E-05   
energy numerator(real)         2.50000000E-03  -2.6949875785E+01 +-    6.6769677495E-01   
denominator psit/psigi(real)   2.50000000E-03   1.0334399697E+00 +-    1.0843112906E-02   
energy numerator(aimag)        2.50000000E-03  -1.0595118848E+00 +-    4.5668058452E-01   
denominator psit/psigi(aimag)  2.50000000E-03   8.3940995801E-03 +-    7.0804642344E-03   
growth(lin dt) energy          2.50000000E-03  -1.8746975093E+02 +-    4.7900123510E+00   
growth(global) energy          2.50000000E-03  -1.9721317864E+02 +-    1.2952678187E+01
growth energy                  2.50000000E-03  -1.8738278191E+02 +-    4.7797520505E+00
Time for propagation (sec) (min) =          19.868      0.331
Time for energies (sec) (min) =              0.797      0.013
Time for load balancing (sec) (min) =        0.060      0.001
Time for block (sec) (min) =                21.516      0.359
Time for operators (sec) (min) =             0.019      0.000
Elapsed block time (sec) (min) =            21.537      0.359
 
 walkers multiplicity, block, total
   0          37495          37495
   1         917024         917024
   2          39430          39430
   3            131            131
   4             25             25
   5              8              8
   6              3              3
   7              0              0
   8              1              1
   9              1              1
  10              1              1
  17              1              1
 
 

iteration =                               2
walker number =                       10945
total energy-propagated        5.00000000E-03  -2.7128805154E+01 +-    3.6324705017E-01   
kinetic energy                 5.00000000E-03   9.5196759807E+01 +-    1.2998648500E+00   
potential energy               5.00000000E-03  -1.2232556496E+02 +-    1.3030181889E+00   
im energy                      5.00000000E-03  -2.0842846991E-01 +-    2.2860142574E-01   
imkin energy                   5.00000000E-03  -9.9268138357E-01 +-    1.3220207355E+00   
impot energy                   5.00000000E-03   7.8425291365E-01 +-    1.0690165108E+00   
v cent                         5.00000000E-03   2.4898030085E+01 +-    1.6515842825E+00   
v tau                          5.00000000E-03  -7.9617976096E+00 +-    2.6041178948E-01   
v sigma                        5.00000000E-03  -9.4913937219E+00 +-    2.1354528195E-01   
v sigtau                       5.00000000E-03  -5.9803338507E+01 +-    5.0062847150E-01   
v tensor                       5.00000000E-03   5.6365859926E-01 +-    1.7893508229E-01   
v tenstau                      5.00000000E-03  -7.0530723806E+01 +-    9.2396852942E-01   
v ls                           5.00000000E-03   0.0000000000E+00 +-    0.0000000000E+00   
v lstau                        5.00000000E-03   0.0000000000E+00 +-    0.0000000000E+00   
vpot v6                        5.00000000E-03  -1.2232556496E+02 +-    1.3030181889E+00   
vpot v8                        5.00000000E-03  -1.2232556496E+02 +-    1.3030181889E+00   
v coulomb                      5.00000000E-03   7.4585953297E-01 +-    2.3795171637E-03   
v external                     5.00000000E-03   0.0000000000E+00 +-    0.0000000000E+00   
tni 2pipr-anticomm             5.00000000E-03   0.0000000000E+00 +-    0.0000000000E+00   
tni vd1pr                      5.00000000E-03   0.0000000000E+00 +-    0.0000000000E+00   
tni vepr                       5.00000000E-03   0.0000000000E+00 +-    0.0000000000E+00   
tni central                    5.00000000E-03   0.0000000000E+00 +-    0.0000000000E+00   
tni 2pixx-anticommutator       5.00000000E-03   0.0000000000E+00 +-    0.0000000000E+00   
tni 2pixd-anticommutator       5.00000000E-03   0.0000000000E+00 +-    0.0000000000E+00   
tni 2pidd-anticommutator       5.00000000E-03   0.0000000000E+00 +-    0.0000000000E+00   
tni 2pixx-commutator           5.00000000E-03   0.0000000000E+00 +-    0.0000000000E+00   
tni 2pixd-commutator           5.00000000E-03   0.0000000000E+00 +-    0.0000000000E+00   
tni 2pidd-commutator           5.00000000E-03   0.0000000000E+00 +-    0.0000000000E+00   
tni 2pi-tm                     5.00000000E-03   0.0000000000E+00 +-    0.0000000000E+00   
tni vd1                        5.00000000E-03   0.0000000000E+00 +-    0.0000000000E+00   
tni vd2                        5.00000000E-03   0.0000000000E+00 +-    0.0000000000E+00   
tni ve                         5.00000000E-03   0.0000000000E+00 +-    0.0000000000E+00   
vpottot v8+tni                 5.00000000E-03  -1.2232556496E+02 +-    1.3030181889E+00   
enetot v8+tni                  5.00000000E-03  -2.7128805154E+01 +-    3.6324705017E-01   
vper cent                      5.00000000E-03   2.4898030085E+01 +-    1.6515842825E+00   
vper tau                       5.00000000E-03  -7.9617976096E+00 +-    2.6041178948E-01   
vper sigma                     5.00000000E-03  -9.4913937219E+00 +-    2.1354528195E-01   
vper sigtau                    5.00000000E-03  -5.9803338507E+01 +-    5.0062847150E-01   
vper tensor                    5.00000000E-03   5.6365859926E-01 +-    1.7893508229E-01   
vper tenstau                   5.00000000E-03  -7.0530723806E+01 +-    9.2396852942E-01   
vper ls                        5.00000000E-03   0.0000000000E+00 +-    0.0000000000E+00   
vper lstau                     5.00000000E-03   0.0000000000E+00 +-    0.0000000000E+00   
vpotper v6                     5.00000000E-03  -1.2232556496E+02 +-    1.3030181889E+00   
vpotper v8                     5.00000000E-03  -1.2232556496E+02 +-    1.3030181889E+00   
vpotv6pr-vpotv6per diff        5.00000000E-03   0.0000000000E+00 +-    0.0000000000E+00   
vpotv8pr-vpotv8per diff        5.00000000E-03   0.0000000000E+00 +-    0.0000000000E+00   
2piapr-2pia diff               5.00000000E-03   0.0000000000E+00 +-    0.0000000000E+00   
vd1pr-vd1 diff                 5.00000000E-03   0.0000000000E+00 +-    0.0000000000E+00   
vepr-ve diff                   5.00000000E-03   0.0000000000E+00 +-    0.0000000000E+00   
diff1 2piapr-2pia-2picxx       5.00000000E-03   0.0000000000E+00 +-    0.0000000000E+00   
diff2 vd1pr-vd1-2picxd         5.00000000E-03   0.0000000000E+00 +-    0.0000000000E+00   
diff3 vepr-ve-2picdd           5.00000000E-03   0.0000000000E+00 +-    0.0000000000E+00   
sum diff1+dif2+diff3           5.00000000E-03   0.0000000000E+00 +-    0.0000000000E+00   
proton rms                     5.00000000E-03   2.1456380133E+00 +-    1.2128684632E-02   
neutron rms                    5.00000000E-03   2.1438310605E+00 +-    1.2152212153E-02   
total rms                      5.00000000E-03   2.1440705197E+00 +-    1.1065942757E-02   
neutron-proton rms             5.00000000E-03  -1.8069527725E-03 +-    1.0142830988E-02   
GT sigXtau+                    5.00000000E-03   7.0089133817E-05 +-    2.0373010247E-05   
GT sigYtau+                    5.00000000E-03   3.0691962394E-05 +-    2.0237063958E-05   
GT sigZtau+                    5.00000000E-03  -5.1654813509E-05 +-    2.0038667057E-05   
GT sigXtau-                    5.00000000E-03   4.4872406614E-05 +-    1.8685487415E-05   
GT sigYtau-                    5.00000000E-03   6.7020664617E-05 +-    2.1030814235E-05   
GT sigZtau-                    5.00000000E-03  -6.7428718889E-05 +-    1.9988571962E-05   
F tau+                         5.00000000E-03  -8.0548085671E-20 +-    3.8704670465E-20   
F tau-                         5.00000000E-03  -1.2428796431E-20 +-    3.4814984196E-20   
Psi**2                         5.00000000E-03   2.4184716389E-05 +-    6.0909300402E-07   
single crossing/step           5.00000000E-03   7.1701733700E-03 +-    3.9947269378E-05   
global crossing/step           5.00000000E-03   7.0988885850E-03 +-    7.9499250829E-05   
energy numerator(real)         5.00000000E-03  -1.8805197339E+01 +-    8.1097964383E-01   
denominator psit/psigi(real)   5.00000000E-03   6.9209057897E-01 +-    1.2814504575E-02   
energy numerator(aimag)        5.00000000E-03   5.8872532040E-02 +-    5.5808309329E-01   
denominator psit/psigi(aimag)  5.00000000E-03   2.6419246159E-02 +-    8.4665019829E-03   
growth(lin dt) energy          5.00000000E-03  -1.8278171302E+02 +-    4.7589490241E+00   
growth(global) energy          5.00000000E-03  -1.6196214927E+02 +-    1.1092992763E+01
growth energy                  5.00000000E-03  -1.8270423276E+02 +-    4.7493125335E+00
Time for propagation (sec) (min) =          22.291      0.372
Time for energies (sec) (min) =              0.768      0.013
Time for load balancing (sec) (min) =        0.035      0.001
Time for block (sec) (min) =                23.843      0.397
Time for operators (sec) (min) =             0.023      0.000
Elapsed block time (sec) (min) =            45.424      0.757
 
 walkers multiplicity, block, total
   0          46860          84355
   1        1034375        1951399
   2          45736          85166
   3            233            364
   4             38             63
   5              9             17
   6              3              6
   7              6              6
   8              2              3
   9              1              2
  10              1              2
  17              0              1
 
 

iteration =                               3
walker number =                       10177
total energy-propagated        7.50000000E-03  -2.9184865820E+01 +-    2.0274460642E-01   
kinetic energy                 7.50000000E-03   9.5365217831E+01 +-    1.0807756768E+00   
potential energy               7.50000000E-03  -1.2455008365E+02 +-    1.0118260389E+00   
im energy                      7.50000000E-03   3.5048005571E-01 +-    1.0021428056E-01   
imkin energy                   7.50000000E-03   4.2605673660E+00 +-    1.4711292703E-01   
impot energy                   7.50000000E-03  -3.9100873103E+00 +-    1.5555155147E-01   
v cent                         7.50000000E-03   1.2148802907E+01 +-    1.0935569298E+00   
v tau                          7.50000000E-03  -7.2090094297E+00 +-    2.1456422089E-01   
v sigma                        7.50000000E-03  -9.6036404542E+00 +-    2.4830800860E-01   
v sigtau                       7.50000000E-03  -6.1241307174E+01 +-    5.2224550972E-01   
v tensor                       7.50000000E-03   4.3661198016E-01 +-    1.3353528410E-01   
v tenstau                      7.50000000E-03  -5.9081541480E+01 +-    8.6273650306E-01   
v ls                           7.50000000E-03   0.0000000000E+00 +-    0.0000000000E+00   
v lstau                        7.50000000E-03   0.0000000000E+00 +-    0.0000000000E+00   
vpot v6                        7.50000000E-03  -1.2455008365E+02 +-    1.0118260389E+00   
vpot v8                        7.50000000E-03  -1.2455008365E+02 +-    1.0118260389E+00   
v coulomb                      7.50000000E-03   7.5078659552E-01 +-    2.3250024020E-03   
v external                     7.50000000E-03   0.0000000000E+00 +-    0.0000000000E+00   
tni 2pipr-anticomm             7.50000000E-03   0.0000000000E+00 +-    0.0000000000E+00   
tni vd1pr                      7.50000000E-03   0.0000000000E+00 +-    0.0000000000E+00   
tni vepr                       7.50000000E-03   0.0000000000E+00 +-    0.0000000000E+00   
tni central                    7.50000000E-03   0.0000000000E+00 +-    0.0000000000E+00   
tni 2pixx-anticommutator       7.50000000E-03   0.0000000000E+00 +-    0.0000000000E+00   
tni 2pixd-anticommutator       7.50000000E-03   0.0000000000E+00 +-    0.0000000000E+00   
tni 2pidd-anticommutator       7.50000000E-03   0.0000000000E+00 +-    0.0000000000E+00   
tni 2pixx-commutator           7.50000000E-03   0.0000000000E+00 +-    0.0000000000E+00   
tni 2pixd-commutator           7.50000000E-03   0.0000000000E+00 +-    0.0000000000E+00   
tni 2pidd-commutator           7.50000000E-03   0.0000000000E+00 +-    0.0000000000E+00   
tni 2pi-tm                     7.50000000E-03   0.0000000000E+00 +-    0.0000000000E+00   
tni vd1                        7.50000000E-03   0.0000000000E+00 +-    0.0000000000E+00   
tni vd2                        7.50000000E-03   0.0000000000E+00 +-    0.0000000000E+00   
tni ve                         7.50000000E-03   0.0000000000E+00 +-    0.0000000000E+00   
vpottot v8+tni                 7.50000000E-03  -1.2455008365E+02 +-    1.0118260389E+00   
enetot v8+tni                  7.50000000E-03  -2.9184865820E+01 +-    2.0274460642E-01   
vper cent                      7.50000000E-03   1.2148802907E+01 +-    1.0935569298E+00   
vper tau                       7.50000000E-03  -7.2090094297E+00 +-    2.1456422089E-01   
vper sigma                     7.50000000E-03  -9.6036404542E+00 +-    2.4830800860E-01   
vper sigtau                    7.50000000E-03  -6.1241307174E+01 +-    5.2224550972E-01   
vper tensor                    7.50000000E-03   4.3661198016E-01 +-    1.3353528410E-01   
vper tenstau                   7.50000000E-03  -5.9081541480E+01 +-    8.6273650306E-01   
vper ls                        7.50000000E-03   0.0000000000E+00 +-    0.0000000000E+00   
vper lstau                     7.50000000E-03   0.0000000000E+00 +-    0.0000000000E+00   
vpotper v6                     7.50000000E-03  -1.2455008365E+02 +-    1.0118260389E+00   
vpotper v8                     7.50000000E-03  -1.2455008365E+02 +-    1.0118260389E+00   
vpotv6pr-vpotv6per diff        7.50000000E-03   0.0000000000E+00 +-    0.0000000000E+00   
vpotv8pr-vpotv8per diff        7.50000000E-03   0.0000000000E+00 +-    0.0000000000E+00   
2piapr-2pia diff               7.50000000E-03   0.0000000000E+00 +-    0.0000000000E+00   
vd1pr-vd1 diff                 7.50000000E-03   0.0000000000E+00 +-    0.0000000000E+00   
vepr-ve diff                   7.50000000E-03   0.0000000000E+00 +-    0.0000000000E+00   
diff1 2piapr-2pia-2picxx       7.50000000E-03   0.0000000000E+00 +-    0.0000000000E+00   
diff2 vd1pr-vd1-2picxd         7.50000000E-03   0.0000000000E+00 +-    0.0000000000E+00   
diff3 vepr-ve-2picdd           7.50000000E-03   0.0000000000E+00 +-    0.0000000000E+00   
sum diff1+dif2+diff3           7.50000000E-03   0.0000000000E+00 +-    0.0000000000E+00   
proton rms                     7.50000000E-03   2.1007354527E+00 +-    1.2323675144E-02   
neutron rms                    7.50000000E-03   2.1541828424E+00 +-    1.2435892453E-02   
total rms                      7.50000000E-03   2.1283845063E+00 +-    1.1276858141E-02   
neutron-proton rms             7.50000000E-03   5.3447389659E-02 +-    1.0208251980E-02   
GT sigXtau+                    7.50000000E-03  -9.1548501204E-06 +-    2.4219157118E-05   
GT sigYtau+                    7.50000000E-03  -3.2717359636E-06 +-    2.4455769753E-05   
GT sigZtau+                    7.50000000E-03  -3.7914629681E-04 +-    2.1846915959E-05   
GT sigXtau-                    7.50000000E-03  -2.5013757830E-04 +-    2.2120046492E-05   
GT sigYtau-                    7.50000000E-03   1.6641863736E-04 +-    2.4713878489E-05   
GT sigZtau-                    7.50000000E-03   1.2021196691E-04 +-    1.9783028857E-05   
F tau+                         7.50000000E-03   1.0668552154E-19 +-    4.0708939177E-20   
F tau-                         7.50000000E-03   2.9726942449E-19 +-    3.9546691436E-20   
Psi**2                         7.50000000E-03   2.5578344631E-05 +-    7.2457869035E-07   
single crossing/step           7.50000000E-03   7.2593071406E-03 +-    4.0386528242E-05   
global crossing/step           7.50000000E-03   7.1203405451E-03 +-    8.0001790791E-05   
energy numerator(real)         7.50000000E-03  -1.1888830967E+01 +-    7.9882757691E-01   
denominator psit/psigi(real)   7.50000000E-03   4.0820953903E-01 +-    1.4161186505E-02   
energy numerator(aimag)        7.50000000E-03  -1.0981577508E+00 +-    5.3889580645E-01   
denominator psit/psigi(aimag)  7.50000000E-03   1.5925007484E-02 +-    9.2795637088E-03   
growth(lin dt) energy          7.50000000E-03  -2.0769283118E+02 +-    5.0211150770E+00   
growth(global) energy          7.50000000E-03  -2.2287326286E+02 +-    1.1988534737E+01
growth energy                  7.50000000E-03  -2.0755866047E+02 +-    5.0078189002E+00
Time for propagation (sec) (min) =          22.080      0.368
Time for energies (sec) (min) =              0.714      0.012
Time for load balancing (sec) (min) =        0.033      0.001
Time for block (sec) (min) =                23.506      0.392
Time for operators (sec) (min) =             0.026      0.000
Elapsed block time (sec) (min) =            68.957      1.149
 
 walkers multiplicity, block, total
   0          49891         134246
   1        1030095        2981494
   2          48340         133506
   3            257            621
   4             50            113
   5             12             29
   6              6             12
   7              3              9
   8              2              5
   9              0              2
  10              1              3
  17              0              1
 
 

iteration =                               4
walker number =                       11310
total energy-propagated        1.00000000E-02  -3.1856884252E+01 +-    4.4831374720E-01   
kinetic energy                 1.00000000E-02   1.0223427864E+02 +-    1.8138761188E+00   
potential energy               1.00000000E-02  -1.3409116289E+02 +-    1.5370281550E+00   
im energy                      1.00000000E-02  -3.4732862076E+00 +-    2.6771095526E-01   
imkin energy                   1.00000000E-02  -6.0758486216E+00 +-    6.6981173458E-01   
impot energy                   1.00000000E-02   2.6025624141E+00 +-    6.3116902997E-01   
v cent                         1.00000000E-02   3.4693631359E+01 +-    1.5979868604E+00   
v tau                          1.00000000E-02  -1.1481939959E+01 +-    2.7564864132E-01   
v sigma                        1.00000000E-02  -7.3206047908E+00 +-    2.7157312490E-01   
v sigtau                       1.00000000E-02  -7.1940682950E+01 +-    5.2214302741E-01   
v tensor                       1.00000000E-02   1.9903228579E+00 +-    2.1935118476E-01   
v tenstau                      1.00000000E-02  -8.0031889411E+01 +-    1.1850521334E+00   
v ls                           1.00000000E-02   0.0000000000E+00 +-    0.0000000000E+00   
v lstau                        1.00000000E-02   0.0000000000E+00 +-    0.0000000000E+00   
vpot v6                        1.00000000E-02  -1.3409116289E+02 +-    1.5370281550E+00   
vpot v8                        1.00000000E-02  -1.3409116289E+02 +-    1.5370281550E+00   
v coulomb                      1.00000000E-02   7.8290552555E-01 +-    3.0252492923E-03   
v external                     1.00000000E-02   0.0000000000E+00 +-    0.0000000000E+00   
tni 2pipr-anticomm             1.00000000E-02   0.0000000000E+00 +-    0.0000000000E+00   
tni vd1pr                      1.00000000E-02   0.0000000000E+00 +-    0.0000000000E+00   
tni vepr                       1.00000000E-02   0.0000000000E+00 +-    0.0000000000E+00   
tni central                    1.00000000E-02   0.0000000000E+00 +-    0.0000000000E+00   
tni 2pixx-anticommutator       1.00000000E-02   0.0000000000E+00 +-    0.0000000000E+00   
tni 2pixd-anticommutator       1.00000000E-02   0.0000000000E+00 +-    0.0000000000E+00   
tni 2pidd-anticommutator       1.00000000E-02   0.0000000000E+00 +-    0.0000000000E+00   
tni 2pixx-commutator           1.00000000E-02   0.0000000000E+00 +-    0.0000000000E+00   
tni 2pixd-commutator           1.00000000E-02   0.0000000000E+00 +-    0.0000000000E+00   
tni 2pidd-commutator           1.00000000E-02   0.0000000000E+00 +-    0.0000000000E+00   
tni 2pi-tm                     1.00000000E-02   0.0000000000E+00 +-    0.0000000000E+00   
tni vd1                        1.00000000E-02   0.0000000000E+00 +-    0.0000000000E+00   
tni vd2                        1.00000000E-02   0.0000000000E+00 +-    0.0000000000E+00   
tni ve                         1.00000000E-02   0.0000000000E+00 +-    0.0000000000E+00   
vpottot v8+tni                 1.00000000E-02  -1.3409116289E+02 +-    1.5370281550E+00   
enetot v8+tni                  1.00000000E-02  -3.1856884252E+01 +-    4.4831374720E-01   
vper cent                      1.00000000E-02   3.4693631359E+01 +-    1.5979868604E+00   
vper tau                       1.00000000E-02  -1.1481939959E+01 +-    2.7564864132E-01   
vper sigma                     1.00000000E-02  -7.3206047908E+00 +-    2.7157312490E-01   
vper sigtau                    1.00000000E-02  -7.1940682950E+01 +-    5.2214302741E-01   
vper tensor                    1.00000000E-02   1.9903228579E+00 +-    2.1935118476E-01   
vper tenstau                   1.00000000E-02  -8.0031889411E+01 +-    1.1850521334E+00   
vper ls                        1.00000000E-02   0.0000000000E+00 +-    0.0000000000E+00   
vper lstau                     1.00000000E-02   0.0000000000E+00 +-    0.0000000000E+00   
vpotper v6                     1.00000000E-02  -1.3409116289E+02 +-    1.5370281550E+00   
vpotper v8                     1.00000000E-02  -1.3409116289E+02 +-    1.5370281550E+00   
vpotv6pr-vpotv6per diff        1.00000000E-02   0.0000000000E+00 +-    0.0000000000E+00   
vpotv8pr-vpotv8per diff        1.00000000E-02   0.0000000000E+00 +-    0.0000000000E+00   
2piapr-2pia diff               1.00000000E-02   0.0000000000E+00 +-    0.0000000000E+00   
vd1pr-vd1 diff                 1.00000000E-02   0.0000000000E+00 +-    0.0000000000E+00   
vepr-ve diff                   1.00000000E-02   0.0000000000E+00 +-    0.0000000000E+00   
diff1 2piapr-2pia-2picxx       1.00000000E-02   0.0000000000E+00 +-    0.0000000000E+00   
diff2 vd1pr-vd1-2picxd         1.00000000E-02   0.0000000000E+00 +-    0.0000000000E+00   
diff3 vepr-ve-2picdd           1.00000000E-02   0.0000000000E+00 +-    0.0000000000E+00   
sum diff1+dif2+diff3           1.00000000E-02   0.0000000000E+00 +-    0.0000000000E+00   
proton rms                     1.00000000E-02   1.9080005942E+00 +-    1.1616121453E-02   
neutron rms                    1.00000000E-02   2.0845167696E+00 +-    1.2091777686E-02   
total rms                      1.00000000E-02   1.9955044220E+00 +-    1.0732581311E-02   
neutron-proton rms             1.00000000E-02   1.7651617540E-01 +-    1.0100088559E-02   
GT sigXtau+                    1.00000000E-02  -2.0516236717E-04 +-    1.7773482754E-05   
GT sigYtau+                    1.00000000E-02  -1.6600870774E-04 +-    2.4183407359E-05   
GT sigZtau+                    1.00000000E-02   3.6488157050E-04 +-    1.7156271451E-05   
GT sigXtau-                    1.00000000E-02  -1.8655558544E-05 +-    1.4290825199E-05   
GT sigYtau-                    1.00000000E-02   2.6272195029E-04 +-    2.6154419443E-05   
GT sigZtau-                    1.00000000E-02  -1.5232994573E-04 +-    1.7804091941E-05   
F tau+                         1.00000000E-02   1.6159838061E-20 +-    3.8486023552E-20   
F tau-                         1.00000000E-02   1.2380340261E-19 +-    3.9877576986E-20   
Psi**2                         1.00000000E-02   1.4672451500E-05 +-    5.4718252279E-07   
single crossing/step           1.00000000E-02   7.3714047182E-03 +-    4.1056528980E-05   
global crossing/step           1.00000000E-02   7.1599243278E-03 +-    8.0935223890E-05   
energy numerator(real)         1.00000000E-02  -8.5787813388E+00 +-    7.8023998917E-01   
denominator psit/psigi(real)   1.00000000E-02   2.6527508492E-01 +-    1.3387517217E-02   
energy numerator(aimag)        1.00000000E-02  -1.1676493511E+00 +-    5.1792127448E-01   
denominator psit/psigi(aimag)  1.00000000E-02  -1.9106899394E-02 +-    8.6039037249E-03   
growth(lin dt) energy          1.00000000E-02  -2.2512519193E+02 +-    5.3501973187E+00   
growth(global) energy          1.00000000E-02  -2.1910981022E+02 +-    1.1939072969E+01
growth energy                  1.00000000E-02  -2.2494216992E+02 +-    5.3336895189E+00
Time for propagation (sec) (min) =          21.697      0.362
Time for energies (sec) (min) =              0.794      0.013
Time for load balancing (sec) (min) =        0.030      0.000
Time for block (sec) (min) =                23.116      0.385
Time for operators (sec) (min) =             0.019      0.000
Elapsed block time (sec) (min) =            92.100      1.535
 
 walkers multiplicity, block, total
   0          48897         183143
   1         998928        3980422
   2          48944         182450
   3            353            974
   4             61            174
   5             21             50
   6              9             21
   7              6             15
   8              0              5
   9              1              3
  10              1              4
  16              1              1
  17              0              1
 
 

iteration =                               5
walker number =                       10545
total energy-propagated        1.25000000E-02  -3.5245629298E+01 +-    4.5114988982E-01   
kinetic energy                 1.25000000E-02   1.0085936581E+02 +-    2.4446715362E+00   
potential energy               1.25000000E-02  -1.3610499511E+02 +-    2.4981334113E+00   
im energy                      1.25000000E-02   7.8944525583E-01 +-    3.7119229073E-01   
imkin energy                   1.25000000E-02  -6.1526976468E+00 +-    6.2657044734E-01   
impot energy                   1.25000000E-02   6.9421429026E+00 +-    6.3695473927E-01   
v cent                         1.25000000E-02   5.8451817805E+01 +-    2.7635832102E+00   
v tau                          1.25000000E-02  -2.1159524135E+01 +-    4.7219322993E-01   
v sigma                        1.25000000E-02  -9.5044560973E+00 +-    3.1480521318E-01   
v sigtau                       1.25000000E-02  -7.9266379180E+01 +-    6.9128311377E-01   
v tensor                       1.25000000E-02  -1.0324698087E-01 +-    1.4315694047E-01   
v tenstau                      1.25000000E-02  -8.4523206521E+01 +-    1.1698549593E+00   
v ls                           1.25000000E-02   0.0000000000E+00 +-    0.0000000000E+00   
v lstau                        1.25000000E-02   0.0000000000E+00 +-    0.0000000000E+00   
vpot v6                        1.25000000E-02  -1.3610499511E+02 +-    2.4981334113E+00   
vpot v8                        1.25000000E-02  -1.3610499511E+02 +-    2.4981334113E+00   
v coulomb                      1.25000000E-02   8.3423095980E-01 +-    2.7178944169E-03   
v external                     1.25000000E-02   0.0000000000E+00 +-    0.0000000000E+00   
tni 2pipr-anticomm             1.25000000E-02   0.0000000000E+00 +-    0.0000000000E+00   
tni vd1pr                      1.25000000E-02   0.0000000000E+00 +-    0.0000000000E+00   
tni vepr                       1.25000000E-02   0.0000000000E+00 +-    0.0000000000E+00   
tni central                    1.25000000E-02   0.0000000000E+00 +-    0.0000000000E+00   
tni 2pixx-anticommutator       1.25000000E-02   0.0000000000E+00 +-    0.0000000000E+00   
tni 2pixd-anticommutator       1.25000000E-02   0.0000000000E+00 +-    0.0000000000E+00   
tni 2pidd-anticommutator       1.25000000E-02   0.0000000000E+00 +-    0.0000000000E+00   
tni 2pixx-commutator           1.25000000E-02   0.0000000000E+00 +-    0.0000000000E+00   
tni 2pixd-commutator           1.25000000E-02   0.0000000000E+00 +-    0.0000000000E+00   
tni 2pidd-commutator           1.25000000E-02   0.0000000000E+00 +-    0.0000000000E+00   
tni 2pi-tm                     1.25000000E-02   0.0000000000E+00 +-    0.0000000000E+00   
tni vd1                        1.25000000E-02   0.0000000000E+00 +-    0.0000000000E+00   
tni vd2                        1.25000000E-02   0.0000000000E+00 +-    0.0000000000E+00   
tni ve                         1.25000000E-02   0.0000000000E+00 +-    0.0000000000E+00   
vpottot v8+tni                 1.25000000E-02  -1.3610499511E+02 +-    2.4981334113E+00   
enetot v8+tni                  1.25000000E-02  -3.5245629298E+01 +-    4.5114988982E-01   
vper cent                      1.25000000E-02   5.8451817805E+01 +-    2.7635832102E+00   
vper tau                       1.25000000E-02  -2.1159524135E+01 +-    4.7219322993E-01   
vper sigma                     1.25000000E-02  -9.5044560973E+00 +-    3.1480521318E-01   
vper sigtau                    1.25000000E-02  -7.9266379180E+01 +-    6.9128311377E-01   
vper tensor                    1.25000000E-02  -1.0324698087E-01 +-    1.4315694047E-01   
vper tenstau                   1.25000000E-02  -8.4523206521E+01 +-    1.1698549593E+00   
vper ls                        1.25000000E-02   0.0000000000E+00 +-    0.0000000000E+00   
vper lstau                     1.25000000E-02   0.0000000000E+00 +-    0.0000000000E+00   
vpotper v6                     1.25000000E-02  -1.3610499511E+02 +-    2.4981334113E+00   
vpotper v8                     1.25000000E-02  -1.3610499511E+02 +-    2.4981334113E+00   
vpotv6pr-vpotv6per diff        1.25000000E-02   0.0000000000E+00 +-    0.0000000000E+00   
vpotv8pr-vpotv8per diff        1.25000000E-02   0.0000000000E+00 +-    0.0000000000E+00   
2piapr-2pia diff               1.25000000E-02   0.0000000000E+00 +-    0.0000000000E+00   
vd1pr-vd1 diff                 1.25000000E-02   0.0000000000E+00 +-    0.0000000000E+00   
vepr-ve diff                   1.25000000E-02   0.0000000000E+00 +-    0.0000000000E+00   
diff1 2piapr-2pia-2picxx       1.25000000E-02   0.0000000000E+00 +-    0.0000000000E+00   
diff2 vd1pr-vd1-2picxd         1.25000000E-02   0.0000000000E+00 +-    0.0000000000E+00   
diff3 vepr-ve-2picdd           1.25000000E-02   0.0000000000E+00 +-    0.0000000000E+00   
sum diff1+dif2+diff3           1.25000000E-02   0.0000000000E+00 +-    0.0000000000E+00   
proton rms                     1.25000000E-02   1.7474254730E+00 +-    1.1525729092E-02   
neutron rms                    1.25000000E-02   1.7739786080E+00 +-    1.2116717997E-02   
total rms                      1.25000000E-02   1.7715342342E+00 +-    1.1609963427E-02   
neutron-proton rms             1.25000000E-02   2.6553134973E-02 +-    6.8318435543E-03   
GT sigXtau+                    1.25000000E-02  -1.7636985094E-04 +-    3.2331737315E-05   
GT sigYtau+                    1.25000000E-02   1.4513933388E-04 +-    3.6335407030E-05   
GT sigZtau+                    1.25000000E-02  -3.6384553869E-04 +-    2.7671182788E-05   
GT sigXtau-                    1.25000000E-02  -2.0079325713E-04 +-    3.3975895854E-05   
GT sigYtau-                    1.25000000E-02   7.6320890190E-05 +-    4.3747166784E-05   
GT sigZtau-                    1.25000000E-02   1.0815436802E-03 +-    3.0519372499E-05   
F tau+                         1.25000000E-02   5.7191185485E-19 +-    4.1810139966E-20   
F tau-                         1.25000000E-02  -4.6814320226E-19 +-    5.9436196676E-20   
Psi**2                         1.25000000E-02   5.0401943887E-05 +-    1.0536655696E-06   
single crossing/step           1.25000000E-02   7.2685121682E-03 +-    4.0347082083E-05   
global crossing/step           1.25000000E-02   7.1498444234E-03 +-    8.0037519020E-05   
energy numerator(real)         1.25000000E-02  -4.9260765152E+00 +-    8.9062972520E-01   
denominator psit/psigi(real)   1.25000000E-02   1.5174248375E-01 +-    1.3970086089E-02   
energy numerator(aimag)        1.25000000E-02   3.3641088550E+00 +-    6.1518838069E-01   
denominator psit/psigi(aimag)  1.25000000E-02  -6.9170012083E-02 +-    9.0708942264E-03   
growth(lin dt) energy          1.25000000E-02  -2.3440419725E+02 +-    5.3892278893E+00   
growth(global) energy          1.25000000E-02  -2.2054524286E+02 +-    1.1518500046E+01
growth energy                  1.25000000E-02  -2.3419209243E+02 +-    5.3713548737E+00
Time for propagation (sec) (min) =          22.162      0.369
Time for energies (sec) (min) =              0.740      0.012
Time for load balancing (sec) (min) =        0.029      0.000
Time for block (sec) (min) =                23.576      0.393
Time for operators (sec) (min) =             0.022      0.000
Elapsed block time (sec) (min) =           115.698      1.928
 
 walkers multiplicity, block, total
   0          53042         236185
   1        1027609        5008031
   2          51133         233583
   3            391           1365
   4             66            240
   5             19             69
   6              6             27
   7              3             18
   8              1              6
   9              1              4
  10              0              4
  12              1              1
  15              1              1
  16              0              1
  17              0              1
 
 

iteration =                               6
walker number =                       10282
total energy-propagated        1.50000000E-02  -3.2080545841E+01 +-    4.1836840930E-01   
kinetic energy                 1.50000000E-02   1.0811443775E+02 +-    1.9482124035E+00   
potential energy               1.50000000E-02  -1.4019498359E+02 +-    2.0235835587E+00   
im energy                      1.50000000E-02   1.0578339117E-01 +-    2.7633376935E-01   
imkin energy                   1.50000000E-02  -1.1575396160E+00 +-    5.4032366936E-01   
impot energy                   1.50000000E-02   1.2633230071E+00 +-    4.5856893182E-01   
v cent                         1.50000000E-02   4.6240180901E+01 +-    1.6459348996E+00   
v tau                          1.50000000E-02  -8.8047731947E+00 +-    2.7149674404E-01   
v sigma                        1.50000000E-02  -2.1814450736E+01 +-    2.7489063457E-01   
v sigtau                       1.50000000E-02  -8.9510459195E+01 +-    6.3099502908E-01   
v tensor                       1.50000000E-02   4.9060022302E+00 +-    2.0354316189E-01   
v tenstau                      1.50000000E-02  -7.1211483597E+01 +-    1.2308376858E+00   
v ls                           1.50000000E-02   0.0000000000E+00 +-    0.0000000000E+00   
v lstau                        1.50000000E-02   0.0000000000E+00 +-    0.0000000000E+00   
vpot v6                        1.50000000E-02  -1.4019498359E+02 +-    2.0235835587E+00   
vpot v8                        1.50000000E-02  -1.4019498359E+02 +-    2.0235835587E+00   
v coulomb                      1.50000000E-02   8.9185558470E-01 +-    2.5993402662E-03   
v external                     1.50000000E-02   0.0000000000E+00 +-    0.0000000000E+00   
tni 2pipr-anticomm             1.50000000E-02   0.0000000000E+00 +-    0.0000000000E+00   
tni vd1pr                      1.50000000E-02   0.0000000000E+00 +-    0.0000000000E+00   
tni vepr                       1.50000000E-02   0.0000000000E+00 +-    0.0000000000E+00   
tni central                    1.50000000E-02   0.0000000000E+00 +-    0.0000000000E+00   
tni 2pixx-anticommutator       1.50000000E-02   0.0000000000E+00 +-    0.0000000000E+00   
tni 2pixd-anticommutator       1.50000000E-02   0.0000000000E+00 +-    0.0000000000E+00   
tni 2pidd-anticommutator       1.50000000E-02   0.0000000000E+00 +-    0.0000000000E+00   
tni 2pixx-commutator           1.50000000E-02   0.0000000000E+00 +-    0.0000000000E+00   
tni 2pixd-commutator           1.50000000E-02   0.0000000000E+00 +-    0.0000000000E+00   
tni 2pidd-commutator           1.50000000E-02   0.0000000000E+00 +-    0.0000000000E+00   
tni 2pi-tm                     1.50000000E-02   0.0000000000E+00 +-    0.0000000000E+00   
tni vd1                        1.50000000E-02   0.0000000000E+00 +-    0.0000000000E+00   
tni vd2                        1.50000000E-02   0.0000000000E+00 +-    0.0000000000E+00   
tni ve                         1.50000000E-02   0.0000000000E+00 +-    0.0000000000E+00   
vpottot v8+tni                 1.50000000E-02  -1.4019498359E+02 +-    2.0235835587E+00   
enetot v8+tni                  1.50000000E-02  -3.2080545841E+01 +-    4.1836840930E-01   
vper cent                      1.50000000E-02   4.6240180901E+01 +-    1.6459348996E+00   
vper tau                       1.50000000E-02  -8.8047731947E+00 +-    2.7149674404E-01   
vper sigma                     1.50000000E-02  -2.1814450736E+01 +-    2.7489063457E-01   
vper sigtau                    1.50000000E-02  -8.9510459195E+01 +-    6.3099502908E-01   
vper tensor                    1.50000000E-02   4.9060022302E+00 +-    2.0354316189E-01   
vper tenstau                   1.50000000E-02  -7.1211483597E+01 +-    1.2308376858E+00   
vper ls                        1.50000000E-02   0.0000000000E+00 +-    0.0000000000E+00   
vper lstau                     1.50000000E-02   0.0000000000E+00 +-    0.0000000000E+00   
vpotper v6                     1.50000000E-02  -1.4019498359E+02 +-    2.0235835587E+00   
vpotper v8                     1.50000000E-02  -1.4019498359E+02 +-    2.0235835587E+00   
vpotv6pr-vpotv6per diff        1.50000000E-02   0.0000000000E+00 +-    0.0000000000E+00   
vpotv8pr-vpotv8per diff        1.50000000E-02   0.0000000000E+00 +-    0.0000000000E+00   
2piapr-2pia diff               1.50000000E-02   0.0000000000E+00 +-    0.0000000000E+00   
vd1pr-vd1 diff                 1.50000000E-02   0.0000000000E+00 +-    0.0000000000E+00   
vepr-ve diff                   1.50000000E-02   0.0000000000E+00 +-    0.0000000000E+00   
diff1 2piapr-2pia-2picxx       1.50000000E-02   0.0000000000E+00 +-    0.0000000000E+00   
diff2 vd1pr-vd1-2picxd         1.50000000E-02   0.0000000000E+00 +-    0.0000000000E+00   
diff3 vepr-ve-2picdd           1.50000000E-02   0.0000000000E+00 +-    0.0000000000E+00   
sum diff1+dif2+diff3           1.50000000E-02   0.0000000000E+00 +-    0.0000000000E+00   
proton rms                     1.50000000E-02   1.5426067982E+00 +-    7.4113334208E-03   
neutron rms                    1.50000000E-02   1.6666720140E+00 +-    1.1791950668E-02   
total rms                      1.50000000E-02   1.6100252187E+00 +-    9.2962649393E-03   
neutron-proton rms             1.50000000E-02   1.2406521581E-01 +-    7.3441520671E-03   
GT sigXtau+                    1.50000000E-02  -3.6172294401E-04 +-    3.8691501686E-05   
GT sigYtau+                    1.50000000E-02   1.0963328711E-03 +-    4.0826423258E-05   
GT sigZtau+                    1.50000000E-02   3.7932348445E-04 +-    4.3933796468E-05   
GT sigXtau-                    1.50000000E-02   1.3567010584E-04 +-    2.5730035190E-05   
GT sigYtau-                    1.50000000E-02   3.6666910897E-04 +-    3.3080258908E-05   
GT sigZtau-                    1.50000000E-02   2.5371562166E-04 +-    3.2729169888E-05   
F tau+                         1.50000000E-02  -5.0364265364E-19 +-    5.1271536437E-20   
F tau-                         1.50000000E-02  -1.7792145604E-19 +-    6.1282664147E-20   
Psi**2                         1.50000000E-02   5.3397688560E-05 +-    1.1598995718E-06   
single crossing/step           1.50000000E-02   7.9126697692E-03 +-    4.2334676364E-05   
global crossing/step           1.50000000E-02   7.7423526232E-03 +-    8.3760347122E-05   
energy numerator(real)         1.50000000E-02  -4.6783232419E+00 +-    9.6794058564E-01   
denominator psit/psigi(real)   1.50000000E-02   1.3566847305E-01 +-    1.3934670883E-02   
energy numerator(aimag)        1.50000000E-02   7.6494763303E-01 +-    6.7931299270E-01   
denominator psit/psigi(aimag)  1.50000000E-02  -5.0919899407E-02 +-    9.1502811089E-03   
growth(lin dt) energy          1.50000000E-02  -2.5453932239E+02 +-    5.7444854078E+00   
growth(global) energy          1.50000000E-02  -2.4434616914E+02 +-    1.1690487407E+01
growth energy                  1.50000000E-02  -2.5425675503E+02 +-    5.7225378305E+00
Time for propagation (sec) (min) =          21.908      0.365
Time for energies (sec) (min) =              0.722      0.012
Time for load balancing (sec) (min) =        0.029      0.000
Time for block (sec) (min) =                23.319      0.389
Time for operators (sec) (min) =             0.022      0.000
Elapsed block time (sec) (min) =           139.049      2.317
 
 walkers multiplicity, block, total
   0          54720         290905
   1        1010653        6018684
   2          53131         286714
   3            408           1773
   4             82            322
   5             29             98
   6             11             38
   7              3             21
   8              2              8
   9              1              5
  10              0              4
  11              2              2
  12              0              1
  15              0              1
  16              0              1
  17              1              2
  18              1              1
 
 

iteration =                               7
walker number =                       10797
total energy-propagated        1.75000000E-02  -2.9738267609E+01 +-    1.1600199430E+00   
kinetic energy                 1.75000000E-02   1.1074243863E+02 +-    3.3598159630E+00   
potential energy               1.75000000E-02  -1.4048070623E+02 +-    4.1075948675E+00   
im energy                      1.75000000E-02   1.1189452401E+01 +-    6.6881804349E-01   
imkin energy                   1.75000000E-02   3.8110934822E+01 +-    1.2110538412E+00   
impot energy                   1.75000000E-02  -2.6921482420E+01 +-    1.1042372072E+00   
v cent                         1.75000000E-02   5.2796472590E+01 +-    2.5320686772E+00   
v tau                          1.75000000E-02  -9.8943441158E+00 +-    5.9095557525E-01   
v sigma                        1.75000000E-02  -2.1201257041E+01 +-    8.1066632222E-01   
v sigtau                       1.75000000E-02  -7.8842242757E+01 +-    8.6726181659E-01   
v tensor                       1.75000000E-02   3.8767277911E+00 +-    1.3604190883E-01   
v tenstau                      1.75000000E-02  -8.7216062702E+01 +-    1.7269547302E+00   
v ls                           1.75000000E-02   0.0000000000E+00 +-    0.0000000000E+00   
v lstau                        1.75000000E-02   0.0000000000E+00 +-    0.0000000000E+00   
vpot v6                        1.75000000E-02  -1.4048070623E+02 +-    4.1075948675E+00   
vpot v8                        1.75000000E-02  -1.4048070623E+02 +-    4.1075948675E+00   
v coulomb                      1.75000000E-02   8.4859708646E-01 +-    3.2920051641E-03   
v external                     1.75000000E-02   0.0000000000E+00 +-    0.0000000000E+00   
tni 2pipr-anticomm             1.75000000E-02   0.0000000000E+00 +-    0.0000000000E+00   
tni vd1pr                      1.75000000E-02   0.0000000000E+00 +-    0.0000000000E+00   
tni vepr                       1.75000000E-02   0.0000000000E+00 +-    0.0000000000E+00   
tni central                    1.75000000E-02   0.0000000000E+00 +-    0.0000000000E+00   
tni 2pixx-anticommutator       1.75000000E-02   0.0000000000E+00 +-    0.0000000000E+00   
tni 2pixd-anticommutator       1.75000000E-02   0.0000000000E+00 +-    0.0000000000E+00   
tni 2pidd-anticommutator       1.75000000E-02   0.0000000000E+00 +-    0.0000000000E+00   
tni 2pixx-commutator           1.75000000E-02   0.0000000000E+00 +-    0.0000000000E+00   
tni 2pixd-commutator           1.75000000E-02   0.0000000000E+00 +-    0.0000000000E+00   
tni 2pidd-commutator           1.75000000E-02   0.0000000000E+00 +-    0.0000000000E+00   
tni 2pi-tm                     1.75000000E-02   0.0000000000E+00 +-    0.0000000000E+00   
tni vd1                        1.75000000E-02   0.0000000000E+00 +-    0.0000000000E+00   
tni vd2                        1.75000000E-02   0.0000000000E+00 +-    0.0000000000E+00   
tni ve                         1.75000000E-02   0.0000000000E+00 +-    0.0000000000E+00   
vpottot v8+tni                 1.75000000E-02  -1.4048070623E+02 +-    4.1075948675E+00   
enetot v8+tni                  1.75000000E-02  -2.9738267609E+01 +-    1.1600199430E+00   
vper cent                      1.75000000E-02   5.2796472590E+01 +-    2.5320686772E+00   
vper tau                       1.75000000E-02  -9.8943441158E+00 +-    5.9095557525E-01   
vper sigma                     1.75000000E-02  -2.1201257041E+01 +-    8.1066632222E-01   
vper sigtau                    1.75000000E-02  -7.8842242757E+01 +-    8.6726181659E-01   
vper tensor                    1.75000000E-02   3.8767277911E+00 +-    1.3604190883E-01   
vper tenstau                   1.75000000E-02  -8.7216062702E+01 +-    1.7269547302E+00   
vper ls                        1.75000000E-02   0.0000000000E+00 +-    0.0000000000E+00   
vper lstau                     1.75000000E-02   0.0000000000E+00 +-    0.0000000000E+00   
vpotper v6                     1.75000000E-02  -1.4048070623E+02 +-    4.1075948675E+00   
vpotper v8                     1.75000000E-02  -1.4048070623E+02 +-    4.1075948675E+00   
vpotv6pr-vpotv6per diff        1.75000000E-02   0.0000000000E+00 +-    0.0000000000E+00   
vpotv8pr-vpotv8per diff        1.75000000E-02   0.0000000000E+00 +-    0.0000000000E+00   
2piapr-2pia diff               1.75000000E-02   0.0000000000E+00 +-    0.0000000000E+00   
vd1pr-vd1 diff                 1.75000000E-02   0.0000000000E+00 +-    0.0000000000E+00   
vepr-ve diff                   1.75000000E-02   0.0000000000E+00 +-    0.0000000000E+00   
diff1 2piapr-2pia-2picxx       1.75000000E-02   0.0000000000E+00 +-    0.0000000000E+00   
diff2 vd1pr-vd1-2picxd         1.75000000E-02   0.0000000000E+00 +-    0.0000000000E+00   
diff3 vepr-ve-2picdd           1.75000000E-02   0.0000000000E+00 +-    0.0000000000E+00   
sum diff1+dif2+diff3           1.75000000E-02   0.0000000000E+00 +-    0.0000000000E+00   
proton rms                     1.75000000E-02   1.8930492723E+00 +-    1.3518471804E-02   
neutron rms                    1.75000000E-02   1.7852430277E+00 +-    1.2720757881E-02   
total rms                      1.75000000E-02   1.8346045266E+00 +-    1.2416418257E-02   
neutron-proton rms             1.75000000E-02  -1.0780624459E-01 +-    8.3250389690E-03   
GT sigXtau+                    1.75000000E-02   5.4432114576E-04 +-    3.2409618263E-05   
GT sigYtau+                    1.75000000E-02   3.9472575720E-04 +-    3.1826915359E-05   
GT sigZtau+                    1.75000000E-02   1.0006700886E-03 +-    3.5549451710E-05   
GT sigXtau-                    1.75000000E-02   5.9267594570E-04 +-    3.7869426210E-05   
GT sigYtau-                    1.75000000E-02  -4.5269332236E-04 +-    4.1202310124E-05   
GT sigZtau-                    1.75000000E-02  -2.5040145524E-04 +-    1.7314495596E-05   
F tau+                         1.75000000E-02   1.1527643715E-18 +-    6.5129328797E-20   
F tau-                         1.75000000E-02  -6.7338562847E-19 +-    7.3021065867E-20   
Psi**2                         1.75000000E-02   6.2066276816E-05 +-    1.6813429210E-06   
single crossing/step           1.75000000E-02   8.1841059590E-03 +-    4.3258613824E-05   
global crossing/step           1.75000000E-02   8.0033640134E-03 +-    8.5564344119E-05   
energy numerator(real)         1.75000000E-02  -2.4248449571E+00 +-    1.0230337313E+00   
denominator psit/psigi(real)   1.75000000E-02   8.1913185039E-02 +-    1.3556166359E-02   
energy numerator(aimag)        1.75000000E-02   1.1920179242E+00 +-    7.2865825905E-01   
denominator psit/psigi(aimag)  1.75000000E-02  -7.7867107813E-04 +-    9.0259541005E-03   
growth(lin dt) energy          1.75000000E-02  -2.7728309568E+02 +-    6.0231149531E+00   
growth(global) energy          1.75000000E-02  -2.7532499150E+02 +-    1.1350702537E+01
growth energy                  1.75000000E-02  -2.7690883828E+02 +-    5.9966853752E+00
Time for propagation (sec) (min) =          21.703      0.362
Time for energies (sec) (min) =              0.758      0.013
Time for load balancing (sec) (min) =        0.028      0.000
Time for block (sec) (min) =                23.143      0.386
Time for operators (sec) (min) =             0.020      0.000
Elapsed block time (sec) (min) =           162.212      2.704
 
 walkers multiplicity, block, total
   0          55706         346611
   1         997511        7016195
   2          54692         341406
   3            476           2249
   4             83            405
   5             31            129
   6             10             48
   7              3             24
   8              5             13
   9              0              5
  10              2              6
  11              3              5
  12              2              3
  13              1              1
  15              0              1
  16              0              1
  17              0              2
  18              0              1
  20              1              1
 
 

iteration =                               8
walker number =                       10553
total energy-propagated        2.00000000E-02  -1.1874607781E+01 +-    1.2314194742E+00   
kinetic energy                 2.00000000E-02   1.4467839273E+02 +-    2.1270526599E+00   
potential energy               2.00000000E-02  -1.5655300051E+02 +-    2.1817509337E+00   
im energy                      2.00000000E-02  -3.3565189151E+00 +-    1.2854508719E+00   
imkin energy                   2.00000000E-02   1.5058533635E+01 +-    5.7549671870E-01   
impot energy                   2.00000000E-02  -1.8415052550E+01 +-    7.4680621280E-01   
v cent                         2.00000000E-02   5.1572634099E+01 +-    2.2450562838E+00   
v tau                          2.00000000E-02  -1.2608519059E+01 +-    2.7066578397E-01   
v sigma                        2.00000000E-02  -1.7845268783E+01 +-    5.2730002123E-01   
v sigtau                       2.00000000E-02  -8.5375774789E+01 +-    7.3921734726E-01   
v tensor                       2.00000000E-02   2.1223745472E+00 +-    2.4448622985E-01   
v tenstau                      2.00000000E-02  -9.4418446523E+01 +-    1.6617374938E+00   
v ls                           2.00000000E-02   0.0000000000E+00 +-    0.0000000000E+00   
v lstau                        2.00000000E-02   0.0000000000E+00 +-    0.0000000000E+00   
vpot v6                        2.00000000E-02  -1.5655300051E+02 +-    2.1817509337E+00   
vpot v8                        2.00000000E-02  -1.5655300051E+02 +-    2.1817509337E+00   
v coulomb                      2.00000000E-02   1.0059777372E+00 +-    4.1356237268E-03   
v external                     2.00000000E-02   0.0000000000E+00 +-    0.0000000000E+00   
tni 2pipr-anticomm             2.00000000E-02   0.0000000000E+00 +-    0.0000000000E+00   
tni vd1pr                      2.00000000E-02   0.0000000000E+00 +-    0.0000000000E+00   
tni vepr                       2.00000000E-02   0.0000000000E+00 +-    0.0000000000E+00   
tni central                    2.00000000E-02   0.0000000000E+00 +-    0.0000000000E+00   
tni 2pixx-anticommutator       2.00000000E-02   0.0000000000E+00 +-    0.0000000000E+00   
tni 2pixd-anticommutator       2.00000000E-02   0.0000000000E+00 +-    0.0000000000E+00   
tni 2pidd-anticommutator       2.00000000E-02   0.0000000000E+00 +-    0.0000000000E+00   
tni 2pixx-commutator           2.00000000E-02   0.0000000000E+00 +-    0.0000000000E+00   
tni 2pixd-commutator           2.00000000E-02   0.0000000000E+00 +-    0.0000000000E+00   
tni 2pidd-commutator           2.00000000E-02   0.0000000000E+00 +-    0.0000000000E+00   
tni 2pi-tm                     2.00000000E-02   0.0000000000E+00 +-    0.0000000000E+00   
tni vd1                        2.00000000E-02   0.0000000000E+00 +-    0.0000000000E+00   
tni vd2                        2.00000000E-02   0.0000000000E+00 +-    0.0000000000E+00   
tni ve                         2.00000000E-02   0.0000000000E+00 +-    0.0000000000E+00   
vpottot v8+tni                 2.00000000E-02  -1.5655300051E+02 +-    2.1817509337E+00   
enetot v8+tni                  2.00000000E-02  -1.1874607781E+01 +-    1.2314194742E+00   
vper cent                      2.00000000E-02   5.1572634099E+01 +-    2.2450562838E+00   
vper tau                       2.00000000E-02  -1.2608519059E+01 +-    2.7066578397E-01   
vper sigma                     2.00000000E-02  -1.7845268783E+01 +-    5.2730002123E-01   
vper sigtau                    2.00000000E-02  -8.5375774789E+01 +-    7.3921734726E-01   
vper tensor                    2.00000000E-02   2.1223745472E+00 +-    2.4448622985E-01   
vper tenstau                   2.00000000E-02  -9.4418446523E+01 +-    1.6617374938E+00   
vper ls                        2.00000000E-02   0.0000000000E+00 +-    0.0000000000E+00   
vper lstau                     2.00000000E-02   0.0000000000E+00 +-    0.0000000000E+00   
vpotper v6                     2.00000000E-02  -1.5655300051E+02 +-    2.1817509337E+00   
vpotper v8                     2.00000000E-02  -1.5655300051E+02 +-    2.1817509337E+00   
vpotv6pr-vpotv6per diff        2.00000000E-02   0.0000000000E+00 +-    0.0000000000E+00   
vpotv8pr-vpotv8per diff        2.00000000E-02   0.0000000000E+00 +-    0.0000000000E+00   
2piapr-2pia diff               2.00000000E-02   0.0000000000E+00 +-    0.0000000000E+00   
vd1pr-vd1 diff                 2.00000000E-02   0.0000000000E+00 +-    0.0000000000E+00   
vepr-ve diff                   2.00000000E-02   0.0000000000E+00 +-    0.0000000000E+00   
diff1 2piapr-2pia-2picxx       2.00000000E-02   0.0000000000E+00 +-    0.0000000000E+00   
diff2 vd1pr-vd1-2picxd         2.00000000E-02   0.0000000000E+00 +-    0.0000000000E+00   
diff3 vepr-ve-2picdd           2.00000000E-02   0.0000000000E+00 +-    0.0000000000E+00   
sum diff1+dif2+diff3           2.00000000E-02   0.0000000000E+00 +-    0.0000000000E+00   
proton rms                     2.00000000E-02   1.6055710877E+00 +-    1.2418880987E-02   
neutron rms                    2.00000000E-02   1.6360719264E+00 +-    1.3994300128E-02   
total rms                      2.00000000E-02   1.6296350904E+00 +-    1.1425798914E-02   
neutron-proton rms             2.00000000E-02   3.0500838614E-02 +-    1.3184476108E-02   
GT sigXtau+                    2.00000000E-02   4.1703053097E-04 +-    3.3439631731E-05   
GT sigYtau+                    2.00000000E-02   1.4873459821E-04 +-    4.0381754984E-05   
GT sigZtau+                    2.00000000E-02  -1.9686852647E-04 +-    4.3246509607E-05   
GT sigXtau-                    2.00000000E-02   5.8317070743E-04 +-    2.6916764517E-05   
GT sigYtau-                    2.00000000E-02   2.4977506500E-04 +-    4.1823270321E-05   
GT sigZtau-                    2.00000000E-02   3.3372249719E-04 +-    3.6489262387E-05   
F tau+                         2.00000000E-02   5.6751754248E-19 +-    4.2802053343E-20   
F tau-                         2.00000000E-02  -9.8415827183E-19 +-    4.9889707714E-20   
Psi**2                         2.00000000E-02   5.8508070479E-05 +-    1.0913701582E-06   
single crossing/step           2.00000000E-02   8.5096297480E-03 +-    4.3765505609E-05   
global crossing/step           2.00000000E-02   8.3670609858E-03 +-    8.6800914881E-05   
energy numerator(real)         2.00000000E-02  -9.5124134244E-01 +-    1.2004385832E+00   
denominator psit/psigi(real)   2.00000000E-02   8.8573529574E-02 +-    1.4048699914E-02   
energy numerator(aimag)        2.00000000E-02   8.7620836982E-01 +-    9.7705742731E-01   
denominator psit/psigi(aimag)  2.00000000E-02  -6.1618435925E-02 +-    9.3836470883E-03   
growth(lin dt) energy          2.00000000E-02  -2.8422689662E+02 +-    6.0083960314E+00   
growth(global) energy          2.00000000E-02  -3.1549649163E+02 +-    1.2088570881E+01
growth energy                  2.00000000E-02  -2.8382209043E+02 +-    5.9809984204E+00
Time for propagation (sec) (min) =          22.043      0.367
Time for energies (sec) (min) =              0.741      0.012
Time for load balancing (sec) (min) =        0.029      0.000
Time for block (sec) (min) =                23.459      0.391
Time for operators (sec) (min) =             0.023      0.000
Elapsed block time (sec) (min) =           185.694      3.095
 
 walkers multiplicity, block, total
   0          59039         405650
   1        1020474        8036669
   2          57219         398625
   3            528           2777
   4             90            495
   5             25            154
   6             13             61
   7              3             27
   8              4             17
   9              0              5
  10              0              6
  11              2              7
  12              0              3
  13              0              1
  15              0              1
  16              0              1
  17              0              2
  18              0              1
  20              1              2
 
 

iteration =                               9
walker number =                       11629
total energy-propagated        2.25000000E-02  -2.9705643651E+01 +-    3.3133634395E-01   
kinetic energy                 2.25000000E-02   1.0073545493E+02 +-    1.5715476612E+00   
potential energy               2.25000000E-02  -1.3044109858E+02 +-    1.3270429234E+00   
im energy                      2.25000000E-02  -1.3275593444E+01 +-    5.0380512718E-01   
imkin energy                   2.25000000E-02  -1.3208348765E+01 +-    9.4751007824E-01   
impot energy                   2.25000000E-02  -6.7244678809E-02 +-    5.1683308490E-01   
v cent                         2.25000000E-02  -5.1823661332E+01 +-    1.5500354917E+00   
v tau                          2.25000000E-02   1.8750300571E+01 +-    6.4870189298E-01   
v sigma                        2.25000000E-02  -1.8720024886E+01 +-    2.5882011933E-01   
v sigtau                       2.25000000E-02  -6.0564645143E+01 +-    8.8549544648E-01   
v tensor                       2.25000000E-02  -4.6558012640E+00 +-    2.6682054803E-01   
v tenstau                      2.25000000E-02  -1.3427266526E+01 +-    5.3113000210E-01   
v ls                           2.25000000E-02   0.0000000000E+00 +-    0.0000000000E+00   
v lstau                        2.25000000E-02   0.0000000000E+00 +-    0.0000000000E+00   
vpot v6                        2.25000000E-02  -1.3044109858E+02 +-    1.3270429234E+00   
vpot v8                        2.25000000E-02  -1.3044109858E+02 +-    1.3270429234E+00   
v coulomb                      2.25000000E-02   7.1450003869E-01 +-    6.9253485583E-03   
v external                     2.25000000E-02   0.0000000000E+00 +-    0.0000000000E+00   
tni 2pipr-anticomm             2.25000000E-02   0.0000000000E+00 +-    0.0000000000E+00   
tni vd1pr                      2.25000000E-02   0.0000000000E+00 +-    0.0000000000E+00   
tni vepr                       2.25000000E-02   0.0000000000E+00 +-    0.0000000000E+00   
tni central                    2.25000000E-02   0.0000000000E+00 +-    0.0000000000E+00   
tni 2pixx-anticommutator       2.25000000E-02   0.0000000000E+00 +-    0.0000000000E+00   
tni 2pixd-anticommutator       2.25000000E-02   0.0000000000E+00 +-    0.0000000000E+00   
tni 2pidd-anticommutator       2.25000000E-02   0.0000000000E+00 +-    0.0000000000E+00   
tni 2pixx-commutator           2.25000000E-02   0.0000000000E+00 +-    0.0000000000E+00   
tni 2pixd-commutator           2.25000000E-02   0.0000000000E+00 +-    0.0000000000E+00   
tni 2pidd-commutator           2.25000000E-02   0.0000000000E+00 +-    0.0000000000E+00   
tni 2pi-tm                     2.25000000E-02   0.0000000000E+00 +-    0.0000000000E+00   
tni vd1                        2.25000000E-02   0.0000000000E+00 +-    0.0000000000E+00   
tni vd2                        2.25000000E-02   0.0000000000E+00 +-    0.0000000000E+00   
tni ve                         2.25000000E-02   0.0000000000E+00 +-    0.0000000000E+00   
vpottot v8+tni                 2.25000000E-02  -1.3044109858E+02 +-    1.3270429234E+00   
enetot v8+tni                  2.25000000E-02  -2.9705643651E+01 +-    3.3133634395E-01   
vper cent                      2.25000000E-02  -5.1823661332E+01 +-    1.5500354917E+00   
vper tau                       2.25000000E-02   1.8750300571E+01 +-    6.4870189298E-01   
vper sigma                     2.25000000E-02  -1.8720024886E+01 +-    2.5882011933E-01   
vper sigtau                    2.25000000E-02  -6.0564645143E+01 +-    8.8549544648E-01   
vper tensor                    2.25000000E-02  -4.6558012640E+00 +-    2.6682054803E-01   
vper tenstau                   2.25000000E-02  -1.3427266526E+01 +-    5.3113000210E-01   
vper ls                        2.25000000E-02   0.0000000000E+00 +-    0.0000000000E+00   
vper lstau                     2.25000000E-02   0.0000000000E+00 +-    0.0000000000E+00   
vpotper v6                     2.25000000E-02  -1.3044109858E+02 +-    1.3270429234E+00   
vpotper v8                     2.25000000E-02  -1.3044109858E+02 +-    1.3270429234E+00   
vpotv6pr-vpotv6per diff        2.25000000E-02   0.0000000000E+00 +-    0.0000000000E+00   
vpotv8pr-vpotv8per diff        2.25000000E-02   0.0000000000E+00 +-    0.0000000000E+00   
2piapr-2pia diff               2.25000000E-02   0.0000000000E+00 +-    0.0000000000E+00   
vd1pr-vd1 diff                 2.25000000E-02   0.0000000000E+00 +-    0.0000000000E+00   
vepr-ve diff                   2.25000000E-02   0.0000000000E+00 +-    0.0000000000E+00   
diff1 2piapr-2pia-2picxx       2.25000000E-02   0.0000000000E+00 +-    0.0000000000E+00   
diff2 vd1pr-vd1-2picxd         2.25000000E-02   0.0000000000E+00 +-    0.0000000000E+00   
diff3 vepr-ve-2picdd           2.25000000E-02   0.0000000000E+00 +-    0.0000000000E+00   
sum diff1+dif2+diff3           2.25000000E-02   0.0000000000E+00 +-    0.0000000000E+00   
proton rms                     2.25000000E-02   1.8966118998E+00 +-    2.4312423068E-02   
neutron rms                    2.25000000E-02   1.6323138426E+00 +-    9.0952260309E-03   
total rms                      2.25000000E-02   1.7697016469E+00 +-    9.2609918227E-03   
neutron-proton rms             2.25000000E-02  -2.6429805710E-01 +-    2.2337085697E-02   
GT sigXtau+                    2.25000000E-02   9.9571981366E-04 +-    3.7384325619E-05   
GT sigYtau+                    2.25000000E-02  -1.7586233990E-03 +-    3.5946186393E-05   
GT sigZtau+                    2.25000000E-02  -1.6078200215E-03 +-    4.4267624428E-05   
GT sigXtau-                    2.25000000E-02   2.5627411588E-03 +-    3.5880760232E-05   
GT sigYtau-                    2.25000000E-02  -6.6443796338E-04 +-    3.7301768790E-05   
GT sigZtau-                    2.25000000E-02   4.3513405335E-04 +-    3.2194779592E-05   
F tau+                         2.25000000E-02   1.8020191118E-18 +-    7.8880499023E-20   
F tau-                         2.25000000E-02   2.3220402908E-19 +-    2.4467164019E-19   
Psi**2                         2.25000000E-02   3.2264238788E-06 +-    1.5412711543E-06   
single crossing/step           2.25000000E-02   8.5650512410E-03 +-    4.3960269638E-05   
global crossing/step           2.25000000E-02   8.4121201529E-03 +-    8.7138802420E-05   
energy numerator(real)         2.25000000E-02  -2.1802258660E+00 +-    9.0397645079E-01   
denominator psit/psigi(real)   2.25000000E-02   5.0669317955E-02 +-    1.3240912057E-02   
energy numerator(aimag)        2.25000000E-02   5.4688090227E-02 +-    6.5065143696E-01   
denominator psit/psigi(aimag)  2.25000000E-02  -3.4866166465E-02 +-    8.8202706525E-03   
growth(lin dt) energy          2.25000000E-02  -2.9594398949E+02 +-    6.1737847155E+00   
growth(global) energy          2.25000000E-02  -2.9710201759E+02 +-    1.2511002267E+01
growth energy                  2.25000000E-02  -2.9548492629E+02 +-    6.1438288188E+00
Time for propagation (sec) (min) =          21.983      0.366
Time for energies (sec) (min) =              0.816      0.014
Time for load balancing (sec) (min) =        0.029      0.000
Time for block (sec) (min) =                23.411      0.390
Time for operators (sec) (min) =             0.026      0.000
Elapsed block time (sec) (min) =           209.139      3.486
 
 walkers multiplicity, block, total
   0          58059         463709
   1        1006457        9043126
   2          57448         456073
   3            543           3320
   4             96            591
   5             28            182
   6             11             72
   7              5             32
   8              2             19
   9              2              7
  10              2              8
  11              2              9
  12              0              3
  13              0              1
  15              1              2
  16              1              2
  17              0              2
  18              0              1
  20              1              3
 
 

iteration =                              10
walker number =                       11871
total energy-propagated        2.50000000E-02  -9.3105163188E+01 +-    1.2102059373E+00   
kinetic energy                 2.50000000E-02   4.6051537637E+01 +-    3.5772912302E+00   
potential energy               2.50000000E-02  -1.3915670083E+02 +-    3.6565412581E+00   
im energy                      2.50000000E-02  -7.3045544367E+00 +-    5.6272416298E-01   
imkin energy                   2.50000000E-02   2.5005223922E+01 +-    2.5925513220E+00   
impot energy                   2.50000000E-02  -3.2309778359E+01 +-    2.5966174128E+00   
v cent                         2.50000000E-02  -1.1001656661E+01 +-    2.9140099971E+00   
v tau                          2.50000000E-02   2.9725096823E+01 +-    6.2574763211E-01   
v sigma                        2.50000000E-02  -7.4455827361E+01 +-    1.1632318347E+00   
v sigtau                       2.50000000E-02  -6.0715281637E+01 +-    7.5819123129E-01   
v tensor                       2.50000000E-02  -6.0154839116E+00 +-    3.8116092093E-01   
v tenstau                      2.50000000E-02  -1.6693548079E+01 +-    2.9072987253E+00   
v ls                           2.50000000E-02   0.0000000000E+00 +-    0.0000000000E+00   
v lstau                        2.50000000E-02   0.0000000000E+00 +-    0.0000000000E+00   
vpot v6                        2.50000000E-02  -1.3915670083E+02 +-    3.6565412581E+00   
vpot v8                        2.50000000E-02  -1.3915670083E+02 +-    3.6565412581E+00   
v coulomb                      2.50000000E-02   8.7275015391E-01 +-    4.7637259104E-03   
v external                     2.50000000E-02   0.0000000000E+00 +-    0.0000000000E+00   
tni 2pipr-anticomm             2.50000000E-02   0.0000000000E+00 +-    0.0000000000E+00   
tni vd1pr                      2.50000000E-02   0.0000000000E+00 +-    0.0000000000E+00   
tni vepr                       2.50000000E-02   0.0000000000E+00 +-    0.0000000000E+00   
tni central                    2.50000000E-02   0.0000000000E+00 +-    0.0000000000E+00   
tni 2pixx-anticommutator       2.50000000E-02   0.0000000000E+00 +-    0.0000000000E+00   
tni 2pixd-anticommutator       2.50000000E-02   0.0000000000E+00 +-    0.0000000000E+00   
tni 2pidd-anticommutator       2.50000000E-02   0.0000000000E+00 +-    0.0000000000E+00   
tni 2pixx-commutator           2.50000000E-02   0.0000000000E+00 +-    0.0000000000E+00   
tni 2pixd-commutator           2.50000000E-02   0.0000000000E+00 +-    0.0000000000E+00   
tni 2pidd-commutator           2.50000000E-02   0.0000000000E+00 +-    0.0000000000E+00   
tni 2pi-tm                     2.50000000E-02   0.0000000000E+00 +-    0.0000000000E+00   
tni vd1                        2.50000000E-02   0.0000000000E+00 +-    0.0000000000E+00   
tni vd2                        2.50000000E-02   0.0000000000E+00 +-    0.0000000000E+00   
tni ve                         2.50000000E-02   0.0000000000E+00 +-    0.0000000000E+00   
vpottot v8+tni                 2.50000000E-02  -1.3915670083E+02 +-    3.6565412581E+00   
enetot v8+tni                  2.50000000E-02  -9.3105163188E+01 +-    1.2102059373E+00   
vper cent                      2.50000000E-02  -1.1001656661E+01 +-    2.9140099971E+00   
vper tau                       2.50000000E-02   2.9725096823E+01 +-    6.2574763211E-01   
vper sigma                     2.50000000E-02  -7.4455827361E+01 +-    1.1632318347E+00   
vper sigtau                    2.50000000E-02  -6.0715281637E+01 +-    7.5819123129E-01   
vper tensor                    2.50000000E-02  -6.0154839116E+00 +-    3.8116092093E-01   
vper tenstau                   2.50000000E-02  -1.6693548079E+01 +-    2.9072987253E+00   
vper ls                        2.50000000E-02   0.0000000000E+00 +-    0.0000000000E+00   
vper lstau                     2.50000000E-02   0.0000000000E+00 +-    0.0000000000E+00   
vpotper v6                     2.50000000E-02  -1.3915670083E+02 +-    3.6565412581E+00   
vpotper v8                     2.50000000E-02  -1.3915670083E+02 +-    3.6565412581E+00   
vpotv6pr-vpotv6per diff        2.50000000E-02   0.0000000000E+00 +-    0.0000000000E+00   
vpotv8pr-vpotv8per diff        2.50000000E-02   0.0000000000E+00 +-    0.0000000000E+00   
2piapr-2pia diff               2.50000000E-02   0.0000000000E+00 +-    0.0000000000E+00   
vd1pr-vd1 diff                 2.50000000E-02   0.0000000000E+00 +-    0.0000000000E+00   
vepr-ve diff                   2.50000000E-02   0.0000000000E+00 +-    0.0000000000E+00   
diff1 2piapr-2pia-2picxx       2.50000000E-02   0.0000000000E+00 +-    0.0000000000E+00   
diff2 vd1pr-vd1-2picxd         2.50000000E-02   0.0000000000E+00 +-    0.0000000000E+00   
diff3 vepr-ve-2picdd           2.50000000E-02   0.0000000000E+00 +-    0.0000000000E+00   
sum diff1+dif2+diff3           2.50000000E-02   0.0000000000E+00 +-    0.0000000000E+00   
proton rms                     2.50000000E-02   2.0531533585E+00 +-    6.4367799075E-03   
neutron rms                    2.50000000E-02   1.9066053200E+00 +-    9.3839684240E-03   
total rms                      2.50000000E-02   1.9728745283E+00 +-    6.0918566120E-03   
neutron-proton rms             2.50000000E-02  -1.4654803854E-01 +-    1.0888627910E-02   
GT sigXtau+                    2.50000000E-02   3.0612655542E-03 +-    4.3187932214E-05   
GT sigYtau+                    2.50000000E-02   9.2621682357E-04 +-    2.2862430859E-05   
GT sigZtau+                    2.50000000E-02  -5.3332925226E-04 +-    3.7297381261E-05   
GT sigXtau-                    2.50000000E-02   3.8859252095E-04 +-    4.7021976601E-05   
GT sigYtau-                    2.50000000E-02  -5.7728143706E-05 +-    4.0584453259E-05   
GT sigZtau-                    2.50000000E-02   6.8499161162E-04 +-    3.1690452494E-05   
F tau+                         2.50000000E-02  -7.7131215430E-19 +-    5.5077918896E-20   
F tau-                         2.50000000E-02  -8.1151412603E-19 +-    4.7682631659E-20   
Psi**2                         2.50000000E-02   1.3612510481E-05 +-    1.4385498979E-06   
single crossing/step           2.50000000E-02   8.0459770115E-03 +-    4.2672339870E-05   
global crossing/step           2.50000000E-02   7.8995039995E-03 +-    8.4570526203E-05   
energy numerator(real)         2.50000000E-02  -4.2612580125E+00 +-    9.1786853017E-01   
denominator psit/psigi(real)   2.50000000E-02   3.6436990070E-02 +-    1.2971190694E-02   
energy numerator(aimag)        2.50000000E-02   1.9285432510E+00 +-    6.2981763058E-01   
denominator psit/psigi(aimag)  2.50000000E-02  -3.1505451292E-02 +-    8.7651970831E-03   
growth(lin dt) energy          2.50000000E-02  -2.6948158783E+02 +-    5.8368872235E+00   
growth(global) energy          2.50000000E-02  -2.6078309570E+02 +-    1.1575818177E+01
growth energy                  2.50000000E-02  -2.6914022704E+02 +-    5.8124169538E+00
Time for propagation (sec) (min) =          21.923      0.365
Time for energies (sec) (min) =              0.833      0.014
Time for load balancing (sec) (min) =        0.027      0.000
Time for block (sec) (min) =                23.393      0.390
Time for operators (sec) (min) =             0.024      0.000
Elapsed block time (sec) (min) =           232.556      3.876
 
 walkers multiplicity, block, total
   0          56862         520571
   1        1006592       10049718
   2          55882         511955
   3            402           3722
   4             71            662
   5             16            198
   6             13             85
   7              5             37
   8              2             21
   9              0              7
  10              1              9
  11              0              9
  12              1              4
  13              1              2
  15              0              2
  16              0              2
  17              0              2
  18              0              1
  20              0              3
 
 

Time for steps      =     232.564 seconds,        3.876 minutes
Master Time for steps =     232.418 seconds,        3.874 minutes

Number of cpus =       100
Total job time =     238.044 seconds,        3.967 minutes,        0.066 hours
Total cpu-time =     396.740 minutes,        6.612 hours
Total time =         237.846 seconds,        3.964 minutes,        0.066 hours
Finished!
