Unconstrained Diffusion Monte Carlo Run -- no drift
!-!-!-!-!-!-!-!-!-!-!-!-!-!-!-!-!-!-!-!-!-!-!-!-!-!
MPI parameters:
Number of boss cpus =                         100
Number of worker cpus for each boss =           0
Total number of cpus =                        100
Simulation parameters:
random number seed =                          321
hbar^2/2m =                              20.73554
start from sites =                              F
nwalk =                                     10000
equilibration blocks =                          0
averaging blocks =                             10
nsteps/blocks =                               100
time step =                          0.0000250000
time step rotations (vmc) =          0.1700000000
trial energy =                          -26.00000
drift cutoff =                            0.00000
drastic population control up =           1.20000
drastic population control down =         0.80000
rebalance if walkers fluctuate more than   2.00 %
weight cut off =                         20.00000
table size =                                 8000
!-!-!-!-!-!-!-!-!-!-!-!-!-!-!-!-!-!-!-!-!-!-!-!-!-!
System parameters:
lpot =                                         11
lpotper =                                      11
potential  =                          argonne v6'
potentialpr =                         argonne v6'
Coulomb included in energy-propagation          F
multiply central v by =                   1.00000
multiply tau v by =                       1.00000
multiply sigma v by =                     1.00000
multiply sigma tau v by =                 1.00000
multiply tensor v by =                    1.00000
multiply tensor tau v by =                1.00000
multiply spin-orbit v by =                0.00000
multiply spin-orbit tau v by =            0.00000
three-body potential =                        no3
ibox (0 is nearest image) =                     0
!-!-!-!-!-!-!-!-!-!-!-!-!-!-!-!-!-!-!-!-!-!-!-!-!-!
propagate LS =                                  F
calculate LS =                                  F
type of correlations =           independent pair
scale orbital   1 with factor    1.14000
determinant # 1
coefficient                     1.00000   0.00000
1  1  0  1  alpha.orb    # 2J,2M,L,tau radial_file for state                    
1 -1  0  1  alpha.orb    # 2J,2M,L,tau radial_file for state                    
1  1  0 -1  alpha.orb    # 2J,2M,L,tau radial_file for state                    
1 -1  0 -1  alpha.orb    # 2J,2M,L,tau radial_file for state                    
rescaled coefficient            1.00000   0.00000
!-!-!-!-!-!-!-!-!-!-!-!-!-!-!-!-!-!-!-!-!-!-!-!-!-!
No external potential
!-!-!-!-!-!-!-!-!-!-!-!-!-!-!-!-!-!-!-!-!-!-!-!-!-!
rcut in pair sampling =                   1.00000
acut in pair sampling =                   5.00000
a constant in psig =                      0.20000
Number of protons =                             2
Number of neutrons =                            2
range of the potential =                 20.00000
!-!-!-!-!-!-!-!-!-!-!-!-!-!-!-!-!-!-!-!-!-!-!-!-!-!
do V3 =                                         F
three body force =                            no3
three body a2piPwa =                      0.000000000000000
three body a2piPwc =                      0.000000000000000
three body a2piSw =                       0.000000000000000
three body Vd,C,c3 =                      0.000000000000000
three body Ve,C,c3 =                      0.000000000000000
three body A_R =                          0.000000000000000
three body Vd1 =                          0.000000000000000
three body Vd2 =                          0.000000000000000
three body Ve =                           0.000000000000000
propagator: multiply the antic by =       0.000000000000000
propagator: multiply the Vd1 by =         0.000000000000000
propagator: multiply the Ve by =          0.000000000000000
propagator: three body a2piPW =           0.000000000000000
!-!-!-!-!-!-!-!-!-!-!-!-!-!-!-!-!-!-!-!-!-!-!-!-!-!
jastrow healing distance dc =             4.47768
jastrow healing distance dtn =           11.57317
jastrow rho =                             0.01000
potential quencher acn (v1) =             1.50851
potential quencher at  (v2) =             6.06936
potential quencher as  (v3) =             2.76780
potential quencher ast (v4) =             0.80880
potential quencher atn (v5) =             0.61864
potential quencher atn (v6) =             0.20141
potential quencher als (v7) =             0.00000
potential quencher alst (v8) =            0.00000
correlation quencher bt (f2) =            0.26685
correlation quencher bs (f3) =           -0.10565
correlation quencher bst (f4) =           0.42277
correlation quencher btn (f5) =           1.08683
correlation quencher btn (f6) =           4.44810
correlation quencher bls (f7) =           0.00000
correlation quencher blst (f8) =          0.00000
!-!-!-!-!-!-!-!-!-!-!-!-!-!-!-!-!-!-!-!-!-!-!-!-!-!
q1c parameter in f3c =                   12.87526
q2c parameter in f3c =                    1.60340
q1p parameter in f3p =                   -1.81620
q2p parameter in f3p =                    2.14789
!-!-!-!-!-!-!-!-!-!-!-!-!-!-!-!-!-!-!-!-!-!-!-!-!-!
rscal parameter in Uijk cent =            1.00000
rscal parameter in Uijk xpi =             1.00000
rscal parameter in Uijk delta =           1.00000
eps_c parameter in Uijk =                 0.00000
eps_anti parameter in Uijk =              0.00000
eps_tm parameter in Uijk =                0.00000
eps_vd1 parameter in Uijk =               0.00000
eps_vd2 parameter in Uijk =               0.00000
eps_vdc3 parameter in Uijk =              0.00000
eps_vec3 parameter in Uijk =              0.00000
eps_ve parameter in Uijk =                0.00000
eps_comm parameter in Uijk =              0.00000
eps_comm-XD parameter in Uijk =           0.00000
eps_comm-DD parameter in Uijk =           0.00000
TNI-comm correlation included =                 F
!-!-!-!-!-!-!-!-!-!-!-!-!-!-!-!-!-!-!-!-!-!-!-!-!-!
CSB correlation rscalpp =                 1.00000
CSB correlation rscalnn =                 1.00000
CSB correlation quencher pp =             0.00000
CSB correlation quencher nn =             0.00000
CSB correlation included =                      F
!-!-!-!-!-!-!-!-!-!-!-!-!-!-!-!-!-!-!-!-!-!-!-!-!-!
jastrow initialized
!-!-!-!-!-!-!-!-!-!-!-!-!-!-!-!-!-!-!-!-!-!-!-!-!-!
Symmetrize V6 in the propagator =               T
New propagation of Vlstau and commutator included!
Coulomb included in energy (and propag)         F
Initial walkers from file
Number of walkers =                          8202
Configurations at tau =              1.1125000000
Reset tau =                          0.0000000000
!-!-!-!-!-!-!-!-!-!-!-!-!-!-!-!-!-!-!-!-!-!-!-!-!-!
Time for reading configurations (sec.) =       0.75
!-!-!-!-!-!-!-!-!-!-!-!-!-!-!-!-!-!-!-!-!-!-!-!-!-!
Initial configurations:
total energy-propagated        0.00000000E+00  -2.7023668571E+01 +-    3.5099565779E-01   
kinetic energy                 0.00000000E+00   1.0668925737E+02 +-    1.6492134580E+00   
potential energy               0.00000000E+00  -1.3371292594E+02 +-    1.6079907651E+00   
v cent                         0.00000000E+00   1.5127184452E+01 +-    1.4661405957E+00   
v tau                          0.00000000E+00  -7.2545011949E+00 +-    2.3908430054E-01   
v sigma                        0.00000000E+00  -8.2082844236E+00 +-    2.4277352544E-01   
v sigtau                       0.00000000E+00  -5.9696994971E+01 +-    5.4972079312E-01   
v tensor                       0.00000000E+00   5.9309501530E-01 +-    1.4140108023E-01   
v tenstau                      0.00000000E+00  -7.4273424821E+01 +-    1.0281380028E+00   
v ls                           0.00000000E+00   0.0000000000E+00 +-    0.0000000000E+00   
v lstau                        0.00000000E+00   0.0000000000E+00 +-    0.0000000000E+00   
v coulomb                      0.00000000E+00   7.4023175460E-01 +-    2.9847313125E-03   
v external                     0.00000000E+00   0.0000000000E+00 +-    0.0000000000E+00   
tni 2pipr-anticomm             0.00000000E+00   0.0000000000E+00 +-    0.0000000000E+00   
tni vd1pr                      0.00000000E+00   0.0000000000E+00 +-    0.0000000000E+00   
tni vepr                       0.00000000E+00   0.0000000000E+00 +-    0.0000000000E+00   
tni central                    0.00000000E+00   0.0000000000E+00 +-    0.0000000000E+00   
tni 2pixx-anticommutator       0.00000000E+00   0.0000000000E+00 +-    0.0000000000E+00   
tni 2pixd-anticommutator       0.00000000E+00   0.0000000000E+00 +-    0.0000000000E+00   
tni 2pidd-anticommutator       0.00000000E+00   0.0000000000E+00 +-    0.0000000000E+00   
tni 2pixx-commutator           0.00000000E+00   0.0000000000E+00 +-    0.0000000000E+00   
tni 2pixd-commutator           0.00000000E+00   0.0000000000E+00 +-    0.0000000000E+00   
tni 2pidd-commutator           0.00000000E+00   0.0000000000E+00 +-    0.0000000000E+00   
tni 2pi-tm                     0.00000000E+00   0.0000000000E+00 +-    0.0000000000E+00   
tni vd1                        0.00000000E+00   0.0000000000E+00 +-    0.0000000000E+00   
tni vd2                        0.00000000E+00   0.0000000000E+00 +-    0.0000000000E+00   
tni ve                         0.00000000E+00   0.0000000000E+00 +-    0.0000000000E+00   
enetot v8+tni                  0.00000000E+00  -2.7023668571E+01 +-    3.5099565779E-01   
!-!-!-!-!-!-!-!-!-!-!-!-!-!-!-!-!-!-!-!-!-!-!-!-!-!
Psi**2 of initial configurations  =   0.2636971E-04  0.0000000E+00  +-    0.7300222E-06  0.0000000E+00
Psig**2 of initial configurations =   0.1721212E-04  0.0000000E+00  +-    0.5469011E-06  0.0000000E+00
!-!-!-!-!-!-!-!-!-!-!-!-!-!-!-!-!-!-!-!-!-!-!-!-!-!
T**2 of initial configurations  =  -0.1584728E-07  0.1251570E-08
Tz of initial configurations    =  -0.1122425E-13  0.2589583E-13
J**2 of initial configurations  =   0.3020019E-07 -0.1014229E-09
Jz of initial configurations    =  -0.9809979E-14 -0.7395148E-14
!-!-!-!-!-!-!-!-!-!-!-!-!-!-!-!-!-!-!-!-!-!-!-!-!-!
!-!-!-!-!-!-!-!-!-!-!-!-!-!-!-!-!-!-!-!-!-!-!-!-!-!
Time to process initial configurations (sec.) =       1.42
!-!-!-!-!-!-!-!-!-!-!-!-!-!-!-!-!-!-!-!-!-!-!-!-!-!

equilibration done

iteration =                               1
walker number =                       10753
total energy-propagated        2.50000000E-03  -2.3982414682E+01 +-    3.6071573964E-01   
kinetic energy                 2.50000000E-03   9.3046030874E+01 +-    1.6241589656E+00   
potential energy               2.50000000E-03  -1.1702844556E+02 +-    1.6152575121E+00   
im energy                      2.50000000E-03  -1.3250209237E-01 +-    2.8433330853E-01   
imkin energy                   2.50000000E-03   4.4941749329E-01 +-    5.0554179700E-01   
impot energy                   2.50000000E-03  -5.8191958566E-01 +-    4.1582897452E-01   
v cent                         2.50000000E-03   1.9985357890E+01 +-    1.5112920862E+00   
v tau                          2.50000000E-03  -7.6269013970E+00 +-    2.4756387773E-01   
v sigma                        2.50000000E-03  -8.9014184566E+00 +-    1.9853369001E-01   
v sigtau                       2.50000000E-03  -5.9686965451E+01 +-    4.8361375313E-01   
v tensor                       2.50000000E-03  -2.0298440834E-01 +-    1.2165553003E-01   
v tenstau                      2.50000000E-03  -6.0595533733E+01 +-    7.5953777896E-01   
v ls                           2.50000000E-03   0.0000000000E+00 +-    0.0000000000E+00   
v lstau                        2.50000000E-03   0.0000000000E+00 +-    0.0000000000E+00   
vpot v6                        2.50000000E-03  -1.1702844556E+02 +-    1.6152575121E+00   
vpot v8                        2.50000000E-03  -1.1702844556E+02 +-    1.6152575121E+00   
v coulomb                      2.50000000E-03   7.2219758362E-01 +-    2.6075967984E-03   
v external                     2.50000000E-03   0.0000000000E+00 +-    0.0000000000E+00   
tni 2pipr-anticomm             2.50000000E-03   0.0000000000E+00 +-    0.0000000000E+00   
tni vd1pr                      2.50000000E-03   0.0000000000E+00 +-    0.0000000000E+00   
tni vepr                       2.50000000E-03   0.0000000000E+00 +-    0.0000000000E+00   
tni central                    2.50000000E-03   0.0000000000E+00 +-    0.0000000000E+00   
tni 2pixx-anticommutator       2.50000000E-03   0.0000000000E+00 +-    0.0000000000E+00   
tni 2pixd-anticommutator       2.50000000E-03   0.0000000000E+00 +-    0.0000000000E+00   
tni 2pidd-anticommutator       2.50000000E-03   0.0000000000E+00 +-    0.0000000000E+00   
tni 2pixx-commutator           2.50000000E-03   0.0000000000E+00 +-    0.0000000000E+00   
tni 2pixd-commutator           2.50000000E-03   0.0000000000E+00 +-    0.0000000000E+00   
tni 2pidd-commutator           2.50000000E-03   0.0000000000E+00 +-    0.0000000000E+00   
tni 2pi-tm                     2.50000000E-03   0.0000000000E+00 +-    0.0000000000E+00   
tni vd1                        2.50000000E-03   0.0000000000E+00 +-    0.0000000000E+00   
tni vd2                        2.50000000E-03   0.0000000000E+00 +-    0.0000000000E+00   
tni ve                         2.50000000E-03   0.0000000000E+00 +-    0.0000000000E+00   
vpottot v8+tni                 2.50000000E-03  -1.1702844556E+02 +-    1.6152575121E+00   
enetot v8+tni                  2.50000000E-03  -2.3982414682E+01 +-    3.6071573964E-01   
vper cent                      2.50000000E-03   1.9985357890E+01 +-    1.5112920862E+00   
vper tau                       2.50000000E-03  -7.6269013970E+00 +-    2.4756387773E-01   
vper sigma                     2.50000000E-03  -8.9014184566E+00 +-    1.9853369001E-01   
vper sigtau                    2.50000000E-03  -5.9686965451E+01 +-    4.8361375313E-01   
vper tensor                    2.50000000E-03  -2.0298440834E-01 +-    1.2165553003E-01   
vper tenstau                   2.50000000E-03  -6.0595533733E+01 +-    7.5953777896E-01   
vper ls                        2.50000000E-03   0.0000000000E+00 +-    0.0000000000E+00   
vper lstau                     2.50000000E-03   0.0000000000E+00 +-    0.0000000000E+00   
vpotper v6                     2.50000000E-03  -1.1702844556E+02 +-    1.6152575121E+00   
vpotper v8                     2.50000000E-03  -1.1702844556E+02 +-    1.6152575121E+00   
vpotv6pr-vpotv6per diff        2.50000000E-03   0.0000000000E+00 +-    0.0000000000E+00   
vpotv8pr-vpotv8per diff        2.50000000E-03   0.0000000000E+00 +-    0.0000000000E+00   
2piapr-2pia diff               2.50000000E-03   0.0000000000E+00 +-    0.0000000000E+00   
vd1pr-vd1 diff                 2.50000000E-03   0.0000000000E+00 +-    0.0000000000E+00   
vepr-ve diff                   2.50000000E-03   0.0000000000E+00 +-    0.0000000000E+00   
diff1 2piapr-2pia-2picxx       2.50000000E-03   0.0000000000E+00 +-    0.0000000000E+00   
diff2 vd1pr-vd1-2picxd         2.50000000E-03   0.0000000000E+00 +-    0.0000000000E+00   
diff3 vepr-ve-2picdd           2.50000000E-03   0.0000000000E+00 +-    0.0000000000E+00   
sum diff1+dif2+diff3           2.50000000E-03   0.0000000000E+00 +-    0.0000000000E+00   
proton rms                     2.50000000E-03   2.1530738279E+00 +-    1.2402179084E-02   
neutron rms                    2.50000000E-03   2.0539136097E+00 +-    1.1813892537E-02   
total rms                      2.50000000E-03   2.1030405539E+00 +-    1.0832301390E-02   
neutron-proton rms             2.50000000E-03  -9.9160218117E-02 +-    1.0876768714E-02   
GT sigXtau+                    2.50000000E-03   6.2657386873E-05 +-    2.2085344501E-05   
GT sigYtau+                    2.50000000E-03   1.8827141515E-05 +-    2.4487645475E-05   
GT sigZtau+                    2.50000000E-03  -8.5434107533E-05 +-    2.3839853061E-05   
GT sigXtau-                    2.50000000E-03   2.5463862057E-05 +-    2.1788559342E-05   
GT sigYtau-                    2.50000000E-03   1.0267850000E-04 +-    2.1445291083E-05   
GT sigZtau-                    2.50000000E-03   3.8454242428E-05 +-    2.0798461602E-05   
F tau+                         2.50000000E-03   9.5659088843E-21 +-    3.8137092553E-20   
F tau-                         2.50000000E-03  -6.6459123615E-21 +-    3.8326112371E-20   
Psi**2                         2.50000000E-03   2.6820969854E-05 +-    6.5175673684E-07   
single crossing/step           2.50000000E-03   8.8139131176E-03 +-    4.8228763459E-05   
global crossing/step           2.50000000E-03   8.6094337412E-03 +-    9.5341905307E-05   
energy numerator(real)         2.50000000E-03  -2.4440363287E+01 +-    8.9362832836E-01   
denominator psit/psigi(real)   2.50000000E-03   1.0190160411E+00 +-    1.1591680319E-02   
energy numerator(aimag)        2.50000000E-03  -7.0578466174E-01 +-    5.3977458054E-01   
denominator psit/psigi(aimag)  2.50000000E-03   3.1953177459E-02 +-    7.5823011800E-03   
growth(lin dt) energy          2.50000000E-03  -2.0887457687E+02 +-    5.1549268511E+00   
growth(global) energy          2.50000000E-03  -2.1248641191E+02 +-    1.1442484866E+01
growth energy                  2.50000000E-03  -2.0873733324E+02 +-    5.1411162723E+00
Time for propagation (sec) (min) =          18.754      0.313
Time for energies (sec) (min) =              0.754      0.013
Time for load balancing (sec) (min) =        0.066      0.001
Time for block (sec) (min) =                20.254      0.338
Time for operators (sec) (min) =             0.020      0.000
Elapsed block time (sec) (min) =            20.276      0.338
 
 walkers multiplicity, block, total
   0          36613          36613
   1         863511         863511
   2          38620          38620
   3            188            188
   4             21             21
   5              7              7
   6              4              4
   7              2              2
   8              1              1
   9              0              0
  12              1              1
  14              1              1
  15              1              1
 
 

iteration =                               2
walker number =                       10141
total energy-propagated        5.00000000E-03  -2.7011458048E+01 +-    3.0408499568E-01   
kinetic energy                 5.00000000E-03   1.0612966703E+02 +-    1.5940036775E+00   
potential energy               5.00000000E-03  -1.3314112507E+02 +-    1.6054094254E+00   
im energy                      5.00000000E-03   1.2252360926E+00 +-    2.1650968428E-01   
imkin energy                   5.00000000E-03   2.2033878890E+00 +-    4.8909482950E-01   
impot energy                   5.00000000E-03  -9.7815179646E-01 +-    4.3125747285E-01   
v cent                         5.00000000E-03   1.3448146736E+01 +-    1.2354588255E+00   
v tau                          5.00000000E-03  -7.5801540020E+00 +-    1.7517667816E-01   
v sigma                        5.00000000E-03  -8.3810647151E+00 +-    2.4166448069E-01   
v sigtau                       5.00000000E-03  -5.9700496108E+01 +-    4.8347064108E-01   
v tensor                       5.00000000E-03   3.5309009442E-01 +-    1.3882178074E-01   
v tenstau                      5.00000000E-03  -7.1280647079E+01 +-    9.9636053207E-01   
v ls                           5.00000000E-03   0.0000000000E+00 +-    0.0000000000E+00   
v lstau                        5.00000000E-03   0.0000000000E+00 +-    0.0000000000E+00   
vpot v6                        5.00000000E-03  -1.3314112507E+02 +-    1.6054094254E+00   
vpot v8                        5.00000000E-03  -1.3314112507E+02 +-    1.6054094254E+00   
v coulomb                      5.00000000E-03   7.2574775490E-01 +-    3.0052021183E-03   
v external                     5.00000000E-03   0.0000000000E+00 +-    0.0000000000E+00   
tni 2pipr-anticomm             5.00000000E-03   0.0000000000E+00 +-    0.0000000000E+00   
tni vd1pr                      5.00000000E-03   0.0000000000E+00 +-    0.0000000000E+00   
tni vepr                       5.00000000E-03   0.0000000000E+00 +-    0.0000000000E+00   
tni central                    5.00000000E-03   0.0000000000E+00 +-    0.0000000000E+00   
tni 2pixx-anticommutator       5.00000000E-03   0.0000000000E+00 +-    0.0000000000E+00   
tni 2pixd-anticommutator       5.00000000E-03   0.0000000000E+00 +-    0.0000000000E+00   
tni 2pidd-anticommutator       5.00000000E-03   0.0000000000E+00 +-    0.0000000000E+00   
tni 2pixx-commutator           5.00000000E-03   0.0000000000E+00 +-    0.0000000000E+00   
tni 2pixd-commutator           5.00000000E-03   0.0000000000E+00 +-    0.0000000000E+00   
tni 2pidd-commutator           5.00000000E-03   0.0000000000E+00 +-    0.0000000000E+00   
tni 2pi-tm                     5.00000000E-03   0.0000000000E+00 +-    0.0000000000E+00   
tni vd1                        5.00000000E-03   0.0000000000E+00 +-    0.0000000000E+00   
tni vd2                        5.00000000E-03   0.0000000000E+00 +-    0.0000000000E+00   
tni ve                         5.00000000E-03   0.0000000000E+00 +-    0.0000000000E+00   
vpottot v8+tni                 5.00000000E-03  -1.3314112507E+02 +-    1.6054094254E+00   
enetot v8+tni                  5.00000000E-03  -2.7011458048E+01 +-    3.0408499568E-01   
vper cent                      5.00000000E-03   1.3448146736E+01 +-    1.2354588255E+00   
vper tau                       5.00000000E-03  -7.5801540020E+00 +-    1.7517667816E-01   
vper sigma                     5.00000000E-03  -8.3810647151E+00 +-    2.4166448069E-01   
vper sigtau                    5.00000000E-03  -5.9700496108E+01 +-    4.8347064108E-01   
vper tensor                    5.00000000E-03   3.5309009442E-01 +-    1.3882178074E-01   
vper tenstau                   5.00000000E-03  -7.1280647079E+01 +-    9.9636053207E-01   
vper ls                        5.00000000E-03   0.0000000000E+00 +-    0.0000000000E+00   
vper lstau                     5.00000000E-03   0.0000000000E+00 +-    0.0000000000E+00   
vpotper v6                     5.00000000E-03  -1.3314112507E+02 +-    1.6054094254E+00   
vpotper v8                     5.00000000E-03  -1.3314112507E+02 +-    1.6054094254E+00   
vpotv6pr-vpotv6per diff        5.00000000E-03   0.0000000000E+00 +-    0.0000000000E+00   
vpotv8pr-vpotv8per diff        5.00000000E-03   0.0000000000E+00 +-    0.0000000000E+00   
2piapr-2pia diff               5.00000000E-03   0.0000000000E+00 +-    0.0000000000E+00   
vd1pr-vd1 diff                 5.00000000E-03   0.0000000000E+00 +-    0.0000000000E+00   
vepr-ve diff                   5.00000000E-03   0.0000000000E+00 +-    0.0000000000E+00   
diff1 2piapr-2pia-2picxx       5.00000000E-03   0.0000000000E+00 +-    0.0000000000E+00   
diff2 vd1pr-vd1-2picxd         5.00000000E-03   0.0000000000E+00 +-    0.0000000000E+00   
diff3 vepr-ve-2picdd           5.00000000E-03   0.0000000000E+00 +-    0.0000000000E+00   
sum diff1+dif2+diff3           5.00000000E-03   0.0000000000E+00 +-    0.0000000000E+00   
proton rms                     5.00000000E-03   2.0998202924E+00 +-    1.2633110042E-02   
neutron rms                    5.00000000E-03   2.0328820163E+00 +-    1.1838752003E-02   
total rms                      5.00000000E-03   2.0657553911E+00 +-    1.1053590800E-02   
neutron-proton rms             5.00000000E-03  -6.6938276017E-02 +-    1.0535003002E-02   
GT sigXtau+                    5.00000000E-03   1.4022485350E-04 +-    2.1690658870E-05   
GT sigYtau+                    5.00000000E-03  -3.4144503011E-05 +-    2.1209756981E-05   
GT sigZtau+                    5.00000000E-03  -1.5800357303E-04 +-    2.2773152792E-05   
GT sigXtau-                    5.00000000E-03   1.1269996129E-04 +-    2.4038095985E-05   
GT sigYtau-                    5.00000000E-03   9.3344252641E-05 +-    2.2721148842E-05   
GT sigZtau-                    5.00000000E-03   9.3153008822E-05 +-    2.1309611423E-05   
F tau+                         5.00000000E-03   1.2232304847E-19 +-    3.9018179946E-20   
F tau-                         5.00000000E-03   3.0451535247E-21 +-    4.2437448236E-20   
Psi**2                         5.00000000E-03   2.4937037124E-05 +-    5.6322717046E-07   
single crossing/step           5.00000000E-03   7.9470042166E-03 +-    4.2326333063E-05   
global crossing/step           5.00000000E-03   7.8179324336E-03 +-    8.3967867869E-05   
energy numerator(real)         5.00000000E-03  -1.6111004219E+01 +-    8.9522147490E-01   
denominator psit/psigi(real)   5.00000000E-03   5.8915012927E-01 +-    1.3148336943E-02   
energy numerator(aimag)        5.00000000E-03  -3.2715606368E-01 +-    6.5463793728E-01   
denominator psit/psigi(aimag)  5.00000000E-03   7.1918088608E-02 +-    8.6464218902E-03   
growth(lin dt) energy          5.00000000E-03  -2.2307130066E+02 +-    5.4962075651E+00   
growth(global) energy          5.00000000E-03  -2.2389345831E+02 +-    1.3270272191E+01
growth energy                  5.00000000E-03  -2.2289442690E+02 +-    5.4795197778E+00
Time for propagation (sec) (min) =          21.972      0.366
Time for energies (sec) (min) =              0.712      0.012
Time for load balancing (sec) (min) =        0.032      0.001
Time for block (sec) (min) =                23.432      0.391
Time for operators (sec) (min) =             0.018      0.000
Elapsed block time (sec) (min) =            43.744      0.729
 
 walkers multiplicity, block, total
   0          50950          87563
   1        1023662        1887173
   2          49094          87714
   3            327            515
   4             91            112
   5             14             21
   6             12             16
   7             10             12
   8              2              3
   9              5              5
  10              1              1
  11              1              1
  12              1              2
  13              2              2
  14              0              1
  15              1              2
  20              1              1
 
 

iteration =                               3
walker number =                       11338
total energy-propagated        7.50000000E-03  -3.1126985420E+01 +-    3.0215064951E-01   
kinetic energy                 7.50000000E-03   9.4737633333E+01 +-    1.2796763738E+00   
potential energy               7.50000000E-03  -1.2586461875E+02 +-    1.1171216149E+00   
im energy                      7.50000000E-03  -9.0189973980E-01 +-    1.6249064804E-01   
imkin energy                   7.50000000E-03  -6.0008828837E+00 +-    3.6253496450E-01   
impot energy                   7.50000000E-03   5.0989831439E+00 +-    3.5708027040E-01   
v cent                         7.50000000E-03   8.1947159443E+00 +-    8.8538483802E-01   
v tau                          7.50000000E-03  -6.4117972826E+00 +-    2.2501613206E-01   
v sigma                        7.50000000E-03  -8.5640822774E+00 +-    2.2760308951E-01   
v sigtau                       7.50000000E-03  -5.7402415648E+01 +-    4.3937744278E-01   
v tensor                       7.50000000E-03  -4.3165597929E-01 +-    1.1176850659E-01   
v tenstau                      7.50000000E-03  -6.1249383510E+01 +-    8.6383425083E-01   
v ls                           7.50000000E-03   0.0000000000E+00 +-    0.0000000000E+00   
v lstau                        7.50000000E-03   0.0000000000E+00 +-    0.0000000000E+00   
vpot v6                        7.50000000E-03  -1.2586461875E+02 +-    1.1171216149E+00   
vpot v8                        7.50000000E-03  -1.2586461875E+02 +-    1.1171216149E+00   
v coulomb                      7.50000000E-03   7.5934339817E-01 +-    2.1992153999E-03   
v external                     7.50000000E-03   0.0000000000E+00 +-    0.0000000000E+00   
tni 2pipr-anticomm             7.50000000E-03   0.0000000000E+00 +-    0.0000000000E+00   
tni vd1pr                      7.50000000E-03   0.0000000000E+00 +-    0.0000000000E+00   
tni vepr                       7.50000000E-03   0.0000000000E+00 +-    0.0000000000E+00   
tni central                    7.50000000E-03   0.0000000000E+00 +-    0.0000000000E+00   
tni 2pixx-anticommutator       7.50000000E-03   0.0000000000E+00 +-    0.0000000000E+00   
tni 2pixd-anticommutator       7.50000000E-03   0.0000000000E+00 +-    0.0000000000E+00   
tni 2pidd-anticommutator       7.50000000E-03   0.0000000000E+00 +-    0.0000000000E+00   
tni 2pixx-commutator           7.50000000E-03   0.0000000000E+00 +-    0.0000000000E+00   
tni 2pixd-commutator           7.50000000E-03   0.0000000000E+00 +-    0.0000000000E+00   
tni 2pidd-commutator           7.50000000E-03   0.0000000000E+00 +-    0.0000000000E+00   
tni 2pi-tm                     7.50000000E-03   0.0000000000E+00 +-    0.0000000000E+00   
tni vd1                        7.50000000E-03   0.0000000000E+00 +-    0.0000000000E+00   
tni vd2                        7.50000000E-03   0.0000000000E+00 +-    0.0000000000E+00   
tni ve                         7.50000000E-03   0.0000000000E+00 +-    0.0000000000E+00   
vpottot v8+tni                 7.50000000E-03  -1.2586461875E+02 +-    1.1171216149E+00   
enetot v8+tni                  7.50000000E-03  -3.1126985420E+01 +-    3.0215064951E-01   
vper cent                      7.50000000E-03   8.1947159443E+00 +-    8.8538483802E-01   
vper tau                       7.50000000E-03  -6.4117972826E+00 +-    2.2501613206E-01   
vper sigma                     7.50000000E-03  -8.5640822774E+00 +-    2.2760308951E-01   
vper sigtau                    7.50000000E-03  -5.7402415648E+01 +-    4.3937744278E-01   
vper tensor                    7.50000000E-03  -4.3165597929E-01 +-    1.1176850659E-01   
vper tenstau                   7.50000000E-03  -6.1249383510E+01 +-    8.6383425083E-01   
vper ls                        7.50000000E-03   0.0000000000E+00 +-    0.0000000000E+00   
vper lstau                     7.50000000E-03   0.0000000000E+00 +-    0.0000000000E+00   
vpotper v6                     7.50000000E-03  -1.2586461875E+02 +-    1.1171216149E+00   
vpotper v8                     7.50000000E-03  -1.2586461875E+02 +-    1.1171216149E+00   
vpotv6pr-vpotv6per diff        7.50000000E-03   0.0000000000E+00 +-    0.0000000000E+00   
vpotv8pr-vpotv8per diff        7.50000000E-03   0.0000000000E+00 +-    0.0000000000E+00   
2piapr-2pia diff               7.50000000E-03   0.0000000000E+00 +-    0.0000000000E+00   
vd1pr-vd1 diff                 7.50000000E-03   0.0000000000E+00 +-    0.0000000000E+00   
vepr-ve diff                   7.50000000E-03   0.0000000000E+00 +-    0.0000000000E+00   
diff1 2piapr-2pia-2picxx       7.50000000E-03   0.0000000000E+00 +-    0.0000000000E+00   
diff2 vd1pr-vd1-2picxd         7.50000000E-03   0.0000000000E+00 +-    0.0000000000E+00   
diff3 vepr-ve-2picdd           7.50000000E-03   0.0000000000E+00 +-    0.0000000000E+00   
sum diff1+dif2+diff3           7.50000000E-03   0.0000000000E+00 +-    0.0000000000E+00   
proton rms                     7.50000000E-03   2.1505572170E+00 +-    1.3355862493E-02   
neutron rms                    7.50000000E-03   2.0943264729E+00 +-    1.2195911975E-02   
total rms                      7.50000000E-03   2.1199794283E+00 +-    1.1342701167E-02   
neutron-proton rms             7.50000000E-03  -5.6230744042E-02 +-    1.1405370001E-02   
GT sigXtau+                    7.50000000E-03  -1.1243359185E-04 +-    1.5867145324E-05   
GT sigYtau+                    7.50000000E-03  -1.7288049662E-04 +-    1.9766840590E-05   
GT sigZtau+                    7.50000000E-03  -4.0021382412E-05 +-    1.8927140731E-05   
GT sigXtau-                    7.50000000E-03   2.0610575697E-04 +-    2.2391415639E-05   
GT sigYtau-                    7.50000000E-03  -2.5766153968E-04 +-    2.2824908376E-05   
GT sigZtau-                    7.50000000E-03   2.6810037669E-04 +-    2.2878056694E-05   
F tau+                         7.50000000E-03  -4.9353673965E-20 +-    3.7512387534E-20   
F tau-                         7.50000000E-03   1.2711263201E-19 +-    4.1179637954E-20   
Psi**2                         7.50000000E-03   3.0158106236E-05 +-    7.0168502945E-07   
single crossing/step           7.50000000E-03   7.6908102396E-03 +-    4.2055049463E-05   
global crossing/step           7.50000000E-03   7.5364656479E-03 +-    8.3268306178E-05   
energy numerator(real)         7.50000000E-03  -1.1218392599E+01 +-    7.7766223308E-01   
denominator psit/psigi(real)   7.50000000E-03   3.6027572737E-01 +-    1.3429987182E-02   
energy numerator(aimag)        7.50000000E-03  -1.9952676862E+00 +-    5.4369365580E-01   
denominator psit/psigi(aimag)  7.50000000E-03   6.4832023546E-02 +-    8.7081030219E-03   
growth(lin dt) energy          7.50000000E-03  -2.3272466843E+02 +-    5.4338924903E+00   
growth(global) energy          7.50000000E-03  -2.2187220139E+02 +-    1.2462702349E+01
growth energy                  7.50000000E-03  -2.3251798623E+02 +-    5.4160949918E+00
Time for propagation (sec) (min) =          21.549      0.359
Time for energies (sec) (min) =              0.796      0.013
Time for load balancing (sec) (min) =        0.033      0.001
Time for block (sec) (min) =                22.980      0.383
Time for operators (sec) (min) =             0.021      0.000
Elapsed block time (sec) (min) =            66.745      1.112
 
 walkers multiplicity, block, total
   0          49379         136942
   1         991455        2878628
   2          49466         137180
   3            379            894
   4             55            167
   5             23             44
   6              8             24
   7              3             15
   8              3              6
   9              2              7
  10              0              1
  11              0              1
  12              0              2
  13              0              2
  14              0              1
  15              0              2
  20              0              1
 
 

iteration =                               4
walker number =                       11793
total energy-propagated        1.00000000E-02  -2.9317586234E+01 +-    6.1099732443E-01   
kinetic energy                 1.00000000E-02   9.7507929075E+01 +-    1.1111270895E+00   
potential energy               1.00000000E-02  -1.2682551531E+02 +-    9.4930629572E-01   
im energy                      1.00000000E-02   4.0116723088E-01 +-    4.4470603297E-01   
imkin energy                   1.00000000E-02   2.4468524689E-01 +-    6.3209416603E-01   
impot energy                   1.00000000E-02   1.5648198399E-01 +-    5.5768438580E-01   
v cent                         1.00000000E-02   1.9806021768E+01 +-    1.1294351679E+00   
v tau                          1.00000000E-02  -1.1555109504E+01 +-    2.8140813799E-01   
v sigma                        1.00000000E-02  -7.4068290953E+00 +-    3.3941026082E-01   
v sigtau                       1.00000000E-02  -5.7829499790E+01 +-    4.4540137453E-01   
v tensor                       1.00000000E-02   2.0421819015E+00 +-    1.8731499964E-01   
v tenstau                      1.00000000E-02  -7.1882280588E+01 +-    1.1777639538E+00   
v ls                           1.00000000E-02   0.0000000000E+00 +-    0.0000000000E+00   
v lstau                        1.00000000E-02   0.0000000000E+00 +-    0.0000000000E+00   
vpot v6                        1.00000000E-02  -1.2682551531E+02 +-    9.4930629572E-01   
vpot v8                        1.00000000E-02  -1.2682551531E+02 +-    9.4930629572E-01   
v coulomb                      1.00000000E-02   7.3121377868E-01 +-    3.4420260613E-03   
v external                     1.00000000E-02   0.0000000000E+00 +-    0.0000000000E+00   
tni 2pipr-anticomm             1.00000000E-02   0.0000000000E+00 +-    0.0000000000E+00   
tni vd1pr                      1.00000000E-02   0.0000000000E+00 +-    0.0000000000E+00   
tni vepr                       1.00000000E-02   0.0000000000E+00 +-    0.0000000000E+00   
tni central                    1.00000000E-02   0.0000000000E+00 +-    0.0000000000E+00   
tni 2pixx-anticommutator       1.00000000E-02   0.0000000000E+00 +-    0.0000000000E+00   
tni 2pixd-anticommutator       1.00000000E-02   0.0000000000E+00 +-    0.0000000000E+00   
tni 2pidd-anticommutator       1.00000000E-02   0.0000000000E+00 +-    0.0000000000E+00   
tni 2pixx-commutator           1.00000000E-02   0.0000000000E+00 +-    0.0000000000E+00   
tni 2pixd-commutator           1.00000000E-02   0.0000000000E+00 +-    0.0000000000E+00   
tni 2pidd-commutator           1.00000000E-02   0.0000000000E+00 +-    0.0000000000E+00   
tni 2pi-tm                     1.00000000E-02   0.0000000000E+00 +-    0.0000000000E+00   
tni vd1                        1.00000000E-02   0.0000000000E+00 +-    0.0000000000E+00   
tni vd2                        1.00000000E-02   0.0000000000E+00 +-    0.0000000000E+00   
tni ve                         1.00000000E-02   0.0000000000E+00 +-    0.0000000000E+00   
vpottot v8+tni                 1.00000000E-02  -1.2682551531E+02 +-    9.4930629572E-01   
enetot v8+tni                  1.00000000E-02  -2.9317586234E+01 +-    6.1099732443E-01   
vper cent                      1.00000000E-02   1.9806021768E+01 +-    1.1294351679E+00   
vper tau                       1.00000000E-02  -1.1555109504E+01 +-    2.8140813799E-01   
vper sigma                     1.00000000E-02  -7.4068290953E+00 +-    3.3941026082E-01   
vper sigtau                    1.00000000E-02  -5.7829499790E+01 +-    4.4540137453E-01   
vper tensor                    1.00000000E-02   2.0421819015E+00 +-    1.8731499964E-01   
vper tenstau                   1.00000000E-02  -7.1882280588E+01 +-    1.1777639538E+00   
vper ls                        1.00000000E-02   0.0000000000E+00 +-    0.0000000000E+00   
vper lstau                     1.00000000E-02   0.0000000000E+00 +-    0.0000000000E+00   
vpotper v6                     1.00000000E-02  -1.2682551531E+02 +-    9.4930629572E-01   
vpotper v8                     1.00000000E-02  -1.2682551531E+02 +-    9.4930629572E-01   
vpotv6pr-vpotv6per diff        1.00000000E-02   0.0000000000E+00 +-    0.0000000000E+00   
vpotv8pr-vpotv8per diff        1.00000000E-02   0.0000000000E+00 +-    0.0000000000E+00   
2piapr-2pia diff               1.00000000E-02   0.0000000000E+00 +-    0.0000000000E+00   
vd1pr-vd1 diff                 1.00000000E-02   0.0000000000E+00 +-    0.0000000000E+00   
vepr-ve diff                   1.00000000E-02   0.0000000000E+00 +-    0.0000000000E+00   
diff1 2piapr-2pia-2picxx       1.00000000E-02   0.0000000000E+00 +-    0.0000000000E+00   
diff2 vd1pr-vd1-2picxd         1.00000000E-02   0.0000000000E+00 +-    0.0000000000E+00   
diff3 vepr-ve-2picdd           1.00000000E-02   0.0000000000E+00 +-    0.0000000000E+00   
sum diff1+dif2+diff3           1.00000000E-02   0.0000000000E+00 +-    0.0000000000E+00   
proton rms                     1.00000000E-02   2.1260742147E+00 +-    1.4240454956E-02   
neutron rms                    1.00000000E-02   2.0704657242E+00 +-    1.0608596830E-02   
total rms                      1.00000000E-02   2.0914194257E+00 +-    1.0309426202E-02   
neutron-proton rms             1.00000000E-02  -5.5608490548E-02 +-    1.3828443577E-02   
GT sigXtau+                    1.00000000E-02  -2.2287555820E-05 +-    1.6249188432E-05   
GT sigYtau+                    1.00000000E-02  -4.8521379349E-04 +-    1.6926251730E-05   
GT sigZtau+                    1.00000000E-02   3.5078220486E-06 +-    1.9880029919E-05   
GT sigXtau-                    1.00000000E-02   5.6039518401E-04 +-    2.1727703826E-05   
GT sigYtau-                    1.00000000E-02  -3.3010219228E-04 +-    2.4558409490E-05   
GT sigZtau-                    1.00000000E-02   4.6579779217E-05 +-    2.3435208434E-05   
F tau+                         1.00000000E-02  -4.6277556765E-19 +-    4.8764377075E-20   
F tau-                         1.00000000E-02   1.9457134580E-19 +-    4.4354737011E-20   
Psi**2                         1.00000000E-02   2.7228068471E-05 +-    6.2059637762E-07   
single crossing/step           1.00000000E-02   7.7872930059E-03 +-    4.1894386293E-05   
global crossing/step           1.00000000E-02   7.5833087250E-03 +-    8.2692586603E-05   
energy numerator(real)         1.00000000E-02  -6.4771041690E+00 +-    8.8582446729E-01   
denominator psit/psigi(real)   1.00000000E-02   2.1964428713E-01 +-    1.3163042563E-02   
energy numerator(aimag)        1.00000000E-02  -7.9391906032E-01 +-    6.3893834412E-01   
denominator psit/psigi(aimag)  1.00000000E-02   3.5115535747E-02 +-    8.7695441211E-03   
growth(lin dt) energy          1.00000000E-02  -2.4528675967E+02 +-    5.5783833540E+00   
growth(global) energy          1.00000000E-02  -2.6524451839E+02 +-    1.1895044728E+01
growth energy                  1.00000000E-02  -2.4503782134E+02 +-    5.5583627031E+00
Time for propagation (sec) (min) =          21.989      0.366
Time for energies (sec) (min) =              0.828      0.014
Time for load balancing (sec) (min) =        0.030      0.001
Time for block (sec) (min) =                23.465      0.391
Time for operators (sec) (min) =             0.024      0.000
Elapsed block time (sec) (min) =            90.243      1.504
 
 walkers multiplicity, block, total
   0          52941         189883
   1        1019013        3897641
   2          52103         189283
   3            424           1318
   4             63            230
   5             17             61
   6             14             38
   7              5             20
   8              0              6
   9              3             10
  10              3              4
  11              1              2
  12              0              2
  13              1              3
  14              0              1
  15              0              2
  16              1              1
  20              0              1
 
 

iteration =                               5
walker number =                       11885
total energy-propagated        1.25000000E-02  -3.6856216587E+01 +-    6.3898038704E-01   
kinetic energy                 1.25000000E-02   3.2151627859E+01 +-    2.0082821472E+00   
potential energy               1.25000000E-02  -6.9007844446E+01 +-    2.2012184367E+00   
im energy                      1.25000000E-02  -6.9176876249E+00 +-    1.8104693797E-01   
imkin energy                   1.25000000E-02  -2.5585750671E+00 +-    1.0898893017E+00   
impot energy                   1.25000000E-02  -4.3591125578E+00 +-    7.0126250434E-01   
v cent                         1.25000000E-02   5.3874645426E+01 +-    2.2980711142E+00   
v tau                          1.25000000E-02  -1.4926414390E+01 +-    4.1403204914E-01   
v sigma                        1.25000000E-02  -3.1305122184E+00 +-    3.4546155174E-01   
v sigtau                       1.25000000E-02  -6.0783772279E+01 +-    4.6915063315E-01   
v tensor                       1.25000000E-02  -1.0642758733E+00 +-    1.4590381685E-01   
v tenstau                      1.25000000E-02  -4.2977515112E+01 +-    9.0154962565E-01   
v ls                           1.25000000E-02   0.0000000000E+00 +-    0.0000000000E+00   
v lstau                        1.25000000E-02   0.0000000000E+00 +-    0.0000000000E+00   
vpot v6                        1.25000000E-02  -6.9007844446E+01 +-    2.2012184367E+00   
vpot v8                        1.25000000E-02  -6.9007844446E+01 +-    2.2012184367E+00   
v coulomb                      1.25000000E-02   7.3361439778E-01 +-    2.9051711197E-03   
v external                     1.25000000E-02   0.0000000000E+00 +-    0.0000000000E+00   
tni 2pipr-anticomm             1.25000000E-02   0.0000000000E+00 +-    0.0000000000E+00   
tni vd1pr                      1.25000000E-02   0.0000000000E+00 +-    0.0000000000E+00   
tni vepr                       1.25000000E-02   0.0000000000E+00 +-    0.0000000000E+00   
tni central                    1.25000000E-02   0.0000000000E+00 +-    0.0000000000E+00   
tni 2pixx-anticommutator       1.25000000E-02   0.0000000000E+00 +-    0.0000000000E+00   
tni 2pixd-anticommutator       1.25000000E-02   0.0000000000E+00 +-    0.0000000000E+00   
tni 2pidd-anticommutator       1.25000000E-02   0.0000000000E+00 +-    0.0000000000E+00   
tni 2pixx-commutator           1.25000000E-02   0.0000000000E+00 +-    0.0000000000E+00   
tni 2pixd-commutator           1.25000000E-02   0.0000000000E+00 +-    0.0000000000E+00   
tni 2pidd-commutator           1.25000000E-02   0.0000000000E+00 +-    0.0000000000E+00   
tni 2pi-tm                     1.25000000E-02   0.0000000000E+00 +-    0.0000000000E+00   
tni vd1                        1.25000000E-02   0.0000000000E+00 +-    0.0000000000E+00   
tni vd2                        1.25000000E-02   0.0000000000E+00 +-    0.0000000000E+00   
tni ve                         1.25000000E-02   0.0000000000E+00 +-    0.0000000000E+00   
vpottot v8+tni                 1.25000000E-02  -6.9007844446E+01 +-    2.2012184367E+00   
enetot v8+tni                  1.25000000E-02  -3.6856216587E+01 +-    6.3898038704E-01   
vper cent                      1.25000000E-02   5.3874645426E+01 +-    2.2980711142E+00   
vper tau                       1.25000000E-02  -1.4926414390E+01 +-    4.1403204914E-01   
vper sigma                     1.25000000E-02  -3.1305122184E+00 +-    3.4546155174E-01   
vper sigtau                    1.25000000E-02  -6.0783772279E+01 +-    4.6915063315E-01   
vper tensor                    1.25000000E-02  -1.0642758733E+00 +-    1.4590381685E-01   
vper tenstau                   1.25000000E-02  -4.2977515112E+01 +-    9.0154962565E-01   
vper ls                        1.25000000E-02   0.0000000000E+00 +-    0.0000000000E+00   
vper lstau                     1.25000000E-02   0.0000000000E+00 +-    0.0000000000E+00   
vpotper v6                     1.25000000E-02  -6.9007844446E+01 +-    2.2012184367E+00   
vpotper v8                     1.25000000E-02  -6.9007844446E+01 +-    2.2012184367E+00   
vpotv6pr-vpotv6per diff        1.25000000E-02   0.0000000000E+00 +-    0.0000000000E+00   
vpotv8pr-vpotv8per diff        1.25000000E-02   0.0000000000E+00 +-    0.0000000000E+00   
2piapr-2pia diff               1.25000000E-02   0.0000000000E+00 +-    0.0000000000E+00   
vd1pr-vd1 diff                 1.25000000E-02   0.0000000000E+00 +-    0.0000000000E+00   
vepr-ve diff                   1.25000000E-02   0.0000000000E+00 +-    0.0000000000E+00   
diff1 2piapr-2pia-2picxx       1.25000000E-02   0.0000000000E+00 +-    0.0000000000E+00   
diff2 vd1pr-vd1-2picxd         1.25000000E-02   0.0000000000E+00 +-    0.0000000000E+00   
diff3 vepr-ve-2picdd           1.25000000E-02   0.0000000000E+00 +-    0.0000000000E+00   
sum diff1+dif2+diff3           1.25000000E-02   0.0000000000E+00 +-    0.0000000000E+00   
proton rms                     1.25000000E-02   2.1535822654E+00 +-    1.6946061569E-02   
neutron rms                    1.25000000E-02   1.9727829059E+00 +-    1.1008416020E-02   
total rms                      1.25000000E-02   2.0596032411E+00 +-    1.2190663593E-02   
neutron-proton rms             1.25000000E-02  -1.8079935949E-01 +-    1.4878729554E-02   
GT sigXtau+                    1.25000000E-02  -4.1606623831E-05 +-    1.9891453962E-05   
GT sigYtau+                    1.25000000E-02   1.6922407356E-04 +-    2.1913787301E-05   
GT sigZtau+                    1.25000000E-02   2.3447806604E-04 +-    1.7031029711E-05   
GT sigXtau-                    1.25000000E-02   1.2097933408E-04 +-    1.7830835166E-05   
GT sigYtau-                    1.25000000E-02  -6.9212044610E-04 +-    3.1792985392E-05   
GT sigZtau-                    1.25000000E-02  -2.6536204763E-04 +-    1.8718126420E-05   
F tau+                         1.25000000E-02   4.8752301336E-19 +-    3.8262327702E-20   
F tau-                         1.25000000E-02  -1.9985181148E-19 +-    4.7766637799E-20   
Psi**2                         1.25000000E-02   2.5560414779E-05 +-    9.7689016592E-07   
single crossing/step           1.25000000E-02   8.0488520794E-03 +-    4.2523851879E-05   
global crossing/step           1.25000000E-02   7.9134135757E-03 +-    8.4334873514E-05   
energy numerator(real)         1.25000000E-02  -3.9028100064E+00 +-    8.9055057767E-01   
denominator psit/psigi(real)   1.25000000E-02   1.0517300307E-01 +-    1.3253965708E-02   
energy numerator(aimag)        1.25000000E-02   1.2778274618E+00 +-    6.1752420197E-01   
denominator psit/psigi(aimag)  1.25000000E-02  -3.6731741794E-02 +-    8.7859005577E-03   
growth(lin dt) energy          1.25000000E-02  -2.5496124321E+02 +-    5.6844994048E+00   
growth(global) energy          1.25000000E-02  -2.5210064235E+02 +-    1.2793658147E+01
growth energy                  1.25000000E-02  -2.5467709171E+02 +-    5.6627257393E+00
Time for propagation (sec) (min) =          22.052      0.368
Time for energies (sec) (min) =              0.834      0.014
Time for load balancing (sec) (min) =        0.029      0.000
Time for block (sec) (min) =                23.535      0.392
Time for operators (sec) (min) =             0.024      0.000
Elapsed block time (sec) (min) =           113.801      1.897
 
 walkers multiplicity, block, total
   0          55228         245111
   1        1018046        4915687
   2          54043         243326
   3            407           1725
   4             89            319
   5             23             84
   6              7             45
   7              4             24
   8              2              8
   9              2             12
  10              0              4
  11              0              2
  12              0              2
  13              0              3
  14              0              1
  15              0              2
  16              1              2
  20              0              1
 
 

iteration =                               6
walker number =                       11739
total energy-propagated        1.50000000E-02  -4.9279313452E+01 +-    7.5314218827E-01   
kinetic energy                 1.50000000E-02   1.3703324332E+01 +-    2.1606050201E+00   
potential energy               1.50000000E-02  -6.2982637784E+01 +-    1.6692883286E+00   
im energy                      1.50000000E-02   2.0650297501E+00 +-    5.8541796506E-01   
imkin energy                   1.50000000E-02  -2.2991234423E+01 +-    9.9579359971E-01   
impot energy                   1.50000000E-02   2.5056264173E+01 +-    5.3705052704E-01   
v cent                         1.50000000E-02  -4.4939327216E+00 +-    1.0507086924E+00   
v tau                          1.50000000E-02   5.5665171472E+00 +-    4.7080779802E-01   
v sigma                        1.50000000E-02  -2.4721494711E+01 +-    3.4096335182E-01   
v sigtau                       1.50000000E-02  -4.3248429219E+01 +-    4.2255959821E-01   
v tensor                       1.50000000E-02  -1.9008819964E+00 +-    3.0884082856E-01   
v tenstau                      1.50000000E-02   5.8155837169E+00 +-    1.5136914012E+00   
v ls                           1.50000000E-02   0.0000000000E+00 +-    0.0000000000E+00   
v lstau                        1.50000000E-02   0.0000000000E+00 +-    0.0000000000E+00   
vpot v6                        1.50000000E-02  -6.2982637784E+01 +-    1.6692883286E+00   
vpot v8                        1.50000000E-02  -6.2982637784E+01 +-    1.6692883286E+00   
v coulomb                      1.50000000E-02   7.9906485270E-01 +-    3.0469784279E-03   
v external                     1.50000000E-02   0.0000000000E+00 +-    0.0000000000E+00   
tni 2pipr-anticomm             1.50000000E-02   0.0000000000E+00 +-    0.0000000000E+00   
tni vd1pr                      1.50000000E-02   0.0000000000E+00 +-    0.0000000000E+00   
tni vepr                       1.50000000E-02   0.0000000000E+00 +-    0.0000000000E+00   
tni central                    1.50000000E-02   0.0000000000E+00 +-    0.0000000000E+00   
tni 2pixx-anticommutator       1.50000000E-02   0.0000000000E+00 +-    0.0000000000E+00   
tni 2pixd-anticommutator       1.50000000E-02   0.0000000000E+00 +-    0.0000000000E+00   
tni 2pidd-anticommutator       1.50000000E-02   0.0000000000E+00 +-    0.0000000000E+00   
tni 2pixx-commutator           1.50000000E-02   0.0000000000E+00 +-    0.0000000000E+00   
tni 2pixd-commutator           1.50000000E-02   0.0000000000E+00 +-    0.0000000000E+00   
tni 2pidd-commutator           1.50000000E-02   0.0000000000E+00 +-    0.0000000000E+00   
tni 2pi-tm                     1.50000000E-02   0.0000000000E+00 +-    0.0000000000E+00   
tni vd1                        1.50000000E-02   0.0000000000E+00 +-    0.0000000000E+00   
tni vd2                        1.50000000E-02   0.0000000000E+00 +-    0.0000000000E+00   
tni ve                         1.50000000E-02   0.0000000000E+00 +-    0.0000000000E+00   
vpottot v8+tni                 1.50000000E-02  -6.2982637784E+01 +-    1.6692883286E+00   
enetot v8+tni                  1.50000000E-02  -4.9279313452E+01 +-    7.5314218827E-01   
vper cent                      1.50000000E-02  -4.4939327216E+00 +-    1.0507086924E+00   
vper tau                       1.50000000E-02   5.5665171472E+00 +-    4.7080779802E-01   
vper sigma                     1.50000000E-02  -2.4721494711E+01 +-    3.4096335182E-01   
vper sigtau                    1.50000000E-02  -4.3248429219E+01 +-    4.2255959821E-01   
vper tensor                    1.50000000E-02  -1.9008819964E+00 +-    3.0884082856E-01   
vper tenstau                   1.50000000E-02   5.8155837169E+00 +-    1.5136914012E+00   
vper ls                        1.50000000E-02   0.0000000000E+00 +-    0.0000000000E+00   
vper lstau                     1.50000000E-02   0.0000000000E+00 +-    0.0000000000E+00   
vpotper v6                     1.50000000E-02  -6.2982637784E+01 +-    1.6692883286E+00   
vpotper v8                     1.50000000E-02  -6.2982637784E+01 +-    1.6692883286E+00   
vpotv6pr-vpotv6per diff        1.50000000E-02   0.0000000000E+00 +-    0.0000000000E+00   
vpotv8pr-vpotv8per diff        1.50000000E-02   0.0000000000E+00 +-    0.0000000000E+00   
2piapr-2pia diff               1.50000000E-02   0.0000000000E+00 +-    0.0000000000E+00   
vd1pr-vd1 diff                 1.50000000E-02   0.0000000000E+00 +-    0.0000000000E+00   
vepr-ve diff                   1.50000000E-02   0.0000000000E+00 +-    0.0000000000E+00   
diff1 2piapr-2pia-2picxx       1.50000000E-02   0.0000000000E+00 +-    0.0000000000E+00   
diff2 vd1pr-vd1-2picxd         1.50000000E-02   0.0000000000E+00 +-    0.0000000000E+00   
diff3 vepr-ve-2picdd           1.50000000E-02   0.0000000000E+00 +-    0.0000000000E+00   
sum diff1+dif2+diff3           1.50000000E-02   0.0000000000E+00 +-    0.0000000000E+00   
proton rms                     1.50000000E-02   2.0215660538E+00 +-    1.3300763296E-02   
neutron rms                    1.50000000E-02   2.2744596788E+00 +-    8.3426295567E-03   
total rms                      1.50000000E-02   2.1539929469E+00 +-    9.2269225529E-03   
neutron-proton rms             1.50000000E-02   2.5289362497E-01 +-    1.1816632358E-02   
GT sigXtau+                    1.50000000E-02   5.3884894940E-04 +-    3.0168304403E-05   
GT sigYtau+                    1.50000000E-02  -3.1804772315E-04 +-    2.9657307122E-05   
GT sigZtau+                    1.50000000E-02  -2.8319154106E-04 +-    3.3011141289E-05   
GT sigXtau-                    1.50000000E-02   1.5379621511E-03 +-    3.7244257610E-05   
GT sigYtau-                    1.50000000E-02   7.2282707232E-04 +-    3.9390812655E-05   
GT sigZtau-                    1.50000000E-02   1.1234763624E-03 +-    2.9082429715E-05   
F tau+                         1.50000000E-02   1.4008708965E-18 +-    1.0562240058E-19   
F tau-                         1.50000000E-02   6.7968310627E-19 +-    1.1490177542E-19   
Psi**2                         1.50000000E-02   1.3291419416E-05 +-    1.0106040216E-06   
single crossing/step           1.50000000E-02   8.0385764491E-03 +-    4.2547675632E-05   
global crossing/step           1.50000000E-02   7.8678520510E-03 +-    8.4194112638E-05   
energy numerator(real)         1.50000000E-02  -3.1872319556E+00 +-    8.1766325454E-01   
denominator psit/psigi(real)   1.50000000E-02   6.4752919410E-02 +-    1.3215822441E-02   
energy numerator(aimag)        1.50000000E-02   8.1159802698E-01 +-    5.5944242931E-01   
denominator psit/psigi(aimag)  1.50000000E-02  -1.6164721947E-02 +-    8.7603269617E-03   
growth(lin dt) energy          1.50000000E-02  -2.5706214115E+02 +-    5.7156573506E+00   
growth(global) energy          1.50000000E-02  -2.4567369253E+02 +-    1.1692727872E+01
growth energy                  1.50000000E-02  -2.5677003585E+02 +-    5.6934642410E+00
Time for propagation (sec) (min) =          22.007      0.367
Time for energies (sec) (min) =              0.824      0.014
Time for load balancing (sec) (min) =        0.027      0.000
Time for block (sec) (min) =                23.471      0.391
Time for operators (sec) (min) =             0.023      0.000
Elapsed block time (sec) (min) =           137.303      2.288
 
 walkers multiplicity, block, total
   0          55676         300787
   1        1014761        5930448
   2          54275         297601
   3            418           2143
   4             71            390
   5             24            108
   6              5             50
   7              5             29
   8              0              8
   9              1             13
  10              0              4
  11              1              3
  12              1              3
  13              1              4
  14              0              1
  15              1              3
  16              0              2
  20              0              1
 
 

iteration =                               7
walker number =                       10204
total energy-propagated        1.75000000E-02  -5.0534039688E+01 +-    6.2455612764E-01   
kinetic energy                 1.75000000E-02   1.2974987465E+02 +-    3.3669469920E+00   
potential energy               1.75000000E-02  -1.8028391433E+02 +-    3.2917782288E+00   
im energy                      1.75000000E-02  -9.6610278884E+00 +-    4.4160620615E-01   
imkin energy                   1.75000000E-02   2.6329922984E+01 +-    9.8247498681E-01   
impot energy                   1.75000000E-02  -3.5990950873E+01 +-    8.3986606572E-01   
v cent                         1.75000000E-02   1.9531655178E+01 +-    3.8080548273E+00   
v tau                          1.75000000E-02  -6.5686832598E+00 +-    6.1532984514E-01   
v sigma                        1.75000000E-02  -3.7781620275E+01 +-    5.2004558998E-01   
v sigtau                       1.75000000E-02  -9.8729453802E+01 +-    4.5067082400E-01   
v tensor                       1.75000000E-02   1.6882559757E+00 +-    2.7952550202E-01   
v tenstau                      1.75000000E-02  -5.8424068152E+01 +-    2.5416329801E+00   
v ls                           1.75000000E-02   0.0000000000E+00 +-    0.0000000000E+00   
v lstau                        1.75000000E-02   0.0000000000E+00 +-    0.0000000000E+00   
vpot v6                        1.75000000E-02  -1.8028391433E+02 +-    3.2917782288E+00   
vpot v8                        1.75000000E-02  -1.8028391433E+02 +-    3.2917782288E+00   
v coulomb                      1.75000000E-02   8.4305213546E-01 +-    4.6166513575E-03   
v external                     1.75000000E-02   0.0000000000E+00 +-    0.0000000000E+00   
tni 2pipr-anticomm             1.75000000E-02   0.0000000000E+00 +-    0.0000000000E+00   
tni vd1pr                      1.75000000E-02   0.0000000000E+00 +-    0.0000000000E+00   
tni vepr                       1.75000000E-02   0.0000000000E+00 +-    0.0000000000E+00   
tni central                    1.75000000E-02   0.0000000000E+00 +-    0.0000000000E+00   
tni 2pixx-anticommutator       1.75000000E-02   0.0000000000E+00 +-    0.0000000000E+00   
tni 2pixd-anticommutator       1.75000000E-02   0.0000000000E+00 +-    0.0000000000E+00   
tni 2pidd-anticommutator       1.75000000E-02   0.0000000000E+00 +-    0.0000000000E+00   
tni 2pixx-commutator           1.75000000E-02   0.0000000000E+00 +-    0.0000000000E+00   
tni 2pixd-commutator           1.75000000E-02   0.0000000000E+00 +-    0.0000000000E+00   
tni 2pidd-commutator           1.75000000E-02   0.0000000000E+00 +-    0.0000000000E+00   
tni 2pi-tm                     1.75000000E-02   0.0000000000E+00 +-    0.0000000000E+00   
tni vd1                        1.75000000E-02   0.0000000000E+00 +-    0.0000000000E+00   
tni vd2                        1.75000000E-02   0.0000000000E+00 +-    0.0000000000E+00   
tni ve                         1.75000000E-02   0.0000000000E+00 +-    0.0000000000E+00   
vpottot v8+tni                 1.75000000E-02  -1.8028391433E+02 +-    3.2917782288E+00   
enetot v8+tni                  1.75000000E-02  -5.0534039688E+01 +-    6.2455612764E-01   
vper cent                      1.75000000E-02   1.9531655178E+01 +-    3.8080548273E+00   
vper tau                       1.75000000E-02  -6.5686832598E+00 +-    6.1532984514E-01   
vper sigma                     1.75000000E-02  -3.7781620275E+01 +-    5.2004558998E-01   
vper sigtau                    1.75000000E-02  -9.8729453802E+01 +-    4.5067082400E-01   
vper tensor                    1.75000000E-02   1.6882559757E+00 +-    2.7952550202E-01   
vper tenstau                   1.75000000E-02  -5.8424068152E+01 +-    2.5416329801E+00   
vper ls                        1.75000000E-02   0.0000000000E+00 +-    0.0000000000E+00   
vper lstau                     1.75000000E-02   0.0000000000E+00 +-    0.0000000000E+00   
vpotper v6                     1.75000000E-02  -1.8028391433E+02 +-    3.2917782288E+00   
vpotper v8                     1.75000000E-02  -1.8028391433E+02 +-    3.2917782288E+00   
vpotv6pr-vpotv6per diff        1.75000000E-02   0.0000000000E+00 +-    0.0000000000E+00   
vpotv8pr-vpotv8per diff        1.75000000E-02   0.0000000000E+00 +-    0.0000000000E+00   
2piapr-2pia diff               1.75000000E-02   0.0000000000E+00 +-    0.0000000000E+00   
vd1pr-vd1 diff                 1.75000000E-02   0.0000000000E+00 +-    0.0000000000E+00   
vepr-ve diff                   1.75000000E-02   0.0000000000E+00 +-    0.0000000000E+00   
diff1 2piapr-2pia-2picxx       1.75000000E-02   0.0000000000E+00 +-    0.0000000000E+00   
diff2 vd1pr-vd1-2picxd         1.75000000E-02   0.0000000000E+00 +-    0.0000000000E+00   
diff3 vepr-ve-2picdd           1.75000000E-02   0.0000000000E+00 +-    0.0000000000E+00   
sum diff1+dif2+diff3           1.75000000E-02   0.0000000000E+00 +-    0.0000000000E+00   
proton rms                     1.75000000E-02   1.6825313277E+00 +-    1.3441052573E-02   
neutron rms                    1.75000000E-02   1.5292344761E+00 +-    1.0202481902E-02   
total rms                      1.75000000E-02   1.5939910852E+00 +-    1.0713942363E-02   
neutron-proton rms             1.75000000E-02  -1.5329685161E-01 +-    1.0286642074E-02   
GT sigXtau+                    1.75000000E-02  -3.7631392154E-04 +-    3.1215540332E-05   
GT sigYtau+                    1.75000000E-02  -3.5905473948E-04 +-    3.7639857866E-05   
GT sigZtau+                    1.75000000E-02  -3.8862352486E-04 +-    5.8130770307E-05   
GT sigXtau-                    1.75000000E-02   2.3209754813E-03 +-    3.1833899137E-05   
GT sigYtau-                    1.75000000E-02   2.3627113850E-03 +-    3.1925524845E-05   
GT sigZtau-                    1.75000000E-02   4.7526623798E-04 +-    4.2285534463E-05   
F tau+                         1.75000000E-02   1.4132318545E-19 +-    1.1013427392E-19   
F tau-                         1.75000000E-02   1.7927601766E-18 +-    1.4962036401E-19   
Psi**2                         1.75000000E-02   6.2883586901E-05 +-    1.1792596823E-06   
single crossing/step           1.75000000E-02   8.3073462502E-03 +-    4.3361087764E-05   
global crossing/step           1.75000000E-02   8.1183769454E-03 +-    8.5738323673E-05   
energy numerator(real)         1.75000000E-02  -4.5706053531E+00 +-    1.0443513652E+00   
denominator psit/psigi(real)   1.75000000E-02   7.4087947346E-02 +-    1.4210798884E-02   
energy numerator(aimag)        1.75000000E-02  -1.3191104491E+00 +-    7.0605508717E-01   
denominator psit/psigi(aimag)  1.75000000E-02  -2.4127415099E-02 +-    9.4229812871E-03   
growth(lin dt) energy          1.75000000E-02  -2.6346359627E+02 +-    5.8142609131E+00   
growth(global) energy          1.75000000E-02  -2.6831524950E+02 +-    1.2846668863E+01
growth energy                  1.75000000E-02  -2.6314658055E+02 +-    5.7907546971E+00
Time for propagation (sec) (min) =          21.893      0.365
Time for energies (sec) (min) =              0.717      0.012
Time for load balancing (sec) (min) =        0.029      0.000
Time for block (sec) (min) =                23.231      0.387
Time for operators (sec) (min) =             0.019      0.000
Elapsed block time (sec) (min) =           160.553      2.676
 
 walkers multiplicity, block, total
   0          57425         358212
   1        1019032        6949480
   2          54481         352082
   3            447           2590
   4             80            470
   5             18            126
   6             18             68
   7              5             34
   8              4             12
   9              3             16
  10              1              5
  11              0              3
  12              2              5
  13              0              4
  14              0              1
  15              0              3
  16              0              2
  20              0              1
 
 

iteration =                               8
walker number =                       10421
total energy-propagated        2.00000000E-02  -3.3673378701E+01 +-    6.0405836768E-01   
kinetic energy                 2.00000000E-02   9.5198778299E+01 +-    2.2421147176E+00   
potential energy               2.00000000E-02  -1.2887215700E+02 +-    1.9054538387E+00   
im energy                      2.00000000E-02   2.0551600044E+00 +-    2.5764975470E-01   
imkin energy                   2.00000000E-02   1.5502594830E+01 +-    6.7917591705E-01   
impot energy                   2.00000000E-02  -1.3447434825E+01 +-    6.4471505942E-01   
v cent                         2.00000000E-02   9.7765709933E+01 +-    2.6209002139E+00   
v tau                          2.00000000E-02  -2.1157019018E+01 +-    4.3990469997E-01   
v sigma                        2.00000000E-02  -2.1318306548E+01 +-    4.6786740324E-01   
v sigtau                       2.00000000E-02  -1.1746167066E+02 +-    5.1378190063E-01   
v tensor                       2.00000000E-02   1.0368484620E+01 +-    3.1722199797E-01   
v tenstau                      2.00000000E-02  -7.7069355330E+01 +-    1.2272477339E+00   
v ls                           2.00000000E-02   0.0000000000E+00 +-    0.0000000000E+00   
v lstau                        2.00000000E-02   0.0000000000E+00 +-    0.0000000000E+00   
vpot v6                        2.00000000E-02  -1.2887215700E+02 +-    1.9054538387E+00   
vpot v8                        2.00000000E-02  -1.2887215700E+02 +-    1.9054538387E+00   
v coulomb                      2.00000000E-02   9.1926056270E-01 +-    3.4567581416E-03   
v external                     2.00000000E-02   0.0000000000E+00 +-    0.0000000000E+00   
tni 2pipr-anticomm             2.00000000E-02   0.0000000000E+00 +-    0.0000000000E+00   
tni vd1pr                      2.00000000E-02   0.0000000000E+00 +-    0.0000000000E+00   
tni vepr                       2.00000000E-02   0.0000000000E+00 +-    0.0000000000E+00   
tni central                    2.00000000E-02   0.0000000000E+00 +-    0.0000000000E+00   
tni 2pixx-anticommutator       2.00000000E-02   0.0000000000E+00 +-    0.0000000000E+00   
tni 2pixd-anticommutator       2.00000000E-02   0.0000000000E+00 +-    0.0000000000E+00   
tni 2pidd-anticommutator       2.00000000E-02   0.0000000000E+00 +-    0.0000000000E+00   
tni 2pixx-commutator           2.00000000E-02   0.0000000000E+00 +-    0.0000000000E+00   
tni 2pixd-commutator           2.00000000E-02   0.0000000000E+00 +-    0.0000000000E+00   
tni 2pidd-commutator           2.00000000E-02   0.0000000000E+00 +-    0.0000000000E+00   
tni 2pi-tm                     2.00000000E-02   0.0000000000E+00 +-    0.0000000000E+00   
tni vd1                        2.00000000E-02   0.0000000000E+00 +-    0.0000000000E+00   
tni vd2                        2.00000000E-02   0.0000000000E+00 +-    0.0000000000E+00   
tni ve                         2.00000000E-02   0.0000000000E+00 +-    0.0000000000E+00   
vpottot v8+tni                 2.00000000E-02  -1.2887215700E+02 +-    1.9054538387E+00   
enetot v8+tni                  2.00000000E-02  -3.3673378701E+01 +-    6.0405836768E-01   
vper cent                      2.00000000E-02   9.7765709933E+01 +-    2.6209002139E+00   
vper tau                       2.00000000E-02  -2.1157019018E+01 +-    4.3990469997E-01   
vper sigma                     2.00000000E-02  -2.1318306548E+01 +-    4.6786740324E-01   
vper sigtau                    2.00000000E-02  -1.1746167066E+02 +-    5.1378190063E-01   
vper tensor                    2.00000000E-02   1.0368484620E+01 +-    3.1722199797E-01   
vper tenstau                   2.00000000E-02  -7.7069355330E+01 +-    1.2272477339E+00   
vper ls                        2.00000000E-02   0.0000000000E+00 +-    0.0000000000E+00   
vper lstau                     2.00000000E-02   0.0000000000E+00 +-    0.0000000000E+00   
vpotper v6                     2.00000000E-02  -1.2887215700E+02 +-    1.9054538387E+00   
vpotper v8                     2.00000000E-02  -1.2887215700E+02 +-    1.9054538387E+00   
vpotv6pr-vpotv6per diff        2.00000000E-02   0.0000000000E+00 +-    0.0000000000E+00   
vpotv8pr-vpotv8per diff        2.00000000E-02   0.0000000000E+00 +-    0.0000000000E+00   
2piapr-2pia diff               2.00000000E-02   0.0000000000E+00 +-    0.0000000000E+00   
vd1pr-vd1 diff                 2.00000000E-02   0.0000000000E+00 +-    0.0000000000E+00   
vepr-ve diff                   2.00000000E-02   0.0000000000E+00 +-    0.0000000000E+00   
diff1 2piapr-2pia-2picxx       2.00000000E-02   0.0000000000E+00 +-    0.0000000000E+00   
diff2 vd1pr-vd1-2picxd         2.00000000E-02   0.0000000000E+00 +-    0.0000000000E+00   
diff3 vepr-ve-2picdd           2.00000000E-02   0.0000000000E+00 +-    0.0000000000E+00   
sum diff1+dif2+diff3           2.00000000E-02   0.0000000000E+00 +-    0.0000000000E+00   
proton rms                     2.00000000E-02   1.2632281048E+00 +-    1.2208440367E-02   
neutron rms                    2.00000000E-02   1.2829772650E+00 +-    1.2392368554E-02   
total rms                      2.00000000E-02   1.2418070120E+00 +-    6.8897541367E-03   
neutron-proton rms             2.00000000E-02   1.9749160270E-02 +-    1.3323603882E-02   
GT sigXtau+                    2.00000000E-02   1.3935891659E-03 +-    3.1295099232E-05   
GT sigYtau+                    2.00000000E-02  -2.0240845063E-04 +-    3.8986817740E-05   
GT sigZtau+                    2.00000000E-02   1.2406843141E-03 +-    3.3416271859E-05   
GT sigXtau-                    2.00000000E-02   6.7907226242E-04 +-    3.0760167494E-05   
GT sigYtau-                    2.00000000E-02   1.3738379457E-03 +-    2.6674464321E-05   
GT sigZtau-                    2.00000000E-02   7.3376715301E-04 +-    1.8549845583E-05   
F tau+                         2.00000000E-02  -5.9595891854E-19 +-    8.0330377743E-20   
F tau-                         2.00000000E-02   9.8258049636E-19 +-    6.2219255243E-20   
Psi**2                         2.00000000E-02   4.0908515850E-05 +-    5.5308826086E-07   
single crossing/step           2.00000000E-02   8.2788678993E-03 +-    4.3325090721E-05   
global crossing/step           2.00000000E-02   8.0959701218E-03 +-    8.5695593711E-05   
energy numerator(real)         2.00000000E-02  -3.3328961986E+00 +-    9.6204634061E-01   
denominator psit/psigi(real)   2.00000000E-02   1.0112080656E-01 +-    1.4382659384E-02   
energy numerator(aimag)        2.00000000E-02   1.5137501101E+00 +-    7.1020588883E-01   
denominator psit/psigi(aimag)  2.00000000E-02  -3.9460733984E-02 +-    9.5311704852E-03   
growth(lin dt) energy          2.00000000E-02  -2.7270332324E+02 +-    5.9805518241E+00   
growth(global) energy          2.00000000E-02  -2.5892705277E+02 +-    1.0636105216E+01
growth energy                  2.00000000E-02  -2.7234856025E+02 +-    5.9549909893E+00
Time for propagation (sec) (min) =          21.856      0.364
Time for energies (sec) (min) =              0.732      0.012
Time for load balancing (sec) (min) =        0.031      0.001
Time for block (sec) (min) =                23.275      0.388
Time for operators (sec) (min) =             0.020      0.000
Elapsed block time (sec) (min) =           183.848      3.064
 
 walkers multiplicity, block, total
   0          56516         414728
   1        1005223        7954703
   2          55246         407328
   3            449           3039
   4             82            552
   5             35            161
   6             10             78
   7              8             42
   8              4             16
   9              0             16
  10              3              8
  11              2              5
  12              1              6
  13              0              4
  14              0              1
  15              0              3
  16              0              2
  20              1              2
 
 

iteration =                               9
walker number =                       10501
total energy-propagated        2.25000000E-02  -6.1423654725E+01 +-    1.1747450695E+00   
kinetic energy                 2.25000000E-02  -1.1225062985E+02 +-    3.7548017522E+00   
potential energy               2.25000000E-02   5.0826975128E+01 +-    4.0070683213E+00   
im energy                      2.25000000E-02   2.1166031538E+01 +-    7.9117881715E-01   
imkin energy                   2.25000000E-02   6.8329984741E+01 +-    1.6168956832E+00   
impot energy                   2.25000000E-02  -4.7163953203E+01 +-    1.7673856306E+00   
v cent                         2.25000000E-02   2.1442314286E+02 +-    3.1795617085E+00   
v tau                          2.25000000E-02  -3.6536545746E+01 +-    1.0902900510E+00   
v sigma                        2.25000000E-02  -3.8393948522E+01 +-    5.5689846332E-01   
v sigtau                       2.25000000E-02  -1.0868430380E+02 +-    6.8983902296E-01   
v tensor                       2.25000000E-02   1.3895320886E+01 +-    5.4178738364E-01   
v tenstau                      2.25000000E-02   6.1233094469E+00 +-    3.7703181836E+00   
v ls                           2.25000000E-02   0.0000000000E+00 +-    0.0000000000E+00   
v lstau                        2.25000000E-02   0.0000000000E+00 +-    0.0000000000E+00   
vpot v6                        2.25000000E-02   5.0826975128E+01 +-    4.0070683213E+00   
vpot v8                        2.25000000E-02   5.0826975128E+01 +-    4.0070683213E+00   
v coulomb                      2.25000000E-02   7.7978929197E-01 +-    6.0681344283E-03   
v external                     2.25000000E-02   0.0000000000E+00 +-    0.0000000000E+00   
tni 2pipr-anticomm             2.25000000E-02   0.0000000000E+00 +-    0.0000000000E+00   
tni vd1pr                      2.25000000E-02   0.0000000000E+00 +-    0.0000000000E+00   
tni vepr                       2.25000000E-02   0.0000000000E+00 +-    0.0000000000E+00   
tni central                    2.25000000E-02   0.0000000000E+00 +-    0.0000000000E+00   
tni 2pixx-anticommutator       2.25000000E-02   0.0000000000E+00 +-    0.0000000000E+00   
tni 2pixd-anticommutator       2.25000000E-02   0.0000000000E+00 +-    0.0000000000E+00   
tni 2pidd-anticommutator       2.25000000E-02   0.0000000000E+00 +-    0.0000000000E+00   
tni 2pixx-commutator           2.25000000E-02   0.0000000000E+00 +-    0.0000000000E+00   
tni 2pixd-commutator           2.25000000E-02   0.0000000000E+00 +-    0.0000000000E+00   
tni 2pidd-commutator           2.25000000E-02   0.0000000000E+00 +-    0.0000000000E+00   
tni 2pi-tm                     2.25000000E-02   0.0000000000E+00 +-    0.0000000000E+00   
tni vd1                        2.25000000E-02   0.0000000000E+00 +-    0.0000000000E+00   
tni vd2                        2.25000000E-02   0.0000000000E+00 +-    0.0000000000E+00   
tni ve                         2.25000000E-02   0.0000000000E+00 +-    0.0000000000E+00   
vpottot v8+tni                 2.25000000E-02   5.0826975128E+01 +-    4.0070683213E+00   
enetot v8+tni                  2.25000000E-02  -6.1423654725E+01 +-    1.1747450695E+00   
vper cent                      2.25000000E-02   2.1442314286E+02 +-    3.1795617085E+00   
vper tau                       2.25000000E-02  -3.6536545746E+01 +-    1.0902900510E+00   
vper sigma                     2.25000000E-02  -3.8393948522E+01 +-    5.5689846332E-01   
vper sigtau                    2.25000000E-02  -1.0868430380E+02 +-    6.8983902296E-01   
vper tensor                    2.25000000E-02   1.3895320886E+01 +-    5.4178738364E-01   
vper tenstau                   2.25000000E-02   6.1233094469E+00 +-    3.7703181836E+00   
vper ls                        2.25000000E-02   0.0000000000E+00 +-    0.0000000000E+00   
vper lstau                     2.25000000E-02   0.0000000000E+00 +-    0.0000000000E+00   
vpotper v6                     2.25000000E-02   5.0826975128E+01 +-    4.0070683213E+00   
vpotper v8                     2.25000000E-02   5.0826975128E+01 +-    4.0070683213E+00   
vpotv6pr-vpotv6per diff        2.25000000E-02   0.0000000000E+00 +-    0.0000000000E+00   
vpotv8pr-vpotv8per diff        2.25000000E-02   0.0000000000E+00 +-    0.0000000000E+00   
2piapr-2pia diff               2.25000000E-02   0.0000000000E+00 +-    0.0000000000E+00   
vd1pr-vd1 diff                 2.25000000E-02   0.0000000000E+00 +-    0.0000000000E+00   
vepr-ve diff                   2.25000000E-02   0.0000000000E+00 +-    0.0000000000E+00   
diff1 2piapr-2pia-2picxx       2.25000000E-02   0.0000000000E+00 +-    0.0000000000E+00   
diff2 vd1pr-vd1-2picxd         2.25000000E-02   0.0000000000E+00 +-    0.0000000000E+00   
diff3 vepr-ve-2picdd           2.25000000E-02   0.0000000000E+00 +-    0.0000000000E+00   
sum diff1+dif2+diff3           2.25000000E-02   0.0000000000E+00 +-    0.0000000000E+00   
proton rms                     2.25000000E-02   1.6407900997E+00 +-    9.7662286077E-03   
neutron rms                    2.25000000E-02   1.6044283000E+00 +-    9.7015191688E-03   
total rms                      2.25000000E-02   1.6241761110E+00 +-    8.7716220628E-03   
neutron-proton rms             2.25000000E-02  -3.6361799710E-02 +-    8.9210571954E-03   
GT sigXtau+                    2.25000000E-02  -5.7562542904E-04 +-    4.3071843561E-05   
GT sigYtau+                    2.25000000E-02   8.5813293665E-05 +-    5.6507139108E-05   
GT sigZtau+                    2.25000000E-02   4.4641715423E-04 +-    6.2223350819E-05   
GT sigXtau-                    2.25000000E-02   2.4022729960E-03 +-    2.8060244793E-05   
GT sigYtau-                    2.25000000E-02   1.6742463131E-03 +-    3.7554111264E-05   
GT sigZtau-                    2.25000000E-02  -2.2498620744E-03 +-    3.0422421192E-05   
F tau+                         2.25000000E-02  -1.3193988088E-18 +-    6.1637154506E-20   
F tau-                         2.25000000E-02  -7.5229692570E-19 +-    6.5904008702E-20   
Psi**2                         2.25000000E-02  -8.1232409065E-07 +-    1.0636737231E-06   
single crossing/step           2.25000000E-02   8.1608500022E-03 +-    4.2970684083E-05   
global crossing/step           2.25000000E-02   8.0472450573E-03 +-    8.5345976038E-05   
energy numerator(real)         2.25000000E-02  -1.8519971477E+00 +-    8.8548228525E-01   
denominator psit/psigi(real)   2.25000000E-02   3.7470868215E-02 +-    1.4048655057E-02   
energy numerator(aimag)        2.25000000E-02   2.0580118918E+00 +-    5.9699042246E-01   
denominator psit/psigi(aimag)  2.25000000E-02  -1.4227634911E-02 +-    9.4721745299E-03   
growth(lin dt) energy          2.25000000E-02  -2.5083199216E+02 +-    5.6787383558E+00   
growth(global) energy          2.25000000E-02  -2.6161554639E+02 +-    1.3769719648E+01
growth energy                  2.25000000E-02  -2.5056315444E+02 +-    5.6575689640E+00
Time for propagation (sec) (min) =          21.902      0.365
Time for energies (sec) (min) =              0.737      0.012
Time for load balancing (sec) (min) =        0.028      0.000
Time for block (sec) (min) =                23.267      0.388
Time for operators (sec) (min) =             0.020      0.000
Elapsed block time (sec) (min) =           207.144      3.452
 
 walkers multiplicity, block, total
   0          55618         470346
   1        1009379        8964082
   2          54520         461848
   3            386           3425
   4             67            619
   5             16            177
   6             11             89
   7              4             46
   8              3             19
   9              4             20
  10              1              9
  11              0              5
  12              0              6
  13              0              4
  14              0              1
  15              0              3
  16              0              2
  20              0              2
 
 

iteration =                              10
walker number =                       10162
total energy-propagated        2.50000000E-02  -2.8129558422E+01 +-    3.2335809187E+00   
kinetic energy                 2.50000000E-02   2.1610969589E+02 +-    6.0891952736E+00   
potential energy               2.50000000E-02  -2.4423925432E+02 +-    2.6000160758E+00   
im energy                      2.50000000E-02   1.1651963424E+01 +-    6.9915129773E-01   
imkin energy                   2.50000000E-02   9.5557283335E+00 +-    2.6545745850E+00   
impot energy                   2.50000000E-02   2.0962350907E+00 +-    1.7154239541E+00   
v cent                         2.50000000E-02   1.2814976069E+01 +-    1.1057765135E+00   
v tau                          2.50000000E-02   1.3717766819E+00 +-    4.1059900531E-01   
v sigma                        2.50000000E-02  -5.6886441821E+01 +-    2.4672206213E-01   
v sigtau                       2.50000000E-02  -1.2110483719E+02 +-    9.0608077737E-01   
v tensor                       2.50000000E-02  -1.4862298622E+00 +-    5.0996788791E-01   
v tenstau                      2.50000000E-02  -7.8948498194E+01 +-    5.3335524600E+00   
v ls                           2.50000000E-02   0.0000000000E+00 +-    0.0000000000E+00   
v lstau                        2.50000000E-02   0.0000000000E+00 +-    0.0000000000E+00   
vpot v6                        2.50000000E-02  -2.4423925432E+02 +-    2.6000160758E+00   
vpot v8                        2.50000000E-02  -2.4423925432E+02 +-    2.6000160758E+00   
v coulomb                      2.50000000E-02   6.6114908979E-01 +-    6.5072995583E-03   
v external                     2.50000000E-02   0.0000000000E+00 +-    0.0000000000E+00   
tni 2pipr-anticomm             2.50000000E-02   0.0000000000E+00 +-    0.0000000000E+00   
tni vd1pr                      2.50000000E-02   0.0000000000E+00 +-    0.0000000000E+00   
tni vepr                       2.50000000E-02   0.0000000000E+00 +-    0.0000000000E+00   
tni central                    2.50000000E-02   0.0000000000E+00 +-    0.0000000000E+00   
tni 2pixx-anticommutator       2.50000000E-02   0.0000000000E+00 +-    0.0000000000E+00   
tni 2pixd-anticommutator       2.50000000E-02   0.0000000000E+00 +-    0.0000000000E+00   
tni 2pidd-anticommutator       2.50000000E-02   0.0000000000E+00 +-    0.0000000000E+00   
tni 2pixx-commutator           2.50000000E-02   0.0000000000E+00 +-    0.0000000000E+00   
tni 2pixd-commutator           2.50000000E-02   0.0000000000E+00 +-    0.0000000000E+00   
tni 2pidd-commutator           2.50000000E-02   0.0000000000E+00 +-    0.0000000000E+00   
tni 2pi-tm                     2.50000000E-02   0.0000000000E+00 +-    0.0000000000E+00   
tni vd1                        2.50000000E-02   0.0000000000E+00 +-    0.0000000000E+00   
tni vd2                        2.50000000E-02   0.0000000000E+00 +-    0.0000000000E+00   
tni ve                         2.50000000E-02   0.0000000000E+00 +-    0.0000000000E+00   
vpottot v8+tni                 2.50000000E-02  -2.4423925432E+02 +-    2.6000160758E+00   
enetot v8+tni                  2.50000000E-02  -2.8129558422E+01 +-    3.2335809187E+00   
vper cent                      2.50000000E-02   1.2814976069E+01 +-    1.1057765135E+00   
vper tau                       2.50000000E-02   1.3717766819E+00 +-    4.1059900531E-01   
vper sigma                     2.50000000E-02  -5.6886441821E+01 +-    2.4672206213E-01   
vper sigtau                    2.50000000E-02  -1.2110483719E+02 +-    9.0608077737E-01   
vper tensor                    2.50000000E-02  -1.4862298622E+00 +-    5.0996788791E-01   
vper tenstau                   2.50000000E-02  -7.8948498194E+01 +-    5.3335524600E+00   
vper ls                        2.50000000E-02   0.0000000000E+00 +-    0.0000000000E+00   
vper lstau                     2.50000000E-02   0.0000000000E+00 +-    0.0000000000E+00   
vpotper v6                     2.50000000E-02  -2.4423925432E+02 +-    2.6000160758E+00   
vpotper v8                     2.50000000E-02  -2.4423925432E+02 +-    2.6000160758E+00   
vpotv6pr-vpotv6per diff        2.50000000E-02   0.0000000000E+00 +-    0.0000000000E+00   
vpotv8pr-vpotv8per diff        2.50000000E-02   0.0000000000E+00 +-    0.0000000000E+00   
2piapr-2pia diff               2.50000000E-02   0.0000000000E+00 +-    0.0000000000E+00   
vd1pr-vd1 diff                 2.50000000E-02   0.0000000000E+00 +-    0.0000000000E+00   
vepr-ve diff                   2.50000000E-02   0.0000000000E+00 +-    0.0000000000E+00   
diff1 2piapr-2pia-2picxx       2.50000000E-02   0.0000000000E+00 +-    0.0000000000E+00   
diff2 vd1pr-vd1-2picxd         2.50000000E-02   0.0000000000E+00 +-    0.0000000000E+00   
diff3 vepr-ve-2picdd           2.50000000E-02   0.0000000000E+00 +-    0.0000000000E+00   
sum diff1+dif2+diff3           2.50000000E-02   0.0000000000E+00 +-    0.0000000000E+00   
proton rms                     2.50000000E-02   1.5574150066E+00 +-    1.0252770119E-02   
neutron rms                    2.50000000E-02   1.4258030767E+00 +-    1.0835986888E-02   
total rms                      2.50000000E-02   1.4917426218E+00 +-    9.2904295882E-03   
neutron-proton rms             2.50000000E-02  -1.3161192987E-01 +-    9.2549988291E-03   
GT sigXtau+                    2.50000000E-02   1.0162169293E-03 +-    3.7699630894E-05   
GT sigYtau+                    2.50000000E-02  -5.3053829103E-04 +-    4.0847495417E-05   
GT sigZtau+                    2.50000000E-02   3.5905823906E-05 +-    5.6230303323E-05   
GT sigXtau-                    2.50000000E-02   4.4940558012E-04 +-    5.5392273893E-05   
GT sigYtau-                    2.50000000E-02   2.4324883389E-03 +-    2.1436468203E-05   
GT sigZtau-                    2.50000000E-02  -1.2436398898E-03 +-    6.3177700515E-05   
F tau+                         2.50000000E-02   1.5742404437E-18 +-    5.0315720781E-20   
F tau-                         2.50000000E-02   3.2222514384E-19 +-    1.0287856746E-19   
Psi**2                         2.50000000E-02   4.8613896786E-05 +-    1.2297394631E-06   
single crossing/step           2.50000000E-02   8.1449056133E-03 +-    4.3055902558E-05   
global crossing/step           2.50000000E-02   7.9700473815E-03 +-    8.5189956270E-05   
energy numerator(real)         2.50000000E-02  -1.2835220557E+00 +-    1.3170838651E+00   
denominator psit/psigi(real)   2.50000000E-02   5.2774061484E-02 +-    1.4142103904E-02   
energy numerator(aimag)        2.50000000E-02  -1.1226393669E+00 +-    8.7512522063E-01   
denominator psit/psigi(aimag)  2.50000000E-02   1.5359458857E-02 +-    9.4578418646E-03   
growth(lin dt) energy          2.50000000E-02  -2.4839381175E+02 +-    5.7056665152E+00   
growth(global) energy          2.50000000E-02  -2.3885383527E+02 +-    1.2225555980E+01
growth energy                  2.50000000E-02  -2.4813381760E+02 +-    5.6847400523E+00
Time for propagation (sec) (min) =          21.775      0.363
Time for energies (sec) (min) =              0.713      0.012
Time for load balancing (sec) (min) =        0.030      0.000
Time for block (sec) (min) =                23.148      0.386
Time for operators (sec) (min) =             0.022      0.000
Elapsed block time (sec) (min) =           230.313      3.839
 
 walkers multiplicity, block, total
   0          55357         525703
   1        1003794        9967876
   2          53922         515770
   3            365           3790
   4             60            679
   5             12            189
   6              6             95
   7              4             50
   8              4             23
   9              3             23
  10              0              9
  11              2              7
  12              0              6
  13              1              5
  14              0              1
  15              0              3
  16              0              2
  20              0              2
 
 

Time for steps      =     230.322 seconds,        3.839 minutes
Master Time for steps =     230.245 seconds,        3.837 minutes

Number of cpus =       100
Total job time =     235.183 seconds,        3.920 minutes,        0.065 hours
Total cpu-time =     391.972 minutes,        6.533 hours
Total time =         234.935 seconds,        3.916 minutes,        0.065 hours
Finished!
