Unconstrained Diffusion Monte Carlo Run -- no drift
!-!-!-!-!-!-!-!-!-!-!-!-!-!-!-!-!-!-!-!-!-!-!-!-!-!
MPI parameters:
Number of boss cpus =                         100
Number of worker cpus for each boss =           0
Total number of cpus =                        100
Simulation parameters:
random number seed =                          321
hbar^2/2m =                              20.73554
start from sites =                              F
nwalk =                                     10000
equilibration blocks =                          0
averaging blocks =                             10
nsteps/blocks =                               100
time step =                          0.0000250000
time step rotations (vmc) =          0.1700000000
trial energy =                          -26.00000
drift cutoff =                            0.00000
drastic population control up =           1.20000
drastic population control down =         0.80000
rebalance if walkers fluctuate more than   2.00 %
weight cut off =                         20.00000
table size =                                 8000
!-!-!-!-!-!-!-!-!-!-!-!-!-!-!-!-!-!-!-!-!-!-!-!-!-!
System parameters:
lpot =                                         11
lpotper =                                      11
potential  =                          argonne v6'
potentialpr =                         argonne v6'
Coulomb included in energy-propagation          F
multiply central v by =                   1.00000
multiply tau v by =                       1.00000
multiply sigma v by =                     1.00000
multiply sigma tau v by =                 1.00000
multiply tensor v by =                    1.00000
multiply tensor tau v by =                1.00000
multiply spin-orbit v by =                0.00000
multiply spin-orbit tau v by =            0.00000
three-body potential =                        no3
ibox (0 is nearest image) =                     0
!-!-!-!-!-!-!-!-!-!-!-!-!-!-!-!-!-!-!-!-!-!-!-!-!-!
propagate LS =                                  F
calculate LS =                                  F
type of correlations =           independent pair
scale orbital   1 with factor    1.14000
determinant # 1
coefficient                     1.00000   0.00000
1  1  0  1  alpha.orb    # 2J,2M,L,tau radial_file for state                    
1 -1  0  1  alpha.orb    # 2J,2M,L,tau radial_file for state                    
1  1  0 -1  alpha.orb    # 2J,2M,L,tau radial_file for state                    
1 -1  0 -1  alpha.orb    # 2J,2M,L,tau radial_file for state                    
rescaled coefficient            1.00000   0.00000
!-!-!-!-!-!-!-!-!-!-!-!-!-!-!-!-!-!-!-!-!-!-!-!-!-!
No external potential
!-!-!-!-!-!-!-!-!-!-!-!-!-!-!-!-!-!-!-!-!-!-!-!-!-!
rcut in pair sampling =                   1.00000
acut in pair sampling =                   5.00000
a constant in psig =                      0.20000
Number of protons =                             2
Number of neutrons =                            2
range of the potential =                 20.00000
!-!-!-!-!-!-!-!-!-!-!-!-!-!-!-!-!-!-!-!-!-!-!-!-!-!
do V3 =                                         F
three body force =                            no3
three body a2piPwa =                      0.000000000000000
three body a2piPwc =                      0.000000000000000
three body a2piSw =                       0.000000000000000
three body Vd,C,c3 =                      0.000000000000000
three body Ve,C,c3 =                      0.000000000000000
three body A_R =                          0.000000000000000
three body Vd1 =                          0.000000000000000
three body Vd2 =                          0.000000000000000
three body Ve =                           0.000000000000000
propagator: multiply the antic by =       0.000000000000000
propagator: multiply the Vd1 by =         0.000000000000000
propagator: multiply the Ve by =          0.000000000000000
propagator: three body a2piPW =           0.000000000000000
!-!-!-!-!-!-!-!-!-!-!-!-!-!-!-!-!-!-!-!-!-!-!-!-!-!
jastrow healing distance dc =             4.47768
jastrow healing distance dtn =           11.57317
jastrow rho =                             0.01000
potential quencher acn (v1) =             1.50851
potential quencher at  (v2) =             6.06936
potential quencher as  (v3) =             2.76780
potential quencher ast (v4) =             0.80880
potential quencher atn (v5) =             0.61864
potential quencher atn (v6) =             0.20141
potential quencher als (v7) =             0.00000
potential quencher alst (v8) =            0.00000
correlation quencher bt (f2) =            0.26685
correlation quencher bs (f3) =           -0.10565
correlation quencher bst (f4) =           0.42277
correlation quencher btn (f5) =           1.08683
correlation quencher btn (f6) =           4.44810
correlation quencher bls (f7) =           0.00000
correlation quencher blst (f8) =          0.00000
!-!-!-!-!-!-!-!-!-!-!-!-!-!-!-!-!-!-!-!-!-!-!-!-!-!
q1c parameter in f3c =                   12.87526
q2c parameter in f3c =                    1.60340
q1p parameter in f3p =                   -1.81620
q2p parameter in f3p =                    2.14789
!-!-!-!-!-!-!-!-!-!-!-!-!-!-!-!-!-!-!-!-!-!-!-!-!-!
rscal parameter in Uijk cent =            1.00000
rscal parameter in Uijk xpi =             1.00000
rscal parameter in Uijk delta =           1.00000
eps_c parameter in Uijk =                 0.00000
eps_anti parameter in Uijk =              0.00000
eps_tm parameter in Uijk =                0.00000
eps_vd1 parameter in Uijk =               0.00000
eps_vd2 parameter in Uijk =               0.00000
eps_vdc3 parameter in Uijk =              0.00000
eps_vec3 parameter in Uijk =              0.00000
eps_ve parameter in Uijk =                0.00000
eps_comm parameter in Uijk =              0.00000
eps_comm-XD parameter in Uijk =           0.00000
eps_comm-DD parameter in Uijk =           0.00000
TNI-comm correlation included =                 F
!-!-!-!-!-!-!-!-!-!-!-!-!-!-!-!-!-!-!-!-!-!-!-!-!-!
CSB correlation rscalpp =                 1.00000
CSB correlation rscalnn =                 1.00000
CSB correlation quencher pp =             0.00000
CSB correlation quencher nn =             0.00000
CSB correlation included =                      F
!-!-!-!-!-!-!-!-!-!-!-!-!-!-!-!-!-!-!-!-!-!-!-!-!-!
jastrow initialized
!-!-!-!-!-!-!-!-!-!-!-!-!-!-!-!-!-!-!-!-!-!-!-!-!-!
Symmetrize V6 in the propagator =               T
New propagation of Vlstau and commutator included!
Coulomb included in energy (and propag)         F
Initial walkers from file
Number of walkers =                          8382
Configurations at tau =              2.9875000000
Reset tau =                          0.0000000000
!-!-!-!-!-!-!-!-!-!-!-!-!-!-!-!-!-!-!-!-!-!-!-!-!-!
Time for reading configurations (sec.) =       0.72
!-!-!-!-!-!-!-!-!-!-!-!-!-!-!-!-!-!-!-!-!-!-!-!-!-!
Initial configurations:
total energy-propagated        0.00000000E+00  -2.6603147776E+01 +-    3.2664537117E-01   
kinetic energy                 0.00000000E+00   1.0749672491E+02 +-    1.6293899903E+00   
potential energy               0.00000000E+00  -1.3409987268E+02 +-    1.5859704475E+00   
v cent                         0.00000000E+00   1.2099652939E+01 +-    1.3839586198E+00   
v tau                          0.00000000E+00  -7.0351847753E+00 +-    2.2487542404E-01   
v sigma                        0.00000000E+00  -8.2989379505E+00 +-    2.5388180717E-01   
v sigtau                       0.00000000E+00  -5.9112607977E+01 +-    5.5088390454E-01   
v tensor                       0.00000000E+00   4.6303192466E-01 +-    1.3015708981E-01   
v tenstau                      0.00000000E+00  -7.2215826844E+01 +-    9.8620008616E-01   
v ls                           0.00000000E+00   0.0000000000E+00 +-    0.0000000000E+00   
v lstau                        0.00000000E+00   0.0000000000E+00 +-    0.0000000000E+00   
v coulomb                      0.00000000E+00   7.4118898116E-01 +-    2.8757935974E-03   
v external                     0.00000000E+00   0.0000000000E+00 +-    0.0000000000E+00   
tni 2pipr-anticomm             0.00000000E+00   0.0000000000E+00 +-    0.0000000000E+00   
tni vd1pr                      0.00000000E+00   0.0000000000E+00 +-    0.0000000000E+00   
tni vepr                       0.00000000E+00   0.0000000000E+00 +-    0.0000000000E+00   
tni central                    0.00000000E+00   0.0000000000E+00 +-    0.0000000000E+00   
tni 2pixx-anticommutator       0.00000000E+00   0.0000000000E+00 +-    0.0000000000E+00   
tni 2pixd-anticommutator       0.00000000E+00   0.0000000000E+00 +-    0.0000000000E+00   
tni 2pidd-anticommutator       0.00000000E+00   0.0000000000E+00 +-    0.0000000000E+00   
tni 2pixx-commutator           0.00000000E+00   0.0000000000E+00 +-    0.0000000000E+00   
tni 2pixd-commutator           0.00000000E+00   0.0000000000E+00 +-    0.0000000000E+00   
tni 2pidd-commutator           0.00000000E+00   0.0000000000E+00 +-    0.0000000000E+00   
tni 2pi-tm                     0.00000000E+00   0.0000000000E+00 +-    0.0000000000E+00   
tni vd1                        0.00000000E+00   0.0000000000E+00 +-    0.0000000000E+00   
tni vd2                        0.00000000E+00   0.0000000000E+00 +-    0.0000000000E+00   
tni ve                         0.00000000E+00   0.0000000000E+00 +-    0.0000000000E+00   
enetot v8+tni                  0.00000000E+00  -2.6603147776E+01 +-    3.2664537117E-01   
!-!-!-!-!-!-!-!-!-!-!-!-!-!-!-!-!-!-!-!-!-!-!-!-!-!
Psi**2 of initial configurations  =   0.2549788E-04  0.0000000E+00  +-    0.6714523E-06  0.0000000E+00
Psig**2 of initial configurations =   0.1632719E-04  0.0000000E+00  +-    0.5021762E-06  0.0000000E+00
!-!-!-!-!-!-!-!-!-!-!-!-!-!-!-!-!-!-!-!-!-!-!-!-!-!
T**2 of initial configurations  =  -0.1880322E-07  0.4661680E-09
Tz of initial configurations    =   0.1178111E-13  0.2312743E-13
J**2 of initial configurations  =   0.3055308E-07  0.7347960E-09
Jz of initial configurations    =   0.1780262E-13  0.1256424E-13
!-!-!-!-!-!-!-!-!-!-!-!-!-!-!-!-!-!-!-!-!-!-!-!-!-!
!-!-!-!-!-!-!-!-!-!-!-!-!-!-!-!-!-!-!-!-!-!-!-!-!-!
Time to process initial configurations (sec.) =       1.45
!-!-!-!-!-!-!-!-!-!-!-!-!-!-!-!-!-!-!-!-!-!-!-!-!-!

equilibration done

iteration =                               1
walker number =                       10666
total energy-propagated        2.50000000E-03  -2.7748543746E+01 +-    3.0979418612E-01   
kinetic energy                 2.50000000E-03   9.8563421289E+01 +-    1.4458661452E+00   
potential energy               2.50000000E-03  -1.2631196504E+02 +-    1.4649961189E+00   
im energy                      2.50000000E-03   3.3856788640E-01 +-    1.9609668348E-01   
imkin energy                   2.50000000E-03   9.4277242946E-01 +-    4.0015788217E-01   
impot energy                   2.50000000E-03  -6.0420454306E-01 +-    3.9814608056E-01   
v cent                         2.50000000E-03   1.5517852672E+01 +-    1.3946599260E+00   
v tau                          2.50000000E-03  -6.8826683514E+00 +-    2.1323355528E-01   
v sigma                        2.50000000E-03  -8.7243395421E+00 +-    1.8840884548E-01   
v sigtau                       2.50000000E-03  -5.7558718610E+01 +-    4.7806785801E-01   
v tensor                       2.50000000E-03   2.4736042657E-01 +-    1.1750634072E-01   
v tenstau                      2.50000000E-03  -6.8911451629E+01 +-    8.5629450059E-01   
v ls                           2.50000000E-03   0.0000000000E+00 +-    0.0000000000E+00   
v lstau                        2.50000000E-03   0.0000000000E+00 +-    0.0000000000E+00   
vpot v6                        2.50000000E-03  -1.2631196504E+02 +-    1.4649961189E+00   
vpot v8                        2.50000000E-03  -1.2631196504E+02 +-    1.4649961189E+00   
v coulomb                      2.50000000E-03   7.3447493434E-01 +-    2.4329942757E-03   
v external                     2.50000000E-03   0.0000000000E+00 +-    0.0000000000E+00   
tni 2pipr-anticomm             2.50000000E-03   0.0000000000E+00 +-    0.0000000000E+00   
tni vd1pr                      2.50000000E-03   0.0000000000E+00 +-    0.0000000000E+00   
tni vepr                       2.50000000E-03   0.0000000000E+00 +-    0.0000000000E+00   
tni central                    2.50000000E-03   0.0000000000E+00 +-    0.0000000000E+00   
tni 2pixx-anticommutator       2.50000000E-03   0.0000000000E+00 +-    0.0000000000E+00   
tni 2pixd-anticommutator       2.50000000E-03   0.0000000000E+00 +-    0.0000000000E+00   
tni 2pidd-anticommutator       2.50000000E-03   0.0000000000E+00 +-    0.0000000000E+00   
tni 2pixx-commutator           2.50000000E-03   0.0000000000E+00 +-    0.0000000000E+00   
tni 2pixd-commutator           2.50000000E-03   0.0000000000E+00 +-    0.0000000000E+00   
tni 2pidd-commutator           2.50000000E-03   0.0000000000E+00 +-    0.0000000000E+00   
tni 2pi-tm                     2.50000000E-03   0.0000000000E+00 +-    0.0000000000E+00   
tni vd1                        2.50000000E-03   0.0000000000E+00 +-    0.0000000000E+00   
tni vd2                        2.50000000E-03   0.0000000000E+00 +-    0.0000000000E+00   
tni ve                         2.50000000E-03   0.0000000000E+00 +-    0.0000000000E+00   
vpottot v8+tni                 2.50000000E-03  -1.2631196504E+02 +-    1.4649961189E+00   
enetot v8+tni                  2.50000000E-03  -2.7748543746E+01 +-    3.0979418612E-01   
vper cent                      2.50000000E-03   1.5517852672E+01 +-    1.3946599260E+00   
vper tau                       2.50000000E-03  -6.8826683514E+00 +-    2.1323355528E-01   
vper sigma                     2.50000000E-03  -8.7243395421E+00 +-    1.8840884548E-01   
vper sigtau                    2.50000000E-03  -5.7558718610E+01 +-    4.7806785801E-01   
vper tensor                    2.50000000E-03   2.4736042657E-01 +-    1.1750634072E-01   
vper tenstau                   2.50000000E-03  -6.8911451629E+01 +-    8.5629450059E-01   
vper ls                        2.50000000E-03   0.0000000000E+00 +-    0.0000000000E+00   
vper lstau                     2.50000000E-03   0.0000000000E+00 +-    0.0000000000E+00   
vpotper v6                     2.50000000E-03  -1.2631196504E+02 +-    1.4649961189E+00   
vpotper v8                     2.50000000E-03  -1.2631196504E+02 +-    1.4649961189E+00   
vpotv6pr-vpotv6per diff        2.50000000E-03   0.0000000000E+00 +-    0.0000000000E+00   
vpotv8pr-vpotv8per diff        2.50000000E-03   0.0000000000E+00 +-    0.0000000000E+00   
2piapr-2pia diff               2.50000000E-03   0.0000000000E+00 +-    0.0000000000E+00   
vd1pr-vd1 diff                 2.50000000E-03   0.0000000000E+00 +-    0.0000000000E+00   
vepr-ve diff                   2.50000000E-03   0.0000000000E+00 +-    0.0000000000E+00   
diff1 2piapr-2pia-2picxx       2.50000000E-03   0.0000000000E+00 +-    0.0000000000E+00   
diff2 vd1pr-vd1-2picxd         2.50000000E-03   0.0000000000E+00 +-    0.0000000000E+00   
diff3 vepr-ve-2picdd           2.50000000E-03   0.0000000000E+00 +-    0.0000000000E+00   
sum diff1+dif2+diff3           2.50000000E-03   0.0000000000E+00 +-    0.0000000000E+00   
proton rms                     2.50000000E-03   2.1912563627E+00 +-    1.3994208764E-02   
neutron rms                    2.50000000E-03   2.2203026912E+00 +-    1.4933554663E-02   
total rms                      2.50000000E-03   2.2037973154E+00 +-    1.3003063236E-02   
neutron-proton rms             2.50000000E-03   2.9046328499E-02 +-    1.2393757289E-02   
GT sigXtau+                    2.50000000E-03   3.5731586876E-05 +-    2.0868193626E-05   
GT sigYtau+                    2.50000000E-03  -2.4322921635E-05 +-    2.1496510181E-05   
GT sigZtau+                    2.50000000E-03  -9.9329014121E-06 +-    2.1127651466E-05   
GT sigXtau-                    2.50000000E-03  -4.9658810032E-05 +-    2.0979812526E-05   
GT sigYtau-                    2.50000000E-03  -2.2192764351E-05 +-    2.1633123348E-05   
GT sigZtau-                    2.50000000E-03   5.7351772884E-05 +-    2.1636471139E-05   
F tau+                         2.50000000E-03   1.6189312142E-20 +-    3.9057787658E-20   
F tau-                         2.50000000E-03  -6.7337042721E-21 +-    3.9640616863E-20   
Psi**2                         2.50000000E-03   2.5401597926E-05 +-    6.1820265204E-07   
single crossing/step           2.50000000E-03   8.7923526133E-03 +-    4.7597898261E-05   
global crossing/step           2.50000000E-03   8.6639325852E-03 +-    9.4504151534E-05   
energy numerator(real)         2.50000000E-03  -2.8568666415E+01 +-    7.1662401042E-01   
denominator psit/psigi(real)   2.50000000E-03   1.0294911856E+00 +-    1.1210366118E-02   
energy numerator(aimag)        2.50000000E-03   4.7171936314E-01 +-    4.6320541155E-01   
denominator psit/psigi(aimag)  2.50000000E-03   3.2679009844E-03 +-    7.2638365655E-03   
growth(lin dt) energy          2.50000000E-03  -1.9653395003E+02 +-    4.8711796053E+00   
growth(global) energy          2.50000000E-03  -2.0053768425E+02 +-    1.0885650679E+01
growth energy                  2.50000000E-03  -1.9642708316E+02 +-    4.8596416630E+00
Time for propagation (sec) (min) =          19.247      0.321
Time for energies (sec) (min) =              0.747      0.012
Time for load balancing (sec) (min) =        0.067      0.001
Time for block (sec) (min) =                20.857      0.348
Time for operators (sec) (min) =             0.023      0.000
Elapsed block time (sec) (min) =            20.881      0.348
 
 walkers multiplicity, block, total
   0          36507          36507
   1         886653         886653
   2          38322          38322
   3            172            172
   4             20             20
   5              8              8
   6              4              4
   7              1              1
   8              1              1
   9              0              0
 
 

iteration =                               2
walker number =                       11494
total energy-propagated        5.00000000E-03  -2.3425781921E+01 +-    4.2033636119E-01   
kinetic energy                 5.00000000E-03   9.0859818672E+01 +-    1.4683458580E+00   
potential energy               5.00000000E-03  -1.1428560059E+02 +-    1.4704905775E+00   
im energy                      5.00000000E-03   3.8123614473E-02 +-    2.9876319704E-01   
imkin energy                   5.00000000E-03   1.4980493774E+00 +-    4.2990412846E-01   
impot energy                   5.00000000E-03  -1.4599257629E+00 +-    3.4782289083E-01   
v cent                         5.00000000E-03   2.0959440196E+01 +-    1.3864435066E+00   
v tau                          5.00000000E-03  -7.6601612687E+00 +-    1.7488869148E-01   
v sigma                        5.00000000E-03  -6.8725678474E+00 +-    2.1426288269E-01   
v sigtau                       5.00000000E-03  -5.7181502474E+01 +-    4.8734346699E-01   
v tensor                       5.00000000E-03   1.0710471160E+00 +-    1.3789518273E-01   
v tenstau                      5.00000000E-03  -6.4601856315E+01 +-    8.4359776627E-01   
v ls                           5.00000000E-03   0.0000000000E+00 +-    0.0000000000E+00   
v lstau                        5.00000000E-03   0.0000000000E+00 +-    0.0000000000E+00   
vpot v6                        5.00000000E-03  -1.1428560059E+02 +-    1.4704905775E+00   
vpot v8                        5.00000000E-03  -1.1428560059E+02 +-    1.4704905775E+00   
v coulomb                      5.00000000E-03   7.1278721169E-01 +-    2.5906944715E-03   
v external                     5.00000000E-03   0.0000000000E+00 +-    0.0000000000E+00   
tni 2pipr-anticomm             5.00000000E-03   0.0000000000E+00 +-    0.0000000000E+00   
tni vd1pr                      5.00000000E-03   0.0000000000E+00 +-    0.0000000000E+00   
tni vepr                       5.00000000E-03   0.0000000000E+00 +-    0.0000000000E+00   
tni central                    5.00000000E-03   0.0000000000E+00 +-    0.0000000000E+00   
tni 2pixx-anticommutator       5.00000000E-03   0.0000000000E+00 +-    0.0000000000E+00   
tni 2pixd-anticommutator       5.00000000E-03   0.0000000000E+00 +-    0.0000000000E+00   
tni 2pidd-anticommutator       5.00000000E-03   0.0000000000E+00 +-    0.0000000000E+00   
tni 2pixx-commutator           5.00000000E-03   0.0000000000E+00 +-    0.0000000000E+00   
tni 2pixd-commutator           5.00000000E-03   0.0000000000E+00 +-    0.0000000000E+00   
tni 2pidd-commutator           5.00000000E-03   0.0000000000E+00 +-    0.0000000000E+00   
tni 2pi-tm                     5.00000000E-03   0.0000000000E+00 +-    0.0000000000E+00   
tni vd1                        5.00000000E-03   0.0000000000E+00 +-    0.0000000000E+00   
tni vd2                        5.00000000E-03   0.0000000000E+00 +-    0.0000000000E+00   
tni ve                         5.00000000E-03   0.0000000000E+00 +-    0.0000000000E+00   
vpottot v8+tni                 5.00000000E-03  -1.1428560059E+02 +-    1.4704905775E+00   
enetot v8+tni                  5.00000000E-03  -2.3425781921E+01 +-    4.2033636119E-01   
vper cent                      5.00000000E-03   2.0959440196E+01 +-    1.3864435066E+00   
vper tau                       5.00000000E-03  -7.6601612687E+00 +-    1.7488869148E-01   
vper sigma                     5.00000000E-03  -6.8725678474E+00 +-    2.1426288269E-01   
vper sigtau                    5.00000000E-03  -5.7181502474E+01 +-    4.8734346699E-01   
vper tensor                    5.00000000E-03   1.0710471160E+00 +-    1.3789518273E-01   
vper tenstau                   5.00000000E-03  -6.4601856315E+01 +-    8.4359776627E-01   
vper ls                        5.00000000E-03   0.0000000000E+00 +-    0.0000000000E+00   
vper lstau                     5.00000000E-03   0.0000000000E+00 +-    0.0000000000E+00   
vpotper v6                     5.00000000E-03  -1.1428560059E+02 +-    1.4704905775E+00   
vpotper v8                     5.00000000E-03  -1.1428560059E+02 +-    1.4704905775E+00   
vpotv6pr-vpotv6per diff        5.00000000E-03   0.0000000000E+00 +-    0.0000000000E+00   
vpotv8pr-vpotv8per diff        5.00000000E-03   0.0000000000E+00 +-    0.0000000000E+00   
2piapr-2pia diff               5.00000000E-03   0.0000000000E+00 +-    0.0000000000E+00   
vd1pr-vd1 diff                 5.00000000E-03   0.0000000000E+00 +-    0.0000000000E+00   
vepr-ve diff                   5.00000000E-03   0.0000000000E+00 +-    0.0000000000E+00   
diff1 2piapr-2pia-2picxx       5.00000000E-03   0.0000000000E+00 +-    0.0000000000E+00   
diff2 vd1pr-vd1-2picxd         5.00000000E-03   0.0000000000E+00 +-    0.0000000000E+00   
diff3 vepr-ve-2picdd           5.00000000E-03   0.0000000000E+00 +-    0.0000000000E+00   
sum diff1+dif2+diff3           5.00000000E-03   0.0000000000E+00 +-    0.0000000000E+00   
proton rms                     5.00000000E-03   2.3545090399E+00 +-    1.4932695524E-02   
neutron rms                    5.00000000E-03   2.2459399773E+00 +-    1.3809998624E-02   
total rms                      5.00000000E-03   2.2976387593E+00 +-    1.2784295104E-02   
neutron-proton rms             5.00000000E-03  -1.0856906255E-01 +-    1.2972282265E-02   
GT sigXtau+                    5.00000000E-03  -1.9263115009E-05 +-    1.9699625614E-05   
GT sigYtau+                    5.00000000E-03  -7.7950866018E-05 +-    2.0212819063E-05   
GT sigZtau+                    5.00000000E-03  -2.2654307890E-05 +-    1.9574881046E-05   
GT sigXtau-                    5.00000000E-03  -4.4822390636E-05 +-    1.9048341596E-05   
GT sigYtau-                    5.00000000E-03   6.1918520172E-05 +-    2.1122134387E-05   
GT sigZtau-                    5.00000000E-03  -7.1110769943E-05 +-    1.9760858731E-05   
F tau+                         5.00000000E-03  -8.9496940282E-20 +-    3.3333137077E-20   
F tau-                         5.00000000E-03  -2.6446414149E-20 +-    3.6076034136E-20   
Psi**2                         5.00000000E-03   2.2528699761E-05 +-    5.4778904920E-07   
single crossing/step           5.00000000E-03   7.7311285787E-03 +-    4.1715268551E-05   
global crossing/step           5.00000000E-03   7.6335877863E-03 +-    8.2906634958E-05   
energy numerator(real)         5.00000000E-03  -1.6310678971E+01 +-    7.5827935679E-01   
denominator psit/psigi(real)   5.00000000E-03   6.9648306661E-01 +-    1.2260945223E-02   
energy numerator(aimag)        5.00000000E-03   6.5446278795E-01 +-    5.0908071841E-01   
denominator psit/psigi(aimag)  5.00000000E-03  -2.0826176304E-02 +-    8.1387672019E-03   
growth(lin dt) energy          5.00000000E-03  -2.0381405841E+02 +-    4.9305603856E+00   
growth(global) energy          5.00000000E-03  -2.0714679540E+02 +-    1.1563481568E+01
growth energy                  5.00000000E-03  -2.0368972962E+02 +-    4.9179851851E+00
Time for propagation (sec) (min) =          22.049      0.367
Time for energies (sec) (min) =              0.805      0.013
Time for load balancing (sec) (min) =        0.028      0.000
Time for block (sec) (min) =                23.578      0.393
Time for operators (sec) (min) =             0.024      0.000
Elapsed block time (sec) (min) =            44.500      0.742
 
 walkers multiplicity, block, total
   0          46720          83227
   1        1020414        1907067
   2          46734          85056
   3            272            444
   4             45             65
   5             16             24
   6              8             12
   7              1              2
   8              0              1
   9              2              2
  10              1              1
 
 

iteration =                               3
walker number =                       10677
total energy-propagated        7.50000000E-03  -2.7208596710E+01 +-    3.0177905873E-01   
kinetic energy                 7.50000000E-03   9.6101260081E+01 +-    1.5492924593E+00   
potential energy               7.50000000E-03  -1.2330985679E+02 +-    1.5215905199E+00   
im energy                      7.50000000E-03  -1.6399207614E+00 +-    1.8235885056E-01   
imkin energy                   7.50000000E-03  -9.2585363866E-01 +-    5.7663693891E-01   
impot energy                   7.50000000E-03  -7.1406712277E-01 +-    5.5724257548E-01   
v cent                         7.50000000E-03   1.3550607104E+01 +-    1.2290399509E+00   
v tau                          7.50000000E-03  -5.1828501826E+00 +-    2.3264835174E-01   
v sigma                        7.50000000E-03  -1.1319427364E+01 +-    3.7378243998E-01   
v sigtau                       7.50000000E-03  -5.9872557903E+01 +-    4.9767756114E-01   
v tensor                       7.50000000E-03  -1.0333853147E+00 +-    1.1216314856E-01   
v tenstau                      7.50000000E-03  -5.9452243130E+01 +-    1.1451942952E+00   
v ls                           7.50000000E-03   0.0000000000E+00 +-    0.0000000000E+00   
v lstau                        7.50000000E-03   0.0000000000E+00 +-    0.0000000000E+00   
vpot v6                        7.50000000E-03  -1.2330985679E+02 +-    1.5215905199E+00   
vpot v8                        7.50000000E-03  -1.2330985679E+02 +-    1.5215905199E+00   
v coulomb                      7.50000000E-03   7.1585804896E-01 +-    2.9424319298E-03   
v external                     7.50000000E-03   0.0000000000E+00 +-    0.0000000000E+00   
tni 2pipr-anticomm             7.50000000E-03   0.0000000000E+00 +-    0.0000000000E+00   
tni vd1pr                      7.50000000E-03   0.0000000000E+00 +-    0.0000000000E+00   
tni vepr                       7.50000000E-03   0.0000000000E+00 +-    0.0000000000E+00   
tni central                    7.50000000E-03   0.0000000000E+00 +-    0.0000000000E+00   
tni 2pixx-anticommutator       7.50000000E-03   0.0000000000E+00 +-    0.0000000000E+00   
tni 2pixd-anticommutator       7.50000000E-03   0.0000000000E+00 +-    0.0000000000E+00   
tni 2pidd-anticommutator       7.50000000E-03   0.0000000000E+00 +-    0.0000000000E+00   
tni 2pixx-commutator           7.50000000E-03   0.0000000000E+00 +-    0.0000000000E+00   
tni 2pixd-commutator           7.50000000E-03   0.0000000000E+00 +-    0.0000000000E+00   
tni 2pidd-commutator           7.50000000E-03   0.0000000000E+00 +-    0.0000000000E+00   
tni 2pi-tm                     7.50000000E-03   0.0000000000E+00 +-    0.0000000000E+00   
tni vd1                        7.50000000E-03   0.0000000000E+00 +-    0.0000000000E+00   
tni vd2                        7.50000000E-03   0.0000000000E+00 +-    0.0000000000E+00   
tni ve                         7.50000000E-03   0.0000000000E+00 +-    0.0000000000E+00   
vpottot v8+tni                 7.50000000E-03  -1.2330985679E+02 +-    1.5215905199E+00   
enetot v8+tni                  7.50000000E-03  -2.7208596710E+01 +-    3.0177905873E-01   
vper cent                      7.50000000E-03   1.3550607104E+01 +-    1.2290399509E+00   
vper tau                       7.50000000E-03  -5.1828501826E+00 +-    2.3264835174E-01   
vper sigma                     7.50000000E-03  -1.1319427364E+01 +-    3.7378243998E-01   
vper sigtau                    7.50000000E-03  -5.9872557903E+01 +-    4.9767756114E-01   
vper tensor                    7.50000000E-03  -1.0333853147E+00 +-    1.1216314856E-01   
vper tenstau                   7.50000000E-03  -5.9452243130E+01 +-    1.1451942952E+00   
vper ls                        7.50000000E-03   0.0000000000E+00 +-    0.0000000000E+00   
vper lstau                     7.50000000E-03   0.0000000000E+00 +-    0.0000000000E+00   
vpotper v6                     7.50000000E-03  -1.2330985679E+02 +-    1.5215905199E+00   
vpotper v8                     7.50000000E-03  -1.2330985679E+02 +-    1.5215905199E+00   
vpotv6pr-vpotv6per diff        7.50000000E-03   0.0000000000E+00 +-    0.0000000000E+00   
vpotv8pr-vpotv8per diff        7.50000000E-03   0.0000000000E+00 +-    0.0000000000E+00   
2piapr-2pia diff               7.50000000E-03   0.0000000000E+00 +-    0.0000000000E+00   
vd1pr-vd1 diff                 7.50000000E-03   0.0000000000E+00 +-    0.0000000000E+00   
vepr-ve diff                   7.50000000E-03   0.0000000000E+00 +-    0.0000000000E+00   
diff1 2piapr-2pia-2picxx       7.50000000E-03   0.0000000000E+00 +-    0.0000000000E+00   
diff2 vd1pr-vd1-2picxd         7.50000000E-03   0.0000000000E+00 +-    0.0000000000E+00   
diff3 vepr-ve-2picdd           7.50000000E-03   0.0000000000E+00 +-    0.0000000000E+00   
sum diff1+dif2+diff3           7.50000000E-03   0.0000000000E+00 +-    0.0000000000E+00   
proton rms                     7.50000000E-03   2.3038068303E+00 +-    1.6150104144E-02   
neutron rms                    7.50000000E-03   2.1747783814E+00 +-    1.4831390036E-02   
total rms                      7.50000000E-03   2.2325023057E+00 +-    1.3370298993E-02   
neutron-proton rms             7.50000000E-03  -1.2902844889E-01 +-    1.5165816549E-02   
GT sigXtau+                    7.50000000E-03  -8.2844591121E-05 +-    2.3403850744E-05   
GT sigYtau+                    7.50000000E-03  -1.5800966499E-04 +-    2.1863562414E-05   
GT sigZtau+                    7.50000000E-03   2.0496555909E-04 +-    2.3990302846E-05   
GT sigXtau-                    7.50000000E-03   8.1298632769E-06 +-    2.3853827410E-05   
GT sigYtau-                    7.50000000E-03   1.8828400552E-04 +-    2.5734941928E-05   
GT sigZtau-                    7.50000000E-03  -3.2682717135E-04 +-    2.5437073895E-05   
F tau+                         7.50000000E-03   1.4002976447E-19 +-    3.8929401133E-20   
F tau-                         7.50000000E-03  -5.2288686458E-20 +-    4.0069523007E-20   
Psi**2                         7.50000000E-03   2.7185985980E-05 +-    6.7208968898E-07   
single crossing/step           7.50000000E-03   7.6934260360E-03 +-    4.1906714154E-05   
global crossing/step           7.50000000E-03   7.5020335452E-03 +-    8.2772313391E-05   
energy numerator(real)         7.50000000E-03  -1.1414904102E+01 +-    8.2350443607E-01   
denominator psit/psigi(real)   7.50000000E-03   4.2022379273E-01 +-    1.3387147546E-02   
energy numerator(aimag)        7.50000000E-03  -1.6464085189E+00 +-    5.4636879454E-01   
denominator psit/psigi(aimag)  7.50000000E-03   5.2534185789E-03 +-    9.2549826650E-03   
growth(lin dt) energy          7.50000000E-03  -2.3105312409E+02 +-    5.4357577729E+00   
growth(global) energy          7.50000000E-03  -2.1992869851E+02 +-    1.1206305190E+01
growth energy                  7.50000000E-03  -2.3085176916E+02 +-    5.4181797158E+00
Time for propagation (sec) (min) =          21.752      0.363
Time for energies (sec) (min) =              0.749      0.012
Time for load balancing (sec) (min) =        0.031      0.001
Time for block (sec) (min) =                23.157      0.386
Time for operators (sec) (min) =             0.024      0.000
Elapsed block time (sec) (min) =            67.680      1.128
 
 walkers multiplicity, block, total
   0          50672         133899
   1        1010922        2917989
   2          48765         133821
   3            350            794
   4             57            122
   5             15             39
   6              7             19
   7              4              6
   8              1              2
   9              1              3
  10              3              4
  11              1              1
  13              1              1
  18              1              1
  20              1              1
 
 

iteration =                               4
walker number =                       11943
total energy-propagated        1.00000000E-02  -3.0201840585E+01 +-    6.3758303186E-01   
kinetic energy                 1.00000000E-02   1.1017891142E+02 +-    1.5380229034E+00   
potential energy               1.00000000E-02  -1.4038075200E+02 +-    1.8189897355E+00   
im energy                      1.00000000E-02   2.7480788283E+00 +-    4.7216519822E-01   
imkin energy                   1.00000000E-02   9.4222983598E+00 +-    3.4075189399E-01   
impot energy                   1.00000000E-02  -6.6742195316E+00 +-    3.5416330762E-01   
v cent                         1.00000000E-02  -3.1409768141E+00 +-    7.4137687770E-01   
v tau                          1.00000000E-02  -5.2391024830E+00 +-    3.5265729019E-01   
v sigma                        1.00000000E-02  -1.0418897809E+01 +-    5.3575011786E-01   
v sigtau                       1.00000000E-02  -5.7157479150E+01 +-    6.0312292287E-01   
v tensor                       1.00000000E-02   6.8404014263E-01 +-    3.3017575108E-01   
v tenstau                      1.00000000E-02  -6.5108335888E+01 +-    1.8776525552E+00   
v ls                           1.00000000E-02   0.0000000000E+00 +-    0.0000000000E+00   
v lstau                        1.00000000E-02   0.0000000000E+00 +-    0.0000000000E+00   
vpot v6                        1.00000000E-02  -1.4038075200E+02 +-    1.8189897355E+00   
vpot v8                        1.00000000E-02  -1.4038075200E+02 +-    1.8189897355E+00   
v coulomb                      1.00000000E-02   7.3814999189E-01 +-    2.6627308510E-03   
v external                     1.00000000E-02   0.0000000000E+00 +-    0.0000000000E+00   
tni 2pipr-anticomm             1.00000000E-02   0.0000000000E+00 +-    0.0000000000E+00   
tni vd1pr                      1.00000000E-02   0.0000000000E+00 +-    0.0000000000E+00   
tni vepr                       1.00000000E-02   0.0000000000E+00 +-    0.0000000000E+00   
tni central                    1.00000000E-02   0.0000000000E+00 +-    0.0000000000E+00   
tni 2pixx-anticommutator       1.00000000E-02   0.0000000000E+00 +-    0.0000000000E+00   
tni 2pixd-anticommutator       1.00000000E-02   0.0000000000E+00 +-    0.0000000000E+00   
tni 2pidd-anticommutator       1.00000000E-02   0.0000000000E+00 +-    0.0000000000E+00   
tni 2pixx-commutator           1.00000000E-02   0.0000000000E+00 +-    0.0000000000E+00   
tni 2pixd-commutator           1.00000000E-02   0.0000000000E+00 +-    0.0000000000E+00   
tni 2pidd-commutator           1.00000000E-02   0.0000000000E+00 +-    0.0000000000E+00   
tni 2pi-tm                     1.00000000E-02   0.0000000000E+00 +-    0.0000000000E+00   
tni vd1                        1.00000000E-02   0.0000000000E+00 +-    0.0000000000E+00   
tni vd2                        1.00000000E-02   0.0000000000E+00 +-    0.0000000000E+00   
tni ve                         1.00000000E-02   0.0000000000E+00 +-    0.0000000000E+00   
vpottot v8+tni                 1.00000000E-02  -1.4038075200E+02 +-    1.8189897355E+00   
enetot v8+tni                  1.00000000E-02  -3.0201840585E+01 +-    6.3758303186E-01   
vper cent                      1.00000000E-02  -3.1409768141E+00 +-    7.4137687770E-01   
vper tau                       1.00000000E-02  -5.2391024830E+00 +-    3.5265729019E-01   
vper sigma                     1.00000000E-02  -1.0418897809E+01 +-    5.3575011786E-01   
vper sigtau                    1.00000000E-02  -5.7157479150E+01 +-    6.0312292287E-01   
vper tensor                    1.00000000E-02   6.8404014263E-01 +-    3.3017575108E-01   
vper tenstau                   1.00000000E-02  -6.5108335888E+01 +-    1.8776525552E+00   
vper ls                        1.00000000E-02   0.0000000000E+00 +-    0.0000000000E+00   
vper lstau                     1.00000000E-02   0.0000000000E+00 +-    0.0000000000E+00   
vpotper v6                     1.00000000E-02  -1.4038075200E+02 +-    1.8189897355E+00   
vpotper v8                     1.00000000E-02  -1.4038075200E+02 +-    1.8189897355E+00   
vpotv6pr-vpotv6per diff        1.00000000E-02   0.0000000000E+00 +-    0.0000000000E+00   
vpotv8pr-vpotv8per diff        1.00000000E-02   0.0000000000E+00 +-    0.0000000000E+00   
2piapr-2pia diff               1.00000000E-02   0.0000000000E+00 +-    0.0000000000E+00   
vd1pr-vd1 diff                 1.00000000E-02   0.0000000000E+00 +-    0.0000000000E+00   
vepr-ve diff                   1.00000000E-02   0.0000000000E+00 +-    0.0000000000E+00   
diff1 2piapr-2pia-2picxx       1.00000000E-02   0.0000000000E+00 +-    0.0000000000E+00   
diff2 vd1pr-vd1-2picxd         1.00000000E-02   0.0000000000E+00 +-    0.0000000000E+00   
diff3 vepr-ve-2picdd           1.00000000E-02   0.0000000000E+00 +-    0.0000000000E+00   
sum diff1+dif2+diff3           1.00000000E-02   0.0000000000E+00 +-    0.0000000000E+00   
proton rms                     1.00000000E-02   2.2800756280E+00 +-    1.4916153174E-02   
neutron rms                    1.00000000E-02   2.2335839246E+00 +-    1.5373735857E-02   
total rms                      1.00000000E-02   2.2548471436E+00 +-    1.3388482513E-02   
neutron-proton rms             1.00000000E-02  -4.6491703372E-02 +-    1.4508322726E-02   
GT sigXtau+                    1.00000000E-02  -1.5895695321E-04 +-    2.3968554954E-05   
GT sigYtau+                    1.00000000E-02  -9.7829694242E-05 +-    2.2882982162E-05   
GT sigZtau+                    1.00000000E-02   2.6866038773E-04 +-    2.3309902045E-05   
GT sigXtau-                    1.00000000E-02   1.0781165753E-05 +-    2.6201886119E-05   
GT sigYtau-                    1.00000000E-02   1.6442224567E-05 +-    2.4170585966E-05   
GT sigZtau-                    1.00000000E-02  -4.0396641714E-05 +-    2.2046864574E-05   
F tau+                         1.00000000E-02   3.2837280737E-19 +-    4.4203867888E-20   
F tau-                         1.00000000E-02  -1.5914867193E-20 +-    4.1207145879E-20   
Psi**2                         1.00000000E-02   3.6367365400E-05 +-    7.8306269873E-07   
single crossing/step           1.00000000E-02   7.3688930416E-03 +-    4.0455162757E-05   
global crossing/step           1.00000000E-02   7.2189823616E-03 +-    8.0089135201E-05   
energy numerator(real)         1.00000000E-02  -8.6838432912E+00 +-    1.0386448229E+00   
denominator psit/psigi(real)   1.00000000E-02   2.8742483001E-01 +-    1.3304253906E-02   
energy numerator(aimag)        1.00000000E-02   1.6302587392E+00 +-    7.6214637647E-01   
denominator psit/psigi(aimag)  1.00000000E-02   5.3842748843E-04 +-    8.9277945749E-03   
growth(lin dt) energy          1.00000000E-02  -2.1692103822E+02 +-    5.2140807095E+00   
growth(global) energy          1.00000000E-02  -2.2366728134E+02 +-    1.0669675786E+01
growth energy                  1.00000000E-02  -2.1676194805E+02 +-    5.1990647678E+00
Time for propagation (sec) (min) =          22.379      0.373
Time for energies (sec) (min) =              0.838      0.014
Time for load balancing (sec) (min) =        0.034      0.001
Time for block (sec) (min) =                23.858      0.398
Time for operators (sec) (min) =             0.025      0.000
Elapsed block time (sec) (min) =            91.573      1.526
 
 walkers multiplicity, block, total
   0          50712         184611
   1        1027191        3945180
   2          51040         184861
   3            327           1121
   4             53            175
   5             13             52
   6              6             25
   7              2              8
   8              2              4
   9              1              4
  10              1              5
  11              0              1
  13              0              1
  18              0              1
  20              0              1
 
 

iteration =                               5
walker number =                       10432
total energy-propagated        1.25000000E-02  -5.0337938668E+01 +-    6.5588067467E-01   
kinetic energy                 1.25000000E-02   6.8583117699E+01 +-    1.3264571063E+00   
potential energy               1.25000000E-02  -1.1892105637E+02 +-    1.1852144396E+00   
im energy                      1.25000000E-02   1.4528323892E+00 +-    3.8830203321E-01   
imkin energy                   1.25000000E-02  -3.4778569172E+00 +-    5.6855380981E-01   
impot energy                   1.25000000E-02   4.9306893063E+00 +-    3.4462229372E-01   
v cent                         1.25000000E-02  -1.3976614075E+01 +-    1.0930117006E+00   
v tau                          1.25000000E-02   4.1405916552E+00 +-    1.6801647544E-01   
v sigma                        1.25000000E-02  -9.2875287312E+00 +-    2.9804030814E-01   
v sigtau                       1.25000000E-02  -3.4549399665E+01 +-    5.3005845068E-01   
v tensor                       1.25000000E-02  -4.0298560059E+00 +-    1.9918994529E-01   
v tenstau                      1.25000000E-02  -6.1218249545E+01 +-    4.8635820381E-01   
v ls                           1.25000000E-02   0.0000000000E+00 +-    0.0000000000E+00   
v lstau                        1.25000000E-02   0.0000000000E+00 +-    0.0000000000E+00   
vpot v6                        1.25000000E-02  -1.1892105637E+02 +-    1.1852144396E+00   
vpot v8                        1.25000000E-02  -1.1892105637E+02 +-    1.1852144396E+00   
v coulomb                      1.25000000E-02   6.7046551308E-01 +-    2.4605766593E-03   
v external                     1.25000000E-02   0.0000000000E+00 +-    0.0000000000E+00   
tni 2pipr-anticomm             1.25000000E-02   0.0000000000E+00 +-    0.0000000000E+00   
tni vd1pr                      1.25000000E-02   0.0000000000E+00 +-    0.0000000000E+00   
tni vepr                       1.25000000E-02   0.0000000000E+00 +-    0.0000000000E+00   
tni central                    1.25000000E-02   0.0000000000E+00 +-    0.0000000000E+00   
tni 2pixx-anticommutator       1.25000000E-02   0.0000000000E+00 +-    0.0000000000E+00   
tni 2pixd-anticommutator       1.25000000E-02   0.0000000000E+00 +-    0.0000000000E+00   
tni 2pidd-anticommutator       1.25000000E-02   0.0000000000E+00 +-    0.0000000000E+00   
tni 2pixx-commutator           1.25000000E-02   0.0000000000E+00 +-    0.0000000000E+00   
tni 2pixd-commutator           1.25000000E-02   0.0000000000E+00 +-    0.0000000000E+00   
tni 2pidd-commutator           1.25000000E-02   0.0000000000E+00 +-    0.0000000000E+00   
tni 2pi-tm                     1.25000000E-02   0.0000000000E+00 +-    0.0000000000E+00   
tni vd1                        1.25000000E-02   0.0000000000E+00 +-    0.0000000000E+00   
tni vd2                        1.25000000E-02   0.0000000000E+00 +-    0.0000000000E+00   
tni ve                         1.25000000E-02   0.0000000000E+00 +-    0.0000000000E+00   
vpottot v8+tni                 1.25000000E-02  -1.1892105637E+02 +-    1.1852144396E+00   
enetot v8+tni                  1.25000000E-02  -5.0337938668E+01 +-    6.5588067467E-01   
vper cent                      1.25000000E-02  -1.3976614075E+01 +-    1.0930117006E+00   
vper tau                       1.25000000E-02   4.1405916552E+00 +-    1.6801647544E-01   
vper sigma                     1.25000000E-02  -9.2875287312E+00 +-    2.9804030814E-01   
vper sigtau                    1.25000000E-02  -3.4549399665E+01 +-    5.3005845068E-01   
vper tensor                    1.25000000E-02  -4.0298560059E+00 +-    1.9918994529E-01   
vper tenstau                   1.25000000E-02  -6.1218249545E+01 +-    4.8635820381E-01   
vper ls                        1.25000000E-02   0.0000000000E+00 +-    0.0000000000E+00   
vper lstau                     1.25000000E-02   0.0000000000E+00 +-    0.0000000000E+00   
vpotper v6                     1.25000000E-02  -1.1892105637E+02 +-    1.1852144396E+00   
vpotper v8                     1.25000000E-02  -1.1892105637E+02 +-    1.1852144396E+00   
vpotv6pr-vpotv6per diff        1.25000000E-02   0.0000000000E+00 +-    0.0000000000E+00   
vpotv8pr-vpotv8per diff        1.25000000E-02   0.0000000000E+00 +-    0.0000000000E+00   
2piapr-2pia diff               1.25000000E-02   0.0000000000E+00 +-    0.0000000000E+00   
vd1pr-vd1 diff                 1.25000000E-02   0.0000000000E+00 +-    0.0000000000E+00   
vepr-ve diff                   1.25000000E-02   0.0000000000E+00 +-    0.0000000000E+00   
diff1 2piapr-2pia-2picxx       1.25000000E-02   0.0000000000E+00 +-    0.0000000000E+00   
diff2 vd1pr-vd1-2picxd         1.25000000E-02   0.0000000000E+00 +-    0.0000000000E+00   
diff3 vepr-ve-2picdd           1.25000000E-02   0.0000000000E+00 +-    0.0000000000E+00   
sum diff1+dif2+diff3           1.25000000E-02   0.0000000000E+00 +-    0.0000000000E+00   
proton rms                     1.25000000E-02   2.3617175974E+00 +-    1.2161056570E-02   
neutron rms                    1.25000000E-02   2.2680420321E+00 +-    1.3394326111E-02   
total rms                      1.25000000E-02   2.3204234577E+00 +-    1.0924304882E-02   
neutron-proton rms             1.25000000E-02  -9.3675565281E-02 +-    1.2531816968E-02   
GT sigXtau+                    1.25000000E-02  -4.0412327106E-04 +-    2.2115847954E-05   
GT sigYtau+                    1.25000000E-02  -3.8510892779E-04 +-    1.5032948609E-05   
GT sigZtau+                    1.25000000E-02  -2.7082781352E-04 +-    1.2809664795E-05   
GT sigXtau-                    1.25000000E-02  -3.0180990783E-04 +-    2.0696719010E-05   
GT sigYtau-                    1.25000000E-02  -4.7365314917E-05 +-    1.7967822763E-05   
GT sigZtau-                    1.25000000E-02  -2.3391380784E-05 +-    1.3573173977E-05   
F tau+                         1.25000000E-02  -5.7218917641E-19 +-    2.9871149174E-20   
F tau-                         1.25000000E-02  -3.3318361364E-19 +-    3.8465285701E-20   
Psi**2                         1.25000000E-02   2.9614572627E-05 +-    8.6643379514E-07   
single crossing/step           1.25000000E-02   8.1182628404E-03 +-    4.3242156390E-05   
global crossing/step           1.25000000E-02   8.0105147294E-03 +-    8.5913138349E-05   
energy numerator(real)         1.25000000E-02  -8.6113180741E+00 +-    9.5259733744E-01   
denominator psit/psigi(real)   1.25000000E-02   1.7120776558E-01 +-    1.4353398066E-02   
energy numerator(aimag)        1.25000000E-02   1.5615148637E+00 +-    6.7300414360E-01   
denominator psit/psigi(aimag)  1.25000000E-02  -3.0241472456E-02 +-    9.5599827487E-03   
growth(lin dt) energy          1.25000000E-02  -2.5623955862E+02 +-    5.7807176098E+00   
growth(global) energy          1.25000000E-02  -2.6972484180E+02 +-    1.1638837194E+01
growth energy                  1.25000000E-02  -2.5595058058E+02 +-    5.7583851744E+00
Time for propagation (sec) (min) =          21.569      0.359
Time for energies (sec) (min) =              0.732      0.012
Time for load balancing (sec) (min) =        0.032      0.001
Time for block (sec) (min) =                23.002      0.383
Time for operators (sec) (min) =             0.022      0.000
Elapsed block time (sec) (min) =           114.597      1.910
 
 walkers multiplicity, block, total
   0          55000         239611
   1        1004975        4950155
   2          52101         236962
   3            422           1543
   4             88            263
   5             25             77
   6              7             32
   7              8             16
   8              2              6
   9              6             10
  10              2              7
  11              0              1
  13              0              1
  18              1              2
  20              0              1
 
 

iteration =                               6
walker number =                       11814
total energy-propagated        1.50000000E-02  -5.4175149100E+01 +-    7.8966030399E-01   
kinetic energy                 1.50000000E-02  -4.2478682861E+01 +-    2.7836524957E+00   
potential energy               1.50000000E-02  -1.1696466239E+01 +-    2.4883705499E+00   
im energy                      1.50000000E-02  -1.3206756218E+00 +-    3.1531100638E-01   
imkin energy                   1.50000000E-02  -2.5503675460E-01 +-    8.5949452018E-01   
impot energy                   1.50000000E-02  -1.0656388672E+00 +-    6.0515432007E-01   
v cent                         1.50000000E-02   4.8948714058E+00 +-    1.7193391170E+00   
v tau                          1.50000000E-02   7.5137806115E+00 +-    4.7013674825E-01   
v sigma                        1.50000000E-02  -2.3595004458E+01 +-    4.2649687838E-01   
v sigtau                       1.50000000E-02  -2.1999308357E+01 +-    3.6086145080E-01   
v tensor                       1.50000000E-02  -7.3428509516E+00 +-    2.5156686086E-01   
v tenstau                      1.50000000E-02   2.8832045509E+01 +-    1.3587403458E+00   
v ls                           1.50000000E-02   0.0000000000E+00 +-    0.0000000000E+00   
v lstau                        1.50000000E-02   0.0000000000E+00 +-    0.0000000000E+00   
vpot v6                        1.50000000E-02  -1.1696466239E+01 +-    2.4883705499E+00   
vpot v8                        1.50000000E-02  -1.1696466239E+01 +-    2.4883705499E+00   
v coulomb                      1.50000000E-02   5.3418377125E-01 +-    3.7963964000E-03   
v external                     1.50000000E-02   0.0000000000E+00 +-    0.0000000000E+00   
tni 2pipr-anticomm             1.50000000E-02   0.0000000000E+00 +-    0.0000000000E+00   
tni vd1pr                      1.50000000E-02   0.0000000000E+00 +-    0.0000000000E+00   
tni vepr                       1.50000000E-02   0.0000000000E+00 +-    0.0000000000E+00   
tni central                    1.50000000E-02   0.0000000000E+00 +-    0.0000000000E+00   
tni 2pixx-anticommutator       1.50000000E-02   0.0000000000E+00 +-    0.0000000000E+00   
tni 2pixd-anticommutator       1.50000000E-02   0.0000000000E+00 +-    0.0000000000E+00   
tni 2pidd-anticommutator       1.50000000E-02   0.0000000000E+00 +-    0.0000000000E+00   
tni 2pixx-commutator           1.50000000E-02   0.0000000000E+00 +-    0.0000000000E+00   
tni 2pixd-commutator           1.50000000E-02   0.0000000000E+00 +-    0.0000000000E+00   
tni 2pidd-commutator           1.50000000E-02   0.0000000000E+00 +-    0.0000000000E+00   
tni 2pi-tm                     1.50000000E-02   0.0000000000E+00 +-    0.0000000000E+00   
tni vd1                        1.50000000E-02   0.0000000000E+00 +-    0.0000000000E+00   
tni vd2                        1.50000000E-02   0.0000000000E+00 +-    0.0000000000E+00   
tni ve                         1.50000000E-02   0.0000000000E+00 +-    0.0000000000E+00   
vpottot v8+tni                 1.50000000E-02  -1.1696466239E+01 +-    2.4883705499E+00   
enetot v8+tni                  1.50000000E-02  -5.4175149100E+01 +-    7.8966030399E-01   
vper cent                      1.50000000E-02   4.8948714058E+00 +-    1.7193391170E+00   
vper tau                       1.50000000E-02   7.5137806115E+00 +-    4.7013674825E-01   
vper sigma                     1.50000000E-02  -2.3595004458E+01 +-    4.2649687838E-01   
vper sigtau                    1.50000000E-02  -2.1999308357E+01 +-    3.6086145080E-01   
vper tensor                    1.50000000E-02  -7.3428509516E+00 +-    2.5156686086E-01   
vper tenstau                   1.50000000E-02   2.8832045509E+01 +-    1.3587403458E+00   
vper ls                        1.50000000E-02   0.0000000000E+00 +-    0.0000000000E+00   
vper lstau                     1.50000000E-02   0.0000000000E+00 +-    0.0000000000E+00   
vpotper v6                     1.50000000E-02  -1.1696466239E+01 +-    2.4883705499E+00   
vpotper v8                     1.50000000E-02  -1.1696466239E+01 +-    2.4883705499E+00   
vpotv6pr-vpotv6per diff        1.50000000E-02   0.0000000000E+00 +-    0.0000000000E+00   
vpotv8pr-vpotv8per diff        1.50000000E-02   0.0000000000E+00 +-    0.0000000000E+00   
2piapr-2pia diff               1.50000000E-02   0.0000000000E+00 +-    0.0000000000E+00   
vd1pr-vd1 diff                 1.50000000E-02   0.0000000000E+00 +-    0.0000000000E+00   
vepr-ve diff                   1.50000000E-02   0.0000000000E+00 +-    0.0000000000E+00   
diff1 2piapr-2pia-2picxx       1.50000000E-02   0.0000000000E+00 +-    0.0000000000E+00   
diff2 vd1pr-vd1-2picxd         1.50000000E-02   0.0000000000E+00 +-    0.0000000000E+00   
diff3 vepr-ve-2picdd           1.50000000E-02   0.0000000000E+00 +-    0.0000000000E+00   
sum diff1+dif2+diff3           1.50000000E-02   0.0000000000E+00 +-    0.0000000000E+00   
proton rms                     1.50000000E-02   3.0382261801E+00 +-    7.1617337801E-03   
neutron rms                    1.50000000E-02   3.0083335030E+00 +-    1.4161863880E-02   
total rms                      1.50000000E-02   3.0176457217E+00 +-    8.2604062642E-03   
neutron-proton rms             1.50000000E-02  -2.9892677090E-02 +-    1.5597604556E-02   
GT sigXtau+                    1.50000000E-02   1.1011963519E-04 +-    2.2186875455E-05   
GT sigYtau+                    1.50000000E-02  -2.4234204544E-04 +-    2.5008851747E-05   
GT sigZtau+                    1.50000000E-02  -3.4652032186E-04 +-    3.3158646307E-05   
GT sigXtau-                    1.50000000E-02  -9.3342515619E-04 +-    2.3653991404E-05   
GT sigYtau-                    1.50000000E-02  -1.4270803733E-03 +-    3.2470038422E-05   
GT sigZtau-                    1.50000000E-02   7.4561046612E-04 +-    3.1157118884E-05   
F tau+                         1.50000000E-02  -6.6852558836E-19 +-    6.3466210978E-20   
F tau-                         1.50000000E-02  -6.7985203531E-19 +-    1.1587689765E-19   
Psi**2                         1.50000000E-02  -1.1511774078E-05 +-    9.5758238542E-07   
single crossing/step           1.50000000E-02   8.0537725019E-03 +-    4.2472130213E-05   
global crossing/step           1.50000000E-02   7.9210031223E-03 +-    8.4246819730E-05   
energy numerator(real)         1.50000000E-02  -4.6017254836E+00 +-    8.9032111706E-01   
denominator psit/psigi(real)   1.50000000E-02   7.6402969661E-02 +-    1.3322413094E-02   
energy numerator(aimag)        1.50000000E-02   5.2713574498E-01 +-    6.3334957278E-01   
denominator psit/psigi(aimag)  1.50000000E-02  -3.0866035139E-02 +-    8.9022115025E-03   
growth(lin dt) energy          1.50000000E-02  -2.4796652663E+02 +-    5.6266656773E+00   
growth(global) energy          1.50000000E-02  -2.2991580854E+02 +-    1.2769293105E+01
growth energy                  1.50000000E-02  -2.4770806709E+02 +-    5.6060941438E+00
Time for propagation (sec) (min) =          22.187      0.370
Time for energies (sec) (min) =              0.830      0.014
Time for load balancing (sec) (min) =        0.030      0.000
Time for block (sec) (min) =                23.717      0.395
Time for operators (sec) (min) =             0.023      0.000
Elapsed block time (sec) (min) =           138.345      2.306
 
 walkers multiplicity, block, total
   0          53867         293478
   1        1010794        5960949
   2          54054         291016
   3            407           1950
   4             70            333
   5             23            100
   6              8             40
   7              3             19
   8              0              6
   9              1             11
  10              0              7
  11              0              1
  13              0              1
  14              1              1
  18              0              2
  20              0              1
 
 

iteration =                               7
walker number =                       10487
total energy-propagated        1.75000000E-02  -3.3105000891E+01 +-    1.2624215279E+00   
kinetic energy                 1.75000000E-02   8.4355384773E+01 +-    3.5634389448E+00   
potential energy               1.75000000E-02  -1.1746038566E+02 +-    3.7588469224E+00   
im energy                      1.75000000E-02  -1.1171350152E+01 +-    8.7155566512E-01   
imkin energy                   1.75000000E-02   5.4006096923E+01 +-    1.3888391317E+00   
impot energy                   1.75000000E-02  -6.5177447075E+01 +-    1.8993516036E+00   
v cent                         1.75000000E-02  -8.3944472298E+01 +-    3.4441905842E+00   
v tau                          1.75000000E-02  -6.4075716110E+00 +-    6.5642166539E-01   
v sigma                        1.75000000E-02  -2.3684602906E+00 +-    1.7664122582E-01   
v sigtau                       1.75000000E-02  -1.4417036921E+01 +-    1.3782499551E+00   
v tensor                       1.75000000E-02  -4.3727072010E+00 +-    4.6368874777E-01   
v tenstau                      1.75000000E-02  -5.9501373424E+00 +-    2.7619176015E+00   
v ls                           1.75000000E-02   0.0000000000E+00 +-    0.0000000000E+00   
v lstau                        1.75000000E-02   0.0000000000E+00 +-    0.0000000000E+00   
vpot v6                        1.75000000E-02  -1.1746038566E+02 +-    3.7588469224E+00   
vpot v8                        1.75000000E-02  -1.1746038566E+02 +-    3.7588469224E+00   
v coulomb                      1.75000000E-02   5.7234918176E-01 +-    5.7787120942E-03   
v external                     1.75000000E-02   0.0000000000E+00 +-    0.0000000000E+00   
tni 2pipr-anticomm             1.75000000E-02   0.0000000000E+00 +-    0.0000000000E+00   
tni vd1pr                      1.75000000E-02   0.0000000000E+00 +-    0.0000000000E+00   
tni vepr                       1.75000000E-02   0.0000000000E+00 +-    0.0000000000E+00   
tni central                    1.75000000E-02   0.0000000000E+00 +-    0.0000000000E+00   
tni 2pixx-anticommutator       1.75000000E-02   0.0000000000E+00 +-    0.0000000000E+00   
tni 2pixd-anticommutator       1.75000000E-02   0.0000000000E+00 +-    0.0000000000E+00   
tni 2pidd-anticommutator       1.75000000E-02   0.0000000000E+00 +-    0.0000000000E+00   
tni 2pixx-commutator           1.75000000E-02   0.0000000000E+00 +-    0.0000000000E+00   
tni 2pixd-commutator           1.75000000E-02   0.0000000000E+00 +-    0.0000000000E+00   
tni 2pidd-commutator           1.75000000E-02   0.0000000000E+00 +-    0.0000000000E+00   
tni 2pi-tm                     1.75000000E-02   0.0000000000E+00 +-    0.0000000000E+00   
tni vd1                        1.75000000E-02   0.0000000000E+00 +-    0.0000000000E+00   
tni vd2                        1.75000000E-02   0.0000000000E+00 +-    0.0000000000E+00   
tni ve                         1.75000000E-02   0.0000000000E+00 +-    0.0000000000E+00   
vpottot v8+tni                 1.75000000E-02  -1.1746038566E+02 +-    3.7588469224E+00   
enetot v8+tni                  1.75000000E-02  -3.3105000891E+01 +-    1.2624215279E+00   
vper cent                      1.75000000E-02  -8.3944472298E+01 +-    3.4441905842E+00   
vper tau                       1.75000000E-02  -6.4075716110E+00 +-    6.5642166539E-01   
vper sigma                     1.75000000E-02  -2.3684602906E+00 +-    1.7664122582E-01   
vper sigtau                    1.75000000E-02  -1.4417036921E+01 +-    1.3782499551E+00   
vper tensor                    1.75000000E-02  -4.3727072010E+00 +-    4.6368874777E-01   
vper tenstau                   1.75000000E-02  -5.9501373424E+00 +-    2.7619176015E+00   
vper ls                        1.75000000E-02   0.0000000000E+00 +-    0.0000000000E+00   
vper lstau                     1.75000000E-02   0.0000000000E+00 +-    0.0000000000E+00   
vpotper v6                     1.75000000E-02  -1.1746038566E+02 +-    3.7588469224E+00   
vpotper v8                     1.75000000E-02  -1.1746038566E+02 +-    3.7588469224E+00   
vpotv6pr-vpotv6per diff        1.75000000E-02   0.0000000000E+00 +-    0.0000000000E+00   
vpotv8pr-vpotv8per diff        1.75000000E-02   0.0000000000E+00 +-    0.0000000000E+00   
2piapr-2pia diff               1.75000000E-02   0.0000000000E+00 +-    0.0000000000E+00   
vd1pr-vd1 diff                 1.75000000E-02   0.0000000000E+00 +-    0.0000000000E+00   
vepr-ve diff                   1.75000000E-02   0.0000000000E+00 +-    0.0000000000E+00   
diff1 2piapr-2pia-2picxx       1.75000000E-02   0.0000000000E+00 +-    0.0000000000E+00   
diff2 vd1pr-vd1-2picxd         1.75000000E-02   0.0000000000E+00 +-    0.0000000000E+00   
diff3 vepr-ve-2picdd           1.75000000E-02   0.0000000000E+00 +-    0.0000000000E+00   
sum diff1+dif2+diff3           1.75000000E-02   0.0000000000E+00 +-    0.0000000000E+00   
proton rms                     1.75000000E-02   2.7192100089E+00 +-    1.7190791899E-02   
neutron rms                    1.75000000E-02   2.6358959187E+00 +-    1.7854295797E-02   
total rms                      1.75000000E-02   2.7028251103E+00 +-    1.6568625478E-02   
neutron-proton rms             1.75000000E-02  -8.3314090291E-02 +-    9.4067095849E-03   
GT sigXtau+                    1.75000000E-02  -1.6872060030E-03 +-    1.9077520830E-05   
GT sigYtau+                    1.75000000E-02  -2.2060610729E-04 +-    3.7319051789E-05   
GT sigZtau+                    1.75000000E-02   1.0941375741E-03 +-    3.9787867852E-05   
GT sigXtau-                    1.75000000E-02  -2.8219342394E-05 +-    7.8969820859E-06   
GT sigYtau-                    1.75000000E-02  -6.8504901560E-05 +-    4.3681563305E-05   
GT sigZtau-                    1.75000000E-02   1.1254776521E-03 +-    3.3456413611E-05   
F tau+                         1.75000000E-02   4.4698854866E-19 +-    5.5985979157E-20   
F tau-                         1.75000000E-02  -7.8259887143E-19 +-    6.3611688744E-20   
Psi**2                         1.75000000E-02   1.6223279262E-05 +-    2.0969352903E-06   
single crossing/step           1.75000000E-02   8.5060745309E-03 +-    4.3831572917E-05   
global crossing/step           1.75000000E-02   8.3447917037E-03 +-    8.6835144161E-05   
energy numerator(real)         1.75000000E-02  -1.7153747468E+00 +-    1.0548653643E+00   
denominator psit/psigi(real)   1.75000000E-02   3.1329299292E-02 +-    1.4250058454E-02   
energy numerator(aimag)        1.75000000E-02   1.1235956721E+00 +-    7.4252598587E-01   
denominator psit/psigi(aimag)  1.75000000E-02  -4.7463240184E-02 +-    9.3692344329E-03   
growth(lin dt) energy          1.75000000E-02  -2.8238542859E+02 +-    6.0039678874E+00   
growth(global) energy          1.75000000E-02  -2.7745713906E+02 +-    1.2292890588E+01
growth energy                  1.75000000E-02  -2.8198884023E+02 +-    5.9768646980E+00
Time for propagation (sec) (min) =          21.997      0.367
Time for energies (sec) (min) =              0.736      0.012
Time for load balancing (sec) (min) =        0.025      0.000
Time for block (sec) (min) =                23.399      0.390
Time for operators (sec) (min) =             0.021      0.000
Elapsed block time (sec) (min) =           161.765      2.696
 
 walkers multiplicity, block, total
   0          58351         351829
   1        1019173        6980122
   2          55431         346447
   3            492           2442
   4             95            428
   5             33            133
   6             12             52
   7              7             26
   8              1              7
   9              2             13
  10              2              9
  11              0              1
  13              0              1
  14              0              1
  16              2              2
  18              0              2
  20              1              2
 
 

iteration =                               8
walker number =                       11510
total energy-propagated        2.00000000E-02  -8.4016249055E+01 +-    6.6999350879E-01   
kinetic energy                 2.00000000E-02   9.0375259134E+01 +-    2.2468084563E+00   
potential energy               2.00000000E-02  -1.7439150819E+02 +-    2.2380846608E+00   
im energy                      2.00000000E-02  -1.0309566640E+01 +-    3.8081794605E-01   
imkin energy                   2.00000000E-02  -4.7240102792E+01 +-    1.2044322700E+00   
impot energy                   2.00000000E-02   3.6930536153E+01 +-    1.4865670060E+00   
v cent                         2.00000000E-02  -4.1672098135E+00 +-    1.9074974070E+00   
v tau                          2.00000000E-02  -1.6763211676E+00 +-    3.5110374425E-01   
v sigma                        2.00000000E-02   7.3502931956E+00 +-    5.7977128164E-01   
v sigtau                       2.00000000E-02  -5.6238089228E+01 +-    6.3302639262E-01   
v tensor                       2.00000000E-02  -3.5923188189E+00 +-    4.3737821674E-01   
v tenstau                      2.00000000E-02  -1.1606786236E+02 +-    2.3750599798E+00   
v ls                           2.00000000E-02   0.0000000000E+00 +-    0.0000000000E+00   
v lstau                        2.00000000E-02   0.0000000000E+00 +-    0.0000000000E+00   
vpot v6                        2.00000000E-02  -1.7439150819E+02 +-    2.2380846608E+00   
vpot v8                        2.00000000E-02  -1.7439150819E+02 +-    2.2380846608E+00   
v coulomb                      2.00000000E-02   7.4001927144E-01 +-    3.9831577241E-03   
v external                     2.00000000E-02   0.0000000000E+00 +-    0.0000000000E+00   
tni 2pipr-anticomm             2.00000000E-02   0.0000000000E+00 +-    0.0000000000E+00   
tni vd1pr                      2.00000000E-02   0.0000000000E+00 +-    0.0000000000E+00   
tni vepr                       2.00000000E-02   0.0000000000E+00 +-    0.0000000000E+00   
tni central                    2.00000000E-02   0.0000000000E+00 +-    0.0000000000E+00   
tni 2pixx-anticommutator       2.00000000E-02   0.0000000000E+00 +-    0.0000000000E+00   
tni 2pixd-anticommutator       2.00000000E-02   0.0000000000E+00 +-    0.0000000000E+00   
tni 2pidd-anticommutator       2.00000000E-02   0.0000000000E+00 +-    0.0000000000E+00   
tni 2pixx-commutator           2.00000000E-02   0.0000000000E+00 +-    0.0000000000E+00   
tni 2pixd-commutator           2.00000000E-02   0.0000000000E+00 +-    0.0000000000E+00   
tni 2pidd-commutator           2.00000000E-02   0.0000000000E+00 +-    0.0000000000E+00   
tni 2pi-tm                     2.00000000E-02   0.0000000000E+00 +-    0.0000000000E+00   
tni vd1                        2.00000000E-02   0.0000000000E+00 +-    0.0000000000E+00   
tni vd2                        2.00000000E-02   0.0000000000E+00 +-    0.0000000000E+00   
tni ve                         2.00000000E-02   0.0000000000E+00 +-    0.0000000000E+00   
vpottot v8+tni                 2.00000000E-02  -1.7439150819E+02 +-    2.2380846608E+00   
enetot v8+tni                  2.00000000E-02  -8.4016249055E+01 +-    6.6999350879E-01   
vper cent                      2.00000000E-02  -4.1672098135E+00 +-    1.9074974070E+00   
vper tau                       2.00000000E-02  -1.6763211676E+00 +-    3.5110374425E-01   
vper sigma                     2.00000000E-02   7.3502931956E+00 +-    5.7977128164E-01   
vper sigtau                    2.00000000E-02  -5.6238089228E+01 +-    6.3302639262E-01   
vper tensor                    2.00000000E-02  -3.5923188189E+00 +-    4.3737821674E-01   
vper tenstau                   2.00000000E-02  -1.1606786236E+02 +-    2.3750599798E+00   
vper ls                        2.00000000E-02   0.0000000000E+00 +-    0.0000000000E+00   
vper lstau                     2.00000000E-02   0.0000000000E+00 +-    0.0000000000E+00   
vpotper v6                     2.00000000E-02  -1.7439150819E+02 +-    2.2380846608E+00   
vpotper v8                     2.00000000E-02  -1.7439150819E+02 +-    2.2380846608E+00   
vpotv6pr-vpotv6per diff        2.00000000E-02   0.0000000000E+00 +-    0.0000000000E+00   
vpotv8pr-vpotv8per diff        2.00000000E-02   0.0000000000E+00 +-    0.0000000000E+00   
2piapr-2pia diff               2.00000000E-02   0.0000000000E+00 +-    0.0000000000E+00   
vd1pr-vd1 diff                 2.00000000E-02   0.0000000000E+00 +-    0.0000000000E+00   
vepr-ve diff                   2.00000000E-02   0.0000000000E+00 +-    0.0000000000E+00   
diff1 2piapr-2pia-2picxx       2.00000000E-02   0.0000000000E+00 +-    0.0000000000E+00   
diff2 vd1pr-vd1-2picxd         2.00000000E-02   0.0000000000E+00 +-    0.0000000000E+00   
diff3 vepr-ve-2picdd           2.00000000E-02   0.0000000000E+00 +-    0.0000000000E+00   
sum diff1+dif2+diff3           2.00000000E-02   0.0000000000E+00 +-    0.0000000000E+00   
proton rms                     2.00000000E-02   1.2052288110E+00 +-    1.0171794852E-02   
neutron rms                    2.00000000E-02   1.7885436747E+00 +-    1.4444452761E-02   
total rms                      2.00000000E-02   1.4978982427E+00 +-    1.2003124392E-02   
neutron-proton rms             2.00000000E-02   5.8331486364E-01 +-    8.0008830953E-03   
GT sigXtau+                    2.00000000E-02  -2.4135954813E-03 +-    2.2924219151E-05   
GT sigYtau+                    2.00000000E-02   1.7478043978E-04 +-    1.5351606725E-05   
GT sigZtau+                    2.00000000E-02  -1.6211846024E-03 +-    3.4666743354E-05   
GT sigXtau-                    2.00000000E-02  -8.8600429446E-04 +-    4.0603597236E-05   
GT sigYtau-                    2.00000000E-02  -2.9408027988E-03 +-    4.2264241512E-05   
GT sigZtau-                    2.00000000E-02   3.3583233392E-03 +-    4.2620175543E-05   
F tau+                         2.00000000E-02  -3.9923450931E-19 +-    7.0029437630E-20   
F tau-                         2.00000000E-02   2.1171733228E-18 +-    6.4657288415E-20   
Psi**2                         2.00000000E-02   6.5936963025E-05 +-    9.8519624792E-07   
single crossing/step           2.00000000E-02   8.3180457618E-03 +-    4.3308564390E-05   
global crossing/step           2.00000000E-02   8.1593339379E-03 +-    8.5793667795E-05   
energy numerator(real)         2.00000000E-02  -1.9507656490E+00 +-    9.0655946807E-01   
denominator psit/psigi(real)   2.00000000E-02   2.0101797110E-02 +-    1.3323509100E-02   
energy numerator(aimag)        2.00000000E-02   3.8108734358E+00 +-    6.2592205913E-01   
denominator psit/psigi(aimag)  2.00000000E-02  -4.6700498634E-02 +-    9.0708594350E-03   
growth(lin dt) energy          2.00000000E-02  -2.7757463141E+02 +-    6.0585559661E+00   
growth(global) energy          2.00000000E-02  -2.8937937897E+02 +-    1.2981661262E+01
growth energy                  2.00000000E-02  -2.7719911544E+02 +-    6.0319244416E+00
Time for propagation (sec) (min) =          22.038      0.367
Time for energies (sec) (min) =              0.809      0.013
Time for load balancing (sec) (min) =        0.032      0.001
Time for block (sec) (min) =                23.501      0.392
Time for operators (sec) (min) =             0.021      0.000
Elapsed block time (sec) (min) =           185.287      3.088
 
 walkers multiplicity, block, total
   0          57248         409077
   1        1009065        7989187
   2          56686         403133
   3            505           2947
   4             92            520
   5             27            160
   6             11             63
   7              4             30
   8              4             11
   9              2             15
  10              1             10
  11              1              2
  13              1              2
  14              0              1
  16              0              2
  18              0              2
  19              1              1
  20              1              3
 
 

iteration =                               9
walker number =                       10804
total energy-propagated        2.25000000E-02  -6.6654200009E-02 +-    3.6129435072E+00   
kinetic energy                 2.25000000E-02   2.0001563278E+02 +-    5.0448804881E+00   
potential energy               2.25000000E-02  -2.0008228698E+02 +-    5.7164276407E+00   
im energy                      2.25000000E-02  -1.4027271033E+01 +-    2.4217212008E+00   
imkin energy                   2.25000000E-02  -5.9257078654E+01 +-    3.1521292421E+00   
impot energy                   2.25000000E-02   4.5229807622E+01 +-    2.2852426568E+00   
v cent                         2.25000000E-02   2.9095414003E+02 +-    4.5562993089E+00   
v tau                          2.25000000E-02  -1.0865287266E+01 +-    6.0565704778E-01   
v sigma                        2.25000000E-02  -4.8975865104E+01 +-    8.7814614823E-01   
v sigtau                       2.25000000E-02  -2.6449357730E+02 +-    2.6092980530E+00   
v tensor                       2.25000000E-02  -6.4449931511E+00 +-    6.5679688935E-01   
v tenstau                      2.25000000E-02  -1.6025670420E+02 +-    2.0306992750E+00   
v ls                           2.25000000E-02   0.0000000000E+00 +-    0.0000000000E+00   
v lstau                        2.25000000E-02   0.0000000000E+00 +-    0.0000000000E+00   
vpot v6                        2.25000000E-02  -2.0008228698E+02 +-    5.7164276407E+00   
vpot v8                        2.25000000E-02  -2.0008228698E+02 +-    5.7164276407E+00   
v coulomb                      2.25000000E-02   1.0969102678E+00 +-    1.5979113687E-02   
v external                     2.25000000E-02   0.0000000000E+00 +-    0.0000000000E+00   
tni 2pipr-anticomm             2.25000000E-02   0.0000000000E+00 +-    0.0000000000E+00   
tni vd1pr                      2.25000000E-02   0.0000000000E+00 +-    0.0000000000E+00   
tni vepr                       2.25000000E-02   0.0000000000E+00 +-    0.0000000000E+00   
tni central                    2.25000000E-02   0.0000000000E+00 +-    0.0000000000E+00   
tni 2pixx-anticommutator       2.25000000E-02   0.0000000000E+00 +-    0.0000000000E+00   
tni 2pixd-anticommutator       2.25000000E-02   0.0000000000E+00 +-    0.0000000000E+00   
tni 2pidd-anticommutator       2.25000000E-02   0.0000000000E+00 +-    0.0000000000E+00   
tni 2pixx-commutator           2.25000000E-02   0.0000000000E+00 +-    0.0000000000E+00   
tni 2pixd-commutator           2.25000000E-02   0.0000000000E+00 +-    0.0000000000E+00   
tni 2pidd-commutator           2.25000000E-02   0.0000000000E+00 +-    0.0000000000E+00   
tni 2pi-tm                     2.25000000E-02   0.0000000000E+00 +-    0.0000000000E+00   
tni vd1                        2.25000000E-02   0.0000000000E+00 +-    0.0000000000E+00   
tni vd2                        2.25000000E-02   0.0000000000E+00 +-    0.0000000000E+00   
tni ve                         2.25000000E-02   0.0000000000E+00 +-    0.0000000000E+00   
vpottot v8+tni                 2.25000000E-02  -2.0008228698E+02 +-    5.7164276407E+00   
enetot v8+tni                  2.25000000E-02  -6.6654200009E-02 +-    3.6129435072E+00   
vper cent                      2.25000000E-02   2.9095414003E+02 +-    4.5562993089E+00   
vper tau                       2.25000000E-02  -1.0865287266E+01 +-    6.0565704778E-01   
vper sigma                     2.25000000E-02  -4.8975865104E+01 +-    8.7814614823E-01   
vper sigtau                    2.25000000E-02  -2.6449357730E+02 +-    2.6092980530E+00   
vper tensor                    2.25000000E-02  -6.4449931511E+00 +-    6.5679688935E-01   
vper tenstau                   2.25000000E-02  -1.6025670420E+02 +-    2.0306992750E+00   
vper ls                        2.25000000E-02   0.0000000000E+00 +-    0.0000000000E+00   
vper lstau                     2.25000000E-02   0.0000000000E+00 +-    0.0000000000E+00   
vpotper v6                     2.25000000E-02  -2.0008228698E+02 +-    5.7164276407E+00   
vpotper v8                     2.25000000E-02  -2.0008228698E+02 +-    5.7164276407E+00   
vpotv6pr-vpotv6per diff        2.25000000E-02   0.0000000000E+00 +-    0.0000000000E+00   
vpotv8pr-vpotv8per diff        2.25000000E-02   0.0000000000E+00 +-    0.0000000000E+00   
2piapr-2pia diff               2.25000000E-02   0.0000000000E+00 +-    0.0000000000E+00   
vd1pr-vd1 diff                 2.25000000E-02   0.0000000000E+00 +-    0.0000000000E+00   
vepr-ve diff                   2.25000000E-02   0.0000000000E+00 +-    0.0000000000E+00   
diff1 2piapr-2pia-2picxx       2.25000000E-02   0.0000000000E+00 +-    0.0000000000E+00   
diff2 vd1pr-vd1-2picxd         2.25000000E-02   0.0000000000E+00 +-    0.0000000000E+00   
diff3 vepr-ve-2picdd           2.25000000E-02   0.0000000000E+00 +-    0.0000000000E+00   
sum diff1+dif2+diff3           2.25000000E-02   0.0000000000E+00 +-    0.0000000000E+00   
proton rms                     2.25000000E-02   5.2055715304E-01 +-    4.5953884157E-02   
neutron rms                    2.25000000E-02   1.3465892207E+00 +-    4.1022503349E-02   
total rms                      2.25000000E-02   8.9299257348E-01 +-    2.0200783035E-02   
neutron-proton rms             2.25000000E-02   8.2603206764E-01 +-    4.1537503180E-02   
GT sigXtau+                    2.25000000E-02  -1.8851867495E-03 +-    7.6951216588E-05   
GT sigYtau+                    2.25000000E-02   1.8259024563E-03 +-    8.6959545891E-05   
GT sigZtau+                    2.25000000E-02  -2.6335319865E-04 +-    9.1233295455E-05   
GT sigXtau-                    2.25000000E-02  -2.2853897986E-03 +-    9.7707110262E-05   
GT sigYtau-                    2.25000000E-02  -3.1549790706E-03 +-    9.6316136909E-05   
GT sigZtau-                    2.25000000E-02   2.3541664869E-03 +-    4.0175152853E-05   
F tau+                         2.25000000E-02   2.5075883469E-19 +-    1.4509747512E-19   
F tau-                         2.25000000E-02   3.5372360165E-19 +-    1.2171489016E-19   
Psi**2                         2.25000000E-02   1.7132634873E-04 +-    1.6080449211E-06   
single crossing/step           2.25000000E-02   8.2319642895E-03 +-    4.3266245479E-05   
global crossing/step           2.25000000E-02   7.9985472195E-03 +-    8.5306892851E-05   
energy numerator(real)         2.25000000E-02  -2.7372557593E-03 +-    1.2033661200E+00   
denominator psit/psigi(real)   2.25000000E-02   2.1708197270E-02 +-    1.3718279798E-02   
energy numerator(aimag)        2.25000000E-02   9.7168219577E-03 +-    9.6913993916E-01   
denominator psit/psigi(aimag)  2.25000000E-02   2.8278146607E-03 +-    9.2868392366E-03   
growth(lin dt) energy          2.25000000E-02  -2.8781294524E+02 +-    6.1821013918E+00   
growth(global) energy          2.25000000E-02  -3.1062229303E+02 +-    1.2482733861E+01
growth energy                  2.25000000E-02  -2.8739189467E+02 +-    6.1533492649E+00
Time for propagation (sec) (min) =          21.854      0.364
Time for energies (sec) (min) =              0.758      0.013
Time for load balancing (sec) (min) =        0.028      0.000
Time for block (sec) (min) =                23.285      0.388
Time for operators (sec) (min) =             0.021      0.000
Elapsed block time (sec) (min) =           208.601      3.477
 
 walkers multiplicity, block, total
   0          59127         468204
   1        1010047        8999234
   2          56690         459823
   3            535           3482
   4            105            625
   5             25            185
   6             11             74
   7              5             35
   8              4             15
   9              5             20
  10              2             12
  11              1              3
  12              1              1
  13              2              4
  14              0              1
  16              2              4
  18              0              2
  19              0              1
  20              0              3
 
 

iteration =                              10
walker number =                       11751
total energy-propagated        2.50000000E-02  -6.1595198734E+01 +-    1.5803709442E+00   
kinetic energy                 2.50000000E-02   8.7860248097E+01 +-    3.3880720387E+00   
potential energy               2.50000000E-02  -1.4945544683E+02 +-    3.7718344339E+00   
im energy                      2.50000000E-02   2.0119915277E+01 +-    1.1033337164E+00   
imkin energy                   2.50000000E-02   8.0509046734E+00 +-    8.8246516876E-01   
impot energy                   2.50000000E-02   1.2069010603E+01 +-    1.7977860148E+00   
v cent                         2.50000000E-02   1.7025637427E+02 +-    3.0649307722E+00   
v tau                          2.50000000E-02  -1.0695581086E+01 +-    1.0185093434E+00   
v sigma                        2.50000000E-02  -2.9997812708E+01 +-    8.0536182205E-01   
v sigtau                       2.50000000E-02  -1.5917839635E+02 +-    5.8634546030E-01   
v tensor                       2.50000000E-02   5.7505288838E+00 +-    3.4934732358E-01   
v tenstau                      2.50000000E-02  -1.2559055984E+02 +-    2.2063279080E+00   
v ls                           2.50000000E-02   0.0000000000E+00 +-    0.0000000000E+00   
v lstau                        2.50000000E-02   0.0000000000E+00 +-    0.0000000000E+00   
vpot v6                        2.50000000E-02  -1.4945544683E+02 +-    3.7718344339E+00   
vpot v8                        2.50000000E-02  -1.4945544683E+02 +-    3.7718344339E+00   
v coulomb                      2.50000000E-02   1.2439632913E+00 +-    3.4857519689E-03   
v external                     2.50000000E-02   0.0000000000E+00 +-    0.0000000000E+00   
tni 2pipr-anticomm             2.50000000E-02   0.0000000000E+00 +-    0.0000000000E+00   
tni vd1pr                      2.50000000E-02   0.0000000000E+00 +-    0.0000000000E+00   
tni vepr                       2.50000000E-02   0.0000000000E+00 +-    0.0000000000E+00   
tni central                    2.50000000E-02   0.0000000000E+00 +-    0.0000000000E+00   
tni 2pixx-anticommutator       2.50000000E-02   0.0000000000E+00 +-    0.0000000000E+00   
tni 2pixd-anticommutator       2.50000000E-02   0.0000000000E+00 +-    0.0000000000E+00   
tni 2pidd-anticommutator       2.50000000E-02   0.0000000000E+00 +-    0.0000000000E+00   
tni 2pixx-commutator           2.50000000E-02   0.0000000000E+00 +-    0.0000000000E+00   
tni 2pixd-commutator           2.50000000E-02   0.0000000000E+00 +-    0.0000000000E+00   
tni 2pidd-commutator           2.50000000E-02   0.0000000000E+00 +-    0.0000000000E+00   
tni 2pi-tm                     2.50000000E-02   0.0000000000E+00 +-    0.0000000000E+00   
tni vd1                        2.50000000E-02   0.0000000000E+00 +-    0.0000000000E+00   
tni vd2                        2.50000000E-02   0.0000000000E+00 +-    0.0000000000E+00   
tni ve                         2.50000000E-02   0.0000000000E+00 +-    0.0000000000E+00   
vpottot v8+tni                 2.50000000E-02  -1.4945544683E+02 +-    3.7718344339E+00   
enetot v8+tni                  2.50000000E-02  -6.1595198734E+01 +-    1.5803709442E+00   
vper cent                      2.50000000E-02   1.7025637427E+02 +-    3.0649307722E+00   
vper tau                       2.50000000E-02  -1.0695581086E+01 +-    1.0185093434E+00   
vper sigma                     2.50000000E-02  -2.9997812708E+01 +-    8.0536182205E-01   
vper sigtau                    2.50000000E-02  -1.5917839635E+02 +-    5.8634546030E-01   
vper tensor                    2.50000000E-02   5.7505288838E+00 +-    3.4934732358E-01   
vper tenstau                   2.50000000E-02  -1.2559055984E+02 +-    2.2063279080E+00   
vper ls                        2.50000000E-02   0.0000000000E+00 +-    0.0000000000E+00   
vper lstau                     2.50000000E-02   0.0000000000E+00 +-    0.0000000000E+00   
vpotper v6                     2.50000000E-02  -1.4945544683E+02 +-    3.7718344339E+00   
vpotper v8                     2.50000000E-02  -1.4945544683E+02 +-    3.7718344339E+00   
vpotv6pr-vpotv6per diff        2.50000000E-02   0.0000000000E+00 +-    0.0000000000E+00   
vpotv8pr-vpotv8per diff        2.50000000E-02   0.0000000000E+00 +-    0.0000000000E+00   
2piapr-2pia diff               2.50000000E-02   0.0000000000E+00 +-    0.0000000000E+00   
vd1pr-vd1 diff                 2.50000000E-02   0.0000000000E+00 +-    0.0000000000E+00   
vepr-ve diff                   2.50000000E-02   0.0000000000E+00 +-    0.0000000000E+00   
diff1 2piapr-2pia-2picxx       2.50000000E-02   0.0000000000E+00 +-    0.0000000000E+00   
diff2 vd1pr-vd1-2picxd         2.50000000E-02   0.0000000000E+00 +-    0.0000000000E+00   
diff3 vepr-ve-2picdd           2.50000000E-02   0.0000000000E+00 +-    0.0000000000E+00   
sum diff1+dif2+diff3           2.50000000E-02   0.0000000000E+00 +-    0.0000000000E+00   
proton rms                     2.50000000E-02   4.8881152134E-01 +-    1.1555998199E-02   
neutron rms                    2.50000000E-02   1.2692328097E+00 +-    1.9785451966E-02   
total rms                      2.50000000E-02   8.7303376941E-01 +-    6.0917289883E-03   
neutron-proton rms             2.50000000E-02   7.8042128837E-01 +-    1.8106766922E-02   
GT sigXtau+                    2.50000000E-02  -9.0352010296E-04 +-    3.9862302159E-05   
GT sigYtau+                    2.50000000E-02  -8.0957666199E-04 +-    4.2205363682E-05   
GT sigZtau+                    2.50000000E-02   1.1946397040E-04 +-    4.4555664628E-05   
GT sigXtau-                    2.50000000E-02  -1.3557270586E-03 +-    4.0435411215E-05   
GT sigYtau-                    2.50000000E-02  -2.1038321119E-04 +-    4.1442251066E-05   
GT sigZtau-                    2.50000000E-02  -5.9577073431E-04 +-    2.8878219274E-05   
F tau+                         2.50000000E-02   3.0396462993E-19 +-    5.9460430039E-20   
F tau-                         2.50000000E-02   3.8306595728E-19 +-    5.9356644204E-20   
Psi**2                         2.50000000E-02   9.8304012114E-05 +-    1.2248584845E-06   
single crossing/step           2.50000000E-02   8.4085736119E-03 +-    4.3572333444E-05   
global crossing/step           2.50000000E-02   8.2054635691E-03 +-    8.6094554665E-05   
energy numerator(real)         2.50000000E-02  -5.6068144356E+00 +-    1.1327843329E+00   
denominator psit/psigi(real)   2.50000000E-02   5.4261422405E-02 +-    1.3005331436E-02   
energy numerator(aimag)        2.50000000E-02  -3.3923560319E-01 +-    8.9590696485E-01   
denominator psit/psigi(aimag)  2.50000000E-02   4.7503335320E-02 +-    8.9384365767E-03   
growth(lin dt) energy          2.50000000E-02  -2.7686493266E+02 +-    6.0996907851E+00   
growth(global) energy          2.50000000E-02  -2.8672706905E+02 +-    1.4290845177E+01
growth energy                  2.50000000E-02  -2.7649247678E+02 +-    6.0729826121E+00
Time for propagation (sec) (min) =          22.004      0.367
Time for energies (sec) (min) =              0.824      0.014
Time for load balancing (sec) (min) =        0.026      0.000
Time for block (sec) (min) =                23.449      0.391
Time for operators (sec) (min) =             0.023      0.000
Elapsed block time (sec) (min) =           232.073      3.868
 
 walkers multiplicity, block, total
   0          57907         526111
   1        1006181       10005415
   2          57322         517145
   3            495           3977
   4             83            708
   5             22            207
   6             12             86
   7              6             41
   8              2             17
   9              2             22
  10              4             16
  11              1              4
  12              0              1
  13              0              4
  14              0              1
  15              1              1
  16              0              4
  18              0              2
  19              0              1
  20              1              4
 
 

Time for steps      =     232.082 seconds,        3.868 minutes
Master Time for steps =     231.896 seconds,        3.865 minutes

Number of cpus =       100
Total job time =     237.494 seconds,        3.958 minutes,        0.066 hours
Total cpu-time =     395.824 minutes,        6.597 hours
Total time =         237.267 seconds,        3.954 minutes,        0.066 hours
Finished!
