Unconstrained Diffusion Monte Carlo Run -- no drift
!-!-!-!-!-!-!-!-!-!-!-!-!-!-!-!-!-!-!-!-!-!-!-!-!-!
MPI parameters:
Number of boss cpus =                         100
Number of worker cpus for each boss =           0
Total number of cpus =                        100
Simulation parameters:
random number seed =                          321
hbar^2/2m =                              20.73554
start from sites =                              F
nwalk =                                     10000
equilibration blocks =                          0
averaging blocks =                             10
nsteps/blocks =                               100
time step =                          0.0000250000
time step rotations (vmc) =          0.1700000000
trial energy =                          -26.00000
drift cutoff =                            0.00000
drastic population control up =           1.20000
drastic population control down =         0.80000
rebalance if walkers fluctuate more than   2.00 %
weight cut off =                         20.00000
table size =                                 8000
!-!-!-!-!-!-!-!-!-!-!-!-!-!-!-!-!-!-!-!-!-!-!-!-!-!
System parameters:
lpot =                                         11
lpotper =                                      11
potential  =                          argonne v6'
potentialpr =                         argonne v6'
Coulomb included in energy-propagation          F
multiply central v by =                   1.00000
multiply tau v by =                       1.00000
multiply sigma v by =                     1.00000
multiply sigma tau v by =                 1.00000
multiply tensor v by =                    1.00000
multiply tensor tau v by =                1.00000
multiply spin-orbit v by =                0.00000
multiply spin-orbit tau v by =            0.00000
three-body potential =                        no3
ibox (0 is nearest image) =                     0
!-!-!-!-!-!-!-!-!-!-!-!-!-!-!-!-!-!-!-!-!-!-!-!-!-!
propagate LS =                                  F
calculate LS =                                  F
type of correlations =           independent pair
scale orbital   1 with factor    1.14000
determinant # 1
coefficient                     1.00000   0.00000
1  1  0  1  alpha.orb    # 2J,2M,L,tau radial_file for state                    
1 -1  0  1  alpha.orb    # 2J,2M,L,tau radial_file for state                    
1  1  0 -1  alpha.orb    # 2J,2M,L,tau radial_file for state                    
1 -1  0 -1  alpha.orb    # 2J,2M,L,tau radial_file for state                    
rescaled coefficient            1.00000   0.00000
!-!-!-!-!-!-!-!-!-!-!-!-!-!-!-!-!-!-!-!-!-!-!-!-!-!
No external potential
!-!-!-!-!-!-!-!-!-!-!-!-!-!-!-!-!-!-!-!-!-!-!-!-!-!
rcut in pair sampling =                   1.00000
acut in pair sampling =                   5.00000
a constant in psig =                      0.20000
Number of protons =                             2
Number of neutrons =                            2
range of the potential =                 20.00000
!-!-!-!-!-!-!-!-!-!-!-!-!-!-!-!-!-!-!-!-!-!-!-!-!-!
do V3 =                                         F
three body force =                            no3
three body a2piPwa =                      0.000000000000000
three body a2piPwc =                      0.000000000000000
three body a2piSw =                       0.000000000000000
three body Vd,C,c3 =                      0.000000000000000
three body Ve,C,c3 =                      0.000000000000000
three body A_R =                          0.000000000000000
three body Vd1 =                          0.000000000000000
three body Vd2 =                          0.000000000000000
three body Ve =                           0.000000000000000
propagator: multiply the antic by =       0.000000000000000
propagator: multiply the Vd1 by =         0.000000000000000
propagator: multiply the Ve by =          0.000000000000000
propagator: three body a2piPW =           0.000000000000000
!-!-!-!-!-!-!-!-!-!-!-!-!-!-!-!-!-!-!-!-!-!-!-!-!-!
jastrow healing distance dc =             4.47768
jastrow healing distance dtn =           11.57317
jastrow rho =                             0.01000
potential quencher acn (v1) =             1.50851
potential quencher at  (v2) =             6.06936
potential quencher as  (v3) =             2.76780
potential quencher ast (v4) =             0.80880
potential quencher atn (v5) =             0.61864
potential quencher atn (v6) =             0.20141
potential quencher als (v7) =             0.00000
potential quencher alst (v8) =            0.00000
correlation quencher bt (f2) =            0.26685
correlation quencher bs (f3) =           -0.10565
correlation quencher bst (f4) =           0.42277
correlation quencher btn (f5) =           1.08683
correlation quencher btn (f6) =           4.44810
correlation quencher bls (f7) =           0.00000
correlation quencher blst (f8) =          0.00000
!-!-!-!-!-!-!-!-!-!-!-!-!-!-!-!-!-!-!-!-!-!-!-!-!-!
q1c parameter in f3c =                   12.87526
q2c parameter in f3c =                    1.60340
q1p parameter in f3p =                   -1.81620
q2p parameter in f3p =                    2.14789
!-!-!-!-!-!-!-!-!-!-!-!-!-!-!-!-!-!-!-!-!-!-!-!-!-!
rscal parameter in Uijk cent =            1.00000
rscal parameter in Uijk xpi =             1.00000
rscal parameter in Uijk delta =           1.00000
eps_c parameter in Uijk =                 0.00000
eps_anti parameter in Uijk =              0.00000
eps_tm parameter in Uijk =                0.00000
eps_vd1 parameter in Uijk =               0.00000
eps_vd2 parameter in Uijk =               0.00000
eps_vdc3 parameter in Uijk =              0.00000
eps_vec3 parameter in Uijk =              0.00000
eps_ve parameter in Uijk =                0.00000
eps_comm parameter in Uijk =              0.00000
eps_comm-XD parameter in Uijk =           0.00000
eps_comm-DD parameter in Uijk =           0.00000
TNI-comm correlation included =                 F
!-!-!-!-!-!-!-!-!-!-!-!-!-!-!-!-!-!-!-!-!-!-!-!-!-!
CSB correlation rscalpp =                 1.00000
CSB correlation rscalnn =                 1.00000
CSB correlation quencher pp =             0.00000
CSB correlation quencher nn =             0.00000
CSB correlation included =                      F
!-!-!-!-!-!-!-!-!-!-!-!-!-!-!-!-!-!-!-!-!-!-!-!-!-!
jastrow initialized
!-!-!-!-!-!-!-!-!-!-!-!-!-!-!-!-!-!-!-!-!-!-!-!-!-!
Symmetrize V6 in the propagator =               T
New propagation of Vlstau and commutator included!
Coulomb included in energy (and propag)         F
Initial walkers from file
Number of walkers =                          8833
Configurations at tau =              2.0500000000
Reset tau =                          0.0000000000
!-!-!-!-!-!-!-!-!-!-!-!-!-!-!-!-!-!-!-!-!-!-!-!-!-!
Time for reading configurations (sec.) =       0.72
!-!-!-!-!-!-!-!-!-!-!-!-!-!-!-!-!-!-!-!-!-!-!-!-!-!
Initial configurations:
total energy-propagated        0.00000000E+00  -2.6763311147E+01 +-    3.4076099077E-01   
kinetic energy                 0.00000000E+00   1.0378632792E+02 +-    1.7286906882E+00   
potential energy               0.00000000E+00  -1.3054963907E+02 +-    1.6873724527E+00   
v cent                         0.00000000E+00   2.0107672097E+01 +-    1.5984352112E+00   
v tau                          0.00000000E+00  -7.8641540847E+00 +-    2.4134842809E-01   
v sigma                        0.00000000E+00  -8.5966496528E+00 +-    2.4727167576E-01   
v sigtau                       0.00000000E+00  -6.0674360576E+01 +-    5.5090549721E-01   
v tensor                       0.00000000E+00   5.8001043607E-01 +-    1.3241728122E-01   
v tenstau                      0.00000000E+00  -7.4102157288E+01 +-    9.9250815146E-01   
v ls                           0.00000000E+00   0.0000000000E+00 +-    0.0000000000E+00   
v lstau                        0.00000000E+00   0.0000000000E+00 +-    0.0000000000E+00   
v coulomb                      0.00000000E+00   7.5073018446E-01 +-    2.8584820332E-03   
v external                     0.00000000E+00   0.0000000000E+00 +-    0.0000000000E+00   
tni 2pipr-anticomm             0.00000000E+00   0.0000000000E+00 +-    0.0000000000E+00   
tni vd1pr                      0.00000000E+00   0.0000000000E+00 +-    0.0000000000E+00   
tni vepr                       0.00000000E+00   0.0000000000E+00 +-    0.0000000000E+00   
tni central                    0.00000000E+00   0.0000000000E+00 +-    0.0000000000E+00   
tni 2pixx-anticommutator       0.00000000E+00   0.0000000000E+00 +-    0.0000000000E+00   
tni 2pixd-anticommutator       0.00000000E+00   0.0000000000E+00 +-    0.0000000000E+00   
tni 2pidd-anticommutator       0.00000000E+00   0.0000000000E+00 +-    0.0000000000E+00   
tni 2pixx-commutator           0.00000000E+00   0.0000000000E+00 +-    0.0000000000E+00   
tni 2pixd-commutator           0.00000000E+00   0.0000000000E+00 +-    0.0000000000E+00   
tni 2pidd-commutator           0.00000000E+00   0.0000000000E+00 +-    0.0000000000E+00   
tni 2pi-tm                     0.00000000E+00   0.0000000000E+00 +-    0.0000000000E+00   
tni vd1                        0.00000000E+00   0.0000000000E+00 +-    0.0000000000E+00   
tni vd2                        0.00000000E+00   0.0000000000E+00 +-    0.0000000000E+00   
tni ve                         0.00000000E+00   0.0000000000E+00 +-    0.0000000000E+00   
enetot v8+tni                  0.00000000E+00  -2.6763311147E+01 +-    3.4076099077E-01   
!-!-!-!-!-!-!-!-!-!-!-!-!-!-!-!-!-!-!-!-!-!-!-!-!-!
Psi**2 of initial configurations  =   0.2751720E-04  0.0000000E+00  +-    0.7185865E-06  0.0000000E+00
Psig**2 of initial configurations =   0.1781382E-04  0.0000000E+00  +-    0.5149144E-06  0.0000000E+00
!-!-!-!-!-!-!-!-!-!-!-!-!-!-!-!-!-!-!-!-!-!-!-!-!-!
T**2 of initial configurations  =  -0.1849541E-07 -0.1953410E-09
Tz of initial configurations    =   0.2864469E-14  0.1045548E-13
J**2 of initial configurations  =   0.2752334E-07 -0.1728212E-08
Jz of initial configurations    =   0.3213137E-14 -0.2601011E-13
!-!-!-!-!-!-!-!-!-!-!-!-!-!-!-!-!-!-!-!-!-!-!-!-!-!
!-!-!-!-!-!-!-!-!-!-!-!-!-!-!-!-!-!-!-!-!-!-!-!-!-!
Time to process initial configurations (sec.) =       1.52
!-!-!-!-!-!-!-!-!-!-!-!-!-!-!-!-!-!-!-!-!-!-!-!-!-!

equilibration done

iteration =                               1
walker number =                       11403
total energy-propagated        2.50000000E-03  -2.6211252247E+01 +-    2.8376307281E-01   
kinetic energy                 2.50000000E-03   1.0893496594E+02 +-    1.4696718855E+00   
potential energy               2.50000000E-03  -1.3514621819E+02 +-    1.4351607172E+00   
im energy                      2.50000000E-03   1.2584075043E+00 +-    1.5983842511E-01   
imkin energy                   2.50000000E-03  -3.1936774323E-01 +-    4.1017687524E-01   
impot energy                   2.50000000E-03   1.5777752476E+00 +-    3.9760202359E-01   
v cent                         2.50000000E-03   1.7039783880E+01 +-    1.2442218116E+00   
v tau                          2.50000000E-03  -8.4472516245E+00 +-    1.6637354715E-01   
v sigma                        2.50000000E-03  -7.9614219123E+00 +-    2.0724639798E-01   
v sigtau                       2.50000000E-03  -6.2361840475E+01 +-    5.0013581572E-01   
v tensor                       2.50000000E-03   8.0476733633E-01 +-    1.0442864074E-01   
v tenstau                      2.50000000E-03  -7.4220255393E+01 +-    9.0614636038E-01   
v ls                           2.50000000E-03   0.0000000000E+00 +-    0.0000000000E+00   
v lstau                        2.50000000E-03   0.0000000000E+00 +-    0.0000000000E+00   
vpot v6                        2.50000000E-03  -1.3514621819E+02 +-    1.4351607172E+00   
vpot v8                        2.50000000E-03  -1.3514621819E+02 +-    1.4351607172E+00   
v coulomb                      2.50000000E-03   7.4031016152E-01 +-    2.6736074860E-03   
v external                     2.50000000E-03   0.0000000000E+00 +-    0.0000000000E+00   
tni 2pipr-anticomm             2.50000000E-03   0.0000000000E+00 +-    0.0000000000E+00   
tni vd1pr                      2.50000000E-03   0.0000000000E+00 +-    0.0000000000E+00   
tni vepr                       2.50000000E-03   0.0000000000E+00 +-    0.0000000000E+00   
tni central                    2.50000000E-03   0.0000000000E+00 +-    0.0000000000E+00   
tni 2pixx-anticommutator       2.50000000E-03   0.0000000000E+00 +-    0.0000000000E+00   
tni 2pixd-anticommutator       2.50000000E-03   0.0000000000E+00 +-    0.0000000000E+00   
tni 2pidd-anticommutator       2.50000000E-03   0.0000000000E+00 +-    0.0000000000E+00   
tni 2pixx-commutator           2.50000000E-03   0.0000000000E+00 +-    0.0000000000E+00   
tni 2pixd-commutator           2.50000000E-03   0.0000000000E+00 +-    0.0000000000E+00   
tni 2pidd-commutator           2.50000000E-03   0.0000000000E+00 +-    0.0000000000E+00   
tni 2pi-tm                     2.50000000E-03   0.0000000000E+00 +-    0.0000000000E+00   
tni vd1                        2.50000000E-03   0.0000000000E+00 +-    0.0000000000E+00   
tni vd2                        2.50000000E-03   0.0000000000E+00 +-    0.0000000000E+00   
tni ve                         2.50000000E-03   0.0000000000E+00 +-    0.0000000000E+00   
vpottot v8+tni                 2.50000000E-03  -1.3514621819E+02 +-    1.4351607172E+00   
enetot v8+tni                  2.50000000E-03  -2.6211252247E+01 +-    2.8376307281E-01   
vper cent                      2.50000000E-03   1.7039783880E+01 +-    1.2442218116E+00   
vper tau                       2.50000000E-03  -8.4472516245E+00 +-    1.6637354715E-01   
vper sigma                     2.50000000E-03  -7.9614219123E+00 +-    2.0724639798E-01   
vper sigtau                    2.50000000E-03  -6.2361840475E+01 +-    5.0013581572E-01   
vper tensor                    2.50000000E-03   8.0476733633E-01 +-    1.0442864074E-01   
vper tenstau                   2.50000000E-03  -7.4220255393E+01 +-    9.0614636038E-01   
vper ls                        2.50000000E-03   0.0000000000E+00 +-    0.0000000000E+00   
vper lstau                     2.50000000E-03   0.0000000000E+00 +-    0.0000000000E+00   
vpotper v6                     2.50000000E-03  -1.3514621819E+02 +-    1.4351607172E+00   
vpotper v8                     2.50000000E-03  -1.3514621819E+02 +-    1.4351607172E+00   
vpotv6pr-vpotv6per diff        2.50000000E-03   0.0000000000E+00 +-    0.0000000000E+00   
vpotv8pr-vpotv8per diff        2.50000000E-03   0.0000000000E+00 +-    0.0000000000E+00   
2piapr-2pia diff               2.50000000E-03   0.0000000000E+00 +-    0.0000000000E+00   
vd1pr-vd1 diff                 2.50000000E-03   0.0000000000E+00 +-    0.0000000000E+00   
vepr-ve diff                   2.50000000E-03   0.0000000000E+00 +-    0.0000000000E+00   
diff1 2piapr-2pia-2picxx       2.50000000E-03   0.0000000000E+00 +-    0.0000000000E+00   
diff2 vd1pr-vd1-2picxd         2.50000000E-03   0.0000000000E+00 +-    0.0000000000E+00   
diff3 vepr-ve-2picdd           2.50000000E-03   0.0000000000E+00 +-    0.0000000000E+00   
sum diff1+dif2+diff3           2.50000000E-03   0.0000000000E+00 +-    0.0000000000E+00   
proton rms                     2.50000000E-03   2.0197253335E+00 +-    1.1519859653E-02   
neutron rms                    2.50000000E-03   2.0390979050E+00 +-    1.1498329611E-02   
total rms                      2.50000000E-03   2.0288387752E+00 +-    1.0357808684E-02   
neutron-proton rms             2.50000000E-03   1.9372571522E-02 +-    1.0010994197E-02   
GT sigXtau+                    2.50000000E-03  -1.8392880611E-05 +-    2.2469838843E-05   
GT sigYtau+                    2.50000000E-03  -4.0279511066E-05 +-    2.1763295333E-05   
GT sigZtau+                    2.50000000E-03  -7.6669375786E-05 +-    2.1641522155E-05   
GT sigXtau-                    2.50000000E-03  -6.2562750017E-05 +-    2.2854003062E-05   
GT sigYtau-                    2.50000000E-03  -1.3223581688E-05 +-    2.1949714122E-05   
GT sigZtau-                    2.50000000E-03   1.0675252404E-04 +-    2.2459332706E-05   
F tau+                         2.50000000E-03  -5.2641137744E-20 +-    3.9205401901E-20   
F tau-                         2.50000000E-03   7.8355685208E-20 +-    3.9715730066E-20   
Psi**2                         2.50000000E-03   2.9932997109E-05 +-    7.0130732326E-07   
single crossing/step           2.50000000E-03   8.7856572490E-03 +-    4.6733206369E-05   
global crossing/step           2.50000000E-03   8.6773161914E-03 +-    9.2893406922E-05   
energy numerator(real)         2.50000000E-03  -2.6050629099E+01 +-    6.9117994186E-01   
denominator psit/psigi(real)   2.50000000E-03   9.9108361921E-01 +-    1.1005309469E-02   
energy numerator(aimag)        2.50000000E-03   7.6229046629E-01 +-    4.9255882468E-01   
denominator psit/psigi(aimag)  2.50000000E-03   4.0001773429E-02 +-    7.1850811575E-03   
growth(lin dt) energy          2.50000000E-03  -2.0418442745E+02 +-    4.9682897246E+00   
growth(global) energy          2.50000000E-03  -2.0626995278E+02 +-    9.6927053350E+00
growth energy                  2.50000000E-03  -2.0405917505E+02 +-    4.9555701980E+00
Time for propagation (sec) (min) =          19.902      0.332
Time for energies (sec) (min) =              0.798      0.013
Time for load balancing (sec) (min) =        0.065      0.001
Time for block (sec) (min) =                21.540      0.359
Time for operators (sec) (min) =             0.018      0.000
Elapsed block time (sec) (min) =            21.558      0.359
 
 walkers multiplicity, block, total
   0          38832          38832
   1         916963         916963
   2          40810          40810
   3            186            186
   4             43             43
   5             10             10
   6              3              3
   7              3              3
   8              0              0
   9              1              1
  11              1              1
 
 

iteration =                               2
walker number =                       10522
total energy-propagated        5.00000000E-03  -2.7866172333E+01 +-    2.7376821937E-01   
kinetic energy                 5.00000000E-03   1.1949391344E+02 +-    1.3167930102E+00   
potential energy               5.00000000E-03  -1.4736008578E+02 +-    1.2295940151E+00   
im energy                      5.00000000E-03   6.4384573719E-01 +-    2.0758911239E-01   
imkin energy                   5.00000000E-03   1.7803294463E+00 +-    4.6652602410E-01   
impot energy                   5.00000000E-03  -1.1364837092E+00 +-    3.3759515066E-01   
v cent                         5.00000000E-03   7.1525794499E+00 +-    9.9239890670E-01   
v tau                          5.00000000E-03  -6.5538858083E+00 +-    2.0754042644E-01   
v sigma                        5.00000000E-03  -7.9496821122E+00 +-    2.6053072812E-01   
v sigtau                       5.00000000E-03  -6.1581842861E+01 +-    5.3050428390E-01   
v tensor                       5.00000000E-03   5.8183345935E-01 +-    1.4550830055E-01   
v tenstau                      5.00000000E-03  -7.9009087904E+01 +-    9.5368890916E-01   
v ls                           5.00000000E-03   0.0000000000E+00 +-    0.0000000000E+00   
v lstau                        5.00000000E-03   0.0000000000E+00 +-    0.0000000000E+00   
vpot v6                        5.00000000E-03  -1.4736008578E+02 +-    1.2295940151E+00   
vpot v8                        5.00000000E-03  -1.4736008578E+02 +-    1.2295940151E+00   
v coulomb                      5.00000000E-03   6.9626572037E-01 +-    3.1115193705E-03   
v external                     5.00000000E-03   0.0000000000E+00 +-    0.0000000000E+00   
tni 2pipr-anticomm             5.00000000E-03   0.0000000000E+00 +-    0.0000000000E+00   
tni vd1pr                      5.00000000E-03   0.0000000000E+00 +-    0.0000000000E+00   
tni vepr                       5.00000000E-03   0.0000000000E+00 +-    0.0000000000E+00   
tni central                    5.00000000E-03   0.0000000000E+00 +-    0.0000000000E+00   
tni 2pixx-anticommutator       5.00000000E-03   0.0000000000E+00 +-    0.0000000000E+00   
tni 2pixd-anticommutator       5.00000000E-03   0.0000000000E+00 +-    0.0000000000E+00   
tni 2pidd-anticommutator       5.00000000E-03   0.0000000000E+00 +-    0.0000000000E+00   
tni 2pixx-commutator           5.00000000E-03   0.0000000000E+00 +-    0.0000000000E+00   
tni 2pixd-commutator           5.00000000E-03   0.0000000000E+00 +-    0.0000000000E+00   
tni 2pidd-commutator           5.00000000E-03   0.0000000000E+00 +-    0.0000000000E+00   
tni 2pi-tm                     5.00000000E-03   0.0000000000E+00 +-    0.0000000000E+00   
tni vd1                        5.00000000E-03   0.0000000000E+00 +-    0.0000000000E+00   
tni vd2                        5.00000000E-03   0.0000000000E+00 +-    0.0000000000E+00   
tni ve                         5.00000000E-03   0.0000000000E+00 +-    0.0000000000E+00   
vpottot v8+tni                 5.00000000E-03  -1.4736008578E+02 +-    1.2295940151E+00   
enetot v8+tni                  5.00000000E-03  -2.7866172333E+01 +-    2.7376821937E-01   
vper cent                      5.00000000E-03   7.1525794499E+00 +-    9.9239890670E-01   
vper tau                       5.00000000E-03  -6.5538858083E+00 +-    2.0754042644E-01   
vper sigma                     5.00000000E-03  -7.9496821122E+00 +-    2.6053072812E-01   
vper sigtau                    5.00000000E-03  -6.1581842861E+01 +-    5.3050428390E-01   
vper tensor                    5.00000000E-03   5.8183345935E-01 +-    1.4550830055E-01   
vper tenstau                   5.00000000E-03  -7.9009087904E+01 +-    9.5368890916E-01   
vper ls                        5.00000000E-03   0.0000000000E+00 +-    0.0000000000E+00   
vper lstau                     5.00000000E-03   0.0000000000E+00 +-    0.0000000000E+00   
vpotper v6                     5.00000000E-03  -1.4736008578E+02 +-    1.2295940151E+00   
vpotper v8                     5.00000000E-03  -1.4736008578E+02 +-    1.2295940151E+00   
vpotv6pr-vpotv6per diff        5.00000000E-03   0.0000000000E+00 +-    0.0000000000E+00   
vpotv8pr-vpotv8per diff        5.00000000E-03   0.0000000000E+00 +-    0.0000000000E+00   
2piapr-2pia diff               5.00000000E-03   0.0000000000E+00 +-    0.0000000000E+00   
vd1pr-vd1 diff                 5.00000000E-03   0.0000000000E+00 +-    0.0000000000E+00   
vepr-ve diff                   5.00000000E-03   0.0000000000E+00 +-    0.0000000000E+00   
diff1 2piapr-2pia-2picxx       5.00000000E-03   0.0000000000E+00 +-    0.0000000000E+00   
diff2 vd1pr-vd1-2picxd         5.00000000E-03   0.0000000000E+00 +-    0.0000000000E+00   
diff3 vepr-ve-2picdd           5.00000000E-03   0.0000000000E+00 +-    0.0000000000E+00   
sum diff1+dif2+diff3           5.00000000E-03   0.0000000000E+00 +-    0.0000000000E+00   
proton rms                     5.00000000E-03   2.2179623718E+00 +-    1.4957695393E-02   
neutron rms                    5.00000000E-03   2.0764700075E+00 +-    1.2176758668E-02   
total rms                      5.00000000E-03   2.1418983893E+00 +-    1.1520495517E-02   
neutron-proton rms             5.00000000E-03  -1.4149236431E-01 +-    1.3590926051E-02   
GT sigXtau+                    5.00000000E-03  -9.0086749302E-05 +-    2.5407522687E-05   
GT sigYtau+                    5.00000000E-03  -1.0213535762E-04 +-    2.3435773983E-05   
GT sigZtau+                    5.00000000E-03  -7.1506418711E-05 +-    2.3565931302E-05   
GT sigXtau-                    5.00000000E-03  -1.5165988895E-04 +-    2.2829880800E-05   
GT sigYtau-                    5.00000000E-03  -3.6375299533E-05 +-    2.1210473021E-05   
GT sigZtau-                    5.00000000E-03  -5.2966569716E-05 +-    2.1518376264E-05   
F tau+                         5.00000000E-03  -1.0445228059E-19 +-    4.1064723904E-20   
F tau-                         5.00000000E-03   1.2604984506E-19 +-    3.7921601254E-20   
Psi**2                         5.00000000E-03   3.0315503854E-05 +-    7.0960873332E-07   
single crossing/step           5.00000000E-03   7.4313723712E-03 +-    4.0893856638E-05   
global crossing/step           5.00000000E-03   7.3066773073E-03 +-    8.1103724016E-05   
energy numerator(real)         5.00000000E-03  -1.7908862200E+01 +-    8.5747694287E-01   
denominator psit/psigi(real)   5.00000000E-03   6.3989800249E-01 +-    1.3209372877E-02   
energy numerator(aimag)        5.00000000E-03  -6.3501661480E-01 +-    6.0245775236E-01   
denominator psit/psigi(aimag)  5.00000000E-03   5.5053267041E-02 +-    8.6350444268E-03   
growth(lin dt) energy          5.00000000E-03  -2.1144382774E+02 +-    5.1128313497E+00   
growth(global) energy          5.00000000E-03  -2.1722318433E+02 +-    1.1501040138E+01
growth energy                  5.00000000E-03  -2.1129978342E+02 +-    5.0988095992E+00
Time for propagation (sec) (min) =          22.014      0.367
Time for energies (sec) (min) =              0.737      0.012
Time for load balancing (sec) (min) =        0.029      0.000
Time for block (sec) (min) =                23.461      0.391
Time for operators (sec) (min) =             0.020      0.000
Elapsed block time (sec) (min) =            45.058      0.751
 
 walkers multiplicity, block, total
   0          49698          88530
   1        1028846        1945809
   2          47822          88632
   3            314            500
   4             55             98
   5             19             29
   6             10             13
   7              5              8
   8              1              1
   9              2              3
  10              1              1
  11              0              1
  15              1              1
 
 

iteration =                               3
walker number =                       10771
total energy-propagated        7.50000000E-03  -2.5130166857E+01 +-    5.5222411708E-01   
kinetic energy                 7.50000000E-03   8.9493006182E+01 +-    1.8636253373E+00   
potential energy               7.50000000E-03  -1.1462317304E+02 +-    1.8110444606E+00   
im energy                      7.50000000E-03   4.2556347971E+00 +-    3.1941353108E-01   
imkin energy                   7.50000000E-03   1.7165959520E+00 +-    2.9364738741E-01   
impot energy                   7.50000000E-03   2.5390388451E+00 +-    4.5097583564E-01   
v cent                         7.50000000E-03   3.9371650132E+01 +-    2.0294100869E+00   
v tau                          7.50000000E-03  -1.0733437090E+01 +-    3.3856965049E-01   
v sigma                        7.50000000E-03  -7.9488718577E+00 +-    2.8533142353E-01   
v sigtau                       7.50000000E-03  -6.2085407310E+01 +-    4.7405062977E-01   
v tensor                       7.50000000E-03   1.3753803622E+00 +-    2.0655130464E-01   
v tenstau                      7.50000000E-03  -7.4602487276E+01 +-    1.0421094032E+00   
v ls                           7.50000000E-03   0.0000000000E+00 +-    0.0000000000E+00   
v lstau                        7.50000000E-03   0.0000000000E+00 +-    0.0000000000E+00   
vpot v6                        7.50000000E-03  -1.1462317304E+02 +-    1.8110444606E+00   
vpot v8                        7.50000000E-03  -1.1462317304E+02 +-    1.8110444606E+00   
v coulomb                      7.50000000E-03   6.2617335616E-01 +-    3.7515734906E-03   
v external                     7.50000000E-03   0.0000000000E+00 +-    0.0000000000E+00   
tni 2pipr-anticomm             7.50000000E-03   0.0000000000E+00 +-    0.0000000000E+00   
tni vd1pr                      7.50000000E-03   0.0000000000E+00 +-    0.0000000000E+00   
tni vepr                       7.50000000E-03   0.0000000000E+00 +-    0.0000000000E+00   
tni central                    7.50000000E-03   0.0000000000E+00 +-    0.0000000000E+00   
tni 2pixx-anticommutator       7.50000000E-03   0.0000000000E+00 +-    0.0000000000E+00   
tni 2pixd-anticommutator       7.50000000E-03   0.0000000000E+00 +-    0.0000000000E+00   
tni 2pidd-anticommutator       7.50000000E-03   0.0000000000E+00 +-    0.0000000000E+00   
tni 2pixx-commutator           7.50000000E-03   0.0000000000E+00 +-    0.0000000000E+00   
tni 2pixd-commutator           7.50000000E-03   0.0000000000E+00 +-    0.0000000000E+00   
tni 2pidd-commutator           7.50000000E-03   0.0000000000E+00 +-    0.0000000000E+00   
tni 2pi-tm                     7.50000000E-03   0.0000000000E+00 +-    0.0000000000E+00   
tni vd1                        7.50000000E-03   0.0000000000E+00 +-    0.0000000000E+00   
tni vd2                        7.50000000E-03   0.0000000000E+00 +-    0.0000000000E+00   
tni ve                         7.50000000E-03   0.0000000000E+00 +-    0.0000000000E+00   
vpottot v8+tni                 7.50000000E-03  -1.1462317304E+02 +-    1.8110444606E+00   
enetot v8+tni                  7.50000000E-03  -2.5130166857E+01 +-    5.5222411708E-01   
vper cent                      7.50000000E-03   3.9371650132E+01 +-    2.0294100869E+00   
vper tau                       7.50000000E-03  -1.0733437090E+01 +-    3.3856965049E-01   
vper sigma                     7.50000000E-03  -7.9488718577E+00 +-    2.8533142353E-01   
vper sigtau                    7.50000000E-03  -6.2085407310E+01 +-    4.7405062977E-01   
vper tensor                    7.50000000E-03   1.3753803622E+00 +-    2.0655130464E-01   
vper tenstau                   7.50000000E-03  -7.4602487276E+01 +-    1.0421094032E+00   
vper ls                        7.50000000E-03   0.0000000000E+00 +-    0.0000000000E+00   
vper lstau                     7.50000000E-03   0.0000000000E+00 +-    0.0000000000E+00   
vpotper v6                     7.50000000E-03  -1.1462317304E+02 +-    1.8110444606E+00   
vpotper v8                     7.50000000E-03  -1.1462317304E+02 +-    1.8110444606E+00   
vpotv6pr-vpotv6per diff        7.50000000E-03   0.0000000000E+00 +-    0.0000000000E+00   
vpotv8pr-vpotv8per diff        7.50000000E-03   0.0000000000E+00 +-    0.0000000000E+00   
2piapr-2pia diff               7.50000000E-03   0.0000000000E+00 +-    0.0000000000E+00   
vd1pr-vd1 diff                 7.50000000E-03   0.0000000000E+00 +-    0.0000000000E+00   
vepr-ve diff                   7.50000000E-03   0.0000000000E+00 +-    0.0000000000E+00   
diff1 2piapr-2pia-2picxx       7.50000000E-03   0.0000000000E+00 +-    0.0000000000E+00   
diff2 vd1pr-vd1-2picxd         7.50000000E-03   0.0000000000E+00 +-    0.0000000000E+00   
diff3 vepr-ve-2picdd           7.50000000E-03   0.0000000000E+00 +-    0.0000000000E+00   
sum diff1+dif2+diff3           7.50000000E-03   0.0000000000E+00 +-    0.0000000000E+00   
proton rms                     7.50000000E-03   2.2881090851E+00 +-    1.3967021149E-02   
neutron rms                    7.50000000E-03   1.9230807842E+00 +-    1.2312783195E-02   
total rms                      7.50000000E-03   2.1056810479E+00 +-    1.1498956906E-02   
neutron-proton rms             7.50000000E-03  -3.6502830097E-01 +-    1.2182502418E-02   
GT sigXtau+                    7.50000000E-03  -4.8238645859E-05 +-    2.4207806420E-05   
GT sigYtau+                    7.50000000E-03  -2.7948409455E-04 +-    1.7337531994E-05   
GT sigZtau+                    7.50000000E-03  -4.0761743773E-05 +-    1.9351051107E-05   
GT sigXtau-                    7.50000000E-03  -1.1909823309E-04 +-    2.0591173102E-05   
GT sigYtau-                    7.50000000E-03   1.4803225815E-04 +-    1.8256445299E-05   
GT sigZtau-                    7.50000000E-03   1.2933332197E-04 +-    1.8171682231E-05   
F tau+                         7.50000000E-03   1.3183405313E-19 +-    3.9040408813E-20   
F tau-                         7.50000000E-03   4.1293598028E-20 +-    3.1545871404E-20   
Psi**2                         7.50000000E-03   2.5835228374E-05 +-    6.0527670631E-07   
single crossing/step           7.50000000E-03   7.8215755110E-03 +-    4.2126044574E-05   
global crossing/step           7.50000000E-03   7.6551006258E-03 +-    8.3357645817E-05   
energy numerator(real)         7.50000000E-03  -9.0476714117E+00 +-    9.7255570057E-01   
denominator psit/psigi(real)   7.50000000E-03   3.5198280839E-01 +-    1.3482758709E-02   
energy numerator(aimag)        7.50000000E-03   1.0474049859E+00 +-    7.1934142375E-01   
denominator psit/psigi(aimag)  7.50000000E-03   3.6323035622E-02 +-    9.1640684092E-03   
growth(lin dt) energy          7.50000000E-03  -2.5068905913E+02 +-    5.6980810874E+00   
growth(global) energy          7.50000000E-03  -2.5771418507E+02 +-    1.3181374877E+01
growth energy                  7.50000000E-03  -2.5042074391E+02 +-    5.6768584315E+00
Time for propagation (sec) (min) =          21.826      0.364
Time for energies (sec) (min) =              0.754      0.013
Time for load balancing (sec) (min) =        0.032      0.001
Time for block (sec) (min) =                23.335      0.389
Time for operators (sec) (min) =             0.018      0.000
Elapsed block time (sec) (min) =            68.411      1.140
 
 walkers multiplicity, block, total
   0          52113         140643
   1        1013624        2959433
   2          51013         139645
   3            413            913
   4             78            176
   5             28             57
   6              6             19
   7              4             12
   8              0              1
   9              0              3
  10              1              2
  11              2              3
  12              1              1
  13              1              1
  15              0              1
  18              2              2
  19              1              1
  20              1              1
 
 

iteration =                               4
walker number =                       10578
total energy-propagated        1.00000000E-02  -2.3540856471E+01 +-    4.7527472793E-01   
kinetic energy                 1.00000000E-02   1.2092231838E+02 +-    1.9446799486E+00   
potential energy               1.00000000E-02  -1.4446317485E+02 +-    2.0352542772E+00   
im energy                      1.00000000E-02  -7.1461106227E-01 +-    2.9131001138E-01   
imkin energy                   1.00000000E-02  -6.8615547468E-02 +-    5.2055060900E-01   
impot energy                   1.00000000E-02  -6.4599551481E-01 +-    5.3134835183E-01   
v cent                         1.00000000E-02   3.9438051606E+01 +-    1.8101854892E+00   
v tau                          1.00000000E-02  -1.2316971145E+01 +-    3.2613727125E-01   
v sigma                        1.00000000E-02  -1.2054132705E+01 +-    2.7195672926E-01   
v sigtau                       1.00000000E-02  -7.9332385484E+01 +-    5.6378123714E-01   
v tensor                       1.00000000E-02   1.5694558064E+00 +-    1.8529742216E-01   
v tenstau                      1.00000000E-02  -8.1767192932E+01 +-    1.2970637389E+00   
v ls                           1.00000000E-02   0.0000000000E+00 +-    0.0000000000E+00   
v lstau                        1.00000000E-02   0.0000000000E+00 +-    0.0000000000E+00   
vpot v6                        1.00000000E-02  -1.4446317485E+02 +-    2.0352542772E+00   
vpot v8                        1.00000000E-02  -1.4446317485E+02 +-    2.0352542772E+00   
v coulomb                      1.00000000E-02   6.6108265677E-01 +-    3.9566136235E-03   
v external                     1.00000000E-02   0.0000000000E+00 +-    0.0000000000E+00   
tni 2pipr-anticomm             1.00000000E-02   0.0000000000E+00 +-    0.0000000000E+00   
tni vd1pr                      1.00000000E-02   0.0000000000E+00 +-    0.0000000000E+00   
tni vepr                       1.00000000E-02   0.0000000000E+00 +-    0.0000000000E+00   
tni central                    1.00000000E-02   0.0000000000E+00 +-    0.0000000000E+00   
tni 2pixx-anticommutator       1.00000000E-02   0.0000000000E+00 +-    0.0000000000E+00   
tni 2pixd-anticommutator       1.00000000E-02   0.0000000000E+00 +-    0.0000000000E+00   
tni 2pidd-anticommutator       1.00000000E-02   0.0000000000E+00 +-    0.0000000000E+00   
tni 2pixx-commutator           1.00000000E-02   0.0000000000E+00 +-    0.0000000000E+00   
tni 2pixd-commutator           1.00000000E-02   0.0000000000E+00 +-    0.0000000000E+00   
tni 2pidd-commutator           1.00000000E-02   0.0000000000E+00 +-    0.0000000000E+00   
tni 2pi-tm                     1.00000000E-02   0.0000000000E+00 +-    0.0000000000E+00   
tni vd1                        1.00000000E-02   0.0000000000E+00 +-    0.0000000000E+00   
tni vd2                        1.00000000E-02   0.0000000000E+00 +-    0.0000000000E+00   
tni ve                         1.00000000E-02   0.0000000000E+00 +-    0.0000000000E+00   
vpottot v8+tni                 1.00000000E-02  -1.4446317485E+02 +-    2.0352542772E+00   
enetot v8+tni                  1.00000000E-02  -2.3540856471E+01 +-    4.7527472793E-01   
vper cent                      1.00000000E-02   3.9438051606E+01 +-    1.8101854892E+00   
vper tau                       1.00000000E-02  -1.2316971145E+01 +-    3.2613727125E-01   
vper sigma                     1.00000000E-02  -1.2054132705E+01 +-    2.7195672926E-01   
vper sigtau                    1.00000000E-02  -7.9332385484E+01 +-    5.6378123714E-01   
vper tensor                    1.00000000E-02   1.5694558064E+00 +-    1.8529742216E-01   
vper tenstau                   1.00000000E-02  -8.1767192932E+01 +-    1.2970637389E+00   
vper ls                        1.00000000E-02   0.0000000000E+00 +-    0.0000000000E+00   
vper lstau                     1.00000000E-02   0.0000000000E+00 +-    0.0000000000E+00   
vpotper v6                     1.00000000E-02  -1.4446317485E+02 +-    2.0352542772E+00   
vpotper v8                     1.00000000E-02  -1.4446317485E+02 +-    2.0352542772E+00   
vpotv6pr-vpotv6per diff        1.00000000E-02   0.0000000000E+00 +-    0.0000000000E+00   
vpotv8pr-vpotv8per diff        1.00000000E-02   0.0000000000E+00 +-    0.0000000000E+00   
2piapr-2pia diff               1.00000000E-02   0.0000000000E+00 +-    0.0000000000E+00   
vd1pr-vd1 diff                 1.00000000E-02   0.0000000000E+00 +-    0.0000000000E+00   
vepr-ve diff                   1.00000000E-02   0.0000000000E+00 +-    0.0000000000E+00   
diff1 2piapr-2pia-2picxx       1.00000000E-02   0.0000000000E+00 +-    0.0000000000E+00   
diff2 vd1pr-vd1-2picxd         1.00000000E-02   0.0000000000E+00 +-    0.0000000000E+00   
diff3 vepr-ve-2picdd           1.00000000E-02   0.0000000000E+00 +-    0.0000000000E+00   
sum diff1+dif2+diff3           1.00000000E-02   0.0000000000E+00 +-    0.0000000000E+00   
proton rms                     1.00000000E-02   2.0860406614E+00 +-    1.3998612476E-02   
neutron rms                    1.00000000E-02   1.6798553728E+00 +-    1.0184659809E-02   
total rms                      1.00000000E-02   1.8873365384E+00 +-    1.1372910026E-02   
neutron-proton rms             1.00000000E-02  -4.0618528854E-01 +-    1.0302739273E-02   
GT sigXtau+                    1.00000000E-02  -1.7891477665E-04 +-    2.8217016789E-05   
GT sigYtau+                    1.00000000E-02   6.6691834381E-05 +-    2.9281103378E-05   
GT sigZtau+                    1.00000000E-02  -1.4958056679E-04 +-    3.2721695786E-05   
GT sigXtau-                    1.00000000E-02  -3.5263379412E-04 +-    2.8264599975E-05   
GT sigYtau-                    1.00000000E-02   1.1583654565E-04 +-    2.6820864599E-05   
GT sigZtau-                    1.00000000E-02   1.7719988694E-04 +-    2.1549113401E-05   
F tau+                         1.00000000E-02   2.0396464207E-19 +-    5.0954391748E-20   
F tau-                         1.00000000E-02  -1.2204026187E-19 +-    5.3520609538E-20   
Psi**2                         1.00000000E-02   4.2364380955E-05 +-    1.1374283641E-06   
single crossing/step           1.00000000E-02   7.9085759240E-03 +-    4.2067180720E-05   
global crossing/step           1.00000000E-02   7.7524974806E-03 +-    8.3306566466E-05   
energy numerator(real)         1.00000000E-02  -5.5249748389E+00 +-    8.9903786775E-01   
denominator psit/psigi(real)   1.00000000E-02   2.4015307767E-01 +-    1.3655291228E-02   
energy numerator(aimag)        1.00000000E-02  -1.7042755438E+00 +-    6.1041741472E-01   
denominator psit/psigi(aimag)  1.00000000E-02   3.6490013620E-02 +-    9.2125984138E-03   
growth(lin dt) energy          1.00000000E-02  -2.4449822833E+02 +-    5.6177890260E+00   
growth(global) energy          1.00000000E-02  -2.4882367882E+02 +-    1.1200198643E+01
growth energy                  1.00000000E-02  -2.4425205770E+02 +-    5.5977341558E+00
Time for propagation (sec) (min) =          22.133      0.369
Time for energies (sec) (min) =              0.741      0.012
Time for load balancing (sec) (min) =        0.031      0.001
Time for block (sec) (min) =                23.570      0.393
Time for operators (sec) (min) =             0.017      0.000
Elapsed block time (sec) (min) =            92.007      1.533
 
 walkers multiplicity, block, total
   0          54573         195216
   1        1024355        3983788
   2          53095         192740
   3            415           1328
   4             69            245
   5             22             79
   6              8             27
   7              8             20
   8              2              3
   9              3              6
  10              0              2
  11              0              3
  12              2              3
  13              1              2
  15              0              1
  18              0              2
  19              0              1
  20              0              1
 
 

iteration =                               5
walker number =                       10752
total energy-propagated        1.25000000E-02  -3.0406928706E+01 +-    4.1373881233E-01   
kinetic energy                 1.25000000E-02   1.2225243664E+02 +-    1.9156208373E+00   
potential energy               1.25000000E-02  -1.5265936535E+02 +-    1.6904625157E+00   
im energy                      1.25000000E-02  -4.8443251532E+00 +-    2.2043594428E-01   
imkin energy                   1.25000000E-02  -5.0532565488E+00 +-    4.0632415789E-01   
impot energy                   1.25000000E-02   2.0893139559E-01 +-    3.5249752450E-01   
v cent                         1.25000000E-02   6.1201394621E+00 +-    2.0401896559E+00   
v tau                          1.25000000E-02  -3.1725531886E+00 +-    3.1630759629E-01   
v sigma                        1.25000000E-02  -1.9241977180E+01 +-    2.3514840995E-01   
v sigtau                       1.25000000E-02  -6.1412497543E+01 +-    5.7854659670E-01   
v tensor                       1.25000000E-02   1.9167613156E+00 +-    1.3807612433E-01   
v tenstau                      1.25000000E-02  -7.6869238213E+01 +-    8.1904988161E-01   
v ls                           1.25000000E-02   0.0000000000E+00 +-    0.0000000000E+00   
v lstau                        1.25000000E-02   0.0000000000E+00 +-    0.0000000000E+00   
vpot v6                        1.25000000E-02  -1.5265936535E+02 +-    1.6904625157E+00   
vpot v8                        1.25000000E-02  -1.5265936535E+02 +-    1.6904625157E+00   
v coulomb                      1.25000000E-02   7.1449609500E-01 +-    4.0322666420E-03   
v external                     1.25000000E-02   0.0000000000E+00 +-    0.0000000000E+00   
tni 2pipr-anticomm             1.25000000E-02   0.0000000000E+00 +-    0.0000000000E+00   
tni vd1pr                      1.25000000E-02   0.0000000000E+00 +-    0.0000000000E+00   
tni vepr                       1.25000000E-02   0.0000000000E+00 +-    0.0000000000E+00   
tni central                    1.25000000E-02   0.0000000000E+00 +-    0.0000000000E+00   
tni 2pixx-anticommutator       1.25000000E-02   0.0000000000E+00 +-    0.0000000000E+00   
tni 2pixd-anticommutator       1.25000000E-02   0.0000000000E+00 +-    0.0000000000E+00   
tni 2pidd-anticommutator       1.25000000E-02   0.0000000000E+00 +-    0.0000000000E+00   
tni 2pixx-commutator           1.25000000E-02   0.0000000000E+00 +-    0.0000000000E+00   
tni 2pixd-commutator           1.25000000E-02   0.0000000000E+00 +-    0.0000000000E+00   
tni 2pidd-commutator           1.25000000E-02   0.0000000000E+00 +-    0.0000000000E+00   
tni 2pi-tm                     1.25000000E-02   0.0000000000E+00 +-    0.0000000000E+00   
tni vd1                        1.25000000E-02   0.0000000000E+00 +-    0.0000000000E+00   
tni vd2                        1.25000000E-02   0.0000000000E+00 +-    0.0000000000E+00   
tni ve                         1.25000000E-02   0.0000000000E+00 +-    0.0000000000E+00   
vpottot v8+tni                 1.25000000E-02  -1.5265936535E+02 +-    1.6904625157E+00   
enetot v8+tni                  1.25000000E-02  -3.0406928706E+01 +-    4.1373881233E-01   
vper cent                      1.25000000E-02   6.1201394621E+00 +-    2.0401896559E+00   
vper tau                       1.25000000E-02  -3.1725531886E+00 +-    3.1630759629E-01   
vper sigma                     1.25000000E-02  -1.9241977180E+01 +-    2.3514840995E-01   
vper sigtau                    1.25000000E-02  -6.1412497543E+01 +-    5.7854659670E-01   
vper tensor                    1.25000000E-02   1.9167613156E+00 +-    1.3807612433E-01   
vper tenstau                   1.25000000E-02  -7.6869238213E+01 +-    8.1904988161E-01   
vper ls                        1.25000000E-02   0.0000000000E+00 +-    0.0000000000E+00   
vper lstau                     1.25000000E-02   0.0000000000E+00 +-    0.0000000000E+00   
vpotper v6                     1.25000000E-02  -1.5265936535E+02 +-    1.6904625157E+00   
vpotper v8                     1.25000000E-02  -1.5265936535E+02 +-    1.6904625157E+00   
vpotv6pr-vpotv6per diff        1.25000000E-02   0.0000000000E+00 +-    0.0000000000E+00   
vpotv8pr-vpotv8per diff        1.25000000E-02   0.0000000000E+00 +-    0.0000000000E+00   
2piapr-2pia diff               1.25000000E-02   0.0000000000E+00 +-    0.0000000000E+00   
vd1pr-vd1 diff                 1.25000000E-02   0.0000000000E+00 +-    0.0000000000E+00   
vepr-ve diff                   1.25000000E-02   0.0000000000E+00 +-    0.0000000000E+00   
diff1 2piapr-2pia-2picxx       1.25000000E-02   0.0000000000E+00 +-    0.0000000000E+00   
diff2 vd1pr-vd1-2picxd         1.25000000E-02   0.0000000000E+00 +-    0.0000000000E+00   
diff3 vepr-ve-2picdd           1.25000000E-02   0.0000000000E+00 +-    0.0000000000E+00   
sum diff1+dif2+diff3           1.25000000E-02   0.0000000000E+00 +-    0.0000000000E+00   
proton rms                     1.25000000E-02   2.0184308974E+00 +-    1.5477734351E-02   
neutron rms                    1.25000000E-02   1.7206799195E+00 +-    1.1986490541E-02   
total rms                      1.25000000E-02   1.8586015569E+00 +-    1.0792021025E-02   
neutron-proton rms             1.25000000E-02  -2.9775097784E-01 +-    1.6874094079E-02   
GT sigXtau+                    1.25000000E-02  -1.5713048388E-04 +-    2.1762908379E-05   
GT sigYtau+                    1.25000000E-02   1.1876463151E-03 +-    2.4341648005E-05   
GT sigZtau+                    1.25000000E-02  -6.4290860250E-04 +-    2.7583990768E-05   
GT sigXtau-                    1.25000000E-02   2.5867023454E-04 +-    1.5655678776E-05   
GT sigYtau-                    1.25000000E-02  -1.0512794165E-04 +-    2.5430701622E-05   
GT sigZtau-                    1.25000000E-02   5.2042020286E-04 +-    2.6082669645E-05   
F tau+                         1.25000000E-02   3.8331687065E-19 +-    5.4915764766E-20   
F tau-                         1.25000000E-02   1.2465253341E-20 +-    6.8219523473E-20   
Psi**2                         1.25000000E-02   2.4274391885E-05 +-    6.2769769385E-07   
single crossing/step           1.25000000E-02   7.9904003996E-03 +-    4.2499455463E-05   
global crossing/step           1.25000000E-02   7.8586930069E-03 +-    8.4301068694E-05   
energy numerator(real)         1.25000000E-02  -3.4703581045E+00 +-    8.5357615779E-01   
denominator psit/psigi(real)   1.25000000E-02   1.1799915882E-01 +-    1.3587036878E-02   
energy numerator(aimag)        1.25000000E-02  -1.6005451384E+00 +-    6.0658680771E-01   
denominator psit/psigi(aimag)  1.25000000E-02   4.1686872822E-02 +-    9.2683767748E-03   
growth(lin dt) energy          1.25000000E-02  -2.6418858021E+02 +-    5.8221686328E+00   
growth(global) energy          1.25000000E-02  -2.5576791013E+02 +-    9.5939186358E+00
growth energy                  1.25000000E-02  -2.6386867924E+02 +-    5.7985252051E+00
Time for propagation (sec) (min) =          21.920      0.365
Time for energies (sec) (min) =              0.754      0.013
Time for load balancing (sec) (min) =        0.030      0.001
Time for block (sec) (min) =                23.369      0.389
Time for operators (sec) (min) =             0.018      0.000
Elapsed block time (sec) (min) =           115.395      1.923
 
 walkers multiplicity, block, total
   0          55435         250651
   1        1010992        4994780
   2          54192         246932
   3            461           1789
   4             84            329
   5             18             97
   6             12             39
   7              6             26
   8              3              6
   9              3              9
  10              1              3
  11              1              4
  12              1              4
  13              0              2
  15              0              1
  18              0              2
  19              0              1
  20              0              1
 
 

iteration =                               6
walker number =                       10729
total energy-propagated        1.50000000E-02  -1.2760401675E+01 +-    8.1608739703E-01   
kinetic energy                 1.50000000E-02   1.2744951200E+02 +-    2.7099593360E+00   
potential energy               1.50000000E-02  -1.4020991367E+02 +-    2.7137143358E+00   
im energy                      1.50000000E-02  -2.4362989766E+00 +-    6.8157449477E-01   
imkin energy                   1.50000000E-02  -7.8810349779E+00 +-    9.9876985670E-01   
impot energy                   1.50000000E-02   5.4447360013E+00 +-    4.8413193414E-01   
v cent                         1.50000000E-02   8.5620471269E+01 +-    2.6436392742E+00   
v tau                          1.50000000E-02  -1.9182730995E+01 +-    3.4639845043E-01   
v sigma                        1.50000000E-02  -1.8202079257E+01 +-    3.0399008995E-01   
v sigtau                       1.50000000E-02  -1.0250528401E+02 +-    6.9344944666E-01   
v tensor                       1.50000000E-02   2.6121692863E+00 +-    2.2107714126E-01   
v tenstau                      1.50000000E-02  -8.8552459963E+01 +-    1.6023761832E+00   
v ls                           1.50000000E-02   0.0000000000E+00 +-    0.0000000000E+00   
v lstau                        1.50000000E-02   0.0000000000E+00 +-    0.0000000000E+00   
vpot v6                        1.50000000E-02  -1.4020991367E+02 +-    2.7137143358E+00   
vpot v8                        1.50000000E-02  -1.4020991367E+02 +-    2.7137143358E+00   
v coulomb                      1.50000000E-02   8.6108864103E-01 +-    5.0078565945E-03   
v external                     1.50000000E-02   0.0000000000E+00 +-    0.0000000000E+00   
tni 2pipr-anticomm             1.50000000E-02   0.0000000000E+00 +-    0.0000000000E+00   
tni vd1pr                      1.50000000E-02   0.0000000000E+00 +-    0.0000000000E+00   
tni vepr                       1.50000000E-02   0.0000000000E+00 +-    0.0000000000E+00   
tni central                    1.50000000E-02   0.0000000000E+00 +-    0.0000000000E+00   
tni 2pixx-anticommutator       1.50000000E-02   0.0000000000E+00 +-    0.0000000000E+00   
tni 2pixd-anticommutator       1.50000000E-02   0.0000000000E+00 +-    0.0000000000E+00   
tni 2pidd-anticommutator       1.50000000E-02   0.0000000000E+00 +-    0.0000000000E+00   
tni 2pixx-commutator           1.50000000E-02   0.0000000000E+00 +-    0.0000000000E+00   
tni 2pixd-commutator           1.50000000E-02   0.0000000000E+00 +-    0.0000000000E+00   
tni 2pidd-commutator           1.50000000E-02   0.0000000000E+00 +-    0.0000000000E+00   
tni 2pi-tm                     1.50000000E-02   0.0000000000E+00 +-    0.0000000000E+00   
tni vd1                        1.50000000E-02   0.0000000000E+00 +-    0.0000000000E+00   
tni vd2                        1.50000000E-02   0.0000000000E+00 +-    0.0000000000E+00   
tni ve                         1.50000000E-02   0.0000000000E+00 +-    0.0000000000E+00   
vpottot v8+tni                 1.50000000E-02  -1.4020991367E+02 +-    2.7137143358E+00   
enetot v8+tni                  1.50000000E-02  -1.2760401675E+01 +-    8.1608739703E-01   
vper cent                      1.50000000E-02   8.5620471269E+01 +-    2.6436392742E+00   
vper tau                       1.50000000E-02  -1.9182730995E+01 +-    3.4639845043E-01   
vper sigma                     1.50000000E-02  -1.8202079257E+01 +-    3.0399008995E-01   
vper sigtau                    1.50000000E-02  -1.0250528401E+02 +-    6.9344944666E-01   
vper tensor                    1.50000000E-02   2.6121692863E+00 +-    2.2107714126E-01   
vper tenstau                   1.50000000E-02  -8.8552459963E+01 +-    1.6023761832E+00   
vper ls                        1.50000000E-02   0.0000000000E+00 +-    0.0000000000E+00   
vper lstau                     1.50000000E-02   0.0000000000E+00 +-    0.0000000000E+00   
vpotper v6                     1.50000000E-02  -1.4020991367E+02 +-    2.7137143358E+00   
vpotper v8                     1.50000000E-02  -1.4020991367E+02 +-    2.7137143358E+00   
vpotv6pr-vpotv6per diff        1.50000000E-02   0.0000000000E+00 +-    0.0000000000E+00   
vpotv8pr-vpotv8per diff        1.50000000E-02   0.0000000000E+00 +-    0.0000000000E+00   
2piapr-2pia diff               1.50000000E-02   0.0000000000E+00 +-    0.0000000000E+00   
vd1pr-vd1 diff                 1.50000000E-02   0.0000000000E+00 +-    0.0000000000E+00   
vepr-ve diff                   1.50000000E-02   0.0000000000E+00 +-    0.0000000000E+00   
diff1 2piapr-2pia-2picxx       1.50000000E-02   0.0000000000E+00 +-    0.0000000000E+00   
diff2 vd1pr-vd1-2picxd         1.50000000E-02   0.0000000000E+00 +-    0.0000000000E+00   
diff3 vepr-ve-2picdd           1.50000000E-02   0.0000000000E+00 +-    0.0000000000E+00   
sum diff1+dif2+diff3           1.50000000E-02   0.0000000000E+00 +-    0.0000000000E+00   
proton rms                     1.50000000E-02   1.5160996988E+00 +-    1.5937709262E-02   
neutron rms                    1.50000000E-02   1.2443359983E+00 +-    7.4699026107E-03   
total rms                      1.50000000E-02   1.3706822478E+00 +-    9.8186990431E-03   
neutron-proton rms             1.50000000E-02  -2.7176370058E-01 +-    1.5152599491E-02   
GT sigXtau+                    1.50000000E-02  -8.7178925266E-04 +-    2.6784131179E-05   
GT sigYtau+                    1.50000000E-02   1.0383142258E-03 +-    2.7713317686E-05   
GT sigZtau+                    1.50000000E-02   4.3790679237E-05 +-    3.8149785351E-05   
GT sigXtau-                    1.50000000E-02  -1.9729811905E-04 +-    4.5026663540E-05   
GT sigYtau-                    1.50000000E-02  -1.4251280957E-03 +-    3.7490067393E-05   
GT sigZtau-                    1.50000000E-02   1.3264103721E-04 +-    6.0835909068E-05   
F tau+                         1.50000000E-02  -1.2399498380E-18 +-    7.1035072593E-20   
F tau-                         1.50000000E-02  -4.8248350150E-19 +-    6.5676972550E-20   
Psi**2                         1.50000000E-02   8.8704108478E-05 +-    1.4858015228E-06   
single crossing/step           1.50000000E-02   7.9580151452E-03 +-    4.2457648273E-05   
global crossing/step           1.50000000E-02   7.7698651257E-03 +-    8.3913429354E-05   
energy numerator(real)         1.50000000E-02  -7.9228774061E-01 +-    9.5060835774E-01   
denominator psit/psigi(real)   1.50000000E-02   9.2017917547E-02 +-    1.3668015142E-02   
energy numerator(aimag)        1.50000000E-02  -1.3569376277E+00 +-    6.8002682454E-01   
denominator psit/psigi(aimag)  1.50000000E-02   6.1719094090E-02 +-    9.2430645787E-03   
growth(lin dt) energy          1.50000000E-02  -2.5623660269E+02 +-    5.6991054770E+00   
growth(global) energy          1.50000000E-02  -2.4968350687E+02 +-    1.2381339200E+01
growth energy                  1.50000000E-02  -2.5594763585E+02 +-    5.6770945175E+00
Time for propagation (sec) (min) =          21.874      0.365
Time for energies (sec) (min) =              0.752      0.013
Time for load balancing (sec) (min) =        0.027      0.000
Time for block (sec) (min) =                23.239      0.387
Time for operators (sec) (min) =             0.021      0.000
Elapsed block time (sec) (min) =           138.663      2.311
 
 walkers multiplicity, block, total
   0          55138         305789
   1        1009395        6004175
   2          53976         300908
   3            363           2152
   4             68            397
   5             17            114
   6              5             44
   7              4             30
   8              4             10
   9              3             12
  10              3              6
  11              0              4
  12              0              4
  13              0              2
  14              1              1
  15              0              1
  18              0              2
  19              0              1
  20              0              1
 
 

iteration =                               7
walker number =                       11595
total energy-propagated        1.75000000E-02  -5.5325186239E+01 +-    1.8528357397E+00   
kinetic energy                 1.75000000E-02   6.6927566856E+02 +-    9.1214484619E+00   
potential energy               1.75000000E-02  -7.2460085480E+02 +-    8.9737969333E+00   
im energy                      1.75000000E-02  -7.4139371070E+00 +-    1.3831932177E+00   
imkin energy                   1.75000000E-02   1.0826676788E+00 +-    2.3564752342E+00   
impot energy                   1.75000000E-02  -8.4966047859E+00 +-    2.1676115738E+00   
v cent                         1.75000000E-02  -1.4957311798E+02 +-    7.4317762613E+00   
v tau                          1.75000000E-02   6.9591769385E+01 +-    1.6967369846E+00   
v sigma                        1.75000000E-02  -6.0488221739E+01 +-    1.4052309133E+00   
v sigtau                       1.75000000E-02  -2.3969620206E+02 +-    1.8137642606E+00   
v tensor                       1.75000000E-02  -2.3673486095E+01 +-    6.7350512029E-01   
v tenstau                      1.75000000E-02  -3.2076159631E+02 +-    3.2838957608E+00   
v ls                           1.75000000E-02   0.0000000000E+00 +-    0.0000000000E+00   
v lstau                        1.75000000E-02   0.0000000000E+00 +-    0.0000000000E+00   
vpot v6                        1.75000000E-02  -7.2460085480E+02 +-    8.9737969333E+00   
vpot v8                        1.75000000E-02  -7.2460085480E+02 +-    8.9737969333E+00   
v coulomb                      1.75000000E-02   2.4463938504E+00 +-    2.1306468676E-02   
v external                     1.75000000E-02   0.0000000000E+00 +-    0.0000000000E+00   
tni 2pipr-anticomm             1.75000000E-02   0.0000000000E+00 +-    0.0000000000E+00   
tni vd1pr                      1.75000000E-02   0.0000000000E+00 +-    0.0000000000E+00   
tni vepr                       1.75000000E-02   0.0000000000E+00 +-    0.0000000000E+00   
tni central                    1.75000000E-02   0.0000000000E+00 +-    0.0000000000E+00   
tni 2pixx-anticommutator       1.75000000E-02   0.0000000000E+00 +-    0.0000000000E+00   
tni 2pixd-anticommutator       1.75000000E-02   0.0000000000E+00 +-    0.0000000000E+00   
tni 2pidd-anticommutator       1.75000000E-02   0.0000000000E+00 +-    0.0000000000E+00   
tni 2pixx-commutator           1.75000000E-02   0.0000000000E+00 +-    0.0000000000E+00   
tni 2pixd-commutator           1.75000000E-02   0.0000000000E+00 +-    0.0000000000E+00   
tni 2pidd-commutator           1.75000000E-02   0.0000000000E+00 +-    0.0000000000E+00   
tni 2pi-tm                     1.75000000E-02   0.0000000000E+00 +-    0.0000000000E+00   
tni vd1                        1.75000000E-02   0.0000000000E+00 +-    0.0000000000E+00   
tni vd2                        1.75000000E-02   0.0000000000E+00 +-    0.0000000000E+00   
tni ve                         1.75000000E-02   0.0000000000E+00 +-    0.0000000000E+00   
vpottot v8+tni                 1.75000000E-02  -7.2460085480E+02 +-    8.9737969333E+00   
enetot v8+tni                  1.75000000E-02  -5.5325186239E+01 +-    1.8528357397E+00   
vper cent                      1.75000000E-02  -1.4957311798E+02 +-    7.4317762613E+00   
vper tau                       1.75000000E-02   6.9591769385E+01 +-    1.6967369846E+00   
vper sigma                     1.75000000E-02  -6.0488221739E+01 +-    1.4052309133E+00   
vper sigtau                    1.75000000E-02  -2.3969620206E+02 +-    1.8137642606E+00   
vper tensor                    1.75000000E-02  -2.3673486095E+01 +-    6.7350512029E-01   
vper tenstau                   1.75000000E-02  -3.2076159631E+02 +-    3.2838957608E+00   
vper ls                        1.75000000E-02   0.0000000000E+00 +-    0.0000000000E+00   
vper lstau                     1.75000000E-02   0.0000000000E+00 +-    0.0000000000E+00   
vpotper v6                     1.75000000E-02  -7.2460085480E+02 +-    8.9737969333E+00   
vpotper v8                     1.75000000E-02  -7.2460085480E+02 +-    8.9737969333E+00   
vpotv6pr-vpotv6per diff        1.75000000E-02   0.0000000000E+00 +-    0.0000000000E+00   
vpotv8pr-vpotv8per diff        1.75000000E-02   0.0000000000E+00 +-    0.0000000000E+00   
2piapr-2pia diff               1.75000000E-02   0.0000000000E+00 +-    0.0000000000E+00   
vd1pr-vd1 diff                 1.75000000E-02   0.0000000000E+00 +-    0.0000000000E+00   
vepr-ve diff                   1.75000000E-02   0.0000000000E+00 +-    0.0000000000E+00   
diff1 2piapr-2pia-2picxx       1.75000000E-02   0.0000000000E+00 +-    0.0000000000E+00   
diff2 vd1pr-vd1-2picxd         1.75000000E-02   0.0000000000E+00 +-    0.0000000000E+00   
diff3 vepr-ve-2picdd           1.75000000E-02   0.0000000000E+00 +-    0.0000000000E+00   
sum diff1+dif2+diff3           1.75000000E-02   0.0000000000E+00 +-    0.0000000000E+00   
proton rms                     1.75000000E-02  -2.1165853437E+00 +-    5.4506609341E-02   
neutron rms                    1.75000000E-02  -4.4240678729E-01 +-    2.3251885869E-02   
total rms                      1.75000000E-02  -1.2743280813E+00 +-    3.9593241614E-02   
neutron-proton rms             1.75000000E-02   1.6741785564E+00 +-    2.4832214618E-02   
GT sigXtau+                    1.75000000E-02  -1.7259311947E-02 +-    1.4183034308E-04   
GT sigYtau+                    1.75000000E-02  -4.9761195396E-03 +-    4.8949291169E-05   
GT sigZtau+                    1.75000000E-02   1.6423754239E-05 +-    7.9181094795E-05   
GT sigXtau-                    1.75000000E-02   1.0007516619E-03 +-    9.5258324156E-05   
GT sigYtau-                    1.75000000E-02   6.5734861240E-03 +-    6.0136250969E-05   
GT sigZtau-                    1.75000000E-02  -7.9875278038E-04 +-    6.3226866074E-05   
F tau+                         1.75000000E-02  -1.7440465611E-19 +-    1.2983888334E-19   
F tau-                         1.75000000E-02  -1.2012291314E-18 +-    1.3976705322E-19   
Psi**2                         1.75000000E-02   3.7074598405E-04 +-    2.1831138605E-06   
single crossing/step           1.75000000E-02   8.0733889714E-03 +-    4.2737221662E-05   
global crossing/step           1.75000000E-02   7.9278772994E-03 +-    8.4706873958E-05   
energy numerator(real)         1.75000000E-02  -2.3375581116E-01 +-    9.1332361496E-01   
denominator psit/psigi(real)   1.75000000E-02   1.6234115481E-03 +-    1.3280046459E-02   
energy numerator(aimag)        1.75000000E-02  -7.2811060682E-01 +-    6.7403919326E-01   
denominator psit/psigi(aimag)  1.75000000E-02   1.3474029226E-02 +-    9.0524063983E-03   
growth(lin dt) energy          1.75000000E-02  -2.8160119570E+02 +-    5.9660702560E+00   
growth(global) energy          1.75000000E-02  -2.8172930596E+02 +-    1.0950667490E+01
growth energy                  1.75000000E-02  -2.8120808158E+02 +-    5.9392568637E+00
Time for propagation (sec) (min) =          21.904      0.365
Time for energies (sec) (min) =              0.813      0.014
Time for load balancing (sec) (min) =        0.030      0.001
Time for block (sec) (min) =                23.356      0.389
Time for operators (sec) (min) =             0.017      0.000
Elapsed block time (sec) (min) =           162.036      2.701
 
 walkers multiplicity, block, total
   0          55909         361698
   1        1008358        7012533
   2          55287         356195
   3            483           2635
   4             85            482
   5             32            146
   6              5             49
   7              4             34
   8              1             11
   9              1             13
  10              1              7
  11              1              5
  12              0              4
  13              0              2
  14              0              1
  15              0              1
  18              0              2
  19              1              2
  20              2              3
 
 

iteration =                               8
walker number =                       10170
total energy-propagated        2.00000000E-02  -5.1779762999E+01 +-    1.1893458101E+00   
kinetic energy                 2.00000000E-02   3.0323799231E+02 +-    4.1163118765E+00   
potential energy               2.00000000E-02  -3.5501775531E+02 +-    4.3707567594E+00   
im energy                      2.00000000E-02  -7.1685404887E+00 +-    8.9066410894E-01   
imkin energy                   2.00000000E-02  -1.8757817484E+01 +-    2.0916506148E+00   
impot energy                   2.00000000E-02   1.1589276995E+01 +-    2.1328116051E+00   
v cent                         2.00000000E-02   7.2911300130E+01 +-    4.4307464503E+00   
v tau                          2.00000000E-02  -4.2840681153E+01 +-    3.3496920855E-01   
v sigma                        2.00000000E-02   2.2430377490E+01 +-    7.8687143963E-01   
v sigtau                       2.00000000E-02  -9.1930879158E+01 +-    1.2916402175E+00   
v tensor                       2.00000000E-02   2.6831253609E+01 +-    1.9870437175E-01   
v tenstau                      2.00000000E-02  -3.4241912623E+02 +-    2.1151913163E+00   
v ls                           2.00000000E-02   0.0000000000E+00 +-    0.0000000000E+00   
v lstau                        2.00000000E-02   0.0000000000E+00 +-    0.0000000000E+00   
vpot v6                        2.00000000E-02  -3.5501775531E+02 +-    4.3707567594E+00   
vpot v8                        2.00000000E-02  -3.5501775531E+02 +-    4.3707567594E+00   
v coulomb                      2.00000000E-02   9.3539640258E-01 +-    6.3002201300E-03   
v external                     2.00000000E-02   0.0000000000E+00 +-    0.0000000000E+00   
tni 2pipr-anticomm             2.00000000E-02   0.0000000000E+00 +-    0.0000000000E+00   
tni vd1pr                      2.00000000E-02   0.0000000000E+00 +-    0.0000000000E+00   
tni vepr                       2.00000000E-02   0.0000000000E+00 +-    0.0000000000E+00   
tni central                    2.00000000E-02   0.0000000000E+00 +-    0.0000000000E+00   
tni 2pixx-anticommutator       2.00000000E-02   0.0000000000E+00 +-    0.0000000000E+00   
tni 2pixd-anticommutator       2.00000000E-02   0.0000000000E+00 +-    0.0000000000E+00   
tni 2pidd-anticommutator       2.00000000E-02   0.0000000000E+00 +-    0.0000000000E+00   
tni 2pixx-commutator           2.00000000E-02   0.0000000000E+00 +-    0.0000000000E+00   
tni 2pixd-commutator           2.00000000E-02   0.0000000000E+00 +-    0.0000000000E+00   
tni 2pidd-commutator           2.00000000E-02   0.0000000000E+00 +-    0.0000000000E+00   
tni 2pi-tm                     2.00000000E-02   0.0000000000E+00 +-    0.0000000000E+00   
tni vd1                        2.00000000E-02   0.0000000000E+00 +-    0.0000000000E+00   
tni vd2                        2.00000000E-02   0.0000000000E+00 +-    0.0000000000E+00   
tni ve                         2.00000000E-02   0.0000000000E+00 +-    0.0000000000E+00   
vpottot v8+tni                 2.00000000E-02  -3.5501775531E+02 +-    4.3707567594E+00   
enetot v8+tni                  2.00000000E-02  -5.1779762999E+01 +-    1.1893458101E+00   
vper cent                      2.00000000E-02   7.2911300130E+01 +-    4.4307464503E+00   
vper tau                       2.00000000E-02  -4.2840681153E+01 +-    3.3496920855E-01   
vper sigma                     2.00000000E-02   2.2430377490E+01 +-    7.8687143963E-01   
vper sigtau                    2.00000000E-02  -9.1930879158E+01 +-    1.2916402175E+00   
vper tensor                    2.00000000E-02   2.6831253609E+01 +-    1.9870437175E-01   
vper tenstau                   2.00000000E-02  -3.4241912623E+02 +-    2.1151913163E+00   
vper ls                        2.00000000E-02   0.0000000000E+00 +-    0.0000000000E+00   
vper lstau                     2.00000000E-02   0.0000000000E+00 +-    0.0000000000E+00   
vpotper v6                     2.00000000E-02  -3.5501775531E+02 +-    4.3707567594E+00   
vpotper v8                     2.00000000E-02  -3.5501775531E+02 +-    4.3707567594E+00   
vpotv6pr-vpotv6per diff        2.00000000E-02   0.0000000000E+00 +-    0.0000000000E+00   
vpotv8pr-vpotv8per diff        2.00000000E-02   0.0000000000E+00 +-    0.0000000000E+00   
2piapr-2pia diff               2.00000000E-02   0.0000000000E+00 +-    0.0000000000E+00   
vd1pr-vd1 diff                 2.00000000E-02   0.0000000000E+00 +-    0.0000000000E+00   
vepr-ve diff                   2.00000000E-02   0.0000000000E+00 +-    0.0000000000E+00   
diff1 2piapr-2pia-2picxx       2.00000000E-02   0.0000000000E+00 +-    0.0000000000E+00   
diff2 vd1pr-vd1-2picxd         2.00000000E-02   0.0000000000E+00 +-    0.0000000000E+00   
diff3 vepr-ve-2picdd           2.00000000E-02   0.0000000000E+00 +-    0.0000000000E+00   
sum diff1+dif2+diff3           2.00000000E-02   0.0000000000E+00 +-    0.0000000000E+00   
proton rms                     2.00000000E-02   2.6938025570E-01 +-    2.2534071818E-02   
neutron rms                    2.00000000E-02   1.0219921042E+00 +-    7.5624076028E-03   
total rms                      2.00000000E-02   6.2658509841E-01 +-    1.5778353405E-02   
neutron-proton rms             2.00000000E-02   7.5261184846E-01 +-    1.2818038862E-02   
GT sigXtau+                    2.00000000E-02  -5.6234333153E-04 +-    4.9441467955E-05   
GT sigYtau+                    2.00000000E-02   1.7666402146E-03 +-    6.7161439170E-05   
GT sigZtau+                    2.00000000E-02   1.2043063042E-03 +-    4.5076185069E-05   
GT sigXtau-                    2.00000000E-02  -3.3301990141E-03 +-    4.5852664806E-05   
GT sigYtau-                    2.00000000E-02   8.7242419438E-04 +-    5.5219544144E-05   
GT sigZtau-                    2.00000000E-02   3.1683723301E-04 +-    4.9152302648E-05   
F tau+                         2.00000000E-02   2.7867832823E-18 +-    7.3503592370E-20   
F tau-                         2.00000000E-02   2.2470734351E-18 +-    9.2756426770E-20   
Psi**2                         2.00000000E-02  -1.5387443076E-05 +-    1.9962950344E-06   
single crossing/step           2.00000000E-02   8.0996748863E-03 +-    4.2720398266E-05   
global crossing/step           2.00000000E-02   7.9279406981E-03 +-    8.4537477389E-05   
energy numerator(real)         2.00000000E-02   2.0753650249E+00 +-    9.3370928074E-01   
denominator psit/psigi(real)   2.00000000E-02  -3.2832622504E-02 +-    1.4307110144E-02   
energy numerator(aimag)        2.00000000E-02  -1.7023788061E-01 +-    6.3855245302E-01   
denominator psit/psigi(aimag)  2.00000000E-02   1.7157506447E-02 +-    9.6297747419E-03   
growth(lin dt) energy          2.00000000E-02  -2.6070638516E+02 +-    5.7600383787E+00   
growth(global) energy          2.00000000E-02  -2.7191968185E+02 +-    1.2320551203E+01
growth energy                  2.00000000E-02  -2.6040022338E+02 +-    5.7371491136E+00
Time for propagation (sec) (min) =          21.991      0.367
Time for energies (sec) (min) =              0.713      0.012
Time for load balancing (sec) (min) =        0.027      0.000
Time for block (sec) (min) =                23.324      0.389
Time for operators (sec) (min) =             0.018      0.000
Elapsed block time (sec) (min) =           185.378      3.090
 
 walkers multiplicity, block, total
   0          58111         419809
   1        1022589        8035122
   2          55453         411648
   3            417           3052
   4             68            550
   5             21            167
   6              8             57
   7              5             39
   8              1             12
   9              0             13
  10              1              8
  11              0              5
  12              1              5
  13              0              2
  14              0              1
  15              1              2
  18              0              2
  19              0              2
  20              0              3
 
 

iteration =                               9
walker number =                       11898
total energy-propagated        2.25000000E-02  -1.6064947968E+01 +-    1.3016489937E+00   
kinetic energy                 2.25000000E-02   1.3623965970E+02 +-    4.1148292182E+00   
potential energy               2.25000000E-02  -1.5230460767E+02 +-    3.7981499234E+00   
im energy                      2.25000000E-02   1.4394856405E-01 +-    8.8443254013E-01   
imkin energy                   2.25000000E-02   1.6435249480E+01 +-    1.2015847460E+00   
impot energy                   2.25000000E-02  -1.6291300916E+01 +-    9.7575284482E-01   
v cent                         2.25000000E-02   1.6043275255E+02 +-    3.7539510650E+00   
v tau                          2.25000000E-02  -1.9331646666E+01 +-    8.4247053527E-01   
v sigma                        2.25000000E-02  -3.0240420709E+01 +-    6.5658393566E-01   
v sigtau                       2.25000000E-02  -1.3930599732E+02 +-    9.8218461603E-01   
v tensor                       2.25000000E-02   9.4398831004E+00 +-    3.9360403926E-01   
v tenstau                      2.25000000E-02  -1.3329917863E+02 +-    2.0148853215E+00   
v ls                           2.25000000E-02   0.0000000000E+00 +-    0.0000000000E+00   
v lstau                        2.25000000E-02   0.0000000000E+00 +-    0.0000000000E+00   
vpot v6                        2.25000000E-02  -1.5230460767E+02 +-    3.7981499234E+00   
vpot v8                        2.25000000E-02  -1.5230460767E+02 +-    3.7981499234E+00   
v coulomb                      2.25000000E-02   8.0895992380E-01 +-    5.0205515163E-03   
v external                     2.25000000E-02   0.0000000000E+00 +-    0.0000000000E+00   
tni 2pipr-anticomm             2.25000000E-02   0.0000000000E+00 +-    0.0000000000E+00   
tni vd1pr                      2.25000000E-02   0.0000000000E+00 +-    0.0000000000E+00   
tni vepr                       2.25000000E-02   0.0000000000E+00 +-    0.0000000000E+00   
tni central                    2.25000000E-02   0.0000000000E+00 +-    0.0000000000E+00   
tni 2pixx-anticommutator       2.25000000E-02   0.0000000000E+00 +-    0.0000000000E+00   
tni 2pixd-anticommutator       2.25000000E-02   0.0000000000E+00 +-    0.0000000000E+00   
tni 2pidd-anticommutator       2.25000000E-02   0.0000000000E+00 +-    0.0000000000E+00   
tni 2pixx-commutator           2.25000000E-02   0.0000000000E+00 +-    0.0000000000E+00   
tni 2pixd-commutator           2.25000000E-02   0.0000000000E+00 +-    0.0000000000E+00   
tni 2pidd-commutator           2.25000000E-02   0.0000000000E+00 +-    0.0000000000E+00   
tni 2pi-tm                     2.25000000E-02   0.0000000000E+00 +-    0.0000000000E+00   
tni vd1                        2.25000000E-02   0.0000000000E+00 +-    0.0000000000E+00   
tni vd2                        2.25000000E-02   0.0000000000E+00 +-    0.0000000000E+00   
tni ve                         2.25000000E-02   0.0000000000E+00 +-    0.0000000000E+00   
vpottot v8+tni                 2.25000000E-02  -1.5230460767E+02 +-    3.7981499234E+00   
enetot v8+tni                  2.25000000E-02  -1.6064947968E+01 +-    1.3016489937E+00   
vper cent                      2.25000000E-02   1.6043275255E+02 +-    3.7539510650E+00   
vper tau                       2.25000000E-02  -1.9331646666E+01 +-    8.4247053527E-01   
vper sigma                     2.25000000E-02  -3.0240420709E+01 +-    6.5658393566E-01   
vper sigtau                    2.25000000E-02  -1.3930599732E+02 +-    9.8218461603E-01   
vper tensor                    2.25000000E-02   9.4398831004E+00 +-    3.9360403926E-01   
vper tenstau                   2.25000000E-02  -1.3329917863E+02 +-    2.0148853215E+00   
vper ls                        2.25000000E-02   0.0000000000E+00 +-    0.0000000000E+00   
vper lstau                     2.25000000E-02   0.0000000000E+00 +-    0.0000000000E+00   
vpotper v6                     2.25000000E-02  -1.5230460767E+02 +-    3.7981499234E+00   
vpotper v8                     2.25000000E-02  -1.5230460767E+02 +-    3.7981499234E+00   
vpotv6pr-vpotv6per diff        2.25000000E-02   0.0000000000E+00 +-    0.0000000000E+00   
vpotv8pr-vpotv8per diff        2.25000000E-02   0.0000000000E+00 +-    0.0000000000E+00   
2piapr-2pia diff               2.25000000E-02   0.0000000000E+00 +-    0.0000000000E+00   
vd1pr-vd1 diff                 2.25000000E-02   0.0000000000E+00 +-    0.0000000000E+00   
vepr-ve diff                   2.25000000E-02   0.0000000000E+00 +-    0.0000000000E+00   
diff1 2piapr-2pia-2picxx       2.25000000E-02   0.0000000000E+00 +-    0.0000000000E+00   
diff2 vd1pr-vd1-2picxd         2.25000000E-02   0.0000000000E+00 +-    0.0000000000E+00   
diff3 vepr-ve-2picdd           2.25000000E-02   0.0000000000E+00 +-    0.0000000000E+00   
sum diff1+dif2+diff3           2.25000000E-02   0.0000000000E+00 +-    0.0000000000E+00   
proton rms                     2.25000000E-02   1.5828313971E+00 +-    1.5687020228E-02   
neutron rms                    2.25000000E-02   1.1480708678E+00 +-    9.9321956558E-03   
total rms                      2.25000000E-02   1.3673120556E+00 +-    1.1637972089E-02   
neutron-proton rms             2.25000000E-02  -4.3476052932E-01 +-    1.1685187745E-02   
GT sigXtau+                    2.25000000E-02   1.2822722090E-03 +-    3.2942877870E-05   
GT sigYtau+                    2.25000000E-02  -5.6380809468E-04 +-    4.5971321672E-05   
GT sigZtau+                    2.25000000E-02   1.0041862471E-04 +-    3.7472242716E-05   
GT sigXtau-                    2.25000000E-02   7.1007222565E-04 +-    4.3508979523E-05   
GT sigYtau-                    2.25000000E-02   1.2537213564E-04 +-    3.8756097760E-05   
GT sigZtau-                    2.25000000E-02  -6.6066378989E-04 +-    3.7808096909E-05   
F tau+                         2.25000000E-02   2.9810296551E-20 +-    6.8027095505E-20   
F tau-                         2.25000000E-02   3.8066459965E-19 +-    6.5423441029E-20   
Psi**2                         2.25000000E-02   8.1415636273E-05 +-    1.1695122789E-06   
single crossing/step           2.25000000E-02   8.1289440003E-03 +-    4.2790217171E-05   
global crossing/step           2.25000000E-02   7.9690720432E-03 +-    8.4741528734E-05   
energy numerator(real)         2.25000000E-02  -7.6903490991E-01 +-    9.4241754849E-01   
denominator psit/psigi(real)   2.25000000E-02   5.1830155984E-02 +-    1.3362032363E-02   
energy numerator(aimag)        2.25000000E-02   4.6534702791E-01 +-    6.4988239810E-01   
denominator psit/psigi(aimag)  2.25000000E-02  -1.6611553330E-02 +-    9.0311412993E-03   
growth(lin dt) energy          2.25000000E-02  -2.3342354786E+02 +-    5.6667347080E+00   
growth(global) energy          2.25000000E-02  -2.4318700612E+02 +-    1.1038284512E+01
growth energy                  2.25000000E-02  -2.3321461773E+02 +-    5.6480598431E+00
Time for propagation (sec) (min) =          21.997      0.367
Time for energies (sec) (min) =              0.834      0.014
Time for load balancing (sec) (min) =        0.027      0.000
Time for block (sec) (min) =                23.506      0.392
Time for operators (sec) (min) =             0.019      0.000
Elapsed block time (sec) (min) =           208.911      3.482
 
 walkers multiplicity, block, total
   0          53778         473587
   1        1004284        9039406
   2          54459         466107
   3            339           3391
   4             52            602
   5             20            187
   6              6             63
   7              3             42
   8              4             16
   9              2             15
  10              1              9
  11              0              5
  12              0              5
  13              0              2
  14              1              2
  15              0              2
  18              0              2
  19              0              2
  20              1              4
 
 

iteration =                              10
walker number =                       11813
total energy-propagated        2.50000000E-02  -3.2290100816E+01 +-    6.7488320021E-01   
kinetic energy                 2.50000000E-02   1.4703183490E+02 +-    2.8341031159E+00   
potential energy               2.50000000E-02  -1.7932193572E+02 +-    2.9063013114E+00   
im energy                      2.50000000E-02  -5.4798823096E+00 +-    3.8698818462E-01   
imkin energy                   2.50000000E-02  -1.3141141700E+01 +-    9.4446469211E-01   
impot energy                   2.50000000E-02   7.6612593903E+00 +-    8.4025361328E-01   
v cent                         2.50000000E-02   9.1725167362E+01 +-    2.7667975006E+00   
v tau                          2.50000000E-02  -2.1624733042E+01 +-    3.6705170175E-01   
v sigma                        2.50000000E-02  -2.8831202420E+01 +-    4.7760069370E-01   
v sigtau                       2.50000000E-02  -1.2267661296E+02 +-    7.1108059237E-01   
v tensor                       2.50000000E-02   1.1794122079E+00 +-    2.7512392566E-01   
v tenstau                      2.50000000E-02  -9.9093966865E+01 +-    1.8384317147E+00   
v ls                           2.50000000E-02   0.0000000000E+00 +-    0.0000000000E+00   
v lstau                        2.50000000E-02   0.0000000000E+00 +-    0.0000000000E+00   
vpot v6                        2.50000000E-02  -1.7932193572E+02 +-    2.9063013114E+00   
vpot v8                        2.50000000E-02  -1.7932193572E+02 +-    2.9063013114E+00   
v coulomb                      2.50000000E-02   9.5933528106E-01 +-    3.0806343777E-03   
v external                     2.50000000E-02   0.0000000000E+00 +-    0.0000000000E+00   
tni 2pipr-anticomm             2.50000000E-02   0.0000000000E+00 +-    0.0000000000E+00   
tni vd1pr                      2.50000000E-02   0.0000000000E+00 +-    0.0000000000E+00   
tni vepr                       2.50000000E-02   0.0000000000E+00 +-    0.0000000000E+00   
tni central                    2.50000000E-02   0.0000000000E+00 +-    0.0000000000E+00   
tni 2pixx-anticommutator       2.50000000E-02   0.0000000000E+00 +-    0.0000000000E+00   
tni 2pixd-anticommutator       2.50000000E-02   0.0000000000E+00 +-    0.0000000000E+00   
tni 2pidd-anticommutator       2.50000000E-02   0.0000000000E+00 +-    0.0000000000E+00   
tni 2pixx-commutator           2.50000000E-02   0.0000000000E+00 +-    0.0000000000E+00   
tni 2pixd-commutator           2.50000000E-02   0.0000000000E+00 +-    0.0000000000E+00   
tni 2pidd-commutator           2.50000000E-02   0.0000000000E+00 +-    0.0000000000E+00   
tni 2pi-tm                     2.50000000E-02   0.0000000000E+00 +-    0.0000000000E+00   
tni vd1                        2.50000000E-02   0.0000000000E+00 +-    0.0000000000E+00   
tni vd2                        2.50000000E-02   0.0000000000E+00 +-    0.0000000000E+00   
tni ve                         2.50000000E-02   0.0000000000E+00 +-    0.0000000000E+00   
vpottot v8+tni                 2.50000000E-02  -1.7932193572E+02 +-    2.9063013114E+00   
enetot v8+tni                  2.50000000E-02  -3.2290100816E+01 +-    6.7488320021E-01   
vper cent                      2.50000000E-02   9.1725167362E+01 +-    2.7667975006E+00   
vper tau                       2.50000000E-02  -2.1624733042E+01 +-    3.6705170175E-01   
vper sigma                     2.50000000E-02  -2.8831202420E+01 +-    4.7760069370E-01   
vper sigtau                    2.50000000E-02  -1.2267661296E+02 +-    7.1108059237E-01   
vper tensor                    2.50000000E-02   1.1794122079E+00 +-    2.7512392566E-01   
vper tenstau                   2.50000000E-02  -9.9093966865E+01 +-    1.8384317147E+00   
vper ls                        2.50000000E-02   0.0000000000E+00 +-    0.0000000000E+00   
vper lstau                     2.50000000E-02   0.0000000000E+00 +-    0.0000000000E+00   
vpotper v6                     2.50000000E-02  -1.7932193572E+02 +-    2.9063013114E+00   
vpotper v8                     2.50000000E-02  -1.7932193572E+02 +-    2.9063013114E+00   
vpotv6pr-vpotv6per diff        2.50000000E-02   0.0000000000E+00 +-    0.0000000000E+00   
vpotv8pr-vpotv8per diff        2.50000000E-02   0.0000000000E+00 +-    0.0000000000E+00   
2piapr-2pia diff               2.50000000E-02   0.0000000000E+00 +-    0.0000000000E+00   
vd1pr-vd1 diff                 2.50000000E-02   0.0000000000E+00 +-    0.0000000000E+00   
vepr-ve diff                   2.50000000E-02   0.0000000000E+00 +-    0.0000000000E+00   
diff1 2piapr-2pia-2picxx       2.50000000E-02   0.0000000000E+00 +-    0.0000000000E+00   
diff2 vd1pr-vd1-2picxd         2.50000000E-02   0.0000000000E+00 +-    0.0000000000E+00   
diff3 vepr-ve-2picdd           2.50000000E-02   0.0000000000E+00 +-    0.0000000000E+00   
sum diff1+dif2+diff3           2.50000000E-02   0.0000000000E+00 +-    0.0000000000E+00   
proton rms                     2.50000000E-02   9.7042102592E-01 +-    4.9401616166E-03   
neutron rms                    2.50000000E-02   1.0230402066E+00 +-    5.2522736786E-03   
total rms                      2.50000000E-02   9.8598203327E-01 +-    3.7860161389E-03   
neutron-proton rms             2.50000000E-02   5.2619180724E-02 +-    7.7054868151E-03   
GT sigXtau+                    2.50000000E-02   2.5968193652E-03 +-    1.6494515330E-05   
GT sigYtau+                    2.50000000E-02  -3.5707977703E-04 +-    4.6863964703E-05   
GT sigZtau+                    2.50000000E-02   5.2884033237E-04 +-    4.4457161149E-05   
GT sigXtau-                    2.50000000E-02   3.8808379018E-04 +-    3.0067906504E-05   
GT sigYtau-                    2.50000000E-02   6.7527660130E-04 +-    2.8134124109E-05   
GT sigZtau-                    2.50000000E-02  -3.0434634252E-04 +-    4.1823462974E-05   
F tau+                         2.50000000E-02  -2.0030881646E-18 +-    9.2438927880E-20   
F tau-                         2.50000000E-02  -6.0265705116E-19 +-    7.5693852058E-20   
Psi**2                         2.50000000E-02   4.8356106146E-05 +-    6.3681242040E-07   
single crossing/step           2.50000000E-02   8.3107576285E-03 +-    4.3425371345E-05   
global crossing/step           2.50000000E-02   8.1107795940E-03 +-    8.5808105236E-05   
energy numerator(real)         2.50000000E-02  -2.9576791336E+00 +-    8.6060291701E-01   
denominator psit/psigi(real)   2.50000000E-02   8.9849195405E-02 +-    1.3368016290E-02   
energy numerator(aimag)        2.50000000E-02  -6.5629083216E-01 +-    5.7872339302E-01   
denominator psit/psigi(aimag)  2.50000000E-02  -5.9720579201E-03 +-    8.9934397798E-03   
growth(lin dt) energy          2.50000000E-02  -2.4224171906E+02 +-    5.7426211168E+00   
growth(global) energy          2.50000000E-02  -2.5443198085E+02 +-    1.1489416065E+01
growth energy                  2.50000000E-02  -2.4200338337E+02 +-    5.7224333789E+00
Time for propagation (sec) (min) =          21.835      0.364
Time for energies (sec) (min) =              0.828      0.014
Time for load balancing (sec) (min) =        0.030      0.000
Time for block (sec) (min) =                23.282      0.388
Time for operators (sec) (min) =             0.022      0.000
Elapsed block time (sec) (min) =           232.215      3.870
 
 walkers multiplicity, block, total
   0          55498         529085
   1        1006528       10045934
   2          54193         520300
   3            405           3796
   4             77            679
   5             17            204
   6              7             70
   7              3             45
   8              2             18
   9              2             17
  10              1             10
  11              0              5
  12              0              5
  13              0              2
  14              0              2
  15              0              2
  18              0              2
  19              0              2
  20              1              5
 
 

Time for steps      =     232.223 seconds,        3.870 minutes
Master Time for steps =     232.082 seconds,        3.868 minutes

Number of cpus =       100
Total job time =     237.547 seconds,        3.959 minutes,        0.066 hours
Total cpu-time =     395.912 minutes,        6.599 hours
Total time =         237.337 seconds,        3.956 minutes,        0.066 hours
Finished!
