Unconstrained Diffusion Monte Carlo Run -- no drift
!-!-!-!-!-!-!-!-!-!-!-!-!-!-!-!-!-!-!-!-!-!-!-!-!-!
MPI parameters:
Number of boss cpus =                         100
Number of worker cpus for each boss =           0
Total number of cpus =                        100
Simulation parameters:
random number seed =                          321
hbar^2/2m =                              20.73554
start from sites =                              F
nwalk =                                     10000
equilibration blocks =                          0
averaging blocks =                             10
nsteps/blocks =                               100
time step =                          0.0000250000
time step rotations (vmc) =          0.1700000000
trial energy =                          -26.00000
drift cutoff =                            0.00000
drastic population control up =           1.20000
drastic population control down =         0.80000
rebalance if walkers fluctuate more than   2.00 %
weight cut off =                         20.00000
table size =                                 8000
!-!-!-!-!-!-!-!-!-!-!-!-!-!-!-!-!-!-!-!-!-!-!-!-!-!
System parameters:
lpot =                                         11
lpotper =                                      11
potential  =                          argonne v6'
potentialpr =                         argonne v6'
Coulomb included in energy-propagation          F
multiply central v by =                   1.00000
multiply tau v by =                       1.00000
multiply sigma v by =                     1.00000
multiply sigma tau v by =                 1.00000
multiply tensor v by =                    1.00000
multiply tensor tau v by =                1.00000
multiply spin-orbit v by =                0.00000
multiply spin-orbit tau v by =            0.00000
three-body potential =                        no3
ibox (0 is nearest image) =                     0
!-!-!-!-!-!-!-!-!-!-!-!-!-!-!-!-!-!-!-!-!-!-!-!-!-!
propagate LS =                                  F
calculate LS =                                  F
type of correlations =           independent pair
scale orbital   1 with factor    1.14000
determinant # 1
coefficient                     1.00000   0.00000
1  1  0  1  alpha.orb    # 2J,2M,L,tau radial_file for state                    
1 -1  0  1  alpha.orb    # 2J,2M,L,tau radial_file for state                    
1  1  0 -1  alpha.orb    # 2J,2M,L,tau radial_file for state                    
1 -1  0 -1  alpha.orb    # 2J,2M,L,tau radial_file for state                    
rescaled coefficient            1.00000   0.00000
!-!-!-!-!-!-!-!-!-!-!-!-!-!-!-!-!-!-!-!-!-!-!-!-!-!
No external potential
!-!-!-!-!-!-!-!-!-!-!-!-!-!-!-!-!-!-!-!-!-!-!-!-!-!
rcut in pair sampling =                   1.00000
acut in pair sampling =                   5.00000
a constant in psig =                      0.20000
Number of protons =                             2
Number of neutrons =                            2
range of the potential =                 20.00000
!-!-!-!-!-!-!-!-!-!-!-!-!-!-!-!-!-!-!-!-!-!-!-!-!-!
do V3 =                                         F
three body force =                            no3
three body a2piPwa =                      0.000000000000000
three body a2piPwc =                      0.000000000000000
three body a2piSw =                       0.000000000000000
three body Vd,C,c3 =                      0.000000000000000
three body Ve,C,c3 =                      0.000000000000000
three body A_R =                          0.000000000000000
three body Vd1 =                          0.000000000000000
three body Vd2 =                          0.000000000000000
three body Ve =                           0.000000000000000
propagator: multiply the antic by =       0.000000000000000
propagator: multiply the Vd1 by =         0.000000000000000
propagator: multiply the Ve by =          0.000000000000000
propagator: three body a2piPW =           0.000000000000000
!-!-!-!-!-!-!-!-!-!-!-!-!-!-!-!-!-!-!-!-!-!-!-!-!-!
jastrow healing distance dc =             4.47768
jastrow healing distance dtn =           11.57317
jastrow rho =                             0.01000
potential quencher acn (v1) =             1.50851
potential quencher at  (v2) =             6.06936
potential quencher as  (v3) =             2.76780
potential quencher ast (v4) =             0.80880
potential quencher atn (v5) =             0.61864
potential quencher atn (v6) =             0.20141
potential quencher als (v7) =             0.00000
potential quencher alst (v8) =            0.00000
correlation quencher bt (f2) =            0.26685
correlation quencher bs (f3) =           -0.10565
correlation quencher bst (f4) =           0.42277
correlation quencher btn (f5) =           1.08683
correlation quencher btn (f6) =           4.44810
correlation quencher bls (f7) =           0.00000
correlation quencher blst (f8) =          0.00000
!-!-!-!-!-!-!-!-!-!-!-!-!-!-!-!-!-!-!-!-!-!-!-!-!-!
q1c parameter in f3c =                   12.87526
q2c parameter in f3c =                    1.60340
q1p parameter in f3p =                   -1.81620
q2p parameter in f3p =                    2.14789
!-!-!-!-!-!-!-!-!-!-!-!-!-!-!-!-!-!-!-!-!-!-!-!-!-!
rscal parameter in Uijk cent =            1.00000
rscal parameter in Uijk xpi =             1.00000
rscal parameter in Uijk delta =           1.00000
eps_c parameter in Uijk =                 0.00000
eps_anti parameter in Uijk =              0.00000
eps_tm parameter in Uijk =                0.00000
eps_vd1 parameter in Uijk =               0.00000
eps_vd2 parameter in Uijk =               0.00000
eps_vdc3 parameter in Uijk =              0.00000
eps_vec3 parameter in Uijk =              0.00000
eps_ve parameter in Uijk =                0.00000
eps_comm parameter in Uijk =              0.00000
eps_comm-XD parameter in Uijk =           0.00000
eps_comm-DD parameter in Uijk =           0.00000
TNI-comm correlation included =                 F
!-!-!-!-!-!-!-!-!-!-!-!-!-!-!-!-!-!-!-!-!-!-!-!-!-!
CSB correlation rscalpp =                 1.00000
CSB correlation rscalnn =                 1.00000
CSB correlation quencher pp =             0.00000
CSB correlation quencher nn =             0.00000
CSB correlation included =                      F
!-!-!-!-!-!-!-!-!-!-!-!-!-!-!-!-!-!-!-!-!-!-!-!-!-!
jastrow initialized
!-!-!-!-!-!-!-!-!-!-!-!-!-!-!-!-!-!-!-!-!-!-!-!-!-!
Symmetrize V6 in the propagator =               T
New propagation of Vlstau and commutator included!
Coulomb included in energy (and propag)         F
Initial walkers from file
Number of walkers =                          8753
Configurations at tau =              2.0875000000
Reset tau =                          0.0000000000
!-!-!-!-!-!-!-!-!-!-!-!-!-!-!-!-!-!-!-!-!-!-!-!-!-!
Time for reading configurations (sec.) =       0.72
!-!-!-!-!-!-!-!-!-!-!-!-!-!-!-!-!-!-!-!-!-!-!-!-!-!
Initial configurations:
total energy-propagated        0.00000000E+00  -2.6255528046E+01 +-    3.3493916496E-01   
kinetic energy                 0.00000000E+00   1.0954218802E+02 +-    1.6024791498E+00   
potential energy               0.00000000E+00  -1.3579771606E+02 +-    1.5794924217E+00   
v cent                         0.00000000E+00   1.3909058282E+01 +-    1.3974140918E+00   
v tau                          0.00000000E+00  -7.1066500299E+00 +-    2.1835542410E-01   
v sigma                        0.00000000E+00  -8.7663729196E+00 +-    2.4266643361E-01   
v sigtau                       0.00000000E+00  -6.0554986424E+01 +-    5.4550943935E-01   
v tensor                       0.00000000E+00   4.3733615996E-01 +-    1.3074222784E-01   
v tenstau                      0.00000000E+00  -7.3716101131E+01 +-    9.8327212319E-01   
v ls                           0.00000000E+00   0.0000000000E+00 +-    0.0000000000E+00   
v lstau                        0.00000000E+00   0.0000000000E+00 +-    0.0000000000E+00   
v coulomb                      0.00000000E+00   7.4199301490E-01 +-    2.8982569495E-03   
v external                     0.00000000E+00   0.0000000000E+00 +-    0.0000000000E+00   
tni 2pipr-anticomm             0.00000000E+00   0.0000000000E+00 +-    0.0000000000E+00   
tni vd1pr                      0.00000000E+00   0.0000000000E+00 +-    0.0000000000E+00   
tni vepr                       0.00000000E+00   0.0000000000E+00 +-    0.0000000000E+00   
tni central                    0.00000000E+00   0.0000000000E+00 +-    0.0000000000E+00   
tni 2pixx-anticommutator       0.00000000E+00   0.0000000000E+00 +-    0.0000000000E+00   
tni 2pixd-anticommutator       0.00000000E+00   0.0000000000E+00 +-    0.0000000000E+00   
tni 2pidd-anticommutator       0.00000000E+00   0.0000000000E+00 +-    0.0000000000E+00   
tni 2pixx-commutator           0.00000000E+00   0.0000000000E+00 +-    0.0000000000E+00   
tni 2pixd-commutator           0.00000000E+00   0.0000000000E+00 +-    0.0000000000E+00   
tni 2pidd-commutator           0.00000000E+00   0.0000000000E+00 +-    0.0000000000E+00   
tni 2pi-tm                     0.00000000E+00   0.0000000000E+00 +-    0.0000000000E+00   
tni vd1                        0.00000000E+00   0.0000000000E+00 +-    0.0000000000E+00   
tni vd2                        0.00000000E+00   0.0000000000E+00 +-    0.0000000000E+00   
tni ve                         0.00000000E+00   0.0000000000E+00 +-    0.0000000000E+00   
enetot v8+tni                  0.00000000E+00  -2.6255528046E+01 +-    3.3493916496E-01   
!-!-!-!-!-!-!-!-!-!-!-!-!-!-!-!-!-!-!-!-!-!-!-!-!-!
Psi**2 of initial configurations  =   0.2561493E-04  0.0000000E+00  +-    0.6552248E-06  0.0000000E+00
Psig**2 of initial configurations =   0.1630215E-04  0.0000000E+00  +-    0.4673557E-06  0.0000000E+00
!-!-!-!-!-!-!-!-!-!-!-!-!-!-!-!-!-!-!-!-!-!-!-!-!-!
T**2 of initial configurations  =  -0.1546210E-07 -0.4549770E-09
Tz of initial configurations    =  -0.1866062E-13 -0.5133616E-14
J**2 of initial configurations  =   0.3444804E-07 -0.8906455E-10
Jz of initial configurations    =   0.1251120E-13 -0.1795315E-13
!-!-!-!-!-!-!-!-!-!-!-!-!-!-!-!-!-!-!-!-!-!-!-!-!-!
!-!-!-!-!-!-!-!-!-!-!-!-!-!-!-!-!-!-!-!-!-!-!-!-!-!
Time to process initial configurations (sec.) =       1.52
!-!-!-!-!-!-!-!-!-!-!-!-!-!-!-!-!-!-!-!-!-!-!-!-!-!

equilibration done

iteration =                               1
walker number =                       11436
total energy-propagated        2.50000000E-03  -2.6193407119E+01 +-    2.8154885157E-01   
kinetic energy                 2.50000000E-03   1.0368086470E+02 +-    1.4258568178E+00   
potential energy               2.50000000E-03  -1.2987427182E+02 +-    1.4248279277E+00   
im energy                      2.50000000E-03   1.4558275463E-01 +-    1.7361542269E-01   
imkin energy                   2.50000000E-03  -1.5342268192E+00 +-    3.9783793476E-01   
impot energy                   2.50000000E-03   1.6798095738E+00 +-    4.0269787070E-01   
v cent                         2.50000000E-03   1.5757595212E+01 +-    1.3291560083E+00   
v tau                          2.50000000E-03  -6.8065770099E+00 +-    1.7739798014E-01   
v sigma                        2.50000000E-03  -8.9685673975E+00 +-    1.7670459523E-01   
v sigtau                       2.50000000E-03  -5.9904820474E+01 +-    4.8557140578E-01   
v tensor                       2.50000000E-03   7.8429945159E-01 +-    1.0921272866E-01   
v tenstau                      2.50000000E-03  -7.0736201598E+01 +-    8.1766343705E-01   
v ls                           2.50000000E-03   0.0000000000E+00 +-    0.0000000000E+00   
v lstau                        2.50000000E-03   0.0000000000E+00 +-    0.0000000000E+00   
vpot v6                        2.50000000E-03  -1.2987427182E+02 +-    1.4248279277E+00   
vpot v8                        2.50000000E-03  -1.2987427182E+02 +-    1.4248279277E+00   
v coulomb                      2.50000000E-03   7.3431518635E-01 +-    2.6271449010E-03   
v external                     2.50000000E-03   0.0000000000E+00 +-    0.0000000000E+00   
tni 2pipr-anticomm             2.50000000E-03   0.0000000000E+00 +-    0.0000000000E+00   
tni vd1pr                      2.50000000E-03   0.0000000000E+00 +-    0.0000000000E+00   
tni vepr                       2.50000000E-03   0.0000000000E+00 +-    0.0000000000E+00   
tni central                    2.50000000E-03   0.0000000000E+00 +-    0.0000000000E+00   
tni 2pixx-anticommutator       2.50000000E-03   0.0000000000E+00 +-    0.0000000000E+00   
tni 2pixd-anticommutator       2.50000000E-03   0.0000000000E+00 +-    0.0000000000E+00   
tni 2pidd-anticommutator       2.50000000E-03   0.0000000000E+00 +-    0.0000000000E+00   
tni 2pixx-commutator           2.50000000E-03   0.0000000000E+00 +-    0.0000000000E+00   
tni 2pixd-commutator           2.50000000E-03   0.0000000000E+00 +-    0.0000000000E+00   
tni 2pidd-commutator           2.50000000E-03   0.0000000000E+00 +-    0.0000000000E+00   
tni 2pi-tm                     2.50000000E-03   0.0000000000E+00 +-    0.0000000000E+00   
tni vd1                        2.50000000E-03   0.0000000000E+00 +-    0.0000000000E+00   
tni vd2                        2.50000000E-03   0.0000000000E+00 +-    0.0000000000E+00   
tni ve                         2.50000000E-03   0.0000000000E+00 +-    0.0000000000E+00   
vpottot v8+tni                 2.50000000E-03  -1.2987427182E+02 +-    1.4248279277E+00   
enetot v8+tni                  2.50000000E-03  -2.6193407119E+01 +-    2.8154885157E-01   
vper cent                      2.50000000E-03   1.5757595212E+01 +-    1.3291560083E+00   
vper tau                       2.50000000E-03  -6.8065770099E+00 +-    1.7739798014E-01   
vper sigma                     2.50000000E-03  -8.9685673975E+00 +-    1.7670459523E-01   
vper sigtau                    2.50000000E-03  -5.9904820474E+01 +-    4.8557140578E-01   
vper tensor                    2.50000000E-03   7.8429945159E-01 +-    1.0921272866E-01   
vper tenstau                   2.50000000E-03  -7.0736201598E+01 +-    8.1766343705E-01   
vper ls                        2.50000000E-03   0.0000000000E+00 +-    0.0000000000E+00   
vper lstau                     2.50000000E-03   0.0000000000E+00 +-    0.0000000000E+00   
vpotper v6                     2.50000000E-03  -1.2987427182E+02 +-    1.4248279277E+00   
vpotper v8                     2.50000000E-03  -1.2987427182E+02 +-    1.4248279277E+00   
vpotv6pr-vpotv6per diff        2.50000000E-03   0.0000000000E+00 +-    0.0000000000E+00   
vpotv8pr-vpotv8per diff        2.50000000E-03   0.0000000000E+00 +-    0.0000000000E+00   
2piapr-2pia diff               2.50000000E-03   0.0000000000E+00 +-    0.0000000000E+00   
vd1pr-vd1 diff                 2.50000000E-03   0.0000000000E+00 +-    0.0000000000E+00   
vepr-ve diff                   2.50000000E-03   0.0000000000E+00 +-    0.0000000000E+00   
diff1 2piapr-2pia-2picxx       2.50000000E-03   0.0000000000E+00 +-    0.0000000000E+00   
diff2 vd1pr-vd1-2picxd         2.50000000E-03   0.0000000000E+00 +-    0.0000000000E+00   
diff3 vepr-ve-2picdd           2.50000000E-03   0.0000000000E+00 +-    0.0000000000E+00   
sum diff1+dif2+diff3           2.50000000E-03   0.0000000000E+00 +-    0.0000000000E+00   
proton rms                     2.50000000E-03   2.1787476368E+00 +-    1.2660549221E-02   
neutron rms                    2.50000000E-03   2.1207910789E+00 +-    1.2858214756E-02   
total rms                      2.50000000E-03   2.1485134867E+00 +-    1.1400006978E-02   
neutron-proton rms             2.50000000E-03  -5.7956557836E-02 +-    1.1422291522E-02   
GT sigXtau+                    2.50000000E-03   1.4468617096E-05 +-    2.1165527568E-05   
GT sigYtau+                    2.50000000E-03  -2.1034672409E-05 +-    2.2357714673E-05   
GT sigZtau+                    2.50000000E-03  -4.5283779931E-05 +-    2.1945305567E-05   
GT sigXtau-                    2.50000000E-03  -6.5475276418E-05 +-    2.2550705032E-05   
GT sigYtau-                    2.50000000E-03   8.5171765351E-05 +-    2.0806438521E-05   
GT sigZtau-                    2.50000000E-03   3.6751861668E-05 +-    2.1114443681E-05   
F tau+                         2.50000000E-03  -6.7948699826E-20 +-    3.6985052317E-20   
F tau-                         2.50000000E-03   3.0188842539E-21 +-    3.5154458164E-20   
Psi**2                         2.50000000E-03   2.6293660521E-05 +-    5.9138834407E-07   
single crossing/step           2.50000000E-03   8.9219689259E-03 +-    4.6873903082E-05   
global crossing/step           2.50000000E-03   8.7882859960E-03 +-    9.3049091953E-05   
energy numerator(real)         2.50000000E-03  -2.7668853500E+01 +-    6.2648411609E-01   
denominator psit/psigi(real)   2.50000000E-03   1.0562015719E+00 +-    1.0821034159E-02   
energy numerator(aimag)        2.50000000E-03  -4.1703885418E-01 +-    4.3161380225E-01   
denominator psit/psigi(aimag)  2.50000000E-03   2.2027771718E-02 +-    6.9392727785E-03   
growth(lin dt) energy          2.50000000E-03  -1.9425290237E+02 +-    4.8106625994E+00   
growth(global) energy          2.50000000E-03  -2.1112744579E+02 +-    1.1982469618E+01
growth energy                  2.50000000E-03  -1.9415123544E+02 +-    4.7995446719E+00
Time for propagation (sec) (min) =          20.102      0.335
Time for energies (sec) (min) =              0.804      0.013
Time for load balancing (sec) (min) =        0.062      0.001
Time for block (sec) (min) =                21.667      0.361
Time for operators (sec) (min) =             0.020      0.000
Elapsed block time (sec) (min) =            21.688      0.361
 
 walkers multiplicity, block, total
   0          38306          38306
   1         927101         927101
   2          40488          40488
   3            178            178
   4             23             23
   5              9              9
   6              4              4
   7              2              2
   8              0              0
   9              1              1
 
 

iteration =                               2
walker number =                       10406
total energy-propagated        5.00000000E-03  -2.5451893832E+01 +-    4.3855292271E-01   
kinetic energy                 5.00000000E-03   9.0221268936E+01 +-    1.9451755629E+00   
potential energy               5.00000000E-03  -1.1567316277E+02 +-    1.9463180413E+00   
im energy                      5.00000000E-03   1.3789163591E+00 +-    2.8993140269E-01   
imkin energy                   5.00000000E-03  -1.2116319145E+00 +-    6.1089736510E-01   
impot energy                   5.00000000E-03   2.5905482736E+00 +-    5.1816449535E-01   
v cent                         5.00000000E-03   2.9937091821E+01 +-    1.7659108084E+00   
v tau                          5.00000000E-03  -6.4006100969E+00 +-    2.5661488474E-01   
v sigma                        5.00000000E-03  -1.1925252101E+01 +-    2.4648373223E-01   
v sigtau                       5.00000000E-03  -6.3969520933E+01 +-    5.4003931113E-01   
v tensor                       5.00000000E-03   5.5591338286E-01 +-    1.4100555615E-01   
v tenstau                      5.00000000E-03  -6.3870784840E+01 +-    1.0955644701E+00   
v ls                           5.00000000E-03   0.0000000000E+00 +-    0.0000000000E+00   
v lstau                        5.00000000E-03   0.0000000000E+00 +-    0.0000000000E+00   
vpot v6                        5.00000000E-03  -1.1567316277E+02 +-    1.9463180413E+00   
vpot v8                        5.00000000E-03  -1.1567316277E+02 +-    1.9463180413E+00   
v coulomb                      5.00000000E-03   7.4933239408E-01 +-    2.6891572022E-03   
v external                     5.00000000E-03   0.0000000000E+00 +-    0.0000000000E+00   
tni 2pipr-anticomm             5.00000000E-03   0.0000000000E+00 +-    0.0000000000E+00   
tni vd1pr                      5.00000000E-03   0.0000000000E+00 +-    0.0000000000E+00   
tni vepr                       5.00000000E-03   0.0000000000E+00 +-    0.0000000000E+00   
tni central                    5.00000000E-03   0.0000000000E+00 +-    0.0000000000E+00   
tni 2pixx-anticommutator       5.00000000E-03   0.0000000000E+00 +-    0.0000000000E+00   
tni 2pixd-anticommutator       5.00000000E-03   0.0000000000E+00 +-    0.0000000000E+00   
tni 2pidd-anticommutator       5.00000000E-03   0.0000000000E+00 +-    0.0000000000E+00   
tni 2pixx-commutator           5.00000000E-03   0.0000000000E+00 +-    0.0000000000E+00   
tni 2pixd-commutator           5.00000000E-03   0.0000000000E+00 +-    0.0000000000E+00   
tni 2pidd-commutator           5.00000000E-03   0.0000000000E+00 +-    0.0000000000E+00   
tni 2pi-tm                     5.00000000E-03   0.0000000000E+00 +-    0.0000000000E+00   
tni vd1                        5.00000000E-03   0.0000000000E+00 +-    0.0000000000E+00   
tni vd2                        5.00000000E-03   0.0000000000E+00 +-    0.0000000000E+00   
tni ve                         5.00000000E-03   0.0000000000E+00 +-    0.0000000000E+00   
vpottot v8+tni                 5.00000000E-03  -1.1567316277E+02 +-    1.9463180413E+00   
enetot v8+tni                  5.00000000E-03  -2.5451893832E+01 +-    4.3855292271E-01   
vper cent                      5.00000000E-03   2.9937091821E+01 +-    1.7659108084E+00   
vper tau                       5.00000000E-03  -6.4006100969E+00 +-    2.5661488474E-01   
vper sigma                     5.00000000E-03  -1.1925252101E+01 +-    2.4648373223E-01   
vper sigtau                    5.00000000E-03  -6.3969520933E+01 +-    5.4003931113E-01   
vper tensor                    5.00000000E-03   5.5591338286E-01 +-    1.4100555615E-01   
vper tenstau                   5.00000000E-03  -6.3870784840E+01 +-    1.0955644701E+00   
vper ls                        5.00000000E-03   0.0000000000E+00 +-    0.0000000000E+00   
vper lstau                     5.00000000E-03   0.0000000000E+00 +-    0.0000000000E+00   
vpotper v6                     5.00000000E-03  -1.1567316277E+02 +-    1.9463180413E+00   
vpotper v8                     5.00000000E-03  -1.1567316277E+02 +-    1.9463180413E+00   
vpotv6pr-vpotv6per diff        5.00000000E-03   0.0000000000E+00 +-    0.0000000000E+00   
vpotv8pr-vpotv8per diff        5.00000000E-03   0.0000000000E+00 +-    0.0000000000E+00   
2piapr-2pia diff               5.00000000E-03   0.0000000000E+00 +-    0.0000000000E+00   
vd1pr-vd1 diff                 5.00000000E-03   0.0000000000E+00 +-    0.0000000000E+00   
vepr-ve diff                   5.00000000E-03   0.0000000000E+00 +-    0.0000000000E+00   
diff1 2piapr-2pia-2picxx       5.00000000E-03   0.0000000000E+00 +-    0.0000000000E+00   
diff2 vd1pr-vd1-2picxd         5.00000000E-03   0.0000000000E+00 +-    0.0000000000E+00   
diff3 vepr-ve-2picdd           5.00000000E-03   0.0000000000E+00 +-    0.0000000000E+00   
sum diff1+dif2+diff3           5.00000000E-03   0.0000000000E+00 +-    0.0000000000E+00   
proton rms                     5.00000000E-03   2.1161993919E+00 +-    1.2390337958E-02   
neutron rms                    5.00000000E-03   2.1077661526E+00 +-    1.2936945591E-02   
total rms                      5.00000000E-03   2.1116901080E+00 +-    1.1360118679E-02   
neutron-proton rms             5.00000000E-03  -8.4332393791E-03 +-    1.1162724345E-02   
GT sigXtau+                    5.00000000E-03   1.4208024319E-05 +-    2.4056738908E-05   
GT sigYtau+                    5.00000000E-03  -3.3329142468E-05 +-    2.1679971688E-05   
GT sigZtau+                    5.00000000E-03   2.9407234531E-05 +-    2.2875018780E-05   
GT sigXtau-                    5.00000000E-03  -1.8459708380E-04 +-    2.3254333382E-05   
GT sigYtau-                    5.00000000E-03   1.1005101225E-04 +-    2.2615313117E-05   
GT sigZtau-                    5.00000000E-03   4.6833251727E-05 +-    2.2667652255E-05   
F tau+                         5.00000000E-03   3.6928552005E-20 +-    4.0441541322E-20   
F tau-                         5.00000000E-03   1.9306989121E-19 +-    4.2615400027E-20   
Psi**2                         5.00000000E-03   2.8025791235E-05 +-    6.4963968642E-07   
single crossing/step           5.00000000E-03   7.9081558108E-03 +-    4.2321613378E-05   
global crossing/step           5.00000000E-03   7.7173007802E-03 +-    8.3623643502E-05   
energy numerator(real)         5.00000000E-03  -1.7414274164E+01 +-    8.3955635483E-01   
denominator psit/psigi(real)   5.00000000E-03   6.8171255467E-01 +-    1.2755132356E-02   
energy numerator(aimag)        5.00000000E-03   8.0091163416E-01 +-    5.9769915779E-01   
denominator psit/psigi(aimag)  5.00000000E-03   2.8375623099E-02 +-    8.4873842799E-03   
growth(lin dt) energy          5.00000000E-03  -2.1090171791E+02 +-    5.0106657502E+00   
growth(global) energy          5.00000000E-03  -2.1106188954E+02 +-    1.1417549633E+01
growth energy                  5.00000000E-03  -2.1075912220E+02 +-    4.9969980862E+00
Time for propagation (sec) (min) =          21.882      0.365
Time for energies (sec) (min) =              0.732      0.012
Time for load balancing (sec) (min) =        0.033      0.001
Time for block (sec) (min) =                23.270      0.388
Time for operators (sec) (min) =             0.017      0.000
Elapsed block time (sec) (min) =            44.992      0.750
 
 walkers multiplicity, block, total
   0          48561          86867
   1        1023500        1950601
   2          46665          87153
   3            308            486
   4             35             58
   5             17             26
   6              7             11
   7              4              6
   8              0              0
   9              0              1
  10              2              2
 
 

iteration =                               3
walker number =                       10549
total energy-propagated        7.50000000E-03  -3.0565509189E+01 +-    3.1964327931E-01   
kinetic energy                 7.50000000E-03   1.0259392804E+02 +-    1.3880770913E+00   
potential energy               7.50000000E-03  -1.3315943723E+02 +-    1.2972323287E+00   
im energy                      7.50000000E-03  -3.4071786461E+00 +-    2.5958859553E-01   
imkin energy                   7.50000000E-03  -3.9200784310E+00 +-    4.5544342939E-01   
impot energy                   7.50000000E-03   5.1289978489E-01 +-    4.6406451697E-01   
v cent                         7.50000000E-03   1.0976225393E+01 +-    9.0967934786E-01   
v tau                          7.50000000E-03  -6.3655220140E+00 +-    2.4763851437E-01   
v sigma                        7.50000000E-03  -1.3259488698E+01 +-    2.6881184171E-01   
v sigtau                       7.50000000E-03  -6.5919639397E+01 +-    4.6762175142E-01   
v tensor                       7.50000000E-03   1.2700345719E+00 +-    1.3154329310E-01   
v tenstau                      7.50000000E-03  -5.9861047083E+01 +-    9.6629640871E-01   
v ls                           7.50000000E-03   0.0000000000E+00 +-    0.0000000000E+00   
v lstau                        7.50000000E-03   0.0000000000E+00 +-    0.0000000000E+00   
vpot v6                        7.50000000E-03  -1.3315943723E+02 +-    1.2972323287E+00   
vpot v8                        7.50000000E-03  -1.3315943723E+02 +-    1.2972323287E+00   
v coulomb                      7.50000000E-03   7.9629137488E-01 +-    2.8464977446E-03   
v external                     7.50000000E-03   0.0000000000E+00 +-    0.0000000000E+00   
tni 2pipr-anticomm             7.50000000E-03   0.0000000000E+00 +-    0.0000000000E+00   
tni vd1pr                      7.50000000E-03   0.0000000000E+00 +-    0.0000000000E+00   
tni vepr                       7.50000000E-03   0.0000000000E+00 +-    0.0000000000E+00   
tni central                    7.50000000E-03   0.0000000000E+00 +-    0.0000000000E+00   
tni 2pixx-anticommutator       7.50000000E-03   0.0000000000E+00 +-    0.0000000000E+00   
tni 2pixd-anticommutator       7.50000000E-03   0.0000000000E+00 +-    0.0000000000E+00   
tni 2pidd-anticommutator       7.50000000E-03   0.0000000000E+00 +-    0.0000000000E+00   
tni 2pixx-commutator           7.50000000E-03   0.0000000000E+00 +-    0.0000000000E+00   
tni 2pixd-commutator           7.50000000E-03   0.0000000000E+00 +-    0.0000000000E+00   
tni 2pidd-commutator           7.50000000E-03   0.0000000000E+00 +-    0.0000000000E+00   
tni 2pi-tm                     7.50000000E-03   0.0000000000E+00 +-    0.0000000000E+00   
tni vd1                        7.50000000E-03   0.0000000000E+00 +-    0.0000000000E+00   
tni vd2                        7.50000000E-03   0.0000000000E+00 +-    0.0000000000E+00   
tni ve                         7.50000000E-03   0.0000000000E+00 +-    0.0000000000E+00   
vpottot v8+tni                 7.50000000E-03  -1.3315943723E+02 +-    1.2972323287E+00   
enetot v8+tni                  7.50000000E-03  -3.0565509189E+01 +-    3.1964327931E-01   
vper cent                      7.50000000E-03   1.0976225393E+01 +-    9.0967934786E-01   
vper tau                       7.50000000E-03  -6.3655220140E+00 +-    2.4763851437E-01   
vper sigma                     7.50000000E-03  -1.3259488698E+01 +-    2.6881184171E-01   
vper sigtau                    7.50000000E-03  -6.5919639397E+01 +-    4.6762175142E-01   
vper tensor                    7.50000000E-03   1.2700345719E+00 +-    1.3154329310E-01   
vper tenstau                   7.50000000E-03  -5.9861047083E+01 +-    9.6629640871E-01   
vper ls                        7.50000000E-03   0.0000000000E+00 +-    0.0000000000E+00   
vper lstau                     7.50000000E-03   0.0000000000E+00 +-    0.0000000000E+00   
vpotper v6                     7.50000000E-03  -1.3315943723E+02 +-    1.2972323287E+00   
vpotper v8                     7.50000000E-03  -1.3315943723E+02 +-    1.2972323287E+00   
vpotv6pr-vpotv6per diff        7.50000000E-03   0.0000000000E+00 +-    0.0000000000E+00   
vpotv8pr-vpotv8per diff        7.50000000E-03   0.0000000000E+00 +-    0.0000000000E+00   
2piapr-2pia diff               7.50000000E-03   0.0000000000E+00 +-    0.0000000000E+00   
vd1pr-vd1 diff                 7.50000000E-03   0.0000000000E+00 +-    0.0000000000E+00   
vepr-ve diff                   7.50000000E-03   0.0000000000E+00 +-    0.0000000000E+00   
diff1 2piapr-2pia-2picxx       7.50000000E-03   0.0000000000E+00 +-    0.0000000000E+00   
diff2 vd1pr-vd1-2picxd         7.50000000E-03   0.0000000000E+00 +-    0.0000000000E+00   
diff3 vepr-ve-2picdd           7.50000000E-03   0.0000000000E+00 +-    0.0000000000E+00   
sum diff1+dif2+diff3           7.50000000E-03   0.0000000000E+00 +-    0.0000000000E+00   
proton rms                     7.50000000E-03   2.0988438409E+00 +-    1.3844363649E-02   
neutron rms                    7.50000000E-03   2.0305994554E+00 +-    1.1475354256E-02   
total rms                      7.50000000E-03   2.0623608847E+00 +-    1.0910455756E-02   
neutron-proton rms             7.50000000E-03  -6.8244385513E-02 +-    1.0279265522E-02   
GT sigXtau+                    7.50000000E-03  -1.5656279130E-05 +-    2.4577245474E-05   
GT sigYtau+                    7.50000000E-03  -4.5978410109E-05 +-    2.4427777264E-05   
GT sigZtau+                    7.50000000E-03   3.5450313855E-05 +-    2.4316132854E-05   
GT sigXtau-                    7.50000000E-03  -7.1687403068E-05 +-    2.3401299054E-05   
GT sigYtau-                    7.50000000E-03  -8.4695419670E-05 +-    2.0965568689E-05   
GT sigZtau-                    7.50000000E-03  -1.3443625847E-04 +-    2.4078574258E-05   
F tau+                         7.50000000E-03   5.2451197562E-20 +-    4.0929321299E-20   
F tau-                         7.50000000E-03   8.7929644544E-20 +-    3.4289519223E-20   
Psi**2                         7.50000000E-03   2.4255366656E-05 +-    5.8066772657E-07   
single crossing/step           7.50000000E-03   7.3825441806E-03 +-    4.0989165157E-05   
global crossing/step           7.50000000E-03   7.2477325043E-03 +-    8.1231899568E-05   
energy numerator(real)         7.50000000E-03  -1.2274141712E+01 +-    7.8155569946E-01   
denominator psit/psigi(real)   7.50000000E-03   4.0416283266E-01 +-    1.3409523279E-02   
energy numerator(aimag)        7.50000000E-03  -2.0261899239E+00 +-    5.4109647289E-01   
denominator psit/psigi(aimag)  7.50000000E-03   4.0216690854E-02 +-    8.9321549398E-03   
growth(lin dt) energy          7.50000000E-03  -2.4124493278E+02 +-    5.5373514906E+00   
growth(global) energy          7.50000000E-03  -2.5940916863E+02 +-    1.2219840461E+01
growth energy                  7.50000000E-03  -2.4101001783E+02 +-    5.5180364944E+00
Time for propagation (sec) (min) =          21.797      0.363
Time for energies (sec) (min) =              0.742      0.012
Time for load balancing (sec) (min) =        0.033      0.001
Time for block (sec) (min) =                23.118      0.385
Time for operators (sec) (min) =             0.028      0.000
Elapsed block time (sec) (min) =            68.138      1.136
 
 walkers multiplicity, block, total
   0          50899         137766
   1        1013363        2963964
   2          49704         136857
   3            393            879
   4             70            128
   5             28             54
   6             15             26
   7              7             13
   8              5              5
   9              2              3
  10              0              2
  11              1              1
  12              1              1
  13              1              1
  15              1              1
  16              1              1
 
 

iteration =                               4
walker number =                       10539
total energy-propagated        1.00000000E-02  -2.5620064304E+01 +-    3.4245824005E-01   
kinetic energy                 1.00000000E-02   1.0661557545E+02 +-    1.6612135785E+00   
potential energy               1.00000000E-02  -1.3223563975E+02 +-    1.7753457021E+00   
im energy                      1.00000000E-02   2.6467785390E+00 +-    3.2249948590E-01   
imkin energy                   1.00000000E-02  -6.7244975910E+00 +-    5.9801007660E-01   
impot energy                   1.00000000E-02   9.3712761300E+00 +-    5.3139108935E-01   
v cent                         1.00000000E-02  -1.5379109848E+00 +-    1.5003446720E+00   
v tau                          1.00000000E-02  -6.9291743984E+00 +-    2.0796866582E-01   
v sigma                        1.00000000E-02  -7.0500533239E+00 +-    2.1102641376E-01   
v sigtau                       1.00000000E-02  -5.2261414673E+01 +-    3.8688400366E-01   
v tensor                       1.00000000E-02  -7.7523304238E-01 +-    1.8996360910E-01   
v tenstau                      1.00000000E-02  -6.3681853328E+01 +-    1.1025865947E+00   
v ls                           1.00000000E-02   0.0000000000E+00 +-    0.0000000000E+00   
v lstau                        1.00000000E-02   0.0000000000E+00 +-    0.0000000000E+00   
vpot v6                        1.00000000E-02  -1.3223563975E+02 +-    1.7753457021E+00   
vpot v8                        1.00000000E-02  -1.3223563975E+02 +-    1.7753457021E+00   
v coulomb                      1.00000000E-02   7.9669453153E-01 +-    1.9994052727E-03   
v external                     1.00000000E-02   0.0000000000E+00 +-    0.0000000000E+00   
tni 2pipr-anticomm             1.00000000E-02   0.0000000000E+00 +-    0.0000000000E+00   
tni vd1pr                      1.00000000E-02   0.0000000000E+00 +-    0.0000000000E+00   
tni vepr                       1.00000000E-02   0.0000000000E+00 +-    0.0000000000E+00   
tni central                    1.00000000E-02   0.0000000000E+00 +-    0.0000000000E+00   
tni 2pixx-anticommutator       1.00000000E-02   0.0000000000E+00 +-    0.0000000000E+00   
tni 2pixd-anticommutator       1.00000000E-02   0.0000000000E+00 +-    0.0000000000E+00   
tni 2pidd-anticommutator       1.00000000E-02   0.0000000000E+00 +-    0.0000000000E+00   
tni 2pixx-commutator           1.00000000E-02   0.0000000000E+00 +-    0.0000000000E+00   
tni 2pixd-commutator           1.00000000E-02   0.0000000000E+00 +-    0.0000000000E+00   
tni 2pidd-commutator           1.00000000E-02   0.0000000000E+00 +-    0.0000000000E+00   
tni 2pi-tm                     1.00000000E-02   0.0000000000E+00 +-    0.0000000000E+00   
tni vd1                        1.00000000E-02   0.0000000000E+00 +-    0.0000000000E+00   
tni vd2                        1.00000000E-02   0.0000000000E+00 +-    0.0000000000E+00   
tni ve                         1.00000000E-02   0.0000000000E+00 +-    0.0000000000E+00   
vpottot v8+tni                 1.00000000E-02  -1.3223563975E+02 +-    1.7753457021E+00   
enetot v8+tni                  1.00000000E-02  -2.5620064304E+01 +-    3.4245824005E-01   
vper cent                      1.00000000E-02  -1.5379109848E+00 +-    1.5003446720E+00   
vper tau                       1.00000000E-02  -6.9291743984E+00 +-    2.0796866582E-01   
vper sigma                     1.00000000E-02  -7.0500533239E+00 +-    2.1102641376E-01   
vper sigtau                    1.00000000E-02  -5.2261414673E+01 +-    3.8688400366E-01   
vper tensor                    1.00000000E-02  -7.7523304238E-01 +-    1.8996360910E-01   
vper tenstau                   1.00000000E-02  -6.3681853328E+01 +-    1.1025865947E+00   
vper ls                        1.00000000E-02   0.0000000000E+00 +-    0.0000000000E+00   
vper lstau                     1.00000000E-02   0.0000000000E+00 +-    0.0000000000E+00   
vpotper v6                     1.00000000E-02  -1.3223563975E+02 +-    1.7753457021E+00   
vpotper v8                     1.00000000E-02  -1.3223563975E+02 +-    1.7753457021E+00   
vpotv6pr-vpotv6per diff        1.00000000E-02   0.0000000000E+00 +-    0.0000000000E+00   
vpotv8pr-vpotv8per diff        1.00000000E-02   0.0000000000E+00 +-    0.0000000000E+00   
2piapr-2pia diff               1.00000000E-02   0.0000000000E+00 +-    0.0000000000E+00   
vd1pr-vd1 diff                 1.00000000E-02   0.0000000000E+00 +-    0.0000000000E+00   
vepr-ve diff                   1.00000000E-02   0.0000000000E+00 +-    0.0000000000E+00   
diff1 2piapr-2pia-2picxx       1.00000000E-02   0.0000000000E+00 +-    0.0000000000E+00   
diff2 vd1pr-vd1-2picxd         1.00000000E-02   0.0000000000E+00 +-    0.0000000000E+00   
diff3 vepr-ve-2picdd           1.00000000E-02   0.0000000000E+00 +-    0.0000000000E+00   
sum diff1+dif2+diff3           1.00000000E-02   0.0000000000E+00 +-    0.0000000000E+00   
proton rms                     1.00000000E-02   2.1380367197E+00 +-    1.3107240125E-02   
neutron rms                    1.00000000E-02   2.3134045137E+00 +-    1.1062678732E-02   
total rms                      1.00000000E-02   2.2264790823E+00 +-    1.0789519704E-02   
neutron-proton rms             1.00000000E-02   1.7536779402E-01 +-    1.1295605658E-02   
GT sigXtau+                    1.00000000E-02   2.6692038662E-04 +-    1.6742057352E-05   
GT sigYtau+                    1.00000000E-02   8.2539238155E-05 +-    1.5876546188E-05   
GT sigZtau+                    1.00000000E-02   1.5166982928E-04 +-    1.7540837184E-05   
GT sigXtau-                    1.00000000E-02   2.3489016265E-04 +-    1.6481292893E-05   
GT sigYtau-                    1.00000000E-02  -2.5324526689E-04 +-    1.6031269926E-05   
GT sigZtau-                    1.00000000E-02  -4.0065694469E-04 +-    2.2953894028E-05   
F tau+                         1.00000000E-02   2.5057766935E-20 +-    3.0720665768E-20   
F tau-                         1.00000000E-02   2.1997269275E-19 +-    3.6160109531E-20   
Psi**2                         1.00000000E-02   2.2764625762E-05 +-    6.3933690460E-07   
single crossing/step           1.00000000E-02   7.2380952381E-03 +-    4.0365970984E-05   
global crossing/step           1.00000000E-02   7.0893424036E-03 +-    7.9904044653E-05   
energy numerator(real)         1.00000000E-02  -5.6836089462E+00 +-    8.4226910038E-01   
denominator psit/psigi(real)   1.00000000E-02   2.1752238314E-01 +-    1.3575159356E-02   
energy numerator(aimag)        1.00000000E-02   1.7300035348E-01 +-    5.5955763124E-01   
denominator psit/psigi(aimag)  1.00000000E-02   2.7462587631E-02 +-    8.9783675326E-03   
growth(lin dt) energy          1.00000000E-02  -2.3888669276E+02 +-    5.5287336161E+00   
growth(global) energy          1.00000000E-02  -2.4905999975E+02 +-    1.1761350957E+01
growth energy                  1.00000000E-02  -2.3865977251E+02 +-    5.5097729726E+00
Time for propagation (sec) (min) =          22.045      0.367
Time for energies (sec) (min) =              0.742      0.012
Time for load balancing (sec) (min) =        0.029      0.000
Time for block (sec) (min) =                23.399      0.390
Time for operators (sec) (min) =             0.019      0.000
Elapsed block time (sec) (min) =            91.565      1.526
 
 walkers multiplicity, block, total
   0          53259         191025
   1        1020764        3984728
   2          52078         188935
   3            381           1260
   4             68            196
   5             26             80
   6              6             32
   7              1             14
   8              1              6
   9              3              6
  10              0              2
  11              0              1
  12              0              1
  13              0              1
  15              0              1
  16              1              2
  20              1              1
 
 

iteration =                               5
walker number =                       11884
total energy-propagated        1.25000000E-02  -1.3924149200E+01 +-    2.9385437434E-01   
kinetic energy                 1.25000000E-02   1.2893601702E+02 +-    1.3147293837E+00   
potential energy               1.25000000E-02  -1.4286016622E+02 +-    1.5938677948E+00   
im energy                      1.25000000E-02  -2.1753191845E+00 +-    1.3997606596E-01   
imkin energy                   1.25000000E-02  -1.0005264646E+01 +-    5.6903699755E-01   
impot energy                   1.25000000E-02   7.8299454617E+00 +-    6.3904956924E-01   
v cent                         1.25000000E-02   1.6545498211E+01 +-    1.4212820125E+00   
v tau                          1.25000000E-02  -9.5269773957E+00 +-    2.5233692960E-01   
v sigma                        1.25000000E-02  -9.2447492221E+00 +-    1.4106045217E-01   
v sigtau                       1.25000000E-02  -6.6490182439E+01 +-    3.3456991174E-01   
v tensor                       1.25000000E-02   2.9878209483E+00 +-    1.1564039869E-01   
v tenstau                      1.25000000E-02  -7.7131576327E+01 +-    8.5105651223E-01   
v ls                           1.25000000E-02   0.0000000000E+00 +-    0.0000000000E+00   
v lstau                        1.25000000E-02   0.0000000000E+00 +-    0.0000000000E+00   
vpot v6                        1.25000000E-02  -1.4286016622E+02 +-    1.5938677948E+00   
vpot v8                        1.25000000E-02  -1.4286016622E+02 +-    1.5938677948E+00   
v coulomb                      1.25000000E-02   7.4938585273E-01 +-    2.6605558715E-03   
v external                     1.25000000E-02   0.0000000000E+00 +-    0.0000000000E+00   
tni 2pipr-anticomm             1.25000000E-02   0.0000000000E+00 +-    0.0000000000E+00   
tni vd1pr                      1.25000000E-02   0.0000000000E+00 +-    0.0000000000E+00   
tni vepr                       1.25000000E-02   0.0000000000E+00 +-    0.0000000000E+00   
tni central                    1.25000000E-02   0.0000000000E+00 +-    0.0000000000E+00   
tni 2pixx-anticommutator       1.25000000E-02   0.0000000000E+00 +-    0.0000000000E+00   
tni 2pixd-anticommutator       1.25000000E-02   0.0000000000E+00 +-    0.0000000000E+00   
tni 2pidd-anticommutator       1.25000000E-02   0.0000000000E+00 +-    0.0000000000E+00   
tni 2pixx-commutator           1.25000000E-02   0.0000000000E+00 +-    0.0000000000E+00   
tni 2pixd-commutator           1.25000000E-02   0.0000000000E+00 +-    0.0000000000E+00   
tni 2pidd-commutator           1.25000000E-02   0.0000000000E+00 +-    0.0000000000E+00   
tni 2pi-tm                     1.25000000E-02   0.0000000000E+00 +-    0.0000000000E+00   
tni vd1                        1.25000000E-02   0.0000000000E+00 +-    0.0000000000E+00   
tni vd2                        1.25000000E-02   0.0000000000E+00 +-    0.0000000000E+00   
tni ve                         1.25000000E-02   0.0000000000E+00 +-    0.0000000000E+00   
vpottot v8+tni                 1.25000000E-02  -1.4286016622E+02 +-    1.5938677948E+00   
enetot v8+tni                  1.25000000E-02  -1.3924149200E+01 +-    2.9385437434E-01   
vper cent                      1.25000000E-02   1.6545498211E+01 +-    1.4212820125E+00   
vper tau                       1.25000000E-02  -9.5269773957E+00 +-    2.5233692960E-01   
vper sigma                     1.25000000E-02  -9.2447492221E+00 +-    1.4106045217E-01   
vper sigtau                    1.25000000E-02  -6.6490182439E+01 +-    3.3456991174E-01   
vper tensor                    1.25000000E-02   2.9878209483E+00 +-    1.1564039869E-01   
vper tenstau                   1.25000000E-02  -7.7131576327E+01 +-    8.5105651223E-01   
vper ls                        1.25000000E-02   0.0000000000E+00 +-    0.0000000000E+00   
vper lstau                     1.25000000E-02   0.0000000000E+00 +-    0.0000000000E+00   
vpotper v6                     1.25000000E-02  -1.4286016622E+02 +-    1.5938677948E+00   
vpotper v8                     1.25000000E-02  -1.4286016622E+02 +-    1.5938677948E+00   
vpotv6pr-vpotv6per diff        1.25000000E-02   0.0000000000E+00 +-    0.0000000000E+00   
vpotv8pr-vpotv8per diff        1.25000000E-02   0.0000000000E+00 +-    0.0000000000E+00   
2piapr-2pia diff               1.25000000E-02   0.0000000000E+00 +-    0.0000000000E+00   
vd1pr-vd1 diff                 1.25000000E-02   0.0000000000E+00 +-    0.0000000000E+00   
vepr-ve diff                   1.25000000E-02   0.0000000000E+00 +-    0.0000000000E+00   
diff1 2piapr-2pia-2picxx       1.25000000E-02   0.0000000000E+00 +-    0.0000000000E+00   
diff2 vd1pr-vd1-2picxd         1.25000000E-02   0.0000000000E+00 +-    0.0000000000E+00   
diff3 vepr-ve-2picdd           1.25000000E-02   0.0000000000E+00 +-    0.0000000000E+00   
sum diff1+dif2+diff3           1.25000000E-02   0.0000000000E+00 +-    0.0000000000E+00   
proton rms                     1.25000000E-02   1.9080525492E+00 +-    1.1156483328E-02   
neutron rms                    1.25000000E-02   2.1570266077E+00 +-    1.2640187478E-02   
total rms                      1.25000000E-02   2.0311530303E+00 +-    1.1074306410E-02   
neutron-proton rms             1.25000000E-02   2.4897405848E-01 +-    8.6468925897E-03   
GT sigXtau+                    1.25000000E-02   2.6012428886E-04 +-    2.1690962280E-05   
GT sigYtau+                    1.25000000E-02  -7.0174023564E-04 +-    2.0064865609E-05   
GT sigZtau+                    1.25000000E-02  -3.1693163824E-04 +-    2.5618300467E-05   
GT sigXtau-                    1.25000000E-02   3.2730834991E-04 +-    2.3757524409E-05   
GT sigYtau-                    1.25000000E-02  -2.7104594300E-05 +-    2.5968252087E-05   
GT sigZtau-                    1.25000000E-02   2.5348370695E-04 +-    2.6542143864E-05   
F tau+                         1.25000000E-02  -4.4330828313E-20 +-    4.4964841552E-20   
F tau-                         1.25000000E-02   1.9386699592E-19 +-    6.7753879608E-20   
Psi**2                         1.25000000E-02   3.2155554279E-05 +-    6.4518299348E-07   
single crossing/step           1.25000000E-02   7.7309656443E-03 +-    4.1601030003E-05   
global crossing/step           1.25000000E-02   7.6190665267E-03 +-    8.2602383070E-05   
energy numerator(real)         1.25000000E-02  -1.8564010822E+00 +-    8.4293681800E-01   
denominator psit/psigi(real)   1.25000000E-02   1.3166587590E-01 +-    1.3029374101E-02   
energy numerator(aimag)        1.25000000E-02  -5.3906661428E-02 +-    5.6626651098E-01   
denominator psit/psigi(aimag)  1.25000000E-02  -1.2959092682E-02 +-    8.6532794604E-03   
growth(lin dt) energy          1.25000000E-02  -2.5497490663E+02 +-    5.7138938183E+00   
growth(global) energy          1.25000000E-02  -2.2834504544E+02 +-    1.2603818463E+01
growth energy                  1.25000000E-02  -2.5469070375E+02 +-    5.6920035416E+00
Time for propagation (sec) (min) =          22.164      0.369
Time for energies (sec) (min) =              0.837      0.014
Time for load balancing (sec) (min) =        0.030      0.001
Time for block (sec) (min) =                23.640      0.394
Time for operators (sec) (min) =             0.023      0.000
Elapsed block time (sec) (min) =           115.228      1.920
 
 walkers multiplicity, block, total
   0          53166         244191
   1        1013291        4998019
   2          53200         242135
   3            408           1668
   4             74            270
   5             24            104
   6             10             42
   7              4             18
   8              4             10
   9              0              6
  10              2              4
  11              0              1
  12              1              2
  13              0              1
  14              1              1
  15              1              2
  16              0              2
  20              1              2
 
 

iteration =                               6
walker number =                       10003
total energy-propagated        1.50000000E-02   1.8472107956E+01 +-    4.5615744837E-01   
kinetic energy                 1.50000000E-02   3.8552539070E+02 +-    4.6806771461E+00   
potential energy               1.50000000E-02  -3.6705328275E+02 +-    4.2935861711E+00   
im energy                      1.50000000E-02  -1.0846142647E+01 +-    6.1884948729E-01   
imkin energy                   1.50000000E-02  -3.9929415249E+01 +-    1.7123282901E+00   
impot energy                   1.50000000E-02   2.9083272602E+01 +-    1.5923186299E+00   
v cent                         1.50000000E-02  -9.8130002392E+01 +-    3.9807985401E+00   
v tau                          1.50000000E-02  -1.4094278031E+01 +-    3.8609822563E-01   
v sigma                        1.50000000E-02   2.8490060309E+01 +-    4.6956961408E-01   
v sigtau                       1.50000000E-02  -5.9944218194E+01 +-    2.9784684675E-01   
v tensor                       1.50000000E-02  -6.4570757578E-01 +-    5.5360063846E-01   
v tenstau                      1.50000000E-02  -2.2272913686E+02 +-    2.4402552090E+00   
v ls                           1.50000000E-02   0.0000000000E+00 +-    0.0000000000E+00   
v lstau                        1.50000000E-02   0.0000000000E+00 +-    0.0000000000E+00   
vpot v6                        1.50000000E-02  -3.6705328275E+02 +-    4.2935861711E+00   
vpot v8                        1.50000000E-02  -3.6705328275E+02 +-    4.2935861711E+00   
v coulomb                      1.50000000E-02   5.8735681626E-01 +-    4.7481821989E-03   
v external                     1.50000000E-02   0.0000000000E+00 +-    0.0000000000E+00   
tni 2pipr-anticomm             1.50000000E-02   0.0000000000E+00 +-    0.0000000000E+00   
tni vd1pr                      1.50000000E-02   0.0000000000E+00 +-    0.0000000000E+00   
tni vepr                       1.50000000E-02   0.0000000000E+00 +-    0.0000000000E+00   
tni central                    1.50000000E-02   0.0000000000E+00 +-    0.0000000000E+00   
tni 2pixx-anticommutator       1.50000000E-02   0.0000000000E+00 +-    0.0000000000E+00   
tni 2pixd-anticommutator       1.50000000E-02   0.0000000000E+00 +-    0.0000000000E+00   
tni 2pidd-anticommutator       1.50000000E-02   0.0000000000E+00 +-    0.0000000000E+00   
tni 2pixx-commutator           1.50000000E-02   0.0000000000E+00 +-    0.0000000000E+00   
tni 2pixd-commutator           1.50000000E-02   0.0000000000E+00 +-    0.0000000000E+00   
tni 2pidd-commutator           1.50000000E-02   0.0000000000E+00 +-    0.0000000000E+00   
tni 2pi-tm                     1.50000000E-02   0.0000000000E+00 +-    0.0000000000E+00   
tni vd1                        1.50000000E-02   0.0000000000E+00 +-    0.0000000000E+00   
tni vd2                        1.50000000E-02   0.0000000000E+00 +-    0.0000000000E+00   
tni ve                         1.50000000E-02   0.0000000000E+00 +-    0.0000000000E+00   
vpottot v8+tni                 1.50000000E-02  -3.6705328275E+02 +-    4.2935861711E+00   
enetot v8+tni                  1.50000000E-02   1.8472107956E+01 +-    4.5615744837E-01   
vper cent                      1.50000000E-02  -9.8130002392E+01 +-    3.9807985401E+00   
vper tau                       1.50000000E-02  -1.4094278031E+01 +-    3.8609822563E-01   
vper sigma                     1.50000000E-02   2.8490060309E+01 +-    4.6956961408E-01   
vper sigtau                    1.50000000E-02  -5.9944218194E+01 +-    2.9784684675E-01   
vper tensor                    1.50000000E-02  -6.4570757578E-01 +-    5.5360063846E-01   
vper tenstau                   1.50000000E-02  -2.2272913686E+02 +-    2.4402552090E+00   
vper ls                        1.50000000E-02   0.0000000000E+00 +-    0.0000000000E+00   
vper lstau                     1.50000000E-02   0.0000000000E+00 +-    0.0000000000E+00   
vpotper v6                     1.50000000E-02  -3.6705328275E+02 +-    4.2935861711E+00   
vpotper v8                     1.50000000E-02  -3.6705328275E+02 +-    4.2935861711E+00   
vpotv6pr-vpotv6per diff        1.50000000E-02   0.0000000000E+00 +-    0.0000000000E+00   
vpotv8pr-vpotv8per diff        1.50000000E-02   0.0000000000E+00 +-    0.0000000000E+00   
2piapr-2pia diff               1.50000000E-02   0.0000000000E+00 +-    0.0000000000E+00   
vd1pr-vd1 diff                 1.50000000E-02   0.0000000000E+00 +-    0.0000000000E+00   
vepr-ve diff                   1.50000000E-02   0.0000000000E+00 +-    0.0000000000E+00   
diff1 2piapr-2pia-2picxx       1.50000000E-02   0.0000000000E+00 +-    0.0000000000E+00   
diff2 vd1pr-vd1-2picxd         1.50000000E-02   0.0000000000E+00 +-    0.0000000000E+00   
diff3 vepr-ve-2picdd           1.50000000E-02   0.0000000000E+00 +-    0.0000000000E+00   
sum diff1+dif2+diff3           1.50000000E-02   0.0000000000E+00 +-    0.0000000000E+00   
proton rms                     1.50000000E-02   1.5940982261E+00 +-    1.7230363622E-02   
neutron rms                    1.50000000E-02   8.9503275648E-01 +-    1.2560586737E-02   
total rms                      1.50000000E-02   1.2394612547E+00 +-    1.3761339096E-02   
neutron-proton rms             1.50000000E-02  -6.9906546959E-01 +-    1.1275063257E-02   
GT sigXtau+                    1.50000000E-02  -1.4655828718E-03 +-    4.1506630797E-05   
GT sigYtau+                    1.50000000E-02   1.6756199268E-03 +-    5.5087825528E-05   
GT sigZtau+                    1.50000000E-02  -2.2980065607E-04 +-    4.4395316808E-05   
GT sigXtau-                    1.50000000E-02  -1.3311594538E-03 +-    2.9157874881E-05   
GT sigYtau-                    1.50000000E-02   8.9486516659E-05 +-    5.3211828567E-05   
GT sigZtau-                    1.50000000E-02  -2.1177425107E-03 +-    5.0330059717E-05   
F tau+                         1.50000000E-02  -9.2945701679E-19 +-    7.6628834932E-20   
F tau-                         1.50000000E-02  -1.3800582757E-18 +-    5.9239371653E-20   
Psi**2                         1.50000000E-02   7.6292636155E-05 +-    7.6930097981E-07   
single crossing/step           1.50000000E-02   7.8363106088E-03 +-    4.2089579825E-05   
global crossing/step           1.50000000E-02   7.6503827926E-03 +-    8.3182321504E-05   
energy numerator(real)         1.50000000E-02   8.0518494684E-01 +-    9.6644501979E-01   
denominator psit/psigi(real)   1.50000000E-02   4.1900143765E-02 +-    1.3959803632E-02   
energy numerator(aimag)        1.50000000E-02   4.6536684228E-01 +-    6.5810463687E-01   
denominator psit/psigi(aimag)  1.50000000E-02   2.7743884963E-02 +-    9.2039925208E-03   
growth(lin dt) energy          1.50000000E-02  -2.6483398911E+02 +-    5.7296237630E+00   
growth(global) energy          1.50000000E-02  -2.5713858967E+02 +-    1.2537693148E+01
growth energy                  1.50000000E-02  -2.6451150860E+02 +-    5.7062710296E+00
Time for propagation (sec) (min) =          21.950      0.366
Time for energies (sec) (min) =              0.705      0.012
Time for load balancing (sec) (min) =        0.028      0.000
Time for block (sec) (min) =                23.226      0.387
Time for operators (sec) (min) =             0.022      0.000
Elapsed block time (sec) (min) =           138.486      2.308
 
 walkers multiplicity, block, total
   0          57181         301372
   1        1021567        6019586
   2          53943         296078
   3            453           2121
   4             75            345
   5             29            133
   6              9             51
   7              3             21
   8              3             13
   9              2              8
  10              0              4
  11              1              2
  12              0              2
  13              0              1
  14              0              1
  15              0              2
  16              0              2
  20              0              2
 
 

iteration =                               7
walker number =                       11344
total energy-propagated        1.75000000E-02  -5.0404359559E+00 +-    8.0827811333E-01   
kinetic energy                 1.75000000E-02   2.7770454354E+02 +-    2.6661230561E+00   
potential energy               1.75000000E-02  -2.8274497950E+02 +-    2.5002997652E+00   
im energy                      1.75000000E-02  -1.3335379019E+01 +-    6.9325275869E-01   
imkin energy                   1.75000000E-02   4.0707425792E+00 +-    8.6215974134E-01   
impot energy                   1.75000000E-02  -1.7406121598E+01 +-    1.0029215662E+00   
v cent                         1.75000000E-02   4.6174861206E+01 +-    3.0562322568E+00   
v tau                          1.75000000E-02  -2.0837507159E-01 +-    6.3067282106E-01   
v sigma                        1.75000000E-02  -2.1116624136E+01 +-    6.9281119229E-01   
v sigtau                       1.75000000E-02  -1.7150146464E+02 +-    7.2196731247E-01   
v tensor                       1.75000000E-02  -7.8993900970E+00 +-    3.5367943731E-01   
v tenstau                      1.75000000E-02  -1.2819398676E+02 +-    1.9301127216E+00   
v ls                           1.75000000E-02   0.0000000000E+00 +-    0.0000000000E+00   
v lstau                        1.75000000E-02   0.0000000000E+00 +-    0.0000000000E+00   
vpot v6                        1.75000000E-02  -2.8274497950E+02 +-    2.5002997652E+00   
vpot v8                        1.75000000E-02  -2.8274497950E+02 +-    2.5002997652E+00   
v coulomb                      1.75000000E-02   7.2644657673E-01 +-    5.6970999080E-03   
v external                     1.75000000E-02   0.0000000000E+00 +-    0.0000000000E+00   
tni 2pipr-anticomm             1.75000000E-02   0.0000000000E+00 +-    0.0000000000E+00   
tni vd1pr                      1.75000000E-02   0.0000000000E+00 +-    0.0000000000E+00   
tni vepr                       1.75000000E-02   0.0000000000E+00 +-    0.0000000000E+00   
tni central                    1.75000000E-02   0.0000000000E+00 +-    0.0000000000E+00   
tni 2pixx-anticommutator       1.75000000E-02   0.0000000000E+00 +-    0.0000000000E+00   
tni 2pixd-anticommutator       1.75000000E-02   0.0000000000E+00 +-    0.0000000000E+00   
tni 2pidd-anticommutator       1.75000000E-02   0.0000000000E+00 +-    0.0000000000E+00   
tni 2pixx-commutator           1.75000000E-02   0.0000000000E+00 +-    0.0000000000E+00   
tni 2pixd-commutator           1.75000000E-02   0.0000000000E+00 +-    0.0000000000E+00   
tni 2pidd-commutator           1.75000000E-02   0.0000000000E+00 +-    0.0000000000E+00   
tni 2pi-tm                     1.75000000E-02   0.0000000000E+00 +-    0.0000000000E+00   
tni vd1                        1.75000000E-02   0.0000000000E+00 +-    0.0000000000E+00   
tni vd2                        1.75000000E-02   0.0000000000E+00 +-    0.0000000000E+00   
tni ve                         1.75000000E-02   0.0000000000E+00 +-    0.0000000000E+00   
vpottot v8+tni                 1.75000000E-02  -2.8274497950E+02 +-    2.5002997652E+00   
enetot v8+tni                  1.75000000E-02  -5.0404359559E+00 +-    8.0827811333E-01   
vper cent                      1.75000000E-02   4.6174861206E+01 +-    3.0562322568E+00   
vper tau                       1.75000000E-02  -2.0837507159E-01 +-    6.3067282106E-01   
vper sigma                     1.75000000E-02  -2.1116624136E+01 +-    6.9281119229E-01   
vper sigtau                    1.75000000E-02  -1.7150146464E+02 +-    7.2196731247E-01   
vper tensor                    1.75000000E-02  -7.8993900970E+00 +-    3.5367943731E-01   
vper tenstau                   1.75000000E-02  -1.2819398676E+02 +-    1.9301127216E+00   
vper ls                        1.75000000E-02   0.0000000000E+00 +-    0.0000000000E+00   
vper lstau                     1.75000000E-02   0.0000000000E+00 +-    0.0000000000E+00   
vpotper v6                     1.75000000E-02  -2.8274497950E+02 +-    2.5002997652E+00   
vpotper v8                     1.75000000E-02  -2.8274497950E+02 +-    2.5002997652E+00   
vpotv6pr-vpotv6per diff        1.75000000E-02   0.0000000000E+00 +-    0.0000000000E+00   
vpotv8pr-vpotv8per diff        1.75000000E-02   0.0000000000E+00 +-    0.0000000000E+00   
2piapr-2pia diff               1.75000000E-02   0.0000000000E+00 +-    0.0000000000E+00   
vd1pr-vd1 diff                 1.75000000E-02   0.0000000000E+00 +-    0.0000000000E+00   
vepr-ve diff                   1.75000000E-02   0.0000000000E+00 +-    0.0000000000E+00   
diff1 2piapr-2pia-2picxx       1.75000000E-02   0.0000000000E+00 +-    0.0000000000E+00   
diff2 vd1pr-vd1-2picxd         1.75000000E-02   0.0000000000E+00 +-    0.0000000000E+00   
diff3 vepr-ve-2picdd           1.75000000E-02   0.0000000000E+00 +-    0.0000000000E+00   
sum diff1+dif2+diff3           1.75000000E-02   0.0000000000E+00 +-    0.0000000000E+00   
proton rms                     1.75000000E-02   6.1737886717E-01 +-    1.8340413261E-02   
neutron rms                    1.75000000E-02   4.2106494153E-01 +-    1.0755879128E-02   
total rms                      1.75000000E-02   4.8976318976E-01 +-    1.4224842210E-02   
neutron-proton rms             1.75000000E-02  -1.9631392564E-01 +-    1.3784434207E-02   
GT sigXtau+                    1.75000000E-02   2.5145731197E-04 +-    4.2311410900E-05   
GT sigYtau+                    1.75000000E-02  -6.1748989787E-04 +-    5.1819900489E-05   
GT sigZtau+                    1.75000000E-02   4.5858624269E-04 +-    6.1602419682E-05   
GT sigXtau-                    1.75000000E-02  -1.9403753938E-03 +-    3.8327997174E-05   
GT sigYtau-                    1.75000000E-02  -5.9512784257E-04 +-    4.8771237431E-05   
GT sigZtau-                    1.75000000E-02  -9.7575037671E-04 +-    5.2675101426E-05   
F tau+                         1.75000000E-02   3.5349662967E-19 +-    8.1763273430E-20   
F tau-                         1.75000000E-02  -4.0186206581E-18 +-    7.5405070437E-20   
Psi**2                         1.75000000E-02   7.1693958777E-05 +-    5.3680224953E-07   
single crossing/step           1.75000000E-02   8.4900065212E-03 +-    4.4058172102E-05   
global crossing/step           1.75000000E-02   8.2847779427E-03 +-    8.7053820744E-05   
energy numerator(real)         1.75000000E-02   1.6148967320E-01 +-    9.4687006512E-01   
denominator psit/psigi(real)   1.75000000E-02   5.0598981838E-02 +-    1.3408787045E-02   
energy numerator(aimag)        1.75000000E-02  -2.0398985900E+00 +-    6.3626052101E-01   
denominator psit/psigi(aimag)  1.75000000E-02   1.0610058313E-02 +-    8.5654250373E-03   
growth(lin dt) energy          1.75000000E-02  -2.9410792485E+02 +-    6.1936382177E+00   
growth(global) energy          1.75000000E-02  -3.0379127273E+02 +-    1.1987667188E+01
growth energy                  1.75000000E-02  -2.9365758837E+02 +-    6.1638660260E+00
Time for propagation (sec) (min) =          21.693      0.362
Time for energies (sec) (min) =              0.799      0.013
Time for load balancing (sec) (min) =        0.028      0.000
Time for block (sec) (min) =                23.104      0.385
Time for operators (sec) (min) =             0.018      0.000
Elapsed block time (sec) (min) =           161.609      2.693
 
 walkers multiplicity, block, total
   0          56114         357486
   1         995679        7015265
   2          55740         351818
   3            498           2619
   4            100            445
   5             41            174
   6             11             62
   7              8             29
   8              4             17
   9              5             13
  10              0              4
  11              2              4
  12              0              2
  13              1              2
  14              0              1
  15              1              3
  16              0              2
  20              2              4
 
 

iteration =                               8
walker number =                       10053
total energy-propagated        2.00000000E-02  -1.6376317487E+01 +-    1.2171986561E+00   
kinetic energy                 2.00000000E-02   2.2735694231E+02 +-    4.2116134012E+00   
potential energy               2.00000000E-02  -2.4373325980E+02 +-    3.6507324840E+00   
im energy                      2.00000000E-02  -1.8289798041E+01 +-    1.1820549990E+00   
imkin energy                   2.00000000E-02  -1.9197714546E+01 +-    8.6358733103E-01   
impot energy                   2.00000000E-02   9.0791650526E-01 +-    1.2263819960E+00   
v cent                         2.00000000E-02   3.8174039098E+01 +-    3.7492733283E+00   
v tau                          2.00000000E-02   9.9485145454E-01 +-    6.5622216091E-01   
v sigma                        2.00000000E-02  -4.7773243715E+01 +-    5.1741359241E-01   
v sigtau                       2.00000000E-02  -1.5457756676E+02 +-    5.4750435837E-01   
v tensor                       2.00000000E-02   8.7682526622E+00 +-    4.9296406920E-01   
v tenstau                      2.00000000E-02  -8.9319592538E+01 +-    2.3737418886E+00   
v ls                           2.00000000E-02   0.0000000000E+00 +-    0.0000000000E+00   
v lstau                        2.00000000E-02   0.0000000000E+00 +-    0.0000000000E+00   
vpot v6                        2.00000000E-02  -2.4373325980E+02 +-    3.6507324840E+00   
vpot v8                        2.00000000E-02  -2.4373325980E+02 +-    3.6507324840E+00   
v coulomb                      2.00000000E-02   1.2365136739E+00 +-    6.8687151566E-03   
v external                     2.00000000E-02   0.0000000000E+00 +-    0.0000000000E+00   
tni 2pipr-anticomm             2.00000000E-02   0.0000000000E+00 +-    0.0000000000E+00   
tni vd1pr                      2.00000000E-02   0.0000000000E+00 +-    0.0000000000E+00   
tni vepr                       2.00000000E-02   0.0000000000E+00 +-    0.0000000000E+00   
tni central                    2.00000000E-02   0.0000000000E+00 +-    0.0000000000E+00   
tni 2pixx-anticommutator       2.00000000E-02   0.0000000000E+00 +-    0.0000000000E+00   
tni 2pixd-anticommutator       2.00000000E-02   0.0000000000E+00 +-    0.0000000000E+00   
tni 2pidd-anticommutator       2.00000000E-02   0.0000000000E+00 +-    0.0000000000E+00   
tni 2pixx-commutator           2.00000000E-02   0.0000000000E+00 +-    0.0000000000E+00   
tni 2pixd-commutator           2.00000000E-02   0.0000000000E+00 +-    0.0000000000E+00   
tni 2pidd-commutator           2.00000000E-02   0.0000000000E+00 +-    0.0000000000E+00   
tni 2pi-tm                     2.00000000E-02   0.0000000000E+00 +-    0.0000000000E+00   
tni vd1                        2.00000000E-02   0.0000000000E+00 +-    0.0000000000E+00   
tni vd2                        2.00000000E-02   0.0000000000E+00 +-    0.0000000000E+00   
tni ve                         2.00000000E-02   0.0000000000E+00 +-    0.0000000000E+00   
vpottot v8+tni                 2.00000000E-02  -2.4373325980E+02 +-    3.6507324840E+00   
enetot v8+tni                  2.00000000E-02  -1.6376317487E+01 +-    1.2171986561E+00   
vper cent                      2.00000000E-02   3.8174039098E+01 +-    3.7492733283E+00   
vper tau                       2.00000000E-02   9.9485145454E-01 +-    6.5622216091E-01   
vper sigma                     2.00000000E-02  -4.7773243715E+01 +-    5.1741359241E-01   
vper sigtau                    2.00000000E-02  -1.5457756676E+02 +-    5.4750435837E-01   
vper tensor                    2.00000000E-02   8.7682526622E+00 +-    4.9296406920E-01   
vper tenstau                   2.00000000E-02  -8.9319592538E+01 +-    2.3737418886E+00   
vper ls                        2.00000000E-02   0.0000000000E+00 +-    0.0000000000E+00   
vper lstau                     2.00000000E-02   0.0000000000E+00 +-    0.0000000000E+00   
vpotper v6                     2.00000000E-02  -2.4373325980E+02 +-    3.6507324840E+00   
vpotper v8                     2.00000000E-02  -2.4373325980E+02 +-    3.6507324840E+00   
vpotv6pr-vpotv6per diff        2.00000000E-02   0.0000000000E+00 +-    0.0000000000E+00   
vpotv8pr-vpotv8per diff        2.00000000E-02   0.0000000000E+00 +-    0.0000000000E+00   
2piapr-2pia diff               2.00000000E-02   0.0000000000E+00 +-    0.0000000000E+00   
vd1pr-vd1 diff                 2.00000000E-02   0.0000000000E+00 +-    0.0000000000E+00   
vepr-ve diff                   2.00000000E-02   0.0000000000E+00 +-    0.0000000000E+00   
diff1 2piapr-2pia-2picxx       2.00000000E-02   0.0000000000E+00 +-    0.0000000000E+00   
diff2 vd1pr-vd1-2picxd         2.00000000E-02   0.0000000000E+00 +-    0.0000000000E+00   
diff3 vepr-ve-2picdd           2.00000000E-02   0.0000000000E+00 +-    0.0000000000E+00   
sum diff1+dif2+diff3           2.00000000E-02   0.0000000000E+00 +-    0.0000000000E+00   
proton rms                     2.00000000E-02   5.8865429517E-01 +-    1.1737251094E-02   
neutron rms                    2.00000000E-02   3.8653036481E-01 +-    1.4969695569E-02   
total rms                      2.00000000E-02   4.8731858807E-01 +-    1.3296641107E-02   
neutron-proton rms             2.00000000E-02  -2.0212393036E-01 +-    5.0961240869E-03   
GT sigXtau+                    2.00000000E-02   3.9449683908E-04 +-    5.2800870041E-05   
GT sigYtau+                    2.00000000E-02   7.9428469917E-04 +-    6.5436915080E-05   
GT sigZtau+                    2.00000000E-02  -1.2751069064E-04 +-    4.9530043557E-05   
GT sigXtau-                    2.00000000E-02  -2.1867455134E-03 +-    5.4311785140E-05   
GT sigYtau-                    2.00000000E-02  -1.2703088710E-03 +-    4.6186455566E-05   
GT sigZtau-                    2.00000000E-02  -1.5776233433E-03 +-    3.3197696698E-05   
F tau+                         2.00000000E-02   7.0590050979E-19 +-    7.8265880491E-20   
F tau-                         2.00000000E-02  -6.6120841053E-19 +-    9.4454894507E-20   
Psi**2                         2.00000000E-02   1.0523283972E-04 +-    1.4678946588E-06   
single crossing/step           2.00000000E-02   7.9856434605E-03 +-    4.2410204102E-05   
global crossing/step           2.00000000E-02   7.7876598060E-03 +-    8.3770714439E-05   
energy numerator(real)         2.00000000E-02   1.1085313027E+00 +-    9.8536450734E-01   
denominator psit/psigi(real)   2.00000000E-02   8.7025168819E-03 +-    1.4379568901E-02   
energy numerator(aimag)        2.00000000E-02  -9.3098546240E-01 +-    6.9495953512E-01   
denominator psit/psigi(aimag)  2.00000000E-02   4.0389259398E-02 +-    8.9714624599E-03   
growth(lin dt) energy          2.00000000E-02  -2.5963726733E+02 +-    5.8476472401E+00   
growth(global) energy          2.00000000E-02  -2.7611607032E+02 +-    1.1416996757E+01
growth energy                  2.00000000E-02  -2.5933526347E+02 +-    5.8245585416E+00
Time for propagation (sec) (min) =          22.038      0.367
Time for energies (sec) (min) =              0.709      0.012
Time for load balancing (sec) (min) =        0.030      0.000
Time for block (sec) (min) =                23.355      0.389
Time for operators (sec) (min) =             0.016      0.000
Elapsed block time (sec) (min) =           184.980      3.083
 
 walkers multiplicity, block, total
   0          58932         416418
   1        1021293        8036558
   2          56423         408241
   3            418           3037
   4             58            503
   5             15            189
   6              7             69
   7              5             34
   8              2             19
   9              2             15
  10              0              4
  11              2              6
  12              0              2
  13              0              2
  14              0              1
  15              0              3
  16              1              3
  19              1              1
  20              0              4
 
 

iteration =                               9
walker number =                       11146
total energy-propagated        2.25000000E-02  -5.6479924655E+01 +-    1.0842268214E+00   
kinetic energy                 2.25000000E-02   1.8954613007E+02 +-    4.6780486326E+00   
potential energy               2.25000000E-02  -2.4602605472E+02 +-    5.1071067417E+00   
im energy                      2.25000000E-02  -6.0835871572E+01 +-    1.1351532734E+00   
imkin energy                   2.25000000E-02  -2.2321442986E+00 +-    1.0184498100E+00   
impot energy                   2.25000000E-02  -5.8603727273E+01 +-    1.2688048045E+00   
v cent                         2.25000000E-02   3.1297447222E+00 +-    4.8353219102E+00   
v tau                          2.25000000E-02   3.9773488744E+00 +-    8.5424319752E-01   
v sigma                        2.25000000E-02  -5.1100411669E+01 +-    4.9118932762E-01   
v sigtau                       2.25000000E-02  -1.4231355207E+02 +-    1.3943646392E+00   
v tensor                       2.25000000E-02   1.9853925497E+01 +-    4.3649740334E-01   
v tenstau                      2.25000000E-02  -7.9573110079E+01 +-    3.2034144296E+00   
v ls                           2.25000000E-02   0.0000000000E+00 +-    0.0000000000E+00   
v lstau                        2.25000000E-02   0.0000000000E+00 +-    0.0000000000E+00   
vpot v6                        2.25000000E-02  -2.4602605472E+02 +-    5.1071067417E+00   
vpot v8                        2.25000000E-02  -2.4602605472E+02 +-    5.1071067417E+00   
v coulomb                      2.25000000E-02   1.0583557446E+00 +-    8.0070413185E-03   
v external                     2.25000000E-02   0.0000000000E+00 +-    0.0000000000E+00   
tni 2pipr-anticomm             2.25000000E-02   0.0000000000E+00 +-    0.0000000000E+00   
tni vd1pr                      2.25000000E-02   0.0000000000E+00 +-    0.0000000000E+00   
tni vepr                       2.25000000E-02   0.0000000000E+00 +-    0.0000000000E+00   
tni central                    2.25000000E-02   0.0000000000E+00 +-    0.0000000000E+00   
tni 2pixx-anticommutator       2.25000000E-02   0.0000000000E+00 +-    0.0000000000E+00   
tni 2pixd-anticommutator       2.25000000E-02   0.0000000000E+00 +-    0.0000000000E+00   
tni 2pidd-anticommutator       2.25000000E-02   0.0000000000E+00 +-    0.0000000000E+00   
tni 2pixx-commutator           2.25000000E-02   0.0000000000E+00 +-    0.0000000000E+00   
tni 2pixd-commutator           2.25000000E-02   0.0000000000E+00 +-    0.0000000000E+00   
tni 2pidd-commutator           2.25000000E-02   0.0000000000E+00 +-    0.0000000000E+00   
tni 2pi-tm                     2.25000000E-02   0.0000000000E+00 +-    0.0000000000E+00   
tni vd1                        2.25000000E-02   0.0000000000E+00 +-    0.0000000000E+00   
tni vd2                        2.25000000E-02   0.0000000000E+00 +-    0.0000000000E+00   
tni ve                         2.25000000E-02   0.0000000000E+00 +-    0.0000000000E+00   
vpottot v8+tni                 2.25000000E-02  -2.4602605472E+02 +-    5.1071067417E+00   
enetot v8+tni                  2.25000000E-02  -5.6479924655E+01 +-    1.0842268214E+00   
vper cent                      2.25000000E-02   3.1297447222E+00 +-    4.8353219102E+00   
vper tau                       2.25000000E-02   3.9773488744E+00 +-    8.5424319752E-01   
vper sigma                     2.25000000E-02  -5.1100411669E+01 +-    4.9118932762E-01   
vper sigtau                    2.25000000E-02  -1.4231355207E+02 +-    1.3943646392E+00   
vper tensor                    2.25000000E-02   1.9853925497E+01 +-    4.3649740334E-01   
vper tenstau                   2.25000000E-02  -7.9573110079E+01 +-    3.2034144296E+00   
vper ls                        2.25000000E-02   0.0000000000E+00 +-    0.0000000000E+00   
vper lstau                     2.25000000E-02   0.0000000000E+00 +-    0.0000000000E+00   
vpotper v6                     2.25000000E-02  -2.4602605472E+02 +-    5.1071067417E+00   
vpotper v8                     2.25000000E-02  -2.4602605472E+02 +-    5.1071067417E+00   
vpotv6pr-vpotv6per diff        2.25000000E-02   0.0000000000E+00 +-    0.0000000000E+00   
vpotv8pr-vpotv8per diff        2.25000000E-02   0.0000000000E+00 +-    0.0000000000E+00   
2piapr-2pia diff               2.25000000E-02   0.0000000000E+00 +-    0.0000000000E+00   
vd1pr-vd1 diff                 2.25000000E-02   0.0000000000E+00 +-    0.0000000000E+00   
vepr-ve diff                   2.25000000E-02   0.0000000000E+00 +-    0.0000000000E+00   
diff1 2piapr-2pia-2picxx       2.25000000E-02   0.0000000000E+00 +-    0.0000000000E+00   
diff2 vd1pr-vd1-2picxd         2.25000000E-02   0.0000000000E+00 +-    0.0000000000E+00   
diff3 vepr-ve-2picdd           2.25000000E-02   0.0000000000E+00 +-    0.0000000000E+00   
sum diff1+dif2+diff3           2.25000000E-02   0.0000000000E+00 +-    0.0000000000E+00   
proton rms                     2.25000000E-02   9.5520876072E-01 +-    7.1720182801E-03   
neutron rms                    2.25000000E-02   9.8370687364E-01 +-    8.9944320054E-03   
total rms                      2.25000000E-02   9.7877279132E-01 +-    7.5848401125E-03   
neutron-proton rms             2.25000000E-02   2.8498112914E-02 +-    8.9013314326E-03   
GT sigXtau+                    2.25000000E-02   2.6543192754E-04 +-    5.8278286382E-05   
GT sigYtau+                    2.25000000E-02   5.3363985893E-03 +-    6.3608695963E-05   
GT sigZtau+                    2.25000000E-02   5.0656096257E-03 +-    9.3104430575E-05   
GT sigXtau-                    2.25000000E-02   9.3825338746E-04 +-    2.7387489082E-05   
GT sigYtau-                    2.25000000E-02  -1.4917440810E-04 +-    5.9775325334E-05   
GT sigZtau-                    2.25000000E-02  -2.2429196844E-03 +-    4.3877841328E-05   
F tau+                         2.25000000E-02  -2.0695978597E-18 +-    1.1262430411E-19   
F tau-                         2.25000000E-02   8.8238063249E-20 +-    1.1802067610E-19   
Psi**2                         2.25000000E-02  -1.7412299943E-05 +-    3.5958982246E-06   
single crossing/step           2.25000000E-02   8.6286608952E-03 +-    4.4379761714E-05   
global crossing/step           2.25000000E-02   8.4619635292E-03 +-    8.7905357679E-05   
energy numerator(real)         2.25000000E-02   1.3030233326E+00 +-    1.0069371521E+00   
denominator psit/psigi(real)   2.25000000E-02  -9.6861188072E-03 +-    1.3461337398E-02   
energy numerator(aimag)        2.25000000E-02  -9.5720544066E-01 +-    6.7662881479E-01   
denominator psit/psigi(aimag)  2.25000000E-02   2.2667145733E-02 +-    8.5741952124E-03   
growth(lin dt) energy          2.25000000E-02  -2.9389348198E+02 +-    6.2713832175E+00   
growth(global) energy          2.25000000E-02  -2.9463914645E+02 +-    1.1433112503E+01
growth energy                  2.25000000E-02  -2.9344415929E+02 +-    6.2412645766E+00
Time for propagation (sec) (min) =          21.738      0.362
Time for energies (sec) (min) =              0.786      0.013
Time for load balancing (sec) (min) =        0.028      0.000
Time for block (sec) (min) =                23.147      0.386
Time for operators (sec) (min) =             0.018      0.000
Elapsed block time (sec) (min) =           208.154      3.469
 
 walkers multiplicity, block, total
   0          57433         473851
   1         994894        9031452
   2          56872         465113
   3            481           3518
   4            108            611
   5             34            223
   6             12             81
   7              7             41
   8              3             22
   9              2             17
  10              0              4
  11              1              7
  12              0              2
  13              0              2
  14              0              1
  15              1              4
  16              1              4
  17              1              1
  19              0              1
  20              2              6
 
 

iteration =                              10
walker number =                       10250
total energy-propagated        2.50000000E-02  -8.6338192170E+01 +-    1.8929525635E+00   
kinetic energy                 2.50000000E-02  -1.1799257523E+01 +-    7.5276465355E+00   
potential energy               2.50000000E-02  -7.4538934647E+01 +-    7.9793345887E+00   
im energy                      2.50000000E-02   2.5632017779E+01 +-    1.1637948968E+00   
imkin energy                   2.50000000E-02   9.4859310244E+01 +-    5.0077018501E+00   
impot energy                   2.50000000E-02  -6.9227292465E+01 +-    5.4002599101E+00   
v cent                         2.50000000E-02  -1.2672785601E+01 +-    5.9878474889E+00   
v tau                          2.50000000E-02  -2.9389432139E+01 +-    2.9525661240E+00   
v sigma                        2.50000000E-02   1.9528021896E+01 +-    1.1238084478E+00   
v sigtau                       2.50000000E-02  -4.5320824526E+01 +-    1.9026682169E+00   
v tensor                       2.50000000E-02  -1.1412915022E+01 +-    3.9605339091E-01   
v tenstau                      2.50000000E-02   4.7290007446E+00 +-    4.0485253274E+00   
v ls                           2.50000000E-02   0.0000000000E+00 +-    0.0000000000E+00   
v lstau                        2.50000000E-02   0.0000000000E+00 +-    0.0000000000E+00   
vpot v6                        2.50000000E-02  -7.4538934647E+01 +-    7.9793345887E+00   
vpot v8                        2.50000000E-02  -7.4538934647E+01 +-    7.9793345887E+00   
v coulomb                      2.50000000E-02   8.7508942556E-01 +-    1.1796292808E-02   
v external                     2.50000000E-02   0.0000000000E+00 +-    0.0000000000E+00   
tni 2pipr-anticomm             2.50000000E-02   0.0000000000E+00 +-    0.0000000000E+00   
tni vd1pr                      2.50000000E-02   0.0000000000E+00 +-    0.0000000000E+00   
tni vepr                       2.50000000E-02   0.0000000000E+00 +-    0.0000000000E+00   
tni central                    2.50000000E-02   0.0000000000E+00 +-    0.0000000000E+00   
tni 2pixx-anticommutator       2.50000000E-02   0.0000000000E+00 +-    0.0000000000E+00   
tni 2pixd-anticommutator       2.50000000E-02   0.0000000000E+00 +-    0.0000000000E+00   
tni 2pidd-anticommutator       2.50000000E-02   0.0000000000E+00 +-    0.0000000000E+00   
tni 2pixx-commutator           2.50000000E-02   0.0000000000E+00 +-    0.0000000000E+00   
tni 2pixd-commutator           2.50000000E-02   0.0000000000E+00 +-    0.0000000000E+00   
tni 2pidd-commutator           2.50000000E-02   0.0000000000E+00 +-    0.0000000000E+00   
tni 2pi-tm                     2.50000000E-02   0.0000000000E+00 +-    0.0000000000E+00   
tni vd1                        2.50000000E-02   0.0000000000E+00 +-    0.0000000000E+00   
tni vd2                        2.50000000E-02   0.0000000000E+00 +-    0.0000000000E+00   
tni ve                         2.50000000E-02   0.0000000000E+00 +-    0.0000000000E+00   
vpottot v8+tni                 2.50000000E-02  -7.4538934647E+01 +-    7.9793345887E+00   
enetot v8+tni                  2.50000000E-02  -8.6338192170E+01 +-    1.8929525635E+00   
vper cent                      2.50000000E-02  -1.2672785601E+01 +-    5.9878474889E+00   
vper tau                       2.50000000E-02  -2.9389432139E+01 +-    2.9525661240E+00   
vper sigma                     2.50000000E-02   1.9528021896E+01 +-    1.1238084478E+00   
vper sigtau                    2.50000000E-02  -4.5320824526E+01 +-    1.9026682169E+00   
vper tensor                    2.50000000E-02  -1.1412915022E+01 +-    3.9605339091E-01   
vper tenstau                   2.50000000E-02   4.7290007446E+00 +-    4.0485253274E+00   
vper ls                        2.50000000E-02   0.0000000000E+00 +-    0.0000000000E+00   
vper lstau                     2.50000000E-02   0.0000000000E+00 +-    0.0000000000E+00   
vpotper v6                     2.50000000E-02  -7.4538934647E+01 +-    7.9793345887E+00   
vpotper v8                     2.50000000E-02  -7.4538934647E+01 +-    7.9793345887E+00   
vpotv6pr-vpotv6per diff        2.50000000E-02   0.0000000000E+00 +-    0.0000000000E+00   
vpotv8pr-vpotv8per diff        2.50000000E-02   0.0000000000E+00 +-    0.0000000000E+00   
2piapr-2pia diff               2.50000000E-02   0.0000000000E+00 +-    0.0000000000E+00   
vd1pr-vd1 diff                 2.50000000E-02   0.0000000000E+00 +-    0.0000000000E+00   
vepr-ve diff                   2.50000000E-02   0.0000000000E+00 +-    0.0000000000E+00   
diff1 2piapr-2pia-2picxx       2.50000000E-02   0.0000000000E+00 +-    0.0000000000E+00   
diff2 vd1pr-vd1-2picxd         2.50000000E-02   0.0000000000E+00 +-    0.0000000000E+00   
diff3 vepr-ve-2picdd           2.50000000E-02   0.0000000000E+00 +-    0.0000000000E+00   
sum diff1+dif2+diff3           2.50000000E-02   0.0000000000E+00 +-    0.0000000000E+00   
proton rms                     2.50000000E-02   1.3236635378E+00 +-    1.3520840641E-02   
neutron rms                    2.50000000E-02   2.2163819189E+00 +-    1.6508263898E-02   
total rms                      2.50000000E-02   1.7682636204E+00 +-    1.2816068456E-02   
neutron-proton rms             2.50000000E-02   8.9271838111E-01 +-    1.5038492363E-02   
GT sigXtau+                    2.50000000E-02   6.5940456789E-04 +-    6.0278231820E-05   
GT sigYtau+                    2.50000000E-02   3.3267291831E-03 +-    8.3609750654E-05   
GT sigZtau+                    2.50000000E-02   3.1885977354E-03 +-    6.6221535331E-05   
GT sigXtau-                    2.50000000E-02   1.9871690221E-03 +-    7.7309055312E-05   
GT sigYtau-                    2.50000000E-02  -1.9200732896E-03 +-    5.6026265782E-05   
GT sigZtau-                    2.50000000E-02   5.1088096935E-03 +-    1.0194374722E-04   
F tau+                         2.50000000E-02   1.5078002920E-18 +-    5.4817204156E-19   
F tau-                         2.50000000E-02   1.0565003842E-17 +-    6.9588516809E-19   
Psi**2                         2.50000000E-02   8.2719308253E-05 +-    1.9215065816E-06   
single crossing/step           2.50000000E-02   8.3455673326E-03 +-    4.3314124466E-05   
global crossing/step           2.50000000E-02   8.2027491814E-03 +-    8.5889997584E-05   
energy numerator(real)         2.50000000E-02  -1.7558685432E+00 +-    9.8387160627E-01   
denominator psit/psigi(real)   2.50000000E-02   1.8824185134E-02 +-    1.4038330383E-02   
energy numerator(aimag)        2.50000000E-02   9.2968901686E-02 +-    6.9972305044E-01   
denominator psit/psigi(aimag)  2.50000000E-02   4.8253009985E-03 +-    8.9658450087E-03   
growth(lin dt) energy          2.50000000E-02  -2.7456881129E+02 +-    5.8929768322E+00   
growth(global) energy          2.50000000E-02  -2.9140978101E+02 +-    1.2049781798E+01
growth energy                  2.50000000E-02  -2.7420617035E+02 +-    5.8675242122E+00
Time for propagation (sec) (min) =          22.078      0.368
Time for energies (sec) (min) =              0.723      0.012
Time for load balancing (sec) (min) =        0.030      0.001
Time for block (sec) (min) =                23.353      0.389
Time for operators (sec) (min) =             0.017      0.000
Elapsed block time (sec) (min) =           231.523      3.859
 
 walkers multiplicity, block, total
   0          59313         533164
   1        1021994       10053446
   2          57059         522172
   3            475           3993
   4             82            693
   5             21            244
   6              7             88
   7              0             41
   8              3             25
   9              1             18
  10              0              4
  11              0              7
  12              0              2
  13              0              2
  14              0              1
  15              1              5
  16              0              4
  17              0              1
  19              0              1
  20              0              6
 
 

Time for steps      =     231.532 seconds,        3.859 minutes
Master Time for steps =     231.382 seconds,        3.856 minutes

Number of cpus =       100
Total job time =     236.485 seconds,        3.941 minutes,        0.066 hours
Total cpu-time =     394.141 minutes,        6.569 hours
Total time =         236.268 seconds,        3.938 minutes,        0.066 hours
Finished!
