Unconstrained Diffusion Monte Carlo Run -- no drift
!-!-!-!-!-!-!-!-!-!-!-!-!-!-!-!-!-!-!-!-!-!-!-!-!-!
MPI parameters:
Number of boss cpus =                         100
Number of worker cpus for each boss =           0
Total number of cpus =                        100
Simulation parameters:
random number seed =                          321
hbar^2/2m =                              20.73554
start from sites =                              F
nwalk =                                     10000
equilibration blocks =                          0
averaging blocks =                             10
nsteps/blocks =                               100
time step =                          0.0000250000
time step rotations (vmc) =          0.1700000000
trial energy =                          -26.00000
drift cutoff =                            0.00000
drastic population control up =           1.20000
drastic population control down =         0.80000
rebalance if walkers fluctuate more than   2.00 %
weight cut off =                         20.00000
table size =                                 8000
!-!-!-!-!-!-!-!-!-!-!-!-!-!-!-!-!-!-!-!-!-!-!-!-!-!
System parameters:
lpot =                                         11
lpotper =                                      11
potential  =                          argonne v6'
potentialpr =                         argonne v6'
Coulomb included in energy-propagation          F
multiply central v by =                   1.00000
multiply tau v by =                       1.00000
multiply sigma v by =                     1.00000
multiply sigma tau v by =                 1.00000
multiply tensor v by =                    1.00000
multiply tensor tau v by =                1.00000
multiply spin-orbit v by =                0.00000
multiply spin-orbit tau v by =            0.00000
three-body potential =                        no3
ibox (0 is nearest image) =                     0
!-!-!-!-!-!-!-!-!-!-!-!-!-!-!-!-!-!-!-!-!-!-!-!-!-!
propagate LS =                                  F
calculate LS =                                  F
type of correlations =           independent pair
scale orbital   1 with factor    1.14000
determinant # 1
coefficient                     1.00000   0.00000
1  1  0  1  alpha.orb    # 2J,2M,L,tau radial_file for state                    
1 -1  0  1  alpha.orb    # 2J,2M,L,tau radial_file for state                    
1  1  0 -1  alpha.orb    # 2J,2M,L,tau radial_file for state                    
1 -1  0 -1  alpha.orb    # 2J,2M,L,tau radial_file for state                    
rescaled coefficient            1.00000   0.00000
!-!-!-!-!-!-!-!-!-!-!-!-!-!-!-!-!-!-!-!-!-!-!-!-!-!
No external potential
!-!-!-!-!-!-!-!-!-!-!-!-!-!-!-!-!-!-!-!-!-!-!-!-!-!
rcut in pair sampling =                   1.00000
acut in pair sampling =                   5.00000
a constant in psig =                      0.20000
Number of protons =                             2
Number of neutrons =                            2
range of the potential =                 20.00000
!-!-!-!-!-!-!-!-!-!-!-!-!-!-!-!-!-!-!-!-!-!-!-!-!-!
do V3 =                                         F
three body force =                            no3
three body a2piPwa =                      0.000000000000000
three body a2piPwc =                      0.000000000000000
three body a2piSw =                       0.000000000000000
three body Vd,C,c3 =                      0.000000000000000
three body Ve,C,c3 =                      0.000000000000000
three body A_R =                          0.000000000000000
three body Vd1 =                          0.000000000000000
three body Vd2 =                          0.000000000000000
three body Ve =                           0.000000000000000
propagator: multiply the antic by =       0.000000000000000
propagator: multiply the Vd1 by =         0.000000000000000
propagator: multiply the Ve by =          0.000000000000000
propagator: three body a2piPW =           0.000000000000000
!-!-!-!-!-!-!-!-!-!-!-!-!-!-!-!-!-!-!-!-!-!-!-!-!-!
jastrow healing distance dc =             4.47768
jastrow healing distance dtn =           11.57317
jastrow rho =                             0.01000
potential quencher acn (v1) =             1.50851
potential quencher at  (v2) =             6.06936
potential quencher as  (v3) =             2.76780
potential quencher ast (v4) =             0.80880
potential quencher atn (v5) =             0.61864
potential quencher atn (v6) =             0.20141
potential quencher als (v7) =             0.00000
potential quencher alst (v8) =            0.00000
correlation quencher bt (f2) =            0.26685
correlation quencher bs (f3) =           -0.10565
correlation quencher bst (f4) =           0.42277
correlation quencher btn (f5) =           1.08683
correlation quencher btn (f6) =           4.44810
correlation quencher bls (f7) =           0.00000
correlation quencher blst (f8) =          0.00000
!-!-!-!-!-!-!-!-!-!-!-!-!-!-!-!-!-!-!-!-!-!-!-!-!-!
q1c parameter in f3c =                   12.87526
q2c parameter in f3c =                    1.60340
q1p parameter in f3p =                   -1.81620
q2p parameter in f3p =                    2.14789
!-!-!-!-!-!-!-!-!-!-!-!-!-!-!-!-!-!-!-!-!-!-!-!-!-!
rscal parameter in Uijk cent =            1.00000
rscal parameter in Uijk xpi =             1.00000
rscal parameter in Uijk delta =           1.00000
eps_c parameter in Uijk =                 0.00000
eps_anti parameter in Uijk =              0.00000
eps_tm parameter in Uijk =                0.00000
eps_vd1 parameter in Uijk =               0.00000
eps_vd2 parameter in Uijk =               0.00000
eps_vdc3 parameter in Uijk =              0.00000
eps_vec3 parameter in Uijk =              0.00000
eps_ve parameter in Uijk =                0.00000
eps_comm parameter in Uijk =              0.00000
eps_comm-XD parameter in Uijk =           0.00000
eps_comm-DD parameter in Uijk =           0.00000
TNI-comm correlation included =                 F
!-!-!-!-!-!-!-!-!-!-!-!-!-!-!-!-!-!-!-!-!-!-!-!-!-!
CSB correlation rscalpp =                 1.00000
CSB correlation rscalnn =                 1.00000
CSB correlation quencher pp =             0.00000
CSB correlation quencher nn =             0.00000
CSB correlation included =                      F
!-!-!-!-!-!-!-!-!-!-!-!-!-!-!-!-!-!-!-!-!-!-!-!-!-!
jastrow initialized
!-!-!-!-!-!-!-!-!-!-!-!-!-!-!-!-!-!-!-!-!-!-!-!-!-!
Symmetrize V6 in the propagator =               T
New propagation of Vlstau and commutator included!
Coulomb included in energy (and propag)         F
Initial walkers from file
Number of walkers =                          8682
Configurations at tau =              3.1750000000
Reset tau =                          0.0000000000
!-!-!-!-!-!-!-!-!-!-!-!-!-!-!-!-!-!-!-!-!-!-!-!-!-!
Time for reading configurations (sec.) =       0.72
!-!-!-!-!-!-!-!-!-!-!-!-!-!-!-!-!-!-!-!-!-!-!-!-!-!
Initial configurations:
total energy-propagated        0.00000000E+00  -2.6072628784E+01 +-    3.5574895987E-01   
kinetic energy                 0.00000000E+00   1.0575815918E+02 +-    1.7489717102E+00   
potential energy               0.00000000E+00  -1.3183078796E+02 +-    1.7110053459E+00   
v cent                         0.00000000E+00   1.7382174962E+01 +-    1.6140093157E+00   
v tau                          0.00000000E+00  -7.4732783650E+00 +-    2.4800220325E-01   
v sigma                        0.00000000E+00  -8.6241480943E+00 +-    2.4724238244E-01   
v sigtau                       0.00000000E+00  -5.9888080364E+01 +-    5.5748130358E-01   
v tensor                       0.00000000E+00   3.8137919253E-01 +-    1.2927094084E-01   
v tenstau                      0.00000000E+00  -7.3608835292E+01 +-    9.8022726908E-01   
v ls                           0.00000000E+00   0.0000000000E+00 +-    0.0000000000E+00   
v lstau                        0.00000000E+00   0.0000000000E+00 +-    0.0000000000E+00   
v coulomb                      0.00000000E+00   7.4491042688E-01 +-    2.8635658319E-03   
v external                     0.00000000E+00   0.0000000000E+00 +-    0.0000000000E+00   
tni 2pipr-anticomm             0.00000000E+00   0.0000000000E+00 +-    0.0000000000E+00   
tni vd1pr                      0.00000000E+00   0.0000000000E+00 +-    0.0000000000E+00   
tni vepr                       0.00000000E+00   0.0000000000E+00 +-    0.0000000000E+00   
tni central                    0.00000000E+00   0.0000000000E+00 +-    0.0000000000E+00   
tni 2pixx-anticommutator       0.00000000E+00   0.0000000000E+00 +-    0.0000000000E+00   
tni 2pixd-anticommutator       0.00000000E+00   0.0000000000E+00 +-    0.0000000000E+00   
tni 2pidd-anticommutator       0.00000000E+00   0.0000000000E+00 +-    0.0000000000E+00   
tni 2pixx-commutator           0.00000000E+00   0.0000000000E+00 +-    0.0000000000E+00   
tni 2pixd-commutator           0.00000000E+00   0.0000000000E+00 +-    0.0000000000E+00   
tni 2pidd-commutator           0.00000000E+00   0.0000000000E+00 +-    0.0000000000E+00   
tni 2pi-tm                     0.00000000E+00   0.0000000000E+00 +-    0.0000000000E+00   
tni vd1                        0.00000000E+00   0.0000000000E+00 +-    0.0000000000E+00   
tni vd2                        0.00000000E+00   0.0000000000E+00 +-    0.0000000000E+00   
tni ve                         0.00000000E+00   0.0000000000E+00 +-    0.0000000000E+00   
enetot v8+tni                  0.00000000E+00  -2.6072628784E+01 +-    3.5574895987E-01   
!-!-!-!-!-!-!-!-!-!-!-!-!-!-!-!-!-!-!-!-!-!-!-!-!-!
Psi**2 of initial configurations  =   0.2780406E-04  0.0000000E+00  +-    0.7337672E-06  0.0000000E+00
Psig**2 of initial configurations =   0.1784050E-04  0.0000000E+00  +-    0.5480525E-06  0.0000000E+00
!-!-!-!-!-!-!-!-!-!-!-!-!-!-!-!-!-!-!-!-!-!-!-!-!-!
T**2 of initial configurations  =  -0.1812457E-07 -0.1742507E-08
Tz of initial configurations    =   0.3751597E-14  0.2868394E-13
J**2 of initial configurations  =   0.2816946E-07 -0.2004156E-08
Jz of initial configurations    =  -0.2072084E-13  0.5539116E-14
!-!-!-!-!-!-!-!-!-!-!-!-!-!-!-!-!-!-!-!-!-!-!-!-!-!
!-!-!-!-!-!-!-!-!-!-!-!-!-!-!-!-!-!-!-!-!-!-!-!-!-!
Time to process initial configurations (sec.) =       1.51
!-!-!-!-!-!-!-!-!-!-!-!-!-!-!-!-!-!-!-!-!-!-!-!-!-!

equilibration done

iteration =                               1
walker number =                       10874
total energy-propagated        2.50000000E-03  -2.5537031878E+01 +-    3.4142328569E-01   
kinetic energy                 2.50000000E-03   1.1266939902E+02 +-    1.6398091541E+00   
potential energy               2.50000000E-03  -1.3820643089E+02 +-    1.5868233337E+00   
im energy                      2.50000000E-03   1.0646219333E+00 +-    2.3259248932E-01   
imkin energy                   2.50000000E-03   1.4717130815E+00 +-    4.3209090933E-01   
impot energy                   2.50000000E-03  -4.0709114815E-01 +-    3.9629813587E-01   
v cent                         2.50000000E-03   1.7998692344E+01 +-    1.4690854745E+00   
v tau                          2.50000000E-03  -7.9938533421E+00 +-    2.0428904726E-01   
v sigma                        2.50000000E-03  -8.8299072227E+00 +-    2.1721789676E-01   
v sigtau                       2.50000000E-03  -6.3334782452E+01 +-    5.1921292584E-01   
v tensor                       2.50000000E-03   6.7131838395E-01 +-    1.1016776145E-01   
v tenstau                      2.50000000E-03  -7.6717898605E+01 +-    9.0894627876E-01   
v ls                           2.50000000E-03   0.0000000000E+00 +-    0.0000000000E+00   
v lstau                        2.50000000E-03   0.0000000000E+00 +-    0.0000000000E+00   
vpot v6                        2.50000000E-03  -1.3820643089E+02 +-    1.5868233337E+00   
vpot v8                        2.50000000E-03  -1.3820643089E+02 +-    1.5868233337E+00   
v coulomb                      2.50000000E-03   7.5324750899E-01 +-    2.5835217466E-03   
v external                     2.50000000E-03   0.0000000000E+00 +-    0.0000000000E+00   
tni 2pipr-anticomm             2.50000000E-03   0.0000000000E+00 +-    0.0000000000E+00   
tni vd1pr                      2.50000000E-03   0.0000000000E+00 +-    0.0000000000E+00   
tni vepr                       2.50000000E-03   0.0000000000E+00 +-    0.0000000000E+00   
tni central                    2.50000000E-03   0.0000000000E+00 +-    0.0000000000E+00   
tni 2pixx-anticommutator       2.50000000E-03   0.0000000000E+00 +-    0.0000000000E+00   
tni 2pixd-anticommutator       2.50000000E-03   0.0000000000E+00 +-    0.0000000000E+00   
tni 2pidd-anticommutator       2.50000000E-03   0.0000000000E+00 +-    0.0000000000E+00   
tni 2pixx-commutator           2.50000000E-03   0.0000000000E+00 +-    0.0000000000E+00   
tni 2pixd-commutator           2.50000000E-03   0.0000000000E+00 +-    0.0000000000E+00   
tni 2pidd-commutator           2.50000000E-03   0.0000000000E+00 +-    0.0000000000E+00   
tni 2pi-tm                     2.50000000E-03   0.0000000000E+00 +-    0.0000000000E+00   
tni vd1                        2.50000000E-03   0.0000000000E+00 +-    0.0000000000E+00   
tni vd2                        2.50000000E-03   0.0000000000E+00 +-    0.0000000000E+00   
tni ve                         2.50000000E-03   0.0000000000E+00 +-    0.0000000000E+00   
vpottot v8+tni                 2.50000000E-03  -1.3820643089E+02 +-    1.5868233337E+00   
enetot v8+tni                  2.50000000E-03  -2.5537031878E+01 +-    3.4142328569E-01   
vper cent                      2.50000000E-03   1.7998692344E+01 +-    1.4690854745E+00   
vper tau                       2.50000000E-03  -7.9938533421E+00 +-    2.0428904726E-01   
vper sigma                     2.50000000E-03  -8.8299072227E+00 +-    2.1721789676E-01   
vper sigtau                    2.50000000E-03  -6.3334782452E+01 +-    5.1921292584E-01   
vper tensor                    2.50000000E-03   6.7131838395E-01 +-    1.1016776145E-01   
vper tenstau                   2.50000000E-03  -7.6717898605E+01 +-    9.0894627876E-01   
vper ls                        2.50000000E-03   0.0000000000E+00 +-    0.0000000000E+00   
vper lstau                     2.50000000E-03   0.0000000000E+00 +-    0.0000000000E+00   
vpotper v6                     2.50000000E-03  -1.3820643089E+02 +-    1.5868233337E+00   
vpotper v8                     2.50000000E-03  -1.3820643089E+02 +-    1.5868233337E+00   
vpotv6pr-vpotv6per diff        2.50000000E-03   0.0000000000E+00 +-    0.0000000000E+00   
vpotv8pr-vpotv8per diff        2.50000000E-03   0.0000000000E+00 +-    0.0000000000E+00   
2piapr-2pia diff               2.50000000E-03   0.0000000000E+00 +-    0.0000000000E+00   
vd1pr-vd1 diff                 2.50000000E-03   0.0000000000E+00 +-    0.0000000000E+00   
vepr-ve diff                   2.50000000E-03   0.0000000000E+00 +-    0.0000000000E+00   
diff1 2piapr-2pia-2picxx       2.50000000E-03   0.0000000000E+00 +-    0.0000000000E+00   
diff2 vd1pr-vd1-2picxd         2.50000000E-03   0.0000000000E+00 +-    0.0000000000E+00   
diff3 vepr-ve-2picdd           2.50000000E-03   0.0000000000E+00 +-    0.0000000000E+00   
sum diff1+dif2+diff3           2.50000000E-03   0.0000000000E+00 +-    0.0000000000E+00   
proton rms                     2.50000000E-03   2.0571644967E+00 +-    1.3140629666E-02   
neutron rms                    2.50000000E-03   2.0792237884E+00 +-    1.3276775950E-02   
total rms                      2.50000000E-03   2.0649541744E+00 +-    1.1770083926E-02   
neutron-proton rms             2.50000000E-03   2.2059291709E-02 +-    1.1807284836E-02   
GT sigXtau+                    2.50000000E-03   1.3698433945E-04 +-    2.3167839449E-05   
GT sigYtau+                    2.50000000E-03  -4.5629356677E-05 +-    2.3297564585E-05   
GT sigZtau+                    2.50000000E-03   1.3938499339E-04 +-    2.5444923615E-05   
GT sigXtau-                    2.50000000E-03   2.1451617508E-05 +-    2.3077590244E-05   
GT sigYtau-                    2.50000000E-03   7.6870723339E-05 +-    2.4199098937E-05   
GT sigZtau-                    2.50000000E-03   4.4383328198E-05 +-    2.5238600725E-05   
F tau+                         2.50000000E-03   1.6548619292E-20 +-    4.1556680663E-20   
F tau-                         2.50000000E-03  -7.6122023938E-20 +-    4.0717534089E-20   
Psi**2                         2.50000000E-03   3.1374206046E-05 +-    7.3365668893E-07   
single crossing/step           2.50000000E-03   8.3525603375E-03 +-    4.6151971606E-05   
global crossing/step           2.50000000E-03   8.3134720009E-03 +-    9.2089522717E-05   
energy numerator(real)         2.50000000E-03  -2.5665844538E+01 +-    6.8730443996E-01   
denominator psit/psigi(real)   2.50000000E-03   1.0050823515E+00 +-    1.1053902603E-02   
energy numerator(aimag)        2.50000000E-03   2.6921655036E+00 +-    4.8504091303E-01   
denominator psit/psigi(aimag)  2.50000000E-03  -3.6546036347E-04 +-    7.2431538285E-03   
growth(lin dt) energy          2.50000000E-03  -1.9396359220E+02 +-    4.9183265765E+00   
growth(global) energy          2.50000000E-03  -1.9421786385E+02 +-    1.1620685904E+01
growth energy                  2.50000000E-03  -1.9386257553E+02 +-    4.9069886473E+00
Time for propagation (sec) (min) =          19.434      0.324
Time for energies (sec) (min) =              0.764      0.013
Time for load balancing (sec) (min) =        0.071      0.001
Time for block (sec) (min) =                20.931      0.349
Time for operators (sec) (min) =             0.020      0.000
Elapsed block time (sec) (min) =            20.952      0.349
 
 walkers multiplicity, block, total
   0          37102          37102
   1         896035         896035
   2          38827          38827
   3            145            145
   4             35             35
   5              4              4
   6              6              6
   7              1              1
   8              0              0
   9              0              0
  10              1              1
  12              1              1
 
 

iteration =                               2
walker number =                       10547
total energy-propagated        5.00000000E-03  -2.6808299192E+01 +-    2.8814734914E-01   
kinetic energy                 5.00000000E-03   1.0918065606E+02 +-    1.3237704726E+00   
potential energy               5.00000000E-03  -1.3598895525E+02 +-    1.2599158082E+00   
im energy                      5.00000000E-03  -2.2139766520E-02 +-    1.9594221196E-01   
imkin energy                   5.00000000E-03   2.0716092872E+00 +-    3.8425383704E-01   
impot energy                   5.00000000E-03  -2.0937490537E+00 +-    3.4686286490E-01   
v cent                         5.00000000E-03   1.4129145116E+01 +-    1.1642400621E+00   
v tau                          5.00000000E-03  -7.0484011669E+00 +-    1.6258675412E-01   
v sigma                        5.00000000E-03  -9.4322103318E+00 +-    1.7344517093E-01   
v sigtau                       5.00000000E-03  -6.2422037690E+01 +-    4.8842014829E-01   
v tensor                       5.00000000E-03   7.4912316256E-01 +-    1.0657309117E-01   
v tenstau                      5.00000000E-03  -7.1964574340E+01 +-    9.0197533712E-01   
v ls                           5.00000000E-03   0.0000000000E+00 +-    0.0000000000E+00   
v lstau                        5.00000000E-03   0.0000000000E+00 +-    0.0000000000E+00   
vpot v6                        5.00000000E-03  -1.3598895525E+02 +-    1.2599158082E+00   
vpot v8                        5.00000000E-03  -1.3598895525E+02 +-    1.2599158082E+00   
v coulomb                      5.00000000E-03   7.4447286444E-01 +-    2.4056907159E-03   
v external                     5.00000000E-03   0.0000000000E+00 +-    0.0000000000E+00   
tni 2pipr-anticomm             5.00000000E-03   0.0000000000E+00 +-    0.0000000000E+00   
tni vd1pr                      5.00000000E-03   0.0000000000E+00 +-    0.0000000000E+00   
tni vepr                       5.00000000E-03   0.0000000000E+00 +-    0.0000000000E+00   
tni central                    5.00000000E-03   0.0000000000E+00 +-    0.0000000000E+00   
tni 2pixx-anticommutator       5.00000000E-03   0.0000000000E+00 +-    0.0000000000E+00   
tni 2pixd-anticommutator       5.00000000E-03   0.0000000000E+00 +-    0.0000000000E+00   
tni 2pidd-anticommutator       5.00000000E-03   0.0000000000E+00 +-    0.0000000000E+00   
tni 2pixx-commutator           5.00000000E-03   0.0000000000E+00 +-    0.0000000000E+00   
tni 2pixd-commutator           5.00000000E-03   0.0000000000E+00 +-    0.0000000000E+00   
tni 2pidd-commutator           5.00000000E-03   0.0000000000E+00 +-    0.0000000000E+00   
tni 2pi-tm                     5.00000000E-03   0.0000000000E+00 +-    0.0000000000E+00   
tni vd1                        5.00000000E-03   0.0000000000E+00 +-    0.0000000000E+00   
tni vd2                        5.00000000E-03   0.0000000000E+00 +-    0.0000000000E+00   
tni ve                         5.00000000E-03   0.0000000000E+00 +-    0.0000000000E+00   
vpottot v8+tni                 5.00000000E-03  -1.3598895525E+02 +-    1.2599158082E+00   
enetot v8+tni                  5.00000000E-03  -2.6808299192E+01 +-    2.8814734914E-01   
vper cent                      5.00000000E-03   1.4129145116E+01 +-    1.1642400621E+00   
vper tau                       5.00000000E-03  -7.0484011669E+00 +-    1.6258675412E-01   
vper sigma                     5.00000000E-03  -9.4322103318E+00 +-    1.7344517093E-01   
vper sigtau                    5.00000000E-03  -6.2422037690E+01 +-    4.8842014829E-01   
vper tensor                    5.00000000E-03   7.4912316256E-01 +-    1.0657309117E-01   
vper tenstau                   5.00000000E-03  -7.1964574340E+01 +-    9.0197533712E-01   
vper ls                        5.00000000E-03   0.0000000000E+00 +-    0.0000000000E+00   
vper lstau                     5.00000000E-03   0.0000000000E+00 +-    0.0000000000E+00   
vpotper v6                     5.00000000E-03  -1.3598895525E+02 +-    1.2599158082E+00   
vpotper v8                     5.00000000E-03  -1.3598895525E+02 +-    1.2599158082E+00   
vpotv6pr-vpotv6per diff        5.00000000E-03   0.0000000000E+00 +-    0.0000000000E+00   
vpotv8pr-vpotv8per diff        5.00000000E-03   0.0000000000E+00 +-    0.0000000000E+00   
2piapr-2pia diff               5.00000000E-03   0.0000000000E+00 +-    0.0000000000E+00   
vd1pr-vd1 diff                 5.00000000E-03   0.0000000000E+00 +-    0.0000000000E+00   
vepr-ve diff                   5.00000000E-03   0.0000000000E+00 +-    0.0000000000E+00   
diff1 2piapr-2pia-2picxx       5.00000000E-03   0.0000000000E+00 +-    0.0000000000E+00   
diff2 vd1pr-vd1-2picxd         5.00000000E-03   0.0000000000E+00 +-    0.0000000000E+00   
diff3 vepr-ve-2picdd           5.00000000E-03   0.0000000000E+00 +-    0.0000000000E+00   
sum diff1+dif2+diff3           5.00000000E-03   0.0000000000E+00 +-    0.0000000000E+00   
proton rms                     5.00000000E-03   2.1052715769E+00 +-    1.3640374041E-02   
neutron rms                    5.00000000E-03   2.0569437259E+00 +-    1.2361256064E-02   
total rms                      5.00000000E-03   2.0785515845E+00 +-    1.1422007502E-02   
neutron-proton rms             5.00000000E-03  -4.8327850934E-02 +-    1.2332614272E-02   
GT sigXtau+                    5.00000000E-03   1.2750908497E-04 +-    2.2704854086E-05   
GT sigYtau+                    5.00000000E-03  -3.0532182218E-05 +-    2.5267953278E-05   
GT sigZtau+                    5.00000000E-03   5.9874540434E-05 +-    2.3250170767E-05   
GT sigXtau-                    5.00000000E-03   1.1444644528E-05 +-    2.0892174680E-05   
GT sigYtau-                    5.00000000E-03   1.3405762098E-04 +-    2.3153980705E-05   
GT sigZtau-                    5.00000000E-03   9.4800397452E-05 +-    2.3008268325E-05   
F tau+                         5.00000000E-03   6.0014637214E-20 +-    3.9689421420E-20   
F tau-                         5.00000000E-03   1.0584629609E-19 +-    4.0852741734E-20   
Psi**2                         5.00000000E-03   2.5935380198E-05 +-    4.6449461250E-07   
single crossing/step           5.00000000E-03   6.7598596761E-03 +-    3.8992231977E-05   
global crossing/step           5.00000000E-03   6.5823261779E-03 +-    7.6960478697E-05   
energy numerator(real)         5.00000000E-03  -1.7529943929E+01 +-    6.8408674414E-01   
denominator psit/psigi(real)   5.00000000E-03   6.5445629778E-01 +-    1.2959757800E-02   
energy numerator(aimag)        5.00000000E-03   1.2055596174E+00 +-    4.8573104543E-01   
denominator psit/psigi(aimag)  5.00000000E-03  -3.4376981415E-02 +-    8.4200389185E-03   
growth(lin dt) energy          5.00000000E-03  -1.8129625320E+02 +-    4.7494963862E+00   
growth(global) energy          5.00000000E-03  -1.6539699547E+02 +-    1.0943165920E+01
growth energy                  5.00000000E-03  -1.8122166539E+02 +-    4.7400552680E+00
Time for propagation (sec) (min) =          22.070      0.368
Time for energies (sec) (min) =              0.741      0.012
Time for load balancing (sec) (min) =        0.028      0.000
Time for block (sec) (min) =                23.382      0.390
Time for operators (sec) (min) =             0.023      0.000
Elapsed block time (sec) (min) =            44.376      0.740
 
 walkers multiplicity, block, total
   0          46763          83865
   1        1023200        1919235
   2          45825          84652
   3            225            370
   4             24             59
   5             15             19
   6              3              9
   7              1              2
   8              0              0
   9              1              1
  10              0              1
  12              0              1
 
 

iteration =                               3
walker number =                       11166
total energy-propagated        7.50000000E-03  -2.7405313797E+01 +-    2.5011067475E-01   
kinetic energy                 7.50000000E-03   9.7416053858E+01 +-    1.8124112557E+00   
potential energy               7.50000000E-03  -1.2482136766E+02 +-    1.8006958520E+00   
im energy                      7.50000000E-03   9.2933227865E-01 +-    1.8454481521E-01   
imkin energy                   7.50000000E-03  -2.8350714165E+00 +-    3.5142274567E-01   
impot energy                   7.50000000E-03   3.7644036952E+00 +-    2.6797155236E-01   
v cent                         7.50000000E-03   2.3760364348E+01 +-    1.6920557659E+00   
v tau                          7.50000000E-03  -8.7070612176E+00 +-    1.9855075560E-01   
v sigma                        7.50000000E-03  -7.7178065205E+00 +-    1.3572657591E-01   
v sigtau                       7.50000000E-03  -6.1096108837E+01 +-    4.5484780783E-01   
v tensor                       7.50000000E-03   7.4046248736E-01 +-    1.1107407958E-01   
v tenstau                      7.50000000E-03  -7.1801217916E+01 +-    7.1877627436E-01   
v ls                           7.50000000E-03   0.0000000000E+00 +-    0.0000000000E+00   
v lstau                        7.50000000E-03   0.0000000000E+00 +-    0.0000000000E+00   
vpot v6                        7.50000000E-03  -1.2482136766E+02 +-    1.8006958520E+00   
vpot v8                        7.50000000E-03  -1.2482136766E+02 +-    1.8006958520E+00   
v coulomb                      7.50000000E-03   7.5512605703E-01 +-    2.0035751113E-03   
v external                     7.50000000E-03   0.0000000000E+00 +-    0.0000000000E+00   
tni 2pipr-anticomm             7.50000000E-03   0.0000000000E+00 +-    0.0000000000E+00   
tni vd1pr                      7.50000000E-03   0.0000000000E+00 +-    0.0000000000E+00   
tni vepr                       7.50000000E-03   0.0000000000E+00 +-    0.0000000000E+00   
tni central                    7.50000000E-03   0.0000000000E+00 +-    0.0000000000E+00   
tni 2pixx-anticommutator       7.50000000E-03   0.0000000000E+00 +-    0.0000000000E+00   
tni 2pixd-anticommutator       7.50000000E-03   0.0000000000E+00 +-    0.0000000000E+00   
tni 2pidd-anticommutator       7.50000000E-03   0.0000000000E+00 +-    0.0000000000E+00   
tni 2pixx-commutator           7.50000000E-03   0.0000000000E+00 +-    0.0000000000E+00   
tni 2pixd-commutator           7.50000000E-03   0.0000000000E+00 +-    0.0000000000E+00   
tni 2pidd-commutator           7.50000000E-03   0.0000000000E+00 +-    0.0000000000E+00   
tni 2pi-tm                     7.50000000E-03   0.0000000000E+00 +-    0.0000000000E+00   
tni vd1                        7.50000000E-03   0.0000000000E+00 +-    0.0000000000E+00   
tni vd2                        7.50000000E-03   0.0000000000E+00 +-    0.0000000000E+00   
tni ve                         7.50000000E-03   0.0000000000E+00 +-    0.0000000000E+00   
vpottot v8+tni                 7.50000000E-03  -1.2482136766E+02 +-    1.8006958520E+00   
enetot v8+tni                  7.50000000E-03  -2.7405313797E+01 +-    2.5011067475E-01   
vper cent                      7.50000000E-03   2.3760364348E+01 +-    1.6920557659E+00   
vper tau                       7.50000000E-03  -8.7070612176E+00 +-    1.9855075560E-01   
vper sigma                     7.50000000E-03  -7.7178065205E+00 +-    1.3572657591E-01   
vper sigtau                    7.50000000E-03  -6.1096108837E+01 +-    4.5484780783E-01   
vper tensor                    7.50000000E-03   7.4046248736E-01 +-    1.1107407958E-01   
vper tenstau                   7.50000000E-03  -7.1801217916E+01 +-    7.1877627436E-01   
vper ls                        7.50000000E-03   0.0000000000E+00 +-    0.0000000000E+00   
vper lstau                     7.50000000E-03   0.0000000000E+00 +-    0.0000000000E+00   
vpotper v6                     7.50000000E-03  -1.2482136766E+02 +-    1.8006958520E+00   
vpotper v8                     7.50000000E-03  -1.2482136766E+02 +-    1.8006958520E+00   
vpotv6pr-vpotv6per diff        7.50000000E-03   0.0000000000E+00 +-    0.0000000000E+00   
vpotv8pr-vpotv8per diff        7.50000000E-03   0.0000000000E+00 +-    0.0000000000E+00   
2piapr-2pia diff               7.50000000E-03   0.0000000000E+00 +-    0.0000000000E+00   
vd1pr-vd1 diff                 7.50000000E-03   0.0000000000E+00 +-    0.0000000000E+00   
vepr-ve diff                   7.50000000E-03   0.0000000000E+00 +-    0.0000000000E+00   
diff1 2piapr-2pia-2picxx       7.50000000E-03   0.0000000000E+00 +-    0.0000000000E+00   
diff2 vd1pr-vd1-2picxd         7.50000000E-03   0.0000000000E+00 +-    0.0000000000E+00   
diff3 vepr-ve-2picdd           7.50000000E-03   0.0000000000E+00 +-    0.0000000000E+00   
sum diff1+dif2+diff3           7.50000000E-03   0.0000000000E+00 +-    0.0000000000E+00   
proton rms                     7.50000000E-03   2.1028240955E+00 +-    1.2077408001E-02   
neutron rms                    7.50000000E-03   2.0832405179E+00 +-    1.1942768303E-02   
total rms                      7.50000000E-03   2.0947078400E+00 +-    1.1182823023E-02   
neutron-proton rms             7.50000000E-03  -1.9583577504E-02 +-    9.0295421264E-03   
GT sigXtau+                    7.50000000E-03   2.6026302491E-04 +-    2.2221667124E-05   
GT sigYtau+                    7.50000000E-03   1.1669019972E-04 +-    2.5229237107E-05   
GT sigZtau+                    7.50000000E-03  -2.8731492458E-04 +-    2.1962142246E-05   
GT sigXtau-                    7.50000000E-03   9.7247683207E-05 +-    2.2682826731E-05   
GT sigYtau-                    7.50000000E-03   2.5529539471E-04 +-    2.5196518734E-05   
GT sigZtau-                    7.50000000E-03   1.2377573995E-04 +-    1.6060708674E-05   
F tau+                         7.50000000E-03   1.9305411084E-20 +-    3.9986571361E-20   
F tau-                         7.50000000E-03   1.0000869516E-20 +-    3.6988828204E-20   
Psi**2                         7.50000000E-03   2.5028535736E-05 +-    5.7818843875E-07   
single crossing/step           7.50000000E-03   7.1290981027E-03 +-    4.0173976460E-05   
global crossing/step           7.50000000E-03   7.0283157397E-03 +-    7.9782050361E-05   
energy numerator(real)         7.50000000E-03  -1.1845951516E+01 +-    7.3232702989E-01   
denominator psit/psigi(real)   7.50000000E-03   4.3242355852E-01 +-    1.3030751327E-02   
energy numerator(aimag)        7.50000000E-03   5.4141436145E-01 +-    4.8145625410E-01   
denominator psit/psigi(aimag)  7.50000000E-03  -5.1244582545E-03 +-    8.4115167888E-03   
growth(lin dt) energy          7.50000000E-03  -2.0575461479E+02 +-    5.0940802027E+00   
growth(global) energy          7.50000000E-03  -2.0097576646E+02 +-    9.4444015957E+00
growth energy                  7.50000000E-03  -2.0562540885E+02 +-    5.0808317306E+00
Time for propagation (sec) (min) =          21.915      0.365
Time for energies (sec) (min) =              0.785      0.013
Time for load balancing (sec) (min) =        0.032      0.001
Time for block (sec) (min) =                23.220      0.387
Time for operators (sec) (min) =             0.023      0.000
Elapsed block time (sec) (min) =            67.619      1.127
 
 walkers multiplicity, block, total
   0          48192         132057
   1        1011978        2931213
   2          47961         132613
   3            277            647
   4             46            105
   5             11             30
   6              5             14
   7              5              7
   8              2              2
   9              0              1
  10              1              2
  12              1              2
  13              1              1
  14              1              1
 
 

iteration =                               4
walker number =                       10307
total energy-propagated        1.00000000E-02  -2.0322752706E+01 +-    6.5911137323E-01   
kinetic energy                 1.00000000E-02   9.6242410731E+01 +-    2.2410513096E+00   
potential energy               1.00000000E-02  -1.1656516344E+02 +-    2.1423179415E+00   
im energy                      1.00000000E-02  -2.2465739081E-01 +-    4.7761231097E-01   
imkin energy                   1.00000000E-02  -6.9216419374E+00 +-    8.2241726512E-01   
impot energy                   1.00000000E-02   6.6969845465E+00 +-    6.9160036110E-01   
v cent                         1.00000000E-02   3.5200546955E+01 +-    2.0326272209E+00   
v tau                          1.00000000E-02  -1.0244178545E+01 +-    3.7899776674E-01   
v sigma                        1.00000000E-02  -7.3728640328E+00 +-    2.9147105123E-01   
v sigtau                       1.00000000E-02  -5.9158404007E+01 +-    4.4570448442E-01   
v tensor                       1.00000000E-02   1.7108372337E+00 +-    1.9221558938E-01   
v tenstau                      1.00000000E-02  -7.6701101041E+01 +-    1.4532436238E+00   
v ls                           1.00000000E-02   0.0000000000E+00 +-    0.0000000000E+00   
v lstau                        1.00000000E-02   0.0000000000E+00 +-    0.0000000000E+00   
vpot v6                        1.00000000E-02  -1.1656516344E+02 +-    2.1423179415E+00   
vpot v8                        1.00000000E-02  -1.1656516344E+02 +-    2.1423179415E+00   
v coulomb                      1.00000000E-02   7.0372143535E-01 +-    2.8592983129E-03   
v external                     1.00000000E-02   0.0000000000E+00 +-    0.0000000000E+00   
tni 2pipr-anticomm             1.00000000E-02   0.0000000000E+00 +-    0.0000000000E+00   
tni vd1pr                      1.00000000E-02   0.0000000000E+00 +-    0.0000000000E+00   
tni vepr                       1.00000000E-02   0.0000000000E+00 +-    0.0000000000E+00   
tni central                    1.00000000E-02   0.0000000000E+00 +-    0.0000000000E+00   
tni 2pixx-anticommutator       1.00000000E-02   0.0000000000E+00 +-    0.0000000000E+00   
tni 2pixd-anticommutator       1.00000000E-02   0.0000000000E+00 +-    0.0000000000E+00   
tni 2pidd-anticommutator       1.00000000E-02   0.0000000000E+00 +-    0.0000000000E+00   
tni 2pixx-commutator           1.00000000E-02   0.0000000000E+00 +-    0.0000000000E+00   
tni 2pixd-commutator           1.00000000E-02   0.0000000000E+00 +-    0.0000000000E+00   
tni 2pidd-commutator           1.00000000E-02   0.0000000000E+00 +-    0.0000000000E+00   
tni 2pi-tm                     1.00000000E-02   0.0000000000E+00 +-    0.0000000000E+00   
tni vd1                        1.00000000E-02   0.0000000000E+00 +-    0.0000000000E+00   
tni vd2                        1.00000000E-02   0.0000000000E+00 +-    0.0000000000E+00   
tni ve                         1.00000000E-02   0.0000000000E+00 +-    0.0000000000E+00   
vpottot v8+tni                 1.00000000E-02  -1.1656516344E+02 +-    2.1423179415E+00   
enetot v8+tni                  1.00000000E-02  -2.0322752706E+01 +-    6.5911137323E-01   
vper cent                      1.00000000E-02   3.5200546955E+01 +-    2.0326272209E+00   
vper tau                       1.00000000E-02  -1.0244178545E+01 +-    3.7899776674E-01   
vper sigma                     1.00000000E-02  -7.3728640328E+00 +-    2.9147105123E-01   
vper sigtau                    1.00000000E-02  -5.9158404007E+01 +-    4.4570448442E-01   
vper tensor                    1.00000000E-02   1.7108372337E+00 +-    1.9221558938E-01   
vper tenstau                   1.00000000E-02  -7.6701101041E+01 +-    1.4532436238E+00   
vper ls                        1.00000000E-02   0.0000000000E+00 +-    0.0000000000E+00   
vper lstau                     1.00000000E-02   0.0000000000E+00 +-    0.0000000000E+00   
vpotper v6                     1.00000000E-02  -1.1656516344E+02 +-    2.1423179415E+00   
vpotper v8                     1.00000000E-02  -1.1656516344E+02 +-    2.1423179415E+00   
vpotv6pr-vpotv6per diff        1.00000000E-02   0.0000000000E+00 +-    0.0000000000E+00   
vpotv8pr-vpotv8per diff        1.00000000E-02   0.0000000000E+00 +-    0.0000000000E+00   
2piapr-2pia diff               1.00000000E-02   0.0000000000E+00 +-    0.0000000000E+00   
vd1pr-vd1 diff                 1.00000000E-02   0.0000000000E+00 +-    0.0000000000E+00   
vepr-ve diff                   1.00000000E-02   0.0000000000E+00 +-    0.0000000000E+00   
diff1 2piapr-2pia-2picxx       1.00000000E-02   0.0000000000E+00 +-    0.0000000000E+00   
diff2 vd1pr-vd1-2picxd         1.00000000E-02   0.0000000000E+00 +-    0.0000000000E+00   
diff3 vepr-ve-2picdd           1.00000000E-02   0.0000000000E+00 +-    0.0000000000E+00   
sum diff1+dif2+diff3           1.00000000E-02   0.0000000000E+00 +-    0.0000000000E+00   
proton rms                     1.00000000E-02   2.0831199074E+00 +-    1.2692547051E-02   
neutron rms                    1.00000000E-02   2.0524638808E+00 +-    1.3289597815E-02   
total rms                      1.00000000E-02   2.0853173586E+00 +-    1.1146431197E-02   
neutron-proton rms             1.00000000E-02  -3.0656026577E-02 +-    1.3771792411E-02   
GT sigXtau+                    1.00000000E-02   8.2771743063E-05 +-    2.3704351610E-05   
GT sigYtau+                    1.00000000E-02   1.1988721193E-04 +-    3.9265529443E-05   
GT sigZtau+                    1.00000000E-02  -9.9050871262E-05 +-    2.9636778726E-05   
GT sigXtau-                    1.00000000E-02   2.5053393945E-04 +-    2.2521018246E-05   
GT sigYtau-                    1.00000000E-02  -1.2467694487E-04 +-    2.5828264487E-05   
GT sigZtau-                    1.00000000E-02  -2.3686468137E-04 +-    1.2007231825E-05   
F tau+                         1.00000000E-02   7.6288742089E-20 +-    4.1445665531E-20   
F tau-                         1.00000000E-02   6.7250137559E-19 +-    3.0314651794E-20   
Psi**2                         1.00000000E-02   2.8594432105E-05 +-    7.2375300271E-07   
single crossing/step           1.00000000E-02   6.9087971071E-03 +-    3.9616778252E-05   
global crossing/step           1.00000000E-02   6.7408924294E-03 +-    7.8271442879E-05   
energy numerator(real)         1.00000000E-02  -5.2482897318E+00 +-    1.0537917424E+00   
denominator psit/psigi(real)   1.00000000E-02   2.6182183101E-01 +-    1.3891875270E-02   
energy numerator(aimag)        1.00000000E-02  -1.4305034647E+00 +-    7.6906173076E-01   
denominator psit/psigi(aimag)  1.00000000E-02   1.7796620605E-02 +-    8.9273588482E-03   
growth(lin dt) energy          1.00000000E-02  -2.1647084942E+02 +-    5.3986506244E+00   
growth(global) energy          1.00000000E-02  -2.1822274554E+02 +-    1.1503196474E+01
growth energy                  1.00000000E-02  -2.1631302405E+02 +-    5.3831511711E+00
Time for propagation (sec) (min) =          21.848      0.364
Time for energies (sec) (min) =              0.725      0.012
Time for load balancing (sec) (min) =        0.029      0.000
Time for block (sec) (min) =                23.066      0.384
Time for operators (sec) (min) =             0.023      0.000
Elapsed block time (sec) (min) =            90.717      1.512
 
 walkers multiplicity, block, total
   0          51325         183382
   1        1015744        3946957
   2          49419         182032
   3            325            972
   4             47            152
   5             25             55
   6              6             20
   7              3             10
   8              1              3
   9              2              3
  10              1              3
  11              1              1
  12              1              3
  13              0              1
  14              0              1
  19              2              2
  20              1              1
 
 

iteration =                               5
walker number =                       10551
total energy-propagated        1.25000000E-02  -2.0658032457E+01 +-    6.6338282113E-01   
kinetic energy                 1.25000000E-02   1.0806947596E+02 +-    2.5015942285E+00   
potential energy               1.25000000E-02  -1.2872750842E+02 +-    2.3564286260E+00   
im energy                      1.25000000E-02   5.8072838263E-01 +-    2.0273420476E-01   
imkin energy                   1.25000000E-02  -3.6144344250E+00 +-    9.5462287839E-01   
impot energy                   1.25000000E-02   4.1951628077E+00 +-    8.5565290438E-01   
v cent                         1.25000000E-02   3.5368942474E+01 +-    2.3026508587E+00   
v tau                          1.25000000E-02  -1.4379143265E+01 +-    6.4542277057E-01   
v sigma                        1.25000000E-02  -1.1940367810E+01 +-    4.6405515789E-01   
v sigtau                       1.25000000E-02  -7.0432818821E+01 +-    6.0078822392E-01   
v tensor                       1.25000000E-02   9.6175909661E-01 +-    2.3202742583E-01   
v tenstau                      1.25000000E-02  -6.8305880096E+01 +-    1.7317089776E+00   
v ls                           1.25000000E-02   0.0000000000E+00 +-    0.0000000000E+00   
v lstau                        1.25000000E-02   0.0000000000E+00 +-    0.0000000000E+00   
vpot v6                        1.25000000E-02  -1.2872750842E+02 +-    2.3564286260E+00   
vpot v8                        1.25000000E-02  -1.2872750842E+02 +-    2.3564286260E+00   
v coulomb                      1.25000000E-02   8.0372673601E-01 +-    3.3850548249E-03   
v external                     1.25000000E-02   0.0000000000E+00 +-    0.0000000000E+00   
tni 2pipr-anticomm             1.25000000E-02   0.0000000000E+00 +-    0.0000000000E+00   
tni vd1pr                      1.25000000E-02   0.0000000000E+00 +-    0.0000000000E+00   
tni vepr                       1.25000000E-02   0.0000000000E+00 +-    0.0000000000E+00   
tni central                    1.25000000E-02   0.0000000000E+00 +-    0.0000000000E+00   
tni 2pixx-anticommutator       1.25000000E-02   0.0000000000E+00 +-    0.0000000000E+00   
tni 2pixd-anticommutator       1.25000000E-02   0.0000000000E+00 +-    0.0000000000E+00   
tni 2pidd-anticommutator       1.25000000E-02   0.0000000000E+00 +-    0.0000000000E+00   
tni 2pixx-commutator           1.25000000E-02   0.0000000000E+00 +-    0.0000000000E+00   
tni 2pixd-commutator           1.25000000E-02   0.0000000000E+00 +-    0.0000000000E+00   
tni 2pidd-commutator           1.25000000E-02   0.0000000000E+00 +-    0.0000000000E+00   
tni 2pi-tm                     1.25000000E-02   0.0000000000E+00 +-    0.0000000000E+00   
tni vd1                        1.25000000E-02   0.0000000000E+00 +-    0.0000000000E+00   
tni vd2                        1.25000000E-02   0.0000000000E+00 +-    0.0000000000E+00   
tni ve                         1.25000000E-02   0.0000000000E+00 +-    0.0000000000E+00   
vpottot v8+tni                 1.25000000E-02  -1.2872750842E+02 +-    2.3564286260E+00   
enetot v8+tni                  1.25000000E-02  -2.0658032457E+01 +-    6.6338282113E-01   
vper cent                      1.25000000E-02   3.5368942474E+01 +-    2.3026508587E+00   
vper tau                       1.25000000E-02  -1.4379143265E+01 +-    6.4542277057E-01   
vper sigma                     1.25000000E-02  -1.1940367810E+01 +-    4.6405515789E-01   
vper sigtau                    1.25000000E-02  -7.0432818821E+01 +-    6.0078822392E-01   
vper tensor                    1.25000000E-02   9.6175909661E-01 +-    2.3202742583E-01   
vper tenstau                   1.25000000E-02  -6.8305880096E+01 +-    1.7317089776E+00   
vper ls                        1.25000000E-02   0.0000000000E+00 +-    0.0000000000E+00   
vper lstau                     1.25000000E-02   0.0000000000E+00 +-    0.0000000000E+00   
vpotper v6                     1.25000000E-02  -1.2872750842E+02 +-    2.3564286260E+00   
vpotper v8                     1.25000000E-02  -1.2872750842E+02 +-    2.3564286260E+00   
vpotv6pr-vpotv6per diff        1.25000000E-02   0.0000000000E+00 +-    0.0000000000E+00   
vpotv8pr-vpotv8per diff        1.25000000E-02   0.0000000000E+00 +-    0.0000000000E+00   
2piapr-2pia diff               1.25000000E-02   0.0000000000E+00 +-    0.0000000000E+00   
vd1pr-vd1 diff                 1.25000000E-02   0.0000000000E+00 +-    0.0000000000E+00   
vepr-ve diff                   1.25000000E-02   0.0000000000E+00 +-    0.0000000000E+00   
diff1 2piapr-2pia-2picxx       1.25000000E-02   0.0000000000E+00 +-    0.0000000000E+00   
diff2 vd1pr-vd1-2picxd         1.25000000E-02   0.0000000000E+00 +-    0.0000000000E+00   
diff3 vepr-ve-2picdd           1.25000000E-02   0.0000000000E+00 +-    0.0000000000E+00   
sum diff1+dif2+diff3           1.25000000E-02   0.0000000000E+00 +-    0.0000000000E+00   
proton rms                     1.25000000E-02   1.9278034245E+00 +-    1.2766599668E-02   
neutron rms                    1.25000000E-02   1.8481486119E+00 +-    1.1870634577E-02   
total rms                      1.25000000E-02   1.8870957756E+00 +-    1.1312075965E-02   
neutron-proton rms             1.25000000E-02  -7.9654812627E-02 +-    9.8146626624E-03   
GT sigXtau+                    1.25000000E-02  -5.1868507666E-05 +-    1.4862047515E-05   
GT sigYtau+                    1.25000000E-02   4.5322740512E-04 +-    2.3074377618E-05   
GT sigZtau+                    1.25000000E-02  -9.8575454719E-04 +-    2.2907783989E-05   
GT sigXtau-                    1.25000000E-02   1.0181600923E-04 +-    3.1734925149E-05   
GT sigYtau-                    1.25000000E-02   5.2410573737E-04 +-    2.3093442350E-05   
GT sigZtau-                    1.25000000E-02   5.5238732773E-05 +-    3.3923165498E-05   
F tau+                         1.25000000E-02  -8.9518023858E-20 +-    3.8746848438E-20   
F tau-                         1.25000000E-02  -1.9401054171E-19 +-    4.1711351211E-20   
Psi**2                         1.25000000E-02   3.2140292544E-05 +-    9.9610282806E-07   
single crossing/step           1.25000000E-02   8.2579965771E-03 +-    4.3450936118E-05   
global crossing/step           1.25000000E-02   8.0362280352E-03 +-    8.5736640414E-05   
energy numerator(real)         1.25000000E-02  -4.2142343564E+00 +-    1.0250778308E+00   
denominator psit/psigi(real)   1.25000000E-02   1.8781976437E-01 +-    1.4029209186E-02   
energy numerator(aimag)        1.25000000E-02   4.4247676238E-01 +-    6.4982207109E-01   
denominator psit/psigi(aimag)  1.25000000E-02   4.5447578403E-02 +-    9.1226941650E-03   
growth(lin dt) energy          1.25000000E-02  -2.5840164438E+02 +-    5.7468175964E+00   
growth(global) energy          1.25000000E-02  -2.6089713627E+02 +-    1.0869146854E+01
growth energy                  1.25000000E-02  -2.5810441068E+02 +-    5.7243103259E+00
Time for propagation (sec) (min) =          21.691      0.362
Time for energies (sec) (min) =              0.742      0.012
Time for load balancing (sec) (min) =        0.028      0.000
Time for block (sec) (min) =                22.926      0.382
Time for operators (sec) (min) =             0.025      0.000
Elapsed block time (sec) (min) =           113.668      1.894
 
 walkers multiplicity, block, total
   0          53788         237170
   1        1001404        4948361
   2          52784         234816
   3            409           1381
   4             66            218
   5             23             78
   6              5             25
   7              6             16
   8              0              3
   9              1              4
  10              1              4
  11              2              3
  12              1              4
  13              0              1
  14              1              2
  19              1              3
  20              0              1
 
 

iteration =                               6
walker number =                       10290
total energy-propagated        1.50000000E-02  -2.8922919978E+01 +-    8.2496913253E-01   
kinetic energy                 1.50000000E-02  -5.8187373996E+01 +-    2.5730661513E+00   
potential energy               1.50000000E-02   2.9264454017E+01 +-    2.5039791721E+00   
im energy                      1.50000000E-02   6.2524087622E+00 +-    4.0983279576E-01   
imkin energy                   1.50000000E-02   3.0755025420E+01 +-    9.6243407028E-01   
impot energy                   1.50000000E-02  -2.4502616658E+01 +-    1.0046604151E+00   
v cent                         1.50000000E-02   1.1621433433E+02 +-    3.4741891347E+00   
v tau                          1.50000000E-02  -2.7626213291E+01 +-    6.0404719623E-01   
v sigma                        1.50000000E-02   1.1995260036E+01 +-    5.4361092590E-01   
v sigtau                       1.50000000E-02  -4.1739235698E+01 +-    6.1429314011E-01   
v tensor                       1.50000000E-02  -1.8564541854E+00 +-    2.8387746341E-01   
v tenstau                      1.50000000E-02  -2.7723237175E+01 +-    1.1735836206E+00   
v ls                           1.50000000E-02   0.0000000000E+00 +-    0.0000000000E+00   
v lstau                        1.50000000E-02   0.0000000000E+00 +-    0.0000000000E+00   
vpot v6                        1.50000000E-02   2.9264454017E+01 +-    2.5039791721E+00   
vpot v8                        1.50000000E-02   2.9264454017E+01 +-    2.5039791721E+00   
v coulomb                      1.50000000E-02   7.2857664801E-01 +-    2.6691904607E-03   
v external                     1.50000000E-02   0.0000000000E+00 +-    0.0000000000E+00   
tni 2pipr-anticomm             1.50000000E-02   0.0000000000E+00 +-    0.0000000000E+00   
tni vd1pr                      1.50000000E-02   0.0000000000E+00 +-    0.0000000000E+00   
tni vepr                       1.50000000E-02   0.0000000000E+00 +-    0.0000000000E+00   
tni central                    1.50000000E-02   0.0000000000E+00 +-    0.0000000000E+00   
tni 2pixx-anticommutator       1.50000000E-02   0.0000000000E+00 +-    0.0000000000E+00   
tni 2pixd-anticommutator       1.50000000E-02   0.0000000000E+00 +-    0.0000000000E+00   
tni 2pidd-anticommutator       1.50000000E-02   0.0000000000E+00 +-    0.0000000000E+00   
tni 2pixx-commutator           1.50000000E-02   0.0000000000E+00 +-    0.0000000000E+00   
tni 2pixd-commutator           1.50000000E-02   0.0000000000E+00 +-    0.0000000000E+00   
tni 2pidd-commutator           1.50000000E-02   0.0000000000E+00 +-    0.0000000000E+00   
tni 2pi-tm                     1.50000000E-02   0.0000000000E+00 +-    0.0000000000E+00   
tni vd1                        1.50000000E-02   0.0000000000E+00 +-    0.0000000000E+00   
tni vd2                        1.50000000E-02   0.0000000000E+00 +-    0.0000000000E+00   
tni ve                         1.50000000E-02   0.0000000000E+00 +-    0.0000000000E+00   
vpottot v8+tni                 1.50000000E-02   2.9264454017E+01 +-    2.5039791721E+00   
enetot v8+tni                  1.50000000E-02  -2.8922919978E+01 +-    8.2496913253E-01   
vper cent                      1.50000000E-02   1.1621433433E+02 +-    3.4741891347E+00   
vper tau                       1.50000000E-02  -2.7626213291E+01 +-    6.0404719623E-01   
vper sigma                     1.50000000E-02   1.1995260036E+01 +-    5.4361092590E-01   
vper sigtau                    1.50000000E-02  -4.1739235698E+01 +-    6.1429314011E-01   
vper tensor                    1.50000000E-02  -1.8564541854E+00 +-    2.8387746341E-01   
vper tenstau                   1.50000000E-02  -2.7723237175E+01 +-    1.1735836206E+00   
vper ls                        1.50000000E-02   0.0000000000E+00 +-    0.0000000000E+00   
vper lstau                     1.50000000E-02   0.0000000000E+00 +-    0.0000000000E+00   
vpotper v6                     1.50000000E-02   2.9264454017E+01 +-    2.5039791721E+00   
vpotper v8                     1.50000000E-02   2.9264454017E+01 +-    2.5039791721E+00   
vpotv6pr-vpotv6per diff        1.50000000E-02   0.0000000000E+00 +-    0.0000000000E+00   
vpotv8pr-vpotv8per diff        1.50000000E-02   0.0000000000E+00 +-    0.0000000000E+00   
2piapr-2pia diff               1.50000000E-02   0.0000000000E+00 +-    0.0000000000E+00   
vd1pr-vd1 diff                 1.50000000E-02   0.0000000000E+00 +-    0.0000000000E+00   
vepr-ve diff                   1.50000000E-02   0.0000000000E+00 +-    0.0000000000E+00   
diff1 2piapr-2pia-2picxx       1.50000000E-02   0.0000000000E+00 +-    0.0000000000E+00   
diff2 vd1pr-vd1-2picxd         1.50000000E-02   0.0000000000E+00 +-    0.0000000000E+00   
diff3 vepr-ve-2picdd           1.50000000E-02   0.0000000000E+00 +-    0.0000000000E+00   
sum diff1+dif2+diff3           1.50000000E-02   0.0000000000E+00 +-    0.0000000000E+00   
proton rms                     1.50000000E-02   2.1266442808E+00 +-    1.3843912591E-02   
neutron rms                    1.50000000E-02   2.2664467800E+00 +-    1.1379031778E-02   
total rms                      1.50000000E-02   2.2007801127E+00 +-    9.5702098855E-03   
neutron-proton rms             1.50000000E-02   1.3980249925E-01 +-    1.5555834300E-02   
GT sigXtau+                    1.50000000E-02   5.9415402879E-04 +-    3.4659362217E-05   
GT sigYtau+                    1.50000000E-02   1.3850847238E-03 +-    1.7877016991E-05   
GT sigZtau+                    1.50000000E-02  -5.5379437821E-04 +-    3.7819094579E-05   
GT sigXtau-                    1.50000000E-02  -3.3040742193E-04 +-    2.3761335865E-05   
GT sigYtau-                    1.50000000E-02   1.0447580557E-03 +-    2.8302402179E-05   
GT sigZtau-                    1.50000000E-02   3.5644480464E-04 +-    3.7408704432E-05   
F tau+                         1.50000000E-02  -1.2637544810E-18 +-    4.9092329685E-20   
F tau-                         1.50000000E-02   5.4617970709E-19 +-    1.4590501449E-20   
Psi**2                         1.50000000E-02  -2.4671159735E-06 +-    1.2758623290E-06   
single crossing/step           1.50000000E-02   7.0918288241E-03 +-    3.9951930210E-05   
global crossing/step           1.50000000E-02   6.9191006529E-03 +-    7.8931659918E-05   
energy numerator(real)         1.50000000E-02  -2.2506867831E+00 +-    9.0834468748E-01   
denominator psit/psigi(real)   1.50000000E-02   6.6616671526E-02 +-    1.3800790639E-02   
energy numerator(aimag)        1.50000000E-02   9.2484691081E-01 +-    6.3878510798E-01   
denominator psit/psigi(aimag)  1.50000000E-02   1.5661992223E-02 +-    9.3753154682E-03   
growth(lin dt) energy          1.50000000E-02  -2.4189476141E+02 +-    5.5727174470E+00   
growth(global) energy          1.50000000E-02  -2.4219864160E+02 +-    1.0975183784E+01
growth energy                  1.50000000E-02  -2.4165761920E+02 +-    5.5531867426E+00
Time for propagation (sec) (min) =          22.064      0.368
Time for energies (sec) (min) =              0.724      0.012
Time for load balancing (sec) (min) =        0.030      0.000
Time for block (sec) (min) =                23.284      0.388
Time for operators (sec) (min) =             0.026      0.000
Elapsed block time (sec) (min) =           136.986      2.283
 
 walkers multiplicity, block, total
   0          53836         291006
   1        1020258        5968619
   2          52426         287242
   3            346           1727
   4             68            286
   5             12             90
   6             17             42
   7              5             21
   8              2              5
   9              2              6
  10              2              6
  11              0              3
  12              0              4
  13              2              3
  14              0              2
  19              1              4
  20              0              1
 
 

iteration =                               7
walker number =                       10127
total energy-propagated        1.75000000E-02  -4.6602556671E+01 +-    6.8753354373E-01   
kinetic energy                 1.75000000E-02   2.5542462453E+02 +-    3.1676334736E+00   
potential energy               1.75000000E-02  -3.0202718120E+02 +-    3.2525920808E+00   
im energy                      1.75000000E-02  -4.3293862182E-01 +-    6.3652141969E-01   
imkin energy                   1.75000000E-02  -2.2002957117E+01 +-    6.6044715668E-01   
impot energy                   1.75000000E-02   2.1570018495E+01 +-    6.5919036016E-01   
v cent                         1.75000000E-02   3.4292059255E+01 +-    2.7052834329E+00   
v tau                          1.75000000E-02  -4.6544565986E+01 +-    5.0415093440E-01   
v sigma                        1.75000000E-02  -1.2928741111E+01 +-    8.5519179340E-01   
v sigtau                       1.75000000E-02  -1.3886553517E+02 +-    1.0585634992E+00   
v tensor                       1.75000000E-02   2.4614016740E+00 +-    1.8221003005E-01   
v tenstau                      1.75000000E-02  -1.4044179986E+02 +-    1.3694409978E+00   
v ls                           1.75000000E-02   0.0000000000E+00 +-    0.0000000000E+00   
v lstau                        1.75000000E-02   0.0000000000E+00 +-    0.0000000000E+00   
vpot v6                        1.75000000E-02  -3.0202718120E+02 +-    3.2525920808E+00   
vpot v8                        1.75000000E-02  -3.0202718120E+02 +-    3.2525920808E+00   
v coulomb                      1.75000000E-02   7.7245656837E-01 +-    6.6162157378E-03   
v external                     1.75000000E-02   0.0000000000E+00 +-    0.0000000000E+00   
tni 2pipr-anticomm             1.75000000E-02   0.0000000000E+00 +-    0.0000000000E+00   
tni vd1pr                      1.75000000E-02   0.0000000000E+00 +-    0.0000000000E+00   
tni vepr                       1.75000000E-02   0.0000000000E+00 +-    0.0000000000E+00   
tni central                    1.75000000E-02   0.0000000000E+00 +-    0.0000000000E+00   
tni 2pixx-anticommutator       1.75000000E-02   0.0000000000E+00 +-    0.0000000000E+00   
tni 2pixd-anticommutator       1.75000000E-02   0.0000000000E+00 +-    0.0000000000E+00   
tni 2pidd-anticommutator       1.75000000E-02   0.0000000000E+00 +-    0.0000000000E+00   
tni 2pixx-commutator           1.75000000E-02   0.0000000000E+00 +-    0.0000000000E+00   
tni 2pixd-commutator           1.75000000E-02   0.0000000000E+00 +-    0.0000000000E+00   
tni 2pidd-commutator           1.75000000E-02   0.0000000000E+00 +-    0.0000000000E+00   
tni 2pi-tm                     1.75000000E-02   0.0000000000E+00 +-    0.0000000000E+00   
tni vd1                        1.75000000E-02   0.0000000000E+00 +-    0.0000000000E+00   
tni vd2                        1.75000000E-02   0.0000000000E+00 +-    0.0000000000E+00   
tni ve                         1.75000000E-02   0.0000000000E+00 +-    0.0000000000E+00   
vpottot v8+tni                 1.75000000E-02  -3.0202718120E+02 +-    3.2525920808E+00   
enetot v8+tni                  1.75000000E-02  -4.6602556671E+01 +-    6.8753354373E-01   
vper cent                      1.75000000E-02   3.4292059255E+01 +-    2.7052834329E+00   
vper tau                       1.75000000E-02  -4.6544565986E+01 +-    5.0415093440E-01   
vper sigma                     1.75000000E-02  -1.2928741111E+01 +-    8.5519179340E-01   
vper sigtau                    1.75000000E-02  -1.3886553517E+02 +-    1.0585634992E+00   
vper tensor                    1.75000000E-02   2.4614016740E+00 +-    1.8221003005E-01   
vper tenstau                   1.75000000E-02  -1.4044179986E+02 +-    1.3694409978E+00   
vper ls                        1.75000000E-02   0.0000000000E+00 +-    0.0000000000E+00   
vper lstau                     1.75000000E-02   0.0000000000E+00 +-    0.0000000000E+00   
vpotper v6                     1.75000000E-02  -3.0202718120E+02 +-    3.2525920808E+00   
vpotper v8                     1.75000000E-02  -3.0202718120E+02 +-    3.2525920808E+00   
vpotv6pr-vpotv6per diff        1.75000000E-02   0.0000000000E+00 +-    0.0000000000E+00   
vpotv8pr-vpotv8per diff        1.75000000E-02   0.0000000000E+00 +-    0.0000000000E+00   
2piapr-2pia diff               1.75000000E-02   0.0000000000E+00 +-    0.0000000000E+00   
vd1pr-vd1 diff                 1.75000000E-02   0.0000000000E+00 +-    0.0000000000E+00   
vepr-ve diff                   1.75000000E-02   0.0000000000E+00 +-    0.0000000000E+00   
diff1 2piapr-2pia-2picxx       1.75000000E-02   0.0000000000E+00 +-    0.0000000000E+00   
diff2 vd1pr-vd1-2picxd         1.75000000E-02   0.0000000000E+00 +-    0.0000000000E+00   
diff3 vepr-ve-2picdd           1.75000000E-02   0.0000000000E+00 +-    0.0000000000E+00   
sum diff1+dif2+diff3           1.75000000E-02   0.0000000000E+00 +-    0.0000000000E+00   
proton rms                     1.75000000E-02   1.4571215856E+00 +-    1.5078345201E-02   
neutron rms                    1.75000000E-02   1.1933153083E+00 +-    1.3758940452E-02   
total rms                      1.75000000E-02   1.3062556662E+00 +-    1.2969978719E-02   
neutron-proton rms             1.75000000E-02  -2.6380627721E-01 +-    1.5173758105E-02   
GT sigXtau+                    1.75000000E-02  -1.8518639094E-03 +-    6.2302634154E-05   
GT sigYtau+                    1.75000000E-02  -3.4346888447E-04 +-    5.1325462813E-05   
GT sigZtau+                    1.75000000E-02  -1.5789549618E-03 +-    2.9858906637E-05   
GT sigXtau-                    1.75000000E-02   6.6569822645E-04 +-    6.5482918101E-05   
GT sigYtau-                    1.75000000E-02  -4.4647314323E-04 +-    5.1967682286E-05   
GT sigZtau-                    1.75000000E-02   3.1434551090E-04 +-    4.0134982650E-05   
F tau+                         1.75000000E-02  -5.8912575363E-19 +-    1.0682082141E-19   
F tau-                         1.75000000E-02   1.1900672937E-18 +-    9.8829718933E-20   
Psi**2                         1.75000000E-02   1.1143312274E-04 +-    1.6123743051E-06   
single crossing/step           1.75000000E-02   7.0686642816E-03 +-    4.0053003484E-05   
global crossing/step           1.75000000E-02   6.9484380186E-03 +-    7.9426658337E-05   
energy numerator(real)         1.75000000E-02  -1.7191750274E+00 +-    8.6117492216E-01   
denominator psit/psigi(real)   1.75000000E-02   3.7273981646E-02 +-    1.3997257585E-02   
energy numerator(aimag)        1.75000000E-02  -4.6938457056E-01 +-    5.8447042565E-01   
denominator psit/psigi(aimag)  1.75000000E-02   8.3608742639E-03 +-    9.2448967342E-03   
growth(lin dt) energy          1.75000000E-02  -2.4312881135E+02 +-    5.6351993610E+00   
growth(global) energy          1.75000000E-02  -2.4554953531E+02 +-    1.1671462561E+01
growth energy                  1.75000000E-02  -2.4288741062E+02 +-    5.6152726752E+00
Time for propagation (sec) (min) =          21.884      0.365
Time for energies (sec) (min) =              0.713      0.012
Time for load balancing (sec) (min) =        0.027      0.000
Time for block (sec) (min) =                23.105      0.385
Time for operators (sec) (min) =             0.021      0.000
Elapsed block time (sec) (min) =           160.112      2.669
 
 walkers multiplicity, block, total
   0          53802         344808
   1        1011104        6979723
   2          52477         339719
   3            374           2101
   4             57            343
   5             17            107
   6             12             54
   7              4             25
   8              0              5
   9              4             10
  10              2              8
  11              1              4
  12              0              4
  13              1              4
  14              0              2
  19              0              4
  20              1              2
 
 

iteration =                               8
walker number =                       10155
total energy-propagated        2.00000000E-02   4.0221875542E+01 +-    1.3721794205E+00   
kinetic energy                 2.00000000E-02   3.7922341407E+02 +-    4.8998263374E+00   
potential energy               2.00000000E-02  -3.3900153852E+02 +-    3.7255783946E+00   
im energy                      2.00000000E-02   4.6583847849E+01 +-    1.0171728844E+00   
imkin energy                   2.00000000E-02   1.2565523516E+02 +-    3.6625469773E+00   
impot energy                   2.00000000E-02  -7.9071387308E+01 +-    2.7323816120E+00   
v cent                         2.00000000E-02  -5.2927020020E+01 +-    1.9840784361E+00   
v tau                          2.00000000E-02  -1.2407611485E+01 +-    8.3412323638E-01   
v sigma                        2.00000000E-02  -2.1818193329E+01 +-    6.7087465127E-01   
v sigtau                       2.00000000E-02  -6.9287417900E+01 +-    7.2279584364E-01   
v tensor                       2.00000000E-02   4.1120834172E+00 +-    7.4062502294E-01   
v tenstau                      2.00000000E-02  -1.8667337921E+02 +-    4.4707356849E+00   
v ls                           2.00000000E-02   0.0000000000E+00 +-    0.0000000000E+00   
v lstau                        2.00000000E-02   0.0000000000E+00 +-    0.0000000000E+00   
vpot v6                        2.00000000E-02  -3.3900153852E+02 +-    3.7255783946E+00   
vpot v8                        2.00000000E-02  -3.3900153852E+02 +-    3.7255783946E+00   
v coulomb                      2.00000000E-02   8.3454822081E-01 +-    9.7429265513E-03   
v external                     2.00000000E-02   0.0000000000E+00 +-    0.0000000000E+00   
tni 2pipr-anticomm             2.00000000E-02   0.0000000000E+00 +-    0.0000000000E+00   
tni vd1pr                      2.00000000E-02   0.0000000000E+00 +-    0.0000000000E+00   
tni vepr                       2.00000000E-02   0.0000000000E+00 +-    0.0000000000E+00   
tni central                    2.00000000E-02   0.0000000000E+00 +-    0.0000000000E+00   
tni 2pixx-anticommutator       2.00000000E-02   0.0000000000E+00 +-    0.0000000000E+00   
tni 2pixd-anticommutator       2.00000000E-02   0.0000000000E+00 +-    0.0000000000E+00   
tni 2pidd-anticommutator       2.00000000E-02   0.0000000000E+00 +-    0.0000000000E+00   
tni 2pixx-commutator           2.00000000E-02   0.0000000000E+00 +-    0.0000000000E+00   
tni 2pixd-commutator           2.00000000E-02   0.0000000000E+00 +-    0.0000000000E+00   
tni 2pidd-commutator           2.00000000E-02   0.0000000000E+00 +-    0.0000000000E+00   
tni 2pi-tm                     2.00000000E-02   0.0000000000E+00 +-    0.0000000000E+00   
tni vd1                        2.00000000E-02   0.0000000000E+00 +-    0.0000000000E+00   
tni vd2                        2.00000000E-02   0.0000000000E+00 +-    0.0000000000E+00   
tni ve                         2.00000000E-02   0.0000000000E+00 +-    0.0000000000E+00   
vpottot v8+tni                 2.00000000E-02  -3.3900153852E+02 +-    3.7255783946E+00   
enetot v8+tni                  2.00000000E-02   4.0221875542E+01 +-    1.3721794205E+00   
vper cent                      2.00000000E-02  -5.2927020020E+01 +-    1.9840784361E+00   
vper tau                       2.00000000E-02  -1.2407611485E+01 +-    8.3412323638E-01   
vper sigma                     2.00000000E-02  -2.1818193329E+01 +-    6.7087465127E-01   
vper sigtau                    2.00000000E-02  -6.9287417900E+01 +-    7.2279584364E-01   
vper tensor                    2.00000000E-02   4.1120834172E+00 +-    7.4062502294E-01   
vper tenstau                   2.00000000E-02  -1.8667337921E+02 +-    4.4707356849E+00   
vper ls                        2.00000000E-02   0.0000000000E+00 +-    0.0000000000E+00   
vper lstau                     2.00000000E-02   0.0000000000E+00 +-    0.0000000000E+00   
vpotper v6                     2.00000000E-02  -3.3900153852E+02 +-    3.7255783946E+00   
vpotper v8                     2.00000000E-02  -3.3900153852E+02 +-    3.7255783946E+00   
vpotv6pr-vpotv6per diff        2.00000000E-02   0.0000000000E+00 +-    0.0000000000E+00   
vpotv8pr-vpotv8per diff        2.00000000E-02   0.0000000000E+00 +-    0.0000000000E+00   
2piapr-2pia diff               2.00000000E-02   0.0000000000E+00 +-    0.0000000000E+00   
vd1pr-vd1 diff                 2.00000000E-02   0.0000000000E+00 +-    0.0000000000E+00   
vepr-ve diff                   2.00000000E-02   0.0000000000E+00 +-    0.0000000000E+00   
diff1 2piapr-2pia-2picxx       2.00000000E-02   0.0000000000E+00 +-    0.0000000000E+00   
diff2 vd1pr-vd1-2picxd         2.00000000E-02   0.0000000000E+00 +-    0.0000000000E+00   
diff3 vepr-ve-2picdd           2.00000000E-02   0.0000000000E+00 +-    0.0000000000E+00   
sum diff1+dif2+diff3           2.00000000E-02   0.0000000000E+00 +-    0.0000000000E+00   
proton rms                     2.00000000E-02   1.1769962825E+00 +-    1.8268337383E-02   
neutron rms                    2.00000000E-02   8.9007928964E-01 +-    2.4708812750E-02   
total rms                      2.00000000E-02   1.1147630985E+00 +-    2.1421369394E-02   
neutron-proton rms             2.00000000E-02  -2.8691699281E-01 +-    1.0439315919E-02   
GT sigXtau+                    2.00000000E-02   3.7117903985E-03 +-    4.6779622702E-05   
GT sigYtau+                    2.00000000E-02   1.6652809035E-03 +-    5.9751121060E-05   
GT sigZtau+                    2.00000000E-02   1.5123714935E-03 +-    3.8606001808E-05   
GT sigXtau-                    2.00000000E-02   6.0965195956E-03 +-    7.1362157922E-05   
GT sigYtau-                    2.00000000E-02   9.2745327953E-04 +-    3.0964128048E-05   
GT sigZtau-                    2.00000000E-02  -2.9596081304E-03 +-    2.0470700584E-05   
F tau+                         2.00000000E-02   2.6389548984E-18 +-    6.3487679405E-20   
F tau-                         2.00000000E-02  -1.1722158210E-18 +-    1.0163476419E-19   
Psi**2                         2.00000000E-02   1.5232585504E-04 +-    2.2797453243E-06   
single crossing/step           2.00000000E-02   7.7042646545E-03 +-    4.1693392725E-05   
global crossing/step           2.00000000E-02   7.5128063333E-03 +-    8.2352090054E-05   
energy numerator(real)         2.00000000E-02   6.1720921342E-01 +-    9.2457499127E-01   
denominator psit/psigi(real)   2.00000000E-02   2.1850906388E-02 +-    1.4372248134E-02   
energy numerator(aimag)        2.00000000E-02   1.0098632116E+00 +-    6.4116058109E-01   
denominator psit/psigi(aimag)  2.00000000E-02   1.6482625815E-02 +-    9.6281170333E-03   
growth(lin dt) energy          2.00000000E-02  -2.5083522935E+02 +-    5.7102297346E+00   
growth(global) energy          2.00000000E-02  -2.5022293590E+02 +-    1.1102525001E+01
growth energy                  2.00000000E-02  -2.5056637978E+02 +-    5.6889402586E+00
Time for propagation (sec) (min) =          21.999      0.367
Time for energies (sec) (min) =              0.715      0.012
Time for load balancing (sec) (min) =        0.029      0.000
Time for block (sec) (min) =                23.214      0.387
Time for operators (sec) (min) =             0.015      0.000
Elapsed block time (sec) (min) =           183.342      3.056
 
 walkers multiplicity, block, total
   0          54817         399625
   1        1014599        7994322
   2          53538         393257
   3            417           2518
   4             67            410
   5             28            135
   6              7             61
   7              7             32
   8              2              7
   9              4             14
  10              2             10
  11              0              4
  12              0              4
  13              0              4
  14              0              2
  19              0              4
  20              1              3
 
 

iteration =                               9
walker number =                       11098
total energy-propagated        2.25000000E-02   1.4902901069E+01 +-    1.4929537623E+00   
kinetic energy                 2.25000000E-02   4.7760918340E+02 +-    5.0621521846E+00   
potential energy               2.25000000E-02  -4.6270628233E+02 +-    4.4927386419E+00   
im energy                      2.25000000E-02   2.0815660781E+01 +-    1.3789232170E+00   
imkin energy                   2.25000000E-02   1.1683996130E+02 +-    2.8903780952E+00   
impot energy                   2.25000000E-02  -9.6024300523E+01 +-    3.1260355528E+00   
v cent                         2.25000000E-02   2.5264256092E+02 +-    2.5476630986E+00   
v tau                          2.25000000E-02  -9.7597728587E+01 +-    1.1312442290E+00   
v sigma                        2.25000000E-02   6.6870592249E+01 +-    8.4066127768E-01   
v sigtau                       2.25000000E-02  -1.2268853926E+02 +-    1.1740663788E+00   
v tensor                       2.25000000E-02   4.7535438203E+01 +-    6.8228521803E-01   
v tenstau                      2.25000000E-02  -6.0946860586E+02 +-    5.3439468077E+00   
v ls                           2.25000000E-02   0.0000000000E+00 +-    0.0000000000E+00   
v lstau                        2.25000000E-02   0.0000000000E+00 +-    0.0000000000E+00   
vpot v6                        2.25000000E-02  -4.6270628233E+02 +-    4.4927386419E+00   
vpot v8                        2.25000000E-02  -4.6270628233E+02 +-    4.4927386419E+00   
v coulomb                      2.25000000E-02   7.1909354343E-02 +-    7.0682853421E-03   
v external                     2.25000000E-02   0.0000000000E+00 +-    0.0000000000E+00   
tni 2pipr-anticomm             2.25000000E-02   0.0000000000E+00 +-    0.0000000000E+00   
tni vd1pr                      2.25000000E-02   0.0000000000E+00 +-    0.0000000000E+00   
tni vepr                       2.25000000E-02   0.0000000000E+00 +-    0.0000000000E+00   
tni central                    2.25000000E-02   0.0000000000E+00 +-    0.0000000000E+00   
tni 2pixx-anticommutator       2.25000000E-02   0.0000000000E+00 +-    0.0000000000E+00   
tni 2pixd-anticommutator       2.25000000E-02   0.0000000000E+00 +-    0.0000000000E+00   
tni 2pidd-anticommutator       2.25000000E-02   0.0000000000E+00 +-    0.0000000000E+00   
tni 2pixx-commutator           2.25000000E-02   0.0000000000E+00 +-    0.0000000000E+00   
tni 2pixd-commutator           2.25000000E-02   0.0000000000E+00 +-    0.0000000000E+00   
tni 2pidd-commutator           2.25000000E-02   0.0000000000E+00 +-    0.0000000000E+00   
tni 2pi-tm                     2.25000000E-02   0.0000000000E+00 +-    0.0000000000E+00   
tni vd1                        2.25000000E-02   0.0000000000E+00 +-    0.0000000000E+00   
tni vd2                        2.25000000E-02   0.0000000000E+00 +-    0.0000000000E+00   
tni ve                         2.25000000E-02   0.0000000000E+00 +-    0.0000000000E+00   
vpottot v8+tni                 2.25000000E-02  -4.6270628233E+02 +-    4.4927386419E+00   
enetot v8+tni                  2.25000000E-02   1.4902901069E+01 +-    1.4929537623E+00   
vper cent                      2.25000000E-02   2.5264256092E+02 +-    2.5476630986E+00   
vper tau                       2.25000000E-02  -9.7597728587E+01 +-    1.1312442290E+00   
vper sigma                     2.25000000E-02   6.6870592249E+01 +-    8.4066127768E-01   
vper sigtau                    2.25000000E-02  -1.2268853926E+02 +-    1.1740663788E+00   
vper tensor                    2.25000000E-02   4.7535438203E+01 +-    6.8228521803E-01   
vper tenstau                   2.25000000E-02  -6.0946860586E+02 +-    5.3439468077E+00   
vper ls                        2.25000000E-02   0.0000000000E+00 +-    0.0000000000E+00   
vper lstau                     2.25000000E-02   0.0000000000E+00 +-    0.0000000000E+00   
vpotper v6                     2.25000000E-02  -4.6270628233E+02 +-    4.4927386419E+00   
vpotper v8                     2.25000000E-02  -4.6270628233E+02 +-    4.4927386419E+00   
vpotv6pr-vpotv6per diff        2.25000000E-02   0.0000000000E+00 +-    0.0000000000E+00   
vpotv8pr-vpotv8per diff        2.25000000E-02   0.0000000000E+00 +-    0.0000000000E+00   
2piapr-2pia diff               2.25000000E-02   0.0000000000E+00 +-    0.0000000000E+00   
vd1pr-vd1 diff                 2.25000000E-02   0.0000000000E+00 +-    0.0000000000E+00   
vepr-ve diff                   2.25000000E-02   0.0000000000E+00 +-    0.0000000000E+00   
diff1 2piapr-2pia-2picxx       2.25000000E-02   0.0000000000E+00 +-    0.0000000000E+00   
diff2 vd1pr-vd1-2picxd         2.25000000E-02   0.0000000000E+00 +-    0.0000000000E+00   
diff3 vepr-ve-2picdd           2.25000000E-02   0.0000000000E+00 +-    0.0000000000E+00   
sum diff1+dif2+diff3           2.25000000E-02   0.0000000000E+00 +-    0.0000000000E+00   
proton rms                     2.25000000E-02   1.4419945855E+00 +-    1.6344606219E-02   
neutron rms                    2.25000000E-02   8.1253185458E-03 +-    2.1088741766E-02   
total rms                      2.25000000E-02   7.2070534929E-01 +-    1.5217032668E-02   
neutron-proton rms             2.25000000E-02  -1.4338692670E+00 +-    1.7823800065E-02   
GT sigXtau+                    2.25000000E-02  -3.2579887897E-03 +-    6.6587533537E-05   
GT sigYtau+                    2.25000000E-02  -2.8291065191E-05 +-    5.0967155911E-05   
GT sigZtau+                    2.25000000E-02  -1.8729155428E-03 +-    8.3684461494E-05   
GT sigXtau-                    2.25000000E-02  -4.9767445127E-03 +-    7.0044528748E-05   
GT sigYtau-                    2.25000000E-02  -1.4337295557E-03 +-    4.5669415434E-05   
GT sigZtau-                    2.25000000E-02   1.7159307548E-03 +-    4.7180020741E-05   
F tau+                         2.25000000E-02  -1.4497094388E-18 +-    1.2319352667E-19   
F tau-                         2.25000000E-02  -8.4167477157E-19 +-    1.1510381345E-19   
Psi**2                         2.25000000E-02   1.5704239689E-04 +-    1.4341389272E-06   
single crossing/step           2.25000000E-02   8.5666668517E-03 +-    4.4326840814E-05   
global crossing/step           2.25000000E-02   8.3783528680E-03 +-    8.7682192690E-05   
energy numerator(real)         2.25000000E-02   2.1912195320E-01 +-    1.0204002302E+00   
denominator psit/psigi(real)   2.25000000E-02   2.5555175239E-02 +-    1.3532342684E-02   
energy numerator(aimag)        2.25000000E-02   5.6808164900E-01 +-    7.4815871002E-01   
denominator psit/psigi(aimag)  2.25000000E-02   9.7890173658E-03 +-    9.0830046407E-03   
growth(lin dt) energy          2.25000000E-02  -2.8869258830E+02 +-    6.1773671079E+00   
growth(global) energy          2.25000000E-02  -2.8706115980E+02 +-    1.4449120394E+01
growth energy                  2.25000000E-02  -2.8826750439E+02 +-    6.1485027783E+00
Time for propagation (sec) (min) =          21.622      0.360
Time for energies (sec) (min) =              0.781      0.013
Time for load balancing (sec) (min) =        0.028      0.000
Time for block (sec) (min) =                22.915      0.382
Time for operators (sec) (min) =             0.022      0.000
Elapsed block time (sec) (min) =           206.288      3.438
 
 walkers multiplicity, block, total
   0          55772         455397
   1         993283        8987605
   2          55026         448283
   3            513           3031
   4             93            503
   5             24            159
   6             18             79
   7              5             37
   8              5             12
   9              6             20
  10              2             12
  11              0              4
  12              0              4
  13              1              5
  14              0              2
  18              1              1
  19              0              4
  20              2              5
 
 

iteration =                              10
walker number =                       11425
total energy-propagated        2.50000000E-02   9.5773233733E+01 +-    1.8897111210E+00   
kinetic energy                 2.50000000E-02  -6.9501761430E+00 +-    9.1413540064E+00   
potential energy               2.50000000E-02   1.0272340988E+02 +-    8.1454056042E+00   
im energy                      2.50000000E-02   3.4816740241E+01 +-    1.2222029684E+00   
imkin energy                   2.50000000E-02  -6.5496198221E+01 +-    1.8729585955E+00   
impot energy                   2.50000000E-02   1.0031293846E+02 +-    2.2597101554E+00   
v cent                         2.50000000E-02   8.3542473243E+02 +-    6.1742202374E+00   
v tau                          2.50000000E-02  -8.7160881343E+01 +-    8.0050997115E-01   
v sigma                        2.50000000E-02  -1.0036526307E+02 +-    1.6296361934E+00   
v sigtau                       2.50000000E-02  -2.9341005277E+02 +-    2.4190422606E+00   
v tensor                       2.50000000E-02   3.3467939119E+00 +-    6.4728472164E-01   
v tenstau                      2.50000000E-02  -2.5511191928E+02 +-    3.6553094044E+00   
v ls                           2.50000000E-02   0.0000000000E+00 +-    0.0000000000E+00   
v lstau                        2.50000000E-02   0.0000000000E+00 +-    0.0000000000E+00   
vpot v6                        2.50000000E-02   1.0272340988E+02 +-    8.1454056042E+00   
vpot v8                        2.50000000E-02   1.0272340988E+02 +-    8.1454056042E+00   
v coulomb                      2.50000000E-02   1.5959447696E-01 +-    1.2184603685E-02   
v external                     2.50000000E-02   0.0000000000E+00 +-    0.0000000000E+00   
tni 2pipr-anticomm             2.50000000E-02   0.0000000000E+00 +-    0.0000000000E+00   
tni vd1pr                      2.50000000E-02   0.0000000000E+00 +-    0.0000000000E+00   
tni vepr                       2.50000000E-02   0.0000000000E+00 +-    0.0000000000E+00   
tni central                    2.50000000E-02   0.0000000000E+00 +-    0.0000000000E+00   
tni 2pixx-anticommutator       2.50000000E-02   0.0000000000E+00 +-    0.0000000000E+00   
tni 2pixd-anticommutator       2.50000000E-02   0.0000000000E+00 +-    0.0000000000E+00   
tni 2pidd-anticommutator       2.50000000E-02   0.0000000000E+00 +-    0.0000000000E+00   
tni 2pixx-commutator           2.50000000E-02   0.0000000000E+00 +-    0.0000000000E+00   
tni 2pixd-commutator           2.50000000E-02   0.0000000000E+00 +-    0.0000000000E+00   
tni 2pidd-commutator           2.50000000E-02   0.0000000000E+00 +-    0.0000000000E+00   
tni 2pi-tm                     2.50000000E-02   0.0000000000E+00 +-    0.0000000000E+00   
tni vd1                        2.50000000E-02   0.0000000000E+00 +-    0.0000000000E+00   
tni vd2                        2.50000000E-02   0.0000000000E+00 +-    0.0000000000E+00   
tni ve                         2.50000000E-02   0.0000000000E+00 +-    0.0000000000E+00   
vpottot v8+tni                 2.50000000E-02   1.0272340988E+02 +-    8.1454056042E+00   
enetot v8+tni                  2.50000000E-02   9.5773233733E+01 +-    1.8897111210E+00   
vper cent                      2.50000000E-02   8.3542473243E+02 +-    6.1742202374E+00   
vper tau                       2.50000000E-02  -8.7160881343E+01 +-    8.0050997115E-01   
vper sigma                     2.50000000E-02  -1.0036526307E+02 +-    1.6296361934E+00   
vper sigtau                    2.50000000E-02  -2.9341005277E+02 +-    2.4190422606E+00   
vper tensor                    2.50000000E-02   3.3467939119E+00 +-    6.4728472164E-01   
vper tenstau                   2.50000000E-02  -2.5511191928E+02 +-    3.6553094044E+00   
vper ls                        2.50000000E-02   0.0000000000E+00 +-    0.0000000000E+00   
vper lstau                     2.50000000E-02   0.0000000000E+00 +-    0.0000000000E+00   
vpotper v6                     2.50000000E-02   1.0272340988E+02 +-    8.1454056042E+00   
vpotper v8                     2.50000000E-02   1.0272340988E+02 +-    8.1454056042E+00   
vpotv6pr-vpotv6per diff        2.50000000E-02   0.0000000000E+00 +-    0.0000000000E+00   
vpotv8pr-vpotv8per diff        2.50000000E-02   0.0000000000E+00 +-    0.0000000000E+00   
2piapr-2pia diff               2.50000000E-02   0.0000000000E+00 +-    0.0000000000E+00   
vd1pr-vd1 diff                 2.50000000E-02   0.0000000000E+00 +-    0.0000000000E+00   
vepr-ve diff                   2.50000000E-02   0.0000000000E+00 +-    0.0000000000E+00   
diff1 2piapr-2pia-2picxx       2.50000000E-02   0.0000000000E+00 +-    0.0000000000E+00   
diff2 vd1pr-vd1-2picxd         2.50000000E-02   0.0000000000E+00 +-    0.0000000000E+00   
diff3 vepr-ve-2picdd           2.50000000E-02   0.0000000000E+00 +-    0.0000000000E+00   
sum diff1+dif2+diff3           2.50000000E-02   0.0000000000E+00 +-    0.0000000000E+00   
proton rms                     2.50000000E-02   1.7265597680E+00 +-    2.7210941233E-02   
neutron rms                    2.50000000E-02  -1.2275229373E-01 +-    1.9405286474E-02   
total rms                      2.50000000E-02   9.3687498632E-01 +-    1.7613184409E-02   
neutron-proton rms             2.50000000E-02  -1.8493120617E+00 +-    3.3114392503E-02   
GT sigXtau+                    2.50000000E-02   3.9327402776E-03 +-    7.1214358609E-05   
GT sigYtau+                    2.50000000E-02  -5.1672171425E-03 +-    1.0140254943E-04   
GT sigZtau+                    2.50000000E-02  -3.6274083976E-03 +-    7.6590528555E-05   
GT sigXtau-                    2.50000000E-02  -3.2737826096E-03 +-    1.1514653359E-04   
GT sigYtau-                    2.50000000E-02  -3.4332733730E-03 +-    5.8090155704E-05   
GT sigZtau-                    2.50000000E-02   2.9729193624E-03 +-    9.0188692134E-05   
F tau+                         2.50000000E-02   7.6823736605E-19 +-    3.8997555264E-19   
F tau-                         2.50000000E-02   7.0127368896E-19 +-    1.6162923349E-19   
Psi**2                         2.50000000E-02   3.4427976248E-04 +-    2.9262021763E-06   
single crossing/step           2.50000000E-02   8.3349033844E-03 +-    4.3578611359E-05   
global crossing/step           2.50000000E-02   8.1455782000E-03 +-    8.6169884265E-05   
energy numerator(real)         2.50000000E-02   5.2885805123E-01 +-    9.8310775751E-01   
denominator psit/psigi(real)   2.50000000E-02   1.1278581805E-02 +-    1.3158104160E-02   
energy numerator(aimag)        2.50000000E-02   1.5434727297E+00 +-    6.8443278118E-01   
denominator psit/psigi(aimag)  2.50000000E-02   8.1238880552E-03 +-    8.8332683703E-03   
growth(lin dt) energy          2.50000000E-02  -2.8287433569E+02 +-    6.0952452925E+00   
growth(global) energy          2.50000000E-02  -2.6600905918E+02 +-    1.1993912729E+01
growth energy                  2.50000000E-02  -2.8247557370E+02 +-    6.0676493380E+00
Time for propagation (sec) (min) =          21.768      0.363
Time for energies (sec) (min) =              0.804      0.013
Time for load balancing (sec) (min) =        0.028      0.000
Time for block (sec) (min) =                23.058      0.384
Time for operators (sec) (min) =             0.022      0.000
Elapsed block time (sec) (min) =           229.368      3.823
 
 walkers multiplicity, block, total
   0          56872         512269
   1         999050        9986655
   2          55614         503897
   3            471           3502
   4            105            608
   5             30            189
   6             13             92
   7              2             39
   8              2             14
   9              0             20
  10              4             16
  11              2              6
  12              3              7
  13              1              6
  14              0              2
  17              1              1
  18              0              1
  19              0              4
  20              0              5
 
 

Time for steps      =     229.376 seconds,        3.823 minutes
Master Time for steps =     229.227 seconds,        3.820 minutes

Number of cpus =       100
Total job time =     234.565 seconds,        3.909 minutes,        0.065 hours
Total cpu-time =     390.941 minutes,        6.516 hours
Total time =         234.355 seconds,        3.906 minutes,        0.065 hours
Finished!
