Unconstrained Diffusion Monte Carlo Run -- no drift
!-!-!-!-!-!-!-!-!-!-!-!-!-!-!-!-!-!-!-!-!-!-!-!-!-!
MPI parameters:
Number of boss cpus =                         100
Number of worker cpus for each boss =           0
Total number of cpus =                        100
Simulation parameters:
random number seed =                          321
hbar^2/2m =                              20.73554
start from sites =                              F
nwalk =                                     10000
equilibration blocks =                          0
averaging blocks =                             10
nsteps/blocks =                               100
time step =                          0.0000250000
time step rotations (vmc) =          0.1700000000
trial energy =                          -26.00000
drift cutoff =                            0.00000
drastic population control up =           1.20000
drastic population control down =         0.80000
rebalance if walkers fluctuate more than   2.00 %
weight cut off =                         20.00000
table size =                                 8000
!-!-!-!-!-!-!-!-!-!-!-!-!-!-!-!-!-!-!-!-!-!-!-!-!-!
System parameters:
lpot =                                         11
lpotper =                                      11
potential  =                          argonne v6'
potentialpr =                         argonne v6'
Coulomb included in energy-propagation          F
multiply central v by =                   1.00000
multiply tau v by =                       1.00000
multiply sigma v by =                     1.00000
multiply sigma tau v by =                 1.00000
multiply tensor v by =                    1.00000
multiply tensor tau v by =                1.00000
multiply spin-orbit v by =                0.00000
multiply spin-orbit tau v by =            0.00000
three-body potential =                        no3
ibox (0 is nearest image) =                     0
!-!-!-!-!-!-!-!-!-!-!-!-!-!-!-!-!-!-!-!-!-!-!-!-!-!
propagate LS =                                  F
calculate LS =                                  F
type of correlations =           independent pair
scale orbital   1 with factor    1.14000
determinant # 1
coefficient                     1.00000   0.00000
1  1  0  1  alpha.orb    # 2J,2M,L,tau radial_file for state                    
1 -1  0  1  alpha.orb    # 2J,2M,L,tau radial_file for state                    
1  1  0 -1  alpha.orb    # 2J,2M,L,tau radial_file for state                    
1 -1  0 -1  alpha.orb    # 2J,2M,L,tau radial_file for state                    
rescaled coefficient            1.00000   0.00000
!-!-!-!-!-!-!-!-!-!-!-!-!-!-!-!-!-!-!-!-!-!-!-!-!-!
No external potential
!-!-!-!-!-!-!-!-!-!-!-!-!-!-!-!-!-!-!-!-!-!-!-!-!-!
rcut in pair sampling =                   1.00000
acut in pair sampling =                   5.00000
a constant in psig =                      0.20000
Number of protons =                             2
Number of neutrons =                            2
range of the potential =                 20.00000
!-!-!-!-!-!-!-!-!-!-!-!-!-!-!-!-!-!-!-!-!-!-!-!-!-!
do V3 =                                         F
three body force =                            no3
three body a2piPwa =                      0.000000000000000
three body a2piPwc =                      0.000000000000000
three body a2piSw =                       0.000000000000000
three body Vd,C,c3 =                      0.000000000000000
three body Ve,C,c3 =                      0.000000000000000
three body A_R =                          0.000000000000000
three body Vd1 =                          0.000000000000000
three body Vd2 =                          0.000000000000000
three body Ve =                           0.000000000000000
propagator: multiply the antic by =       0.000000000000000
propagator: multiply the Vd1 by =         0.000000000000000
propagator: multiply the Ve by =          0.000000000000000
propagator: three body a2piPW =           0.000000000000000
!-!-!-!-!-!-!-!-!-!-!-!-!-!-!-!-!-!-!-!-!-!-!-!-!-!
jastrow healing distance dc =             4.47768
jastrow healing distance dtn =           11.57317
jastrow rho =                             0.01000
potential quencher acn (v1) =             1.50851
potential quencher at  (v2) =             6.06936
potential quencher as  (v3) =             2.76780
potential quencher ast (v4) =             0.80880
potential quencher atn (v5) =             0.61864
potential quencher atn (v6) =             0.20141
potential quencher als (v7) =             0.00000
potential quencher alst (v8) =            0.00000
correlation quencher bt (f2) =            0.26685
correlation quencher bs (f3) =           -0.10565
correlation quencher bst (f4) =           0.42277
correlation quencher btn (f5) =           1.08683
correlation quencher btn (f6) =           4.44810
correlation quencher bls (f7) =           0.00000
correlation quencher blst (f8) =          0.00000
!-!-!-!-!-!-!-!-!-!-!-!-!-!-!-!-!-!-!-!-!-!-!-!-!-!
q1c parameter in f3c =                   12.87526
q2c parameter in f3c =                    1.60340
q1p parameter in f3p =                   -1.81620
q2p parameter in f3p =                    2.14789
!-!-!-!-!-!-!-!-!-!-!-!-!-!-!-!-!-!-!-!-!-!-!-!-!-!
rscal parameter in Uijk cent =            1.00000
rscal parameter in Uijk xpi =             1.00000
rscal parameter in Uijk delta =           1.00000
eps_c parameter in Uijk =                 0.00000
eps_anti parameter in Uijk =              0.00000
eps_tm parameter in Uijk =                0.00000
eps_vd1 parameter in Uijk =               0.00000
eps_vd2 parameter in Uijk =               0.00000
eps_vdc3 parameter in Uijk =              0.00000
eps_vec3 parameter in Uijk =              0.00000
eps_ve parameter in Uijk =                0.00000
eps_comm parameter in Uijk =              0.00000
eps_comm-XD parameter in Uijk =           0.00000
eps_comm-DD parameter in Uijk =           0.00000
TNI-comm correlation included =                 F
!-!-!-!-!-!-!-!-!-!-!-!-!-!-!-!-!-!-!-!-!-!-!-!-!-!
CSB correlation rscalpp =                 1.00000
CSB correlation rscalnn =                 1.00000
CSB correlation quencher pp =             0.00000
CSB correlation quencher nn =             0.00000
CSB correlation included =                      F
!-!-!-!-!-!-!-!-!-!-!-!-!-!-!-!-!-!-!-!-!-!-!-!-!-!
jastrow initialized
!-!-!-!-!-!-!-!-!-!-!-!-!-!-!-!-!-!-!-!-!-!-!-!-!-!
Symmetrize V6 in the propagator =               T
New propagation of Vlstau and commutator included!
Coulomb included in energy (and propag)         F
Initial walkers from file
Number of walkers =                          8638
Configurations at tau =              3.3250000000
Reset tau =                          0.0000000000
!-!-!-!-!-!-!-!-!-!-!-!-!-!-!-!-!-!-!-!-!-!-!-!-!-!
Time for reading configurations (sec.) =       0.73
!-!-!-!-!-!-!-!-!-!-!-!-!-!-!-!-!-!-!-!-!-!-!-!-!-!
Initial configurations:
total energy-propagated        0.00000000E+00  -2.6035585826E+01 +-    3.3421185020E-01   
kinetic energy                 0.00000000E+00   1.0827307404E+02 +-    1.6491882675E+00   
potential energy               0.00000000E+00  -1.3430865986E+02 +-    1.6193617643E+00   
v cent                         0.00000000E+00   1.6244185646E+01 +-    1.4896098508E+00   
v tau                          0.00000000E+00  -7.4008554212E+00 +-    2.3050065905E-01   
v sigma                        0.00000000E+00  -8.6500375420E+00 +-    2.5664376742E-01   
v sigtau                       0.00000000E+00  -6.1128651258E+01 +-    5.6367806153E-01   
v tensor                       0.00000000E+00   6.4594417812E-01 +-    1.3134346809E-01   
v tenstau                      0.00000000E+00  -7.4019245466E+01 +-    9.9284965947E-01   
v ls                           0.00000000E+00   0.0000000000E+00 +-    0.0000000000E+00   
v lstau                        0.00000000E+00   0.0000000000E+00 +-    0.0000000000E+00   
v coulomb                      0.00000000E+00   7.4518392104E-01 +-    2.9153809292E-03   
v external                     0.00000000E+00   0.0000000000E+00 +-    0.0000000000E+00   
tni 2pipr-anticomm             0.00000000E+00   0.0000000000E+00 +-    0.0000000000E+00   
tni vd1pr                      0.00000000E+00   0.0000000000E+00 +-    0.0000000000E+00   
tni vepr                       0.00000000E+00   0.0000000000E+00 +-    0.0000000000E+00   
tni central                    0.00000000E+00   0.0000000000E+00 +-    0.0000000000E+00   
tni 2pixx-anticommutator       0.00000000E+00   0.0000000000E+00 +-    0.0000000000E+00   
tni 2pixd-anticommutator       0.00000000E+00   0.0000000000E+00 +-    0.0000000000E+00   
tni 2pidd-anticommutator       0.00000000E+00   0.0000000000E+00 +-    0.0000000000E+00   
tni 2pixx-commutator           0.00000000E+00   0.0000000000E+00 +-    0.0000000000E+00   
tni 2pixd-commutator           0.00000000E+00   0.0000000000E+00 +-    0.0000000000E+00   
tni 2pidd-commutator           0.00000000E+00   0.0000000000E+00 +-    0.0000000000E+00   
tni 2pi-tm                     0.00000000E+00   0.0000000000E+00 +-    0.0000000000E+00   
tni vd1                        0.00000000E+00   0.0000000000E+00 +-    0.0000000000E+00   
tni vd2                        0.00000000E+00   0.0000000000E+00 +-    0.0000000000E+00   
tni ve                         0.00000000E+00   0.0000000000E+00 +-    0.0000000000E+00   
enetot v8+tni                  0.00000000E+00  -2.6035585826E+01 +-    3.3421185020E-01   
!-!-!-!-!-!-!-!-!-!-!-!-!-!-!-!-!-!-!-!-!-!-!-!-!-!
Psi**2 of initial configurations  =   0.2756663E-04  0.0000000E+00  +-    0.7073733E-06  0.0000000E+00
Psig**2 of initial configurations =   0.1763301E-04  0.0000000E+00  +-    0.5113903E-06  0.0000000E+00
!-!-!-!-!-!-!-!-!-!-!-!-!-!-!-!-!-!-!-!-!-!-!-!-!-!
T**2 of initial configurations  =  -0.1446329E-07  0.1117816E-08
Tz of initial configurations    =   0.3566023E-13 -0.9770882E-14
J**2 of initial configurations  =   0.3290414E-07  0.1253965E-08
Jz of initial configurations    =   0.8071073E-14  0.2134299E-13
!-!-!-!-!-!-!-!-!-!-!-!-!-!-!-!-!-!-!-!-!-!-!-!-!-!
!-!-!-!-!-!-!-!-!-!-!-!-!-!-!-!-!-!-!-!-!-!-!-!-!-!
Time to process initial configurations (sec.) =       1.49
!-!-!-!-!-!-!-!-!-!-!-!-!-!-!-!-!-!-!-!-!-!-!-!-!-!

equilibration done

iteration =                               1
walker number =                       11739
total energy-propagated        2.50000000E-03  -2.7354889014E+01 +-    3.2093948728E-01   
kinetic energy                 2.50000000E-03   1.1224419947E+02 +-    1.4283373336E+00   
potential energy               2.50000000E-03  -1.3959908848E+02 +-    1.4085560662E+00   
im energy                      2.50000000E-03   4.5609014662E-01 +-    1.9314716522E-01   
imkin energy                   2.50000000E-03   9.3994618986E-02 +-    3.8227787840E-01   
impot energy                   2.50000000E-03   3.6209552764E-01 +-    3.4130927526E-01   
v cent                         2.50000000E-03   1.3214491629E+01 +-    1.2535544755E+00   
v tau                          2.50000000E-03  -7.4357183586E+00 +-    1.5735438089E-01   
v sigma                        2.50000000E-03  -9.1465255150E+00 +-    1.9807575365E-01   
v sigtau                       2.50000000E-03  -6.2399313900E+01 +-    4.8502476917E-01   
v tensor                       2.50000000E-03   4.8997763412E-01 +-    8.8507176356E-02   
v tenstau                      2.50000000E-03  -7.4321999974E+01 +-    7.7880003127E-01   
v ls                           2.50000000E-03   0.0000000000E+00 +-    0.0000000000E+00   
v lstau                        2.50000000E-03   0.0000000000E+00 +-    0.0000000000E+00   
vpot v6                        2.50000000E-03  -1.3959908848E+02 +-    1.4085560662E+00   
vpot v8                        2.50000000E-03  -1.3959908848E+02 +-    1.4085560662E+00   
v coulomb                      2.50000000E-03   7.4607798770E-01 +-    2.3198174421E-03   
v external                     2.50000000E-03   0.0000000000E+00 +-    0.0000000000E+00   
tni 2pipr-anticomm             2.50000000E-03   0.0000000000E+00 +-    0.0000000000E+00   
tni vd1pr                      2.50000000E-03   0.0000000000E+00 +-    0.0000000000E+00   
tni vepr                       2.50000000E-03   0.0000000000E+00 +-    0.0000000000E+00   
tni central                    2.50000000E-03   0.0000000000E+00 +-    0.0000000000E+00   
tni 2pixx-anticommutator       2.50000000E-03   0.0000000000E+00 +-    0.0000000000E+00   
tni 2pixd-anticommutator       2.50000000E-03   0.0000000000E+00 +-    0.0000000000E+00   
tni 2pidd-anticommutator       2.50000000E-03   0.0000000000E+00 +-    0.0000000000E+00   
tni 2pixx-commutator           2.50000000E-03   0.0000000000E+00 +-    0.0000000000E+00   
tni 2pixd-commutator           2.50000000E-03   0.0000000000E+00 +-    0.0000000000E+00   
tni 2pidd-commutator           2.50000000E-03   0.0000000000E+00 +-    0.0000000000E+00   
tni 2pi-tm                     2.50000000E-03   0.0000000000E+00 +-    0.0000000000E+00   
tni vd1                        2.50000000E-03   0.0000000000E+00 +-    0.0000000000E+00   
tni vd2                        2.50000000E-03   0.0000000000E+00 +-    0.0000000000E+00   
tni ve                         2.50000000E-03   0.0000000000E+00 +-    0.0000000000E+00   
vpottot v8+tni                 2.50000000E-03  -1.3959908848E+02 +-    1.4085560662E+00   
enetot v8+tni                  2.50000000E-03  -2.7354889014E+01 +-    3.2093948728E-01   
vper cent                      2.50000000E-03   1.3214491629E+01 +-    1.2535544755E+00   
vper tau                       2.50000000E-03  -7.4357183586E+00 +-    1.5735438089E-01   
vper sigma                     2.50000000E-03  -9.1465255150E+00 +-    1.9807575365E-01   
vper sigtau                    2.50000000E-03  -6.2399313900E+01 +-    4.8502476917E-01   
vper tensor                    2.50000000E-03   4.8997763412E-01 +-    8.8507176356E-02   
vper tenstau                   2.50000000E-03  -7.4321999974E+01 +-    7.7880003127E-01   
vper ls                        2.50000000E-03   0.0000000000E+00 +-    0.0000000000E+00   
vper lstau                     2.50000000E-03   0.0000000000E+00 +-    0.0000000000E+00   
vpotper v6                     2.50000000E-03  -1.3959908848E+02 +-    1.4085560662E+00   
vpotper v8                     2.50000000E-03  -1.3959908848E+02 +-    1.4085560662E+00   
vpotv6pr-vpotv6per diff        2.50000000E-03   0.0000000000E+00 +-    0.0000000000E+00   
vpotv8pr-vpotv8per diff        2.50000000E-03   0.0000000000E+00 +-    0.0000000000E+00   
2piapr-2pia diff               2.50000000E-03   0.0000000000E+00 +-    0.0000000000E+00   
vd1pr-vd1 diff                 2.50000000E-03   0.0000000000E+00 +-    0.0000000000E+00   
vepr-ve diff                   2.50000000E-03   0.0000000000E+00 +-    0.0000000000E+00   
diff1 2piapr-2pia-2picxx       2.50000000E-03   0.0000000000E+00 +-    0.0000000000E+00   
diff2 vd1pr-vd1-2picxd         2.50000000E-03   0.0000000000E+00 +-    0.0000000000E+00   
diff3 vepr-ve-2picdd           2.50000000E-03   0.0000000000E+00 +-    0.0000000000E+00   
sum diff1+dif2+diff3           2.50000000E-03   0.0000000000E+00 +-    0.0000000000E+00   
proton rms                     2.50000000E-03   2.0753929200E+00 +-    1.2586893804E-02   
neutron rms                    2.50000000E-03   2.0732891389E+00 +-    1.2941651717E-02   
total rms                      2.50000000E-03   2.0736851968E+00 +-    1.1570288258E-02   
neutron-proton rms             2.50000000E-03  -2.1037810484E-03 +-    1.0777271291E-02   
GT sigXtau+                    2.50000000E-03  -7.4396779006E-05 +-    2.2313979191E-05   
GT sigYtau+                    2.50000000E-03   3.9239448701E-05 +-    2.3149783734E-05   
GT sigZtau+                    2.50000000E-03   4.3879783687E-05 +-    1.9348881868E-05   
GT sigXtau-                    2.50000000E-03   6.9205094039E-06 +-    2.1746657072E-05   
GT sigYtau-                    2.50000000E-03  -5.8282658009E-05 +-    2.2745567484E-05   
GT sigZtau-                    2.50000000E-03   1.8357407295E-05 +-    2.1492143923E-05   
F tau+                         2.50000000E-03  -4.9275938177E-20 +-    3.7451195997E-20   
F tau-                         2.50000000E-03  -2.0322923833E-20 +-    4.0814620111E-20   
Psi**2                         2.50000000E-03   2.9519708703E-05 +-    6.2055895053E-07   
single crossing/step           2.50000000E-03   8.5708511596E-03 +-    4.5651605818E-05   
global crossing/step           2.50000000E-03   8.4958016417E-03 +-    9.0906031019E-05   
energy numerator(real)         2.50000000E-03  -2.6411780071E+01 +-    7.3158775347E-01   
denominator psit/psigi(real)   2.50000000E-03   9.6536273795E-01 +-    1.1153600881E-02   
energy numerator(aimag)        2.50000000E-03   1.1751953201E+00 +-    5.0022221674E-01   
denominator psit/psigi(aimag)  2.50000000E-03   3.3452738443E-03 +-    7.1834795419E-03   
growth(lin dt) energy          2.50000000E-03  -2.0854254535E+02 +-    5.1017762665E+00   
growth(global) energy          2.50000000E-03  -2.2687497644E+02 +-    1.1898379871E+01
growth energy                  2.50000000E-03  -2.0840616862E+02 +-    5.0881535774E+00
Time for propagation (sec) (min) =          20.377      0.340
Time for energies (sec) (min) =              0.822      0.014
Time for load balancing (sec) (min) =        0.062      0.001
Time for block (sec) (min) =                22.083      0.368
Time for operators (sec) (min) =             0.020      0.000
Elapsed block time (sec) (min) =            22.104      0.368
 
 walkers multiplicity, block, total
   0          39882          39882
   1         936866         936866
   2          42317          42317
   3            214            214
   4             22             22
   5              8              8
   6              5              5
   7              4              4
   8              2              2
   9              1              1
  10              3              3
  12              1              1
  13              1              1
  20              1              1
 
 

iteration =                               2
walker number =                       11288
total energy-propagated        5.00000000E-03  -2.8094574184E+01 +-    3.0806655463E-01   
kinetic energy                 5.00000000E-03   1.0528729807E+02 +-    1.5646538709E+00   
potential energy               5.00000000E-03  -1.3338187225E+02 +-    1.5983033141E+00   
im energy                      5.00000000E-03   2.8935765420E-01 +-    1.7525449590E-01   
imkin energy                   5.00000000E-03  -1.3088117565E-01 +-    4.3074545904E-01   
impot energy                   5.00000000E-03   4.2023882985E-01 +-    4.0357578922E-01   
v cent                         5.00000000E-03   1.9489437263E+01 +-    1.4955809285E+00   
v tau                          5.00000000E-03  -8.9976223742E+00 +-    2.2611068108E-01   
v sigma                        5.00000000E-03  -9.2736508445E+00 +-    2.1955879890E-01   
v sigtau                       5.00000000E-03  -6.3692011629E+01 +-    5.0149226529E-01   
v tensor                       5.00000000E-03   9.5666245369E-01 +-    1.1095271742E-01   
v tenstau                      5.00000000E-03  -7.1864687122E+01 +-    8.9136641355E-01   
v ls                           5.00000000E-03   0.0000000000E+00 +-    0.0000000000E+00   
v lstau                        5.00000000E-03   0.0000000000E+00 +-    0.0000000000E+00   
vpot v6                        5.00000000E-03  -1.3338187225E+02 +-    1.5983033141E+00   
vpot v8                        5.00000000E-03  -1.3338187225E+02 +-    1.5983033141E+00   
v coulomb                      5.00000000E-03   7.6140681117E-01 +-    2.0272634744E-03   
v external                     5.00000000E-03   0.0000000000E+00 +-    0.0000000000E+00   
tni 2pipr-anticomm             5.00000000E-03   0.0000000000E+00 +-    0.0000000000E+00   
tni vd1pr                      5.00000000E-03   0.0000000000E+00 +-    0.0000000000E+00   
tni vepr                       5.00000000E-03   0.0000000000E+00 +-    0.0000000000E+00   
tni central                    5.00000000E-03   0.0000000000E+00 +-    0.0000000000E+00   
tni 2pixx-anticommutator       5.00000000E-03   0.0000000000E+00 +-    0.0000000000E+00   
tni 2pixd-anticommutator       5.00000000E-03   0.0000000000E+00 +-    0.0000000000E+00   
tni 2pidd-anticommutator       5.00000000E-03   0.0000000000E+00 +-    0.0000000000E+00   
tni 2pixx-commutator           5.00000000E-03   0.0000000000E+00 +-    0.0000000000E+00   
tni 2pixd-commutator           5.00000000E-03   0.0000000000E+00 +-    0.0000000000E+00   
tni 2pidd-commutator           5.00000000E-03   0.0000000000E+00 +-    0.0000000000E+00   
tni 2pi-tm                     5.00000000E-03   0.0000000000E+00 +-    0.0000000000E+00   
tni vd1                        5.00000000E-03   0.0000000000E+00 +-    0.0000000000E+00   
tni vd2                        5.00000000E-03   0.0000000000E+00 +-    0.0000000000E+00   
tni ve                         5.00000000E-03   0.0000000000E+00 +-    0.0000000000E+00   
vpottot v8+tni                 5.00000000E-03  -1.3338187225E+02 +-    1.5983033141E+00   
enetot v8+tni                  5.00000000E-03  -2.8094574184E+01 +-    3.0806655463E-01   
vper cent                      5.00000000E-03   1.9489437263E+01 +-    1.4955809285E+00   
vper tau                       5.00000000E-03  -8.9976223742E+00 +-    2.2611068108E-01   
vper sigma                     5.00000000E-03  -9.2736508445E+00 +-    2.1955879890E-01   
vper sigtau                    5.00000000E-03  -6.3692011629E+01 +-    5.0149226529E-01   
vper tensor                    5.00000000E-03   9.5666245369E-01 +-    1.1095271742E-01   
vper tenstau                   5.00000000E-03  -7.1864687122E+01 +-    8.9136641355E-01   
vper ls                        5.00000000E-03   0.0000000000E+00 +-    0.0000000000E+00   
vper lstau                     5.00000000E-03   0.0000000000E+00 +-    0.0000000000E+00   
vpotper v6                     5.00000000E-03  -1.3338187225E+02 +-    1.5983033141E+00   
vpotper v8                     5.00000000E-03  -1.3338187225E+02 +-    1.5983033141E+00   
vpotv6pr-vpotv6per diff        5.00000000E-03   0.0000000000E+00 +-    0.0000000000E+00   
vpotv8pr-vpotv8per diff        5.00000000E-03   0.0000000000E+00 +-    0.0000000000E+00   
2piapr-2pia diff               5.00000000E-03   0.0000000000E+00 +-    0.0000000000E+00   
vd1pr-vd1 diff                 5.00000000E-03   0.0000000000E+00 +-    0.0000000000E+00   
vepr-ve diff                   5.00000000E-03   0.0000000000E+00 +-    0.0000000000E+00   
diff1 2piapr-2pia-2picxx       5.00000000E-03   0.0000000000E+00 +-    0.0000000000E+00   
diff2 vd1pr-vd1-2picxd         5.00000000E-03   0.0000000000E+00 +-    0.0000000000E+00   
diff3 vepr-ve-2picdd           5.00000000E-03   0.0000000000E+00 +-    0.0000000000E+00   
sum diff1+dif2+diff3           5.00000000E-03   0.0000000000E+00 +-    0.0000000000E+00   
proton rms                     5.00000000E-03   2.0091556075E+00 +-    1.1640598607E-02   
neutron rms                    5.00000000E-03   2.0678216612E+00 +-    1.2640240397E-02   
total rms                      5.00000000E-03   2.0393282582E+00 +-    1.1257618021E-02   
neutron-proton rms             5.00000000E-03   5.8666053709E-02 +-    9.1608871135E-03   
GT sigXtau+                    5.00000000E-03   7.4872506016E-05 +-    2.2134534538E-05   
GT sigYtau+                    5.00000000E-03   1.7418524368E-05 +-    2.4479271170E-05   
GT sigZtau+                    5.00000000E-03   1.1302773755E-05 +-    2.3673673580E-05   
GT sigXtau-                    5.00000000E-03  -1.4415730331E-04 +-    2.3152550458E-05   
GT sigYtau-                    5.00000000E-03  -1.4986199015E-04 +-    2.2786876364E-05   
GT sigZtau-                    5.00000000E-03   6.0471721338E-05 +-    2.3492168347E-05   
F tau+                         5.00000000E-03  -1.4311026689E-19 +-    3.9921636835E-20   
F tau-                         5.00000000E-03  -3.0488255009E-20 +-    3.8579114019E-20   
Psi**2                         5.00000000E-03   2.6742239080E-05 +-    5.4775985910E-07   
single crossing/step           5.00000000E-03   7.7485255424E-03 +-    4.1985303289E-05   
global crossing/step           5.00000000E-03   7.5761119075E-03 +-    8.3038343050E-05   
energy numerator(real)         5.00000000E-03  -1.6634595224E+01 +-    8.0028572698E-01   
denominator psit/psigi(real)   5.00000000E-03   5.9058018674E-01 +-    1.2560327837E-02   
energy numerator(aimag)        5.00000000E-03  -7.4885326513E-01 +-    5.9986690402E-01   
denominator psit/psigi(aimag)  5.00000000E-03   4.6052596658E-02 +-    8.5919380388E-03   
growth(lin dt) energy          5.00000000E-03  -2.3290326494E+02 +-    5.2945104989E+00   
growth(global) energy          5.00000000E-03  -2.3447147835E+02 +-    1.0432501993E+01
growth energy                  5.00000000E-03  -2.3269600944E+02 +-    5.2771551938E+00
Time for propagation (sec) (min) =          21.796      0.363
Time for energies (sec) (min) =              0.791      0.013
Time for load balancing (sec) (min) =        0.030      0.001
Time for block (sec) (min) =                23.390      0.390
Time for operators (sec) (min) =             0.015      0.000
Elapsed block time (sec) (min) =            45.529      0.759
 
 walkers multiplicity, block, total
   0          50297          90179
   1        1014845        1951711
   2          48875          91192
   3            330            544
   4             52             74
   5             16             24
   6              5             10
   7              5              9
   8              0              2
   9              0              1
  10              1              4
  12              1              2
  13              0              1
  17              1              1
  20              0              1
 
 

iteration =                               3
walker number =                       10366
total energy-propagated        7.50000000E-03  -2.6968728045E+01 +-    2.8059011853E-01   
kinetic energy                 7.50000000E-03   9.7813221508E+01 +-    1.2138302194E+00   
potential energy               7.50000000E-03  -1.2478194955E+02 +-    1.1420917916E+00   
im energy                      7.50000000E-03  -9.9696315882E-01 +-    2.6586956411E-01   
imkin energy                   7.50000000E-03  -2.1431624358E+00 +-    1.6332315437E-01   
impot energy                   7.50000000E-03   1.1461992770E+00 +-    2.7771968249E-01   
v cent                         7.50000000E-03   9.7555193234E+00 +-    1.1648846386E+00   
v tau                          7.50000000E-03  -7.7961325818E+00 +-    1.9976785507E-01   
v sigma                        7.50000000E-03  -9.1473522763E+00 +-    2.2611292177E-01   
v sigtau                       7.50000000E-03  -5.6152641715E+01 +-    4.3522072153E-01   
v tensor                       7.50000000E-03  -1.2767556207E+00 +-    8.3402165685E-02   
v tenstau                      7.50000000E-03  -6.0164586683E+01 +-    8.2011879543E-01   
v ls                           7.50000000E-03   0.0000000000E+00 +-    0.0000000000E+00   
v lstau                        7.50000000E-03   0.0000000000E+00 +-    0.0000000000E+00   
vpot v6                        7.50000000E-03  -1.2478194955E+02 +-    1.1420917916E+00   
vpot v8                        7.50000000E-03  -1.2478194955E+02 +-    1.1420917916E+00   
v coulomb                      7.50000000E-03   7.3500981550E-01 +-    2.2197316041E-03   
v external                     7.50000000E-03   0.0000000000E+00 +-    0.0000000000E+00   
tni 2pipr-anticomm             7.50000000E-03   0.0000000000E+00 +-    0.0000000000E+00   
tni vd1pr                      7.50000000E-03   0.0000000000E+00 +-    0.0000000000E+00   
tni vepr                       7.50000000E-03   0.0000000000E+00 +-    0.0000000000E+00   
tni central                    7.50000000E-03   0.0000000000E+00 +-    0.0000000000E+00   
tni 2pixx-anticommutator       7.50000000E-03   0.0000000000E+00 +-    0.0000000000E+00   
tni 2pixd-anticommutator       7.50000000E-03   0.0000000000E+00 +-    0.0000000000E+00   
tni 2pidd-anticommutator       7.50000000E-03   0.0000000000E+00 +-    0.0000000000E+00   
tni 2pixx-commutator           7.50000000E-03   0.0000000000E+00 +-    0.0000000000E+00   
tni 2pixd-commutator           7.50000000E-03   0.0000000000E+00 +-    0.0000000000E+00   
tni 2pidd-commutator           7.50000000E-03   0.0000000000E+00 +-    0.0000000000E+00   
tni 2pi-tm                     7.50000000E-03   0.0000000000E+00 +-    0.0000000000E+00   
tni vd1                        7.50000000E-03   0.0000000000E+00 +-    0.0000000000E+00   
tni vd2                        7.50000000E-03   0.0000000000E+00 +-    0.0000000000E+00   
tni ve                         7.50000000E-03   0.0000000000E+00 +-    0.0000000000E+00   
vpottot v8+tni                 7.50000000E-03  -1.2478194955E+02 +-    1.1420917916E+00   
enetot v8+tni                  7.50000000E-03  -2.6968728045E+01 +-    2.8059011853E-01   
vper cent                      7.50000000E-03   9.7555193234E+00 +-    1.1648846386E+00   
vper tau                       7.50000000E-03  -7.7961325818E+00 +-    1.9976785507E-01   
vper sigma                     7.50000000E-03  -9.1473522763E+00 +-    2.2611292177E-01   
vper sigtau                    7.50000000E-03  -5.6152641715E+01 +-    4.3522072153E-01   
vper tensor                    7.50000000E-03  -1.2767556207E+00 +-    8.3402165685E-02   
vper tenstau                   7.50000000E-03  -6.0164586683E+01 +-    8.2011879543E-01   
vper ls                        7.50000000E-03   0.0000000000E+00 +-    0.0000000000E+00   
vper lstau                     7.50000000E-03   0.0000000000E+00 +-    0.0000000000E+00   
vpotper v6                     7.50000000E-03  -1.2478194955E+02 +-    1.1420917916E+00   
vpotper v8                     7.50000000E-03  -1.2478194955E+02 +-    1.1420917916E+00   
vpotv6pr-vpotv6per diff        7.50000000E-03   0.0000000000E+00 +-    0.0000000000E+00   
vpotv8pr-vpotv8per diff        7.50000000E-03   0.0000000000E+00 +-    0.0000000000E+00   
2piapr-2pia diff               7.50000000E-03   0.0000000000E+00 +-    0.0000000000E+00   
vd1pr-vd1 diff                 7.50000000E-03   0.0000000000E+00 +-    0.0000000000E+00   
vepr-ve diff                   7.50000000E-03   0.0000000000E+00 +-    0.0000000000E+00   
diff1 2piapr-2pia-2picxx       7.50000000E-03   0.0000000000E+00 +-    0.0000000000E+00   
diff2 vd1pr-vd1-2picxd         7.50000000E-03   0.0000000000E+00 +-    0.0000000000E+00   
diff3 vepr-ve-2picdd           7.50000000E-03   0.0000000000E+00 +-    0.0000000000E+00   
sum diff1+dif2+diff3           7.50000000E-03   0.0000000000E+00 +-    0.0000000000E+00   
proton rms                     7.50000000E-03   2.1058840172E+00 +-    1.2587439349E-02   
neutron rms                    7.50000000E-03   2.1985870707E+00 +-    1.6554981657E-02   
total rms                      7.50000000E-03   2.1495267666E+00 +-    1.2852494429E-02   
neutron-proton rms             7.50000000E-03   9.2703053542E-02 +-    1.4336841306E-02   
GT sigXtau+                    7.50000000E-03   6.5047148108E-05 +-    2.4721335947E-05   
GT sigYtau+                    7.50000000E-03   2.9392980975E-06 +-    2.4900424684E-05   
GT sigZtau+                    7.50000000E-03   1.5053148367E-04 +-    2.7174126219E-05   
GT sigXtau-                    7.50000000E-03   1.4089532507E-04 +-    2.1751167606E-05   
GT sigYtau-                    7.50000000E-03  -2.5861148064E-04 +-    2.5048690947E-05   
GT sigZtau-                    7.50000000E-03  -2.7855029563E-05 +-    2.2216233893E-05   
F tau+                         7.50000000E-03  -8.3217161456E-20 +-    3.8603151028E-20   
F tau-                         7.50000000E-03   5.7061578390E-20 +-    3.4417463822E-20   
Psi**2                         7.50000000E-03   1.9699800948E-05 +-    4.9078126410E-07   
single crossing/step           7.50000000E-03   7.1302613031E-03 +-    4.0171514995E-05   
global crossing/step           7.50000000E-03   6.9716084301E-03 +-    7.9450506887E-05   
energy numerator(real)         7.50000000E-03  -9.7359643817E+00 +-    8.4260594015E-01   
denominator psit/psigi(real)   7.50000000E-03   3.6098492429E-01 +-    1.3477033482E-02   
energy numerator(aimag)        7.50000000E-03  -2.4224543633E-01 +-    5.7646023670E-01   
denominator psit/psigi(aimag)  7.50000000E-03  -8.9460311590E-04 +-    9.2691745281E-03   
growth(lin dt) energy          7.50000000E-03  -2.1599693320E+02 +-    5.3393974824E+00   
growth(global) energy          7.50000000E-03  -2.1564345868E+02 +-    1.1165639441E+01
growth energy                  7.50000000E-03  -2.1584043384E+02 +-    5.3241349747E+00
Time for propagation (sec) (min) =          21.924      0.365
Time for energies (sec) (min) =              0.726      0.012
Time for load balancing (sec) (min) =        0.033      0.001
Time for block (sec) (min) =                23.355      0.389
Time for operators (sec) (min) =             0.017      0.000
Elapsed block time (sec) (min) =            68.901      1.148
 
 walkers multiplicity, block, total
   0          51933         142112
   1        1018426        2970137
   2          49987         141179
   3            359            903
   4             43            117
   5             15             39
   6             11             21
   7              4             13
   8              3              5
   9              1              2
  10              1              5
  12              0              2
  13              0              1
  17              0              1
  20              0              1
 
 

iteration =                               4
walker number =                       10076
total energy-propagated        1.00000000E-02  -2.4855047826E+01 +-    5.0855940154E-01   
kinetic energy                 1.00000000E-02   1.5212413156E+02 +-    1.5222987219E+00   
potential energy               1.00000000E-02  -1.7697917939E+02 +-    1.6073031195E+00   
im energy                      1.00000000E-02  -2.3671336425E+00 +-    4.8281985335E-01   
imkin energy                   1.00000000E-02  -7.9484679213E+00 +-    4.8905849690E-01   
impot energy                   1.00000000E-02   5.5813342788E+00 +-    6.3018329467E-01   
v cent                         1.00000000E-02  -8.3980934197E+00 +-    1.8174396645E+00   
v tau                          1.00000000E-02  -8.4078664833E+00 +-    2.1572756402E-01   
v sigma                        1.00000000E-02  -3.8190208912E-01 +-    3.5653811122E-01   
v sigtau                       1.00000000E-02  -5.6854295405E+01 +-    6.3429940168E-01   
v tensor                       1.00000000E-02   1.3672315917E+00 +-    1.2082671385E-01   
v tenstau                      1.00000000E-02  -1.0430425358E+02 +-    9.4503985775E-01   
v ls                           1.00000000E-02   0.0000000000E+00 +-    0.0000000000E+00   
v lstau                        1.00000000E-02   0.0000000000E+00 +-    0.0000000000E+00   
vpot v6                        1.00000000E-02  -1.7697917939E+02 +-    1.6073031195E+00   
vpot v8                        1.00000000E-02  -1.7697917939E+02 +-    1.6073031195E+00   
v coulomb                      1.00000000E-02   7.2818461614E-01 +-    2.9324537135E-03   
v external                     1.00000000E-02   0.0000000000E+00 +-    0.0000000000E+00   
tni 2pipr-anticomm             1.00000000E-02   0.0000000000E+00 +-    0.0000000000E+00   
tni vd1pr                      1.00000000E-02   0.0000000000E+00 +-    0.0000000000E+00   
tni vepr                       1.00000000E-02   0.0000000000E+00 +-    0.0000000000E+00   
tni central                    1.00000000E-02   0.0000000000E+00 +-    0.0000000000E+00   
tni 2pixx-anticommutator       1.00000000E-02   0.0000000000E+00 +-    0.0000000000E+00   
tni 2pixd-anticommutator       1.00000000E-02   0.0000000000E+00 +-    0.0000000000E+00   
tni 2pidd-anticommutator       1.00000000E-02   0.0000000000E+00 +-    0.0000000000E+00   
tni 2pixx-commutator           1.00000000E-02   0.0000000000E+00 +-    0.0000000000E+00   
tni 2pixd-commutator           1.00000000E-02   0.0000000000E+00 +-    0.0000000000E+00   
tni 2pidd-commutator           1.00000000E-02   0.0000000000E+00 +-    0.0000000000E+00   
tni 2pi-tm                     1.00000000E-02   0.0000000000E+00 +-    0.0000000000E+00   
tni vd1                        1.00000000E-02   0.0000000000E+00 +-    0.0000000000E+00   
tni vd2                        1.00000000E-02   0.0000000000E+00 +-    0.0000000000E+00   
tni ve                         1.00000000E-02   0.0000000000E+00 +-    0.0000000000E+00   
vpottot v8+tni                 1.00000000E-02  -1.7697917939E+02 +-    1.6073031195E+00   
enetot v8+tni                  1.00000000E-02  -2.4855047826E+01 +-    5.0855940154E-01   
vper cent                      1.00000000E-02  -8.3980934197E+00 +-    1.8174396645E+00   
vper tau                       1.00000000E-02  -8.4078664833E+00 +-    2.1572756402E-01   
vper sigma                     1.00000000E-02  -3.8190208912E-01 +-    3.5653811122E-01   
vper sigtau                    1.00000000E-02  -5.6854295405E+01 +-    6.3429940168E-01   
vper tensor                    1.00000000E-02   1.3672315917E+00 +-    1.2082671385E-01   
vper tenstau                   1.00000000E-02  -1.0430425358E+02 +-    9.4503985775E-01   
vper ls                        1.00000000E-02   0.0000000000E+00 +-    0.0000000000E+00   
vper lstau                     1.00000000E-02   0.0000000000E+00 +-    0.0000000000E+00   
vpotper v6                     1.00000000E-02  -1.7697917939E+02 +-    1.6073031195E+00   
vpotper v8                     1.00000000E-02  -1.7697917939E+02 +-    1.6073031195E+00   
vpotv6pr-vpotv6per diff        1.00000000E-02   0.0000000000E+00 +-    0.0000000000E+00   
vpotv8pr-vpotv8per diff        1.00000000E-02   0.0000000000E+00 +-    0.0000000000E+00   
2piapr-2pia diff               1.00000000E-02   0.0000000000E+00 +-    0.0000000000E+00   
vd1pr-vd1 diff                 1.00000000E-02   0.0000000000E+00 +-    0.0000000000E+00   
vepr-ve diff                   1.00000000E-02   0.0000000000E+00 +-    0.0000000000E+00   
diff1 2piapr-2pia-2picxx       1.00000000E-02   0.0000000000E+00 +-    0.0000000000E+00   
diff2 vd1pr-vd1-2picxd         1.00000000E-02   0.0000000000E+00 +-    0.0000000000E+00   
diff3 vepr-ve-2picdd           1.00000000E-02   0.0000000000E+00 +-    0.0000000000E+00   
sum diff1+dif2+diff3           1.00000000E-02   0.0000000000E+00 +-    0.0000000000E+00   
proton rms                     1.00000000E-02   2.1353908844E+00 +-    1.1584154413E-02   
neutron rms                    1.00000000E-02   2.1734919086E+00 +-    1.8418860210E-02   
total rms                      1.00000000E-02   2.1522968943E+00 +-    1.3802778344E-02   
neutron-proton rms             1.00000000E-02   3.8101024160E-02 +-    1.3518150150E-02   
GT sigXtau+                    1.00000000E-02   2.4299706387E-04 +-    2.8262908704E-05   
GT sigYtau+                    1.00000000E-02   2.3073962791E-04 +-    3.2575607357E-05   
GT sigZtau+                    1.00000000E-02  -3.2333587874E-04 +-    2.7484890471E-05   
GT sigXtau-                    1.00000000E-02   2.5845854424E-04 +-    2.6910204489E-05   
GT sigYtau-                    1.00000000E-02   4.0501769894E-05 +-    3.2696069082E-05   
GT sigZtau-                    1.00000000E-02   2.3060604051E-04 +-    3.3994645836E-05   
F tau+                         1.00000000E-02  -1.1424589651E-19 +-    5.0924762137E-20   
F tau-                         1.00000000E-02  -6.2348437168E-20 +-    4.1647652782E-20   
Psi**2                         1.00000000E-02   3.0370347197E-05 +-    7.8168043623E-07   
single crossing/step           1.00000000E-02   7.6603589379E-03 +-    4.1563565610E-05   
global crossing/step           1.00000000E-02   7.5494578117E-03 +-    8.2527821435E-05   
energy numerator(real)         1.00000000E-02  -5.9076276807E+00 +-    9.9768038171E-01   
denominator psit/psigi(real)   1.00000000E-02   2.3692619295E-01 +-    1.4370668307E-02   
energy numerator(aimag)        1.00000000E-02  -8.4166184873E-01 +-    7.1657481017E-01   
denominator psit/psigi(aimag)  1.00000000E-02   3.8519156252E-02 +-    9.8254154997E-03   
growth(lin dt) energy          1.00000000E-02  -2.3660397827E+02 +-    5.4928661522E+00   
growth(global) energy          1.00000000E-02  -2.3927888077E+02 +-    1.1676335412E+01
growth energy                  1.00000000E-02  -2.3638466514E+02 +-    5.4743422987E+00
Time for propagation (sec) (min) =          22.004      0.367
Time for energies (sec) (min) =              0.706      0.012
Time for load balancing (sec) (min) =        0.028      0.000
Time for block (sec) (min) =                23.459      0.391
Time for operators (sec) (min) =             0.015      0.000
Elapsed block time (sec) (min) =            92.383      1.540
 
 walkers multiplicity, block, total
   0          53402         195514
   1        1018324        3988461
   2          51949         193128
   3            399           1302
   4             66            183
   5             15             54
   6             12             33
   7              4             17
   8              1              6
   9              2              4
  10              0              5
  12              0              2
  13              0              1
  17              0              1
  20              0              1
 
 

iteration =                               5
walker number =                       10114
total energy-propagated        1.25000000E-02  -3.2852980921E+01 +-    5.1293662313E-01   
kinetic energy                 1.25000000E-02   1.3327890999E+02 +-    2.1687511577E+00   
potential energy               1.25000000E-02  -1.6613189091E+02 +-    2.4070241534E+00   
im energy                      1.25000000E-02  -6.8729069549E+00 +-    4.6230475897E-01   
imkin energy                   1.25000000E-02  -1.6822383526E+01 +-    6.3318562427E-01   
impot energy                   1.25000000E-02   9.9494765715E+00 +-    7.3991822680E-01   
v cent                         1.25000000E-02   2.9525887017E+00 +-    1.7180173713E+00   
v tau                          1.25000000E-02  -5.8051994579E+00 +-    3.5136923042E-01   
v sigma                        1.25000000E-02   1.4670287621E+00 +-    4.4672025011E-01   
v sigtau                       1.25000000E-02  -3.8492408046E+01 +-    3.7750139662E-01   
v tensor                       1.25000000E-02  -6.4755471982E+00 +-    1.6801737802E-01   
v tenstau                      1.25000000E-02  -1.1977835368E+02 +-    1.1609242220E+00   
v ls                           1.25000000E-02   0.0000000000E+00 +-    0.0000000000E+00   
v lstau                        1.25000000E-02   0.0000000000E+00 +-    0.0000000000E+00   
vpot v6                        1.25000000E-02  -1.6613189091E+02 +-    2.4070241534E+00   
vpot v8                        1.25000000E-02  -1.6613189091E+02 +-    2.4070241534E+00   
v coulomb                      1.25000000E-02   7.3295443389E-01 +-    3.2821561436E-03   
v external                     1.25000000E-02   0.0000000000E+00 +-    0.0000000000E+00   
tni 2pipr-anticomm             1.25000000E-02   0.0000000000E+00 +-    0.0000000000E+00   
tni vd1pr                      1.25000000E-02   0.0000000000E+00 +-    0.0000000000E+00   
tni vepr                       1.25000000E-02   0.0000000000E+00 +-    0.0000000000E+00   
tni central                    1.25000000E-02   0.0000000000E+00 +-    0.0000000000E+00   
tni 2pixx-anticommutator       1.25000000E-02   0.0000000000E+00 +-    0.0000000000E+00   
tni 2pixd-anticommutator       1.25000000E-02   0.0000000000E+00 +-    0.0000000000E+00   
tni 2pidd-anticommutator       1.25000000E-02   0.0000000000E+00 +-    0.0000000000E+00   
tni 2pixx-commutator           1.25000000E-02   0.0000000000E+00 +-    0.0000000000E+00   
tni 2pixd-commutator           1.25000000E-02   0.0000000000E+00 +-    0.0000000000E+00   
tni 2pidd-commutator           1.25000000E-02   0.0000000000E+00 +-    0.0000000000E+00   
tni 2pi-tm                     1.25000000E-02   0.0000000000E+00 +-    0.0000000000E+00   
tni vd1                        1.25000000E-02   0.0000000000E+00 +-    0.0000000000E+00   
tni vd2                        1.25000000E-02   0.0000000000E+00 +-    0.0000000000E+00   
tni ve                         1.25000000E-02   0.0000000000E+00 +-    0.0000000000E+00   
vpottot v8+tni                 1.25000000E-02  -1.6613189091E+02 +-    2.4070241534E+00   
enetot v8+tni                  1.25000000E-02  -3.2852980921E+01 +-    5.1293662313E-01   
vper cent                      1.25000000E-02   2.9525887017E+00 +-    1.7180173713E+00   
vper tau                       1.25000000E-02  -5.8051994579E+00 +-    3.5136923042E-01   
vper sigma                     1.25000000E-02   1.4670287621E+00 +-    4.4672025011E-01   
vper sigtau                    1.25000000E-02  -3.8492408046E+01 +-    3.7750139662E-01   
vper tensor                    1.25000000E-02  -6.4755471982E+00 +-    1.6801737802E-01   
vper tenstau                   1.25000000E-02  -1.1977835368E+02 +-    1.1609242220E+00   
vper ls                        1.25000000E-02   0.0000000000E+00 +-    0.0000000000E+00   
vper lstau                     1.25000000E-02   0.0000000000E+00 +-    0.0000000000E+00   
vpotper v6                     1.25000000E-02  -1.6613189091E+02 +-    2.4070241534E+00   
vpotper v8                     1.25000000E-02  -1.6613189091E+02 +-    2.4070241534E+00   
vpotv6pr-vpotv6per diff        1.25000000E-02   0.0000000000E+00 +-    0.0000000000E+00   
vpotv8pr-vpotv8per diff        1.25000000E-02   0.0000000000E+00 +-    0.0000000000E+00   
2piapr-2pia diff               1.25000000E-02   0.0000000000E+00 +-    0.0000000000E+00   
vd1pr-vd1 diff                 1.25000000E-02   0.0000000000E+00 +-    0.0000000000E+00   
vepr-ve diff                   1.25000000E-02   0.0000000000E+00 +-    0.0000000000E+00   
diff1 2piapr-2pia-2picxx       1.25000000E-02   0.0000000000E+00 +-    0.0000000000E+00   
diff2 vd1pr-vd1-2picxd         1.25000000E-02   0.0000000000E+00 +-    0.0000000000E+00   
diff3 vepr-ve-2picdd           1.25000000E-02   0.0000000000E+00 +-    0.0000000000E+00   
sum diff1+dif2+diff3           1.25000000E-02   0.0000000000E+00 +-    0.0000000000E+00   
proton rms                     1.25000000E-02   2.0249842037E+00 +-    1.5413148775E-02   
neutron rms                    1.25000000E-02   2.1899920227E+00 +-    2.0224706378E-02   
total rms                      1.25000000E-02   2.0949047591E+00 +-    1.5935010319E-02   
neutron-proton rms             1.25000000E-02   1.6500781896E-01 +-    1.5126086840E-02   
GT sigXtau+                    1.25000000E-02  -2.6126413593E-04 +-    2.9519562121E-05   
GT sigYtau+                    1.25000000E-02   5.2305577713E-04 +-    3.5974103960E-05   
GT sigZtau+                    1.25000000E-02   2.1189099271E-04 +-    3.5621797275E-05   
GT sigXtau-                    1.25000000E-02  -3.5102959860E-04 +-    3.6391817804E-05   
GT sigYtau-                    1.25000000E-02  -5.7592684080E-06 +-    3.2107763853E-05   
GT sigZtau-                    1.25000000E-02  -1.0808582378E-03 +-    3.6157803330E-05   
F tau+                         1.25000000E-02  -4.0426900601E-19 +-    7.2476164543E-20   
F tau-                         1.25000000E-02  -4.4442414152E-19 +-    1.1730270548E-19   
Psi**2                         1.25000000E-02   2.3302208714E-05 +-    4.9900232480E-07   
single crossing/step           1.25000000E-02   8.8055713427E-03 +-    4.4615633651E-05   
global crossing/step           1.25000000E-02   8.6035061728E-03 +-    8.8210501575E-05   
energy numerator(real)         1.25000000E-02  -2.4528553623E+00 +-    1.0595670989E+00   
denominator psit/psigi(real)   1.25000000E-02   1.0507636443E-01 +-    1.4344671568E-02   
energy numerator(aimag)        1.25000000E-02  -3.7228736508E+00 +-    7.4433207308E-01   
denominator psit/psigi(aimag)  1.25000000E-02   5.2860232393E-02 +-    9.9389299219E-03   
growth(lin dt) energy          1.25000000E-02  -3.1204677780E+02 +-    6.2269313800E+00   
growth(global) energy          1.25000000E-02  -3.2509724102E+02 +-    1.1720389557E+01
growth energy                  1.25000000E-02  -3.1150760328E+02 +-    6.1942320040E+00
Time for propagation (sec) (min) =          21.931      0.366
Time for energies (sec) (min) =              0.710      0.012
Time for load balancing (sec) (min) =        0.030      0.000
Time for block (sec) (min) =                23.373      0.390
Time for operators (sec) (min) =             0.018      0.000
Elapsed block time (sec) (min) =           115.775      1.930
 
 walkers multiplicity, block, total
   0          58097         253611
   1        1017210        5005671
   2          56150         249278
   3            592           1894
   4            114            297
   5             30             84
   6             16             49
   7             10             27
   8              7             13
   9              7             11
  10              4              9
  11              3              3
  12              1              3
  13              0              1
  17              0              1
  18              1              1
  20              0              1
 
 

iteration =                               6
walker number =                       10188
total energy-propagated        1.50000000E-02  -3.6615687192E+01 +-    4.4357685808E-01   
kinetic energy                 1.50000000E-02   1.8730053019E+02 +-    2.3234857126E+00   
potential energy               1.50000000E-02  -2.2391621738E+02 +-    1.9880380943E+00   
im energy                      1.50000000E-02   2.0875258199E+00 +-    2.4634843753E-01   
imkin energy                   1.50000000E-02   4.2694151843E+00 +-    1.0681305820E+00   
impot energy                   1.50000000E-02  -2.1818893644E+00 +-    7.8687186434E-01   
v cent                         1.50000000E-02   1.6350627973E+01 +-    1.7712406804E+00   
v tau                          1.50000000E-02  -1.2958259774E+01 +-    3.6932368200E-01   
v sigma                        1.50000000E-02  -2.3377379975E+01 +-    4.4259845304E-01   
v sigtau                       1.50000000E-02  -9.7667631882E+01 +-    6.9326566356E-01   
v tensor                       1.50000000E-02   3.7541851547E+00 +-    2.9166893062E-01   
v tenstau                      1.50000000E-02  -1.1001775888E+02 +-    1.9200766974E+00   
v ls                           1.50000000E-02   0.0000000000E+00 +-    0.0000000000E+00   
v lstau                        1.50000000E-02   0.0000000000E+00 +-    0.0000000000E+00   
vpot v6                        1.50000000E-02  -2.2391621738E+02 +-    1.9880380943E+00   
vpot v8                        1.50000000E-02  -2.2391621738E+02 +-    1.9880380943E+00   
v coulomb                      1.50000000E-02   8.1625742771E-01 +-    4.5754736975E-03   
v external                     1.50000000E-02   0.0000000000E+00 +-    0.0000000000E+00   
tni 2pipr-anticomm             1.50000000E-02   0.0000000000E+00 +-    0.0000000000E+00   
tni vd1pr                      1.50000000E-02   0.0000000000E+00 +-    0.0000000000E+00   
tni vepr                       1.50000000E-02   0.0000000000E+00 +-    0.0000000000E+00   
tni central                    1.50000000E-02   0.0000000000E+00 +-    0.0000000000E+00   
tni 2pixx-anticommutator       1.50000000E-02   0.0000000000E+00 +-    0.0000000000E+00   
tni 2pixd-anticommutator       1.50000000E-02   0.0000000000E+00 +-    0.0000000000E+00   
tni 2pidd-anticommutator       1.50000000E-02   0.0000000000E+00 +-    0.0000000000E+00   
tni 2pixx-commutator           1.50000000E-02   0.0000000000E+00 +-    0.0000000000E+00   
tni 2pixd-commutator           1.50000000E-02   0.0000000000E+00 +-    0.0000000000E+00   
tni 2pidd-commutator           1.50000000E-02   0.0000000000E+00 +-    0.0000000000E+00   
tni 2pi-tm                     1.50000000E-02   0.0000000000E+00 +-    0.0000000000E+00   
tni vd1                        1.50000000E-02   0.0000000000E+00 +-    0.0000000000E+00   
tni vd2                        1.50000000E-02   0.0000000000E+00 +-    0.0000000000E+00   
tni ve                         1.50000000E-02   0.0000000000E+00 +-    0.0000000000E+00   
vpottot v8+tni                 1.50000000E-02  -2.2391621738E+02 +-    1.9880380943E+00   
enetot v8+tni                  1.50000000E-02  -3.6615687192E+01 +-    4.4357685808E-01   
vper cent                      1.50000000E-02   1.6350627973E+01 +-    1.7712406804E+00   
vper tau                       1.50000000E-02  -1.2958259774E+01 +-    3.6932368200E-01   
vper sigma                     1.50000000E-02  -2.3377379975E+01 +-    4.4259845304E-01   
vper sigtau                    1.50000000E-02  -9.7667631882E+01 +-    6.9326566356E-01   
vper tensor                    1.50000000E-02   3.7541851547E+00 +-    2.9166893062E-01   
vper tenstau                   1.50000000E-02  -1.1001775888E+02 +-    1.9200766974E+00   
vper ls                        1.50000000E-02   0.0000000000E+00 +-    0.0000000000E+00   
vper lstau                     1.50000000E-02   0.0000000000E+00 +-    0.0000000000E+00   
vpotper v6                     1.50000000E-02  -2.2391621738E+02 +-    1.9880380943E+00   
vpotper v8                     1.50000000E-02  -2.2391621738E+02 +-    1.9880380943E+00   
vpotv6pr-vpotv6per diff        1.50000000E-02   0.0000000000E+00 +-    0.0000000000E+00   
vpotv8pr-vpotv8per diff        1.50000000E-02   0.0000000000E+00 +-    0.0000000000E+00   
2piapr-2pia diff               1.50000000E-02   0.0000000000E+00 +-    0.0000000000E+00   
vd1pr-vd1 diff                 1.50000000E-02   0.0000000000E+00 +-    0.0000000000E+00   
vepr-ve diff                   1.50000000E-02   0.0000000000E+00 +-    0.0000000000E+00   
diff1 2piapr-2pia-2picxx       1.50000000E-02   0.0000000000E+00 +-    0.0000000000E+00   
diff2 vd1pr-vd1-2picxd         1.50000000E-02   0.0000000000E+00 +-    0.0000000000E+00   
diff3 vepr-ve-2picdd           1.50000000E-02   0.0000000000E+00 +-    0.0000000000E+00   
sum diff1+dif2+diff3           1.50000000E-02   0.0000000000E+00 +-    0.0000000000E+00   
proton rms                     1.50000000E-02   1.3525586180E+00 +-    1.2594247006E-02   
neutron rms                    1.50000000E-02   1.4679656831E+00 +-    1.6022826428E-02   
total rms                      1.50000000E-02   1.4071720933E+00 +-    1.2882168281E-02   
neutron-proton rms             1.50000000E-02   1.1540706510E-01 +-    1.2428512387E-02   
GT sigXtau+                    1.50000000E-02  -8.7338950530E-04 +-    5.2912830322E-05   
GT sigYtau+                    1.50000000E-02  -1.3067247174E-03 +-    4.5344624363E-05   
GT sigZtau+                    1.50000000E-02  -8.9277940444E-05 +-    4.1123137844E-05   
GT sigXtau-                    1.50000000E-02  -1.1601897003E-03 +-    3.1462364290E-05   
GT sigYtau-                    1.50000000E-02   1.0441410052E-03 +-    3.4184500886E-05   
GT sigZtau-                    1.50000000E-02  -7.8263143989E-04 +-    2.8086886770E-05   
F tau+                         1.50000000E-02   4.1278201690E-19 +-    9.4505130852E-20   
F tau-                         1.50000000E-02   7.8902662611E-19 +-    9.0661373382E-20   
Psi**2                         1.50000000E-02   7.0501745805E-05 +-    1.5079673805E-06   
single crossing/step           1.50000000E-02   9.0146053548E-03 +-    4.5102287069E-05   
global crossing/step           1.50000000E-02   8.8779790233E-03 +-    8.9524559808E-05   
energy numerator(real)         1.50000000E-02  -3.1139367267E+00 +-    9.6447834205E-01   
denominator psit/psigi(real)   1.50000000E-02   7.8925221655E-02 +-    1.4246104291E-02   
energy numerator(aimag)        1.50000000E-02  -1.2325739695E+00 +-    6.6709073442E-01   
denominator psit/psigi(aimag)  1.50000000E-02   4.4511535570E-02 +-    9.9843797599E-03   
growth(lin dt) energy          1.50000000E-02  -2.9698395732E+02 +-    6.1075044988E+00   
growth(global) energy          1.50000000E-02  -3.2821700982E+02 +-    1.2589002394E+01
growth energy                  1.50000000E-02  -2.9651991417E+02 +-    6.0777179628E+00
Time for propagation (sec) (min) =          21.982      0.366
Time for energies (sec) (min) =              0.715      0.012
Time for load balancing (sec) (min) =        0.023      0.000
Time for block (sec) (min) =                23.393      0.390
Time for operators (sec) (min) =             0.016      0.000
Elapsed block time (sec) (min) =           139.192      2.320
 
 walkers multiplicity, block, total
   0          59372         312983
   1        1016082        6021753
   2          57855         307133
   3            510           2404
   4             97            394
   5             25            109
   6             17             66
   7              5             32
   8              1             14
   9              1             12
  10              1             10
  11              1              4
  12              0              3
  13              1              2
  17              0              1
  18              0              1
  20              1              2
 
 

iteration =                               7
walker number =                       10515
total energy-propagated        1.75000000E-02  -3.5479241972E+01 +-    2.9793556010E-01   
kinetic energy                 1.75000000E-02   1.5616444704E+01 +-    2.6431817983E+00   
potential energy               1.75000000E-02  -5.1095686677E+01 +-    2.4461793645E+00   
im energy                      1.75000000E-02  -1.8149278035E+01 +-    4.9746132134E-01   
imkin energy                   1.75000000E-02  -6.9524421014E+01 +-    1.4575875313E+00   
impot energy                   1.75000000E-02   5.1375142980E+01 +-    9.7556917107E-01   
v cent                         1.75000000E-02   1.1364332852E+01 +-    3.2564594240E+00   
v tau                          1.75000000E-02   1.1667256674E+01 +-    4.6194197811E-01   
v sigma                        1.75000000E-02  -1.9586380293E+01 +-    4.5073105222E-01   
v sigtau                       1.75000000E-02  -7.8835150174E+01 +-    7.8511368883E-01   
v tensor                       1.75000000E-02  -1.0723048432E+01 +-    1.3061648550E-01   
v tenstau                      1.75000000E-02   3.5017302697E+01 +-    1.5396958426E+00   
v ls                           1.75000000E-02   0.0000000000E+00 +-    0.0000000000E+00   
v lstau                        1.75000000E-02   0.0000000000E+00 +-    0.0000000000E+00   
vpot v6                        1.75000000E-02  -5.1095686677E+01 +-    2.4461793645E+00   
vpot v8                        1.75000000E-02  -5.1095686677E+01 +-    2.4461793645E+00   
v coulomb                      1.75000000E-02   8.3056103210E-01 +-    7.5290734866E-03   
v external                     1.75000000E-02   0.0000000000E+00 +-    0.0000000000E+00   
tni 2pipr-anticomm             1.75000000E-02   0.0000000000E+00 +-    0.0000000000E+00   
tni vd1pr                      1.75000000E-02   0.0000000000E+00 +-    0.0000000000E+00   
tni vepr                       1.75000000E-02   0.0000000000E+00 +-    0.0000000000E+00   
tni central                    1.75000000E-02   0.0000000000E+00 +-    0.0000000000E+00   
tni 2pixx-anticommutator       1.75000000E-02   0.0000000000E+00 +-    0.0000000000E+00   
tni 2pixd-anticommutator       1.75000000E-02   0.0000000000E+00 +-    0.0000000000E+00   
tni 2pidd-anticommutator       1.75000000E-02   0.0000000000E+00 +-    0.0000000000E+00   
tni 2pixx-commutator           1.75000000E-02   0.0000000000E+00 +-    0.0000000000E+00   
tni 2pixd-commutator           1.75000000E-02   0.0000000000E+00 +-    0.0000000000E+00   
tni 2pidd-commutator           1.75000000E-02   0.0000000000E+00 +-    0.0000000000E+00   
tni 2pi-tm                     1.75000000E-02   0.0000000000E+00 +-    0.0000000000E+00   
tni vd1                        1.75000000E-02   0.0000000000E+00 +-    0.0000000000E+00   
tni vd2                        1.75000000E-02   0.0000000000E+00 +-    0.0000000000E+00   
tni ve                         1.75000000E-02   0.0000000000E+00 +-    0.0000000000E+00   
vpottot v8+tni                 1.75000000E-02  -5.1095686677E+01 +-    2.4461793645E+00   
enetot v8+tni                  1.75000000E-02  -3.5479241972E+01 +-    2.9793556010E-01   
vper cent                      1.75000000E-02   1.1364332852E+01 +-    3.2564594240E+00   
vper tau                       1.75000000E-02   1.1667256674E+01 +-    4.6194197811E-01   
vper sigma                     1.75000000E-02  -1.9586380293E+01 +-    4.5073105222E-01   
vper sigtau                    1.75000000E-02  -7.8835150174E+01 +-    7.8511368883E-01   
vper tensor                    1.75000000E-02  -1.0723048432E+01 +-    1.3061648550E-01   
vper tenstau                   1.75000000E-02   3.5017302697E+01 +-    1.5396958426E+00   
vper ls                        1.75000000E-02   0.0000000000E+00 +-    0.0000000000E+00   
vper lstau                     1.75000000E-02   0.0000000000E+00 +-    0.0000000000E+00   
vpotper v6                     1.75000000E-02  -5.1095686677E+01 +-    2.4461793645E+00   
vpotper v8                     1.75000000E-02  -5.1095686677E+01 +-    2.4461793645E+00   
vpotv6pr-vpotv6per diff        1.75000000E-02   0.0000000000E+00 +-    0.0000000000E+00   
vpotv8pr-vpotv8per diff        1.75000000E-02   0.0000000000E+00 +-    0.0000000000E+00   
2piapr-2pia diff               1.75000000E-02   0.0000000000E+00 +-    0.0000000000E+00   
vd1pr-vd1 diff                 1.75000000E-02   0.0000000000E+00 +-    0.0000000000E+00   
vepr-ve diff                   1.75000000E-02   0.0000000000E+00 +-    0.0000000000E+00   
diff1 2piapr-2pia-2picxx       1.75000000E-02   0.0000000000E+00 +-    0.0000000000E+00   
diff2 vd1pr-vd1-2picxd         1.75000000E-02   0.0000000000E+00 +-    0.0000000000E+00   
diff3 vepr-ve-2picdd           1.75000000E-02   0.0000000000E+00 +-    0.0000000000E+00   
sum diff1+dif2+diff3           1.75000000E-02   0.0000000000E+00 +-    0.0000000000E+00   
proton rms                     1.75000000E-02   1.4598605895E+00 +-    1.3578387353E-02   
neutron rms                    1.75000000E-02   1.7381234756E+00 +-    1.5840852919E-02   
total rms                      1.75000000E-02   1.6070826477E+00 +-    1.4441875565E-02   
neutron-proton rms             1.75000000E-02   2.7826288611E-01 +-    8.5413415450E-03   
GT sigXtau+                    1.75000000E-02  -7.3056206970E-04 +-    3.7314352133E-05   
GT sigYtau+                    1.75000000E-02  -1.3781265587E-03 +-    3.4722784885E-05   
GT sigZtau+                    1.75000000E-02  -9.4706628221E-04 +-    3.2382507526E-05   
GT sigXtau-                    1.75000000E-02  -1.2507313193E-03 +-    3.2604164964E-05   
GT sigYtau-                    1.75000000E-02   1.1423191266E-03 +-    4.7666473061E-05   
GT sigZtau-                    1.75000000E-02  -6.9748900156E-04 +-    3.5710638297E-05   
F tau+                         1.75000000E-02  -2.3815999191E-19 +-    8.0882488789E-20   
F tau-                         1.75000000E-02  -2.1840953314E-18 +-    8.2818027874E-20   
Psi**2                         1.75000000E-02   5.6455992866E-06 +-    9.0736429431E-07   
single crossing/step           1.75000000E-02   8.6273916591E-03 +-    4.4275311629E-05   
global crossing/step           1.75000000E-02   8.4307415862E-03 +-    8.7544289711E-05   
energy numerator(real)         1.75000000E-02  -1.3293675776E+00 +-    9.4996799689E-01   
denominator psit/psigi(real)   1.75000000E-02   4.8011526945E-02 +-    1.4034472979E-02   
energy numerator(aimag)        1.75000000E-02  -1.6022845872E+00 +-    6.9359445457E-01   
denominator psit/psigi(aimag)  1.75000000E-02   2.0653230177E-02 +-    9.8765819462E-03   
growth(lin dt) energy          1.75000000E-02  -2.7631825815E+02 +-    6.0705897287E+00   
growth(global) energy          1.75000000E-02  -2.6011164616E+02 +-    1.2238377318E+01
growth energy                  1.75000000E-02  -2.7594815093E+02 +-    6.0440934089E+00
Time for propagation (sec) (min) =          21.846      0.364
Time for energies (sec) (min) =              0.738      0.012
Time for load balancing (sec) (min) =        0.033      0.001
Time for block (sec) (min) =                23.248      0.387
Time for operators (sec) (min) =             0.021      0.000
Elapsed block time (sec) (min) =           162.460      2.708
 
 walkers multiplicity, block, total
   0          57666         370649
   1        1000065        7021818
   2          56433         363566
   3            472           2876
   4            105            499
   5             29            138
   6              9             75
   7              8             40
   8              4             18
   9              4             16
  10              1             11
  11              1              5
  12              0              3
  13              0              2
  14              1              1
  17              0              1
  18              0              1
  20              0              2
 
 

iteration =                               8
walker number =                       10784
total energy-propagated        2.00000000E-02  -8.1997172805E+01 +-    7.0017993811E-01   
kinetic energy                 2.00000000E-02   1.3363894405E+02 +-    2.3353292111E+00   
potential energy               2.00000000E-02  -2.1563611685E+02 +-    2.7473182101E+00   
im energy                      2.00000000E-02  -1.6910151763E+01 +-    6.0601482305E-01   
imkin energy                   2.00000000E-02  -1.1410492621E+01 +-    1.3903749037E+00   
impot energy                   2.00000000E-02  -5.4996591413E+00 +-    1.1355867361E+00   
v cent                         2.00000000E-02   2.4275339791E+01 +-    2.8689629972E+00   
v tau                          2.00000000E-02  -2.0060925975E+01 +-    6.4137057997E-01   
v sigma                        2.00000000E-02  -3.9760450377E+00 +-    4.5294575962E-01   
v sigtau                       2.00000000E-02  -8.5176699754E+01 +-    5.6389554051E-01   
v tensor                       2.00000000E-02   5.9056710029E+00 +-    3.3227215133E-01   
v tenstau                      2.00000000E-02  -1.3660345688E+02 +-    1.6624602544E+00   
v ls                           2.00000000E-02   0.0000000000E+00 +-    0.0000000000E+00   
v lstau                        2.00000000E-02   0.0000000000E+00 +-    0.0000000000E+00   
vpot v6                        2.00000000E-02  -2.1563611685E+02 +-    2.7473182101E+00   
vpot v8                        2.00000000E-02  -2.1563611685E+02 +-    2.7473182101E+00   
v coulomb                      2.00000000E-02   7.8914661133E-01 +-    4.8113472991E-03   
v external                     2.00000000E-02   0.0000000000E+00 +-    0.0000000000E+00   
tni 2pipr-anticomm             2.00000000E-02   0.0000000000E+00 +-    0.0000000000E+00   
tni vd1pr                      2.00000000E-02   0.0000000000E+00 +-    0.0000000000E+00   
tni vepr                       2.00000000E-02   0.0000000000E+00 +-    0.0000000000E+00   
tni central                    2.00000000E-02   0.0000000000E+00 +-    0.0000000000E+00   
tni 2pixx-anticommutator       2.00000000E-02   0.0000000000E+00 +-    0.0000000000E+00   
tni 2pixd-anticommutator       2.00000000E-02   0.0000000000E+00 +-    0.0000000000E+00   
tni 2pidd-anticommutator       2.00000000E-02   0.0000000000E+00 +-    0.0000000000E+00   
tni 2pixx-commutator           2.00000000E-02   0.0000000000E+00 +-    0.0000000000E+00   
tni 2pixd-commutator           2.00000000E-02   0.0000000000E+00 +-    0.0000000000E+00   
tni 2pidd-commutator           2.00000000E-02   0.0000000000E+00 +-    0.0000000000E+00   
tni 2pi-tm                     2.00000000E-02   0.0000000000E+00 +-    0.0000000000E+00   
tni vd1                        2.00000000E-02   0.0000000000E+00 +-    0.0000000000E+00   
tni vd2                        2.00000000E-02   0.0000000000E+00 +-    0.0000000000E+00   
tni ve                         2.00000000E-02   0.0000000000E+00 +-    0.0000000000E+00   
vpottot v8+tni                 2.00000000E-02  -2.1563611685E+02 +-    2.7473182101E+00   
enetot v8+tni                  2.00000000E-02  -8.1997172805E+01 +-    7.0017993811E-01   
vper cent                      2.00000000E-02   2.4275339791E+01 +-    2.8689629972E+00   
vper tau                       2.00000000E-02  -2.0060925975E+01 +-    6.4137057997E-01   
vper sigma                     2.00000000E-02  -3.9760450377E+00 +-    4.5294575962E-01   
vper sigtau                    2.00000000E-02  -8.5176699754E+01 +-    5.6389554051E-01   
vper tensor                    2.00000000E-02   5.9056710029E+00 +-    3.3227215133E-01   
vper tenstau                   2.00000000E-02  -1.3660345688E+02 +-    1.6624602544E+00   
vper ls                        2.00000000E-02   0.0000000000E+00 +-    0.0000000000E+00   
vper lstau                     2.00000000E-02   0.0000000000E+00 +-    0.0000000000E+00   
vpotper v6                     2.00000000E-02  -2.1563611685E+02 +-    2.7473182101E+00   
vpotper v8                     2.00000000E-02  -2.1563611685E+02 +-    2.7473182101E+00   
vpotv6pr-vpotv6per diff        2.00000000E-02   0.0000000000E+00 +-    0.0000000000E+00   
vpotv8pr-vpotv8per diff        2.00000000E-02   0.0000000000E+00 +-    0.0000000000E+00   
2piapr-2pia diff               2.00000000E-02   0.0000000000E+00 +-    0.0000000000E+00   
vd1pr-vd1 diff                 2.00000000E-02   0.0000000000E+00 +-    0.0000000000E+00   
vepr-ve diff                   2.00000000E-02   0.0000000000E+00 +-    0.0000000000E+00   
diff1 2piapr-2pia-2picxx       2.00000000E-02   0.0000000000E+00 +-    0.0000000000E+00   
diff2 vd1pr-vd1-2picxd         2.00000000E-02   0.0000000000E+00 +-    0.0000000000E+00   
diff3 vepr-ve-2picdd           2.00000000E-02   0.0000000000E+00 +-    0.0000000000E+00   
sum diff1+dif2+diff3           2.00000000E-02   0.0000000000E+00 +-    0.0000000000E+00   
proton rms                     2.00000000E-02   1.0382577397E+00 +-    8.0454851515E-03   
neutron rms                    2.00000000E-02   1.5170544059E+00 +-    7.2507574123E-03   
total rms                      2.00000000E-02   1.2776492226E+00 +-    6.5744436173E-03   
neutron-proton rms             2.00000000E-02   4.7879666616E-01 +-    1.1402614518E-02   
GT sigXtau+                    2.00000000E-02  -2.5470756704E-03 +-    3.4948846979E-05   
GT sigYtau+                    2.00000000E-02  -3.4478271128E-05 +-    2.3922939115E-05   
GT sigZtau+                    2.00000000E-02  -8.9759412126E-04 +-    4.0384472001E-05   
GT sigXtau-                    2.00000000E-02   1.3139220762E-03 +-    3.7230017131E-05   
GT sigYtau-                    2.00000000E-02   1.6639869131E-03 +-    3.5031466092E-05   
GT sigZtau-                    2.00000000E-02  -2.6098911852E-03 +-    3.8531034253E-05   
F tau+                         2.00000000E-02  -2.6524222317E-19 +-    3.6982012403E-20   
F tau-                         2.00000000E-02   3.7290208075E-19 +-    6.2225363319E-20   
Psi**2                         2.00000000E-02   6.5970155559E-05 +-    1.6704955953E-06   
single crossing/step           2.00000000E-02   8.2945051414E-03 +-    4.3327684331E-05   
global crossing/step           2.00000000E-02   8.1301852068E-03 +-    8.5799830615E-05   
energy numerator(real)         2.00000000E-02  -3.4598843518E+00 +-    9.5786178290E-01   
denominator psit/psigi(real)   2.00000000E-02   4.4060465528E-02 +-    1.3951823866E-02   
energy numerator(aimag)        2.00000000E-02  -1.4979533599E+00 +-    6.5275995104E-01   
denominator psit/psigi(aimag)  2.00000000E-02   1.0250975806E-02 +-    9.6832867646E-03   
growth(lin dt) energy          2.00000000E-02  -2.8167840711E+02 +-    5.9977374627E+00   
growth(global) energy          2.00000000E-02  -2.6066620496E+02 +-    1.1138402852E+01
growth energy                  2.00000000E-02  -2.8128495162E+02 +-    5.9707679218E+00
Time for propagation (sec) (min) =          21.939      0.366
Time for energies (sec) (min) =              0.757      0.013
Time for load balancing (sec) (min) =        0.031      0.001
Time for block (sec) (min) =                23.400      0.390
Time for operators (sec) (min) =             0.014      0.000
Elapsed block time (sec) (min) =           185.875      3.098
 
 walkers multiplicity, block, total
   0          57266         427915
   1        1005530        8027348
   2          56095         419661
   3            464           3340
   4             62            561
   5             30            168
   6             18             93
   7              8             48
   8              1             19
   9              4             20
  10              0             11
  11              1              6
  12              0              3
  13              0              2
  14              0              1
  17              0              1
  18              0              1
  20              1              3
 
 

iteration =                               9
walker number =                       11445
total energy-propagated        2.25000000E-02  -2.2644265231E+00 +-    1.0481247890E+00   
kinetic energy                 2.25000000E-02   2.2012979208E+02 +-    3.9940300078E+00   
potential energy               2.25000000E-02  -2.2239421860E+02 +-    2.7694676597E+00   
im energy                      2.25000000E-02  -2.1077256239E+01 +-    2.4411611326E-01   
imkin energy                   2.25000000E-02  -2.1468027042E+01 +-    6.6370381971E-01   
impot energy                   2.25000000E-02   3.9077080255E-01 +-    8.4438974902E-01   
v cent                         2.25000000E-02   1.3006356756E+01 +-    3.5506621713E+00   
v tau                          2.25000000E-02  -1.4714858800E+00 +-    5.1149839970E-01   
v sigma                        2.25000000E-02  -1.6765357814E+01 +-    3.7179695396E-01   
v sigtau                       2.25000000E-02  -7.4912685981E+01 +-    6.5088022145E-01   
v tensor                       2.25000000E-02   7.2162392881E+00 +-    3.2887301088E-01   
v tenstau                      2.25000000E-02  -1.4946728497E+02 +-    1.5497762865E+00   
v ls                           2.25000000E-02   0.0000000000E+00 +-    0.0000000000E+00   
v lstau                        2.25000000E-02   0.0000000000E+00 +-    0.0000000000E+00   
vpot v6                        2.25000000E-02  -2.2239421860E+02 +-    2.7694676597E+00   
vpot v8                        2.25000000E-02  -2.2239421860E+02 +-    2.7694676597E+00   
v coulomb                      2.25000000E-02   8.8958024912E-01 +-    4.2745701043E-03   
v external                     2.25000000E-02   0.0000000000E+00 +-    0.0000000000E+00   
tni 2pipr-anticomm             2.25000000E-02   0.0000000000E+00 +-    0.0000000000E+00   
tni vd1pr                      2.25000000E-02   0.0000000000E+00 +-    0.0000000000E+00   
tni vepr                       2.25000000E-02   0.0000000000E+00 +-    0.0000000000E+00   
tni central                    2.25000000E-02   0.0000000000E+00 +-    0.0000000000E+00   
tni 2pixx-anticommutator       2.25000000E-02   0.0000000000E+00 +-    0.0000000000E+00   
tni 2pixd-anticommutator       2.25000000E-02   0.0000000000E+00 +-    0.0000000000E+00   
tni 2pidd-anticommutator       2.25000000E-02   0.0000000000E+00 +-    0.0000000000E+00   
tni 2pixx-commutator           2.25000000E-02   0.0000000000E+00 +-    0.0000000000E+00   
tni 2pixd-commutator           2.25000000E-02   0.0000000000E+00 +-    0.0000000000E+00   
tni 2pidd-commutator           2.25000000E-02   0.0000000000E+00 +-    0.0000000000E+00   
tni 2pi-tm                     2.25000000E-02   0.0000000000E+00 +-    0.0000000000E+00   
tni vd1                        2.25000000E-02   0.0000000000E+00 +-    0.0000000000E+00   
tni vd2                        2.25000000E-02   0.0000000000E+00 +-    0.0000000000E+00   
tni ve                         2.25000000E-02   0.0000000000E+00 +-    0.0000000000E+00   
vpottot v8+tni                 2.25000000E-02  -2.2239421860E+02 +-    2.7694676597E+00   
enetot v8+tni                  2.25000000E-02  -2.2644265231E+00 +-    1.0481247890E+00   
vper cent                      2.25000000E-02   1.3006356756E+01 +-    3.5506621713E+00   
vper tau                       2.25000000E-02  -1.4714858800E+00 +-    5.1149839970E-01   
vper sigma                     2.25000000E-02  -1.6765357814E+01 +-    3.7179695396E-01   
vper sigtau                    2.25000000E-02  -7.4912685981E+01 +-    6.5088022145E-01   
vper tensor                    2.25000000E-02   7.2162392881E+00 +-    3.2887301088E-01   
vper tenstau                   2.25000000E-02  -1.4946728497E+02 +-    1.5497762865E+00   
vper ls                        2.25000000E-02   0.0000000000E+00 +-    0.0000000000E+00   
vper lstau                     2.25000000E-02   0.0000000000E+00 +-    0.0000000000E+00   
vpotper v6                     2.25000000E-02  -2.2239421860E+02 +-    2.7694676597E+00   
vpotper v8                     2.25000000E-02  -2.2239421860E+02 +-    2.7694676597E+00   
vpotv6pr-vpotv6per diff        2.25000000E-02   0.0000000000E+00 +-    0.0000000000E+00   
vpotv8pr-vpotv8per diff        2.25000000E-02   0.0000000000E+00 +-    0.0000000000E+00   
2piapr-2pia diff               2.25000000E-02   0.0000000000E+00 +-    0.0000000000E+00   
vd1pr-vd1 diff                 2.25000000E-02   0.0000000000E+00 +-    0.0000000000E+00   
vepr-ve diff                   2.25000000E-02   0.0000000000E+00 +-    0.0000000000E+00   
diff1 2piapr-2pia-2picxx       2.25000000E-02   0.0000000000E+00 +-    0.0000000000E+00   
diff2 vd1pr-vd1-2picxd         2.25000000E-02   0.0000000000E+00 +-    0.0000000000E+00   
diff3 vepr-ve-2picdd           2.25000000E-02   0.0000000000E+00 +-    0.0000000000E+00   
sum diff1+dif2+diff3           2.25000000E-02   0.0000000000E+00 +-    0.0000000000E+00   
proton rms                     2.25000000E-02   1.1111181602E+00 +-    9.7353177413E-03   
neutron rms                    2.25000000E-02   1.0272111154E+00 +-    4.3719143471E-03   
total rms                      2.25000000E-02   1.0720298548E+00 +-    7.2694757074E-03   
neutron-proton rms             2.25000000E-02  -8.3907044800E-02 +-    4.2679455210E-03   
GT sigXtau+                    2.25000000E-02  -1.3043070600E-03 +-    3.9091496809E-05   
GT sigYtau+                    2.25000000E-02  -1.4244312813E-03 +-    3.9711510308E-05   
GT sigZtau+                    2.25000000E-02  -3.5197258267E-03 +-    1.6281740512E-05   
GT sigXtau-                    2.25000000E-02   2.8139195221E-04 +-    4.1697886722E-05   
GT sigYtau-                    2.25000000E-02   9.6096823783E-04 +-    4.6308207129E-05   
GT sigZtau-                    2.25000000E-02  -2.8668895654E-04 +-    4.7292086390E-05   
F tau+                         2.25000000E-02   1.3044622170E-18 +-    1.8424358621E-19   
F tau-                         2.25000000E-02   8.8749697947E-20 +-    2.0559748825E-19   
Psi**2                         2.25000000E-02   2.4491320947E-05 +-    1.2734905206E-06   
single crossing/step           2.25000000E-02   8.7429287472E-03 +-    4.4354815307E-05   
global crossing/step           2.25000000E-02   8.6053628018E-03 +-    8.8015067675E-05   
energy numerator(real)         2.25000000E-02   2.6254761236E+00 +-    1.0359007856E+00   
denominator psit/psigi(real)   2.25000000E-02   4.3932822756E-02 +-    1.3426013175E-02   
energy numerator(aimag)        2.25000000E-02  -3.0402309026E+00 +-    6.4545848806E-01   
denominator psit/psigi(aimag)  2.25000000E-02   4.0605022579E-02 +-    9.5590682825E-03   
growth(lin dt) energy          2.25000000E-02  -2.8249123784E+02 +-    6.0744778015E+00   
growth(global) energy          2.25000000E-02  -2.7824967122E+02 +-    1.1698946340E+01
growth energy                  2.25000000E-02  -2.8209417957E+02 +-    6.0470350864E+00
Time for propagation (sec) (min) =          22.055      0.368
Time for energies (sec) (min) =              0.803      0.013
Time for load balancing (sec) (min) =        0.026      0.000
Time for block (sec) (min) =                23.541      0.392
Time for operators (sec) (min) =             0.018      0.000
Elapsed block time (sec) (min) =           209.442      3.491
 
 walkers multiplicity, block, total
   0          58410         486325
   1        1008768        9036116
   2          57555         477216
   3            488           3828
   4             87            648
   5             24            192
   6             13            106
   7              5             53
   8              2             21
   9              0             20
  10              1             12
  11              0              6
  12              3              6
  13              0              2
  14              0              1
  17              2              3
  18              0              1
  20              0              3
 
 

iteration =                              10
walker number =                       10481
total energy-propagated        2.50000000E-02  -3.4402100032E+01 +-    5.9210200627E-01   
kinetic energy                 2.50000000E-02   1.7531793188E+01 +-    3.9069972070E+00   
potential energy               2.50000000E-02  -5.1933893220E+01 +-    4.0242930692E+00   
im energy                      2.50000000E-02  -7.5003290289E+00 +-    4.5685103452E-01   
imkin energy                   2.50000000E-02  -1.5074969469E+01 +-    1.0625363780E+00   
impot energy                   2.50000000E-02   7.5746404402E+00 +-    8.5932805301E-01   
v cent                         2.50000000E-02   1.2732689609E+02 +-    3.6751365538E+00   
v tau                          2.50000000E-02   1.4972735175E+01 +-    6.5116068032E-01   
v sigma                        2.50000000E-02  -2.9517997233E+01 +-    3.6614467407E-01   
v sigtau                       2.50000000E-02  -1.0252883852E+02 +-    8.1694679398E-01   
v tensor                       2.50000000E-02  -1.2404180913E+01 +-    3.4320029111E-01   
v tenstau                      2.50000000E-02  -4.9782507821E+01 +-    1.5691276201E+00   
v ls                           2.50000000E-02   0.0000000000E+00 +-    0.0000000000E+00   
v lstau                        2.50000000E-02   0.0000000000E+00 +-    0.0000000000E+00   
vpot v6                        2.50000000E-02  -5.1933893220E+01 +-    4.0242930692E+00   
vpot v8                        2.50000000E-02  -5.1933893220E+01 +-    4.0242930692E+00   
v coulomb                      2.50000000E-02   6.8695242758E-01 +-    5.0943424175E-03   
v external                     2.50000000E-02   0.0000000000E+00 +-    0.0000000000E+00   
tni 2pipr-anticomm             2.50000000E-02   0.0000000000E+00 +-    0.0000000000E+00   
tni vd1pr                      2.50000000E-02   0.0000000000E+00 +-    0.0000000000E+00   
tni vepr                       2.50000000E-02   0.0000000000E+00 +-    0.0000000000E+00   
tni central                    2.50000000E-02   0.0000000000E+00 +-    0.0000000000E+00   
tni 2pixx-anticommutator       2.50000000E-02   0.0000000000E+00 +-    0.0000000000E+00   
tni 2pixd-anticommutator       2.50000000E-02   0.0000000000E+00 +-    0.0000000000E+00   
tni 2pidd-anticommutator       2.50000000E-02   0.0000000000E+00 +-    0.0000000000E+00   
tni 2pixx-commutator           2.50000000E-02   0.0000000000E+00 +-    0.0000000000E+00   
tni 2pixd-commutator           2.50000000E-02   0.0000000000E+00 +-    0.0000000000E+00   
tni 2pidd-commutator           2.50000000E-02   0.0000000000E+00 +-    0.0000000000E+00   
tni 2pi-tm                     2.50000000E-02   0.0000000000E+00 +-    0.0000000000E+00   
tni vd1                        2.50000000E-02   0.0000000000E+00 +-    0.0000000000E+00   
tni vd2                        2.50000000E-02   0.0000000000E+00 +-    0.0000000000E+00   
tni ve                         2.50000000E-02   0.0000000000E+00 +-    0.0000000000E+00   
vpottot v8+tni                 2.50000000E-02  -5.1933893220E+01 +-    4.0242930692E+00   
enetot v8+tni                  2.50000000E-02  -3.4402100032E+01 +-    5.9210200627E-01   
vper cent                      2.50000000E-02   1.2732689609E+02 +-    3.6751365538E+00   
vper tau                       2.50000000E-02   1.4972735175E+01 +-    6.5116068032E-01   
vper sigma                     2.50000000E-02  -2.9517997233E+01 +-    3.6614467407E-01   
vper sigtau                    2.50000000E-02  -1.0252883852E+02 +-    8.1694679398E-01   
vper tensor                    2.50000000E-02  -1.2404180913E+01 +-    3.4320029111E-01   
vper tenstau                   2.50000000E-02  -4.9782507821E+01 +-    1.5691276201E+00   
vper ls                        2.50000000E-02   0.0000000000E+00 +-    0.0000000000E+00   
vper lstau                     2.50000000E-02   0.0000000000E+00 +-    0.0000000000E+00   
vpotper v6                     2.50000000E-02  -5.1933893220E+01 +-    4.0242930692E+00   
vpotper v8                     2.50000000E-02  -5.1933893220E+01 +-    4.0242930692E+00   
vpotv6pr-vpotv6per diff        2.50000000E-02   0.0000000000E+00 +-    0.0000000000E+00   
vpotv8pr-vpotv8per diff        2.50000000E-02   0.0000000000E+00 +-    0.0000000000E+00   
2piapr-2pia diff               2.50000000E-02   0.0000000000E+00 +-    0.0000000000E+00   
vd1pr-vd1 diff                 2.50000000E-02   0.0000000000E+00 +-    0.0000000000E+00   
vepr-ve diff                   2.50000000E-02   0.0000000000E+00 +-    0.0000000000E+00   
diff1 2piapr-2pia-2picxx       2.50000000E-02   0.0000000000E+00 +-    0.0000000000E+00   
diff2 vd1pr-vd1-2picxd         2.50000000E-02   0.0000000000E+00 +-    0.0000000000E+00   
diff3 vepr-ve-2picdd           2.50000000E-02   0.0000000000E+00 +-    0.0000000000E+00   
sum diff1+dif2+diff3           2.50000000E-02   0.0000000000E+00 +-    0.0000000000E+00   
proton rms                     2.50000000E-02   1.3386718109E+00 +-    7.9295231701E-03   
neutron rms                    2.50000000E-02   9.2267957027E-01 +-    4.5503183283E-03   
total rms                      2.50000000E-02   1.1354317596E+00 +-    4.4840084871E-03   
neutron-proton rms             2.50000000E-02  -4.1599224060E-01 +-    2.7990034046E-03   
GT sigXtau+                    2.50000000E-02   7.5867502018E-05 +-    2.6216648756E-05   
GT sigYtau+                    2.50000000E-02  -1.8681372835E-04 +-    3.2703137114E-05   
GT sigZtau+                    2.50000000E-02  -1.3138703022E-03 +-    3.0883987213E-05   
GT sigXtau-                    2.50000000E-02  -8.4157220105E-04 +-    4.1935197693E-05   
GT sigYtau-                    2.50000000E-02  -7.0970918732E-04 +-    4.3143442406E-05   
GT sigZtau-                    2.50000000E-02   1.0910437161E-03 +-    5.7802001273E-05   
F tau+                         2.50000000E-02   9.2809403381E-19 +-    2.7423925058E-20   
F tau-                         2.50000000E-02  -7.1954462504E-19 +-    9.8965886286E-20   
Psi**2                         2.50000000E-02   4.6919738681E-05 +-    1.1449686818E-06   
single crossing/step           2.50000000E-02   9.0053758535E-03 +-    4.5117904514E-05   
global crossing/step           2.50000000E-02   8.8037357255E-03 +-    8.9228927368E-05   
energy numerator(real)         2.50000000E-02  -2.4523216341E+00 +-    1.0215226640E+00   
denominator psit/psigi(real)   2.50000000E-02   7.1218362475E-02 +-    1.4064925498E-02   
energy numerator(aimag)        2.50000000E-02  -1.5213816286E+00 +-    7.0172439554E-01   
denominator psit/psigi(aimag)  2.50000000E-02  -1.0556124348E-04 +-    9.9367446511E-03   
growth(lin dt) energy          2.50000000E-02  -2.9805803051E+02 +-    6.2143958098E+00   
growth(global) energy          2.50000000E-02  -2.9462792287E+02 +-    1.3145986684E+01
growth energy                  2.50000000E-02  -2.9758881599E+02 +-    6.1839144993E+00
Time for propagation (sec) (min) =          21.950      0.366
Time for energies (sec) (min) =              0.736      0.012
Time for load balancing (sec) (min) =        0.028      0.000
Time for block (sec) (min) =                23.397      0.390
Time for operators (sec) (min) =             0.014      0.000
Elapsed block time (sec) (min) =           232.854      3.881
 
 walkers multiplicity, block, total
   0          60940         547265
   1        1012203       10048319
   2          58334         535550
   3            532           4360
   4             89            737
   5             21            213
   6             15            121
   7              4             57
   8              4             25
   9              3             23
  10              3             15
  11              1              7
  12              0              6
  13              2              4
  14              0              1
  16              1              1
  17              0              3
  18              0              1
  20              0              3
 
 

Time for steps      =     232.862 seconds,        3.881 minutes
Master Time for steps =     232.721 seconds,        3.879 minutes

Number of cpus =       100
Total job time =     237.869 seconds,        3.964 minutes,        0.066 hours
Total cpu-time =     396.449 minutes,        6.607 hours
Total time =         237.637 seconds,        3.961 minutes,        0.066 hours
Finished!
