Unconstrained Diffusion Monte Carlo Run -- no drift
!-!-!-!-!-!-!-!-!-!-!-!-!-!-!-!-!-!-!-!-!-!-!-!-!-!
MPI parameters:
Number of boss cpus =                         100
Number of worker cpus for each boss =           0
Total number of cpus =                        100
Simulation parameters:
random number seed =                          321
hbar^2/2m =                              20.73554
start from sites =                              F
nwalk =                                     10000
equilibration blocks =                          0
averaging blocks =                             10
nsteps/blocks =                               100
time step =                          0.0000250000
time step rotations (vmc) =          0.1700000000
trial energy =                          -26.00000
drift cutoff =                            0.00000
drastic population control up =           1.20000
drastic population control down =         0.80000
rebalance if walkers fluctuate more than   2.00 %
weight cut off =                         20.00000
table size =                                 8000
!-!-!-!-!-!-!-!-!-!-!-!-!-!-!-!-!-!-!-!-!-!-!-!-!-!
System parameters:
lpot =                                         11
lpotper =                                      11
potential  =                          argonne v6'
potentialpr =                         argonne v6'
Coulomb included in energy-propagation          F
multiply central v by =                   1.00000
multiply tau v by =                       1.00000
multiply sigma v by =                     1.00000
multiply sigma tau v by =                 1.00000
multiply tensor v by =                    1.00000
multiply tensor tau v by =                1.00000
multiply spin-orbit v by =                0.00000
multiply spin-orbit tau v by =            0.00000
three-body potential =                        no3
ibox (0 is nearest image) =                     0
!-!-!-!-!-!-!-!-!-!-!-!-!-!-!-!-!-!-!-!-!-!-!-!-!-!
propagate LS =                                  F
calculate LS =                                  F
type of correlations =           independent pair
scale orbital   1 with factor    1.14000
determinant # 1
coefficient                     1.00000   0.00000
1  1  0  1  alpha.orb    # 2J,2M,L,tau radial_file for state                    
1 -1  0  1  alpha.orb    # 2J,2M,L,tau radial_file for state                    
1  1  0 -1  alpha.orb    # 2J,2M,L,tau radial_file for state                    
1 -1  0 -1  alpha.orb    # 2J,2M,L,tau radial_file for state                    
rescaled coefficient            1.00000   0.00000
!-!-!-!-!-!-!-!-!-!-!-!-!-!-!-!-!-!-!-!-!-!-!-!-!-!
No external potential
!-!-!-!-!-!-!-!-!-!-!-!-!-!-!-!-!-!-!-!-!-!-!-!-!-!
rcut in pair sampling =                   1.00000
acut in pair sampling =                   5.00000
a constant in psig =                      0.20000
Number of protons =                             2
Number of neutrons =                            2
range of the potential =                 20.00000
!-!-!-!-!-!-!-!-!-!-!-!-!-!-!-!-!-!-!-!-!-!-!-!-!-!
do V3 =                                         F
three body force =                            no3
three body a2piPwa =                      0.000000000000000
three body a2piPwc =                      0.000000000000000
three body a2piSw =                       0.000000000000000
three body Vd,C,c3 =                      0.000000000000000
three body Ve,C,c3 =                      0.000000000000000
three body A_R =                          0.000000000000000
three body Vd1 =                          0.000000000000000
three body Vd2 =                          0.000000000000000
three body Ve =                           0.000000000000000
propagator: multiply the antic by =       0.000000000000000
propagator: multiply the Vd1 by =         0.000000000000000
propagator: multiply the Ve by =          0.000000000000000
propagator: three body a2piPW =           0.000000000000000
!-!-!-!-!-!-!-!-!-!-!-!-!-!-!-!-!-!-!-!-!-!-!-!-!-!
jastrow healing distance dc =             4.47768
jastrow healing distance dtn =           11.57317
jastrow rho =                             0.01000
potential quencher acn (v1) =             1.50851
potential quencher at  (v2) =             6.06936
potential quencher as  (v3) =             2.76780
potential quencher ast (v4) =             0.80880
potential quencher atn (v5) =             0.61864
potential quencher atn (v6) =             0.20141
potential quencher als (v7) =             0.00000
potential quencher alst (v8) =            0.00000
correlation quencher bt (f2) =            0.26685
correlation quencher bs (f3) =           -0.10565
correlation quencher bst (f4) =           0.42277
correlation quencher btn (f5) =           1.08683
correlation quencher btn (f6) =           4.44810
correlation quencher bls (f7) =           0.00000
correlation quencher blst (f8) =          0.00000
!-!-!-!-!-!-!-!-!-!-!-!-!-!-!-!-!-!-!-!-!-!-!-!-!-!
q1c parameter in f3c =                   12.87526
q2c parameter in f3c =                    1.60340
q1p parameter in f3p =                   -1.81620
q2p parameter in f3p =                    2.14789
!-!-!-!-!-!-!-!-!-!-!-!-!-!-!-!-!-!-!-!-!-!-!-!-!-!
rscal parameter in Uijk cent =            1.00000
rscal parameter in Uijk xpi =             1.00000
rscal parameter in Uijk delta =           1.00000
eps_c parameter in Uijk =                 0.00000
eps_anti parameter in Uijk =              0.00000
eps_tm parameter in Uijk =                0.00000
eps_vd1 parameter in Uijk =               0.00000
eps_vd2 parameter in Uijk =               0.00000
eps_vdc3 parameter in Uijk =              0.00000
eps_vec3 parameter in Uijk =              0.00000
eps_ve parameter in Uijk =                0.00000
eps_comm parameter in Uijk =              0.00000
eps_comm-XD parameter in Uijk =           0.00000
eps_comm-DD parameter in Uijk =           0.00000
TNI-comm correlation included =                 F
!-!-!-!-!-!-!-!-!-!-!-!-!-!-!-!-!-!-!-!-!-!-!-!-!-!
CSB correlation rscalpp =                 1.00000
CSB correlation rscalnn =                 1.00000
CSB correlation quencher pp =             0.00000
CSB correlation quencher nn =             0.00000
CSB correlation included =                      F
!-!-!-!-!-!-!-!-!-!-!-!-!-!-!-!-!-!-!-!-!-!-!-!-!-!
jastrow initialized
!-!-!-!-!-!-!-!-!-!-!-!-!-!-!-!-!-!-!-!-!-!-!-!-!-!
Symmetrize V6 in the propagator =               T
New propagation of Vlstau and commutator included!
Coulomb included in energy (and propag)         F
Initial walkers from file
Number of walkers =                          8340
Configurations at tau =              2.1250000000
Reset tau =                          0.0000000000
!-!-!-!-!-!-!-!-!-!-!-!-!-!-!-!-!-!-!-!-!-!-!-!-!-!
Time for reading configurations (sec.) =       0.75
!-!-!-!-!-!-!-!-!-!-!-!-!-!-!-!-!-!-!-!-!-!-!-!-!-!
Initial configurations:
total energy-propagated        0.00000000E+00  -2.7536335144E+01 +-    3.5069227232E-01   
kinetic energy                 0.00000000E+00   1.0265499549E+02 +-    1.6626269617E+00   
potential energy               0.00000000E+00  -1.3019133063E+02 +-    1.5970316778E+00   
v cent                         0.00000000E+00   1.4643509527E+01 +-    1.4485519547E+00   
v tau                          0.00000000E+00  -6.8914407414E+00 +-    2.1555677304E-01   
v sigma                        0.00000000E+00  -8.2836556283E+00 +-    2.4178370293E-01   
v sigtau                       0.00000000E+00  -5.8541498340E+01 +-    5.5075228000E-01   
v tensor                       0.00000000E+00   4.8617131358E-01 +-    1.3139956136E-01   
v tenstau                      0.00000000E+00  -7.1604416762E+01 +-    9.6403871493E-01   
v ls                           0.00000000E+00   0.0000000000E+00 +-    0.0000000000E+00   
v lstau                        0.00000000E+00   0.0000000000E+00 +-    0.0000000000E+00   
v coulomb                      0.00000000E+00   7.3823735863E-01 +-    2.8511115936E-03   
v external                     0.00000000E+00   0.0000000000E+00 +-    0.0000000000E+00   
tni 2pipr-anticomm             0.00000000E+00   0.0000000000E+00 +-    0.0000000000E+00   
tni vd1pr                      0.00000000E+00   0.0000000000E+00 +-    0.0000000000E+00   
tni vepr                       0.00000000E+00   0.0000000000E+00 +-    0.0000000000E+00   
tni central                    0.00000000E+00   0.0000000000E+00 +-    0.0000000000E+00   
tni 2pixx-anticommutator       0.00000000E+00   0.0000000000E+00 +-    0.0000000000E+00   
tni 2pixd-anticommutator       0.00000000E+00   0.0000000000E+00 +-    0.0000000000E+00   
tni 2pidd-anticommutator       0.00000000E+00   0.0000000000E+00 +-    0.0000000000E+00   
tni 2pixx-commutator           0.00000000E+00   0.0000000000E+00 +-    0.0000000000E+00   
tni 2pixd-commutator           0.00000000E+00   0.0000000000E+00 +-    0.0000000000E+00   
tni 2pidd-commutator           0.00000000E+00   0.0000000000E+00 +-    0.0000000000E+00   
tni 2pi-tm                     0.00000000E+00   0.0000000000E+00 +-    0.0000000000E+00   
tni vd1                        0.00000000E+00   0.0000000000E+00 +-    0.0000000000E+00   
tni vd2                        0.00000000E+00   0.0000000000E+00 +-    0.0000000000E+00   
tni ve                         0.00000000E+00   0.0000000000E+00 +-    0.0000000000E+00   
enetot v8+tni                  0.00000000E+00  -2.7536335144E+01 +-    3.5069227232E-01   
!-!-!-!-!-!-!-!-!-!-!-!-!-!-!-!-!-!-!-!-!-!-!-!-!-!
Psi**2 of initial configurations  =   0.2467227E-04  0.0000000E+00  +-    0.6696208E-06  0.0000000E+00
Psig**2 of initial configurations =   0.1547704E-04  0.0000000E+00  +-    0.4487298E-06  0.0000000E+00
!-!-!-!-!-!-!-!-!-!-!-!-!-!-!-!-!-!-!-!-!-!-!-!-!-!
T**2 of initial configurations  =  -0.1988975E-07 -0.6774704E-09
Tz of initial configurations    =  -0.3452885E-13 -0.4912682E-15
J**2 of initial configurations  =   0.3032304E-07 -0.9123704E-10
Jz of initial configurations    =   0.1505686E-13  0.6347546E-14
!-!-!-!-!-!-!-!-!-!-!-!-!-!-!-!-!-!-!-!-!-!-!-!-!-!
!-!-!-!-!-!-!-!-!-!-!-!-!-!-!-!-!-!-!-!-!-!-!-!-!-!
Time to process initial configurations (sec.) =       1.46
!-!-!-!-!-!-!-!-!-!-!-!-!-!-!-!-!-!-!-!-!-!-!-!-!-!

equilibration done

iteration =                               1
walker number =                       10762
total energy-propagated        2.50000000E-03  -2.7538490631E+01 +-    3.8419612525E-01   
kinetic energy                 2.50000000E-03   1.0585435461E+02 +-    1.7475874405E+00   
potential energy               2.50000000E-03  -1.3339284524E+02 +-    1.6133535446E+00   
im energy                      2.50000000E-03  -4.2316916782E-01 +-    2.0585064605E-01   
imkin energy                   2.50000000E-03  -3.4379315472E-01 +-    4.5900135718E-01   
impot energy                   2.50000000E-03  -7.9376013107E-02 +-    4.3478972656E-01   
v cent                         2.50000000E-03   1.8525451953E+01 +-    1.5299732252E+00   
v tau                          2.50000000E-03  -7.9265220933E+00 +-    2.0886689172E-01   
v sigma                        2.50000000E-03  -7.7256654715E+00 +-    2.3919933540E-01   
v sigtau                       2.50000000E-03  -5.9698984357E+01 +-    5.0376608049E-01   
v tensor                       2.50000000E-03   1.0919164325E+00 +-    1.3497964826E-01   
v tenstau                      2.50000000E-03  -7.7659041703E+01 +-    9.6201223128E-01   
v ls                           2.50000000E-03   0.0000000000E+00 +-    0.0000000000E+00   
v lstau                        2.50000000E-03   0.0000000000E+00 +-    0.0000000000E+00   
vpot v6                        2.50000000E-03  -1.3339284524E+02 +-    1.6133535446E+00   
vpot v8                        2.50000000E-03  -1.3339284524E+02 +-    1.6133535446E+00   
v coulomb                      2.50000000E-03   7.4912028706E-01 +-    2.5543197861E-03   
v external                     2.50000000E-03   0.0000000000E+00 +-    0.0000000000E+00   
tni 2pipr-anticomm             2.50000000E-03   0.0000000000E+00 +-    0.0000000000E+00   
tni vd1pr                      2.50000000E-03   0.0000000000E+00 +-    0.0000000000E+00   
tni vepr                       2.50000000E-03   0.0000000000E+00 +-    0.0000000000E+00   
tni central                    2.50000000E-03   0.0000000000E+00 +-    0.0000000000E+00   
tni 2pixx-anticommutator       2.50000000E-03   0.0000000000E+00 +-    0.0000000000E+00   
tni 2pixd-anticommutator       2.50000000E-03   0.0000000000E+00 +-    0.0000000000E+00   
tni 2pidd-anticommutator       2.50000000E-03   0.0000000000E+00 +-    0.0000000000E+00   
tni 2pixx-commutator           2.50000000E-03   0.0000000000E+00 +-    0.0000000000E+00   
tni 2pixd-commutator           2.50000000E-03   0.0000000000E+00 +-    0.0000000000E+00   
tni 2pidd-commutator           2.50000000E-03   0.0000000000E+00 +-    0.0000000000E+00   
tni 2pi-tm                     2.50000000E-03   0.0000000000E+00 +-    0.0000000000E+00   
tni vd1                        2.50000000E-03   0.0000000000E+00 +-    0.0000000000E+00   
tni vd2                        2.50000000E-03   0.0000000000E+00 +-    0.0000000000E+00   
tni ve                         2.50000000E-03   0.0000000000E+00 +-    0.0000000000E+00   
vpottot v8+tni                 2.50000000E-03  -1.3339284524E+02 +-    1.6133535446E+00   
enetot v8+tni                  2.50000000E-03  -2.7538490631E+01 +-    3.8419612525E-01   
vper cent                      2.50000000E-03   1.8525451953E+01 +-    1.5299732252E+00   
vper tau                       2.50000000E-03  -7.9265220933E+00 +-    2.0886689172E-01   
vper sigma                     2.50000000E-03  -7.7256654715E+00 +-    2.3919933540E-01   
vper sigtau                    2.50000000E-03  -5.9698984357E+01 +-    5.0376608049E-01   
vper tensor                    2.50000000E-03   1.0919164325E+00 +-    1.3497964826E-01   
vper tenstau                   2.50000000E-03  -7.7659041703E+01 +-    9.6201223128E-01   
vper ls                        2.50000000E-03   0.0000000000E+00 +-    0.0000000000E+00   
vper lstau                     2.50000000E-03   0.0000000000E+00 +-    0.0000000000E+00   
vpotper v6                     2.50000000E-03  -1.3339284524E+02 +-    1.6133535446E+00   
vpotper v8                     2.50000000E-03  -1.3339284524E+02 +-    1.6133535446E+00   
vpotv6pr-vpotv6per diff        2.50000000E-03   0.0000000000E+00 +-    0.0000000000E+00   
vpotv8pr-vpotv8per diff        2.50000000E-03   0.0000000000E+00 +-    0.0000000000E+00   
2piapr-2pia diff               2.50000000E-03   0.0000000000E+00 +-    0.0000000000E+00   
vd1pr-vd1 diff                 2.50000000E-03   0.0000000000E+00 +-    0.0000000000E+00   
vepr-ve diff                   2.50000000E-03   0.0000000000E+00 +-    0.0000000000E+00   
diff1 2piapr-2pia-2picxx       2.50000000E-03   0.0000000000E+00 +-    0.0000000000E+00   
diff2 vd1pr-vd1-2picxd         2.50000000E-03   0.0000000000E+00 +-    0.0000000000E+00   
diff3 vepr-ve-2picdd           2.50000000E-03   0.0000000000E+00 +-    0.0000000000E+00   
sum diff1+dif2+diff3           2.50000000E-03   0.0000000000E+00 +-    0.0000000000E+00   
proton rms                     2.50000000E-03   2.1287292054E+00 +-    1.4049274223E-02   
neutron rms                    2.50000000E-03   2.1648612859E+00 +-    1.3698485219E-02   
total rms                      2.50000000E-03   2.1447793429E+00 +-    1.2255244812E-02   
neutron-proton rms             2.50000000E-03   3.6132080570E-02 +-    1.2643135138E-02   
GT sigXtau+                    2.50000000E-03  -2.5837558183E-05 +-    2.2593804590E-05   
GT sigYtau+                    2.50000000E-03   3.9587826392E-05 +-    2.1922882840E-05   
GT sigZtau+                    2.50000000E-03  -8.4039296551E-05 +-    2.2082038321E-05   
GT sigXtau-                    2.50000000E-03   6.3917793463E-05 +-    2.2276391977E-05   
GT sigYtau-                    2.50000000E-03   2.6579339521E-05 +-    2.4881255157E-05   
GT sigZtau-                    2.50000000E-03  -3.1076486682E-05 +-    2.2021040107E-05   
F tau+                         2.50000000E-03  -1.2239962954E-20 +-    3.8532370877E-20   
F tau-                         2.50000000E-03  -6.0113861065E-20 +-    3.8136996014E-20   
Psi**2                         2.50000000E-03   2.5554759362E-05 +-    5.6451448696E-07   
single crossing/step           2.50000000E-03   8.8441188615E-03 +-    4.8418179301E-05   
global crossing/step           2.50000000E-03   8.7569346236E-03 +-    9.6362113839E-05   
energy numerator(real)         2.50000000E-03  -2.8606978281E+01 +-    7.5620479403E-01   
denominator psit/psigi(real)   2.50000000E-03   1.0387811012E+00 +-    1.0902377585E-02   
energy numerator(aimag)        2.50000000E-03   1.9082578328E-01 +-    4.9389154127E-01   
denominator psit/psigi(aimag)  2.50000000E-03  -9.0698543102E-03 +-    7.0559304530E-03   
growth(lin dt) energy          2.50000000E-03  -1.9264628808E+02 +-    5.0249181961E+00   
growth(global) energy          2.50000000E-03  -2.0617682636E+02 +-    1.2443100416E+01
growth energy                  2.50000000E-03  -1.9254820591E+02 +-    5.0134926100E+00
Time for propagation (sec) (min) =          18.662      0.311
Time for energies (sec) (min) =              0.753      0.013
Time for load balancing (sec) (min) =        0.065      0.001
Time for block (sec) (min) =                20.158      0.336
Time for operators (sec) (min) =             0.023      0.000
Elapsed block time (sec) (min) =            20.183      0.336
 
 walkers multiplicity, block, total
   0          35546          35546
   1         861565         861565
   2          37484          37484
   3            171            171
   4             23             23
   5              6              6
   6              3              3
   7              1              1
   8              0              0
   9              1              1
  10              1              1
  12              1              1
 
 

iteration =                               2
walker number =                       11585
total energy-propagated        5.00000000E-03  -2.9210416916E+01 +-    3.0142770707E-01   
kinetic energy                 5.00000000E-03   8.7577013669E+01 +-    1.6234125498E+00   
potential energy               5.00000000E-03  -1.1678743059E+02 +-    1.5945354135E+00   
im energy                      5.00000000E-03  -3.7418313168E-01 +-    1.8374026861E-01   
imkin energy                   5.00000000E-03  -1.0336094600E-01 +-    3.1828921307E-01   
impot energy                   5.00000000E-03  -2.7082218567E-01 +-    3.5150315159E-01   
v cent                         5.00000000E-03   1.9715517164E+01 +-    1.5658367640E+00   
v tau                          5.00000000E-03  -5.4755562748E+00 +-    1.4451422895E-01   
v sigma                        5.00000000E-03  -8.7688457460E+00 +-    2.0996582223E-01   
v sigtau                       5.00000000E-03  -5.6844749239E+01 +-    4.1816246116E-01   
v tensor                       5.00000000E-03  -4.0463813529E-01 +-    9.6303101439E-02   
v tenstau                      5.00000000E-03  -6.5009158354E+01 +-    8.4678727654E-01   
v ls                           5.00000000E-03   0.0000000000E+00 +-    0.0000000000E+00   
v lstau                        5.00000000E-03   0.0000000000E+00 +-    0.0000000000E+00   
vpot v6                        5.00000000E-03  -1.1678743059E+02 +-    1.5945354135E+00   
vpot v8                        5.00000000E-03  -1.1678743059E+02 +-    1.5945354135E+00   
v coulomb                      5.00000000E-03   7.3328420576E-01 +-    2.4146534102E-03   
v external                     5.00000000E-03   0.0000000000E+00 +-    0.0000000000E+00   
tni 2pipr-anticomm             5.00000000E-03   0.0000000000E+00 +-    0.0000000000E+00   
tni vd1pr                      5.00000000E-03   0.0000000000E+00 +-    0.0000000000E+00   
tni vepr                       5.00000000E-03   0.0000000000E+00 +-    0.0000000000E+00   
tni central                    5.00000000E-03   0.0000000000E+00 +-    0.0000000000E+00   
tni 2pixx-anticommutator       5.00000000E-03   0.0000000000E+00 +-    0.0000000000E+00   
tni 2pixd-anticommutator       5.00000000E-03   0.0000000000E+00 +-    0.0000000000E+00   
tni 2pidd-anticommutator       5.00000000E-03   0.0000000000E+00 +-    0.0000000000E+00   
tni 2pixx-commutator           5.00000000E-03   0.0000000000E+00 +-    0.0000000000E+00   
tni 2pixd-commutator           5.00000000E-03   0.0000000000E+00 +-    0.0000000000E+00   
tni 2pidd-commutator           5.00000000E-03   0.0000000000E+00 +-    0.0000000000E+00   
tni 2pi-tm                     5.00000000E-03   0.0000000000E+00 +-    0.0000000000E+00   
tni vd1                        5.00000000E-03   0.0000000000E+00 +-    0.0000000000E+00   
tni vd2                        5.00000000E-03   0.0000000000E+00 +-    0.0000000000E+00   
tni ve                         5.00000000E-03   0.0000000000E+00 +-    0.0000000000E+00   
vpottot v8+tni                 5.00000000E-03  -1.1678743059E+02 +-    1.5945354135E+00   
enetot v8+tni                  5.00000000E-03  -2.9210416916E+01 +-    3.0142770707E-01   
vper cent                      5.00000000E-03   1.9715517164E+01 +-    1.5658367640E+00   
vper tau                       5.00000000E-03  -5.4755562748E+00 +-    1.4451422895E-01   
vper sigma                     5.00000000E-03  -8.7688457460E+00 +-    2.0996582223E-01   
vper sigtau                    5.00000000E-03  -5.6844749239E+01 +-    4.1816246116E-01   
vper tensor                    5.00000000E-03  -4.0463813529E-01 +-    9.6303101439E-02   
vper tenstau                   5.00000000E-03  -6.5009158354E+01 +-    8.4678727654E-01   
vper ls                        5.00000000E-03   0.0000000000E+00 +-    0.0000000000E+00   
vper lstau                     5.00000000E-03   0.0000000000E+00 +-    0.0000000000E+00   
vpotper v6                     5.00000000E-03  -1.1678743059E+02 +-    1.5945354135E+00   
vpotper v8                     5.00000000E-03  -1.1678743059E+02 +-    1.5945354135E+00   
vpotv6pr-vpotv6per diff        5.00000000E-03   0.0000000000E+00 +-    0.0000000000E+00   
vpotv8pr-vpotv8per diff        5.00000000E-03   0.0000000000E+00 +-    0.0000000000E+00   
2piapr-2pia diff               5.00000000E-03   0.0000000000E+00 +-    0.0000000000E+00   
vd1pr-vd1 diff                 5.00000000E-03   0.0000000000E+00 +-    0.0000000000E+00   
vepr-ve diff                   5.00000000E-03   0.0000000000E+00 +-    0.0000000000E+00   
diff1 2piapr-2pia-2picxx       5.00000000E-03   0.0000000000E+00 +-    0.0000000000E+00   
diff2 vd1pr-vd1-2picxd         5.00000000E-03   0.0000000000E+00 +-    0.0000000000E+00   
diff3 vepr-ve-2picdd           5.00000000E-03   0.0000000000E+00 +-    0.0000000000E+00   
sum diff1+dif2+diff3           5.00000000E-03   0.0000000000E+00 +-    0.0000000000E+00   
proton rms                     5.00000000E-03   2.2468477534E+00 +-    1.4973662396E-02   
neutron rms                    5.00000000E-03   2.2521253977E+00 +-    1.2994310694E-02   
total rms                      5.00000000E-03   2.2441554193E+00 +-    1.1445246465E-02   
neutron-proton rms             5.00000000E-03   5.2776443091E-03 +-    1.5096941707E-02   
GT sigXtau+                    5.00000000E-03   1.0028861220E-04 +-    2.0639578645E-05   
GT sigYtau+                    5.00000000E-03   2.2179987831E-05 +-    2.0458523206E-05   
GT sigZtau+                    5.00000000E-03  -4.4527542684E-05 +-    2.0451504404E-05   
GT sigXtau-                    5.00000000E-03   4.8354347439E-05 +-    1.8140110244E-05   
GT sigYtau-                    5.00000000E-03   2.4738698046E-05 +-    2.0320535070E-05   
GT sigZtau-                    5.00000000E-03   1.4270339171E-05 +-    1.8475133694E-05   
F tau+                         5.00000000E-03  -1.4038867175E-19 +-    3.3133411455E-20   
F tau-                         5.00000000E-03   1.6968826665E-19 +-    3.2606494538E-20   
Psi**2                         5.00000000E-03   2.0403769805E-05 +-    4.6656339690E-07   
single crossing/step           5.00000000E-03   7.3954043715E-03 +-    4.0696666853E-05   
global crossing/step           5.00000000E-03   7.2649954470E-03 +-    8.0677805048E-05   
energy numerator(real)         5.00000000E-03  -1.8702033810E+01 +-    7.8802970330E-01   
denominator psit/psigi(real)   5.00000000E-03   6.4032898258E-01 +-    1.2631713452E-02   
energy numerator(aimag)        5.00000000E-03   4.7163581596E-01 +-    5.2663316695E-01   
denominator psit/psigi(aimag)  5.00000000E-03  -1.2074450134E-02 +-    8.1642649371E-03   
growth(lin dt) energy          5.00000000E-03  -2.0216712546E+02 +-    4.9787068125E+00   
growth(global) energy          5.00000000E-03  -2.0651002104E+02 +-    1.1265002552E+01
growth energy                  5.00000000E-03  -2.0204686238E+02 +-    4.9662097892E+00
Time for propagation (sec) (min) =          22.119      0.369
Time for energies (sec) (min) =              0.810      0.014
Time for load balancing (sec) (min) =        0.027      0.000
Time for block (sec) (min) =                23.654      0.394
Time for operators (sec) (min) =             0.027      0.000
Elapsed block time (sec) (min) =            43.890      0.731
 
 walkers multiplicity, block, total
   0          47008          82554
   1        1025713        1887278
   2          47013          84497
   3            276            447
   4             36             59
   5             12             18
   6              6              9
   7              2              3
   8              1              1
   9              2              3
  10              1              2
  12              2              3
  15              1              1
 
 

iteration =                               3
walker number =                       11092
total energy-propagated        7.50000000E-03  -2.7699124909E+01 +-    7.1753348055E-01   
kinetic energy                 7.50000000E-03   9.9986076513E+01 +-    1.4572339019E+00   
potential energy               7.50000000E-03  -1.2768520142E+02 +-    1.6114881101E+00   
im energy                      7.50000000E-03   2.4648121423E-01 +-    3.6917162173E-01   
imkin energy                   7.50000000E-03  -3.5720834012E+00 +-    4.8337415622E-01   
impot energy                   7.50000000E-03   3.8185646154E+00 +-    5.8978088540E-01   
v cent                         7.50000000E-03   1.0676667492E+01 +-    9.6889721675E-01   
v tau                          7.50000000E-03  -8.8611634794E+00 +-    5.2984972135E-01   
v sigma                        7.50000000E-03  -7.2228294463E+00 +-    3.0117352312E-01   
v sigtau                       7.50000000E-03  -5.9211397224E+01 +-    4.1182114210E-01   
v tensor                       7.50000000E-03   1.7575709455E+00 +-    1.3594474472E-01   
v tenstau                      7.50000000E-03  -6.4824049710E+01 +-    1.1233924227E+00   
v ls                           7.50000000E-03   0.0000000000E+00 +-    0.0000000000E+00   
v lstau                        7.50000000E-03   0.0000000000E+00 +-    0.0000000000E+00   
vpot v6                        7.50000000E-03  -1.2768520142E+02 +-    1.6114881101E+00   
vpot v8                        7.50000000E-03  -1.2768520142E+02 +-    1.6114881101E+00   
v coulomb                      7.50000000E-03   7.1652806737E-01 +-    2.9897729048E-03   
v external                     7.50000000E-03   0.0000000000E+00 +-    0.0000000000E+00   
tni 2pipr-anticomm             7.50000000E-03   0.0000000000E+00 +-    0.0000000000E+00   
tni vd1pr                      7.50000000E-03   0.0000000000E+00 +-    0.0000000000E+00   
tni vepr                       7.50000000E-03   0.0000000000E+00 +-    0.0000000000E+00   
tni central                    7.50000000E-03   0.0000000000E+00 +-    0.0000000000E+00   
tni 2pixx-anticommutator       7.50000000E-03   0.0000000000E+00 +-    0.0000000000E+00   
tni 2pixd-anticommutator       7.50000000E-03   0.0000000000E+00 +-    0.0000000000E+00   
tni 2pidd-anticommutator       7.50000000E-03   0.0000000000E+00 +-    0.0000000000E+00   
tni 2pixx-commutator           7.50000000E-03   0.0000000000E+00 +-    0.0000000000E+00   
tni 2pixd-commutator           7.50000000E-03   0.0000000000E+00 +-    0.0000000000E+00   
tni 2pidd-commutator           7.50000000E-03   0.0000000000E+00 +-    0.0000000000E+00   
tni 2pi-tm                     7.50000000E-03   0.0000000000E+00 +-    0.0000000000E+00   
tni vd1                        7.50000000E-03   0.0000000000E+00 +-    0.0000000000E+00   
tni vd2                        7.50000000E-03   0.0000000000E+00 +-    0.0000000000E+00   
tni ve                         7.50000000E-03   0.0000000000E+00 +-    0.0000000000E+00   
vpottot v8+tni                 7.50000000E-03  -1.2768520142E+02 +-    1.6114881101E+00   
enetot v8+tni                  7.50000000E-03  -2.7699124909E+01 +-    7.1753348055E-01   
vper cent                      7.50000000E-03   1.0676667492E+01 +-    9.6889721675E-01   
vper tau                       7.50000000E-03  -8.8611634794E+00 +-    5.2984972135E-01   
vper sigma                     7.50000000E-03  -7.2228294463E+00 +-    3.0117352312E-01   
vper sigtau                    7.50000000E-03  -5.9211397224E+01 +-    4.1182114210E-01   
vper tensor                    7.50000000E-03   1.7575709455E+00 +-    1.3594474472E-01   
vper tenstau                   7.50000000E-03  -6.4824049710E+01 +-    1.1233924227E+00   
vper ls                        7.50000000E-03   0.0000000000E+00 +-    0.0000000000E+00   
vper lstau                     7.50000000E-03   0.0000000000E+00 +-    0.0000000000E+00   
vpotper v6                     7.50000000E-03  -1.2768520142E+02 +-    1.6114881101E+00   
vpotper v8                     7.50000000E-03  -1.2768520142E+02 +-    1.6114881101E+00   
vpotv6pr-vpotv6per diff        7.50000000E-03   0.0000000000E+00 +-    0.0000000000E+00   
vpotv8pr-vpotv8per diff        7.50000000E-03   0.0000000000E+00 +-    0.0000000000E+00   
2piapr-2pia diff               7.50000000E-03   0.0000000000E+00 +-    0.0000000000E+00   
vd1pr-vd1 diff                 7.50000000E-03   0.0000000000E+00 +-    0.0000000000E+00   
vepr-ve diff                   7.50000000E-03   0.0000000000E+00 +-    0.0000000000E+00   
diff1 2piapr-2pia-2picxx       7.50000000E-03   0.0000000000E+00 +-    0.0000000000E+00   
diff2 vd1pr-vd1-2picxd         7.50000000E-03   0.0000000000E+00 +-    0.0000000000E+00   
diff3 vepr-ve-2picdd           7.50000000E-03   0.0000000000E+00 +-    0.0000000000E+00   
sum diff1+dif2+diff3           7.50000000E-03   0.0000000000E+00 +-    0.0000000000E+00   
proton rms                     7.50000000E-03   2.1871603908E+00 +-    1.3543011129E-02   
neutron rms                    7.50000000E-03   2.2810612028E+00 +-    1.5419082046E-02   
total rms                      7.50000000E-03   2.2329931782E+00 +-    1.2282845203E-02   
neutron-proton rms             7.50000000E-03   9.3900811949E-02 +-    1.4524087815E-02   
GT sigXtau+                    7.50000000E-03  -1.5111168861E-04 +-    1.8787548396E-05   
GT sigYtau+                    7.50000000E-03   1.9207265353E-04 +-    2.1717711743E-05   
GT sigZtau+                    7.50000000E-03  -5.7954664184E-05 +-    2.1446080515E-05   
GT sigXtau-                    7.50000000E-03   4.6488586531E-05 +-    1.8680157927E-05   
GT sigYtau-                    7.50000000E-03   6.9702850441E-05 +-    1.9384095337E-05   
GT sigZtau-                    7.50000000E-03   4.7320536370E-05 +-    2.1523000775E-05   
F tau+                         7.50000000E-03  -1.4346770070E-19 +-    3.1924410312E-20   
F tau-                         7.50000000E-03  -3.5464407068E-20 +-    2.7531276249E-20   
Psi**2                         7.50000000E-03   1.1714034985E-05 +-    5.8657969805E-07   
single crossing/step           7.50000000E-03   8.0587853822E-03 +-    4.2724247513E-05   
global crossing/step           7.50000000E-03   7.8797621549E-03 +-    8.4501684045E-05   
energy numerator(real)         7.50000000E-03  -1.0854760852E+01 +-    1.0731907098E+00   
denominator psit/psigi(real)   7.50000000E-03   3.9141987510E-01 +-    1.3446726815E-02   
energy numerator(aimag)        7.50000000E-03   8.4634710953E-01 +-    5.8190012442E-01   
denominator psit/psigi(aimag)  7.50000000E-03  -3.5621960836E-02 +-    8.8713875178E-03   
growth(lin dt) energy          7.50000000E-03  -2.3433875257E+02 +-    5.4552605279E+00   
growth(global) energy          7.50000000E-03  -2.3242506546E+02 +-    1.2385396138E+01
growth energy                  7.50000000E-03  -2.3412686036E+02 +-    5.4371729130E+00
Time for propagation (sec) (min) =          21.865      0.364
Time for energies (sec) (min) =              0.777      0.013
Time for load balancing (sec) (min) =        0.035      0.001
Time for block (sec) (min) =                23.359      0.389
Time for operators (sec) (min) =             0.021      0.000
Elapsed block time (sec) (min) =            67.270      1.121
 
 walkers multiplicity, block, total
   0          51815         134369
   1        1016404        2903682
   2          50222         134719
   3            366            813
   4             52            111
   5             14             32
   6              8             17
   7              4              7
   8              4              5
   9              2              5
  10              0              2
  11              1              1
  12              1              4
  14              1              1
  15              1              2
 
 

iteration =                               4
walker number =                       11797
total energy-propagated        1.00000000E-02  -2.1789219484E+01 +-    3.5600880568E-01   
kinetic energy                 1.00000000E-02   9.8043511524E+01 +-    1.8315018702E+00   
potential energy               1.00000000E-02  -1.1983273101E+02 +-    1.8272500760E+00   
im energy                      1.00000000E-02  -1.7670831497E+00 +-    2.5712661553E-01   
imkin energy                   1.00000000E-02   4.2818742644E+00 +-    5.1057336684E-01   
impot energy                   1.00000000E-02  -6.0489574141E+00 +-    3.9039497963E-01   
v cent                         1.00000000E-02   3.5346853937E+01 +-    1.7569143837E+00   
v tau                          1.00000000E-02  -1.0565058013E+01 +-    2.3780894109E-01   
v sigma                        1.00000000E-02  -6.1239758253E+00 +-    2.1823000440E-01   
v sigtau                       1.00000000E-02  -6.6802795885E+01 +-    4.8158847320E-01   
v tensor                       1.00000000E-02   2.9573096766E+00 +-    1.4233485575E-01   
v tenstau                      1.00000000E-02  -7.4645064898E+01 +-    9.5123009259E-01   
v ls                           1.00000000E-02   0.0000000000E+00 +-    0.0000000000E+00   
v lstau                        1.00000000E-02   0.0000000000E+00 +-    0.0000000000E+00   
vpot v6                        1.00000000E-02  -1.1983273101E+02 +-    1.8272500760E+00   
vpot v8                        1.00000000E-02  -1.1983273101E+02 +-    1.8272500760E+00   
v coulomb                      1.00000000E-02   7.3266802691E-01 +-    3.0478685770E-03   
v external                     1.00000000E-02   0.0000000000E+00 +-    0.0000000000E+00   
tni 2pipr-anticomm             1.00000000E-02   0.0000000000E+00 +-    0.0000000000E+00   
tni vd1pr                      1.00000000E-02   0.0000000000E+00 +-    0.0000000000E+00   
tni vepr                       1.00000000E-02   0.0000000000E+00 +-    0.0000000000E+00   
tni central                    1.00000000E-02   0.0000000000E+00 +-    0.0000000000E+00   
tni 2pixx-anticommutator       1.00000000E-02   0.0000000000E+00 +-    0.0000000000E+00   
tni 2pixd-anticommutator       1.00000000E-02   0.0000000000E+00 +-    0.0000000000E+00   
tni 2pidd-anticommutator       1.00000000E-02   0.0000000000E+00 +-    0.0000000000E+00   
tni 2pixx-commutator           1.00000000E-02   0.0000000000E+00 +-    0.0000000000E+00   
tni 2pixd-commutator           1.00000000E-02   0.0000000000E+00 +-    0.0000000000E+00   
tni 2pidd-commutator           1.00000000E-02   0.0000000000E+00 +-    0.0000000000E+00   
tni 2pi-tm                     1.00000000E-02   0.0000000000E+00 +-    0.0000000000E+00   
tni vd1                        1.00000000E-02   0.0000000000E+00 +-    0.0000000000E+00   
tni vd2                        1.00000000E-02   0.0000000000E+00 +-    0.0000000000E+00   
tni ve                         1.00000000E-02   0.0000000000E+00 +-    0.0000000000E+00   
vpottot v8+tni                 1.00000000E-02  -1.1983273101E+02 +-    1.8272500760E+00   
enetot v8+tni                  1.00000000E-02  -2.1789219484E+01 +-    3.5600880568E-01   
vper cent                      1.00000000E-02   3.5346853937E+01 +-    1.7569143837E+00   
vper tau                       1.00000000E-02  -1.0565058013E+01 +-    2.3780894109E-01   
vper sigma                     1.00000000E-02  -6.1239758253E+00 +-    2.1823000440E-01   
vper sigtau                    1.00000000E-02  -6.6802795885E+01 +-    4.8158847320E-01   
vper tensor                    1.00000000E-02   2.9573096766E+00 +-    1.4233485575E-01   
vper tenstau                   1.00000000E-02  -7.4645064898E+01 +-    9.5123009259E-01   
vper ls                        1.00000000E-02   0.0000000000E+00 +-    0.0000000000E+00   
vper lstau                     1.00000000E-02   0.0000000000E+00 +-    0.0000000000E+00   
vpotper v6                     1.00000000E-02  -1.1983273101E+02 +-    1.8272500760E+00   
vpotper v8                     1.00000000E-02  -1.1983273101E+02 +-    1.8272500760E+00   
vpotv6pr-vpotv6per diff        1.00000000E-02   0.0000000000E+00 +-    0.0000000000E+00   
vpotv8pr-vpotv8per diff        1.00000000E-02   0.0000000000E+00 +-    0.0000000000E+00   
2piapr-2pia diff               1.00000000E-02   0.0000000000E+00 +-    0.0000000000E+00   
vd1pr-vd1 diff                 1.00000000E-02   0.0000000000E+00 +-    0.0000000000E+00   
vepr-ve diff                   1.00000000E-02   0.0000000000E+00 +-    0.0000000000E+00   
diff1 2piapr-2pia-2picxx       1.00000000E-02   0.0000000000E+00 +-    0.0000000000E+00   
diff2 vd1pr-vd1-2picxd         1.00000000E-02   0.0000000000E+00 +-    0.0000000000E+00   
diff3 vepr-ve-2picdd           1.00000000E-02   0.0000000000E+00 +-    0.0000000000E+00   
sum diff1+dif2+diff3           1.00000000E-02   0.0000000000E+00 +-    0.0000000000E+00   
proton rms                     1.00000000E-02   1.9749920376E+00 +-    1.2762670051E-02   
neutron rms                    1.00000000E-02   2.0516171634E+00 +-    1.2546262445E-02   
total rms                      1.00000000E-02   2.0140518335E+00 +-    1.1393980419E-02   
neutron-proton rms             1.00000000E-02   7.6625125809E-02 +-    1.1073667151E-02   
GT sigXtau+                    1.00000000E-02   8.7664260491E-05 +-    2.2533430521E-05   
GT sigYtau+                    1.00000000E-02  -8.5750431217E-08 +-    1.5067688252E-05   
GT sigZtau+                    1.00000000E-02   4.2888095208E-04 +-    1.9585968057E-05   
GT sigXtau-                    1.00000000E-02  -1.0923279750E-04 +-    2.5264970766E-05   
GT sigYtau-                    1.00000000E-02   7.2530753404E-06 +-    2.3672189019E-05   
GT sigZtau-                    1.00000000E-02  -1.5008109717E-04 +-    2.2534246384E-05   
F tau+                         1.00000000E-02  -6.8405501349E-20 +-    4.1783043658E-20   
F tau-                         1.00000000E-02  -2.5007545024E-19 +-    3.7626695023E-20   
Psi**2                         1.00000000E-02   2.2729796899E-05 +-    4.3958289822E-07   
single crossing/step           1.00000000E-02   8.5267407118E-03 +-    4.3791255504E-05   
global crossing/step           1.00000000E-02   8.3820197601E-03 +-    8.6842416114E-05   
energy numerator(real)         1.00000000E-02  -5.9193638691E+00 +-    8.4761287617E-01   
denominator psit/psigi(real)   1.00000000E-02   2.7083931326E-01 +-    1.3019514379E-02   
energy numerator(aimag)        1.00000000E-02  -7.5236891452E-02 +-    5.8979047113E-01   
denominator psit/psigi(aimag)  1.00000000E-02  -1.3325237541E-02 +-    8.7136006227E-03   
growth(lin dt) energy          1.00000000E-02  -2.6592575949E+02 +-    5.7187239661E+00   
growth(global) energy          1.00000000E-02  -2.7516966065E+02 +-    1.2370701287E+01
growth energy                  1.00000000E-02  -2.6559889194E+02 +-    5.6952616163E+00
Time for propagation (sec) (min) =          22.022      0.367
Time for energies (sec) (min) =              0.826      0.014
Time for load balancing (sec) (min) =        0.032      0.001
Time for block (sec) (min) =                23.482      0.391
Time for operators (sec) (min) =             0.026      0.000
Elapsed block time (sec) (min) =            90.787      1.513
 
 walkers multiplicity, block, total
   0          54557         188926
   1        1017093        3920775
   2          53919         188638
   3            440           1253
   4             91            202
   5             13             45
   6             12             29
   7              5             12
   8              0              5
   9              2              7
  10              0              2
  11              2              3
  12              0              4
  13              1              1
  14              0              1
  15              0              2
 
 

iteration =                               5
walker number =                       11931
total energy-propagated        1.25000000E-02  -1.1060757543E+01 +-    3.9396799046E-01   
kinetic energy                 1.25000000E-02   1.0584045085E+02 +-    1.6313823897E+00   
potential energy               1.25000000E-02  -1.1690120839E+02 +-    1.8318915547E+00   
im energy                      1.25000000E-02   3.1314126088E+00 +-    2.8842191895E-01   
imkin energy                   1.25000000E-02  -4.9908555354E+00 +-    6.4410188459E-01   
impot energy                   1.25000000E-02   8.1222681442E+00 +-    7.0265870313E-01   
v cent                         1.25000000E-02   3.1746330535E+01 +-    1.9560426106E+00   
v tau                          1.25000000E-02  -1.0996370993E+01 +-    3.4290549186E-01   
v sigma                        1.25000000E-02  -1.6644430407E+01 +-    1.9044364321E-01   
v sigtau                       1.25000000E-02  -8.2114445014E+01 +-    6.0123673222E-01   
v tensor                       1.25000000E-02   1.3320301164E+00 +-    1.2285774780E-01   
v tenstau                      1.25000000E-02  -4.0224322630E+01 +-    9.6416365128E-01   
v ls                           1.25000000E-02   0.0000000000E+00 +-    0.0000000000E+00   
v lstau                        1.25000000E-02   0.0000000000E+00 +-    0.0000000000E+00   
vpot v6                        1.25000000E-02  -1.1690120839E+02 +-    1.8318915547E+00   
vpot v8                        1.25000000E-02  -1.1690120839E+02 +-    1.8318915547E+00   
v coulomb                      1.25000000E-02   8.0939915046E-01 +-    3.0459689748E-03   
v external                     1.25000000E-02   0.0000000000E+00 +-    0.0000000000E+00   
tni 2pipr-anticomm             1.25000000E-02   0.0000000000E+00 +-    0.0000000000E+00   
tni vd1pr                      1.25000000E-02   0.0000000000E+00 +-    0.0000000000E+00   
tni vepr                       1.25000000E-02   0.0000000000E+00 +-    0.0000000000E+00   
tni central                    1.25000000E-02   0.0000000000E+00 +-    0.0000000000E+00   
tni 2pixx-anticommutator       1.25000000E-02   0.0000000000E+00 +-    0.0000000000E+00   
tni 2pixd-anticommutator       1.25000000E-02   0.0000000000E+00 +-    0.0000000000E+00   
tni 2pidd-anticommutator       1.25000000E-02   0.0000000000E+00 +-    0.0000000000E+00   
tni 2pixx-commutator           1.25000000E-02   0.0000000000E+00 +-    0.0000000000E+00   
tni 2pixd-commutator           1.25000000E-02   0.0000000000E+00 +-    0.0000000000E+00   
tni 2pidd-commutator           1.25000000E-02   0.0000000000E+00 +-    0.0000000000E+00   
tni 2pi-tm                     1.25000000E-02   0.0000000000E+00 +-    0.0000000000E+00   
tni vd1                        1.25000000E-02   0.0000000000E+00 +-    0.0000000000E+00   
tni vd2                        1.25000000E-02   0.0000000000E+00 +-    0.0000000000E+00   
tni ve                         1.25000000E-02   0.0000000000E+00 +-    0.0000000000E+00   
vpottot v8+tni                 1.25000000E-02  -1.1690120839E+02 +-    1.8318915547E+00   
enetot v8+tni                  1.25000000E-02  -1.1060757543E+01 +-    3.9396799046E-01   
vper cent                      1.25000000E-02   3.1746330535E+01 +-    1.9560426106E+00   
vper tau                       1.25000000E-02  -1.0996370993E+01 +-    3.4290549186E-01   
vper sigma                     1.25000000E-02  -1.6644430407E+01 +-    1.9044364321E-01   
vper sigtau                    1.25000000E-02  -8.2114445014E+01 +-    6.0123673222E-01   
vper tensor                    1.25000000E-02   1.3320301164E+00 +-    1.2285774780E-01   
vper tenstau                   1.25000000E-02  -4.0224322630E+01 +-    9.6416365128E-01   
vper ls                        1.25000000E-02   0.0000000000E+00 +-    0.0000000000E+00   
vper lstau                     1.25000000E-02   0.0000000000E+00 +-    0.0000000000E+00   
vpotper v6                     1.25000000E-02  -1.1690120839E+02 +-    1.8318915547E+00   
vpotper v8                     1.25000000E-02  -1.1690120839E+02 +-    1.8318915547E+00   
vpotv6pr-vpotv6per diff        1.25000000E-02   0.0000000000E+00 +-    0.0000000000E+00   
vpotv8pr-vpotv8per diff        1.25000000E-02   0.0000000000E+00 +-    0.0000000000E+00   
2piapr-2pia diff               1.25000000E-02   0.0000000000E+00 +-    0.0000000000E+00   
vd1pr-vd1 diff                 1.25000000E-02   0.0000000000E+00 +-    0.0000000000E+00   
vepr-ve diff                   1.25000000E-02   0.0000000000E+00 +-    0.0000000000E+00   
diff1 2piapr-2pia-2picxx       1.25000000E-02   0.0000000000E+00 +-    0.0000000000E+00   
diff2 vd1pr-vd1-2picxd         1.25000000E-02   0.0000000000E+00 +-    0.0000000000E+00   
diff3 vepr-ve-2picdd           1.25000000E-02   0.0000000000E+00 +-    0.0000000000E+00   
sum diff1+dif2+diff3           1.25000000E-02   0.0000000000E+00 +-    0.0000000000E+00   
proton rms                     1.25000000E-02   1.8676495792E+00 +-    1.1622225078E-02   
neutron rms                    1.25000000E-02   1.8257061805E+00 +-    1.1856174564E-02   
total rms                      1.25000000E-02   1.8346459659E+00 +-    9.8658747708E-03   
neutron-proton rms             1.25000000E-02  -4.1943398725E-02 +-    1.2023258302E-02   
GT sigXtau+                    1.25000000E-02   3.9799125791E-04 +-    3.0585307997E-05   
GT sigYtau+                    1.25000000E-02   3.0399201217E-04 +-    2.2450648254E-05   
GT sigZtau+                    1.25000000E-02   3.1495072167E-04 +-    3.0188224913E-05   
GT sigXtau-                    1.25000000E-02   1.1657063217E-04 +-    3.0756829560E-05   
GT sigYtau-                    1.25000000E-02   2.1483348640E-04 +-    2.8192120322E-05   
GT sigZtau-                    1.25000000E-02  -4.1854221068E-04 +-    3.3187148511E-05   
F tau+                         1.25000000E-02   3.1360582238E-19 +-    4.3515092935E-20   
F tau-                         1.25000000E-02   6.4496217819E-19 +-    3.8944003193E-20   
Psi**2                         1.25000000E-02   5.0697910717E-05 +-    1.1490214133E-06   
single crossing/step           1.25000000E-02   7.9951798870E-03 +-    4.2545405245E-05   
global crossing/step           1.25000000E-02   7.8445513552E-03 +-    8.4291846088E-05   
energy numerator(real)         1.25000000E-02  -1.8021956423E+00 +-    8.2668268157E-01   
denominator psit/psigi(real)   1.25000000E-02   1.6127651935E-01 +-    1.2963018289E-02   
energy numerator(aimag)        1.25000000E-02   3.0113499897E-01 +-    5.9087599994E-01   
denominator psit/psigi(aimag)  1.25000000E-02   7.6697013382E-03 +-    8.5162149551E-03   
growth(lin dt) energy          1.25000000E-02  -2.6165738963E+02 +-    5.9020447688E+00   
growth(global) energy          1.25000000E-02  -2.6365068275E+02 +-    1.1544664440E+01
growth energy                  1.25000000E-02  -2.6134750546E+02 +-    5.8784416001E+00
Time for propagation (sec) (min) =          21.890      0.365
Time for energies (sec) (min) =              0.836      0.014
Time for load balancing (sec) (min) =        0.031      0.001
Time for block (sec) (min) =                23.412      0.390
Time for operators (sec) (min) =             0.027      0.000
Elapsed block time (sec) (min) =           114.227      1.904
 
 walkers multiplicity, block, total
   0          55219         244145
   1        1009943        4930718
   2          53799         242437
   3            491           1744
   4             83            285
   5             24             69
   6             10             39
   7              7             19
   8              4              9
   9              4             11
  10              0              2
  11              1              4
  12              0              4
  13              0              1
  14              1              2
  15              0              2
  17              1              1
  18              1              1
  20              1              1
 
 

iteration =                               6
walker number =                       10134
total energy-propagated        1.50000000E-02  -2.5027657978E+01 +-    4.3069662813E-01   
kinetic energy                 1.50000000E-02   1.9809266264E+02 +-    1.8692477214E+00   
potential energy               1.50000000E-02  -2.2312032062E+02 +-    1.5971976620E+00   
im energy                      1.50000000E-02   4.6749690202E-01 +-    2.8427373948E-01   
imkin energy                   1.50000000E-02  -2.4520067521E+00 +-    4.1352512103E-01   
impot energy                   1.50000000E-02   2.9195036542E+00 +-    5.1806225797E-01   
v cent                         1.50000000E-02   1.5771029137E+01 +-    1.5903248375E+00   
v tau                          1.50000000E-02   5.9501088188E-01 +-    1.4223412755E-01   
v sigma                        1.50000000E-02  -2.2607551938E+01 +-    4.2480526216E-01   
v sigtau                       1.50000000E-02  -9.3861678603E+01 +-    7.8595444553E-01   
v tensor                       1.50000000E-02   3.9280962901E+00 +-    1.6174786647E-01   
v tenstau                      1.50000000E-02  -1.2694522639E+02 +-    1.2445068908E+00   
v ls                           1.50000000E-02   0.0000000000E+00 +-    0.0000000000E+00   
v lstau                        1.50000000E-02   0.0000000000E+00 +-    0.0000000000E+00   
vpot v6                        1.50000000E-02  -2.2312032062E+02 +-    1.5971976620E+00   
vpot v8                        1.50000000E-02  -2.2312032062E+02 +-    1.5971976620E+00   
v coulomb                      1.50000000E-02   8.9261628641E-01 +-    2.7561995541E-03   
v external                     1.50000000E-02   0.0000000000E+00 +-    0.0000000000E+00   
tni 2pipr-anticomm             1.50000000E-02   0.0000000000E+00 +-    0.0000000000E+00   
tni vd1pr                      1.50000000E-02   0.0000000000E+00 +-    0.0000000000E+00   
tni vepr                       1.50000000E-02   0.0000000000E+00 +-    0.0000000000E+00   
tni central                    1.50000000E-02   0.0000000000E+00 +-    0.0000000000E+00   
tni 2pixx-anticommutator       1.50000000E-02   0.0000000000E+00 +-    0.0000000000E+00   
tni 2pixd-anticommutator       1.50000000E-02   0.0000000000E+00 +-    0.0000000000E+00   
tni 2pidd-anticommutator       1.50000000E-02   0.0000000000E+00 +-    0.0000000000E+00   
tni 2pixx-commutator           1.50000000E-02   0.0000000000E+00 +-    0.0000000000E+00   
tni 2pixd-commutator           1.50000000E-02   0.0000000000E+00 +-    0.0000000000E+00   
tni 2pidd-commutator           1.50000000E-02   0.0000000000E+00 +-    0.0000000000E+00   
tni 2pi-tm                     1.50000000E-02   0.0000000000E+00 +-    0.0000000000E+00   
tni vd1                        1.50000000E-02   0.0000000000E+00 +-    0.0000000000E+00   
tni vd2                        1.50000000E-02   0.0000000000E+00 +-    0.0000000000E+00   
tni ve                         1.50000000E-02   0.0000000000E+00 +-    0.0000000000E+00   
vpottot v8+tni                 1.50000000E-02  -2.2312032062E+02 +-    1.5971976620E+00   
enetot v8+tni                  1.50000000E-02  -2.5027657978E+01 +-    4.3069662813E-01   
vper cent                      1.50000000E-02   1.5771029137E+01 +-    1.5903248375E+00   
vper tau                       1.50000000E-02   5.9501088188E-01 +-    1.4223412755E-01   
vper sigma                     1.50000000E-02  -2.2607551938E+01 +-    4.2480526216E-01   
vper sigtau                    1.50000000E-02  -9.3861678603E+01 +-    7.8595444553E-01   
vper tensor                    1.50000000E-02   3.9280962901E+00 +-    1.6174786647E-01   
vper tenstau                   1.50000000E-02  -1.2694522639E+02 +-    1.2445068908E+00   
vper ls                        1.50000000E-02   0.0000000000E+00 +-    0.0000000000E+00   
vper lstau                     1.50000000E-02   0.0000000000E+00 +-    0.0000000000E+00   
vpotper v6                     1.50000000E-02  -2.2312032062E+02 +-    1.5971976620E+00   
vpotper v8                     1.50000000E-02  -2.2312032062E+02 +-    1.5971976620E+00   
vpotv6pr-vpotv6per diff        1.50000000E-02   0.0000000000E+00 +-    0.0000000000E+00   
vpotv8pr-vpotv8per diff        1.50000000E-02   0.0000000000E+00 +-    0.0000000000E+00   
2piapr-2pia diff               1.50000000E-02   0.0000000000E+00 +-    0.0000000000E+00   
vd1pr-vd1 diff                 1.50000000E-02   0.0000000000E+00 +-    0.0000000000E+00   
vepr-ve diff                   1.50000000E-02   0.0000000000E+00 +-    0.0000000000E+00   
diff1 2piapr-2pia-2picxx       1.50000000E-02   0.0000000000E+00 +-    0.0000000000E+00   
diff2 vd1pr-vd1-2picxd         1.50000000E-02   0.0000000000E+00 +-    0.0000000000E+00   
diff3 vepr-ve-2picdd           1.50000000E-02   0.0000000000E+00 +-    0.0000000000E+00   
sum diff1+dif2+diff3           1.50000000E-02   0.0000000000E+00 +-    0.0000000000E+00   
proton rms                     1.50000000E-02   1.4811272850E+00 +-    1.0643540992E-02   
neutron rms                    1.50000000E-02   1.6370287135E+00 +-    1.3240725127E-02   
total rms                      1.50000000E-02   1.5539318455E+00 +-    1.0468732729E-02   
neutron-proton rms             1.50000000E-02   1.5590142853E-01 +-    1.1230365168E-02   
GT sigXtau+                    1.50000000E-02   8.3228826758E-04 +-    4.5498810258E-05   
GT sigYtau+                    1.50000000E-02   1.0429108114E-03 +-    3.7214443268E-05   
GT sigZtau+                    1.50000000E-02  -5.1191828620E-04 +-    4.7813271969E-05   
GT sigXtau-                    1.50000000E-02   1.2691636410E-03 +-    4.1168632591E-05   
GT sigYtau-                    1.50000000E-02   4.1642204174E-04 +-    3.3583345464E-05   
GT sigZtau-                    1.50000000E-02  -6.3497945966E-04 +-    4.6647172387E-05   
F tau+                         1.50000000E-02  -3.9800287720E-19 +-    6.7555447442E-20   
F tau-                         1.50000000E-02   6.2131714845E-19 +-    6.5943621277E-20   
Psi**2                         1.50000000E-02   4.2389072747E-05 +-    8.4761238302E-07   
single crossing/step           1.50000000E-02   8.0382717923E-03 +-    4.2814134420E-05   
global crossing/step           1.50000000E-02   7.8879248909E-03 +-    8.4830126258E-05   
energy numerator(real)         1.50000000E-02  -2.9896192020E+00 +-    9.1196824236E-01   
denominator psit/psigi(real)   1.50000000E-02   1.2024129687E-01 +-    1.4092811460E-02   
energy numerator(aimag)        1.50000000E-02  -6.5936701351E-01 +-    6.3132687534E-01   
denominator psit/psigi(aimag)  1.50000000E-02   2.2043488715E-02 +-    9.2919697276E-03   
growth(lin dt) energy          1.50000000E-02  -2.6623418132E+02 +-    5.8661321813E+00   
growth(global) energy          1.50000000E-02  -2.6075832591E+02 +-    1.2619440809E+01
growth energy                  1.50000000E-02  -2.6590606909E+02 +-    5.8420094761E+00
Time for propagation (sec) (min) =          21.733      0.362
Time for energies (sec) (min) =              0.711      0.012
Time for load balancing (sec) (min) =        0.027      0.000
Time for block (sec) (min) =                23.036      0.384
Time for operators (sec) (min) =             0.026      0.000
Elapsed block time (sec) (min) =           137.297      2.288
 
 walkers multiplicity, block, total
   0          57038         301183
   1        1012140        5942858
   2          53830         296267
   3            441           2185
   4             81            366
   5             21             90
   6             16             55
   7              4             23
   8              4             13
   9              4             15
  10              1              3
  11              0              4
  12              0              4
  13              0              1
  14              1              3
  15              0              2
  17              1              2
  18              0              1
  20              0              1
 
 

iteration =                               7
walker number =                       11195
total energy-propagated        1.75000000E-02  -5.5837702547E+00 +-    1.3918268181E+00   
kinetic energy                 1.75000000E-02  -7.4070741043E+01 +-    4.1977095709E+00   
potential energy               1.75000000E-02   6.8486970788E+01 +-    4.0472483288E+00   
im energy                      1.75000000E-02  -1.7790500963E+01 +-    6.8137943952E-01   
imkin energy                   1.75000000E-02   3.4028425329E+01 +-    1.7153022967E+00   
impot energy                   1.75000000E-02  -5.1818926292E+01 +-    1.7233617112E+00   
v cent                         1.75000000E-02   1.0097368174E+02 +-    5.6783912862E+00   
v tau                          1.75000000E-02  -6.2192821558E+01 +-    3.9710090384E-01   
v sigma                        1.75000000E-02   4.2907837184E+01 +-    8.0508352533E-01   
v sigtau                       1.75000000E-02  -6.7315802075E+01 +-    1.2706414913E+00   
v tensor                       1.75000000E-02   3.2158929142E-01 +-    7.3042593989E-01   
v tenstau                      1.75000000E-02   5.3792486209E+01 +-    3.2822490318E+00   
v ls                           1.75000000E-02   0.0000000000E+00 +-    0.0000000000E+00   
v lstau                        1.75000000E-02   0.0000000000E+00 +-    0.0000000000E+00   
vpot v6                        1.75000000E-02   6.8486970788E+01 +-    4.0472483288E+00   
vpot v8                        1.75000000E-02   6.8486970788E+01 +-    4.0472483288E+00   
v coulomb                      1.75000000E-02   7.2573901489E-01 +-    5.4609622576E-03   
v external                     1.75000000E-02   0.0000000000E+00 +-    0.0000000000E+00   
tni 2pipr-anticomm             1.75000000E-02   0.0000000000E+00 +-    0.0000000000E+00   
tni vd1pr                      1.75000000E-02   0.0000000000E+00 +-    0.0000000000E+00   
tni vepr                       1.75000000E-02   0.0000000000E+00 +-    0.0000000000E+00   
tni central                    1.75000000E-02   0.0000000000E+00 +-    0.0000000000E+00   
tni 2pixx-anticommutator       1.75000000E-02   0.0000000000E+00 +-    0.0000000000E+00   
tni 2pixd-anticommutator       1.75000000E-02   0.0000000000E+00 +-    0.0000000000E+00   
tni 2pidd-anticommutator       1.75000000E-02   0.0000000000E+00 +-    0.0000000000E+00   
tni 2pixx-commutator           1.75000000E-02   0.0000000000E+00 +-    0.0000000000E+00   
tni 2pixd-commutator           1.75000000E-02   0.0000000000E+00 +-    0.0000000000E+00   
tni 2pidd-commutator           1.75000000E-02   0.0000000000E+00 +-    0.0000000000E+00   
tni 2pi-tm                     1.75000000E-02   0.0000000000E+00 +-    0.0000000000E+00   
tni vd1                        1.75000000E-02   0.0000000000E+00 +-    0.0000000000E+00   
tni vd2                        1.75000000E-02   0.0000000000E+00 +-    0.0000000000E+00   
tni ve                         1.75000000E-02   0.0000000000E+00 +-    0.0000000000E+00   
vpottot v8+tni                 1.75000000E-02   6.8486970788E+01 +-    4.0472483288E+00   
enetot v8+tni                  1.75000000E-02  -5.5837702547E+00 +-    1.3918268181E+00   
vper cent                      1.75000000E-02   1.0097368174E+02 +-    5.6783912862E+00   
vper tau                       1.75000000E-02  -6.2192821558E+01 +-    3.9710090384E-01   
vper sigma                     1.75000000E-02   4.2907837184E+01 +-    8.0508352533E-01   
vper sigtau                    1.75000000E-02  -6.7315802075E+01 +-    1.2706414913E+00   
vper tensor                    1.75000000E-02   3.2158929142E-01 +-    7.3042593989E-01   
vper tenstau                   1.75000000E-02   5.3792486209E+01 +-    3.2822490318E+00   
vper ls                        1.75000000E-02   0.0000000000E+00 +-    0.0000000000E+00   
vper lstau                     1.75000000E-02   0.0000000000E+00 +-    0.0000000000E+00   
vpotper v6                     1.75000000E-02   6.8486970788E+01 +-    4.0472483288E+00   
vpotper v8                     1.75000000E-02   6.8486970788E+01 +-    4.0472483288E+00   
vpotv6pr-vpotv6per diff        1.75000000E-02   0.0000000000E+00 +-    0.0000000000E+00   
vpotv8pr-vpotv8per diff        1.75000000E-02   0.0000000000E+00 +-    0.0000000000E+00   
2piapr-2pia diff               1.75000000E-02   0.0000000000E+00 +-    0.0000000000E+00   
vd1pr-vd1 diff                 1.75000000E-02   0.0000000000E+00 +-    0.0000000000E+00   
vepr-ve diff                   1.75000000E-02   0.0000000000E+00 +-    0.0000000000E+00   
diff1 2piapr-2pia-2picxx       1.75000000E-02   0.0000000000E+00 +-    0.0000000000E+00   
diff2 vd1pr-vd1-2picxd         1.75000000E-02   0.0000000000E+00 +-    0.0000000000E+00   
diff3 vepr-ve-2picdd           1.75000000E-02   0.0000000000E+00 +-    0.0000000000E+00   
sum diff1+dif2+diff3           1.75000000E-02   0.0000000000E+00 +-    0.0000000000E+00   
proton rms                     1.75000000E-02   1.3393066049E+00 +-    1.5062015092E-02   
neutron rms                    1.75000000E-02   2.6376225859E+00 +-    2.5328656041E-02   
total rms                      1.75000000E-02   1.9421095025E+00 +-    1.6235232293E-02   
neutron-proton rms             1.75000000E-02   1.2983159810E+00 +-    2.4674942612E-02   
GT sigXtau+                    1.75000000E-02   2.7952163538E-03 +-    3.1088667841E-05   
GT sigYtau+                    1.75000000E-02  -9.2315226253E-04 +-    9.3018342306E-05   
GT sigZtau+                    1.75000000E-02  -2.2330141277E-03 +-    3.3341626234E-05   
GT sigXtau-                    1.75000000E-02   1.9300083328E-03 +-    3.3218421683E-05   
GT sigYtau-                    1.75000000E-02   5.2645073945E-03 +-    4.9183442983E-05   
GT sigZtau-                    1.75000000E-02  -3.3426180881E-03 +-    7.1575440697E-05   
F tau+                         1.75000000E-02   1.0439441823E-18 +-    8.0305523266E-20   
F tau-                         1.75000000E-02  -1.0852229200E-18 +-    5.3529439858E-20   
Psi**2                         1.75000000E-02   7.7338157163E-05 +-    2.2161161821E-06   
single crossing/step           1.75000000E-02   8.0754102633E-03 +-    4.2869155701E-05   
global crossing/step           1.75000000E-02   7.9042569007E-03 +-    8.4832177847E-05   
energy numerator(real)         1.75000000E-02   1.0850541777E+00 +-    9.2265722422E-01   
denominator psit/psigi(real)   1.75000000E-02   6.6928311810E-03 +-    1.3321534015E-02   
energy numerator(aimag)        1.75000000E-02  -4.5026757751E-01 +-    6.6121841589E-01   
denominator psit/psigi(aimag)  1.75000000E-02   2.3577657855E-02 +-    8.7607751411E-03   
growth(lin dt) energy          1.75000000E-02  -2.8913497472E+02 +-    6.1553107975E+00   
growth(global) energy          1.75000000E-02  -2.8866469488E+02 +-    1.2055877490E+01
growth energy                  1.75000000E-02  -2.8870785514E+02 +-    6.1264837690E+00
Time for propagation (sec) (min) =          21.783      0.363
Time for energies (sec) (min) =              0.785      0.013
Time for load balancing (sec) (min) =        0.028      0.000
Time for block (sec) (min) =                23.168      0.386
Time for operators (sec) (min) =             0.028      0.000
Elapsed block time (sec) (min) =           160.493      2.675
 
 walkers multiplicity, block, total
   0          56850         358033
   1        1000027        6942885
   2          56162         352429
   3            520           2705
   4            109            475
   5             31            121
   6             21             76
   7              6             29
   8              7             20
   9              2             17
  10              1              4
  11              0              4
  12              1              5
  13              0              1
  14              1              4
  15              0              2
  17              0              2
  18              0              1
  20              1              2
 
 

iteration =                               8
walker number =                       11132
total energy-propagated        2.00000000E-02  -5.0883125531E+01 +-    8.3183001606E-01   
kinetic energy                 2.00000000E-02   1.1283896252E+02 +-    3.8352549105E+00   
potential energy               2.00000000E-02  -1.6372208805E+02 +-    3.8689486982E+00   
im energy                      2.00000000E-02  -7.3354064914E+00 +-    5.6856216582E-01   
imkin energy                   2.00000000E-02  -3.7348367279E+01 +-    1.6755962249E+00   
impot energy                   2.00000000E-02   3.0012960788E+01 +-    1.2951459739E+00   
v cent                         2.00000000E-02   1.1154646026E+02 +-    3.1557702907E+00   
v tau                          2.00000000E-02   4.5108999221E-01 +-    6.0684579321E-01   
v sigma                        2.00000000E-02  -3.8694503603E+01 +-    5.1014036675E-01   
v sigtau                       2.00000000E-02  -1.1877984906E+02 +-    6.8290649214E-01   
v tensor                       2.00000000E-02  -2.2303275793E-01 +-    3.7212457861E-01   
v tenstau                      2.00000000E-02  -1.1802225288E+02 +-    2.7824291892E+00   
v ls                           2.00000000E-02   0.0000000000E+00 +-    0.0000000000E+00   
v lstau                        2.00000000E-02   0.0000000000E+00 +-    0.0000000000E+00   
vpot v6                        2.00000000E-02  -1.6372208805E+02 +-    3.8689486982E+00   
vpot v8                        2.00000000E-02  -1.6372208805E+02 +-    3.8689486982E+00   
v coulomb                      2.00000000E-02   1.0677164465E+00 +-    4.9629811960E-03   
v external                     2.00000000E-02   0.0000000000E+00 +-    0.0000000000E+00   
tni 2pipr-anticomm             2.00000000E-02   0.0000000000E+00 +-    0.0000000000E+00   
tni vd1pr                      2.00000000E-02   0.0000000000E+00 +-    0.0000000000E+00   
tni vepr                       2.00000000E-02   0.0000000000E+00 +-    0.0000000000E+00   
tni central                    2.00000000E-02   0.0000000000E+00 +-    0.0000000000E+00   
tni 2pixx-anticommutator       2.00000000E-02   0.0000000000E+00 +-    0.0000000000E+00   
tni 2pixd-anticommutator       2.00000000E-02   0.0000000000E+00 +-    0.0000000000E+00   
tni 2pidd-anticommutator       2.00000000E-02   0.0000000000E+00 +-    0.0000000000E+00   
tni 2pixx-commutator           2.00000000E-02   0.0000000000E+00 +-    0.0000000000E+00   
tni 2pixd-commutator           2.00000000E-02   0.0000000000E+00 +-    0.0000000000E+00   
tni 2pidd-commutator           2.00000000E-02   0.0000000000E+00 +-    0.0000000000E+00   
tni 2pi-tm                     2.00000000E-02   0.0000000000E+00 +-    0.0000000000E+00   
tni vd1                        2.00000000E-02   0.0000000000E+00 +-    0.0000000000E+00   
tni vd2                        2.00000000E-02   0.0000000000E+00 +-    0.0000000000E+00   
tni ve                         2.00000000E-02   0.0000000000E+00 +-    0.0000000000E+00   
vpottot v8+tni                 2.00000000E-02  -1.6372208805E+02 +-    3.8689486982E+00   
enetot v8+tni                  2.00000000E-02  -5.0883125531E+01 +-    8.3183001606E-01   
vper cent                      2.00000000E-02   1.1154646026E+02 +-    3.1557702907E+00   
vper tau                       2.00000000E-02   4.5108999221E-01 +-    6.0684579321E-01   
vper sigma                     2.00000000E-02  -3.8694503603E+01 +-    5.1014036675E-01   
vper sigtau                    2.00000000E-02  -1.1877984906E+02 +-    6.8290649214E-01   
vper tensor                    2.00000000E-02  -2.2303275793E-01 +-    3.7212457861E-01   
vper tenstau                   2.00000000E-02  -1.1802225288E+02 +-    2.7824291892E+00   
vper ls                        2.00000000E-02   0.0000000000E+00 +-    0.0000000000E+00   
vper lstau                     2.00000000E-02   0.0000000000E+00 +-    0.0000000000E+00   
vpotper v6                     2.00000000E-02  -1.6372208805E+02 +-    3.8689486982E+00   
vpotper v8                     2.00000000E-02  -1.6372208805E+02 +-    3.8689486982E+00   
vpotv6pr-vpotv6per diff        2.00000000E-02   0.0000000000E+00 +-    0.0000000000E+00   
vpotv8pr-vpotv8per diff        2.00000000E-02   0.0000000000E+00 +-    0.0000000000E+00   
2piapr-2pia diff               2.00000000E-02   0.0000000000E+00 +-    0.0000000000E+00   
vd1pr-vd1 diff                 2.00000000E-02   0.0000000000E+00 +-    0.0000000000E+00   
vepr-ve diff                   2.00000000E-02   0.0000000000E+00 +-    0.0000000000E+00   
diff1 2piapr-2pia-2picxx       2.00000000E-02   0.0000000000E+00 +-    0.0000000000E+00   
diff2 vd1pr-vd1-2picxd         2.00000000E-02   0.0000000000E+00 +-    0.0000000000E+00   
diff3 vepr-ve-2picdd           2.00000000E-02   0.0000000000E+00 +-    0.0000000000E+00   
sum diff1+dif2+diff3           2.00000000E-02   0.0000000000E+00 +-    0.0000000000E+00   
proton rms                     2.00000000E-02   1.1487057233E+00 +-    9.7736848661E-03   
neutron rms                    2.00000000E-02   1.0030369384E+00 +-    7.9666116220E-03   
total rms                      2.00000000E-02   1.0719059327E+00 +-    6.4367514629E-03   
neutron-proton rms             2.00000000E-02  -1.4566878497E-01 +-    8.5411245593E-03   
GT sigXtau+                    2.00000000E-02   4.9170793940E-05 +-    4.2704776782E-05   
GT sigYtau+                    2.00000000E-02  -4.9051582424E-04 +-    5.0920485615E-05   
GT sigZtau+                    2.00000000E-02   1.0734578419E-03 +-    3.7848233669E-05   
GT sigXtau-                    2.00000000E-02   4.1556847964E-04 +-    3.1378283043E-05   
GT sigYtau-                    2.00000000E-02  -1.7140485455E-03 +-    3.3137688509E-05   
GT sigZtau-                    2.00000000E-02   5.3599360820E-04 +-    5.2392310343E-05   
F tau+                         2.00000000E-02  -1.4395642515E-18 +-    7.9191801398E-20   
F tau-                         2.00000000E-02  -7.7217727615E-19 +-    8.9394628220E-20   
Psi**2                         2.00000000E-02   7.6851971886E-05 +-    1.5256298691E-06   
single crossing/step           2.00000000E-02   9.0409341200E-03 +-    4.5281481338E-05   
global crossing/step           2.00000000E-02   8.7708778659E-03 +-    8.9212286404E-05   
energy numerator(real)         2.00000000E-02  -3.6349135724E-01 +-    1.0157742639E+00   
denominator psit/psigi(real)   2.00000000E-02  -1.6205722284E-02 +-    1.3604548799E-02   
energy numerator(aimag)        2.00000000E-02  -3.4870307403E+00 +-    7.3011986038E-01   
denominator psit/psigi(aimag)  2.00000000E-02   6.2473317992E-02 +-    8.8507350975E-03   
growth(lin dt) energy          2.00000000E-02  -3.2230296947E+02 +-    6.4415652858E+00   
growth(global) energy          2.00000000E-02  -3.3028925269E+02 +-    1.2956059380E+01
growth energy                  2.00000000E-02  -3.2170942570E+02 +-    6.4060877845E+00
Time for propagation (sec) (min) =          21.844      0.364
Time for energies (sec) (min) =              0.781      0.013
Time for load balancing (sec) (min) =        0.028      0.000
Time for block (sec) (min) =                23.206      0.387
Time for operators (sec) (min) =             0.028      0.000
Elapsed block time (sec) (min) =           183.727      3.062
 
 walkers multiplicity, block, total
   0          60304         418337
   1        1009227        7952112
   2          58093         410522
   3            643           3348
   4            119            594
   5             43            164
   6             25            101
   7              9             38
   8              8             28
   9              2             19
  10              4              8
  11              1              5
  12              0              5
  13              3              4
  14              0              4
  15              0              2
  17              0              2
  18              0              1
  20              0              2
 
 

iteration =                               9
walker number =                       10725
total energy-propagated        2.25000000E-02  -2.3634365717E+01 +-    1.3737057441E+00   
kinetic energy                 2.25000000E-02   2.0718430344E+02 +-    4.8308011415E+00   
potential energy               2.25000000E-02  -2.3081866916E+02 +-    4.7255925625E+00   
im energy                      2.25000000E-02  -9.3094711987E+00 +-    1.0029893273E+00   
imkin energy                   2.25000000E-02   8.5083690347E+00 +-    1.5661382447E+00   
impot energy                   2.25000000E-02  -1.7817840233E+01 +-    1.6342376935E+00   
v cent                         2.25000000E-02  -9.3262725007E+00 +-    5.5779063329E+00   
v tau                          2.25000000E-02   2.7775687403E+01 +-    9.5272930501E-01   
v sigma                        2.25000000E-02  -1.1441812438E+01 +-    5.7342309449E-01   
v sigtau                       2.25000000E-02  -4.3223855927E+01 +-    1.4707088880E+00   
v tensor                       2.25000000E-02  -2.1268206832E+00 +-    3.3883962624E-01   
v tenstau                      2.25000000E-02  -1.9247559501E+02 +-    2.0086680213E+00   
v ls                           2.25000000E-02   0.0000000000E+00 +-    0.0000000000E+00   
v lstau                        2.25000000E-02   0.0000000000E+00 +-    0.0000000000E+00   
vpot v6                        2.25000000E-02  -2.3081866916E+02 +-    4.7255925625E+00   
vpot v8                        2.25000000E-02  -2.3081866916E+02 +-    4.7255925625E+00   
v coulomb                      2.25000000E-02   9.5038779517E-01 +-    5.3473997274E-03   
v external                     2.25000000E-02   0.0000000000E+00 +-    0.0000000000E+00   
tni 2pipr-anticomm             2.25000000E-02   0.0000000000E+00 +-    0.0000000000E+00   
tni vd1pr                      2.25000000E-02   0.0000000000E+00 +-    0.0000000000E+00   
tni vepr                       2.25000000E-02   0.0000000000E+00 +-    0.0000000000E+00   
tni central                    2.25000000E-02   0.0000000000E+00 +-    0.0000000000E+00   
tni 2pixx-anticommutator       2.25000000E-02   0.0000000000E+00 +-    0.0000000000E+00   
tni 2pixd-anticommutator       2.25000000E-02   0.0000000000E+00 +-    0.0000000000E+00   
tni 2pidd-anticommutator       2.25000000E-02   0.0000000000E+00 +-    0.0000000000E+00   
tni 2pixx-commutator           2.25000000E-02   0.0000000000E+00 +-    0.0000000000E+00   
tni 2pixd-commutator           2.25000000E-02   0.0000000000E+00 +-    0.0000000000E+00   
tni 2pidd-commutator           2.25000000E-02   0.0000000000E+00 +-    0.0000000000E+00   
tni 2pi-tm                     2.25000000E-02   0.0000000000E+00 +-    0.0000000000E+00   
tni vd1                        2.25000000E-02   0.0000000000E+00 +-    0.0000000000E+00   
tni vd2                        2.25000000E-02   0.0000000000E+00 +-    0.0000000000E+00   
tni ve                         2.25000000E-02   0.0000000000E+00 +-    0.0000000000E+00   
vpottot v8+tni                 2.25000000E-02  -2.3081866916E+02 +-    4.7255925625E+00   
enetot v8+tni                  2.25000000E-02  -2.3634365717E+01 +-    1.3737057441E+00   
vper cent                      2.25000000E-02  -9.3262725007E+00 +-    5.5779063329E+00   
vper tau                       2.25000000E-02   2.7775687403E+01 +-    9.5272930501E-01   
vper sigma                     2.25000000E-02  -1.1441812438E+01 +-    5.7342309449E-01   
vper sigtau                    2.25000000E-02  -4.3223855927E+01 +-    1.4707088880E+00   
vper tensor                    2.25000000E-02  -2.1268206832E+00 +-    3.3883962624E-01   
vper tenstau                   2.25000000E-02  -1.9247559501E+02 +-    2.0086680213E+00   
vper ls                        2.25000000E-02   0.0000000000E+00 +-    0.0000000000E+00   
vper lstau                     2.25000000E-02   0.0000000000E+00 +-    0.0000000000E+00   
vpotper v6                     2.25000000E-02  -2.3081866916E+02 +-    4.7255925625E+00   
vpotper v8                     2.25000000E-02  -2.3081866916E+02 +-    4.7255925625E+00   
vpotv6pr-vpotv6per diff        2.25000000E-02   0.0000000000E+00 +-    0.0000000000E+00   
vpotv8pr-vpotv8per diff        2.25000000E-02   0.0000000000E+00 +-    0.0000000000E+00   
2piapr-2pia diff               2.25000000E-02   0.0000000000E+00 +-    0.0000000000E+00   
vd1pr-vd1 diff                 2.25000000E-02   0.0000000000E+00 +-    0.0000000000E+00   
vepr-ve diff                   2.25000000E-02   0.0000000000E+00 +-    0.0000000000E+00   
diff1 2piapr-2pia-2picxx       2.25000000E-02   0.0000000000E+00 +-    0.0000000000E+00   
diff2 vd1pr-vd1-2picxd         2.25000000E-02   0.0000000000E+00 +-    0.0000000000E+00   
diff3 vepr-ve-2picdd           2.25000000E-02   0.0000000000E+00 +-    0.0000000000E+00   
sum diff1+dif2+diff3           2.25000000E-02   0.0000000000E+00 +-    0.0000000000E+00   
proton rms                     2.25000000E-02   1.2828746787E+00 +-    7.4484301675E-03   
neutron rms                    2.25000000E-02   1.2099390155E+00 +-    6.2145791195E-03   
total rms                      2.25000000E-02   1.2546761551E+00 +-    7.3651619761E-03   
neutron-proton rms             2.25000000E-02  -7.2935663232E-02 +-    6.5272869170E-03   
GT sigXtau+                    2.25000000E-02  -1.1255706412E-03 +-    6.7782521923E-05   
GT sigYtau+                    2.25000000E-02   5.0568591481E-04 +-    4.8299643034E-05   
GT sigZtau+                    2.25000000E-02  -1.6991392391E-03 +-    4.1148487112E-05   
GT sigXtau-                    2.25000000E-02   1.0998665197E-03 +-    4.5442047827E-05   
GT sigYtau-                    2.25000000E-02  -1.8120598182E-04 +-    5.6345276775E-05   
GT sigZtau-                    2.25000000E-02  -3.1781854472E-03 +-    4.1921076275E-05   
F tau+                         2.25000000E-02   1.8683158802E-18 +-    8.6892709644E-20   
F tau-                         2.25000000E-02  -1.0240841679E-18 +-    1.1504272140E-19   
Psi**2                         2.25000000E-02   6.9614017380E-05 +-    1.0648692606E-06   
single crossing/step           2.25000000E-02   9.3123143747E-03 +-    4.5895536803E-05   
global crossing/step           2.25000000E-02   9.1739516397E-03 +-    9.1112965825E-05   
energy numerator(real)         2.25000000E-02   3.6964721397E-01 +-    1.0405670459E+00   
denominator psit/psigi(real)   2.25000000E-02   9.8851821041E-03 +-    1.3955457058E-02   
energy numerator(aimag)        2.25000000E-02  -1.1540686696E+00 +-    6.9498839447E-01   
denominator psit/psigi(aimag)  2.25000000E-02   4.2956128979E-02 +-    8.9152934648E-03   
growth(lin dt) energy          2.25000000E-02  -3.1675267211E+02 +-    6.2400390326E+00   
growth(global) energy          2.25000000E-02  -3.1321206515E+02 +-    1.2452678929E+01
growth energy                  2.25000000E-02  -3.1618887414E+02 +-    6.2065434640E+00
Time for propagation (sec) (min) =          21.899      0.365
Time for energies (sec) (min) =              0.752      0.013
Time for load balancing (sec) (min) =        0.029      0.000
Time for block (sec) (min) =                23.271      0.388
Time for operators (sec) (min) =             0.025      0.000
Elapsed block time (sec) (min) =           207.031      3.451
 
 walkers multiplicity, block, total
   0          60553         478890
   1        1011394        8963506
   2          58365         468887
   3            573           3921
   4            104            698
   5             34            198
   6              8            109
   7              5             43
   8              2             30
   9              4             23
  10              5             13
  11              1              6
  12              0              5
  13              0              4
  14              0              4
  15              0              2
  17              1              3
  18              0              1
  20              0              2
 
 

iteration =                              10
walker number =                       10124
total energy-propagated        2.50000000E-02  -7.5772607729E+01 +-    1.5655064914E+00   
kinetic energy                 2.50000000E-02   4.5906566550E+01 +-    3.3957508842E+00   
potential energy               2.50000000E-02  -1.2167917428E+02 +-    4.2995277928E+00   
im energy                      2.50000000E-02  -3.0638073295E+01 +-    1.7517858317E+00   
imkin energy                   2.50000000E-02  -1.1339534228E+02 +-    2.7844082322E+00   
impot energy                   2.50000000E-02   8.2757268984E+01 +-    1.4040123072E+00   
v cent                         2.50000000E-02   1.7174554512E+02 +-    4.0164067770E+00   
v tau                          2.50000000E-02  -6.5746112960E+01 +-    6.0414502602E-01   
v sigma                        2.50000000E-02   4.9855483589E+01 +-    7.4925937402E-01   
v sigtau                       2.50000000E-02  -1.0957739973E+02 +-    1.2669996230E+00   
v tensor                       2.50000000E-02   6.5806860868E+00 +-    2.3917262056E-01   
v tenstau                      2.50000000E-02  -1.7453737639E+02 +-    2.6214040793E+00   
v ls                           2.50000000E-02   0.0000000000E+00 +-    0.0000000000E+00   
v lstau                        2.50000000E-02   0.0000000000E+00 +-    0.0000000000E+00   
vpot v6                        2.50000000E-02  -1.2167917428E+02 +-    4.2995277928E+00   
vpot v8                        2.50000000E-02  -1.2167917428E+02 +-    4.2995277928E+00   
v coulomb                      2.50000000E-02   1.1517481926E+00 +-    3.0605364415E-03   
v external                     2.50000000E-02   0.0000000000E+00 +-    0.0000000000E+00   
tni 2pipr-anticomm             2.50000000E-02   0.0000000000E+00 +-    0.0000000000E+00   
tni vd1pr                      2.50000000E-02   0.0000000000E+00 +-    0.0000000000E+00   
tni vepr                       2.50000000E-02   0.0000000000E+00 +-    0.0000000000E+00   
tni central                    2.50000000E-02   0.0000000000E+00 +-    0.0000000000E+00   
tni 2pixx-anticommutator       2.50000000E-02   0.0000000000E+00 +-    0.0000000000E+00   
tni 2pixd-anticommutator       2.50000000E-02   0.0000000000E+00 +-    0.0000000000E+00   
tni 2pidd-anticommutator       2.50000000E-02   0.0000000000E+00 +-    0.0000000000E+00   
tni 2pixx-commutator           2.50000000E-02   0.0000000000E+00 +-    0.0000000000E+00   
tni 2pixd-commutator           2.50000000E-02   0.0000000000E+00 +-    0.0000000000E+00   
tni 2pidd-commutator           2.50000000E-02   0.0000000000E+00 +-    0.0000000000E+00   
tni 2pi-tm                     2.50000000E-02   0.0000000000E+00 +-    0.0000000000E+00   
tni vd1                        2.50000000E-02   0.0000000000E+00 +-    0.0000000000E+00   
tni vd2                        2.50000000E-02   0.0000000000E+00 +-    0.0000000000E+00   
tni ve                         2.50000000E-02   0.0000000000E+00 +-    0.0000000000E+00   
vpottot v8+tni                 2.50000000E-02  -1.2167917428E+02 +-    4.2995277928E+00   
enetot v8+tni                  2.50000000E-02  -7.5772607729E+01 +-    1.5655064914E+00   
vper cent                      2.50000000E-02   1.7174554512E+02 +-    4.0164067770E+00   
vper tau                       2.50000000E-02  -6.5746112960E+01 +-    6.0414502602E-01   
vper sigma                     2.50000000E-02   4.9855483589E+01 +-    7.4925937402E-01   
vper sigtau                    2.50000000E-02  -1.0957739973E+02 +-    1.2669996230E+00   
vper tensor                    2.50000000E-02   6.5806860868E+00 +-    2.3917262056E-01   
vper tenstau                   2.50000000E-02  -1.7453737639E+02 +-    2.6214040793E+00   
vper ls                        2.50000000E-02   0.0000000000E+00 +-    0.0000000000E+00   
vper lstau                     2.50000000E-02   0.0000000000E+00 +-    0.0000000000E+00   
vpotper v6                     2.50000000E-02  -1.2167917428E+02 +-    4.2995277928E+00   
vpotper v8                     2.50000000E-02  -1.2167917428E+02 +-    4.2995277928E+00   
vpotv6pr-vpotv6per diff        2.50000000E-02   0.0000000000E+00 +-    0.0000000000E+00   
vpotv8pr-vpotv8per diff        2.50000000E-02   0.0000000000E+00 +-    0.0000000000E+00   
2piapr-2pia diff               2.50000000E-02   0.0000000000E+00 +-    0.0000000000E+00   
vd1pr-vd1 diff                 2.50000000E-02   0.0000000000E+00 +-    0.0000000000E+00   
vepr-ve diff                   2.50000000E-02   0.0000000000E+00 +-    0.0000000000E+00   
diff1 2piapr-2pia-2picxx       2.50000000E-02   0.0000000000E+00 +-    0.0000000000E+00   
diff2 vd1pr-vd1-2picxd         2.50000000E-02   0.0000000000E+00 +-    0.0000000000E+00   
diff3 vepr-ve-2picdd           2.50000000E-02   0.0000000000E+00 +-    0.0000000000E+00   
sum diff1+dif2+diff3           2.50000000E-02   0.0000000000E+00 +-    0.0000000000E+00   
proton rms                     2.50000000E-02   1.1868237101E+00 +-    1.5922165442E-02   
neutron rms                    2.50000000E-02   1.7891612217E+00 +-    9.7288511007E-03   
total rms                      2.50000000E-02   1.4842973237E+00 +-    1.0767261460E-02   
neutron-proton rms             2.50000000E-02   6.0233751156E-01 +-    1.5148080286E-02   
GT sigXtau+                    2.50000000E-02  -4.3579507011E-03 +-    6.0339574044E-05   
GT sigYtau+                    2.50000000E-02  -3.8751934269E-03 +-    6.7127791774E-05   
GT sigZtau+                    2.50000000E-02  -1.0806392001E-03 +-    4.3674046798E-05   
GT sigXtau-                    2.50000000E-02  -3.6467299606E-03 +-    4.1266379748E-05   
GT sigYtau-                    2.50000000E-02  -3.0624976224E-03 +-    5.0534957274E-05   
GT sigZtau-                    2.50000000E-02  -3.4712509527E-03 +-    7.2707740827E-05   
F tau+                         2.50000000E-02  -4.0965630122E-18 +-    4.9137867595E-20   
F tau-                         2.50000000E-02   1.3132480667E-18 +-    1.0928430419E-19   
Psi**2                         2.50000000E-02   1.1858492933E-04 +-    2.5055072191E-06   
single crossing/step           2.50000000E-02   9.2860792453E-03 +-    4.5727619757E-05   
global crossing/step           2.50000000E-02   9.0451539467E-03 +-    9.0272024085E-05   
energy numerator(real)         2.50000000E-02   6.8758583773E-01 +-    1.0751441840E+00   
denominator psit/psigi(real)   2.50000000E-02   7.9365726893E-03 +-    1.4169145902E-02   
energy numerator(aimag)        2.50000000E-02  -2.4260033397E+00 +-    7.1685664131E-01   
denominator psit/psigi(aimag)  2.50000000E-02   2.7020350324E-02 +-    9.1946277851E-03   
growth(lin dt) energy          2.50000000E-02  -2.9668965531E+02 +-    6.1730039956E+00   
growth(global) energy          2.50000000E-02  -3.0498938843E+02 +-    9.9827946852E+00
growth energy                  2.50000000E-02  -2.9622702416E+02 +-    6.1429379879E+00
Time for propagation (sec) (min) =          21.996      0.367
Time for energies (sec) (min) =              0.710      0.012
Time for load balancing (sec) (min) =        0.029      0.000
Time for block (sec) (min) =                23.285      0.388
Time for operators (sec) (min) =             0.023      0.000
Elapsed block time (sec) (min) =           230.339      3.839
 
 walkers multiplicity, block, total
   0          61066         539956
   1        1015470        9978976
   2          58912         527799
   3            461           4382
   4            100            798
   5             31            229
   6             15            124
   7              6             49
   8              3             33
   9              1             24
  10              1             14
  11              2              8
  12              1              6
  13              0              4
  14              1              5
  15              1              3
  17              0              3
  18              0              1
  20              0              2
 
 

Time for steps      =     230.348 seconds,        3.839 minutes
Master Time for steps =     230.159 seconds,        3.836 minutes

Number of cpus =       100
Total job time =     235.122 seconds,        3.919 minutes,        0.065 hours
Total cpu-time =     391.870 minutes,        6.531 hours
Total time =         234.898 seconds,        3.915 minutes,        0.065 hours
Finished!
