Unconstrained Diffusion Monte Carlo Run -- no drift
!-!-!-!-!-!-!-!-!-!-!-!-!-!-!-!-!-!-!-!-!-!-!-!-!-!
MPI parameters:
Number of boss cpus =                         100
Number of worker cpus for each boss =           0
Total number of cpus =                        100
Simulation parameters:
random number seed =                          321
hbar^2/2m =                              20.73554
start from sites =                              F
nwalk =                                     10000
equilibration blocks =                          0
averaging blocks =                             10
nsteps/blocks =                               100
time step =                          0.0000250000
time step rotations (vmc) =          0.1700000000
trial energy =                          -26.00000
drift cutoff =                            0.00000
drastic population control up =           1.20000
drastic population control down =         0.80000
rebalance if walkers fluctuate more than   2.00 %
weight cut off =                         20.00000
table size =                                 8000
!-!-!-!-!-!-!-!-!-!-!-!-!-!-!-!-!-!-!-!-!-!-!-!-!-!
System parameters:
lpot =                                         11
lpotper =                                      11
potential  =                          argonne v6'
potentialpr =                         argonne v6'
Coulomb included in energy-propagation          F
multiply central v by =                   1.00000
multiply tau v by =                       1.00000
multiply sigma v by =                     1.00000
multiply sigma tau v by =                 1.00000
multiply tensor v by =                    1.00000
multiply tensor tau v by =                1.00000
multiply spin-orbit v by =                0.00000
multiply spin-orbit tau v by =            0.00000
three-body potential =                        no3
ibox (0 is nearest image) =                     0
!-!-!-!-!-!-!-!-!-!-!-!-!-!-!-!-!-!-!-!-!-!-!-!-!-!
propagate LS =                                  F
calculate LS =                                  F
type of correlations =           independent pair
scale orbital   1 with factor    1.14000
determinant # 1
coefficient                     1.00000   0.00000
1  1  0  1  alpha.orb    # 2J,2M,L,tau radial_file for state                    
1 -1  0  1  alpha.orb    # 2J,2M,L,tau radial_file for state                    
1  1  0 -1  alpha.orb    # 2J,2M,L,tau radial_file for state                    
1 -1  0 -1  alpha.orb    # 2J,2M,L,tau radial_file for state                    
rescaled coefficient            1.00000   0.00000
!-!-!-!-!-!-!-!-!-!-!-!-!-!-!-!-!-!-!-!-!-!-!-!-!-!
No external potential
!-!-!-!-!-!-!-!-!-!-!-!-!-!-!-!-!-!-!-!-!-!-!-!-!-!
rcut in pair sampling =                   1.00000
acut in pair sampling =                   5.00000
a constant in psig =                      0.20000
Number of protons =                             2
Number of neutrons =                            2
range of the potential =                 20.00000
!-!-!-!-!-!-!-!-!-!-!-!-!-!-!-!-!-!-!-!-!-!-!-!-!-!
do V3 =                                         F
three body force =                            no3
three body a2piPwa =                      0.000000000000000
three body a2piPwc =                      0.000000000000000
three body a2piSw =                       0.000000000000000
three body Vd,C,c3 =                      0.000000000000000
three body Ve,C,c3 =                      0.000000000000000
three body A_R =                          0.000000000000000
three body Vd1 =                          0.000000000000000
three body Vd2 =                          0.000000000000000
three body Ve =                           0.000000000000000
propagator: multiply the antic by =       0.000000000000000
propagator: multiply the Vd1 by =         0.000000000000000
propagator: multiply the Ve by =          0.000000000000000
propagator: three body a2piPW =           0.000000000000000
!-!-!-!-!-!-!-!-!-!-!-!-!-!-!-!-!-!-!-!-!-!-!-!-!-!
jastrow healing distance dc =             4.47768
jastrow healing distance dtn =           11.57317
jastrow rho =                             0.01000
potential quencher acn (v1) =             1.50851
potential quencher at  (v2) =             6.06936
potential quencher as  (v3) =             2.76780
potential quencher ast (v4) =             0.80880
potential quencher atn (v5) =             0.61864
potential quencher atn (v6) =             0.20141
potential quencher als (v7) =             0.00000
potential quencher alst (v8) =            0.00000
correlation quencher bt (f2) =            0.26685
correlation quencher bs (f3) =           -0.10565
correlation quencher bst (f4) =           0.42277
correlation quencher btn (f5) =           1.08683
correlation quencher btn (f6) =           4.44810
correlation quencher bls (f7) =           0.00000
correlation quencher blst (f8) =          0.00000
!-!-!-!-!-!-!-!-!-!-!-!-!-!-!-!-!-!-!-!-!-!-!-!-!-!
q1c parameter in f3c =                   12.87526
q2c parameter in f3c =                    1.60340
q1p parameter in f3p =                   -1.81620
q2p parameter in f3p =                    2.14789
!-!-!-!-!-!-!-!-!-!-!-!-!-!-!-!-!-!-!-!-!-!-!-!-!-!
rscal parameter in Uijk cent =            1.00000
rscal parameter in Uijk xpi =             1.00000
rscal parameter in Uijk delta =           1.00000
eps_c parameter in Uijk =                 0.00000
eps_anti parameter in Uijk =              0.00000
eps_tm parameter in Uijk =                0.00000
eps_vd1 parameter in Uijk =               0.00000
eps_vd2 parameter in Uijk =               0.00000
eps_vdc3 parameter in Uijk =              0.00000
eps_vec3 parameter in Uijk =              0.00000
eps_ve parameter in Uijk =                0.00000
eps_comm parameter in Uijk =              0.00000
eps_comm-XD parameter in Uijk =           0.00000
eps_comm-DD parameter in Uijk =           0.00000
TNI-comm correlation included =                 F
!-!-!-!-!-!-!-!-!-!-!-!-!-!-!-!-!-!-!-!-!-!-!-!-!-!
CSB correlation rscalpp =                 1.00000
CSB correlation rscalnn =                 1.00000
CSB correlation quencher pp =             0.00000
CSB correlation quencher nn =             0.00000
CSB correlation included =                      F
!-!-!-!-!-!-!-!-!-!-!-!-!-!-!-!-!-!-!-!-!-!-!-!-!-!
jastrow initialized
!-!-!-!-!-!-!-!-!-!-!-!-!-!-!-!-!-!-!-!-!-!-!-!-!-!
Symmetrize V6 in the propagator =               T
New propagation of Vlstau and commutator included!
Coulomb included in energy (and propag)         F
Initial walkers from file
Number of walkers =                          8533
Configurations at tau =              1.2250000000
Reset tau =                          0.0000000000
!-!-!-!-!-!-!-!-!-!-!-!-!-!-!-!-!-!-!-!-!-!-!-!-!-!
Time for reading configurations (sec.) =       0.73
!-!-!-!-!-!-!-!-!-!-!-!-!-!-!-!-!-!-!-!-!-!-!-!-!-!
Initial configurations:
total energy-propagated        0.00000000E+00  -2.6640766128E+01 +-    3.4256386613E-01   
kinetic energy                 0.00000000E+00   1.0705383046E+02 +-    1.7576031541E+00   
potential energy               0.00000000E+00  -1.3369459659E+02 +-    1.7047975025E+00   
v cent                         0.00000000E+00   1.5186696096E+01 +-    1.5544939029E+00   
v tau                          0.00000000E+00  -7.4107844722E+00 +-    2.3659366542E-01   
v sigma                        0.00000000E+00  -8.4947111320E+00 +-    2.4277212161E-01   
v sigtau                       0.00000000E+00  -5.9570778890E+01 +-    5.5333270735E-01   
v tensor                       0.00000000E+00   3.7153066997E-01 +-    1.2367848678E-01   
v tenstau                      0.00000000E+00  -7.3776548857E+01 +-    9.6517572080E-01   
v ls                           0.00000000E+00   0.0000000000E+00 +-    0.0000000000E+00   
v lstau                        0.00000000E+00   0.0000000000E+00 +-    0.0000000000E+00   
v coulomb                      0.00000000E+00   7.4548500231E-01 +-    2.8624439133E-03   
v external                     0.00000000E+00   0.0000000000E+00 +-    0.0000000000E+00   
tni 2pipr-anticomm             0.00000000E+00   0.0000000000E+00 +-    0.0000000000E+00   
tni vd1pr                      0.00000000E+00   0.0000000000E+00 +-    0.0000000000E+00   
tni vepr                       0.00000000E+00   0.0000000000E+00 +-    0.0000000000E+00   
tni central                    0.00000000E+00   0.0000000000E+00 +-    0.0000000000E+00   
tni 2pixx-anticommutator       0.00000000E+00   0.0000000000E+00 +-    0.0000000000E+00   
tni 2pixd-anticommutator       0.00000000E+00   0.0000000000E+00 +-    0.0000000000E+00   
tni 2pidd-anticommutator       0.00000000E+00   0.0000000000E+00 +-    0.0000000000E+00   
tni 2pixx-commutator           0.00000000E+00   0.0000000000E+00 +-    0.0000000000E+00   
tni 2pixd-commutator           0.00000000E+00   0.0000000000E+00 +-    0.0000000000E+00   
tni 2pidd-commutator           0.00000000E+00   0.0000000000E+00 +-    0.0000000000E+00   
tni 2pi-tm                     0.00000000E+00   0.0000000000E+00 +-    0.0000000000E+00   
tni vd1                        0.00000000E+00   0.0000000000E+00 +-    0.0000000000E+00   
tni vd2                        0.00000000E+00   0.0000000000E+00 +-    0.0000000000E+00   
tni ve                         0.00000000E+00   0.0000000000E+00 +-    0.0000000000E+00   
enetot v8+tni                  0.00000000E+00  -2.6640766128E+01 +-    3.4256386613E-01   
!-!-!-!-!-!-!-!-!-!-!-!-!-!-!-!-!-!-!-!-!-!-!-!-!-!
Psi**2 of initial configurations  =   0.2666671E-04  0.0000000E+00  +-    0.6812992E-06  0.0000000E+00
Psig**2 of initial configurations =   0.1728182E-04  0.0000000E+00  +-    0.5129273E-06  0.0000000E+00
!-!-!-!-!-!-!-!-!-!-!-!-!-!-!-!-!-!-!-!-!-!-!-!-!-!
T**2 of initial configurations  =  -0.1881472E-07 -0.2499620E-08
Tz of initial configurations    =   0.5062423E-14  0.8348091E-15
J**2 of initial configurations  =   0.2869980E-07 -0.2376575E-08
Jz of initial configurations    =   0.3397711E-14 -0.4533923E-13
!-!-!-!-!-!-!-!-!-!-!-!-!-!-!-!-!-!-!-!-!-!-!-!-!-!
!-!-!-!-!-!-!-!-!-!-!-!-!-!-!-!-!-!-!-!-!-!-!-!-!-!
Time to process initial configurations (sec.) =       1.53
!-!-!-!-!-!-!-!-!-!-!-!-!-!-!-!-!-!-!-!-!-!-!-!-!-!

equilibration done

iteration =                               1
walker number =                       10797
total energy-propagated        2.50000000E-03  -2.7851200763E+01 +-    3.4177170407E-01   
kinetic energy                 2.50000000E-03   9.7886774565E+01 +-    1.5103256467E+00   
potential energy               2.50000000E-03  -1.2573797533E+02 +-    1.4652021959E+00   
im energy                      2.50000000E-03   6.5472173667E-01 +-    2.2490985122E-01   
imkin energy                   2.50000000E-03   1.4978773509E+00 +-    3.8052862293E-01   
impot energy                   2.50000000E-03  -8.4315561422E-01 +-    3.5147155355E-01   
v cent                         2.50000000E-03   2.0433039421E+01 +-    1.4644678280E+00   
v tau                          2.50000000E-03  -7.8821569814E+00 +-    2.3104613888E-01   
v sigma                        2.50000000E-03  -9.2582898376E+00 +-    2.0618247919E-01   
v sigtau                       2.50000000E-03  -6.0440270121E+01 +-    4.9268070529E-01   
v tensor                       2.50000000E-03   6.1888690826E-01 +-    1.0989065205E-01   
v tenstau                      2.50000000E-03  -6.9209184717E+01 +-    8.2562641590E-01   
v ls                           2.50000000E-03   0.0000000000E+00 +-    0.0000000000E+00   
v lstau                        2.50000000E-03   0.0000000000E+00 +-    0.0000000000E+00   
vpot v6                        2.50000000E-03  -1.2573797533E+02 +-    1.4652021959E+00   
vpot v8                        2.50000000E-03  -1.2573797533E+02 +-    1.4652021959E+00   
v coulomb                      2.50000000E-03   7.6587401775E-01 +-    2.4134881918E-03   
v external                     2.50000000E-03   0.0000000000E+00 +-    0.0000000000E+00   
tni 2pipr-anticomm             2.50000000E-03   0.0000000000E+00 +-    0.0000000000E+00   
tni vd1pr                      2.50000000E-03   0.0000000000E+00 +-    0.0000000000E+00   
tni vepr                       2.50000000E-03   0.0000000000E+00 +-    0.0000000000E+00   
tni central                    2.50000000E-03   0.0000000000E+00 +-    0.0000000000E+00   
tni 2pixx-anticommutator       2.50000000E-03   0.0000000000E+00 +-    0.0000000000E+00   
tni 2pixd-anticommutator       2.50000000E-03   0.0000000000E+00 +-    0.0000000000E+00   
tni 2pidd-anticommutator       2.50000000E-03   0.0000000000E+00 +-    0.0000000000E+00   
tni 2pixx-commutator           2.50000000E-03   0.0000000000E+00 +-    0.0000000000E+00   
tni 2pixd-commutator           2.50000000E-03   0.0000000000E+00 +-    0.0000000000E+00   
tni 2pidd-commutator           2.50000000E-03   0.0000000000E+00 +-    0.0000000000E+00   
tni 2pi-tm                     2.50000000E-03   0.0000000000E+00 +-    0.0000000000E+00   
tni vd1                        2.50000000E-03   0.0000000000E+00 +-    0.0000000000E+00   
tni vd2                        2.50000000E-03   0.0000000000E+00 +-    0.0000000000E+00   
tni ve                         2.50000000E-03   0.0000000000E+00 +-    0.0000000000E+00   
vpottot v8+tni                 2.50000000E-03  -1.2573797533E+02 +-    1.4652021959E+00   
enetot v8+tni                  2.50000000E-03  -2.7851200763E+01 +-    3.4177170407E-01   
vper cent                      2.50000000E-03   2.0433039421E+01 +-    1.4644678280E+00   
vper tau                       2.50000000E-03  -7.8821569814E+00 +-    2.3104613888E-01   
vper sigma                     2.50000000E-03  -9.2582898376E+00 +-    2.0618247919E-01   
vper sigtau                    2.50000000E-03  -6.0440270121E+01 +-    4.9268070529E-01   
vper tensor                    2.50000000E-03   6.1888690826E-01 +-    1.0989065205E-01   
vper tenstau                   2.50000000E-03  -6.9209184717E+01 +-    8.2562641590E-01   
vper ls                        2.50000000E-03   0.0000000000E+00 +-    0.0000000000E+00   
vper lstau                     2.50000000E-03   0.0000000000E+00 +-    0.0000000000E+00   
vpotper v6                     2.50000000E-03  -1.2573797533E+02 +-    1.4652021959E+00   
vpotper v8                     2.50000000E-03  -1.2573797533E+02 +-    1.4652021959E+00   
vpotv6pr-vpotv6per diff        2.50000000E-03   0.0000000000E+00 +-    0.0000000000E+00   
vpotv8pr-vpotv8per diff        2.50000000E-03   0.0000000000E+00 +-    0.0000000000E+00   
2piapr-2pia diff               2.50000000E-03   0.0000000000E+00 +-    0.0000000000E+00   
vd1pr-vd1 diff                 2.50000000E-03   0.0000000000E+00 +-    0.0000000000E+00   
vepr-ve diff                   2.50000000E-03   0.0000000000E+00 +-    0.0000000000E+00   
diff1 2piapr-2pia-2picxx       2.50000000E-03   0.0000000000E+00 +-    0.0000000000E+00   
diff2 vd1pr-vd1-2picxd         2.50000000E-03   0.0000000000E+00 +-    0.0000000000E+00   
diff3 vepr-ve-2picdd           2.50000000E-03   0.0000000000E+00 +-    0.0000000000E+00   
sum diff1+dif2+diff3           2.50000000E-03   0.0000000000E+00 +-    0.0000000000E+00   
proton rms                     2.50000000E-03   2.0654075994E+00 +-    1.2984435681E-02   
neutron rms                    2.50000000E-03   2.0393013826E+00 +-    1.1459701542E-02   
total rms                      2.50000000E-03   2.0510830468E+00 +-    1.0859751193E-02   
neutron-proton rms             2.50000000E-03  -2.6106216843E-02 +-    1.1241598548E-02   
GT sigXtau+                    2.50000000E-03   5.7926259837E-05 +-    2.0864046851E-05   
GT sigYtau+                    2.50000000E-03  -1.2326852213E-07 +-    2.3619766829E-05   
GT sigZtau+                    2.50000000E-03  -4.5978306271E-05 +-    2.1572309753E-05   
GT sigXtau-                    2.50000000E-03  -4.0494874352E-05 +-    2.0307743167E-05   
GT sigYtau-                    2.50000000E-03   7.1096881939E-05 +-    2.2069570739E-05   
GT sigZtau-                    2.50000000E-03  -4.3749564966E-05 +-    2.1595078918E-05   
F tau+                         2.50000000E-03  -1.0057210287E-20 +-    4.7599497833E-20   
F tau-                         2.50000000E-03  -2.0104831199E-20 +-    3.6884904021E-20   
Psi**2                         2.50000000E-03   2.6075101148E-05 +-    5.8006992868E-07   
single crossing/step           2.50000000E-03   8.4399504746E-03 +-    4.6461450163E-05   
global crossing/step           2.50000000E-03   8.3068510111E-03 +-    9.2193470631E-05   
energy numerator(real)         2.50000000E-03  -2.7609303629E+01 +-    7.0636258368E-01   
denominator psit/psigi(real)   2.50000000E-03   9.9142738697E-01 +-    1.1152711256E-02   
energy numerator(aimag)        2.50000000E-03   5.9034528255E-01 +-    5.0018148083E-01   
denominator psit/psigi(aimag)  2.50000000E-03  -1.1347719032E-02 +-    7.3342219119E-03   
growth(lin dt) energy          2.50000000E-03  -1.9102004281E+02 +-    4.9845625291E+00   
growth(global) energy          2.50000000E-03  -1.9829855945E+02 +-    1.1578684198E+01
growth energy                  2.50000000E-03  -1.9092552377E+02 +-    4.9734329469E+00
Time for propagation (sec) (min) =          19.352      0.323
Time for energies (sec) (min) =              0.757      0.013
Time for load balancing (sec) (min) =        0.067      0.001
Time for block (sec) (min) =                20.860      0.348
Time for operators (sec) (min) =             0.023      0.000
Elapsed block time (sec) (min) =            20.885      0.348
 
 walkers multiplicity, block, total
   0          37392          37392
   1         892503         892503
   2          39059          39059
   3            189            189
   4             28             28
   5             19             19
   6              5              5
   7              3              3
   8              0              0
   9              2              2
 
 

iteration =                               2
walker number =                       10880
total energy-propagated        5.00000000E-03  -2.5747017315E+01 +-    3.6043651102E-01   
kinetic energy                 5.00000000E-03   1.0549560685E+02 +-    1.5200248552E+00   
potential energy               5.00000000E-03  -1.3124262416E+02 +-    1.4954058253E+00   
im energy                      5.00000000E-03   1.2790193282E+00 +-    2.4110648085E-01   
imkin energy                   5.00000000E-03   4.5642254792E+00 +-    4.2457987674E-01   
impot energy                   5.00000000E-03  -3.2852061510E+00 +-    3.2475088190E-01   
v cent                         5.00000000E-03   1.2630890299E+01 +-    1.2728134472E+00   
v tau                          5.00000000E-03  -6.0733827919E+00 +-    1.7155909114E-01   
v sigma                        5.00000000E-03  -9.7444604407E+00 +-    2.2253027688E-01   
v sigtau                       5.00000000E-03  -6.4111340281E+01 +-    4.8807099818E-01   
v tensor                       5.00000000E-03  -1.6839808845E-01 +-    9.4490498709E-02   
v tenstau                      5.00000000E-03  -6.3775932858E+01 +-    8.3060819850E-01   
v ls                           5.00000000E-03   0.0000000000E+00 +-    0.0000000000E+00   
v lstau                        5.00000000E-03   0.0000000000E+00 +-    0.0000000000E+00   
vpot v6                        5.00000000E-03  -1.3124262416E+02 +-    1.4954058253E+00   
vpot v8                        5.00000000E-03  -1.3124262416E+02 +-    1.4954058253E+00   
v coulomb                      5.00000000E-03   7.7432014834E-01 +-    2.5089450701E-03   
v external                     5.00000000E-03   0.0000000000E+00 +-    0.0000000000E+00   
tni 2pipr-anticomm             5.00000000E-03   0.0000000000E+00 +-    0.0000000000E+00   
tni vd1pr                      5.00000000E-03   0.0000000000E+00 +-    0.0000000000E+00   
tni vepr                       5.00000000E-03   0.0000000000E+00 +-    0.0000000000E+00   
tni central                    5.00000000E-03   0.0000000000E+00 +-    0.0000000000E+00   
tni 2pixx-anticommutator       5.00000000E-03   0.0000000000E+00 +-    0.0000000000E+00   
tni 2pixd-anticommutator       5.00000000E-03   0.0000000000E+00 +-    0.0000000000E+00   
tni 2pidd-anticommutator       5.00000000E-03   0.0000000000E+00 +-    0.0000000000E+00   
tni 2pixx-commutator           5.00000000E-03   0.0000000000E+00 +-    0.0000000000E+00   
tni 2pixd-commutator           5.00000000E-03   0.0000000000E+00 +-    0.0000000000E+00   
tni 2pidd-commutator           5.00000000E-03   0.0000000000E+00 +-    0.0000000000E+00   
tni 2pi-tm                     5.00000000E-03   0.0000000000E+00 +-    0.0000000000E+00   
tni vd1                        5.00000000E-03   0.0000000000E+00 +-    0.0000000000E+00   
tni vd2                        5.00000000E-03   0.0000000000E+00 +-    0.0000000000E+00   
tni ve                         5.00000000E-03   0.0000000000E+00 +-    0.0000000000E+00   
vpottot v8+tni                 5.00000000E-03  -1.3124262416E+02 +-    1.4954058253E+00   
enetot v8+tni                  5.00000000E-03  -2.5747017315E+01 +-    3.6043651102E-01   
vper cent                      5.00000000E-03   1.2630890299E+01 +-    1.2728134472E+00   
vper tau                       5.00000000E-03  -6.0733827919E+00 +-    1.7155909114E-01   
vper sigma                     5.00000000E-03  -9.7444604407E+00 +-    2.2253027688E-01   
vper sigtau                    5.00000000E-03  -6.4111340281E+01 +-    4.8807099818E-01   
vper tensor                    5.00000000E-03  -1.6839808845E-01 +-    9.4490498709E-02   
vper tenstau                   5.00000000E-03  -6.3775932858E+01 +-    8.3060819850E-01   
vper ls                        5.00000000E-03   0.0000000000E+00 +-    0.0000000000E+00   
vper lstau                     5.00000000E-03   0.0000000000E+00 +-    0.0000000000E+00   
vpotper v6                     5.00000000E-03  -1.3124262416E+02 +-    1.4954058253E+00   
vpotper v8                     5.00000000E-03  -1.3124262416E+02 +-    1.4954058253E+00   
vpotv6pr-vpotv6per diff        5.00000000E-03   0.0000000000E+00 +-    0.0000000000E+00   
vpotv8pr-vpotv8per diff        5.00000000E-03   0.0000000000E+00 +-    0.0000000000E+00   
2piapr-2pia diff               5.00000000E-03   0.0000000000E+00 +-    0.0000000000E+00   
vd1pr-vd1 diff                 5.00000000E-03   0.0000000000E+00 +-    0.0000000000E+00   
vepr-ve diff                   5.00000000E-03   0.0000000000E+00 +-    0.0000000000E+00   
diff1 2piapr-2pia-2picxx       5.00000000E-03   0.0000000000E+00 +-    0.0000000000E+00   
diff2 vd1pr-vd1-2picxd         5.00000000E-03   0.0000000000E+00 +-    0.0000000000E+00   
diff3 vepr-ve-2picdd           5.00000000E-03   0.0000000000E+00 +-    0.0000000000E+00   
sum diff1+dif2+diff3           5.00000000E-03   0.0000000000E+00 +-    0.0000000000E+00   
proton rms                     5.00000000E-03   2.0262915941E+00 +-    1.3077577650E-02   
neutron rms                    5.00000000E-03   1.9785795184E+00 +-    1.1627688317E-02   
total rms                      5.00000000E-03   2.0005344682E+00 +-    1.1242915045E-02   
neutron-proton rms             5.00000000E-03  -4.7712075694E-02 +-    1.0256961436E-02   
GT sigXtau+                    5.00000000E-03   1.3267156083E-04 +-    1.8467465836E-05   
GT sigYtau+                    5.00000000E-03   2.8602875472E-05 +-    2.3875617445E-05   
GT sigZtau+                    5.00000000E-03   1.0917500897E-04 +-    2.3076233143E-05   
GT sigXtau-                    5.00000000E-03  -2.2989624533E-04 +-    2.0697267480E-05   
GT sigYtau-                    5.00000000E-03  -1.2950026483E-04 +-    2.3307291624E-05   
GT sigZtau-                    5.00000000E-03   2.8289912649E-05 +-    2.2978547067E-05   
F tau+                         5.00000000E-03  -8.4260955607E-20 +-    3.7277603554E-20   
F tau-                         5.00000000E-03  -4.1737178167E-20 +-    3.9458475288E-20   
Psi**2                         5.00000000E-03   2.9322028455E-05 +-    6.2382487430E-07   
single crossing/step           5.00000000E-03   6.8770529985E-03 +-    3.9764581083E-05   
global crossing/step           5.00000000E-03   6.8038928602E-03 +-    7.9107917261E-05   
energy numerator(real)         5.00000000E-03  -1.6703877528E+01 +-    8.7088638653E-01   
denominator psit/psigi(real)   5.00000000E-03   6.4760747992E-01 +-    1.2592276991E-02   
energy numerator(aimag)        5.00000000E-03   7.6547766380E-01 +-    6.0267151386E-01   
denominator psit/psigi(aimag)  5.00000000E-03   1.6334973169E-02 +-    8.4901627260E-03   
growth(lin dt) energy          5.00000000E-03  -2.0181048137E+02 +-    4.9881449892E+00   
growth(global) energy          5.00000000E-03  -1.8537428588E+02 +-    1.0358661186E+01
growth energy                  5.00000000E-03  -2.0169108984E+02 +-    4.9756679418E+00
Time for propagation (sec) (min) =          21.561      0.359
Time for energies (sec) (min) =              0.763      0.013
Time for load balancing (sec) (min) =        0.029      0.000
Time for block (sec) (min) =                22.920      0.382
Time for operators (sec) (min) =             0.023      0.000
Elapsed block time (sec) (min) =            43.848      0.731
 
 walkers multiplicity, block, total
   0          46614          84006
   1         999002        1891505
   2          45948          85007
   3            253            442
   4             44             72
   5             10             29
   6              6             11
   7              2              5
   8              3              3
   9              1              3
 
 

iteration =                               3
walker number =                       10792
total energy-propagated        7.50000000E-03  -2.5360624810E+01 +-    4.1299770747E-01   
kinetic energy                 7.50000000E-03   9.8783237668E+01 +-    1.5860142539E+00   
potential energy               7.50000000E-03  -1.2414386248E+02 +-    1.6923741192E+00   
im energy                      7.50000000E-03   4.5756861304E-01 +-    2.4570649873E-01   
imkin energy                   7.50000000E-03   6.8024516517E-01 +-    5.4794297114E-01   
impot energy                   7.50000000E-03  -2.2267655213E-01 +-    6.5100342585E-01   
v cent                         7.50000000E-03   1.7034190603E+01 +-    1.4265518904E+00   
v tau                          7.50000000E-03  -4.4919203157E+00 +-    2.8251116447E-01   
v sigma                        7.50000000E-03  -1.3509076044E+01 +-    3.1009271137E-01   
v sigtau                       7.50000000E-03  -6.6420228756E+01 +-    4.7499686954E-01   
v tensor                       7.50000000E-03  -2.0409650693E-01 +-    1.7340635478E-01   
v tenstau                      7.50000000E-03  -5.6552731459E+01 +-    1.1599694196E+00   
v ls                           7.50000000E-03   0.0000000000E+00 +-    0.0000000000E+00   
v lstau                        7.50000000E-03   0.0000000000E+00 +-    0.0000000000E+00   
vpot v6                        7.50000000E-03  -1.2414386248E+02 +-    1.6923741192E+00   
vpot v8                        7.50000000E-03  -1.2414386248E+02 +-    1.6923741192E+00   
v coulomb                      7.50000000E-03   8.4238452518E-01 +-    1.9629816112E-03   
v external                     7.50000000E-03   0.0000000000E+00 +-    0.0000000000E+00   
tni 2pipr-anticomm             7.50000000E-03   0.0000000000E+00 +-    0.0000000000E+00   
tni vd1pr                      7.50000000E-03   0.0000000000E+00 +-    0.0000000000E+00   
tni vepr                       7.50000000E-03   0.0000000000E+00 +-    0.0000000000E+00   
tni central                    7.50000000E-03   0.0000000000E+00 +-    0.0000000000E+00   
tni 2pixx-anticommutator       7.50000000E-03   0.0000000000E+00 +-    0.0000000000E+00   
tni 2pixd-anticommutator       7.50000000E-03   0.0000000000E+00 +-    0.0000000000E+00   
tni 2pidd-anticommutator       7.50000000E-03   0.0000000000E+00 +-    0.0000000000E+00   
tni 2pixx-commutator           7.50000000E-03   0.0000000000E+00 +-    0.0000000000E+00   
tni 2pixd-commutator           7.50000000E-03   0.0000000000E+00 +-    0.0000000000E+00   
tni 2pidd-commutator           7.50000000E-03   0.0000000000E+00 +-    0.0000000000E+00   
tni 2pi-tm                     7.50000000E-03   0.0000000000E+00 +-    0.0000000000E+00   
tni vd1                        7.50000000E-03   0.0000000000E+00 +-    0.0000000000E+00   
tni vd2                        7.50000000E-03   0.0000000000E+00 +-    0.0000000000E+00   
tni ve                         7.50000000E-03   0.0000000000E+00 +-    0.0000000000E+00   
vpottot v8+tni                 7.50000000E-03  -1.2414386248E+02 +-    1.6923741192E+00   
enetot v8+tni                  7.50000000E-03  -2.5360624810E+01 +-    4.1299770747E-01   
vper cent                      7.50000000E-03   1.7034190603E+01 +-    1.4265518904E+00   
vper tau                       7.50000000E-03  -4.4919203157E+00 +-    2.8251116447E-01   
vper sigma                     7.50000000E-03  -1.3509076044E+01 +-    3.1009271137E-01   
vper sigtau                    7.50000000E-03  -6.6420228756E+01 +-    4.7499686954E-01   
vper tensor                    7.50000000E-03  -2.0409650693E-01 +-    1.7340635478E-01   
vper tenstau                   7.50000000E-03  -5.6552731459E+01 +-    1.1599694196E+00   
vper ls                        7.50000000E-03   0.0000000000E+00 +-    0.0000000000E+00   
vper lstau                     7.50000000E-03   0.0000000000E+00 +-    0.0000000000E+00   
vpotper v6                     7.50000000E-03  -1.2414386248E+02 +-    1.6923741192E+00   
vpotper v8                     7.50000000E-03  -1.2414386248E+02 +-    1.6923741192E+00   
vpotv6pr-vpotv6per diff        7.50000000E-03   0.0000000000E+00 +-    0.0000000000E+00   
vpotv8pr-vpotv8per diff        7.50000000E-03   0.0000000000E+00 +-    0.0000000000E+00   
2piapr-2pia diff               7.50000000E-03   0.0000000000E+00 +-    0.0000000000E+00   
vd1pr-vd1 diff                 7.50000000E-03   0.0000000000E+00 +-    0.0000000000E+00   
vepr-ve diff                   7.50000000E-03   0.0000000000E+00 +-    0.0000000000E+00   
diff1 2piapr-2pia-2picxx       7.50000000E-03   0.0000000000E+00 +-    0.0000000000E+00   
diff2 vd1pr-vd1-2picxd         7.50000000E-03   0.0000000000E+00 +-    0.0000000000E+00   
diff3 vepr-ve-2picdd           7.50000000E-03   0.0000000000E+00 +-    0.0000000000E+00   
sum diff1+dif2+diff3           7.50000000E-03   0.0000000000E+00 +-    0.0000000000E+00   
proton rms                     7.50000000E-03   2.0283242447E+00 +-    1.3191657262E-02   
neutron rms                    7.50000000E-03   2.0325654427E+00 +-    1.2920680683E-02   
total rms                      7.50000000E-03   2.0229020833E+00 +-    1.1692440369E-02   
neutron-proton rms             7.50000000E-03   4.2411980618E-03 +-    1.1638795877E-02   
GT sigXtau+                    7.50000000E-03   2.8770432666E-05 +-    2.1218182496E-05   
GT sigYtau+                    7.50000000E-03   1.4245018689E-04 +-    2.3285436870E-05   
GT sigZtau+                    7.50000000E-03  -6.5626096312E-05 +-    2.1228997948E-05   
GT sigXtau-                    7.50000000E-03  -2.3207353150E-04 +-    2.4767403278E-05   
GT sigYtau-                    7.50000000E-03   2.2529462314E-04 +-    2.1598514858E-05   
GT sigZtau-                    7.50000000E-03  -6.1831016189E-05 +-    2.2535632099E-05   
F tau+                         7.50000000E-03  -1.0315277715E-19 +-    4.1301489143E-20   
F tau-                         7.50000000E-03   3.5369988129E-21 +-    4.3098981016E-20   
Psi**2                         7.50000000E-03   2.2086604256E-05 +-    5.7562877699E-07   
single crossing/step           7.50000000E-03   7.7147788160E-03 +-    4.1982421778E-05   
global crossing/step           7.50000000E-03   7.5342730684E-03 +-    8.2984296998E-05   
energy numerator(real)         7.50000000E-03  -9.5479301312E+00 +-    9.0618186390E-01   
denominator psit/psigi(real)   7.50000000E-03   3.7695587257E-01 +-    1.3375155576E-02   
energy numerator(aimag)        7.50000000E-03   7.0255713877E-01 +-    6.1313741478E-01   
denominator psit/psigi(aimag)  7.50000000E-03  -9.9930929657E-03 +-    8.9709163533E-03   
growth(lin dt) energy          7.50000000E-03  -2.4437201554E+02 +-    5.5418837551E+00   
growth(global) energy          7.50000000E-03  -2.5282849802E+02 +-    1.1103181907E+01
growth energy                  7.50000000E-03  -2.4412628648E+02 +-    5.5221224404E+00
Time for propagation (sec) (min) =          21.686      0.361
Time for energies (sec) (min) =              0.757      0.013
Time for load balancing (sec) (min) =        0.032      0.001
Time for block (sec) (min) =                22.983      0.383
Time for operators (sec) (min) =             0.017      0.000
Elapsed block time (sec) (min) =            66.848      1.114
 
 walkers multiplicity, block, total
   0          51192         135198
   1        1008337        2899842
   2          49923         134930
   3            385            827
   4             51            123
   5             18             47
   6              7             18
   7              7             12
   8              3              6
   9              1              4
  10              2              2
  11              2              2
  12              1              1
  14              1              1
  19              1              1
 
 

iteration =                               4
walker number =                       10935
total energy-propagated        1.00000000E-02  -2.7289247962E+01 +-    4.3761613117E-01   
kinetic energy                 1.00000000E-02   1.2622039058E+02 +-    1.6360808659E+00   
potential energy               1.00000000E-02  -1.5350963855E+02 +-    1.5601377631E+00   
im energy                      1.00000000E-02  -1.4177387646E+00 +-    3.1332793615E-01   
imkin energy                   1.00000000E-02  -2.9245547677E+00 +-    5.8596061039E-01   
impot energy                   1.00000000E-02   1.5068160030E+00 +-    5.5061814143E-01   
v cent                         1.00000000E-02   2.9683200610E+01 +-    1.5234361321E+00   
v tau                          1.00000000E-02  -1.4401851008E+01 +-    3.9134713630E-01   
v sigma                        1.00000000E-02  -6.5291517616E+00 +-    3.5331905399E-01   
v sigtau                       1.00000000E-02  -7.0208325793E+01 +-    6.0934797142E-01   
v tensor                       1.00000000E-02   3.5241984749E+00 +-    2.1376532531E-01   
v tenstau                      1.00000000E-02  -9.5577709068E+01 +-    1.2613628553E+00   
v ls                           1.00000000E-02   0.0000000000E+00 +-    0.0000000000E+00   
v lstau                        1.00000000E-02   0.0000000000E+00 +-    0.0000000000E+00   
vpot v6                        1.00000000E-02  -1.5350963855E+02 +-    1.5601377631E+00   
vpot v8                        1.00000000E-02  -1.5350963855E+02 +-    1.5601377631E+00   
v coulomb                      1.00000000E-02   8.4782175182E-01 +-    3.0156116033E-03   
v external                     1.00000000E-02   0.0000000000E+00 +-    0.0000000000E+00   
tni 2pipr-anticomm             1.00000000E-02   0.0000000000E+00 +-    0.0000000000E+00   
tni vd1pr                      1.00000000E-02   0.0000000000E+00 +-    0.0000000000E+00   
tni vepr                       1.00000000E-02   0.0000000000E+00 +-    0.0000000000E+00   
tni central                    1.00000000E-02   0.0000000000E+00 +-    0.0000000000E+00   
tni 2pixx-anticommutator       1.00000000E-02   0.0000000000E+00 +-    0.0000000000E+00   
tni 2pixd-anticommutator       1.00000000E-02   0.0000000000E+00 +-    0.0000000000E+00   
tni 2pidd-anticommutator       1.00000000E-02   0.0000000000E+00 +-    0.0000000000E+00   
tni 2pixx-commutator           1.00000000E-02   0.0000000000E+00 +-    0.0000000000E+00   
tni 2pixd-commutator           1.00000000E-02   0.0000000000E+00 +-    0.0000000000E+00   
tni 2pidd-commutator           1.00000000E-02   0.0000000000E+00 +-    0.0000000000E+00   
tni 2pi-tm                     1.00000000E-02   0.0000000000E+00 +-    0.0000000000E+00   
tni vd1                        1.00000000E-02   0.0000000000E+00 +-    0.0000000000E+00   
tni vd2                        1.00000000E-02   0.0000000000E+00 +-    0.0000000000E+00   
tni ve                         1.00000000E-02   0.0000000000E+00 +-    0.0000000000E+00   
vpottot v8+tni                 1.00000000E-02  -1.5350963855E+02 +-    1.5601377631E+00   
enetot v8+tni                  1.00000000E-02  -2.7289247962E+01 +-    4.3761613117E-01   
vper cent                      1.00000000E-02   2.9683200610E+01 +-    1.5234361321E+00   
vper tau                       1.00000000E-02  -1.4401851008E+01 +-    3.9134713630E-01   
vper sigma                     1.00000000E-02  -6.5291517616E+00 +-    3.5331905399E-01   
vper sigtau                    1.00000000E-02  -7.0208325793E+01 +-    6.0934797142E-01   
vper tensor                    1.00000000E-02   3.5241984749E+00 +-    2.1376532531E-01   
vper tenstau                   1.00000000E-02  -9.5577709068E+01 +-    1.2613628553E+00   
vper ls                        1.00000000E-02   0.0000000000E+00 +-    0.0000000000E+00   
vper lstau                     1.00000000E-02   0.0000000000E+00 +-    0.0000000000E+00   
vpotper v6                     1.00000000E-02  -1.5350963855E+02 +-    1.5601377631E+00   
vpotper v8                     1.00000000E-02  -1.5350963855E+02 +-    1.5601377631E+00   
vpotv6pr-vpotv6per diff        1.00000000E-02   0.0000000000E+00 +-    0.0000000000E+00   
vpotv8pr-vpotv8per diff        1.00000000E-02   0.0000000000E+00 +-    0.0000000000E+00   
2piapr-2pia diff               1.00000000E-02   0.0000000000E+00 +-    0.0000000000E+00   
vd1pr-vd1 diff                 1.00000000E-02   0.0000000000E+00 +-    0.0000000000E+00   
vepr-ve diff                   1.00000000E-02   0.0000000000E+00 +-    0.0000000000E+00   
diff1 2piapr-2pia-2picxx       1.00000000E-02   0.0000000000E+00 +-    0.0000000000E+00   
diff2 vd1pr-vd1-2picxd         1.00000000E-02   0.0000000000E+00 +-    0.0000000000E+00   
diff3 vepr-ve-2picdd           1.00000000E-02   0.0000000000E+00 +-    0.0000000000E+00   
sum diff1+dif2+diff3           1.00000000E-02   0.0000000000E+00 +-    0.0000000000E+00   
proton rms                     1.00000000E-02   1.8348297212E+00 +-    1.2367856387E-02   
neutron rms                    1.00000000E-02   2.1109624290E+00 +-    1.4749296659E-02   
total rms                      1.00000000E-02   1.9578248192E+00 +-    1.1200254036E-02   
neutron-proton rms             1.00000000E-02   2.7613270773E-01 +-    1.5013657020E-02   
GT sigXtau+                    1.00000000E-02  -1.0267350303E-04 +-    2.4059960857E-05   
GT sigYtau+                    1.00000000E-02   5.7672343081E-04 +-    2.8983722417E-05   
GT sigZtau+                    1.00000000E-02   9.3089318199E-05 +-    2.7697705780E-05   
GT sigXtau-                    1.00000000E-02  -2.0961549702E-04 +-    2.5464976468E-05   
GT sigYtau-                    1.00000000E-02  -5.1942332668E-04 +-    2.7676515707E-05   
GT sigZtau-                    1.00000000E-02   2.8799571808E-05 +-    2.4612770764E-05   
F tau+                         1.00000000E-02   3.2918452855E-19 +-    4.6732896818E-20   
F tau-                         1.00000000E-02  -3.6139095162E-20 +-    1.0470624496E-19   
Psi**2                         1.00000000E-02   2.8109330711E-05 +-    7.2220045817E-07   
single crossing/step           1.00000000E-02   8.0003812948E-03 +-    4.2441124058E-05   
global crossing/step           1.00000000E-02   7.8301604162E-03 +-    8.3981594913E-05   
energy numerator(real)         1.00000000E-02  -7.2714281313E+00 +-    9.6035558309E-01   
denominator psit/psigi(real)   1.00000000E-02   2.7096279283E-01 +-    1.3564764050E-02   
energy numerator(aimag)        1.00000000E-02   1.9198994213E+00 +-    7.0875314883E-01   
denominator psit/psigi(aimag)  1.00000000E-02  -3.9260601946E-02 +-    9.2237944490E-03   
growth(lin dt) energy          1.00000000E-02  -2.6875421850E+02 +-    5.8737354388E+00   
growth(global) energy          1.00000000E-02  -2.5813615643E+02 +-    1.1809604925E+01
growth energy                  1.00000000E-02  -2.6841584791E+02 +-    5.8492139233E+00
Time for propagation (sec) (min) =          22.009      0.367
Time for energies (sec) (min) =              0.768      0.013
Time for load balancing (sec) (min) =        0.028      0.000
Time for block (sec) (min) =                23.344      0.389
Time for operators (sec) (min) =             0.025      0.000
Elapsed block time (sec) (min) =            90.226      1.504
 
 walkers multiplicity, block, total
   0          55174         190372
   1        1016096        3915938
   2          53688         188618
   3            507           1334
   4             87            210
   5             34             81
   6             12             30
   7              4             16
   8              4             10
   9              4              8
  10              2              4
  11              2              4
  12              1              2
  13              1              1
  14              1              2
  19              0              1
 
 

iteration =                               5
walker number =                       11271
total energy-propagated        1.25000000E-02  -2.8503002321E+01 +-    4.1771180038E-01   
kinetic energy                 1.25000000E-02   2.7459881732E+01 +-    1.7586138818E+00   
potential energy               1.25000000E-02  -5.5962884053E+01 +-    1.8587344894E+00   
im energy                      1.25000000E-02   8.3314921665E+00 +-    3.5913629565E-01   
imkin energy                   1.25000000E-02  -7.6649055822E-01 +-    9.3552815276E-01   
impot energy                   1.25000000E-02   9.0979827247E+00 +-    7.0389666177E-01   
v cent                         1.25000000E-02   3.0014446767E+01 +-    1.7650153369E+00   
v tau                          1.25000000E-02  -1.9982405087E+00 +-    3.1127591854E-01   
v sigma                        1.25000000E-02  -1.0390823813E+01 +-    3.0932033511E-01   
v sigtau                       1.25000000E-02  -4.0520460628E+01 +-    3.4379257725E-01   
v tensor                       1.25000000E-02  -2.0894759666E+00 +-    2.4333324863E-01   
v tenstau                      1.25000000E-02  -3.0978329904E+01 +-    1.3048780492E+00   
v ls                           1.25000000E-02   0.0000000000E+00 +-    0.0000000000E+00   
v lstau                        1.25000000E-02   0.0000000000E+00 +-    0.0000000000E+00   
vpot v6                        1.25000000E-02  -5.5962884053E+01 +-    1.8587344894E+00   
vpot v8                        1.25000000E-02  -5.5962884053E+01 +-    1.8587344894E+00   
v coulomb                      1.25000000E-02   8.6331215188E-01 +-    2.4816321834E-03   
v external                     1.25000000E-02   0.0000000000E+00 +-    0.0000000000E+00   
tni 2pipr-anticomm             1.25000000E-02   0.0000000000E+00 +-    0.0000000000E+00   
tni vd1pr                      1.25000000E-02   0.0000000000E+00 +-    0.0000000000E+00   
tni vepr                       1.25000000E-02   0.0000000000E+00 +-    0.0000000000E+00   
tni central                    1.25000000E-02   0.0000000000E+00 +-    0.0000000000E+00   
tni 2pixx-anticommutator       1.25000000E-02   0.0000000000E+00 +-    0.0000000000E+00   
tni 2pixd-anticommutator       1.25000000E-02   0.0000000000E+00 +-    0.0000000000E+00   
tni 2pidd-anticommutator       1.25000000E-02   0.0000000000E+00 +-    0.0000000000E+00   
tni 2pixx-commutator           1.25000000E-02   0.0000000000E+00 +-    0.0000000000E+00   
tni 2pixd-commutator           1.25000000E-02   0.0000000000E+00 +-    0.0000000000E+00   
tni 2pidd-commutator           1.25000000E-02   0.0000000000E+00 +-    0.0000000000E+00   
tni 2pi-tm                     1.25000000E-02   0.0000000000E+00 +-    0.0000000000E+00   
tni vd1                        1.25000000E-02   0.0000000000E+00 +-    0.0000000000E+00   
tni vd2                        1.25000000E-02   0.0000000000E+00 +-    0.0000000000E+00   
tni ve                         1.25000000E-02   0.0000000000E+00 +-    0.0000000000E+00   
vpottot v8+tni                 1.25000000E-02  -5.5962884053E+01 +-    1.8587344894E+00   
enetot v8+tni                  1.25000000E-02  -2.8503002321E+01 +-    4.1771180038E-01   
vper cent                      1.25000000E-02   3.0014446767E+01 +-    1.7650153369E+00   
vper tau                       1.25000000E-02  -1.9982405087E+00 +-    3.1127591854E-01   
vper sigma                     1.25000000E-02  -1.0390823813E+01 +-    3.0932033511E-01   
vper sigtau                    1.25000000E-02  -4.0520460628E+01 +-    3.4379257725E-01   
vper tensor                    1.25000000E-02  -2.0894759666E+00 +-    2.4333324863E-01   
vper tenstau                   1.25000000E-02  -3.0978329904E+01 +-    1.3048780492E+00   
vper ls                        1.25000000E-02   0.0000000000E+00 +-    0.0000000000E+00   
vper lstau                     1.25000000E-02   0.0000000000E+00 +-    0.0000000000E+00   
vpotper v6                     1.25000000E-02  -5.5962884053E+01 +-    1.8587344894E+00   
vpotper v8                     1.25000000E-02  -5.5962884053E+01 +-    1.8587344894E+00   
vpotv6pr-vpotv6per diff        1.25000000E-02   0.0000000000E+00 +-    0.0000000000E+00   
vpotv8pr-vpotv8per diff        1.25000000E-02   0.0000000000E+00 +-    0.0000000000E+00   
2piapr-2pia diff               1.25000000E-02   0.0000000000E+00 +-    0.0000000000E+00   
vd1pr-vd1 diff                 1.25000000E-02   0.0000000000E+00 +-    0.0000000000E+00   
vepr-ve diff                   1.25000000E-02   0.0000000000E+00 +-    0.0000000000E+00   
diff1 2piapr-2pia-2picxx       1.25000000E-02   0.0000000000E+00 +-    0.0000000000E+00   
diff2 vd1pr-vd1-2picxd         1.25000000E-02   0.0000000000E+00 +-    0.0000000000E+00   
diff3 vepr-ve-2picdd           1.25000000E-02   0.0000000000E+00 +-    0.0000000000E+00   
sum diff1+dif2+diff3           1.25000000E-02   0.0000000000E+00 +-    0.0000000000E+00   
proton rms                     1.25000000E-02   2.2586164277E+00 +-    1.5147880043E-02   
neutron rms                    1.25000000E-02   2.6970480695E+00 +-    1.1742689641E-02   
total rms                      1.25000000E-02   2.4730872553E+00 +-    1.1190028521E-02   
neutron-proton rms             1.25000000E-02   4.3843164173E-01 +-    1.5313341361E-02   
GT sigXtau+                    1.25000000E-02  -6.0202944463E-04 +-    1.3278137395E-05   
GT sigYtau+                    1.25000000E-02   6.7028209735E-05 +-    2.0221901209E-05   
GT sigZtau+                    1.25000000E-02   8.4833376472E-04 +-    1.5174703599E-05   
GT sigXtau-                    1.25000000E-02  -1.0430014378E-03 +-    2.1696268943E-05   
GT sigYtau-                    1.25000000E-02   2.7118962855E-04 +-    2.1459289976E-05   
GT sigZtau-                    1.25000000E-02  -1.0369253247E-03 +-    1.7660495771E-05   
F tau+                         1.25000000E-02  -2.3294724116E-19 +-    3.0546419110E-20   
F tau-                         1.25000000E-02   3.2632239201E-21 +-    5.6829963974E-20   
Psi**2                         1.25000000E-02   1.7448649816E-06 +-    6.5379542678E-07   
single crossing/step           1.25000000E-02   7.8366315989E-03 +-    4.2115795834E-05   
global crossing/step           1.25000000E-02   7.6532171891E-03 +-    8.3247739543E-05   
energy numerator(real)         1.25000000E-02  -3.4530103192E+00 +-    8.8408448992E-01   
denominator psit/psigi(real)   1.25000000E-02   1.2273021348E-01 +-    1.3313482665E-02   
energy numerator(aimag)        1.25000000E-02   8.2767818039E-01 +-    6.3470858173E-01   
denominator psit/psigi(aimag)  1.25000000E-02  -1.0480257745E-02 +-    9.3185082716E-03   
growth(lin dt) energy          1.25000000E-02  -2.5571840283E+02 +-    5.7501621551E+00   
growth(global) energy          1.25000000E-02  -2.6659618582E+02 +-    9.5494388887E+00
growth energy                  1.25000000E-02  -2.5543139741E+02 +-    5.7280242842E+00
Time for propagation (sec) (min) =          21.896      0.365
Time for energies (sec) (min) =              0.791      0.013
Time for load balancing (sec) (min) =        0.032      0.001
Time for block (sec) (min) =                23.213      0.387
Time for operators (sec) (min) =             0.025      0.000
Elapsed block time (sec) (min) =           113.465      1.891
 
 walkers multiplicity, block, total
   0          54616         244988
   1        1011209        4927147
   2          53592         242210
   3            456           1790
   4             66            276
   5             28            109
   6              9             39
   7              4             20
   8              1             11
   9              1              9
  10              0              4
  11              0              4
  12              1              3
  13              2              3
  14              0              2
  19              0              1
  20              1              1
 
 

iteration =                               6
walker number =                       11283
total energy-propagated        1.50000000E-02  -2.1869255112E+01 +-    4.7419572952E-01   
kinetic energy                 1.50000000E-02   4.5884803614E+01 +-    2.7359897101E+00   
potential energy               1.50000000E-02  -6.7754058725E+01 +-    2.6012037632E+00   
im energy                      1.50000000E-02   1.6600075317E+00 +-    4.5506744664E-01   
imkin energy                   1.50000000E-02  -1.1574734626E+01 +-    5.7034239915E-01   
impot energy                   1.50000000E-02   1.3234742158E+01 +-    3.2662647919E-01   
v cent                         1.50000000E-02   7.0288181494E+01 +-    2.4358664046E+00   
v tau                          1.50000000E-02  -1.5964263040E+01 +-    2.2586666346E-01   
v sigma                        1.50000000E-02  -1.8944886193E+00 +-    2.1039702853E-01   
v sigtau                       1.50000000E-02  -5.1275444280E+01 +-    6.0410261865E-01   
v tensor                       1.50000000E-02  -1.2889874072E+00 +-    1.8651458650E-01   
v tenstau                      1.50000000E-02  -6.7619056873E+01 +-    1.1353092157E+00   
v ls                           1.50000000E-02   0.0000000000E+00 +-    0.0000000000E+00   
v lstau                        1.50000000E-02   0.0000000000E+00 +-    0.0000000000E+00   
vpot v6                        1.50000000E-02  -6.7754058725E+01 +-    2.6012037632E+00   
vpot v8                        1.50000000E-02  -6.7754058725E+01 +-    2.6012037632E+00   
v coulomb                      1.50000000E-02   9.5232614466E-01 +-    4.4285131031E-03   
v external                     1.50000000E-02   0.0000000000E+00 +-    0.0000000000E+00   
tni 2pipr-anticomm             1.50000000E-02   0.0000000000E+00 +-    0.0000000000E+00   
tni vd1pr                      1.50000000E-02   0.0000000000E+00 +-    0.0000000000E+00   
tni vepr                       1.50000000E-02   0.0000000000E+00 +-    0.0000000000E+00   
tni central                    1.50000000E-02   0.0000000000E+00 +-    0.0000000000E+00   
tni 2pixx-anticommutator       1.50000000E-02   0.0000000000E+00 +-    0.0000000000E+00   
tni 2pixd-anticommutator       1.50000000E-02   0.0000000000E+00 +-    0.0000000000E+00   
tni 2pidd-anticommutator       1.50000000E-02   0.0000000000E+00 +-    0.0000000000E+00   
tni 2pixx-commutator           1.50000000E-02   0.0000000000E+00 +-    0.0000000000E+00   
tni 2pixd-commutator           1.50000000E-02   0.0000000000E+00 +-    0.0000000000E+00   
tni 2pidd-commutator           1.50000000E-02   0.0000000000E+00 +-    0.0000000000E+00   
tni 2pi-tm                     1.50000000E-02   0.0000000000E+00 +-    0.0000000000E+00   
tni vd1                        1.50000000E-02   0.0000000000E+00 +-    0.0000000000E+00   
tni vd2                        1.50000000E-02   0.0000000000E+00 +-    0.0000000000E+00   
tni ve                         1.50000000E-02   0.0000000000E+00 +-    0.0000000000E+00   
vpottot v8+tni                 1.50000000E-02  -6.7754058725E+01 +-    2.6012037632E+00   
enetot v8+tni                  1.50000000E-02  -2.1869255112E+01 +-    4.7419572952E-01   
vper cent                      1.50000000E-02   7.0288181494E+01 +-    2.4358664046E+00   
vper tau                       1.50000000E-02  -1.5964263040E+01 +-    2.2586666346E-01   
vper sigma                     1.50000000E-02  -1.8944886193E+00 +-    2.1039702853E-01   
vper sigtau                    1.50000000E-02  -5.1275444280E+01 +-    6.0410261865E-01   
vper tensor                    1.50000000E-02  -1.2889874072E+00 +-    1.8651458650E-01   
vper tenstau                   1.50000000E-02  -6.7619056873E+01 +-    1.1353092157E+00   
vper ls                        1.50000000E-02   0.0000000000E+00 +-    0.0000000000E+00   
vper lstau                     1.50000000E-02   0.0000000000E+00 +-    0.0000000000E+00   
vpotper v6                     1.50000000E-02  -6.7754058725E+01 +-    2.6012037632E+00   
vpotper v8                     1.50000000E-02  -6.7754058725E+01 +-    2.6012037632E+00   
vpotv6pr-vpotv6per diff        1.50000000E-02   0.0000000000E+00 +-    0.0000000000E+00   
vpotv8pr-vpotv8per diff        1.50000000E-02   0.0000000000E+00 +-    0.0000000000E+00   
2piapr-2pia diff               1.50000000E-02   0.0000000000E+00 +-    0.0000000000E+00   
vd1pr-vd1 diff                 1.50000000E-02   0.0000000000E+00 +-    0.0000000000E+00   
vepr-ve diff                   1.50000000E-02   0.0000000000E+00 +-    0.0000000000E+00   
diff1 2piapr-2pia-2picxx       1.50000000E-02   0.0000000000E+00 +-    0.0000000000E+00   
diff2 vd1pr-vd1-2picxd         1.50000000E-02   0.0000000000E+00 +-    0.0000000000E+00   
diff3 vepr-ve-2picdd           1.50000000E-02   0.0000000000E+00 +-    0.0000000000E+00   
sum diff1+dif2+diff3           1.50000000E-02   0.0000000000E+00 +-    0.0000000000E+00   
proton rms                     1.50000000E-02   1.9455680930E+00 +-    1.5633070257E-02   
neutron rms                    1.50000000E-02   2.9093202810E+00 +-    1.4112951438E-02   
total rms                      1.50000000E-02   2.4398724104E+00 +-    1.3782187227E-02   
neutron-proton rms             1.50000000E-02   9.6375218800E-01 +-    1.1377680351E-02   
GT sigXtau+                    1.50000000E-02  -5.3060448423E-04 +-    1.8983181684E-05   
GT sigYtau+                    1.50000000E-02   1.0380350487E-04 +-    2.4944098093E-05   
GT sigZtau+                    1.50000000E-02   4.3593179386E-04 +-    2.0225444259E-05   
GT sigXtau-                    1.50000000E-02   7.1423789255E-05 +-    6.7363638988E-06   
GT sigYtau-                    1.50000000E-02   3.7348695774E-04 +-    1.8706062528E-05   
GT sigZtau-                    1.50000000E-02   1.9615254755E-04 +-    1.7462410719E-05   
F tau+                         1.50000000E-02  -1.7565068231E-19 +-    4.1555800524E-20   
F tau-                         1.50000000E-02  -4.3148071971E-20 +-    5.4776431654E-20   
Psi**2                         1.50000000E-02   1.3871026726E-05 +-    5.4236980116E-07   
single crossing/step           1.50000000E-02   8.0760691309E-03 +-    4.2680272953E-05   
global crossing/step           1.50000000E-02   7.9550963644E-03 +-    8.4723984782E-05   
energy numerator(real)         1.50000000E-02  -2.2426133351E+00 +-    8.1771326463E-01   
denominator psit/psigi(real)   1.50000000E-02   1.0191245091E-01 +-    1.3704717203E-02   
energy numerator(aimag)        1.50000000E-02  -4.5052439492E-02 +-    5.8021685740E-01   
denominator psit/psigi(aimag)  1.50000000E-02   9.1336242509E-03 +-    9.5475305195E-03   
growth(lin dt) energy          1.50000000E-02  -2.4683871216E+02 +-    5.6822912769E+00   
growth(global) energy          1.50000000E-02  -2.5091350751E+02 +-    1.2156302634E+01
growth energy                  1.50000000E-02  -2.4658428147E+02 +-    5.6616714989E+00
Time for propagation (sec) (min) =          21.964      0.366
Time for energies (sec) (min) =              0.792      0.013
Time for load balancing (sec) (min) =        0.031      0.001
Time for block (sec) (min) =                23.304      0.388
Time for operators (sec) (min) =             0.026      0.000
Elapsed block time (sec) (min) =           136.803      2.280
 
 walkers multiplicity, block, total
   0          54792         299780
   1        1014595        5941742
   2          53563         295773
   3            398           2188
   4             78            354
   5             27            136
   6              9             48
   7              2             22
   8              2             13
   9              0              9
  10              0              4
  11              0              4
  12              0              3
  13              0              3
  14              1              3
  19              0              1
  20              1              2
 
 

iteration =                               7
walker number =                       11364
total energy-propagated        1.75000000E-02  -3.7788690636E+01 +-    1.2104835004E+00   
kinetic energy                 1.75000000E-02   2.2384668965E+02 +-    3.5205778572E+00   
potential energy               1.75000000E-02  -2.6163538028E+02 +-    4.5376666926E+00   
im energy                      1.75000000E-02   4.6560828749E+00 +-    8.2832443793E-01   
imkin energy                   1.75000000E-02   8.5822509864E+00 +-    1.3364019127E+00   
impot energy                   1.75000000E-02  -3.9261681115E+00 +-    1.7477469822E+00   
v cent                         1.75000000E-02  -8.7198577614E+01 +-    2.6473414903E+00   
v tau                          1.75000000E-02   6.0242243026E+00 +-    1.0858026265E+00   
v sigma                        1.75000000E-02  -1.9019854415E+01 +-    8.2548048295E-01   
v sigtau                       1.75000000E-02  -9.5699820603E+01 +-    8.2556201847E-01   
v tensor                       1.75000000E-02  -1.2081853077E+01 +-    1.2616266758E+00   
v tenstau                      1.75000000E-02  -5.3659498878E+01 +-    5.6046434901E+00   
v ls                           1.75000000E-02   0.0000000000E+00 +-    0.0000000000E+00   
v lstau                        1.75000000E-02   0.0000000000E+00 +-    0.0000000000E+00   
vpot v6                        1.75000000E-02  -2.6163538028E+02 +-    4.5376666926E+00   
vpot v8                        1.75000000E-02  -2.6163538028E+02 +-    4.5376666926E+00   
v coulomb                      1.75000000E-02   1.1546295497E+00 +-    4.9900264655E-03   
v external                     1.75000000E-02   0.0000000000E+00 +-    0.0000000000E+00   
tni 2pipr-anticomm             1.75000000E-02   0.0000000000E+00 +-    0.0000000000E+00   
tni vd1pr                      1.75000000E-02   0.0000000000E+00 +-    0.0000000000E+00   
tni vepr                       1.75000000E-02   0.0000000000E+00 +-    0.0000000000E+00   
tni central                    1.75000000E-02   0.0000000000E+00 +-    0.0000000000E+00   
tni 2pixx-anticommutator       1.75000000E-02   0.0000000000E+00 +-    0.0000000000E+00   
tni 2pixd-anticommutator       1.75000000E-02   0.0000000000E+00 +-    0.0000000000E+00   
tni 2pidd-anticommutator       1.75000000E-02   0.0000000000E+00 +-    0.0000000000E+00   
tni 2pixx-commutator           1.75000000E-02   0.0000000000E+00 +-    0.0000000000E+00   
tni 2pixd-commutator           1.75000000E-02   0.0000000000E+00 +-    0.0000000000E+00   
tni 2pidd-commutator           1.75000000E-02   0.0000000000E+00 +-    0.0000000000E+00   
tni 2pi-tm                     1.75000000E-02   0.0000000000E+00 +-    0.0000000000E+00   
tni vd1                        1.75000000E-02   0.0000000000E+00 +-    0.0000000000E+00   
tni vd2                        1.75000000E-02   0.0000000000E+00 +-    0.0000000000E+00   
tni ve                         1.75000000E-02   0.0000000000E+00 +-    0.0000000000E+00   
vpottot v8+tni                 1.75000000E-02  -2.6163538028E+02 +-    4.5376666926E+00   
enetot v8+tni                  1.75000000E-02  -3.7788690636E+01 +-    1.2104835004E+00   
vper cent                      1.75000000E-02  -8.7198577614E+01 +-    2.6473414903E+00   
vper tau                       1.75000000E-02   6.0242243026E+00 +-    1.0858026265E+00   
vper sigma                     1.75000000E-02  -1.9019854415E+01 +-    8.2548048295E-01   
vper sigtau                    1.75000000E-02  -9.5699820603E+01 +-    8.2556201847E-01   
vper tensor                    1.75000000E-02  -1.2081853077E+01 +-    1.2616266758E+00   
vper tenstau                   1.75000000E-02  -5.3659498878E+01 +-    5.6046434901E+00   
vper ls                        1.75000000E-02   0.0000000000E+00 +-    0.0000000000E+00   
vper lstau                     1.75000000E-02   0.0000000000E+00 +-    0.0000000000E+00   
vpotper v6                     1.75000000E-02  -2.6163538028E+02 +-    4.5376666926E+00   
vpotper v8                     1.75000000E-02  -2.6163538028E+02 +-    4.5376666926E+00   
vpotv6pr-vpotv6per diff        1.75000000E-02   0.0000000000E+00 +-    0.0000000000E+00   
vpotv8pr-vpotv8per diff        1.75000000E-02   0.0000000000E+00 +-    0.0000000000E+00   
2piapr-2pia diff               1.75000000E-02   0.0000000000E+00 +-    0.0000000000E+00   
vd1pr-vd1 diff                 1.75000000E-02   0.0000000000E+00 +-    0.0000000000E+00   
vepr-ve diff                   1.75000000E-02   0.0000000000E+00 +-    0.0000000000E+00   
diff1 2piapr-2pia-2picxx       1.75000000E-02   0.0000000000E+00 +-    0.0000000000E+00   
diff2 vd1pr-vd1-2picxd         1.75000000E-02   0.0000000000E+00 +-    0.0000000000E+00   
diff3 vepr-ve-2picdd           1.75000000E-02   0.0000000000E+00 +-    0.0000000000E+00   
sum diff1+dif2+diff3           1.75000000E-02   0.0000000000E+00 +-    0.0000000000E+00   
proton rms                     1.75000000E-02   1.3211027254E+00 +-    1.5656182357E-02   
neutron rms                    1.75000000E-02   2.2745897238E+00 +-    1.8979228156E-02   
total rms                      1.75000000E-02   1.7878553146E+00 +-    1.5511108031E-02   
neutron-proton rms             1.75000000E-02   9.5348699848E-01 +-    1.4917694014E-02   
GT sigXtau+                    1.75000000E-02  -1.7997463162E-04 +-    3.4599013247E-05   
GT sigYtau+                    1.75000000E-02  -1.1148572233E-03 +-    4.6267358699E-05   
GT sigZtau+                    1.75000000E-02  -4.7646089573E-04 +-    4.6593398046E-05   
GT sigXtau-                    1.75000000E-02   2.5386685110E-04 +-    3.3379638992E-05   
GT sigYtau-                    1.75000000E-02   1.1187618900E-04 +-    4.7273602162E-05   
GT sigZtau-                    1.75000000E-02   1.1627142955E-03 +-    3.9042169048E-05   
F tau+                         1.75000000E-02  -4.9353649956E-19 +-    7.2704911988E-20   
F tau-                         1.75000000E-02   1.2744786235E-18 +-    6.9936026299E-20   
Psi**2                         1.75000000E-02   6.7465072737E-05 +-    1.4916265800E-06   
single crossing/step           1.75000000E-02   8.1508942163E-03 +-    4.2948501887E-05   
global crossing/step           1.75000000E-02   8.0258609045E-03 +-    8.5241007306E-05   
energy numerator(real)         1.75000000E-02  -2.6922586818E+00 +-    9.3414553389E-01   
denominator psit/psigi(real)   1.75000000E-02   6.8811922597E-02 +-    1.3266091506E-02   
energy numerator(aimag)        1.75000000E-02   1.3406376300E-01 +-    6.0774862409E-01   
denominator psit/psigi(aimag)  1.75000000E-02   1.1286672742E-02 +-    9.1708986328E-03   
growth(lin dt) energy          1.75000000E-02  -2.4978845002E+02 +-    5.6596054268E+00   
growth(global) energy          1.75000000E-02  -2.5163159812E+02 +-    1.1257978462E+01
growth energy                  1.75000000E-02  -2.4952341541E+02 +-    5.6386552589E+00
Time for propagation (sec) (min) =          21.888      0.365
Time for energies (sec) (min) =              0.798      0.013
Time for load balancing (sec) (min) =        0.028      0.000
Time for block (sec) (min) =                23.169      0.386
Time for operators (sec) (min) =             0.030      0.000
Elapsed block time (sec) (min) =           160.002      2.667
 
 walkers multiplicity, block, total
   0          55016         354796
   1        1010361        6952103
   2          53880         349653
   3            408           2596
   4             69            423
   5             20            156
   6              6             54
   7              3             25
   8              1             14
   9              2             11
  10              3              7
  11              0              4
  12              0              3
  13              0              3
  14              0              3
  17              1              1
  19              0              1
  20              0              2
 
 

iteration =                               8
walker number =                       10811
total energy-propagated        2.00000000E-02  -2.8222239246E+01 +-    1.0674196493E+00   
kinetic energy                 2.00000000E-02   1.7603024180E+02 +-    2.8448115371E+00   
potential energy               2.00000000E-02  -2.0425248105E+02 +-    2.5216772651E+00   
im energy                      2.00000000E-02  -5.2212776564E+00 +-    6.9138759327E-01   
imkin energy                   2.00000000E-02   5.0584088461E+00 +-    1.2151575961E+00   
impot energy                   2.00000000E-02  -1.0279686502E+01 +-    1.1246467643E+00   
v cent                         2.00000000E-02   6.6978833874E+01 +-    2.6473258912E+00   
v tau                          2.00000000E-02  -3.1975317011E+01 +-    4.3749822548E-01   
v sigma                        2.00000000E-02  -1.7660435625E+01 +-    6.7243471140E-01   
v sigtau                       2.00000000E-02  -1.2967838492E+02 +-    7.2734958682E-01   
v tensor                       2.00000000E-02   7.5615171871E+00 +-    3.7679819606E-01   
v tenstau                      2.00000000E-02  -9.9478694550E+01 +-    2.0752926401E+00   
v ls                           2.00000000E-02   0.0000000000E+00 +-    0.0000000000E+00   
v lstau                        2.00000000E-02   0.0000000000E+00 +-    0.0000000000E+00   
vpot v6                        2.00000000E-02  -2.0425248105E+02 +-    2.5216772651E+00   
vpot v8                        2.00000000E-02  -2.0425248105E+02 +-    2.5216772651E+00   
v coulomb                      2.00000000E-02   1.0756698560E+00 +-    8.3116646302E-03   
v external                     2.00000000E-02   0.0000000000E+00 +-    0.0000000000E+00   
tni 2pipr-anticomm             2.00000000E-02   0.0000000000E+00 +-    0.0000000000E+00   
tni vd1pr                      2.00000000E-02   0.0000000000E+00 +-    0.0000000000E+00   
tni vepr                       2.00000000E-02   0.0000000000E+00 +-    0.0000000000E+00   
tni central                    2.00000000E-02   0.0000000000E+00 +-    0.0000000000E+00   
tni 2pixx-anticommutator       2.00000000E-02   0.0000000000E+00 +-    0.0000000000E+00   
tni 2pixd-anticommutator       2.00000000E-02   0.0000000000E+00 +-    0.0000000000E+00   
tni 2pidd-anticommutator       2.00000000E-02   0.0000000000E+00 +-    0.0000000000E+00   
tni 2pixx-commutator           2.00000000E-02   0.0000000000E+00 +-    0.0000000000E+00   
tni 2pixd-commutator           2.00000000E-02   0.0000000000E+00 +-    0.0000000000E+00   
tni 2pidd-commutator           2.00000000E-02   0.0000000000E+00 +-    0.0000000000E+00   
tni 2pi-tm                     2.00000000E-02   0.0000000000E+00 +-    0.0000000000E+00   
tni vd1                        2.00000000E-02   0.0000000000E+00 +-    0.0000000000E+00   
tni vd2                        2.00000000E-02   0.0000000000E+00 +-    0.0000000000E+00   
tni ve                         2.00000000E-02   0.0000000000E+00 +-    0.0000000000E+00   
vpottot v8+tni                 2.00000000E-02  -2.0425248105E+02 +-    2.5216772651E+00   
enetot v8+tni                  2.00000000E-02  -2.8222239246E+01 +-    1.0674196493E+00   
vper cent                      2.00000000E-02   6.6978833874E+01 +-    2.6473258912E+00   
vper tau                       2.00000000E-02  -3.1975317011E+01 +-    4.3749822548E-01   
vper sigma                     2.00000000E-02  -1.7660435625E+01 +-    6.7243471140E-01   
vper sigtau                    2.00000000E-02  -1.2967838492E+02 +-    7.2734958682E-01   
vper tensor                    2.00000000E-02   7.5615171871E+00 +-    3.7679819606E-01   
vper tenstau                   2.00000000E-02  -9.9478694550E+01 +-    2.0752926401E+00   
vper ls                        2.00000000E-02   0.0000000000E+00 +-    0.0000000000E+00   
vper lstau                     2.00000000E-02   0.0000000000E+00 +-    0.0000000000E+00   
vpotper v6                     2.00000000E-02  -2.0425248105E+02 +-    2.5216772651E+00   
vpotper v8                     2.00000000E-02  -2.0425248105E+02 +-    2.5216772651E+00   
vpotv6pr-vpotv6per diff        2.00000000E-02   0.0000000000E+00 +-    0.0000000000E+00   
vpotv8pr-vpotv8per diff        2.00000000E-02   0.0000000000E+00 +-    0.0000000000E+00   
2piapr-2pia diff               2.00000000E-02   0.0000000000E+00 +-    0.0000000000E+00   
vd1pr-vd1 diff                 2.00000000E-02   0.0000000000E+00 +-    0.0000000000E+00   
vepr-ve diff                   2.00000000E-02   0.0000000000E+00 +-    0.0000000000E+00   
diff1 2piapr-2pia-2picxx       2.00000000E-02   0.0000000000E+00 +-    0.0000000000E+00   
diff2 vd1pr-vd1-2picxd         2.00000000E-02   0.0000000000E+00 +-    0.0000000000E+00   
diff3 vepr-ve-2picdd           2.00000000E-02   0.0000000000E+00 +-    0.0000000000E+00   
sum diff1+dif2+diff3           2.00000000E-02   0.0000000000E+00 +-    0.0000000000E+00   
proton rms                     2.00000000E-02   1.1691826976E+00 +-    9.1521044519E-03   
neutron rms                    2.00000000E-02   2.0879666887E+00 +-    2.2314414248E-02   
total rms                      2.00000000E-02   1.6514033135E+00 +-    1.7683669442E-02   
neutron-proton rms             2.00000000E-02   9.1878399104E-01 +-    8.7973301869E-03   
GT sigXtau+                    2.00000000E-02   3.6000588150E-04 +-    4.3038528068E-05   
GT sigYtau+                    2.00000000E-02  -2.1650569665E-04 +-    3.2772351945E-05   
GT sigZtau+                    2.00000000E-02  -2.5183829014E-03 +-    2.8056086918E-05   
GT sigXtau-                    2.00000000E-02   4.2771369593E-03 +-    4.1819165047E-05   
GT sigYtau-                    2.00000000E-02  -7.8877647809E-04 +-    1.3107323302E-05   
GT sigZtau-                    2.00000000E-02   1.4218055249E-03 +-    3.6984295789E-05   
F tau+                         2.00000000E-02   4.8684322638E-18 +-    4.9215060042E-20   
F tau-                         2.00000000E-02   2.0108903826E-19 +-    7.8334897369E-20   
Psi**2                         2.00000000E-02   1.1334233128E-04 +-    1.6459039491E-06   
single crossing/step           2.00000000E-02   7.3194386075E-03 +-    4.0960627453E-05   
global crossing/step           2.00000000E-02   7.1462548434E-03 +-    8.0953352785E-05   
energy numerator(real)         2.00000000E-02  -7.2924752137E-01 +-    8.7940768415E-01   
denominator psit/psigi(real)   2.00000000E-02   3.1505110750E-02 +-    1.3740735997E-02   
energy numerator(aimag)        2.00000000E-02   9.3150941500E-01 +-    6.3693928331E-01   
denominator psit/psigi(aimag)  2.00000000E-02  -2.6191029039E-02 +-    9.4911862794E-03   
growth(lin dt) energy          2.00000000E-02  -2.3975090576E+02 +-    5.5471504263E+00   
growth(global) energy          2.00000000E-02  -2.3435429682E+02 +-    1.1356294226E+01
growth energy                  2.00000000E-02  -2.3952107176E+02 +-    5.5280063299E+00
Time for propagation (sec) (min) =          21.633      0.361
Time for energies (sec) (min) =              0.759      0.013
Time for load balancing (sec) (min) =        0.028      0.000
Time for block (sec) (min) =                22.916      0.382
Time for operators (sec) (min) =             0.033      0.001
Elapsed block time (sec) (min) =           182.951      3.049
 
 walkers multiplicity, block, total
   0          53892         408688
   1        1000111        7952214
   2          52326         401979
   3            345           2941
   4             58            481
   5             10            166
   6              6             60
   7              6             31
   8              1             15
   9              2             13
  10              0              7
  11              2              6
  12              0              3
  13              0              3
  14              0              3
  17              0              1
  19              0              1
  20              0              2
 
 

iteration =                               9
walker number =                       10800
total energy-propagated        2.25000000E-02   2.6984992827E+00 +-    2.4825370939E+00   
kinetic energy                 2.25000000E-02   4.0302473175E+02 +-    3.8275688115E+00   
potential energy               2.25000000E-02  -4.0032623247E+02 +-    5.0345611599E+00   
im energy                      2.25000000E-02   3.1415196619E+01 +-    2.2274493843E+00   
imkin energy                   2.25000000E-02   5.5499727740E+01 +-    1.8103586157E+00   
impot energy                   2.25000000E-02  -2.4084531122E+01 +-    2.2119239923E+00   
v cent                         2.25000000E-02   1.6472151406E+01 +-    2.0671917119E+00   
v tau                          2.25000000E-02  -5.9780444719E+01 +-    1.8458346940E+00   
v sigma                        2.25000000E-02  -6.5834328915E+00 +-    8.9103014684E-01   
v sigtau                       2.25000000E-02  -1.7704045119E+02 +-    8.2182971483E-01   
v tensor                       2.25000000E-02   1.5185733533E+01 +-    7.7670918370E-01   
v tenstau                      2.25000000E-02  -1.8857978860E+02 +-    7.0422703079E+00   
v ls                           2.25000000E-02   0.0000000000E+00 +-    0.0000000000E+00   
v lstau                        2.25000000E-02   0.0000000000E+00 +-    0.0000000000E+00   
vpot v6                        2.25000000E-02  -4.0032623247E+02 +-    5.0345611599E+00   
vpot v8                        2.25000000E-02  -4.0032623247E+02 +-    5.0345611599E+00   
v coulomb                      2.25000000E-02   1.4583890384E+00 +-    5.9204326257E-03   
v external                     2.25000000E-02   0.0000000000E+00 +-    0.0000000000E+00   
tni 2pipr-anticomm             2.25000000E-02   0.0000000000E+00 +-    0.0000000000E+00   
tni vd1pr                      2.25000000E-02   0.0000000000E+00 +-    0.0000000000E+00   
tni vepr                       2.25000000E-02   0.0000000000E+00 +-    0.0000000000E+00   
tni central                    2.25000000E-02   0.0000000000E+00 +-    0.0000000000E+00   
tni 2pixx-anticommutator       2.25000000E-02   0.0000000000E+00 +-    0.0000000000E+00   
tni 2pixd-anticommutator       2.25000000E-02   0.0000000000E+00 +-    0.0000000000E+00   
tni 2pidd-anticommutator       2.25000000E-02   0.0000000000E+00 +-    0.0000000000E+00   
tni 2pixx-commutator           2.25000000E-02   0.0000000000E+00 +-    0.0000000000E+00   
tni 2pixd-commutator           2.25000000E-02   0.0000000000E+00 +-    0.0000000000E+00   
tni 2pidd-commutator           2.25000000E-02   0.0000000000E+00 +-    0.0000000000E+00   
tni 2pi-tm                     2.25000000E-02   0.0000000000E+00 +-    0.0000000000E+00   
tni vd1                        2.25000000E-02   0.0000000000E+00 +-    0.0000000000E+00   
tni vd2                        2.25000000E-02   0.0000000000E+00 +-    0.0000000000E+00   
tni ve                         2.25000000E-02   0.0000000000E+00 +-    0.0000000000E+00   
vpottot v8+tni                 2.25000000E-02  -4.0032623247E+02 +-    5.0345611599E+00   
enetot v8+tni                  2.25000000E-02   2.6984992827E+00 +-    2.4825370939E+00   
vper cent                      2.25000000E-02   1.6472151406E+01 +-    2.0671917119E+00   
vper tau                       2.25000000E-02  -5.9780444719E+01 +-    1.8458346940E+00   
vper sigma                     2.25000000E-02  -6.5834328915E+00 +-    8.9103014684E-01   
vper sigtau                    2.25000000E-02  -1.7704045119E+02 +-    8.2182971483E-01   
vper tensor                    2.25000000E-02   1.5185733533E+01 +-    7.7670918370E-01   
vper tenstau                   2.25000000E-02  -1.8857978860E+02 +-    7.0422703079E+00   
vper ls                        2.25000000E-02   0.0000000000E+00 +-    0.0000000000E+00   
vper lstau                     2.25000000E-02   0.0000000000E+00 +-    0.0000000000E+00   
vpotper v6                     2.25000000E-02  -4.0032623247E+02 +-    5.0345611599E+00   
vpotper v8                     2.25000000E-02  -4.0032623247E+02 +-    5.0345611599E+00   
vpotv6pr-vpotv6per diff        2.25000000E-02   0.0000000000E+00 +-    0.0000000000E+00   
vpotv8pr-vpotv8per diff        2.25000000E-02   0.0000000000E+00 +-    0.0000000000E+00   
2piapr-2pia diff               2.25000000E-02   0.0000000000E+00 +-    0.0000000000E+00   
vd1pr-vd1 diff                 2.25000000E-02   0.0000000000E+00 +-    0.0000000000E+00   
vepr-ve diff                   2.25000000E-02   0.0000000000E+00 +-    0.0000000000E+00   
diff1 2piapr-2pia-2picxx       2.25000000E-02   0.0000000000E+00 +-    0.0000000000E+00   
diff2 vd1pr-vd1-2picxd         2.25000000E-02   0.0000000000E+00 +-    0.0000000000E+00   
diff3 vepr-ve-2picdd           2.25000000E-02   0.0000000000E+00 +-    0.0000000000E+00   
sum diff1+dif2+diff3           2.25000000E-02   0.0000000000E+00 +-    0.0000000000E+00   
proton rms                     2.25000000E-02   1.4348735873E+00 +-    2.1810108854E-02   
neutron rms                    2.25000000E-02   1.4836878866E+00 +-    1.8924943775E-02   
total rms                      2.25000000E-02   1.4840320217E+00 +-    2.1113054297E-02   
neutron-proton rms             2.25000000E-02   4.8814299366E-02 +-    1.7961138801E-02   
GT sigXtau+                    2.25000000E-02   3.8569369446E-03 +-    3.9621601399E-05   
GT sigYtau+                    2.25000000E-02  -3.4882794514E-03 +-    3.5268454214E-05   
GT sigZtau+                    2.25000000E-02   2.0137173089E-03 +-    6.0235076298E-05   
GT sigXtau-                    2.25000000E-02   1.5307365357E-03 +-    3.3995779185E-05   
GT sigYtau-                    2.25000000E-02   3.9556599320E-05 +-    4.9551415322E-05   
GT sigZtau-                    2.25000000E-02   1.9135178468E-03 +-    4.9649477955E-05   
F tau+                         2.25000000E-02   1.5025465152E-18 +-    8.7011606021E-20   
F tau-                         2.25000000E-02  -2.0416161881E-18 +-    8.7519290936E-20   
Psi**2                         2.25000000E-02   1.3179698677E-04 +-    9.0098291299E-07   
single crossing/step           2.25000000E-02   7.8351648452E-03 +-    4.2153371512E-05   
global crossing/step           2.25000000E-02   7.6939042152E-03 +-    8.3549247895E-05   
energy numerator(real)         2.25000000E-02  -8.2536207279E-02 +-    9.7548255296E-01   
denominator psit/psigi(real)   2.25000000E-02   2.1364692255E-02 +-    1.3417808419E-02   
energy numerator(aimag)        2.25000000E-02   7.8108886682E-01 +-    7.1066327770E-01   
denominator psit/psigi(aimag)  2.25000000E-02   3.8866966838E-03 +-    9.1458833480E-03   
growth(lin dt) energy          2.25000000E-02  -2.5376014314E+02 +-    5.6908098793E+00   
growth(global) energy          2.25000000E-02  -2.5071983700E+02 +-    1.3518515553E+01
growth energy                  2.25000000E-02  -2.5348048968E+02 +-    5.6691811763E+00
Time for propagation (sec) (min) =          21.855      0.364
Time for energies (sec) (min) =              0.758      0.013
Time for load balancing (sec) (min) =        0.027      0.000
Time for block (sec) (min) =                23.124      0.385
Time for operators (sec) (min) =             0.025      0.000
Elapsed block time (sec) (min) =           206.109      3.435
 
 walkers multiplicity, block, total
   0          54854         463542
   1        1008767        8960981
   2          53694         455673
   3            382           3323
   4             58            539
   5             17            183
   6             11             71
   7              8             39
   8              2             17
   9              0             13
  10              1              8
  11              0              6
  12              0              3
  13              0              3
  14              0              3
  17              0              1
  18              1              1
  19              0              1
  20              0              2
 
 

iteration =                              10
walker number =                       10196
total energy-propagated        2.50000000E-02   8.9544893011E+00 +-    1.1017660590E+00   
kinetic energy                 2.50000000E-02   1.8585770352E+02 +-    3.5939968237E+00   
potential energy               2.50000000E-02  -1.7690321422E+02 +-    3.9458637115E+00   
im energy                      2.50000000E-02   2.2575113594E+00 +-    8.3141872597E-01   
imkin energy                   2.50000000E-02   3.9503713150E+01 +-    1.3520859789E+00   
impot energy                   2.50000000E-02  -3.7246201791E+01 +-    1.4032320081E+00   
v cent                         2.50000000E-02   1.4678922140E+02 +-    3.9429263087E+00   
v tau                          2.50000000E-02  -3.7672124715E+01 +-    7.1515992645E-01   
v sigma                        2.50000000E-02  -2.1712405543E+01 +-    6.0300861532E-01   
v sigtau                       2.50000000E-02  -1.7673275259E+02 +-    1.0705253045E+00   
v tensor                       2.50000000E-02   1.3828357880E+01 +-    1.0980216935E-01   
v tenstau                      2.50000000E-02  -1.0140351065E+02 +-    2.2761258077E+00   
v ls                           2.50000000E-02   0.0000000000E+00 +-    0.0000000000E+00   
v lstau                        2.50000000E-02   0.0000000000E+00 +-    0.0000000000E+00   
vpot v6                        2.50000000E-02  -1.7690321422E+02 +-    3.9458637115E+00   
vpot v8                        2.50000000E-02  -1.7690321422E+02 +-    3.9458637115E+00   
v coulomb                      2.50000000E-02   9.4890855875E-01 +-    6.2731253414E-03   
v external                     2.50000000E-02   0.0000000000E+00 +-    0.0000000000E+00   
tni 2pipr-anticomm             2.50000000E-02   0.0000000000E+00 +-    0.0000000000E+00   
tni vd1pr                      2.50000000E-02   0.0000000000E+00 +-    0.0000000000E+00   
tni vepr                       2.50000000E-02   0.0000000000E+00 +-    0.0000000000E+00   
tni central                    2.50000000E-02   0.0000000000E+00 +-    0.0000000000E+00   
tni 2pixx-anticommutator       2.50000000E-02   0.0000000000E+00 +-    0.0000000000E+00   
tni 2pixd-anticommutator       2.50000000E-02   0.0000000000E+00 +-    0.0000000000E+00   
tni 2pidd-anticommutator       2.50000000E-02   0.0000000000E+00 +-    0.0000000000E+00   
tni 2pixx-commutator           2.50000000E-02   0.0000000000E+00 +-    0.0000000000E+00   
tni 2pixd-commutator           2.50000000E-02   0.0000000000E+00 +-    0.0000000000E+00   
tni 2pidd-commutator           2.50000000E-02   0.0000000000E+00 +-    0.0000000000E+00   
tni 2pi-tm                     2.50000000E-02   0.0000000000E+00 +-    0.0000000000E+00   
tni vd1                        2.50000000E-02   0.0000000000E+00 +-    0.0000000000E+00   
tni vd2                        2.50000000E-02   0.0000000000E+00 +-    0.0000000000E+00   
tni ve                         2.50000000E-02   0.0000000000E+00 +-    0.0000000000E+00   
vpottot v8+tni                 2.50000000E-02  -1.7690321422E+02 +-    3.9458637115E+00   
enetot v8+tni                  2.50000000E-02   8.9544893011E+00 +-    1.1017660590E+00   
vper cent                      2.50000000E-02   1.4678922140E+02 +-    3.9429263087E+00   
vper tau                       2.50000000E-02  -3.7672124715E+01 +-    7.1515992645E-01   
vper sigma                     2.50000000E-02  -2.1712405543E+01 +-    6.0300861532E-01   
vper sigtau                    2.50000000E-02  -1.7673275259E+02 +-    1.0705253045E+00   
vper tensor                    2.50000000E-02   1.3828357880E+01 +-    1.0980216935E-01   
vper tenstau                   2.50000000E-02  -1.0140351065E+02 +-    2.2761258077E+00   
vper ls                        2.50000000E-02   0.0000000000E+00 +-    0.0000000000E+00   
vper lstau                     2.50000000E-02   0.0000000000E+00 +-    0.0000000000E+00   
vpotper v6                     2.50000000E-02  -1.7690321422E+02 +-    3.9458637115E+00   
vpotper v8                     2.50000000E-02  -1.7690321422E+02 +-    3.9458637115E+00   
vpotv6pr-vpotv6per diff        2.50000000E-02   0.0000000000E+00 +-    0.0000000000E+00   
vpotv8pr-vpotv8per diff        2.50000000E-02   0.0000000000E+00 +-    0.0000000000E+00   
2piapr-2pia diff               2.50000000E-02   0.0000000000E+00 +-    0.0000000000E+00   
vd1pr-vd1 diff                 2.50000000E-02   0.0000000000E+00 +-    0.0000000000E+00   
vepr-ve diff                   2.50000000E-02   0.0000000000E+00 +-    0.0000000000E+00   
diff1 2piapr-2pia-2picxx       2.50000000E-02   0.0000000000E+00 +-    0.0000000000E+00   
diff2 vd1pr-vd1-2picxd         2.50000000E-02   0.0000000000E+00 +-    0.0000000000E+00   
diff3 vepr-ve-2picdd           2.50000000E-02   0.0000000000E+00 +-    0.0000000000E+00   
sum diff1+dif2+diff3           2.50000000E-02   0.0000000000E+00 +-    0.0000000000E+00   
proton rms                     2.50000000E-02   1.2061224405E+00 +-    1.4684881227E-02   
neutron rms                    2.50000000E-02   9.5655350642E-01 +-    1.0777317688E-02   
total rms                      2.50000000E-02   1.0772472464E+00 +-    1.2795790273E-02   
neutron-proton rms             2.50000000E-02  -2.4956893412E-01 +-    9.4151285976E-03   
GT sigXtau+                    2.50000000E-02   8.5538097196E-04 +-    4.2688427584E-05   
GT sigYtau+                    2.50000000E-02   1.4134642065E-03 +-    7.5877659116E-05   
GT sigZtau+                    2.50000000E-02   4.5774820145E-04 +-    6.4387530006E-05   
GT sigXtau-                    2.50000000E-02  -8.9875541080E-04 +-    4.4049888336E-05   
GT sigYtau-                    2.50000000E-02  -3.1466142889E-03 +-    5.3704113861E-05   
GT sigZtau-                    2.50000000E-02   9.0378994369E-04 +-    6.6663036690E-05   
F tau+                         2.50000000E-02   3.6341307599E-18 +-    9.6878791169E-20   
F tau-                         2.50000000E-02  -7.4289075164E-19 +-    9.6368732583E-20   
Psi**2                         2.50000000E-02   1.4953576026E-04 +-    2.1263092646E-06   
single crossing/step           2.50000000E-02   7.9490443576E-03 +-    4.2040082581E-05   
global crossing/step           2.50000000E-02   7.7957471223E-03 +-    8.3271908753E-05   
energy numerator(real)         2.50000000E-02  -1.0534161018E+00 +-    8.8937499279E-01   
denominator psit/psigi(real)   2.50000000E-02   2.1486326663E-03 +-    1.4193758613E-02   
energy numerator(aimag)        2.50000000E-02   4.3015584899E-01 +-    6.0810538380E-01   
denominator psit/psigi(aimag)  2.50000000E-02   4.1894363694E-02 +-    9.6813146029E-03   
growth(lin dt) energy          2.50000000E-02  -2.4926639401E+02 +-    5.7376697866E+00   
growth(global) energy          2.50000000E-02  -2.2453808538E+02 +-    1.1570004303E+01
growth energy                  2.50000000E-02  -2.4900325185E+02 +-    5.7164994226E+00
Time for propagation (sec) (min) =          22.292      0.372
Time for energies (sec) (min) =              0.716      0.012
Time for load balancing (sec) (min) =        0.028      0.000
Time for block (sec) (min) =                23.549      0.392
Time for operators (sec) (min) =             0.024      0.000
Elapsed block time (sec) (min) =           229.682      3.828
 
 walkers multiplicity, block, total
   0          56820         520362
   1        1027270        9988251
   2          54868         510541
   3            423           3746
   4             75            614
   5             25            208
   6             16             87
   7              3             42
   8              3             20
   9              1             14
  10              3             11
  11              1              7
  12              0              3
  13              0              3
  14              1              4
  17              0              1
  18              0              1
  19              0              1
  20              0              2
 
 

Time for steps      =     229.691 seconds,        3.828 minutes
Master Time for steps =     229.559 seconds,        3.826 minutes

Number of cpus =       100
Total job time =     234.643 seconds,        3.911 minutes,        0.065 hours
Total cpu-time =     391.072 minutes,        6.518 hours
Total time =         234.446 seconds,        3.907 minutes,        0.065 hours
Finished!
