Unconstrained Diffusion Monte Carlo Run -- no drift
!-!-!-!-!-!-!-!-!-!-!-!-!-!-!-!-!-!-!-!-!-!-!-!-!-!
MPI parameters:
Number of boss cpus =                         100
Number of worker cpus for each boss =           0
Total number of cpus =                        100
Simulation parameters:
random number seed =                          321
hbar^2/2m =                              20.73554
start from sites =                              F
nwalk =                                     10000
equilibration blocks =                          0
averaging blocks =                             10
nsteps/blocks =                               100
time step =                          0.0000250000
time step rotations (vmc) =          0.1700000000
trial energy =                          -26.00000
drift cutoff =                            0.00000
drastic population control up =           1.20000
drastic population control down =         0.80000
rebalance if walkers fluctuate more than   2.00 %
weight cut off =                         20.00000
table size =                                 8000
!-!-!-!-!-!-!-!-!-!-!-!-!-!-!-!-!-!-!-!-!-!-!-!-!-!
System parameters:
lpot =                                         11
lpotper =                                      11
potential  =                          argonne v6'
potentialpr =                         argonne v6'
Coulomb included in energy-propagation          F
multiply central v by =                   1.00000
multiply tau v by =                       1.00000
multiply sigma v by =                     1.00000
multiply sigma tau v by =                 1.00000
multiply tensor v by =                    1.00000
multiply tensor tau v by =                1.00000
multiply spin-orbit v by =                0.00000
multiply spin-orbit tau v by =            0.00000
three-body potential =                        no3
ibox (0 is nearest image) =                     0
!-!-!-!-!-!-!-!-!-!-!-!-!-!-!-!-!-!-!-!-!-!-!-!-!-!
propagate LS =                                  F
calculate LS =                                  F
type of correlations =           independent pair
scale orbital   1 with factor    1.14000
determinant # 1
coefficient                     1.00000   0.00000
1  1  0  1  alpha.orb    # 2J,2M,L,tau radial_file for state                    
1 -1  0  1  alpha.orb    # 2J,2M,L,tau radial_file for state                    
1  1  0 -1  alpha.orb    # 2J,2M,L,tau radial_file for state                    
1 -1  0 -1  alpha.orb    # 2J,2M,L,tau radial_file for state                    
rescaled coefficient            1.00000   0.00000
!-!-!-!-!-!-!-!-!-!-!-!-!-!-!-!-!-!-!-!-!-!-!-!-!-!
No external potential
!-!-!-!-!-!-!-!-!-!-!-!-!-!-!-!-!-!-!-!-!-!-!-!-!-!
rcut in pair sampling =                   1.00000
acut in pair sampling =                   5.00000
a constant in psig =                      0.20000
Number of protons =                             2
Number of neutrons =                            2
range of the potential =                 20.00000
!-!-!-!-!-!-!-!-!-!-!-!-!-!-!-!-!-!-!-!-!-!-!-!-!-!
do V3 =                                         F
three body force =                            no3
three body a2piPwa =                      0.000000000000000
three body a2piPwc =                      0.000000000000000
three body a2piSw =                       0.000000000000000
three body Vd,C,c3 =                      0.000000000000000
three body Ve,C,c3 =                      0.000000000000000
three body A_R =                          0.000000000000000
three body Vd1 =                          0.000000000000000
three body Vd2 =                          0.000000000000000
three body Ve =                           0.000000000000000
propagator: multiply the antic by =       0.000000000000000
propagator: multiply the Vd1 by =         0.000000000000000
propagator: multiply the Ve by =          0.000000000000000
propagator: three body a2piPW =           0.000000000000000
!-!-!-!-!-!-!-!-!-!-!-!-!-!-!-!-!-!-!-!-!-!-!-!-!-!
jastrow healing distance dc =             4.47768
jastrow healing distance dtn =           11.57317
jastrow rho =                             0.01000
potential quencher acn (v1) =             1.50851
potential quencher at  (v2) =             6.06936
potential quencher as  (v3) =             2.76780
potential quencher ast (v4) =             0.80880
potential quencher atn (v5) =             0.61864
potential quencher atn (v6) =             0.20141
potential quencher als (v7) =             0.00000
potential quencher alst (v8) =            0.00000
correlation quencher bt (f2) =            0.26685
correlation quencher bs (f3) =           -0.10565
correlation quencher bst (f4) =           0.42277
correlation quencher btn (f5) =           1.08683
correlation quencher btn (f6) =           4.44810
correlation quencher bls (f7) =           0.00000
correlation quencher blst (f8) =          0.00000
!-!-!-!-!-!-!-!-!-!-!-!-!-!-!-!-!-!-!-!-!-!-!-!-!-!
q1c parameter in f3c =                   12.87526
q2c parameter in f3c =                    1.60340
q1p parameter in f3p =                   -1.81620
q2p parameter in f3p =                    2.14789
!-!-!-!-!-!-!-!-!-!-!-!-!-!-!-!-!-!-!-!-!-!-!-!-!-!
rscal parameter in Uijk cent =            1.00000
rscal parameter in Uijk xpi =             1.00000
rscal parameter in Uijk delta =           1.00000
eps_c parameter in Uijk =                 0.00000
eps_anti parameter in Uijk =              0.00000
eps_tm parameter in Uijk =                0.00000
eps_vd1 parameter in Uijk =               0.00000
eps_vd2 parameter in Uijk =               0.00000
eps_vdc3 parameter in Uijk =              0.00000
eps_vec3 parameter in Uijk =              0.00000
eps_ve parameter in Uijk =                0.00000
eps_comm parameter in Uijk =              0.00000
eps_comm-XD parameter in Uijk =           0.00000
eps_comm-DD parameter in Uijk =           0.00000
TNI-comm correlation included =                 F
!-!-!-!-!-!-!-!-!-!-!-!-!-!-!-!-!-!-!-!-!-!-!-!-!-!
CSB correlation rscalpp =                 1.00000
CSB correlation rscalnn =                 1.00000
CSB correlation quencher pp =             0.00000
CSB correlation quencher nn =             0.00000
CSB correlation included =                      F
!-!-!-!-!-!-!-!-!-!-!-!-!-!-!-!-!-!-!-!-!-!-!-!-!-!
jastrow initialized
!-!-!-!-!-!-!-!-!-!-!-!-!-!-!-!-!-!-!-!-!-!-!-!-!-!
Symmetrize V6 in the propagator =               T
New propagation of Vlstau and commutator included!
Coulomb included in energy (and propag)         F
Initial walkers from file
Number of walkers =                          8300
Configurations at tau =              1.9000000000
Reset tau =                          0.0000000000
!-!-!-!-!-!-!-!-!-!-!-!-!-!-!-!-!-!-!-!-!-!-!-!-!-!
Time for reading configurations (sec.) =       0.72
!-!-!-!-!-!-!-!-!-!-!-!-!-!-!-!-!-!-!-!-!-!-!-!-!-!
Initial configurations:
total energy-propagated        0.00000000E+00  -2.7023586902E+01 +-    3.8028176486E-01   
kinetic energy                 0.00000000E+00   1.0476247526E+02 +-    1.8343138964E+00   
potential energy               0.00000000E+00  -1.3178606217E+02 +-    1.7591161680E+00   
v cent                         0.00000000E+00   1.9819852105E+01 +-    1.6823819518E+00   
v tau                          0.00000000E+00  -7.8566124266E+00 +-    2.4555534669E-01   
v sigma                        0.00000000E+00  -8.5547096073E+00 +-    2.5894248578E-01   
v sigtau                       0.00000000E+00  -6.1193269596E+01 +-    5.7632723836E-01   
v tensor                       0.00000000E+00   5.5311899373E-01 +-    1.4244052761E-01   
v tenstau                      0.00000000E+00  -7.4554441635E+01 +-    1.0497022519E+00   
v ls                           0.00000000E+00   0.0000000000E+00 +-    0.0000000000E+00   
v lstau                        0.00000000E+00   0.0000000000E+00 +-    0.0000000000E+00   
v coulomb                      0.00000000E+00   7.4625753121E-01 +-    2.9553851449E-03   
v external                     0.00000000E+00   0.0000000000E+00 +-    0.0000000000E+00   
tni 2pipr-anticomm             0.00000000E+00   0.0000000000E+00 +-    0.0000000000E+00   
tni vd1pr                      0.00000000E+00   0.0000000000E+00 +-    0.0000000000E+00   
tni vepr                       0.00000000E+00   0.0000000000E+00 +-    0.0000000000E+00   
tni central                    0.00000000E+00   0.0000000000E+00 +-    0.0000000000E+00   
tni 2pixx-anticommutator       0.00000000E+00   0.0000000000E+00 +-    0.0000000000E+00   
tni 2pixd-anticommutator       0.00000000E+00   0.0000000000E+00 +-    0.0000000000E+00   
tni 2pidd-anticommutator       0.00000000E+00   0.0000000000E+00 +-    0.0000000000E+00   
tni 2pixx-commutator           0.00000000E+00   0.0000000000E+00 +-    0.0000000000E+00   
tni 2pixd-commutator           0.00000000E+00   0.0000000000E+00 +-    0.0000000000E+00   
tni 2pidd-commutator           0.00000000E+00   0.0000000000E+00 +-    0.0000000000E+00   
tni 2pi-tm                     0.00000000E+00   0.0000000000E+00 +-    0.0000000000E+00   
tni vd1                        0.00000000E+00   0.0000000000E+00 +-    0.0000000000E+00   
tni vd2                        0.00000000E+00   0.0000000000E+00 +-    0.0000000000E+00   
tni ve                         0.00000000E+00   0.0000000000E+00 +-    0.0000000000E+00   
enetot v8+tni                  0.00000000E+00  -2.7023586902E+01 +-    3.8028176486E-01   
!-!-!-!-!-!-!-!-!-!-!-!-!-!-!-!-!-!-!-!-!-!-!-!-!-!
Psi**2 of initial configurations  =   0.2765972E-04  0.0000000E+00  +-    0.7167148E-06  0.0000000E+00
Psig**2 of initial configurations =   0.1792649E-04  0.0000000E+00  +-    0.5455276E-06  0.0000000E+00
!-!-!-!-!-!-!-!-!-!-!-!-!-!-!-!-!-!-!-!-!-!-!-!-!-!
T**2 of initial configurations  =  -0.1772918E-07  0.1788033E-08
Tz of initial configurations    =   0.6362755E-14  0.2006145E-13
J**2 of initial configurations  =   0.2877062E-07  0.6015042E-09
Jz of initial configurations    =   0.6885067E-14 -0.7327958E-14
!-!-!-!-!-!-!-!-!-!-!-!-!-!-!-!-!-!-!-!-!-!-!-!-!-!
!-!-!-!-!-!-!-!-!-!-!-!-!-!-!-!-!-!-!-!-!-!-!-!-!-!
Time to process initial configurations (sec.) =       1.43
!-!-!-!-!-!-!-!-!-!-!-!-!-!-!-!-!-!-!-!-!-!-!-!-!-!

equilibration done

iteration =                               1
walker number =                       10660
total energy-propagated        2.50000000E-03  -2.5351306489E+01 +-    3.1224022247E-01   
kinetic energy                 2.50000000E-03   1.0309041693E+02 +-    1.6434053216E+00   
potential energy               2.50000000E-03  -1.2844172342E+02 +-    1.6478799589E+00   
im energy                      2.50000000E-03   3.2525974199E-01 +-    2.0062153835E-01   
imkin energy                   2.50000000E-03  -1.3941063243E-01 +-    4.2511097845E-01   
impot energy                   2.50000000E-03   4.6467037442E-01 +-    4.2631940517E-01   
v cent                         2.50000000E-03   2.1194836045E+01 +-    1.5127428057E+00   
v tau                          2.50000000E-03  -7.8401343619E+00 +-    2.1692232064E-01   
v sigma                        2.50000000E-03  -9.6701829917E+00 +-    2.3788212249E-01   
v sigtau                       2.50000000E-03  -6.2110097011E+01 +-    4.9886718965E-01   
v tensor                       2.50000000E-03   9.4497010083E-01 +-    1.2720674492E-01   
v tenstau                      2.50000000E-03  -7.0961115199E+01 +-    9.4382993102E-01   
v ls                           2.50000000E-03   0.0000000000E+00 +-    0.0000000000E+00   
v lstau                        2.50000000E-03   0.0000000000E+00 +-    0.0000000000E+00   
vpot v6                        2.50000000E-03  -1.2844172342E+02 +-    1.6478799589E+00   
vpot v8                        2.50000000E-03  -1.2844172342E+02 +-    1.6478799589E+00   
v coulomb                      2.50000000E-03   7.4125640840E-01 +-    2.5658311765E-03   
v external                     2.50000000E-03   0.0000000000E+00 +-    0.0000000000E+00   
tni 2pipr-anticomm             2.50000000E-03   0.0000000000E+00 +-    0.0000000000E+00   
tni vd1pr                      2.50000000E-03   0.0000000000E+00 +-    0.0000000000E+00   
tni vepr                       2.50000000E-03   0.0000000000E+00 +-    0.0000000000E+00   
tni central                    2.50000000E-03   0.0000000000E+00 +-    0.0000000000E+00   
tni 2pixx-anticommutator       2.50000000E-03   0.0000000000E+00 +-    0.0000000000E+00   
tni 2pixd-anticommutator       2.50000000E-03   0.0000000000E+00 +-    0.0000000000E+00   
tni 2pidd-anticommutator       2.50000000E-03   0.0000000000E+00 +-    0.0000000000E+00   
tni 2pixx-commutator           2.50000000E-03   0.0000000000E+00 +-    0.0000000000E+00   
tni 2pixd-commutator           2.50000000E-03   0.0000000000E+00 +-    0.0000000000E+00   
tni 2pidd-commutator           2.50000000E-03   0.0000000000E+00 +-    0.0000000000E+00   
tni 2pi-tm                     2.50000000E-03   0.0000000000E+00 +-    0.0000000000E+00   
tni vd1                        2.50000000E-03   0.0000000000E+00 +-    0.0000000000E+00   
tni vd2                        2.50000000E-03   0.0000000000E+00 +-    0.0000000000E+00   
tni ve                         2.50000000E-03   0.0000000000E+00 +-    0.0000000000E+00   
vpottot v8+tni                 2.50000000E-03  -1.2844172342E+02 +-    1.6478799589E+00   
enetot v8+tni                  2.50000000E-03  -2.5351306489E+01 +-    3.1224022247E-01   
vper cent                      2.50000000E-03   2.1194836045E+01 +-    1.5127428057E+00   
vper tau                       2.50000000E-03  -7.8401343619E+00 +-    2.1692232064E-01   
vper sigma                     2.50000000E-03  -9.6701829917E+00 +-    2.3788212249E-01   
vper sigtau                    2.50000000E-03  -6.2110097011E+01 +-    4.9886718965E-01   
vper tensor                    2.50000000E-03   9.4497010083E-01 +-    1.2720674492E-01   
vper tenstau                   2.50000000E-03  -7.0961115199E+01 +-    9.4382993102E-01   
vper ls                        2.50000000E-03   0.0000000000E+00 +-    0.0000000000E+00   
vper lstau                     2.50000000E-03   0.0000000000E+00 +-    0.0000000000E+00   
vpotper v6                     2.50000000E-03  -1.2844172342E+02 +-    1.6478799589E+00   
vpotper v8                     2.50000000E-03  -1.2844172342E+02 +-    1.6478799589E+00   
vpotv6pr-vpotv6per diff        2.50000000E-03   0.0000000000E+00 +-    0.0000000000E+00   
vpotv8pr-vpotv8per diff        2.50000000E-03   0.0000000000E+00 +-    0.0000000000E+00   
2piapr-2pia diff               2.50000000E-03   0.0000000000E+00 +-    0.0000000000E+00   
vd1pr-vd1 diff                 2.50000000E-03   0.0000000000E+00 +-    0.0000000000E+00   
vepr-ve diff                   2.50000000E-03   0.0000000000E+00 +-    0.0000000000E+00   
diff1 2piapr-2pia-2picxx       2.50000000E-03   0.0000000000E+00 +-    0.0000000000E+00   
diff2 vd1pr-vd1-2picxd         2.50000000E-03   0.0000000000E+00 +-    0.0000000000E+00   
diff3 vepr-ve-2picdd           2.50000000E-03   0.0000000000E+00 +-    0.0000000000E+00   
sum diff1+dif2+diff3           2.50000000E-03   0.0000000000E+00 +-    0.0000000000E+00   
proton rms                     2.50000000E-03   2.0938120332E+00 +-    1.2999588275E-02   
neutron rms                    2.50000000E-03   2.0271245433E+00 +-    1.1922083447E-02   
total rms                      2.50000000E-03   2.0601256977E+00 +-    1.1221498495E-02   
neutron-proton rms             2.50000000E-03  -6.6687489912E-02 +-    1.0838316779E-02   
GT sigXtau+                    2.50000000E-03  -2.5792636436E-05 +-    2.2163013892E-05   
GT sigYtau+                    2.50000000E-03  -7.6933859067E-06 +-    2.1641079655E-05   
GT sigZtau+                    2.50000000E-03   2.8206553867E-05 +-    2.1930426081E-05   
GT sigXtau-                    2.50000000E-03   7.7476540628E-06 +-    2.3863049066E-05   
GT sigYtau-                    2.50000000E-03  -5.8096194063E-05 +-    2.1972498359E-05   
GT sigZtau-                    2.50000000E-03   9.3532751208E-05 +-    2.1818953575E-05   
F tau+                         2.50000000E-03  -1.1283149495E-20 +-    4.2456849563E-20   
F tau-                         2.50000000E-03   6.9678542227E-20 +-    4.3746813590E-20   
Psi**2                         2.50000000E-03   2.6975866463E-05 +-    6.1010573491E-07   
single crossing/step           2.50000000E-03   8.5261882190E-03 +-    4.7233915141E-05   
global crossing/step           2.50000000E-03   8.3219144098E-03 +-    9.3338934642E-05   
energy numerator(real)         2.50000000E-03  -2.5835549784E+01 +-    7.0027826691E-01   
denominator psit/psigi(real)   2.50000000E-03   1.0195150145E+00 +-    1.0977018252E-02   
energy numerator(aimag)        2.50000000E-03   1.0418295443E+00 +-    4.9851325004E-01   
denominator psit/psigi(aimag)  2.50000000E-03  -2.1212218761E-02 +-    7.0313632532E-03   
growth(lin dt) energy          2.50000000E-03  -1.9471127895E+02 +-    5.0023154545E+00   
growth(global) energy          2.50000000E-03  -2.0428678407E+02 +-    1.2313929564E+01
growth energy                  2.50000000E-03  -1.9460857749E+02 +-    4.9906856119E+00
Time for propagation (sec) (min) =          18.909      0.315
Time for energies (sec) (min) =              0.748      0.012
Time for load balancing (sec) (min) =        0.067      0.001
Time for block (sec) (min) =                20.377      0.340
Time for operators (sec) (min) =             0.023      0.000
Elapsed block time (sec) (min) =            20.401      0.340
 
 walkers multiplicity, block, total
   0          36406          36406
   1         872366         872366
   2          38288          38288
   3            159            159
   4             19             19
   5             13             13
   6              2              2
   7              3              3
   8              0              0
   9              0              0
  12              1              1
  13              1              1
 
 

iteration =                               2
walker number =                       11125
total energy-propagated        5.00000000E-03  -2.7901418614E+01 +-    3.5563401740E-01   
kinetic energy                 5.00000000E-03   1.0596246337E+02 +-    1.6338259394E+00   
potential energy               5.00000000E-03  -1.3386388198E+02 +-    1.5477382474E+00   
im energy                      5.00000000E-03  -1.0624198327E-01 +-    2.2742811325E-01   
imkin energy                   5.00000000E-03   2.0427217485E+00 +-    4.9851275171E-01   
impot energy                   5.00000000E-03  -2.1489637318E+00 +-    4.4721746483E-01   
v cent                         5.00000000E-03   1.8743113807E+01 +-    1.4963400643E+00   
v tau                          5.00000000E-03  -8.6745587161E+00 +-    1.9963120251E-01   
v sigma                        5.00000000E-03  -8.3862786500E+00 +-    2.0373465451E-01   
v sigtau                       5.00000000E-03  -6.0881322326E+01 +-    4.7772476942E-01   
v tensor                       5.00000000E-03   7.8774027213E-01 +-    1.1807447431E-01   
v tenstau                      5.00000000E-03  -7.5452576370E+01 +-    8.6454614990E-01   
v ls                           5.00000000E-03   0.0000000000E+00 +-    0.0000000000E+00   
v lstau                        5.00000000E-03   0.0000000000E+00 +-    0.0000000000E+00   
vpot v6                        5.00000000E-03  -1.3386388198E+02 +-    1.5477382474E+00   
vpot v8                        5.00000000E-03  -1.3386388198E+02 +-    1.5477382474E+00   
v coulomb                      5.00000000E-03   7.3987069170E-01 +-    2.6070838372E-03   
v external                     5.00000000E-03   0.0000000000E+00 +-    0.0000000000E+00   
tni 2pipr-anticomm             5.00000000E-03   0.0000000000E+00 +-    0.0000000000E+00   
tni vd1pr                      5.00000000E-03   0.0000000000E+00 +-    0.0000000000E+00   
tni vepr                       5.00000000E-03   0.0000000000E+00 +-    0.0000000000E+00   
tni central                    5.00000000E-03   0.0000000000E+00 +-    0.0000000000E+00   
tni 2pixx-anticommutator       5.00000000E-03   0.0000000000E+00 +-    0.0000000000E+00   
tni 2pixd-anticommutator       5.00000000E-03   0.0000000000E+00 +-    0.0000000000E+00   
tni 2pidd-anticommutator       5.00000000E-03   0.0000000000E+00 +-    0.0000000000E+00   
tni 2pixx-commutator           5.00000000E-03   0.0000000000E+00 +-    0.0000000000E+00   
tni 2pixd-commutator           5.00000000E-03   0.0000000000E+00 +-    0.0000000000E+00   
tni 2pidd-commutator           5.00000000E-03   0.0000000000E+00 +-    0.0000000000E+00   
tni 2pi-tm                     5.00000000E-03   0.0000000000E+00 +-    0.0000000000E+00   
tni vd1                        5.00000000E-03   0.0000000000E+00 +-    0.0000000000E+00   
tni vd2                        5.00000000E-03   0.0000000000E+00 +-    0.0000000000E+00   
tni ve                         5.00000000E-03   0.0000000000E+00 +-    0.0000000000E+00   
vpottot v8+tni                 5.00000000E-03  -1.3386388198E+02 +-    1.5477382474E+00   
enetot v8+tni                  5.00000000E-03  -2.7901418614E+01 +-    3.5563401740E-01   
vper cent                      5.00000000E-03   1.8743113807E+01 +-    1.4963400643E+00   
vper tau                       5.00000000E-03  -8.6745587161E+00 +-    1.9963120251E-01   
vper sigma                     5.00000000E-03  -8.3862786500E+00 +-    2.0373465451E-01   
vper sigtau                    5.00000000E-03  -6.0881322326E+01 +-    4.7772476942E-01   
vper tensor                    5.00000000E-03   7.8774027213E-01 +-    1.1807447431E-01   
vper tenstau                   5.00000000E-03  -7.5452576370E+01 +-    8.6454614990E-01   
vper ls                        5.00000000E-03   0.0000000000E+00 +-    0.0000000000E+00   
vper lstau                     5.00000000E-03   0.0000000000E+00 +-    0.0000000000E+00   
vpotper v6                     5.00000000E-03  -1.3386388198E+02 +-    1.5477382474E+00   
vpotper v8                     5.00000000E-03  -1.3386388198E+02 +-    1.5477382474E+00   
vpotv6pr-vpotv6per diff        5.00000000E-03   0.0000000000E+00 +-    0.0000000000E+00   
vpotv8pr-vpotv8per diff        5.00000000E-03   0.0000000000E+00 +-    0.0000000000E+00   
2piapr-2pia diff               5.00000000E-03   0.0000000000E+00 +-    0.0000000000E+00   
vd1pr-vd1 diff                 5.00000000E-03   0.0000000000E+00 +-    0.0000000000E+00   
vepr-ve diff                   5.00000000E-03   0.0000000000E+00 +-    0.0000000000E+00   
diff1 2piapr-2pia-2picxx       5.00000000E-03   0.0000000000E+00 +-    0.0000000000E+00   
diff2 vd1pr-vd1-2picxd         5.00000000E-03   0.0000000000E+00 +-    0.0000000000E+00   
diff3 vepr-ve-2picdd           5.00000000E-03   0.0000000000E+00 +-    0.0000000000E+00   
sum diff1+dif2+diff3           5.00000000E-03   0.0000000000E+00 +-    0.0000000000E+00   
proton rms                     5.00000000E-03   2.1205756501E+00 +-    1.3583940844E-02   
neutron rms                    5.00000000E-03   2.0374857922E+00 +-    1.1727793048E-02   
total rms                      5.00000000E-03   2.0790549649E+00 +-    1.1464050787E-02   
neutron-proton rms             5.00000000E-03  -8.3089857904E-02 +-    1.1033406675E-02   
GT sigXtau+                    5.00000000E-03   3.1098302922E-05 +-    2.3011953228E-05   
GT sigYtau+                    5.00000000E-03   1.2443575508E-04 +-    2.2302308446E-05   
GT sigZtau+                    5.00000000E-03   2.3376856144E-05 +-    2.0938191830E-05   
GT sigXtau-                    5.00000000E-03  -4.8104726539E-05 +-    2.2528547389E-05   
GT sigYtau-                    5.00000000E-03  -6.4002815798E-05 +-    2.5078063189E-05   
GT sigZtau-                    5.00000000E-03   1.5200103942E-05 +-    2.4010209458E-05   
F tau+                         5.00000000E-03   4.0703996106E-20 +-    3.9828975622E-20   
F tau-                         5.00000000E-03   5.5016857810E-20 +-    3.9439120715E-20   
Psi**2                         5.00000000E-03   2.8453498332E-05 +-    5.5748064404E-07   
single crossing/step           5.00000000E-03   7.2891643759E-03 +-    4.0625557045E-05   
global crossing/step           5.00000000E-03   7.1445580109E-03 +-    8.0446983698E-05   
energy numerator(real)         5.00000000E-03  -1.8728883203E+01 +-    8.3209087985E-01   
denominator psit/psigi(real)   5.00000000E-03   6.7168997720E-01 +-    1.2495578643E-02   
energy numerator(aimag)        5.00000000E-03   1.3262231832E+00 +-    5.2980601283E-01   
denominator psit/psigi(aimag)  5.00000000E-03  -4.0217755831E-02 +-    8.1993519611E-03   
growth(lin dt) energy          5.00000000E-03  -2.0648967649E+02 +-    5.0365585265E+00   
growth(global) energy          5.00000000E-03  -1.9519785203E+02 +-    1.0588739672E+01
growth energy                  5.00000000E-03  -2.0635859867E+02 +-    5.0233711846E+00
Time for propagation (sec) (min) =          21.886      0.365
Time for energies (sec) (min) =              0.781      0.013
Time for load balancing (sec) (min) =        0.029      0.000
Time for block (sec) (min) =                23.243      0.387
Time for operators (sec) (min) =             0.024      0.000
Elapsed block time (sec) (min) =            43.688      0.728
 
 walkers multiplicity, block, total
   0          46935          83341
   1        1014261        1886627
   2          46598          84886
   3            260            419
   4             45             64
   5             13             26
   6              4              6
   7              3              6
   8              3              3
   9              0              0
  11              1              1
  12              1              2
  13              0              1
  16              1              1
 
 

iteration =                               3
walker number =                       10901
total energy-propagated        7.50000000E-03  -2.3790526298E+01 +-    1.8625538064E-01   
kinetic energy                 7.50000000E-03   1.0437714021E+02 +-    1.5680432087E+00   
potential energy               7.50000000E-03  -1.2816766650E+02 +-    1.5568934446E+00   
im energy                      7.50000000E-03   1.9574253601E+00 +-    1.4827946202E-01   
imkin energy                   7.50000000E-03  -1.4114217886E+00 +-    4.5277770859E-01   
impot energy                   7.50000000E-03   3.3688471487E+00 +-    3.7378182495E-01   
v cent                         7.50000000E-03   2.0493009319E+01 +-    1.5030135010E+00   
v tau                          7.50000000E-03  -9.5475108238E+00 +-    1.9982797156E-01   
v sigma                        7.50000000E-03  -5.9095290065E+00 +-    1.9172079371E-01   
v sigtau                       7.50000000E-03  -5.5320267430E+01 +-    4.5028811289E-01   
v tensor                       7.50000000E-03   1.2484018601E+00 +-    1.5321190828E-01   
v tenstau                      7.50000000E-03  -7.9131770423E+01 +-    9.2599514331E-01   
v ls                           7.50000000E-03   0.0000000000E+00 +-    0.0000000000E+00   
v lstau                        7.50000000E-03   0.0000000000E+00 +-    0.0000000000E+00   
vpot v6                        7.50000000E-03  -1.2816766650E+02 +-    1.5568934446E+00   
vpot v8                        7.50000000E-03  -1.2816766650E+02 +-    1.5568934446E+00   
v coulomb                      7.50000000E-03   7.0683704773E-01 +-    2.6038504959E-03   
v external                     7.50000000E-03   0.0000000000E+00 +-    0.0000000000E+00   
tni 2pipr-anticomm             7.50000000E-03   0.0000000000E+00 +-    0.0000000000E+00   
tni vd1pr                      7.50000000E-03   0.0000000000E+00 +-    0.0000000000E+00   
tni vepr                       7.50000000E-03   0.0000000000E+00 +-    0.0000000000E+00   
tni central                    7.50000000E-03   0.0000000000E+00 +-    0.0000000000E+00   
tni 2pixx-anticommutator       7.50000000E-03   0.0000000000E+00 +-    0.0000000000E+00   
tni 2pixd-anticommutator       7.50000000E-03   0.0000000000E+00 +-    0.0000000000E+00   
tni 2pidd-anticommutator       7.50000000E-03   0.0000000000E+00 +-    0.0000000000E+00   
tni 2pixx-commutator           7.50000000E-03   0.0000000000E+00 +-    0.0000000000E+00   
tni 2pixd-commutator           7.50000000E-03   0.0000000000E+00 +-    0.0000000000E+00   
tni 2pidd-commutator           7.50000000E-03   0.0000000000E+00 +-    0.0000000000E+00   
tni 2pi-tm                     7.50000000E-03   0.0000000000E+00 +-    0.0000000000E+00   
tni vd1                        7.50000000E-03   0.0000000000E+00 +-    0.0000000000E+00   
tni vd2                        7.50000000E-03   0.0000000000E+00 +-    0.0000000000E+00   
tni ve                         7.50000000E-03   0.0000000000E+00 +-    0.0000000000E+00   
vpottot v8+tni                 7.50000000E-03  -1.2816766650E+02 +-    1.5568934446E+00   
enetot v8+tni                  7.50000000E-03  -2.3790526298E+01 +-    1.8625538064E-01   
vper cent                      7.50000000E-03   2.0493009319E+01 +-    1.5030135010E+00   
vper tau                       7.50000000E-03  -9.5475108238E+00 +-    1.9982797156E-01   
vper sigma                     7.50000000E-03  -5.9095290065E+00 +-    1.9172079371E-01   
vper sigtau                    7.50000000E-03  -5.5320267430E+01 +-    4.5028811289E-01   
vper tensor                    7.50000000E-03   1.2484018601E+00 +-    1.5321190828E-01   
vper tenstau                   7.50000000E-03  -7.9131770423E+01 +-    9.2599514331E-01   
vper ls                        7.50000000E-03   0.0000000000E+00 +-    0.0000000000E+00   
vper lstau                     7.50000000E-03   0.0000000000E+00 +-    0.0000000000E+00   
vpotper v6                     7.50000000E-03  -1.2816766650E+02 +-    1.5568934446E+00   
vpotper v8                     7.50000000E-03  -1.2816766650E+02 +-    1.5568934446E+00   
vpotv6pr-vpotv6per diff        7.50000000E-03   0.0000000000E+00 +-    0.0000000000E+00   
vpotv8pr-vpotv8per diff        7.50000000E-03   0.0000000000E+00 +-    0.0000000000E+00   
2piapr-2pia diff               7.50000000E-03   0.0000000000E+00 +-    0.0000000000E+00   
vd1pr-vd1 diff                 7.50000000E-03   0.0000000000E+00 +-    0.0000000000E+00   
vepr-ve diff                   7.50000000E-03   0.0000000000E+00 +-    0.0000000000E+00   
diff1 2piapr-2pia-2picxx       7.50000000E-03   0.0000000000E+00 +-    0.0000000000E+00   
diff2 vd1pr-vd1-2picxd         7.50000000E-03   0.0000000000E+00 +-    0.0000000000E+00   
diff3 vepr-ve-2picdd           7.50000000E-03   0.0000000000E+00 +-    0.0000000000E+00   
sum diff1+dif2+diff3           7.50000000E-03   0.0000000000E+00 +-    0.0000000000E+00   
proton rms                     7.50000000E-03   2.2693103264E+00 +-    1.3966800917E-02   
neutron rms                    7.50000000E-03   2.0861470800E+00 +-    1.2201418460E-02   
total rms                      7.50000000E-03   2.1765310392E+00 +-    1.1784240452E-02   
neutron-proton rms             7.50000000E-03  -1.8316324648E-01 +-    1.1480855520E-02   
GT sigXtau+                    7.50000000E-03  -1.4118993920E-04 +-    2.2182343981E-05   
GT sigYtau+                    7.50000000E-03  -2.9941953550E-04 +-    2.6149897466E-05   
GT sigZtau+                    7.50000000E-03   2.5159812045E-04 +-    2.0783568829E-05   
GT sigXtau-                    7.50000000E-03  -2.1166760150E-04 +-    2.3190709223E-05   
GT sigYtau-                    7.50000000E-03   2.5733624372E-04 +-    2.3653368681E-05   
GT sigZtau-                    7.50000000E-03   8.1268269786E-05 +-    2.2239054172E-05   
F tau+                         7.50000000E-03  -1.6493949631E-19 +-    4.0104755953E-20   
F tau-                         7.50000000E-03   1.1449265625E-19 +-    4.3583555322E-20   
Psi**2                         7.50000000E-03   2.9456278242E-05 +-    8.0155273946E-07   
single crossing/step           7.50000000E-03   8.0415546885E-03 +-    4.2544155058E-05   
global crossing/step           7.50000000E-03   7.8691059988E-03 +-    8.4178335377E-05   
energy numerator(real)         7.50000000E-03  -9.1411161815E+00 +-    8.3290694067E-01   
denominator psit/psigi(real)   7.50000000E-03   3.8456841398E-01 +-    1.3397619554E-02   
energy numerator(aimag)        7.50000000E-03  -5.4070741402E-01 +-    5.7234100132E-01   
denominator psit/psigi(aimag)  7.50000000E-03   1.1934155659E-02 +-    8.8831019337E-03   
growth(lin dt) energy          7.50000000E-03  -2.5375424900E+02 +-    5.6064463408E+00   
growth(global) energy          7.50000000E-03  -2.4477574159E+02 +-    1.1143597459E+01
growth energy                  7.50000000E-03  -2.5347461753E+02 +-    5.5851449600E+00
Time for propagation (sec) (min) =          22.003      0.367
Time for energies (sec) (min) =              0.765      0.013
Time for load balancing (sec) (min) =        0.034      0.001
Time for block (sec) (min) =                23.302      0.388
Time for operators (sec) (min) =             0.021      0.000
Elapsed block time (sec) (min) =            67.011      1.117
 
 walkers multiplicity, block, total
   0          52836         136177
   1        1021146        2907773
   2          51320         136206
   3            406            825
   4             77            141
   5             23             49
   6             10             16
   7              2              8
   8              2              5
   9              1              1
  11              0              1
  12              1              3
  13              2              3
  16              0              1
  20              2              2
 
 

iteration =                               4
walker number =                       10884
total energy-propagated        1.00000000E-02  -2.3529550367E+01 +-    4.8238043542E-01   
kinetic energy                 1.00000000E-02   1.1349533255E+02 +-    1.2499834397E+00   
potential energy               1.00000000E-02  -1.3702488292E+02 +-    1.3199854476E+00   
im energy                      1.00000000E-02  -1.8945160237E+00 +-    4.1169741742E-01   
imkin energy                   1.00000000E-02   6.0633039146E-03 +-    9.6738574440E-01   
impot energy                   1.00000000E-02  -1.9005793276E+00 +-    6.4306489894E-01   
v cent                         1.00000000E-02  -5.6206130830E+00 +-    1.5362508155E+00   
v tau                          1.00000000E-02  -8.9852808570E-01 +-    3.5242132055E-01   
v sigma                        1.00000000E-02  -1.0511360574E+01 +-    4.5776905158E-01   
v sigtau                       1.00000000E-02  -5.3373987922E+01 +-    4.2575045997E-01   
v tensor                       1.00000000E-02  -2.8642145990E+00 +-    2.2199522400E-01   
v tenstau                      1.00000000E-02  -6.3756178656E+01 +-    1.3064415558E+00   
v ls                           1.00000000E-02   0.0000000000E+00 +-    0.0000000000E+00   
v lstau                        1.00000000E-02   0.0000000000E+00 +-    0.0000000000E+00   
vpot v6                        1.00000000E-02  -1.3702488292E+02 +-    1.3199854476E+00   
vpot v8                        1.00000000E-02  -1.3702488292E+02 +-    1.3199854476E+00   
v coulomb                      1.00000000E-02   7.5653994546E-01 +-    2.1592689386E-03   
v external                     1.00000000E-02   0.0000000000E+00 +-    0.0000000000E+00   
tni 2pipr-anticomm             1.00000000E-02   0.0000000000E+00 +-    0.0000000000E+00   
tni vd1pr                      1.00000000E-02   0.0000000000E+00 +-    0.0000000000E+00   
tni vepr                       1.00000000E-02   0.0000000000E+00 +-    0.0000000000E+00   
tni central                    1.00000000E-02   0.0000000000E+00 +-    0.0000000000E+00   
tni 2pixx-anticommutator       1.00000000E-02   0.0000000000E+00 +-    0.0000000000E+00   
tni 2pixd-anticommutator       1.00000000E-02   0.0000000000E+00 +-    0.0000000000E+00   
tni 2pidd-anticommutator       1.00000000E-02   0.0000000000E+00 +-    0.0000000000E+00   
tni 2pixx-commutator           1.00000000E-02   0.0000000000E+00 +-    0.0000000000E+00   
tni 2pixd-commutator           1.00000000E-02   0.0000000000E+00 +-    0.0000000000E+00   
tni 2pidd-commutator           1.00000000E-02   0.0000000000E+00 +-    0.0000000000E+00   
tni 2pi-tm                     1.00000000E-02   0.0000000000E+00 +-    0.0000000000E+00   
tni vd1                        1.00000000E-02   0.0000000000E+00 +-    0.0000000000E+00   
tni vd2                        1.00000000E-02   0.0000000000E+00 +-    0.0000000000E+00   
tni ve                         1.00000000E-02   0.0000000000E+00 +-    0.0000000000E+00   
vpottot v8+tni                 1.00000000E-02  -1.3702488292E+02 +-    1.3199854476E+00   
enetot v8+tni                  1.00000000E-02  -2.3529550367E+01 +-    4.8238043542E-01   
vper cent                      1.00000000E-02  -5.6206130830E+00 +-    1.5362508155E+00   
vper tau                       1.00000000E-02  -8.9852808570E-01 +-    3.5242132055E-01   
vper sigma                     1.00000000E-02  -1.0511360574E+01 +-    4.5776905158E-01   
vper sigtau                    1.00000000E-02  -5.3373987922E+01 +-    4.2575045997E-01   
vper tensor                    1.00000000E-02  -2.8642145990E+00 +-    2.2199522400E-01   
vper tenstau                   1.00000000E-02  -6.3756178656E+01 +-    1.3064415558E+00   
vper ls                        1.00000000E-02   0.0000000000E+00 +-    0.0000000000E+00   
vper lstau                     1.00000000E-02   0.0000000000E+00 +-    0.0000000000E+00   
vpotper v6                     1.00000000E-02  -1.3702488292E+02 +-    1.3199854476E+00   
vpotper v8                     1.00000000E-02  -1.3702488292E+02 +-    1.3199854476E+00   
vpotv6pr-vpotv6per diff        1.00000000E-02   0.0000000000E+00 +-    0.0000000000E+00   
vpotv8pr-vpotv8per diff        1.00000000E-02   0.0000000000E+00 +-    0.0000000000E+00   
2piapr-2pia diff               1.00000000E-02   0.0000000000E+00 +-    0.0000000000E+00   
vd1pr-vd1 diff                 1.00000000E-02   0.0000000000E+00 +-    0.0000000000E+00   
vepr-ve diff                   1.00000000E-02   0.0000000000E+00 +-    0.0000000000E+00   
diff1 2piapr-2pia-2picxx       1.00000000E-02   0.0000000000E+00 +-    0.0000000000E+00   
diff2 vd1pr-vd1-2picxd         1.00000000E-02   0.0000000000E+00 +-    0.0000000000E+00   
diff3 vepr-ve-2picdd           1.00000000E-02   0.0000000000E+00 +-    0.0000000000E+00   
sum diff1+dif2+diff3           1.00000000E-02   0.0000000000E+00 +-    0.0000000000E+00   
proton rms                     1.00000000E-02   2.2666610945E+00 +-    1.4937508513E-02   
neutron rms                    1.00000000E-02   2.0525064287E+00 +-    1.2025587782E-02   
total rms                      1.00000000E-02   2.1624437158E+00 +-    1.2202640768E-02   
neutron-proton rms             1.00000000E-02  -2.1415466580E-01 +-    1.1916535472E-02   
GT sigXtau+                    1.00000000E-02   1.4097393332E-04 +-    2.8681293053E-05   
GT sigYtau+                    1.00000000E-02  -3.0759801407E-04 +-    2.6357049132E-05   
GT sigZtau+                    1.00000000E-02   3.6723309356E-04 +-    2.4196820448E-05   
GT sigXtau-                    1.00000000E-02  -1.2481796838E-04 +-    2.8162507484E-05   
GT sigYtau-                    1.00000000E-02   2.5749857509E-04 +-    3.0523290820E-05   
GT sigZtau-                    1.00000000E-02  -1.2813281048E-04 +-    3.0048894969E-05   
F tau+                         1.00000000E-02   2.0351835404E-19 +-    3.2765095975E-20   
F tau-                         1.00000000E-02   3.8955815437E-19 +-    5.9076316669E-20   
Psi**2                         1.00000000E-02   3.8795629543E-05 +-    7.5839032277E-07   
single crossing/step           1.00000000E-02   7.6652716749E-03 +-    4.1757693318E-05   
global crossing/step           1.00000000E-02   7.4988446388E-03 +-    8.2610702129E-05   
energy numerator(real)         1.00000000E-02  -5.7455981425E+00 +-    9.7426362323E-01   
denominator psit/psigi(real)   1.00000000E-02   2.4426081709E-01 +-    1.3629511172E-02   
energy numerator(aimag)        1.00000000E-02   5.4125658294E-01 +-    7.1996140334E-01   
denominator psit/psigi(aimag)  1.00000000E-02  -8.1844175575E-04 +-    9.2271623381E-03   
growth(lin dt) energy          1.00000000E-02  -2.5012490506E+02 +-    5.6784318964E+00   
growth(global) energy          1.00000000E-02  -2.5051105757E+02 +-    1.1715262586E+01
growth energy                  1.00000000E-02  -2.4985864722E+02 +-    5.6573633020E+00
Time for propagation (sec) (min) =          21.785      0.363
Time for energies (sec) (min) =              0.764      0.013
Time for load balancing (sec) (min) =        0.030      0.001
Time for block (sec) (min) =                23.055      0.384
Time for operators (sec) (min) =             0.023      0.000
Elapsed block time (sec) (min) =            90.097      1.502
 
 walkers multiplicity, block, total
   0          53646         189823
   1        1008134        3915907
   2          52309         188515
   3            413           1238
   4             75            216
   5             28             77
   6             12             28
   7              5             13
   8              4              9
   9              1              2
  11              2              3
  12              1              4
  13              0              3
  16              0              1
  20              0              2
 
 

iteration =                               5
walker number =                       11549
total energy-propagated        1.25000000E-02  -2.2043329090E+01 +-    5.5383890996E-01   
kinetic energy                 1.25000000E-02   1.5001397112E+02 +-    2.3460042476E+00   
potential energy               1.25000000E-02  -1.7205730021E+02 +-    2.6033418117E+00   
im energy                      1.25000000E-02   1.1513711212E+01 +-    4.2947983101E-01   
imkin energy                   1.25000000E-02  -2.5445151047E+01 +-    5.3648836088E-01   
impot energy                   1.25000000E-02   3.6958862258E+01 +-    4.7771840067E-01   
v cent                         1.25000000E-02  -1.0511821416E+02 +-    3.6376843589E+00   
v tau                          1.25000000E-02  -1.3980703421E+01 +-    5.3001196297E-01   
v sigma                        1.25000000E-02   4.8418152170E+00 +-    3.2948578681E-01   
v sigtau                       1.25000000E-02  -4.1710037237E+01 +-    7.3140126690E-01   
v tensor                       1.25000000E-02  -4.5010466025E+00 +-    1.7714229694E-01   
v tenstau                      1.25000000E-02  -1.1589114008E+01 +-    1.5294284591E+00   
v ls                           1.25000000E-02   0.0000000000E+00 +-    0.0000000000E+00   
v lstau                        1.25000000E-02   0.0000000000E+00 +-    0.0000000000E+00   
vpot v6                        1.25000000E-02  -1.7205730021E+02 +-    2.6033418117E+00   
vpot v8                        1.25000000E-02  -1.7205730021E+02 +-    2.6033418117E+00   
v coulomb                      1.25000000E-02   5.0417425112E-01 +-    2.9951937343E-03   
v external                     1.25000000E-02   0.0000000000E+00 +-    0.0000000000E+00   
tni 2pipr-anticomm             1.25000000E-02   0.0000000000E+00 +-    0.0000000000E+00   
tni vd1pr                      1.25000000E-02   0.0000000000E+00 +-    0.0000000000E+00   
tni vepr                       1.25000000E-02   0.0000000000E+00 +-    0.0000000000E+00   
tni central                    1.25000000E-02   0.0000000000E+00 +-    0.0000000000E+00   
tni 2pixx-anticommutator       1.25000000E-02   0.0000000000E+00 +-    0.0000000000E+00   
tni 2pixd-anticommutator       1.25000000E-02   0.0000000000E+00 +-    0.0000000000E+00   
tni 2pidd-anticommutator       1.25000000E-02   0.0000000000E+00 +-    0.0000000000E+00   
tni 2pixx-commutator           1.25000000E-02   0.0000000000E+00 +-    0.0000000000E+00   
tni 2pixd-commutator           1.25000000E-02   0.0000000000E+00 +-    0.0000000000E+00   
tni 2pidd-commutator           1.25000000E-02   0.0000000000E+00 +-    0.0000000000E+00   
tni 2pi-tm                     1.25000000E-02   0.0000000000E+00 +-    0.0000000000E+00   
tni vd1                        1.25000000E-02   0.0000000000E+00 +-    0.0000000000E+00   
tni vd2                        1.25000000E-02   0.0000000000E+00 +-    0.0000000000E+00   
tni ve                         1.25000000E-02   0.0000000000E+00 +-    0.0000000000E+00   
vpottot v8+tni                 1.25000000E-02  -1.7205730021E+02 +-    2.6033418117E+00   
enetot v8+tni                  1.25000000E-02  -2.2043329090E+01 +-    5.5383890996E-01   
vper cent                      1.25000000E-02  -1.0511821416E+02 +-    3.6376843589E+00   
vper tau                       1.25000000E-02  -1.3980703421E+01 +-    5.3001196297E-01   
vper sigma                     1.25000000E-02   4.8418152170E+00 +-    3.2948578681E-01   
vper sigtau                    1.25000000E-02  -4.1710037237E+01 +-    7.3140126690E-01   
vper tensor                    1.25000000E-02  -4.5010466025E+00 +-    1.7714229694E-01   
vper tenstau                   1.25000000E-02  -1.1589114008E+01 +-    1.5294284591E+00   
vper ls                        1.25000000E-02   0.0000000000E+00 +-    0.0000000000E+00   
vper lstau                     1.25000000E-02   0.0000000000E+00 +-    0.0000000000E+00   
vpotper v6                     1.25000000E-02  -1.7205730021E+02 +-    2.6033418117E+00   
vpotper v8                     1.25000000E-02  -1.7205730021E+02 +-    2.6033418117E+00   
vpotv6pr-vpotv6per diff        1.25000000E-02   0.0000000000E+00 +-    0.0000000000E+00   
vpotv8pr-vpotv8per diff        1.25000000E-02   0.0000000000E+00 +-    0.0000000000E+00   
2piapr-2pia diff               1.25000000E-02   0.0000000000E+00 +-    0.0000000000E+00   
vd1pr-vd1 diff                 1.25000000E-02   0.0000000000E+00 +-    0.0000000000E+00   
vepr-ve diff                   1.25000000E-02   0.0000000000E+00 +-    0.0000000000E+00   
diff1 2piapr-2pia-2picxx       1.25000000E-02   0.0000000000E+00 +-    0.0000000000E+00   
diff2 vd1pr-vd1-2picxd         1.25000000E-02   0.0000000000E+00 +-    0.0000000000E+00   
diff3 vepr-ve-2picdd           1.25000000E-02   0.0000000000E+00 +-    0.0000000000E+00   
sum diff1+dif2+diff3           1.25000000E-02   0.0000000000E+00 +-    0.0000000000E+00   
proton rms                     1.25000000E-02   2.6880248545E+00 +-    1.1847718927E-02   
neutron rms                    1.25000000E-02   2.7433060298E+00 +-    1.3603820885E-02   
total rms                      1.25000000E-02   2.7120375125E+00 +-    1.0385270991E-02   
neutron-proton rms             1.25000000E-02   5.5281175246E-02 +-    1.4445556835E-02   
GT sigXtau+                    1.25000000E-02   6.1932429553E-04 +-    2.3503326763E-05   
GT sigYtau+                    1.25000000E-02  -6.5929690161E-04 +-    1.4630883771E-05   
GT sigZtau+                    1.25000000E-02  -1.4485809336E-04 +-    1.8724715024E-05   
GT sigXtau-                    1.25000000E-02  -6.3584792308E-04 +-    1.8169009794E-05   
GT sigYtau-                    1.25000000E-02  -3.2256096083E-04 +-    2.8082228081E-05   
GT sigZtau-                    1.25000000E-02   9.6439998848E-04 +-    2.2720801969E-05   
F tau+                         1.25000000E-02  -4.6310581396E-19 +-    3.5068426374E-20   
F tau-                         1.25000000E-02  -3.9808369519E-20 +-    8.0437943609E-20   
Psi**2                         1.25000000E-02   1.1672486304E-05 +-    5.9800972745E-07   
single crossing/step           1.25000000E-02   8.1414320449E-03 +-    4.2836540929E-05   
global crossing/step           1.25000000E-02   7.9750948713E-03 +-    8.4800483954E-05   
energy numerator(real)         1.25000000E-02  -2.0480113626E+00 +-    9.2557255469E-01   
denominator psit/psigi(real)   1.25000000E-02   1.0131959015E-01 +-    1.3173009531E-02   
energy numerator(aimag)        1.25000000E-02   2.7126643827E+00 +-    6.9041101570E-01   
denominator psit/psigi(aimag)  1.25000000E-02  -7.3660735272E-03 +-    8.9392132542E-03   
growth(lin dt) energy          1.25000000E-02  -2.7147350023E+02 +-    5.9041562498E+00   
growth(global) energy          1.25000000E-02  -2.7123740276E+02 +-    1.2386782242E+01
growth energy                  1.25000000E-02  -2.7112388358E+02 +-    5.8791075031E+00
Time for propagation (sec) (min) =          21.977      0.366
Time for energies (sec) (min) =              0.812      0.014
Time for load balancing (sec) (min) =        0.030      0.001
Time for block (sec) (min) =                23.314      0.389
Time for operators (sec) (min) =             0.025      0.000
Elapsed block time (sec) (min) =           113.437      1.891
 
 walkers multiplicity, block, total
   0          55666         245489
   1        1013159        4929066
   2          54859         243374
   3            473           1711
   4             79            295
   5             24            101
   6             12             40
   7              5             18
   8              3             12
   9              2              4
  10              1              1
  11              1              4
  12              0              4
  13              0              3
  15              2              2
  16              0              1
  20              1              3
 
 

iteration =                               6
walker number =                       10615
total energy-propagated        1.50000000E-02  -9.5768347332E+00 +-    8.5177866959E-01   
kinetic energy                 1.50000000E-02  -4.8400955851E+01 +-    3.6199906958E+00   
potential energy               1.50000000E-02   3.8824121118E+01 +-    3.4469988903E+00   
im energy                      1.50000000E-02   2.4672073093E+01 +-    4.5821466471E-01   
imkin energy                   1.50000000E-02   4.7737551221E+01 +-    1.2470412588E+00   
impot energy                   1.50000000E-02  -2.3065478127E+01 +-    8.3963138180E-01   
v cent                         1.50000000E-02   5.3778111057E+01 +-    3.9337719401E+00   
v tau                          1.50000000E-02  -2.4702769408E+01 +-    6.6367690816E-01   
v sigma                        1.50000000E-02   1.7548313640E+01 +-    4.8405104588E-01   
v sigtau                       1.50000000E-02   6.7253602963E+00 +-    6.2396952635E-01   
v tensor                       1.50000000E-02   6.8596147829E+00 +-    8.8285048112E-02   
v tenstau                      1.50000000E-02  -2.1384509250E+01 +-    1.3519766124E+00   
v ls                           1.50000000E-02   0.0000000000E+00 +-    0.0000000000E+00   
v lstau                        1.50000000E-02   0.0000000000E+00 +-    0.0000000000E+00   
vpot v6                        1.50000000E-02   3.8824121118E+01 +-    3.4469988903E+00   
vpot v8                        1.50000000E-02   3.8824121118E+01 +-    3.4469988903E+00   
v coulomb                      1.50000000E-02   4.3548849541E-01 +-    2.1690761104E-03   
v external                     1.50000000E-02   0.0000000000E+00 +-    0.0000000000E+00   
tni 2pipr-anticomm             1.50000000E-02   0.0000000000E+00 +-    0.0000000000E+00   
tni vd1pr                      1.50000000E-02   0.0000000000E+00 +-    0.0000000000E+00   
tni vepr                       1.50000000E-02   0.0000000000E+00 +-    0.0000000000E+00   
tni central                    1.50000000E-02   0.0000000000E+00 +-    0.0000000000E+00   
tni 2pixx-anticommutator       1.50000000E-02   0.0000000000E+00 +-    0.0000000000E+00   
tni 2pixd-anticommutator       1.50000000E-02   0.0000000000E+00 +-    0.0000000000E+00   
tni 2pidd-anticommutator       1.50000000E-02   0.0000000000E+00 +-    0.0000000000E+00   
tni 2pixx-commutator           1.50000000E-02   0.0000000000E+00 +-    0.0000000000E+00   
tni 2pixd-commutator           1.50000000E-02   0.0000000000E+00 +-    0.0000000000E+00   
tni 2pidd-commutator           1.50000000E-02   0.0000000000E+00 +-    0.0000000000E+00   
tni 2pi-tm                     1.50000000E-02   0.0000000000E+00 +-    0.0000000000E+00   
tni vd1                        1.50000000E-02   0.0000000000E+00 +-    0.0000000000E+00   
tni vd2                        1.50000000E-02   0.0000000000E+00 +-    0.0000000000E+00   
tni ve                         1.50000000E-02   0.0000000000E+00 +-    0.0000000000E+00   
vpottot v8+tni                 1.50000000E-02   3.8824121118E+01 +-    3.4469988903E+00   
enetot v8+tni                  1.50000000E-02  -9.5768347332E+00 +-    8.5177866959E-01   
vper cent                      1.50000000E-02   5.3778111057E+01 +-    3.9337719401E+00   
vper tau                       1.50000000E-02  -2.4702769408E+01 +-    6.6367690816E-01   
vper sigma                     1.50000000E-02   1.7548313640E+01 +-    4.8405104588E-01   
vper sigtau                    1.50000000E-02   6.7253602963E+00 +-    6.2396952635E-01   
vper tensor                    1.50000000E-02   6.8596147829E+00 +-    8.8285048112E-02   
vper tenstau                   1.50000000E-02  -2.1384509250E+01 +-    1.3519766124E+00   
vper ls                        1.50000000E-02   0.0000000000E+00 +-    0.0000000000E+00   
vper lstau                     1.50000000E-02   0.0000000000E+00 +-    0.0000000000E+00   
vpotper v6                     1.50000000E-02   3.8824121118E+01 +-    3.4469988903E+00   
vpotper v8                     1.50000000E-02   3.8824121118E+01 +-    3.4469988903E+00   
vpotv6pr-vpotv6per diff        1.50000000E-02   0.0000000000E+00 +-    0.0000000000E+00   
vpotv8pr-vpotv8per diff        1.50000000E-02   0.0000000000E+00 +-    0.0000000000E+00   
2piapr-2pia diff               1.50000000E-02   0.0000000000E+00 +-    0.0000000000E+00   
vd1pr-vd1 diff                 1.50000000E-02   0.0000000000E+00 +-    0.0000000000E+00   
vepr-ve diff                   1.50000000E-02   0.0000000000E+00 +-    0.0000000000E+00   
diff1 2piapr-2pia-2picxx       1.50000000E-02   0.0000000000E+00 +-    0.0000000000E+00   
diff2 vd1pr-vd1-2picxd         1.50000000E-02   0.0000000000E+00 +-    0.0000000000E+00   
diff3 vepr-ve-2picdd           1.50000000E-02   0.0000000000E+00 +-    0.0000000000E+00   
sum diff1+dif2+diff3           1.50000000E-02   0.0000000000E+00 +-    0.0000000000E+00   
proton rms                     1.50000000E-02   3.6825462491E+00 +-    1.2179467948E-02   
neutron rms                    1.50000000E-02   3.2911610667E+00 +-    8.7712185640E-03   
total rms                      1.50000000E-02   3.4853251194E+00 +-    8.0596457352E-03   
neutron-proton rms             1.50000000E-02  -3.9138518235E-01 +-    1.4241271546E-02   
GT sigXtau+                    1.50000000E-02   1.9954799947E-03 +-    4.4217878557E-05   
GT sigYtau+                    1.50000000E-02   1.1176212457E-03 +-    5.6139872922E-05   
GT sigZtau+                    1.50000000E-02  -1.1477939957E-03 +-    4.8369088043E-05   
GT sigXtau-                    1.50000000E-02   1.1084029193E-03 +-    4.5868404983E-05   
GT sigYtau-                    1.50000000E-02   1.3975630722E-03 +-    5.7301600795E-05   
GT sigZtau-                    1.50000000E-02   1.1417458130E-03 +-    4.1151241301E-05   
F tau+                         1.50000000E-02  -3.5885953841E-19 +-    6.6428089100E-20   
F tau-                         1.50000000E-02   2.9800648423E-18 +-    6.4137658334E-20   
Psi**2                         1.50000000E-02  -8.7684543180E-05 +-    2.3536326044E-06   
single crossing/step           1.50000000E-02   7.2185652432E-03 +-    4.0505661056E-05   
global crossing/step           1.50000000E-02   7.0990571221E-03 +-    8.0342760621E-05   
energy numerator(real)         1.50000000E-02  -1.5893337422E+00 +-    8.9876000521E-01   
denominator psit/psigi(real)   1.50000000E-02   4.3046695569E-02 +-    1.3544245743E-02   
energy numerator(aimag)        1.50000000E-02   1.8612241701E+00 +-    6.1183644264E-01   
denominator psit/psigi(aimag)  1.50000000E-02   2.4208308682E-02 +-    9.0156590538E-03   
growth(lin dt) energy          1.50000000E-02  -2.4001779184E+02 +-    5.6505167425E+00   
growth(global) energy          1.50000000E-02  -2.1815213707E+02 +-    1.0955138334E+01
growth energy                  1.50000000E-02  -2.3978705427E+02 +-    5.6309712213E+00
Time for propagation (sec) (min) =          21.814      0.364
Time for energies (sec) (min) =              0.746      0.012
Time for load balancing (sec) (min) =        0.027      0.000
Time for block (sec) (min) =                23.091      0.385
Time for operators (sec) (min) =             0.031      0.001
Elapsed block time (sec) (min) =           136.567      2.276
 
 walkers multiplicity, block, total
   0          55442         300931
   1        1006725        5935791
   2          53327         296701
   3            389           2100
   4             63            358
   5             24            125
   6             10             50
   7              4             22
   8              1             13
   9              2              6
  10              1              2
  11              0              4
  12              0              4
  13              1              4
  15              0              2
  16              0              1
  20              0              3
 
 

iteration =                               7
walker number =                       10537
total energy-propagated        1.75000000E-02  -1.1442640803E+02 +-    2.0134860042E+00   
kinetic energy                 1.75000000E-02   4.8966790796E+01 +-    7.7384295131E+00   
potential energy               1.75000000E-02  -1.6339319883E+02 +-    7.4745398885E+00   
im energy                      1.75000000E-02   5.1019482175E+01 +-    1.0587766764E+00   
imkin energy                   1.75000000E-02   9.7293919242E+01 +-    2.2275642515E+00   
impot energy                   1.75000000E-02  -4.6274437067E+01 +-    1.5073042731E+00   
v cent                         1.75000000E-02  -3.2379250922E+02 +-    1.2297668722E+01   
v tau                          1.75000000E-02  -1.4248541866E+01 +-    1.4342046649E+00   
v sigma                        1.75000000E-02   1.3347906271E+02 +-    2.0936356170E+00   
v sigtau                       1.75000000E-02   1.6377325271E+02 +-    4.7458172939E+00   
v tensor                       1.75000000E-02  -2.4248353751E+01 +-    6.9206000910E-01   
v tenstau                      1.75000000E-02  -9.8356109417E+01 +-    6.1485785686E+00   
v ls                           1.75000000E-02   0.0000000000E+00 +-    0.0000000000E+00   
v lstau                        1.75000000E-02   0.0000000000E+00 +-    0.0000000000E+00   
vpot v6                        1.75000000E-02  -1.6339319883E+02 +-    7.4745398885E+00   
vpot v8                        1.75000000E-02  -1.6339319883E+02 +-    7.4745398885E+00   
v coulomb                      1.75000000E-02  -9.0499748359E-01 +-    2.6036989976E-02   
v external                     1.75000000E-02   0.0000000000E+00 +-    0.0000000000E+00   
tni 2pipr-anticomm             1.75000000E-02   0.0000000000E+00 +-    0.0000000000E+00   
tni vd1pr                      1.75000000E-02   0.0000000000E+00 +-    0.0000000000E+00   
tni vepr                       1.75000000E-02   0.0000000000E+00 +-    0.0000000000E+00   
tni central                    1.75000000E-02   0.0000000000E+00 +-    0.0000000000E+00   
tni 2pixx-anticommutator       1.75000000E-02   0.0000000000E+00 +-    0.0000000000E+00   
tni 2pixd-anticommutator       1.75000000E-02   0.0000000000E+00 +-    0.0000000000E+00   
tni 2pidd-anticommutator       1.75000000E-02   0.0000000000E+00 +-    0.0000000000E+00   
tni 2pixx-commutator           1.75000000E-02   0.0000000000E+00 +-    0.0000000000E+00   
tni 2pixd-commutator           1.75000000E-02   0.0000000000E+00 +-    0.0000000000E+00   
tni 2pidd-commutator           1.75000000E-02   0.0000000000E+00 +-    0.0000000000E+00   
tni 2pi-tm                     1.75000000E-02   0.0000000000E+00 +-    0.0000000000E+00   
tni vd1                        1.75000000E-02   0.0000000000E+00 +-    0.0000000000E+00   
tni vd2                        1.75000000E-02   0.0000000000E+00 +-    0.0000000000E+00   
tni ve                         1.75000000E-02   0.0000000000E+00 +-    0.0000000000E+00   
vpottot v8+tni                 1.75000000E-02  -1.6339319883E+02 +-    7.4745398885E+00   
enetot v8+tni                  1.75000000E-02  -1.1442640803E+02 +-    2.0134860042E+00   
vper cent                      1.75000000E-02  -3.2379250922E+02 +-    1.2297668722E+01   
vper tau                       1.75000000E-02  -1.4248541866E+01 +-    1.4342046649E+00   
vper sigma                     1.75000000E-02   1.3347906271E+02 +-    2.0936356170E+00   
vper sigtau                    1.75000000E-02   1.6377325271E+02 +-    4.7458172939E+00   
vper tensor                    1.75000000E-02  -2.4248353751E+01 +-    6.9206000910E-01   
vper tenstau                   1.75000000E-02  -9.8356109417E+01 +-    6.1485785686E+00   
vper ls                        1.75000000E-02   0.0000000000E+00 +-    0.0000000000E+00   
vper lstau                     1.75000000E-02   0.0000000000E+00 +-    0.0000000000E+00   
vpotper v6                     1.75000000E-02  -1.6339319883E+02 +-    7.4745398885E+00   
vpotper v8                     1.75000000E-02  -1.6339319883E+02 +-    7.4745398885E+00   
vpotv6pr-vpotv6per diff        1.75000000E-02   0.0000000000E+00 +-    0.0000000000E+00   
vpotv8pr-vpotv8per diff        1.75000000E-02   0.0000000000E+00 +-    0.0000000000E+00   
2piapr-2pia diff               1.75000000E-02   0.0000000000E+00 +-    0.0000000000E+00   
vd1pr-vd1 diff                 1.75000000E-02   0.0000000000E+00 +-    0.0000000000E+00   
vepr-ve diff                   1.75000000E-02   0.0000000000E+00 +-    0.0000000000E+00   
diff1 2piapr-2pia-2picxx       1.75000000E-02   0.0000000000E+00 +-    0.0000000000E+00   
diff2 vd1pr-vd1-2picxd         1.75000000E-02   0.0000000000E+00 +-    0.0000000000E+00   
diff3 vepr-ve-2picdd           1.75000000E-02   0.0000000000E+00 +-    0.0000000000E+00   
sum diff1+dif2+diff3           1.75000000E-02   0.0000000000E+00 +-    0.0000000000E+00   
proton rms                     1.75000000E-02   5.5322353308E+00 +-    6.4095644746E-02   
neutron rms                    1.75000000E-02   4.9427498323E+00 +-    6.2575526729E-02   
total rms                      1.75000000E-02   5.2022200913E+00 +-    6.3032784645E-02   
neutron-proton rms             1.75000000E-02  -5.8948549850E-01 +-    3.0257538264E-02   
GT sigXtau+                    1.75000000E-02  -2.1440330040E-03 +-    4.0156045156E-05   
GT sigYtau+                    1.75000000E-02  -9.8816700146E-03 +-    1.0562531784E-04   
GT sigZtau+                    1.75000000E-02   4.4787922289E-03 +-    5.2879767752E-05   
GT sigXtau-                    1.75000000E-02  -5.1770592016E-03 +-    1.0387388469E-04   
GT sigYtau-                    1.75000000E-02  -1.1670786660E-04 +-    8.5460743110E-05   
GT sigZtau-                    1.75000000E-02   3.4841838319E-04 +-    1.5149407867E-04   
F tau+                         1.75000000E-02  -5.8267610862E-18 +-    1.3714996325E-19   
F tau-                         1.75000000E-02   3.9009708613E-18 +-    1.1626454916E-19   
Psi**2                         1.75000000E-02  -1.8453134243E-04 +-    3.2291429838E-06   
single crossing/step           1.75000000E-02   7.3417954027E-03 +-    4.0703127253E-05   
global crossing/step           1.75000000E-02   7.2263126164E-03 +-    8.0768174670E-05   
energy numerator(real)         1.75000000E-02  -8.9731397713E-01 +-    9.3371137064E-01   
denominator psit/psigi(real)   1.75000000E-02   2.9817766564E-03 +-    1.3802251333E-02   
energy numerator(aimag)        1.75000000E-02  -9.0911172405E-01 +-    6.4181288196E-01   
denominator psit/psigi(aimag)  1.75000000E-02   9.4744892643E-03 +-    9.2463030694E-03   
growth(lin dt) energy          1.75000000E-02  -2.4379374516E+02 +-    5.6225217604E+00   
growth(global) energy          1.75000000E-02  -2.5032693454E+02 +-    1.2115987278E+01
growth energy                  1.75000000E-02  -2.4355003418E+02 +-    5.6025479849E+00
Time for propagation (sec) (min) =          21.972      0.366
Time for energies (sec) (min) =              0.741      0.012
Time for load balancing (sec) (min) =        0.029      0.000
Time for block (sec) (min) =                23.222      0.387
Time for operators (sec) (min) =             0.025      0.000
Elapsed block time (sec) (min) =           159.813      2.664
 
 walkers multiplicity, block, total
   0          55026         355957
   1        1014443        6950234
   2          53800         350501
   3            383           2483
   4             73            431
   5             17            142
   6              6             56
   7              4             26
   8              3             16
   9              1              7
  10              0              2
  11              0              4
  12              0              4
  13              1              5
  15              0              2
  16              0              1
  20              0              3
 
 

iteration =                               8
walker number =                       11424
total energy-propagated        2.00000000E-02  -5.9341507476E+01 +-    2.5643656550E+00   
kinetic energy                 2.00000000E-02   7.7766933917E+01 +-    5.8927444041E+00   
potential energy               2.00000000E-02  -1.3710844139E+02 +-    5.2655721590E+00   
im energy                      2.00000000E-02   9.9467321503E+01 +-    1.5839973243E+00   
imkin energy                   2.00000000E-02   5.4487927046E+01 +-    3.1356179206E+00   
impot energy                   2.00000000E-02   4.4979394457E+01 +-    2.6119770836E+00   
v cent                         2.00000000E-02   7.3989526257E+00 +-    6.5595270943E+00   
v tau                          2.00000000E-02   1.5078720394E+01 +-    1.1324857709E+00   
v sigma                        2.00000000E-02  -1.3299370034E+02 +-    9.6592972583E-01   
v sigtau                       2.00000000E-02  -2.6311972994E+02 +-    2.3814953029E+00   
v tensor                       2.00000000E-02  -6.4021991103E+01 +-    7.8340292321E-01   
v tenstau                      2.00000000E-02   3.0054930697E+02 +-    4.1376412178E+00   
v ls                           2.00000000E-02   0.0000000000E+00 +-    0.0000000000E+00   
v lstau                        2.00000000E-02   0.0000000000E+00 +-    0.0000000000E+00   
vpot v6                        2.00000000E-02  -1.3710844139E+02 +-    5.2655721590E+00   
vpot v8                        2.00000000E-02  -1.3710844139E+02 +-    5.2655721590E+00   
v coulomb                      2.00000000E-02   2.7172558700E+00 +-    2.2295758323E-02   
v external                     2.00000000E-02   0.0000000000E+00 +-    0.0000000000E+00   
tni 2pipr-anticomm             2.00000000E-02   0.0000000000E+00 +-    0.0000000000E+00   
tni vd1pr                      2.00000000E-02   0.0000000000E+00 +-    0.0000000000E+00   
tni vepr                       2.00000000E-02   0.0000000000E+00 +-    0.0000000000E+00   
tni central                    2.00000000E-02   0.0000000000E+00 +-    0.0000000000E+00   
tni 2pixx-anticommutator       2.00000000E-02   0.0000000000E+00 +-    0.0000000000E+00   
tni 2pixd-anticommutator       2.00000000E-02   0.0000000000E+00 +-    0.0000000000E+00   
tni 2pidd-anticommutator       2.00000000E-02   0.0000000000E+00 +-    0.0000000000E+00   
tni 2pixx-commutator           2.00000000E-02   0.0000000000E+00 +-    0.0000000000E+00   
tni 2pixd-commutator           2.00000000E-02   0.0000000000E+00 +-    0.0000000000E+00   
tni 2pidd-commutator           2.00000000E-02   0.0000000000E+00 +-    0.0000000000E+00   
tni 2pi-tm                     2.00000000E-02   0.0000000000E+00 +-    0.0000000000E+00   
tni vd1                        2.00000000E-02   0.0000000000E+00 +-    0.0000000000E+00   
tni vd2                        2.00000000E-02   0.0000000000E+00 +-    0.0000000000E+00   
tni ve                         2.00000000E-02   0.0000000000E+00 +-    0.0000000000E+00   
vpottot v8+tni                 2.00000000E-02  -1.3710844139E+02 +-    5.2655721590E+00   
enetot v8+tni                  2.00000000E-02  -5.9341507476E+01 +-    2.5643656550E+00   
vper cent                      2.00000000E-02   7.3989526257E+00 +-    6.5595270943E+00   
vper tau                       2.00000000E-02   1.5078720394E+01 +-    1.1324857709E+00   
vper sigma                     2.00000000E-02  -1.3299370034E+02 +-    9.6592972583E-01   
vper sigtau                    2.00000000E-02  -2.6311972994E+02 +-    2.3814953029E+00   
vper tensor                    2.00000000E-02  -6.4021991103E+01 +-    7.8340292321E-01   
vper tenstau                   2.00000000E-02   3.0054930697E+02 +-    4.1376412178E+00   
vper ls                        2.00000000E-02   0.0000000000E+00 +-    0.0000000000E+00   
vper lstau                     2.00000000E-02   0.0000000000E+00 +-    0.0000000000E+00   
vpotper v6                     2.00000000E-02  -1.3710844139E+02 +-    5.2655721590E+00   
vpotper v8                     2.00000000E-02  -1.3710844139E+02 +-    5.2655721590E+00   
vpotv6pr-vpotv6per diff        2.00000000E-02   0.0000000000E+00 +-    0.0000000000E+00   
vpotv8pr-vpotv8per diff        2.00000000E-02   0.0000000000E+00 +-    0.0000000000E+00   
2piapr-2pia diff               2.00000000E-02   0.0000000000E+00 +-    0.0000000000E+00   
vd1pr-vd1 diff                 2.00000000E-02   0.0000000000E+00 +-    0.0000000000E+00   
vepr-ve diff                   2.00000000E-02   0.0000000000E+00 +-    0.0000000000E+00   
diff1 2piapr-2pia-2picxx       2.00000000E-02   0.0000000000E+00 +-    0.0000000000E+00   
diff2 vd1pr-vd1-2picxd         2.00000000E-02   0.0000000000E+00 +-    0.0000000000E+00   
diff3 vepr-ve-2picdd           2.00000000E-02   0.0000000000E+00 +-    0.0000000000E+00   
sum diff1+dif2+diff3           2.00000000E-02   0.0000000000E+00 +-    0.0000000000E+00   
proton rms                     2.00000000E-02  -3.4405076170E-01 +-    3.2266850118E-02   
neutron rms                    2.00000000E-02   1.9586680223E-01 +-    4.0173158113E-02   
total rms                      2.00000000E-02  -9.4601273175E-02 +-    3.7036890629E-02   
neutron-proton rms             2.00000000E-02   5.3991756393E-01 +-    2.2531496565E-02   
GT sigXtau+                    2.00000000E-02  -1.0182568912E-03 +-    1.0602421031E-04   
GT sigYtau+                    2.00000000E-02   6.9267032976E-03 +-    1.1000213011E-04   
GT sigZtau+                    2.00000000E-02  -5.2611022171E-03 +-    1.2066427267E-04   
GT sigXtau-                    2.00000000E-02  -7.6345608531E-03 +-    1.1487689752E-04   
GT sigYtau-                    2.00000000E-02   2.9987953329E-03 +-    6.7332787216E-05   
GT sigZtau-                    2.00000000E-02   1.9510412993E-03 +-    4.1547606459E-05   
F tau+                         2.00000000E-02  -1.0546519029E-17 +-    1.6523022668E-19   
F tau-                         2.00000000E-02   6.2698310091E-18 +-    1.7661675836E-19   
Psi**2                         2.00000000E-02   1.3423747215E-05 +-    1.9844595438E-06   
single crossing/step           2.00000000E-02   8.8451557093E-03 +-    4.4910785988E-05   
global crossing/step           2.00000000E-02   8.6560406390E-03 +-    8.8864639176E-05   
energy numerator(real)         2.00000000E-02   2.2342135245E+00 +-    1.0667043375E+00   
denominator psit/psigi(real)   2.00000000E-02  -4.6004999606E-03 +-    1.3578697326E-02   
energy numerator(aimag)        2.00000000E-02  -7.4703995369E-02 +-    6.8434784081E-01   
denominator psit/psigi(aimag)  2.00000000E-02  -1.1717253251E-02 +-    9.0148982616E-03   
growth(lin dt) energy          2.00000000E-02  -2.9255916024E+02 +-    6.2721715359E+00   
growth(global) energy          2.00000000E-02  -2.8570641008E+02 +-    1.1464161257E+01
growth energy                  2.00000000E-02  -2.9211612005E+02 +-    6.2422562773E+00
Time for propagation (sec) (min) =          21.712      0.362
Time for energies (sec) (min) =              0.803      0.013
Time for load balancing (sec) (min) =        0.038      0.001
Time for block (sec) (min) =                23.075      0.385
Time for operators (sec) (min) =             0.026      0.000
Elapsed block time (sec) (min) =           182.913      3.049
 
 walkers multiplicity, block, total
   0          56740         412697
   1         997425        7947659
   2          55813         406314
   3            539           3022
   4             93            524
   5             35            177
   6             16             72
   7              7             33
   8              3             19
   9              6             13
  10              8             10
  11              1              5
  12              1              5
  13              0              5
  15              1              3
  16              0              1
  20              1              4
 
 

iteration =                               9
walker number =                       10188
total energy-propagated        2.25000000E-02  -4.7438751555E+01 +-    1.0367392801E+00   
kinetic energy                 2.25000000E-02   9.0459858651E+01 +-    2.7177980291E+00   
potential energy               2.25000000E-02  -1.3789861021E+02 +-    2.5427068032E+00   
im energy                      2.25000000E-02   6.2422018608E+00 +-    8.8899838413E-01   
imkin energy                   2.25000000E-02   1.8731935847E+01 +-    1.4266426609E+00   
impot energy                   2.25000000E-02  -1.2489733986E+01 +-    1.1456199232E+00   
v cent                         2.25000000E-02   9.9655623432E+01 +-    2.7076716187E+00   
v tau                          2.25000000E-02  -2.6717425874E+01 +-    7.4480827382E-01   
v sigma                        2.25000000E-02  -2.5965211700E+01 +-    6.2703336937E-01   
v sigtau                       2.25000000E-02  -1.1381221697E+02 +-    8.7665232352E-01   
v tensor                       2.25000000E-02   4.2285593024E+00 +-    3.4903219541E-01   
v tenstau                      2.25000000E-02  -7.5287938400E+01 +-    2.4720410345E+00   
v ls                           2.25000000E-02   0.0000000000E+00 +-    0.0000000000E+00   
v lstau                        2.25000000E-02   0.0000000000E+00 +-    0.0000000000E+00   
vpot v6                        2.25000000E-02  -1.3789861021E+02 +-    2.5427068032E+00   
vpot v8                        2.25000000E-02  -1.3789861021E+02 +-    2.5427068032E+00   
v coulomb                      2.25000000E-02   9.3539415203E-01 +-    2.6740165458E-03   
v external                     2.25000000E-02   0.0000000000E+00 +-    0.0000000000E+00   
tni 2pipr-anticomm             2.25000000E-02   0.0000000000E+00 +-    0.0000000000E+00   
tni vd1pr                      2.25000000E-02   0.0000000000E+00 +-    0.0000000000E+00   
tni vepr                       2.25000000E-02   0.0000000000E+00 +-    0.0000000000E+00   
tni central                    2.25000000E-02   0.0000000000E+00 +-    0.0000000000E+00   
tni 2pixx-anticommutator       2.25000000E-02   0.0000000000E+00 +-    0.0000000000E+00   
tni 2pixd-anticommutator       2.25000000E-02   0.0000000000E+00 +-    0.0000000000E+00   
tni 2pidd-anticommutator       2.25000000E-02   0.0000000000E+00 +-    0.0000000000E+00   
tni 2pixx-commutator           2.25000000E-02   0.0000000000E+00 +-    0.0000000000E+00   
tni 2pixd-commutator           2.25000000E-02   0.0000000000E+00 +-    0.0000000000E+00   
tni 2pidd-commutator           2.25000000E-02   0.0000000000E+00 +-    0.0000000000E+00   
tni 2pi-tm                     2.25000000E-02   0.0000000000E+00 +-    0.0000000000E+00   
tni vd1                        2.25000000E-02   0.0000000000E+00 +-    0.0000000000E+00   
tni vd2                        2.25000000E-02   0.0000000000E+00 +-    0.0000000000E+00   
tni ve                         2.25000000E-02   0.0000000000E+00 +-    0.0000000000E+00   
vpottot v8+tni                 2.25000000E-02  -1.3789861021E+02 +-    2.5427068032E+00   
enetot v8+tni                  2.25000000E-02  -4.7438751555E+01 +-    1.0367392801E+00   
vper cent                      2.25000000E-02   9.9655623432E+01 +-    2.7076716187E+00   
vper tau                       2.25000000E-02  -2.6717425874E+01 +-    7.4480827382E-01   
vper sigma                     2.25000000E-02  -2.5965211700E+01 +-    6.2703336937E-01   
vper sigtau                    2.25000000E-02  -1.1381221697E+02 +-    8.7665232352E-01   
vper tensor                    2.25000000E-02   4.2285593024E+00 +-    3.4903219541E-01   
vper tenstau                   2.25000000E-02  -7.5287938400E+01 +-    2.4720410345E+00   
vper ls                        2.25000000E-02   0.0000000000E+00 +-    0.0000000000E+00   
vper lstau                     2.25000000E-02   0.0000000000E+00 +-    0.0000000000E+00   
vpotper v6                     2.25000000E-02  -1.3789861021E+02 +-    2.5427068032E+00   
vpotper v8                     2.25000000E-02  -1.3789861021E+02 +-    2.5427068032E+00   
vpotv6pr-vpotv6per diff        2.25000000E-02   0.0000000000E+00 +-    0.0000000000E+00   
vpotv8pr-vpotv8per diff        2.25000000E-02   0.0000000000E+00 +-    0.0000000000E+00   
2piapr-2pia diff               2.25000000E-02   0.0000000000E+00 +-    0.0000000000E+00   
vd1pr-vd1 diff                 2.25000000E-02   0.0000000000E+00 +-    0.0000000000E+00   
vepr-ve diff                   2.25000000E-02   0.0000000000E+00 +-    0.0000000000E+00   
diff1 2piapr-2pia-2picxx       2.25000000E-02   0.0000000000E+00 +-    0.0000000000E+00   
diff2 vd1pr-vd1-2picxd         2.25000000E-02   0.0000000000E+00 +-    0.0000000000E+00   
diff3 vepr-ve-2picdd           2.25000000E-02   0.0000000000E+00 +-    0.0000000000E+00   
sum diff1+dif2+diff3           2.25000000E-02   0.0000000000E+00 +-    0.0000000000E+00   
proton rms                     2.25000000E-02   1.4544845553E+00 +-    8.7523500980E-03   
neutron rms                    2.25000000E-02   1.5466682003E+00 +-    1.0198784295E-02   
total rms                      2.25000000E-02   1.5171606590E+00 +-    8.0005080401E-03   
neutron-proton rms             2.25000000E-02   9.2183645040E-02 +-    1.1633746859E-02   
GT sigXtau+                    2.25000000E-02   2.0764805348E-04 +-    2.9542599031E-05   
GT sigYtau+                    2.25000000E-02   8.5387565918E-04 +-    1.9141074947E-05   
GT sigZtau+                    2.25000000E-02   3.8959452737E-05 +-    2.8922172481E-05   
GT sigXtau-                    2.25000000E-02  -5.4323557049E-04 +-    3.7542105186E-05   
GT sigYtau-                    2.25000000E-02   6.0932210507E-04 +-    3.9641890378E-05   
GT sigZtau-                    2.25000000E-02   9.2563535233E-04 +-    3.9931838161E-05   
F tau+                         2.25000000E-02  -1.1496342508E-18 +-    2.6445219381E-20   
F tau-                         2.25000000E-02  -1.3019420149E-18 +-    5.5402148945E-20   
Psi**2                         2.25000000E-02   1.6576986342E-05 +-    8.6533936159E-07   
single crossing/step           2.25000000E-02   8.4415666823E-03 +-    4.3553100076E-05   
global crossing/step           2.25000000E-02   8.1936452339E-03 +-    8.5828279373E-05   
energy numerator(real)         2.25000000E-02  -4.1060161424E+00 +-    1.0324367875E+00   
denominator psit/psigi(real)   2.25000000E-02   8.7801005434E-02 +-    1.4223864763E-02   
energy numerator(aimag)        2.25000000E-02  -1.1131747985E+00 +-    6.3489523348E-01   
denominator psit/psigi(aimag)  2.25000000E-02   1.7040657904E-02 +-    9.4131602166E-03   
growth(lin dt) energy          2.25000000E-02  -2.9481128392E+02 +-    6.1199845046E+00   
growth(global) energy          2.25000000E-02  -2.8339592931E+02 +-    1.3372821505E+01
growth energy                  2.25000000E-02  -2.9435761428E+02 +-    6.0904653592E+00
Time for propagation (sec) (min) =          22.042      0.367
Time for energies (sec) (min) =              0.716      0.012
Time for load balancing (sec) (min) =        0.029      0.000
Time for block (sec) (min) =                23.268      0.388
Time for operators (sec) (min) =             0.020      0.000
Elapsed block time (sec) (min) =           206.211      3.437
 
 walkers multiplicity, block, total
   0          60588         473285
   1        1020354        8968013
   2          57738         464052
   3            516           3538
   4             87            611
   5             25            202
   6             11             83
   7              8             41
   8              2             21
   9              6             19
  10              1             11
  11              1              6
  12              1              6
  13              1              6
  15              1              4
  16              0              1
  20              0              4
 
 

iteration =                              10
walker number =                       10932
total energy-propagated        2.50000000E-02   4.6625613152E+01 +-    1.1814797617E+00   
kinetic energy                 2.50000000E-02   1.5993973189E+02 +-    3.7886650017E+00   
potential energy               2.50000000E-02  -1.1331411873E+02 +-    3.7539369010E+00   
im energy                      2.50000000E-02   7.4946382130E+00 +-    1.0728826109E+00   
imkin energy                   2.50000000E-02   2.8334026505E+01 +-    1.4411351950E+00   
impot energy                   2.50000000E-02  -2.0839388292E+01 +-    5.2105678945E-01   
v cent                         2.50000000E-02   6.7525288909E+01 +-    4.6014647323E+00   
v tau                          2.50000000E-02  -2.2689187701E+01 +-    6.5852374418E-01   
v sigma                        2.50000000E-02  -7.6398341127E+00 +-    7.9938976683E-01   
v sigtau                       2.50000000E-02  -1.0423670523E+02 +-    9.9545051380E-01   
v tensor                       2.50000000E-02   4.3051597531E+00 +-    3.7591188094E-01   
v tenstau                      2.50000000E-02  -5.0578840352E+01 +-    2.2783170093E+00   
v ls                           2.50000000E-02   0.0000000000E+00 +-    0.0000000000E+00   
v lstau                        2.50000000E-02   0.0000000000E+00 +-    0.0000000000E+00   
vpot v6                        2.50000000E-02  -1.1331411873E+02 +-    3.7539369010E+00   
vpot v8                        2.50000000E-02  -1.1331411873E+02 +-    3.7539369010E+00   
v coulomb                      2.50000000E-02   1.1373091161E+00 +-    3.9514514974E-03   
v external                     2.50000000E-02   0.0000000000E+00 +-    0.0000000000E+00   
tni 2pipr-anticomm             2.50000000E-02   0.0000000000E+00 +-    0.0000000000E+00   
tni vd1pr                      2.50000000E-02   0.0000000000E+00 +-    0.0000000000E+00   
tni vepr                       2.50000000E-02   0.0000000000E+00 +-    0.0000000000E+00   
tni central                    2.50000000E-02   0.0000000000E+00 +-    0.0000000000E+00   
tni 2pixx-anticommutator       2.50000000E-02   0.0000000000E+00 +-    0.0000000000E+00   
tni 2pixd-anticommutator       2.50000000E-02   0.0000000000E+00 +-    0.0000000000E+00   
tni 2pidd-anticommutator       2.50000000E-02   0.0000000000E+00 +-    0.0000000000E+00   
tni 2pixx-commutator           2.50000000E-02   0.0000000000E+00 +-    0.0000000000E+00   
tni 2pixd-commutator           2.50000000E-02   0.0000000000E+00 +-    0.0000000000E+00   
tni 2pidd-commutator           2.50000000E-02   0.0000000000E+00 +-    0.0000000000E+00   
tni 2pi-tm                     2.50000000E-02   0.0000000000E+00 +-    0.0000000000E+00   
tni vd1                        2.50000000E-02   0.0000000000E+00 +-    0.0000000000E+00   
tni vd2                        2.50000000E-02   0.0000000000E+00 +-    0.0000000000E+00   
tni ve                         2.50000000E-02   0.0000000000E+00 +-    0.0000000000E+00   
vpottot v8+tni                 2.50000000E-02  -1.1331411873E+02 +-    3.7539369010E+00   
enetot v8+tni                  2.50000000E-02   4.6625613152E+01 +-    1.1814797617E+00   
vper cent                      2.50000000E-02   6.7525288909E+01 +-    4.6014647323E+00   
vper tau                       2.50000000E-02  -2.2689187701E+01 +-    6.5852374418E-01   
vper sigma                     2.50000000E-02  -7.6398341127E+00 +-    7.9938976683E-01   
vper sigtau                    2.50000000E-02  -1.0423670523E+02 +-    9.9545051380E-01   
vper tensor                    2.50000000E-02   4.3051597531E+00 +-    3.7591188094E-01   
vper tenstau                   2.50000000E-02  -5.0578840352E+01 +-    2.2783170093E+00   
vper ls                        2.50000000E-02   0.0000000000E+00 +-    0.0000000000E+00   
vper lstau                     2.50000000E-02   0.0000000000E+00 +-    0.0000000000E+00   
vpotper v6                     2.50000000E-02  -1.1331411873E+02 +-    3.7539369010E+00   
vpotper v8                     2.50000000E-02  -1.1331411873E+02 +-    3.7539369010E+00   
vpotv6pr-vpotv6per diff        2.50000000E-02   0.0000000000E+00 +-    0.0000000000E+00   
vpotv8pr-vpotv8per diff        2.50000000E-02   0.0000000000E+00 +-    0.0000000000E+00   
2piapr-2pia diff               2.50000000E-02   0.0000000000E+00 +-    0.0000000000E+00   
vd1pr-vd1 diff                 2.50000000E-02   0.0000000000E+00 +-    0.0000000000E+00   
vepr-ve diff                   2.50000000E-02   0.0000000000E+00 +-    0.0000000000E+00   
diff1 2piapr-2pia-2picxx       2.50000000E-02   0.0000000000E+00 +-    0.0000000000E+00   
diff2 vd1pr-vd1-2picxd         2.50000000E-02   0.0000000000E+00 +-    0.0000000000E+00   
diff3 vepr-ve-2picdd           2.50000000E-02   0.0000000000E+00 +-    0.0000000000E+00   
sum diff1+dif2+diff3           2.50000000E-02   0.0000000000E+00 +-    0.0000000000E+00   
proton rms                     2.50000000E-02   1.5559416310E+00 +-    1.6857371324E-02   
neutron rms                    2.50000000E-02   1.7245673565E+00 +-    9.9837737008E-03   
total rms                      2.50000000E-02   1.6560620470E+00 +-    1.3046279152E-02   
neutron-proton rms             2.50000000E-02   1.6862572545E-01 +-    9.1350725687E-03   
GT sigXtau+                    2.50000000E-02   3.1353112117E-04 +-    2.7043319323E-05   
GT sigYtau+                    2.50000000E-02  -6.7828084953E-04 +-    5.4316751743E-05   
GT sigZtau+                    2.50000000E-02  -2.1290078538E-04 +-    4.6230244588E-05   
GT sigXtau-                    2.50000000E-02  -5.0108840806E-05 +-    2.3323713316E-05   
GT sigYtau-                    2.50000000E-02   1.6547721188E-03 +-    5.1790420094E-05   
GT sigZtau-                    2.50000000E-02   6.2328790510E-05 +-    5.1212049823E-05   
F tau+                         2.50000000E-02  -2.1938310826E-18 +-    2.9507784093E-20   
F tau-                         2.50000000E-02   4.0148533067E-19 +-    4.8862385813E-20   
Psi**2                         2.50000000E-02  -2.7024477190E-05 +-    2.0042513213E-06   
single crossing/step           2.50000000E-02   8.4627461452E-03 +-    4.3950747553E-05   
global crossing/step           2.50000000E-02   8.3324508861E-03 +-    8.7227920538E-05   
energy numerator(real)         2.50000000E-02   1.2872533219E+00 +-    9.5006395804E-01   
denominator psit/psigi(real)   2.50000000E-02   3.3467556179E-02 +-    1.3515694823E-02   
energy numerator(aimag)        2.50000000E-02  -1.3766010980E+00 +-    6.1206512388E-01   
denominator psit/psigi(aimag)  2.50000000E-02  -1.9434502142E-02 +-    9.0843959841E-03   
growth(lin dt) energy          2.50000000E-02  -2.8031369404E+02 +-    6.0955963948E+00   
growth(global) energy          2.50000000E-02  -2.7666029441E+02 +-    1.2263495741E+01
growth energy                  2.50000000E-02  -2.7992625066E+02 +-    6.0683855393E+00
Time for propagation (sec) (min) =          21.701      0.362
Time for energies (sec) (min) =              0.768      0.013
Time for load balancing (sec) (min) =        0.029      0.000
Time for block (sec) (min) =                23.004      0.383
Time for operators (sec) (min) =             0.026      0.000
Elapsed block time (sec) (min) =           229.241      3.821
 
 walkers multiplicity, block, total
   0          57252         530537
   1         995727        9963740
   2          56390         520442
   3            552           4090
   4             74            685
   5             28            230
   6              7             90
   7              8             49
   8              3             24
   9              2             21
  10              1             12
  11              1              7
  12              0              6
  13              0              6
  14              1              1
  15              0              4
  16              0              1
  17              1              1
  20              0              4
 
 

Time for steps      =     229.249 seconds,        3.821 minutes
Master Time for steps =     229.112 seconds,        3.819 minutes

Number of cpus =       100
Total job time =     234.320 seconds,        3.905 minutes,        0.065 hours
Total cpu-time =     390.534 minutes,        6.509 hours
Total time =         234.110 seconds,        3.902 minutes,        0.065 hours
Finished!
