Unconstrained Diffusion Monte Carlo Run -- no drift
!-!-!-!-!-!-!-!-!-!-!-!-!-!-!-!-!-!-!-!-!-!-!-!-!-!
MPI parameters:
Number of boss cpus =                         100
Number of worker cpus for each boss =           0
Total number of cpus =                        100
Simulation parameters:
random number seed =                          321
hbar^2/2m =                              20.73554
start from sites =                              F
nwalk =                                     10000
equilibration blocks =                          0
averaging blocks =                             10
nsteps/blocks =                               100
time step =                          0.0000250000
time step rotations (vmc) =          0.1700000000
trial energy =                          -26.00000
drift cutoff =                            0.00000
drastic population control up =           1.20000
drastic population control down =         0.80000
rebalance if walkers fluctuate more than   2.00 %
weight cut off =                         20.00000
table size =                                 8000
!-!-!-!-!-!-!-!-!-!-!-!-!-!-!-!-!-!-!-!-!-!-!-!-!-!
System parameters:
lpot =                                         11
lpotper =                                      11
potential  =                          argonne v6'
potentialpr =                         argonne v6'
Coulomb included in energy-propagation          F
multiply central v by =                   1.00000
multiply tau v by =                       1.00000
multiply sigma v by =                     1.00000
multiply sigma tau v by =                 1.00000
multiply tensor v by =                    1.00000
multiply tensor tau v by =                1.00000
multiply spin-orbit v by =                0.00000
multiply spin-orbit tau v by =            0.00000
three-body potential =                        no3
ibox (0 is nearest image) =                     0
!-!-!-!-!-!-!-!-!-!-!-!-!-!-!-!-!-!-!-!-!-!-!-!-!-!
propagate LS =                                  F
calculate LS =                                  F
type of correlations =           independent pair
scale orbital   1 with factor    1.14000
determinant # 1
coefficient                     1.00000   0.00000
1  1  0  1  alpha.orb    # 2J,2M,L,tau radial_file for state                    
1 -1  0  1  alpha.orb    # 2J,2M,L,tau radial_file for state                    
1  1  0 -1  alpha.orb    # 2J,2M,L,tau radial_file for state                    
1 -1  0 -1  alpha.orb    # 2J,2M,L,tau radial_file for state                    
rescaled coefficient            1.00000   0.00000
!-!-!-!-!-!-!-!-!-!-!-!-!-!-!-!-!-!-!-!-!-!-!-!-!-!
No external potential
!-!-!-!-!-!-!-!-!-!-!-!-!-!-!-!-!-!-!-!-!-!-!-!-!-!
rcut in pair sampling =                   1.00000
acut in pair sampling =                   5.00000
a constant in psig =                      0.20000
Number of protons =                             2
Number of neutrons =                            2
range of the potential =                 20.00000
!-!-!-!-!-!-!-!-!-!-!-!-!-!-!-!-!-!-!-!-!-!-!-!-!-!
do V3 =                                         F
three body force =                            no3
three body a2piPwa =                      0.000000000000000
three body a2piPwc =                      0.000000000000000
three body a2piSw =                       0.000000000000000
three body Vd,C,c3 =                      0.000000000000000
three body Ve,C,c3 =                      0.000000000000000
three body A_R =                          0.000000000000000
three body Vd1 =                          0.000000000000000
three body Vd2 =                          0.000000000000000
three body Ve =                           0.000000000000000
propagator: multiply the antic by =       0.000000000000000
propagator: multiply the Vd1 by =         0.000000000000000
propagator: multiply the Ve by =          0.000000000000000
propagator: three body a2piPW =           0.000000000000000
!-!-!-!-!-!-!-!-!-!-!-!-!-!-!-!-!-!-!-!-!-!-!-!-!-!
jastrow healing distance dc =             4.47768
jastrow healing distance dtn =           11.57317
jastrow rho =                             0.01000
potential quencher acn (v1) =             1.50851
potential quencher at  (v2) =             6.06936
potential quencher as  (v3) =             2.76780
potential quencher ast (v4) =             0.80880
potential quencher atn (v5) =             0.61864
potential quencher atn (v6) =             0.20141
potential quencher als (v7) =             0.00000
potential quencher alst (v8) =            0.00000
correlation quencher bt (f2) =            0.26685
correlation quencher bs (f3) =           -0.10565
correlation quencher bst (f4) =           0.42277
correlation quencher btn (f5) =           1.08683
correlation quencher btn (f6) =           4.44810
correlation quencher bls (f7) =           0.00000
correlation quencher blst (f8) =          0.00000
!-!-!-!-!-!-!-!-!-!-!-!-!-!-!-!-!-!-!-!-!-!-!-!-!-!
q1c parameter in f3c =                   12.87526
q2c parameter in f3c =                    1.60340
q1p parameter in f3p =                   -1.81620
q2p parameter in f3p =                    2.14789
!-!-!-!-!-!-!-!-!-!-!-!-!-!-!-!-!-!-!-!-!-!-!-!-!-!
rscal parameter in Uijk cent =            1.00000
rscal parameter in Uijk xpi =             1.00000
rscal parameter in Uijk delta =           1.00000
eps_c parameter in Uijk =                 0.00000
eps_anti parameter in Uijk =              0.00000
eps_tm parameter in Uijk =                0.00000
eps_vd1 parameter in Uijk =               0.00000
eps_vd2 parameter in Uijk =               0.00000
eps_vdc3 parameter in Uijk =              0.00000
eps_vec3 parameter in Uijk =              0.00000
eps_ve parameter in Uijk =                0.00000
eps_comm parameter in Uijk =              0.00000
eps_comm-XD parameter in Uijk =           0.00000
eps_comm-DD parameter in Uijk =           0.00000
TNI-comm correlation included =                 F
!-!-!-!-!-!-!-!-!-!-!-!-!-!-!-!-!-!-!-!-!-!-!-!-!-!
CSB correlation rscalpp =                 1.00000
CSB correlation rscalnn =                 1.00000
CSB correlation quencher pp =             0.00000
CSB correlation quencher nn =             0.00000
CSB correlation included =                      F
!-!-!-!-!-!-!-!-!-!-!-!-!-!-!-!-!-!-!-!-!-!-!-!-!-!
jastrow initialized
!-!-!-!-!-!-!-!-!-!-!-!-!-!-!-!-!-!-!-!-!-!-!-!-!-!
Symmetrize V6 in the propagator =               T
New propagation of Vlstau and commutator included!
Coulomb included in energy (and propag)         F
Initial walkers from file
Number of walkers =                          8314
Configurations at tau =              1.7500000000
Reset tau =                          0.0000000000
!-!-!-!-!-!-!-!-!-!-!-!-!-!-!-!-!-!-!-!-!-!-!-!-!-!
Time for reading configurations (sec.) =       0.72
!-!-!-!-!-!-!-!-!-!-!-!-!-!-!-!-!-!-!-!-!-!-!-!-!-!
Initial configurations:
total energy-propagated        0.00000000E+00  -2.5985851717E+01 +-    3.6202770242E-01   
kinetic energy                 0.00000000E+00   1.0814676219E+02 +-    1.7458631807E+00   
potential energy               0.00000000E+00  -1.3413261391E+02 +-    1.7247634617E+00   
v cent                         0.00000000E+00   1.5927558749E+01 +-    1.6102706573E+00   
v tau                          0.00000000E+00  -7.2916895418E+00 +-    2.3325228816E-01   
v sigma                        0.00000000E+00  -8.4334611426E+00 +-    2.4788395715E-01   
v sigtau                       0.00000000E+00  -6.0318736880E+01 +-    5.7403364786E-01   
v tensor                       0.00000000E+00   4.0377554551E-01 +-    1.3724868464E-01   
v tenstau                      0.00000000E+00  -7.4420060642E+01 +-    1.0086490349E+00   
v ls                           0.00000000E+00   0.0000000000E+00 +-    0.0000000000E+00   
v lstau                        0.00000000E+00   0.0000000000E+00 +-    0.0000000000E+00   
v coulomb                      0.00000000E+00   7.4570372371E-01 +-    2.9012182644E-03   
v external                     0.00000000E+00   0.0000000000E+00 +-    0.0000000000E+00   
tni 2pipr-anticomm             0.00000000E+00   0.0000000000E+00 +-    0.0000000000E+00   
tni vd1pr                      0.00000000E+00   0.0000000000E+00 +-    0.0000000000E+00   
tni vepr                       0.00000000E+00   0.0000000000E+00 +-    0.0000000000E+00   
tni central                    0.00000000E+00   0.0000000000E+00 +-    0.0000000000E+00   
tni 2pixx-anticommutator       0.00000000E+00   0.0000000000E+00 +-    0.0000000000E+00   
tni 2pixd-anticommutator       0.00000000E+00   0.0000000000E+00 +-    0.0000000000E+00   
tni 2pidd-anticommutator       0.00000000E+00   0.0000000000E+00 +-    0.0000000000E+00   
tni 2pixx-commutator           0.00000000E+00   0.0000000000E+00 +-    0.0000000000E+00   
tni 2pixd-commutator           0.00000000E+00   0.0000000000E+00 +-    0.0000000000E+00   
tni 2pidd-commutator           0.00000000E+00   0.0000000000E+00 +-    0.0000000000E+00   
tni 2pi-tm                     0.00000000E+00   0.0000000000E+00 +-    0.0000000000E+00   
tni vd1                        0.00000000E+00   0.0000000000E+00 +-    0.0000000000E+00   
tni vd2                        0.00000000E+00   0.0000000000E+00 +-    0.0000000000E+00   
tni ve                         0.00000000E+00   0.0000000000E+00 +-    0.0000000000E+00   
enetot v8+tni                  0.00000000E+00  -2.5985851717E+01 +-    3.6202770242E-01   
!-!-!-!-!-!-!-!-!-!-!-!-!-!-!-!-!-!-!-!-!-!-!-!-!-!
Psi**2 of initial configurations  =   0.2751133E-04  0.0000000E+00  +-    0.7176817E-06  0.0000000E+00
Psig**2 of initial configurations =   0.1762132E-04  0.0000000E+00  +-    0.5170684E-06  0.0000000E+00
!-!-!-!-!-!-!-!-!-!-!-!-!-!-!-!-!-!-!-!-!-!-!-!-!-!
T**2 of initial configurations  =  -0.1694621E-07 -0.2610772E-09
Tz of initial configurations    =   0.7137251E-14  0.3599900E-14
J**2 of initial configurations  =   0.3229275E-07  0.2885134E-12
Jz of initial configurations    =   0.1533730E-13 -0.3705523E-13
!-!-!-!-!-!-!-!-!-!-!-!-!-!-!-!-!-!-!-!-!-!-!-!-!-!
!-!-!-!-!-!-!-!-!-!-!-!-!-!-!-!-!-!-!-!-!-!-!-!-!-!
Time to process initial configurations (sec.) =       1.44
!-!-!-!-!-!-!-!-!-!-!-!-!-!-!-!-!-!-!-!-!-!-!-!-!-!

equilibration done

iteration =                               1
walker number =                       10535
total energy-propagated        2.50000000E-03  -2.5643265192E+01 +-    4.3759367718E-01   
kinetic energy                 2.50000000E-03   1.0924417968E+02 +-    1.7347066934E+00   
potential energy               2.50000000E-03  -1.3488744487E+02 +-    1.6978740600E+00   
im energy                      2.50000000E-03   7.8620814927E-01 +-    2.3598219183E-01   
imkin energy                   2.50000000E-03   3.8423585639E+00 +-    4.8114469749E-01   
impot energy                   2.50000000E-03  -3.0561504146E+00 +-    4.7318835812E-01   
v cent                         2.50000000E-03   2.0779867992E+01 +-    1.5689152907E+00   
v tau                          2.50000000E-03  -8.3192553928E+00 +-    2.6071895504E-01   
v sigma                        2.50000000E-03  -9.5288054431E+00 +-    2.3010755820E-01   
v sigtau                       2.50000000E-03  -6.3982041803E+01 +-    5.2641128802E-01   
v tensor                       2.50000000E-03   1.2746143427E+00 +-    1.3334245323E-01   
v tenstau                      2.50000000E-03  -7.5111824567E+01 +-    9.6512597200E-01   
v ls                           2.50000000E-03   0.0000000000E+00 +-    0.0000000000E+00   
v lstau                        2.50000000E-03   0.0000000000E+00 +-    0.0000000000E+00   
vpot v6                        2.50000000E-03  -1.3488744487E+02 +-    1.6978740600E+00   
vpot v8                        2.50000000E-03  -1.3488744487E+02 +-    1.6978740600E+00   
v coulomb                      2.50000000E-03   7.5533559403E-01 +-    2.6831460647E-03   
v external                     2.50000000E-03   0.0000000000E+00 +-    0.0000000000E+00   
tni 2pipr-anticomm             2.50000000E-03   0.0000000000E+00 +-    0.0000000000E+00   
tni vd1pr                      2.50000000E-03   0.0000000000E+00 +-    0.0000000000E+00   
tni vepr                       2.50000000E-03   0.0000000000E+00 +-    0.0000000000E+00   
tni central                    2.50000000E-03   0.0000000000E+00 +-    0.0000000000E+00   
tni 2pixx-anticommutator       2.50000000E-03   0.0000000000E+00 +-    0.0000000000E+00   
tni 2pixd-anticommutator       2.50000000E-03   0.0000000000E+00 +-    0.0000000000E+00   
tni 2pidd-anticommutator       2.50000000E-03   0.0000000000E+00 +-    0.0000000000E+00   
tni 2pixx-commutator           2.50000000E-03   0.0000000000E+00 +-    0.0000000000E+00   
tni 2pixd-commutator           2.50000000E-03   0.0000000000E+00 +-    0.0000000000E+00   
tni 2pidd-commutator           2.50000000E-03   0.0000000000E+00 +-    0.0000000000E+00   
tni 2pi-tm                     2.50000000E-03   0.0000000000E+00 +-    0.0000000000E+00   
tni vd1                        2.50000000E-03   0.0000000000E+00 +-    0.0000000000E+00   
tni vd2                        2.50000000E-03   0.0000000000E+00 +-    0.0000000000E+00   
tni ve                         2.50000000E-03   0.0000000000E+00 +-    0.0000000000E+00   
vpottot v8+tni                 2.50000000E-03  -1.3488744487E+02 +-    1.6978740600E+00   
enetot v8+tni                  2.50000000E-03  -2.5643265192E+01 +-    4.3759367718E-01   
vper cent                      2.50000000E-03   2.0779867992E+01 +-    1.5689152907E+00   
vper tau                       2.50000000E-03  -8.3192553928E+00 +-    2.6071895504E-01   
vper sigma                     2.50000000E-03  -9.5288054431E+00 +-    2.3010755820E-01   
vper sigtau                    2.50000000E-03  -6.3982041803E+01 +-    5.2641128802E-01   
vper tensor                    2.50000000E-03   1.2746143427E+00 +-    1.3334245323E-01   
vper tenstau                   2.50000000E-03  -7.5111824567E+01 +-    9.6512597200E-01   
vper ls                        2.50000000E-03   0.0000000000E+00 +-    0.0000000000E+00   
vper lstau                     2.50000000E-03   0.0000000000E+00 +-    0.0000000000E+00   
vpotper v6                     2.50000000E-03  -1.3488744487E+02 +-    1.6978740600E+00   
vpotper v8                     2.50000000E-03  -1.3488744487E+02 +-    1.6978740600E+00   
vpotv6pr-vpotv6per diff        2.50000000E-03   0.0000000000E+00 +-    0.0000000000E+00   
vpotv8pr-vpotv8per diff        2.50000000E-03   0.0000000000E+00 +-    0.0000000000E+00   
2piapr-2pia diff               2.50000000E-03   0.0000000000E+00 +-    0.0000000000E+00   
vd1pr-vd1 diff                 2.50000000E-03   0.0000000000E+00 +-    0.0000000000E+00   
vepr-ve diff                   2.50000000E-03   0.0000000000E+00 +-    0.0000000000E+00   
diff1 2piapr-2pia-2picxx       2.50000000E-03   0.0000000000E+00 +-    0.0000000000E+00   
diff2 vd1pr-vd1-2picxd         2.50000000E-03   0.0000000000E+00 +-    0.0000000000E+00   
diff3 vepr-ve-2picdd           2.50000000E-03   0.0000000000E+00 +-    0.0000000000E+00   
sum diff1+dif2+diff3           2.50000000E-03   0.0000000000E+00 +-    0.0000000000E+00   
proton rms                     2.50000000E-03   1.9883652256E+00 +-    1.2415397882E-02   
neutron rms                    2.50000000E-03   2.0053457978E+00 +-    1.3210297439E-02   
total rms                      2.50000000E-03   1.9957606474E+00 +-    1.1474357659E-02   
neutron-proton rms             2.50000000E-03   1.6980572162E-02 +-    1.1342118696E-02   
GT sigXtau+                    2.50000000E-03   6.8170945972E-05 +-    2.2867958678E-05   
GT sigYtau+                    2.50000000E-03  -5.5163054960E-05 +-    2.3379673237E-05   
GT sigZtau+                    2.50000000E-03  -6.8461959908E-05 +-    2.3049262046E-05   
GT sigXtau-                    2.50000000E-03  -1.1078475786E-05 +-    2.4307238124E-05   
GT sigYtau-                    2.50000000E-03   6.2284493415E-05 +-    2.4194225436E-05   
GT sigZtau-                    2.50000000E-03  -7.5367741522E-05 +-    2.4715579085E-05   
F tau+                         2.50000000E-03  -4.4863176466E-20 +-    4.0839282260E-20   
F tau-                         2.50000000E-03  -1.8048853572E-20 +-    4.2611138334E-20   
Psi**2                         2.50000000E-03   3.0217656915E-05 +-    6.6114911030E-07   
single crossing/step           2.50000000E-03   8.6502985354E-03 +-    4.7916986657E-05   
global crossing/step           2.50000000E-03   8.5764009746E-03 +-    9.5427307743E-05   
energy numerator(real)         2.50000000E-03  -2.6051800964E+01 +-    8.7898351938E-01   
denominator psit/psigi(real)   2.50000000E-03   1.0173626160E+00 +-    1.1051497757E-02   
energy numerator(aimag)        2.50000000E-03   1.9587576336E+00 +-    5.8785765757E-01   
denominator psit/psigi(aimag)  2.50000000E-03  -3.6548625567E-02 +-    7.3504757829E-03   
growth(lin dt) energy          2.50000000E-03  -2.0432123673E+02 +-    5.1839020683E+00   
growth(global) energy          2.50000000E-03  -1.9886770006E+02 +-    1.1413049326E+01
growth energy                  2.50000000E-03  -2.0419564230E+02 +-    5.1705990048E+00
Time for propagation (sec) (min) =          18.617      0.310
Time for energies (sec) (min) =              0.736      0.012
Time for load balancing (sec) (min) =        0.062      0.001
Time for block (sec) (min) =                20.045      0.334
Time for operators (sec) (min) =             0.018      0.000
Elapsed block time (sec) (min) =            20.065      0.334
 
 walkers multiplicity, block, total
   0          36409          36409
   1         859023         859023
   2          38054          38054
   3            190            190
   4             30             30
   5              9              9
   6              5              5
   7              2              2
   8              2              2
   9              0              0
  20              1              1
 
 

iteration =                               2
walker number =                       11315
total energy-propagated        5.00000000E-03  -2.6839920737E+01 +-    3.7913190634E-01   
kinetic energy                 5.00000000E-03   9.9933432138E+01 +-    1.5937845435E+00   
potential energy               5.00000000E-03  -1.2677335287E+02 +-    1.5509478384E+00   
im energy                      5.00000000E-03   2.0462231618E-01 +-    2.7325756684E-01   
imkin energy                   5.00000000E-03  -6.2708619089E-01 +-    4.9518686679E-01   
impot energy                   5.00000000E-03   8.3170850707E-01 +-    4.8451222553E-01   
v cent                         5.00000000E-03   1.7585691126E+01 +-    1.3753419481E+00   
v tau                          5.00000000E-03  -7.4037797577E+00 +-    2.0346898232E-01   
v sigma                        5.00000000E-03  -1.0831027545E+01 +-    2.2652754026E-01   
v sigtau                       5.00000000E-03  -6.6702197818E+01 +-    5.0370889670E-01   
v tensor                       5.00000000E-03  -1.8224989814E-01 +-    1.3365268854E-01   
v tenstau                      5.00000000E-03  -5.9239788981E+01 +-    1.0307530106E+00   
v ls                           5.00000000E-03   0.0000000000E+00 +-    0.0000000000E+00   
v lstau                        5.00000000E-03   0.0000000000E+00 +-    0.0000000000E+00   
vpot v6                        5.00000000E-03  -1.2677335287E+02 +-    1.5509478384E+00   
vpot v8                        5.00000000E-03  -1.2677335287E+02 +-    1.5509478384E+00   
v coulomb                      5.00000000E-03   7.4376336465E-01 +-    2.5486738823E-03   
v external                     5.00000000E-03   0.0000000000E+00 +-    0.0000000000E+00   
tni 2pipr-anticomm             5.00000000E-03   0.0000000000E+00 +-    0.0000000000E+00   
tni vd1pr                      5.00000000E-03   0.0000000000E+00 +-    0.0000000000E+00   
tni vepr                       5.00000000E-03   0.0000000000E+00 +-    0.0000000000E+00   
tni central                    5.00000000E-03   0.0000000000E+00 +-    0.0000000000E+00   
tni 2pixx-anticommutator       5.00000000E-03   0.0000000000E+00 +-    0.0000000000E+00   
tni 2pixd-anticommutator       5.00000000E-03   0.0000000000E+00 +-    0.0000000000E+00   
tni 2pidd-anticommutator       5.00000000E-03   0.0000000000E+00 +-    0.0000000000E+00   
tni 2pixx-commutator           5.00000000E-03   0.0000000000E+00 +-    0.0000000000E+00   
tni 2pixd-commutator           5.00000000E-03   0.0000000000E+00 +-    0.0000000000E+00   
tni 2pidd-commutator           5.00000000E-03   0.0000000000E+00 +-    0.0000000000E+00   
tni 2pi-tm                     5.00000000E-03   0.0000000000E+00 +-    0.0000000000E+00   
tni vd1                        5.00000000E-03   0.0000000000E+00 +-    0.0000000000E+00   
tni vd2                        5.00000000E-03   0.0000000000E+00 +-    0.0000000000E+00   
tni ve                         5.00000000E-03   0.0000000000E+00 +-    0.0000000000E+00   
vpottot v8+tni                 5.00000000E-03  -1.2677335287E+02 +-    1.5509478384E+00   
enetot v8+tni                  5.00000000E-03  -2.6839920737E+01 +-    3.7913190634E-01   
vper cent                      5.00000000E-03   1.7585691126E+01 +-    1.3753419481E+00   
vper tau                       5.00000000E-03  -7.4037797577E+00 +-    2.0346898232E-01   
vper sigma                     5.00000000E-03  -1.0831027545E+01 +-    2.2652754026E-01   
vper sigtau                    5.00000000E-03  -6.6702197818E+01 +-    5.0370889670E-01   
vper tensor                    5.00000000E-03  -1.8224989814E-01 +-    1.3365268854E-01   
vper tenstau                   5.00000000E-03  -5.9239788981E+01 +-    1.0307530106E+00   
vper ls                        5.00000000E-03   0.0000000000E+00 +-    0.0000000000E+00   
vper lstau                     5.00000000E-03   0.0000000000E+00 +-    0.0000000000E+00   
vpotper v6                     5.00000000E-03  -1.2677335287E+02 +-    1.5509478384E+00   
vpotper v8                     5.00000000E-03  -1.2677335287E+02 +-    1.5509478384E+00   
vpotv6pr-vpotv6per diff        5.00000000E-03   0.0000000000E+00 +-    0.0000000000E+00   
vpotv8pr-vpotv8per diff        5.00000000E-03   0.0000000000E+00 +-    0.0000000000E+00   
2piapr-2pia diff               5.00000000E-03   0.0000000000E+00 +-    0.0000000000E+00   
vd1pr-vd1 diff                 5.00000000E-03   0.0000000000E+00 +-    0.0000000000E+00   
vepr-ve diff                   5.00000000E-03   0.0000000000E+00 +-    0.0000000000E+00   
diff1 2piapr-2pia-2picxx       5.00000000E-03   0.0000000000E+00 +-    0.0000000000E+00   
diff2 vd1pr-vd1-2picxd         5.00000000E-03   0.0000000000E+00 +-    0.0000000000E+00   
diff3 vepr-ve-2picdd           5.00000000E-03   0.0000000000E+00 +-    0.0000000000E+00   
sum diff1+dif2+diff3           5.00000000E-03   0.0000000000E+00 +-    0.0000000000E+00   
proton rms                     5.00000000E-03   1.9849182081E+00 +-    1.0810421047E-02   
neutron rms                    5.00000000E-03   2.0055590955E+00 +-    1.2139483593E-02   
total rms                      5.00000000E-03   1.9946242715E+00 +-    1.0280167465E-02   
neutron-proton rms             5.00000000E-03   2.0640887422E-02 +-    1.0242294455E-02   
GT sigXtau+                    5.00000000E-03   8.2293201618E-06 +-    2.0136625550E-05   
GT sigYtau+                    5.00000000E-03  -1.5018465709E-04 +-    2.1480050725E-05   
GT sigZtau+                    5.00000000E-03   9.1369599876E-05 +-    2.1138790943E-05   
GT sigXtau-                    5.00000000E-03  -5.7811279858E-05 +-    2.1309957488E-05   
GT sigYtau-                    5.00000000E-03   9.2381678201E-05 +-    2.2141719371E-05   
GT sigZtau-                    5.00000000E-03  -2.5142681202E-05 +-    2.0858092561E-05   
F tau+                         5.00000000E-03  -1.5889288703E-19 +-    3.8797418115E-20   
F tau-                         5.00000000E-03  -2.6689673185E-20 +-    4.0125146401E-20   
Psi**2                         5.00000000E-03   2.4395442236E-05 +-    5.5940336936E-07   
single crossing/step           5.00000000E-03   7.4871368489E-03 +-    4.1244887844E-05   
global crossing/step           5.00000000E-03   7.3923629647E-03 +-    8.1969939111E-05   
energy numerator(real)         5.00000000E-03  -1.8565880452E+01 +-    7.7466287360E-01   
denominator psit/psigi(real)   5.00000000E-03   6.9152995074E-01 +-    1.2381029742E-02   
energy numerator(aimag)        5.00000000E-03   2.3020609861E-01 +-    5.1568912110E-01   
denominator psit/psigi(aimag)  5.00000000E-03   8.1295666883E-03 +-    8.3164470003E-03   
growth(lin dt) energy          5.00000000E-03  -2.0622579661E+02 +-    5.0924632157E+00   
growth(global) energy          5.00000000E-03  -2.0500331027E+02 +-    1.2302210139E+01
growth energy                  5.00000000E-03  -2.0609539232E+02 +-    5.0791593768E+00
Time for propagation (sec) (min) =          21.775      0.363
Time for energies (sec) (min) =              0.791      0.013
Time for load balancing (sec) (min) =        0.025      0.000
Time for block (sec) (min) =                23.147      0.386
Time for operators (sec) (min) =             0.022      0.000
Elapsed block time (sec) (min) =            43.253      0.721
 
 walkers multiplicity, block, total
   0          47642          84051
   1        1008518        1867541
   2          47559          85613
   3            288            478
   4             64             94
   5             16             25
   6              2              7
   7              0              2
   8              3              5
   9              0              0
  20              0              1
 
 

iteration =                               3
walker number =                       10804
total energy-propagated        7.50000000E-03  -2.5689505831E+01 +-    4.4193582450E-01   
kinetic energy                 7.50000000E-03   1.0696427939E+02 +-    1.5469553509E+00   
potential energy               7.50000000E-03  -1.3265378522E+02 +-    1.5959634332E+00   
im energy                      7.50000000E-03  -9.1690227729E-01 +-    3.0359396686E-01   
imkin energy                   7.50000000E-03  -6.0420112575E+00 +-    5.5975490926E-01   
impot energy                   7.50000000E-03   5.1251089802E+00 +-    6.2102770728E-01   
v cent                         7.50000000E-03   1.7624722745E+01 +-    1.5539670951E+00   
v tau                          7.50000000E-03  -5.8513786320E+00 +-    2.2821984622E-01   
v sigma                        7.50000000E-03  -1.0527054953E+01 +-    2.2985115148E-01   
v sigtau                       7.50000000E-03  -6.4798166125E+01 +-    5.3648566807E-01   
v tensor                       7.50000000E-03   2.3915271533E+00 +-    1.8066663204E-01   
v tenstau                      7.50000000E-03  -7.1493435413E+01 +-    1.1963610515E+00   
v ls                           7.50000000E-03   0.0000000000E+00 +-    0.0000000000E+00   
v lstau                        7.50000000E-03   0.0000000000E+00 +-    0.0000000000E+00   
vpot v6                        7.50000000E-03  -1.3265378522E+02 +-    1.5959634332E+00   
vpot v8                        7.50000000E-03  -1.3265378522E+02 +-    1.5959634332E+00   
v coulomb                      7.50000000E-03   7.2658244683E-01 +-    2.2153452431E-03   
v external                     7.50000000E-03   0.0000000000E+00 +-    0.0000000000E+00   
tni 2pipr-anticomm             7.50000000E-03   0.0000000000E+00 +-    0.0000000000E+00   
tni vd1pr                      7.50000000E-03   0.0000000000E+00 +-    0.0000000000E+00   
tni vepr                       7.50000000E-03   0.0000000000E+00 +-    0.0000000000E+00   
tni central                    7.50000000E-03   0.0000000000E+00 +-    0.0000000000E+00   
tni 2pixx-anticommutator       7.50000000E-03   0.0000000000E+00 +-    0.0000000000E+00   
tni 2pixd-anticommutator       7.50000000E-03   0.0000000000E+00 +-    0.0000000000E+00   
tni 2pidd-anticommutator       7.50000000E-03   0.0000000000E+00 +-    0.0000000000E+00   
tni 2pixx-commutator           7.50000000E-03   0.0000000000E+00 +-    0.0000000000E+00   
tni 2pixd-commutator           7.50000000E-03   0.0000000000E+00 +-    0.0000000000E+00   
tni 2pidd-commutator           7.50000000E-03   0.0000000000E+00 +-    0.0000000000E+00   
tni 2pi-tm                     7.50000000E-03   0.0000000000E+00 +-    0.0000000000E+00   
tni vd1                        7.50000000E-03   0.0000000000E+00 +-    0.0000000000E+00   
tni vd2                        7.50000000E-03   0.0000000000E+00 +-    0.0000000000E+00   
tni ve                         7.50000000E-03   0.0000000000E+00 +-    0.0000000000E+00   
vpottot v8+tni                 7.50000000E-03  -1.3265378522E+02 +-    1.5959634332E+00   
enetot v8+tni                  7.50000000E-03  -2.5689505831E+01 +-    4.4193582450E-01   
vper cent                      7.50000000E-03   1.7624722745E+01 +-    1.5539670951E+00   
vper tau                       7.50000000E-03  -5.8513786320E+00 +-    2.2821984622E-01   
vper sigma                     7.50000000E-03  -1.0527054953E+01 +-    2.2985115148E-01   
vper sigtau                    7.50000000E-03  -6.4798166125E+01 +-    5.3648566807E-01   
vper tensor                    7.50000000E-03   2.3915271533E+00 +-    1.8066663204E-01   
vper tenstau                   7.50000000E-03  -7.1493435413E+01 +-    1.1963610515E+00   
vper ls                        7.50000000E-03   0.0000000000E+00 +-    0.0000000000E+00   
vper lstau                     7.50000000E-03   0.0000000000E+00 +-    0.0000000000E+00   
vpotper v6                     7.50000000E-03  -1.3265378522E+02 +-    1.5959634332E+00   
vpotper v8                     7.50000000E-03  -1.3265378522E+02 +-    1.5959634332E+00   
vpotv6pr-vpotv6per diff        7.50000000E-03   0.0000000000E+00 +-    0.0000000000E+00   
vpotv8pr-vpotv8per diff        7.50000000E-03   0.0000000000E+00 +-    0.0000000000E+00   
2piapr-2pia diff               7.50000000E-03   0.0000000000E+00 +-    0.0000000000E+00   
vd1pr-vd1 diff                 7.50000000E-03   0.0000000000E+00 +-    0.0000000000E+00   
vepr-ve diff                   7.50000000E-03   0.0000000000E+00 +-    0.0000000000E+00   
diff1 2piapr-2pia-2picxx       7.50000000E-03   0.0000000000E+00 +-    0.0000000000E+00   
diff2 vd1pr-vd1-2picxd         7.50000000E-03   0.0000000000E+00 +-    0.0000000000E+00   
diff3 vepr-ve-2picdd           7.50000000E-03   0.0000000000E+00 +-    0.0000000000E+00   
sum diff1+dif2+diff3           7.50000000E-03   0.0000000000E+00 +-    0.0000000000E+00   
proton rms                     7.50000000E-03   2.0535042805E+00 +-    1.0778684692E-02   
neutron rms                    7.50000000E-03   1.9863562784E+00 +-    1.1383157006E-02   
total rms                      7.50000000E-03   2.0308898556E+00 +-    1.0431251558E-02   
neutron-proton rms             7.50000000E-03  -6.7148002120E-02 +-    8.0157392316E-03   
GT sigXtau+                    7.50000000E-03   2.0073408724E-04 +-    1.8755325375E-05   
GT sigYtau+                    7.50000000E-03   8.1908460005E-05 +-    1.8148080080E-05   
GT sigZtau+                    7.50000000E-03  -1.8507685406E-04 +-    2.0674371614E-05   
GT sigXtau-                    7.50000000E-03  -1.3918116776E-04 +-    2.3096372223E-05   
GT sigYtau-                    7.50000000E-03   3.9764947835E-05 +-    2.1180782907E-05   
GT sigZtau-                    7.50000000E-03  -1.1395112796E-04 +-    1.9802018613E-05   
F tau+                         7.50000000E-03   1.4575423298E-19 +-    3.5418771489E-20   
F tau-                         7.50000000E-03   3.9793119468E-19 +-    3.6226996237E-20   
Psi**2                         7.50000000E-03   2.1234673111E-05 +-    6.2878350515E-07   
single crossing/step           7.50000000E-03   7.8167264192E-03 +-    4.2164181424E-05   
global crossing/step           7.50000000E-03   7.6636011040E-03 +-    8.3504747796E-05   
energy numerator(real)         7.50000000E-03  -9.8686035552E+00 +-    9.2175455381E-01   
denominator psit/psigi(real)   7.50000000E-03   3.8055612094E-01 +-    1.3414603869E-02   
energy numerator(aimag)        7.50000000E-03  -8.8296509930E-03 +-    6.2029951912E-01   
denominator psit/psigi(aimag)  7.50000000E-03   3.7150283539E-02 +-    8.9160229689E-03   
growth(lin dt) energy          7.50000000E-03  -2.3698639302E+02 +-    5.5559164349E+00   
growth(global) energy          7.50000000E-03  -2.3387962613E+02 +-    1.0710042570E+01
growth energy                  7.50000000E-03  -2.3676581453E+02 +-    5.5371228465E+00
Time for propagation (sec) (min) =          21.749      0.362
Time for energies (sec) (min) =              0.756      0.013
Time for load balancing (sec) (min) =        0.035      0.001
Time for block (sec) (min) =                23.085      0.385
Time for operators (sec) (min) =             0.022      0.000
Elapsed block time (sec) (min) =            66.360      1.106
 
 walkers multiplicity, block, total
   0          51767         135818
   1        1012377        2879918
   2          50087         135700
   3            338            816
   4             78            172
   5             20             45
   6              7             14
   7              6              8
   8              3              8
   9              1              1
  13              1              1
  15              1              1
  16              1              1
  20              2              3
 
 

iteration =                               4
walker number =                       11055
total energy-propagated        1.00000000E-02  -2.2902886250E+01 +-    5.2067600926E-01   
kinetic energy                 1.00000000E-02   8.5763414009E+01 +-    2.0381929520E+00   
potential energy               1.00000000E-02  -1.0866630026E+02 +-    2.2523573975E+00   
im energy                      1.00000000E-02   1.7711693454E+00 +-    3.6323536952E-01   
imkin energy                   1.00000000E-02   6.4847043764E+00 +-    4.4056752735E-01   
impot energy                   1.00000000E-02  -4.7135350310E+00 +-    4.7441550630E-01   
v cent                         1.00000000E-02   2.4184074390E+01 +-    1.9777157594E+00   
v tau                          1.00000000E-02  -8.7575124226E+00 +-    3.0133096506E-01   
v sigma                        1.00000000E-02  -7.3475368620E+00 +-    3.4705416476E-01   
v sigtau                       1.00000000E-02  -5.7708800920E+01 +-    5.0829202817E-01   
v tensor                       1.00000000E-02   1.5895891836E+00 +-    1.2528256742E-01   
v tenstau                      1.00000000E-02  -6.0626113628E+01 +-    1.0943336467E+00   
v ls                           1.00000000E-02   0.0000000000E+00 +-    0.0000000000E+00   
v lstau                        1.00000000E-02   0.0000000000E+00 +-    0.0000000000E+00   
vpot v6                        1.00000000E-02  -1.0866630026E+02 +-    2.2523573975E+00   
vpot v8                        1.00000000E-02  -1.0866630026E+02 +-    2.2523573975E+00   
v coulomb                      1.00000000E-02   7.0001807267E-01 +-    3.1403283606E-03   
v external                     1.00000000E-02   0.0000000000E+00 +-    0.0000000000E+00   
tni 2pipr-anticomm             1.00000000E-02   0.0000000000E+00 +-    0.0000000000E+00   
tni vd1pr                      1.00000000E-02   0.0000000000E+00 +-    0.0000000000E+00   
tni vepr                       1.00000000E-02   0.0000000000E+00 +-    0.0000000000E+00   
tni central                    1.00000000E-02   0.0000000000E+00 +-    0.0000000000E+00   
tni 2pixx-anticommutator       1.00000000E-02   0.0000000000E+00 +-    0.0000000000E+00   
tni 2pixd-anticommutator       1.00000000E-02   0.0000000000E+00 +-    0.0000000000E+00   
tni 2pidd-anticommutator       1.00000000E-02   0.0000000000E+00 +-    0.0000000000E+00   
tni 2pixx-commutator           1.00000000E-02   0.0000000000E+00 +-    0.0000000000E+00   
tni 2pixd-commutator           1.00000000E-02   0.0000000000E+00 +-    0.0000000000E+00   
tni 2pidd-commutator           1.00000000E-02   0.0000000000E+00 +-    0.0000000000E+00   
tni 2pi-tm                     1.00000000E-02   0.0000000000E+00 +-    0.0000000000E+00   
tni vd1                        1.00000000E-02   0.0000000000E+00 +-    0.0000000000E+00   
tni vd2                        1.00000000E-02   0.0000000000E+00 +-    0.0000000000E+00   
tni ve                         1.00000000E-02   0.0000000000E+00 +-    0.0000000000E+00   
vpottot v8+tni                 1.00000000E-02  -1.0866630026E+02 +-    2.2523573975E+00   
enetot v8+tni                  1.00000000E-02  -2.2902886250E+01 +-    5.2067600926E-01   
vper cent                      1.00000000E-02   2.4184074390E+01 +-    1.9777157594E+00   
vper tau                       1.00000000E-02  -8.7575124226E+00 +-    3.0133096506E-01   
vper sigma                     1.00000000E-02  -7.3475368620E+00 +-    3.4705416476E-01   
vper sigtau                    1.00000000E-02  -5.7708800920E+01 +-    5.0829202817E-01   
vper tensor                    1.00000000E-02   1.5895891836E+00 +-    1.2528256742E-01   
vper tenstau                   1.00000000E-02  -6.0626113628E+01 +-    1.0943336467E+00   
vper ls                        1.00000000E-02   0.0000000000E+00 +-    0.0000000000E+00   
vper lstau                     1.00000000E-02   0.0000000000E+00 +-    0.0000000000E+00   
vpotper v6                     1.00000000E-02  -1.0866630026E+02 +-    2.2523573975E+00   
vpotper v8                     1.00000000E-02  -1.0866630026E+02 +-    2.2523573975E+00   
vpotv6pr-vpotv6per diff        1.00000000E-02   0.0000000000E+00 +-    0.0000000000E+00   
vpotv8pr-vpotv8per diff        1.00000000E-02   0.0000000000E+00 +-    0.0000000000E+00   
2piapr-2pia diff               1.00000000E-02   0.0000000000E+00 +-    0.0000000000E+00   
vd1pr-vd1 diff                 1.00000000E-02   0.0000000000E+00 +-    0.0000000000E+00   
vepr-ve diff                   1.00000000E-02   0.0000000000E+00 +-    0.0000000000E+00   
diff1 2piapr-2pia-2picxx       1.00000000E-02   0.0000000000E+00 +-    0.0000000000E+00   
diff2 vd1pr-vd1-2picxd         1.00000000E-02   0.0000000000E+00 +-    0.0000000000E+00   
diff3 vepr-ve-2picdd           1.00000000E-02   0.0000000000E+00 +-    0.0000000000E+00   
sum diff1+dif2+diff3           1.00000000E-02   0.0000000000E+00 +-    0.0000000000E+00   
proton rms                     1.00000000E-02   2.1122816570E+00 +-    1.5352214507E-02   
neutron rms                    1.00000000E-02   1.9933776503E+00 +-    1.0384023079E-02   
total rms                      1.00000000E-02   2.0457832340E+00 +-    1.1102001979E-02   
neutron-proton rms             1.00000000E-02  -1.1890400672E-01 +-    1.2486120806E-02   
GT sigXtau+                    1.00000000E-02   1.1490041167E-04 +-    2.7153450810E-05   
GT sigYtau+                    1.00000000E-02   1.3140251001E-04 +-    2.7049541033E-05   
GT sigZtau+                    1.00000000E-02  -3.0605491556E-05 +-    1.9475793835E-05   
GT sigXtau-                    1.00000000E-02   2.4989444862E-04 +-    1.9070551199E-05   
GT sigYtau-                    1.00000000E-02  -1.9920419091E-04 +-    1.7399516901E-05   
GT sigZtau-                    1.00000000E-02   2.0079731520E-04 +-    8.9259877098E-06   
F tau+                         1.00000000E-02   3.3426694706E-19 +-    3.9726477884E-20   
F tau-                         1.00000000E-02  -3.7110225284E-21 +-    2.9826634815E-20   
Psi**2                         1.00000000E-02   2.5460605778E-05 +-    6.1332706995E-07   
single crossing/step           1.00000000E-02   8.0049210580E-03 +-    4.2533943814E-05   
global crossing/step           1.00000000E-02   7.9320164947E-03 +-    8.4682736664E-05   
energy numerator(real)         1.00000000E-02  -4.3290384258E+00 +-    9.0827674740E-01   
denominator psit/psigi(real)   1.00000000E-02   1.9028686219E-01 +-    1.3633431088E-02   
energy numerator(aimag)        1.00000000E-02  -7.5946378289E-01 +-    6.3941249357E-01   
denominator psit/psigi(aimag)  1.00000000E-02   2.2349921336E-02 +-    9.0342715396E-03   
growth(lin dt) energy          1.00000000E-02  -2.5071157239E+02 +-    5.6247690562E+00   
growth(global) energy          1.00000000E-02  -2.6331905608E+02 +-    1.1272311011E+01
growth energy                  1.00000000E-02  -2.5044317490E+02 +-    5.6038214266E+00
Time for propagation (sec) (min) =          21.879      0.365
Time for energies (sec) (min) =              0.773      0.013
Time for load balancing (sec) (min) =        0.034      0.001
Time for block (sec) (min) =                23.231      0.387
Time for operators (sec) (min) =             0.019      0.000
Elapsed block time (sec) (min) =            89.618      1.494
 
 walkers multiplicity, block, total
   0          54433         190251
   1        1013007        3892925
   2          53423         189123
   3            434           1250
   4             73            245
   5             30             75
   6              5             19
   7              1              9
   8              2             10
   9              0              1
  10              1              1
  13              0              1
  15              0              1
  16              0              1
  20              0              3
 
 

iteration =                               5
walker number =                       11220
total energy-propagated        1.25000000E-02  -1.0347958787E+01 +-    3.8682379395E+00   
kinetic energy                 1.25000000E-02   1.2035933343E+02 +-    4.2543274151E+00   
potential energy               1.25000000E-02  -1.3070729221E+02 +-    2.8503584865E+00   
im energy                      1.25000000E-02  -1.4554011016E+00 +-    6.6956720385E-01   
imkin energy                   1.25000000E-02  -5.0894689611E+00 +-    3.1040634817E+00   
impot energy                   1.25000000E-02   3.6340678595E+00 +-    2.4723358952E+00   
v cent                         1.25000000E-02   3.6888124865E+01 +-    1.4030973980E+00   
v tau                          1.25000000E-02  -1.4692042832E+01 +-    1.2121465044E+00   
v sigma                        1.25000000E-02   3.1849555136E+00 +-    2.1877913913E+00   
v sigtau                       1.25000000E-02  -6.5865031273E+01 +-    2.1465962024E+00   
v tensor                       1.25000000E-02   4.9826568642E+00 +-    3.6147586123E-01   
v tenstau                      1.25000000E-02  -9.5205955351E+01 +-    3.3429439701E+00   
v ls                           1.25000000E-02   0.0000000000E+00 +-    0.0000000000E+00   
v lstau                        1.25000000E-02   0.0000000000E+00 +-    0.0000000000E+00   
vpot v6                        1.25000000E-02  -1.3070729221E+02 +-    2.8503584865E+00   
vpot v8                        1.25000000E-02  -1.3070729221E+02 +-    2.8503584865E+00   
v coulomb                      1.25000000E-02   7.6394359646E-01 +-    3.3995865176E-03   
v external                     1.25000000E-02   0.0000000000E+00 +-    0.0000000000E+00   
tni 2pipr-anticomm             1.25000000E-02   0.0000000000E+00 +-    0.0000000000E+00   
tni vd1pr                      1.25000000E-02   0.0000000000E+00 +-    0.0000000000E+00   
tni vepr                       1.25000000E-02   0.0000000000E+00 +-    0.0000000000E+00   
tni central                    1.25000000E-02   0.0000000000E+00 +-    0.0000000000E+00   
tni 2pixx-anticommutator       1.25000000E-02   0.0000000000E+00 +-    0.0000000000E+00   
tni 2pixd-anticommutator       1.25000000E-02   0.0000000000E+00 +-    0.0000000000E+00   
tni 2pidd-anticommutator       1.25000000E-02   0.0000000000E+00 +-    0.0000000000E+00   
tni 2pixx-commutator           1.25000000E-02   0.0000000000E+00 +-    0.0000000000E+00   
tni 2pixd-commutator           1.25000000E-02   0.0000000000E+00 +-    0.0000000000E+00   
tni 2pidd-commutator           1.25000000E-02   0.0000000000E+00 +-    0.0000000000E+00   
tni 2pi-tm                     1.25000000E-02   0.0000000000E+00 +-    0.0000000000E+00   
tni vd1                        1.25000000E-02   0.0000000000E+00 +-    0.0000000000E+00   
tni vd2                        1.25000000E-02   0.0000000000E+00 +-    0.0000000000E+00   
tni ve                         1.25000000E-02   0.0000000000E+00 +-    0.0000000000E+00   
vpottot v8+tni                 1.25000000E-02  -1.3070729221E+02 +-    2.8503584865E+00   
enetot v8+tni                  1.25000000E-02  -1.0347958787E+01 +-    3.8682379395E+00   
vper cent                      1.25000000E-02   3.6888124865E+01 +-    1.4030973980E+00   
vper tau                       1.25000000E-02  -1.4692042832E+01 +-    1.2121465044E+00   
vper sigma                     1.25000000E-02   3.1849555136E+00 +-    2.1877913913E+00   
vper sigtau                    1.25000000E-02  -6.5865031273E+01 +-    2.1465962024E+00   
vper tensor                    1.25000000E-02   4.9826568642E+00 +-    3.6147586123E-01   
vper tenstau                   1.25000000E-02  -9.5205955351E+01 +-    3.3429439701E+00   
vper ls                        1.25000000E-02   0.0000000000E+00 +-    0.0000000000E+00   
vper lstau                     1.25000000E-02   0.0000000000E+00 +-    0.0000000000E+00   
vpotper v6                     1.25000000E-02  -1.3070729221E+02 +-    2.8503584865E+00   
vpotper v8                     1.25000000E-02  -1.3070729221E+02 +-    2.8503584865E+00   
vpotv6pr-vpotv6per diff        1.25000000E-02   0.0000000000E+00 +-    0.0000000000E+00   
vpotv8pr-vpotv8per diff        1.25000000E-02   0.0000000000E+00 +-    0.0000000000E+00   
2piapr-2pia diff               1.25000000E-02   0.0000000000E+00 +-    0.0000000000E+00   
vd1pr-vd1 diff                 1.25000000E-02   0.0000000000E+00 +-    0.0000000000E+00   
vepr-ve diff                   1.25000000E-02   0.0000000000E+00 +-    0.0000000000E+00   
diff1 2piapr-2pia-2picxx       1.25000000E-02   0.0000000000E+00 +-    0.0000000000E+00   
diff2 vd1pr-vd1-2picxd         1.25000000E-02   0.0000000000E+00 +-    0.0000000000E+00   
diff3 vepr-ve-2picdd           1.25000000E-02   0.0000000000E+00 +-    0.0000000000E+00   
sum diff1+dif2+diff3           1.25000000E-02   0.0000000000E+00 +-    0.0000000000E+00   
proton rms                     1.25000000E-02   1.9832190767E+00 +-    1.1184669524E-02   
neutron rms                    1.25000000E-02   2.1240580367E+00 +-    1.4186779520E-02   
total rms                      1.25000000E-02   2.0504724098E+00 +-    1.0957091870E-02   
neutron-proton rms             1.25000000E-02   1.4083896005E-01 +-    1.3766397556E-02   
GT sigXtau+                    1.25000000E-02  -2.4424594476E-04 +-    2.4542911671E-05   
GT sigYtau+                    1.25000000E-02  -7.9527543609E-05 +-    2.4405009743E-05   
GT sigZtau+                    1.25000000E-02  -5.9312446206E-04 +-    1.9841975231E-05   
GT sigXtau-                    1.25000000E-02   8.6170975760E-04 +-    1.9075405941E-05   
GT sigYtau-                    1.25000000E-02  -7.4644467640E-05 +-    3.1477261196E-05   
GT sigZtau-                    1.25000000E-02  -3.7478422037E-04 +-    2.2460993803E-05   
F tau+                         1.25000000E-02   7.9697855249E-19 +-    2.7935496033E-20   
F tau-                         1.25000000E-02   2.9363863763E-19 +-    2.3508418299E-20   
Psi**2                         1.25000000E-02   9.0210072811E-06 +-    5.8197639051E-07   
single crossing/step           1.25000000E-02   7.8861205382E-03 +-    4.2414053084E-05   
global crossing/step           1.25000000E-02   7.7053959845E-03 +-    8.3858115616E-05   
energy numerator(real)         1.25000000E-02  -1.1605696698E+00 +-    1.5370110347E+00   
denominator psit/psigi(real)   1.25000000E-02   1.0927691173E-01 +-    1.3571723590E-02   
energy numerator(aimag)        1.25000000E-02   1.6160856239E-01 +-    5.6564671940E-01   
denominator psit/psigi(aimag)  1.25000000E-02   1.1567170502E-02 +-    8.9627090737E-03   
growth(lin dt) energy          1.25000000E-02  -2.4808263260E+02 +-    5.5786870500E+00   
growth(global) energy          1.25000000E-02  -2.5858291824E+02 +-    1.2999378991E+01
growth energy                  1.25000000E-02  -2.4782375651E+02 +-    5.5582781765E+00
Time for propagation (sec) (min) =          21.680      0.361
Time for energies (sec) (min) =              0.785      0.013
Time for load balancing (sec) (min) =        0.031      0.001
Time for block (sec) (min) =                23.001      0.383
Time for operators (sec) (min) =             0.022      0.000
Elapsed block time (sec) (min) =           112.640      1.877
 
 walkers multiplicity, block, total
   0          53868         244119
   1        1004043        4896968
   2          53029         242152
   3            354           1604
   4             56            301
   5             15             90
   6              3             22
   7              2             11
   8              2             12
   9              2              3
  10              0              1
  12              1              1
  13              0              1
  15              0              1
  16              0              1
  20              0              3
 
 

iteration =                               6
walker number =                       10757
total energy-propagated        1.50000000E-02   2.0741043625E+00 +-    8.7893738696E-01   
kinetic energy                 1.50000000E-02   1.0126707280E+02 +-    3.7008296651E+00   
potential energy               1.50000000E-02  -9.9192968437E+01 +-    3.9954778045E+00   
im energy                      1.50000000E-02  -4.3974872092E+00 +-    6.0436841969E-01   
imkin energy                   1.50000000E-02   1.0341880124E+00 +-    1.1793627174E+00   
impot energy                   1.50000000E-02  -5.4316752216E+00 +-    1.4567314409E+00   
v cent                         1.50000000E-02  -8.6614200177E+01 +-    4.2777913129E+00   
v tau                          1.50000000E-02   1.5776514795E+01 +-    9.2784160248E-01   
v sigma                        1.50000000E-02  -4.5432142782E+01 +-    7.1528067209E-01   
v sigtau                       1.50000000E-02  -5.6294408260E+01 +-    2.8327919048E-01   
v tensor                       1.50000000E-02  -1.7427285223E+01 +-    4.9464896341E-01   
v tenstau                      1.50000000E-02   9.0798553210E+01 +-    2.7706725390E+00   
v ls                           1.50000000E-02   0.0000000000E+00 +-    0.0000000000E+00   
v lstau                        1.50000000E-02   0.0000000000E+00 +-    0.0000000000E+00   
vpot v6                        1.50000000E-02  -9.9192968437E+01 +-    3.9954778045E+00   
vpot v8                        1.50000000E-02  -9.9192968437E+01 +-    3.9954778045E+00   
v coulomb                      1.50000000E-02   4.7310860300E-01 +-    5.5734419355E-03   
v external                     1.50000000E-02   0.0000000000E+00 +-    0.0000000000E+00   
tni 2pipr-anticomm             1.50000000E-02   0.0000000000E+00 +-    0.0000000000E+00   
tni vd1pr                      1.50000000E-02   0.0000000000E+00 +-    0.0000000000E+00   
tni vepr                       1.50000000E-02   0.0000000000E+00 +-    0.0000000000E+00   
tni central                    1.50000000E-02   0.0000000000E+00 +-    0.0000000000E+00   
tni 2pixx-anticommutator       1.50000000E-02   0.0000000000E+00 +-    0.0000000000E+00   
tni 2pixd-anticommutator       1.50000000E-02   0.0000000000E+00 +-    0.0000000000E+00   
tni 2pidd-anticommutator       1.50000000E-02   0.0000000000E+00 +-    0.0000000000E+00   
tni 2pixx-commutator           1.50000000E-02   0.0000000000E+00 +-    0.0000000000E+00   
tni 2pixd-commutator           1.50000000E-02   0.0000000000E+00 +-    0.0000000000E+00   
tni 2pidd-commutator           1.50000000E-02   0.0000000000E+00 +-    0.0000000000E+00   
tni 2pi-tm                     1.50000000E-02   0.0000000000E+00 +-    0.0000000000E+00   
tni vd1                        1.50000000E-02   0.0000000000E+00 +-    0.0000000000E+00   
tni vd2                        1.50000000E-02   0.0000000000E+00 +-    0.0000000000E+00   
tni ve                         1.50000000E-02   0.0000000000E+00 +-    0.0000000000E+00   
vpottot v8+tni                 1.50000000E-02  -9.9192968437E+01 +-    3.9954778045E+00   
enetot v8+tni                  1.50000000E-02   2.0741043625E+00 +-    8.7893738696E-01   
vper cent                      1.50000000E-02  -8.6614200177E+01 +-    4.2777913129E+00   
vper tau                       1.50000000E-02   1.5776514795E+01 +-    9.2784160248E-01   
vper sigma                     1.50000000E-02  -4.5432142782E+01 +-    7.1528067209E-01   
vper sigtau                    1.50000000E-02  -5.6294408260E+01 +-    2.8327919048E-01   
vper tensor                    1.50000000E-02  -1.7427285223E+01 +-    4.9464896341E-01   
vper tenstau                   1.50000000E-02   9.0798553210E+01 +-    2.7706725390E+00   
vper ls                        1.50000000E-02   0.0000000000E+00 +-    0.0000000000E+00   
vper lstau                     1.50000000E-02   0.0000000000E+00 +-    0.0000000000E+00   
vpotper v6                     1.50000000E-02  -9.9192968437E+01 +-    3.9954778045E+00   
vpotper v8                     1.50000000E-02  -9.9192968437E+01 +-    3.9954778045E+00   
vpotv6pr-vpotv6per diff        1.50000000E-02   0.0000000000E+00 +-    0.0000000000E+00   
vpotv8pr-vpotv8per diff        1.50000000E-02   0.0000000000E+00 +-    0.0000000000E+00   
2piapr-2pia diff               1.50000000E-02   0.0000000000E+00 +-    0.0000000000E+00   
vd1pr-vd1 diff                 1.50000000E-02   0.0000000000E+00 +-    0.0000000000E+00   
vepr-ve diff                   1.50000000E-02   0.0000000000E+00 +-    0.0000000000E+00   
diff1 2piapr-2pia-2picxx       1.50000000E-02   0.0000000000E+00 +-    0.0000000000E+00   
diff2 vd1pr-vd1-2picxd         1.50000000E-02   0.0000000000E+00 +-    0.0000000000E+00   
diff3 vepr-ve-2picdd           1.50000000E-02   0.0000000000E+00 +-    0.0000000000E+00   
sum diff1+dif2+diff3           1.50000000E-02   0.0000000000E+00 +-    0.0000000000E+00   
proton rms                     1.50000000E-02   2.2930933231E+00 +-    6.8989544033E-03   
neutron rms                    1.50000000E-02   2.3365116294E+00 +-    1.7769851850E-02   
total rms                      1.50000000E-02   2.3090105373E+00 +-    1.2524714197E-02   
neutron-proton rms             1.50000000E-02   4.3418306341E-02 +-    1.2722499945E-02   
GT sigXtau+                    1.50000000E-02  -1.3306722332E-03 +-    2.9453797763E-05   
GT sigYtau+                    1.50000000E-02   1.6535779419E-03 +-    4.0023242101E-05   
GT sigZtau+                    1.50000000E-02  -3.4117273265E-03 +-    5.2813394854E-05   
GT sigXtau-                    1.50000000E-02   1.7393480808E-03 +-    3.3579102106E-05   
GT sigYtau-                    1.50000000E-02   1.8861005623E-03 +-    4.1214520525E-05   
GT sigZtau-                    1.50000000E-02  -1.7883305449E-03 +-    3.4311221108E-05   
F tau+                         1.50000000E-02   1.7785844670E-18 +-    8.3362020580E-20   
F tau-                         1.50000000E-02  -1.0143175733E-18 +-    5.8654374252E-20   
Psi**2                         1.50000000E-02   1.1459630870E-04 +-    2.0663617828E-06   
single crossing/step           1.50000000E-02   7.7586385328E-03 +-    4.1617191642E-05   
global crossing/step           1.50000000E-02   7.6160016127E-03 +-    8.2471659462E-05   
energy numerator(real)         1.50000000E-02   1.3809572915E-01 +-    8.4559710329E-01   
denominator psit/psigi(real)   1.50000000E-02   4.4855892652E-02 +-    1.3741559723E-02   
energy numerator(aimag)        1.50000000E-02   4.8703624645E-01 +-    5.8250435190E-01   
denominator psit/psigi(aimag)  1.50000000E-02  -4.0791447126E-03 +-    8.9229015396E-03   
growth(lin dt) energy          1.50000000E-02  -2.4282487499E+02 +-    5.5770078234E+00   
growth(global) energy          1.50000000E-02  -2.3145128874E+02 +-    1.1309103608E+01
growth energy                  1.50000000E-02  -2.4258452661E+02 +-    5.5573330147E+00
Time for propagation (sec) (min) =          22.159      0.369
Time for energies (sec) (min) =              0.753      0.013
Time for load balancing (sec) (min) =        0.031      0.001
Time for block (sec) (min) =                23.458      0.391
Time for operators (sec) (min) =             0.021      0.000
Elapsed block time (sec) (min) =           136.128      2.269
 
 walkers multiplicity, block, total
   0          55641         299760
   1        1025125        5922093
   2          53995         296147
   3            406           2010
   4             55            356
   5             16            106
   6              7             29
   7              9             20
   8              1             13
   9              3              6
  10              0              1
  12              2              3
  13              0              1
  15              0              1
  16              0              1
  20              0              3
 
 

iteration =                               7
walker number =                       11084
total energy-propagated        1.75000000E-02  -9.0457709724E+01 +-    1.1897982297E+00   
kinetic energy                 1.75000000E-02   2.3520729727E+02 +-    3.3902843748E+00   
potential energy               1.75000000E-02  -3.2566500700E+02 +-    3.4708839376E+00   
im energy                      1.75000000E-02  -4.9061715536E+01 +-    6.5977546588E-01   
imkin energy                   1.75000000E-02   2.5273382207E+01 +-    1.4849709264E+00   
impot energy                   1.75000000E-02  -7.4335097742E+01 +-    1.9219865515E+00   
v cent                         1.75000000E-02  -1.8068346597E+01 +-    3.0194100093E+00   
v tau                          1.75000000E-02  -5.3629563840E+01 +-    1.5051044165E+00   
v sigma                        1.75000000E-02   8.8878962892E+00 +-    4.7108142218E-01   
v sigtau                       1.75000000E-02  -7.4180943595E+01 +-    4.5964117932E-01   
v tensor                       1.75000000E-02   2.5992730560E+01 +-    4.1551429068E-01   
v tenstau                      1.75000000E-02  -2.1466677982E+02 +-    2.0159241557E+00   
v ls                           1.75000000E-02   0.0000000000E+00 +-    0.0000000000E+00   
v lstau                        1.75000000E-02   0.0000000000E+00 +-    0.0000000000E+00   
vpot v6                        1.75000000E-02  -3.2566500700E+02 +-    3.4708839376E+00   
vpot v8                        1.75000000E-02  -3.2566500700E+02 +-    3.4708839376E+00   
v coulomb                      1.75000000E-02   1.2592402087E+00 +-    3.2387085446E-03   
v external                     1.75000000E-02   0.0000000000E+00 +-    0.0000000000E+00   
tni 2pipr-anticomm             1.75000000E-02   0.0000000000E+00 +-    0.0000000000E+00   
tni vd1pr                      1.75000000E-02   0.0000000000E+00 +-    0.0000000000E+00   
tni vepr                       1.75000000E-02   0.0000000000E+00 +-    0.0000000000E+00   
tni central                    1.75000000E-02   0.0000000000E+00 +-    0.0000000000E+00   
tni 2pixx-anticommutator       1.75000000E-02   0.0000000000E+00 +-    0.0000000000E+00   
tni 2pixd-anticommutator       1.75000000E-02   0.0000000000E+00 +-    0.0000000000E+00   
tni 2pidd-anticommutator       1.75000000E-02   0.0000000000E+00 +-    0.0000000000E+00   
tni 2pixx-commutator           1.75000000E-02   0.0000000000E+00 +-    0.0000000000E+00   
tni 2pixd-commutator           1.75000000E-02   0.0000000000E+00 +-    0.0000000000E+00   
tni 2pidd-commutator           1.75000000E-02   0.0000000000E+00 +-    0.0000000000E+00   
tni 2pi-tm                     1.75000000E-02   0.0000000000E+00 +-    0.0000000000E+00   
tni vd1                        1.75000000E-02   0.0000000000E+00 +-    0.0000000000E+00   
tni vd2                        1.75000000E-02   0.0000000000E+00 +-    0.0000000000E+00   
tni ve                         1.75000000E-02   0.0000000000E+00 +-    0.0000000000E+00   
vpottot v8+tni                 1.75000000E-02  -3.2566500700E+02 +-    3.4708839376E+00   
enetot v8+tni                  1.75000000E-02  -9.0457709724E+01 +-    1.1897982297E+00   
vper cent                      1.75000000E-02  -1.8068346597E+01 +-    3.0194100093E+00   
vper tau                       1.75000000E-02  -5.3629563840E+01 +-    1.5051044165E+00   
vper sigma                     1.75000000E-02   8.8878962892E+00 +-    4.7108142218E-01   
vper sigtau                    1.75000000E-02  -7.4180943595E+01 +-    4.5964117932E-01   
vper tensor                    1.75000000E-02   2.5992730560E+01 +-    4.1551429068E-01   
vper tenstau                   1.75000000E-02  -2.1466677982E+02 +-    2.0159241557E+00   
vper ls                        1.75000000E-02   0.0000000000E+00 +-    0.0000000000E+00   
vper lstau                     1.75000000E-02   0.0000000000E+00 +-    0.0000000000E+00   
vpotper v6                     1.75000000E-02  -3.2566500700E+02 +-    3.4708839376E+00   
vpotper v8                     1.75000000E-02  -3.2566500700E+02 +-    3.4708839376E+00   
vpotv6pr-vpotv6per diff        1.75000000E-02   0.0000000000E+00 +-    0.0000000000E+00   
vpotv8pr-vpotv8per diff        1.75000000E-02   0.0000000000E+00 +-    0.0000000000E+00   
2piapr-2pia diff               1.75000000E-02   0.0000000000E+00 +-    0.0000000000E+00   
vd1pr-vd1 diff                 1.75000000E-02   0.0000000000E+00 +-    0.0000000000E+00   
vepr-ve diff                   1.75000000E-02   0.0000000000E+00 +-    0.0000000000E+00   
diff1 2piapr-2pia-2picxx       1.75000000E-02   0.0000000000E+00 +-    0.0000000000E+00   
diff2 vd1pr-vd1-2picxd         1.75000000E-02   0.0000000000E+00 +-    0.0000000000E+00   
diff3 vepr-ve-2picdd           1.75000000E-02   0.0000000000E+00 +-    0.0000000000E+00   
sum diff1+dif2+diff3           1.75000000E-02   0.0000000000E+00 +-    0.0000000000E+00   
proton rms                     1.75000000E-02   1.1415812372E+00 +-    1.5671883679E-02   
neutron rms                    1.75000000E-02   2.4828526543E+00 +-    1.2836904413E-02   
total rms                      1.75000000E-02   1.7935884510E+00 +-    1.0195861450E-02   
neutron-proton rms             1.75000000E-02   1.3412714171E+00 +-    2.1204201565E-02   
GT sigXtau+                    1.75000000E-02   1.2751085809E-03 +-    7.5856149866E-05   
GT sigYtau+                    1.75000000E-02   1.4215701398E-03 +-    5.2818367416E-05   
GT sigZtau+                    1.75000000E-02  -6.5511636824E-04 +-    5.0265506301E-05   
GT sigXtau-                    1.75000000E-02   6.1715017046E-04 +-    4.1332291917E-05   
GT sigYtau-                    1.75000000E-02   6.2420584528E-04 +-    5.3236431539E-05   
GT sigZtau-                    1.75000000E-02  -3.8348223882E-04 +-    4.9352863539E-05   
F tau+                         1.75000000E-02   2.6286125480E-18 +-    8.2742818681E-20   
F tau-                         1.75000000E-02   2.2478964904E-19 +-    6.9252877046E-20   
Psi**2                         1.75000000E-02   7.8289728787E-05 +-    2.3197052341E-06   
single crossing/step           1.75000000E-02   8.1909834960E-03 +-    4.3166117690E-05   
global crossing/step           1.75000000E-02   8.0175856599E-03 +-    8.5421014602E-05   
energy numerator(real)         1.75000000E-02  -2.8474693590E+00 +-    1.0518301987E+00   
denominator psit/psigi(real)   1.75000000E-02   3.0969407935E-02 +-    1.3469630058E-02   
energy numerator(aimag)        1.75000000E-02  -3.3256605339E+00 +-    7.3909112181E-01   
denominator psit/psigi(aimag)  1.75000000E-02  -4.2391950630E-04 +-    9.1188251621E-03   
growth(lin dt) energy          1.75000000E-02  -2.7591399376E+02 +-    6.0011201973E+00   
growth(global) energy          1.75000000E-02  -2.6592402650E+02 +-    1.3399743974E+01
growth energy                  1.75000000E-02  -2.7554561860E+02 +-    5.9749923803E+00
Time for propagation (sec) (min) =          21.744      0.362
Time for energies (sec) (min) =              0.776      0.013
Time for load balancing (sec) (min) =        0.032      0.001
Time for block (sec) (min) =                23.047      0.384
Time for operators (sec) (min) =             0.017      0.000
Elapsed block time (sec) (min) =           159.192      2.653
 
 walkers multiplicity, block, total
   0          55759         355519
   1        1003217        6925310
   2          54447         350594
   3            480           2490
   4             92            448
   5             36            142
   6             22             51
   7              5             25
   8              1             14
   9              5             11
  10              3              4
  11              1              1
  12              2              5
  13              0              1
  14              1              1
  15              0              1
  16              0              1
  20              0              3
 
 

iteration =                               8
walker number =                       11942
total energy-propagated        2.00000000E-02  -5.1905307609E+01 +-    1.5191417489E+00   
kinetic energy                 2.00000000E-02   2.0419719372E+02 +-    5.9999111982E+00   
potential energy               2.00000000E-02  -2.5610250133E+02 +-    5.9252545629E+00   
im energy                      2.00000000E-02   1.2827838946E+01 +-    1.2154898156E+00   
imkin energy                   2.00000000E-02   8.2214568434E+00 +-    1.5136284013E+00   
impot energy                   2.00000000E-02   4.6063821027E+00 +-    2.6793984506E+00   
v cent                         2.00000000E-02   2.1944221429E+02 +-    5.6659145544E+00   
v tau                          2.00000000E-02  -1.6848634390E+01 +-    8.9059299869E-01   
v sigma                        2.00000000E-02  -6.7187990275E+01 +-    8.7118047583E-01   
v sigtau                       2.00000000E-02  -1.8352885555E+02 +-    7.0971923645E-01   
v tensor                       2.00000000E-02   1.6116860342E+01 +-    3.5788938474E-01   
v tenstau                      2.00000000E-02  -2.2409609575E+02 +-    2.1403781304E+00   
v ls                           2.00000000E-02   0.0000000000E+00 +-    0.0000000000E+00   
v lstau                        2.00000000E-02   0.0000000000E+00 +-    0.0000000000E+00   
vpot v6                        2.00000000E-02  -2.5610250133E+02 +-    5.9252545629E+00   
vpot v8                        2.00000000E-02  -2.5610250133E+02 +-    5.9252545629E+00   
v coulomb                      2.00000000E-02   1.0594443050E+00 +-    7.0212277832E-03   
v external                     2.00000000E-02   0.0000000000E+00 +-    0.0000000000E+00   
tni 2pipr-anticomm             2.00000000E-02   0.0000000000E+00 +-    0.0000000000E+00   
tni vd1pr                      2.00000000E-02   0.0000000000E+00 +-    0.0000000000E+00   
tni vepr                       2.00000000E-02   0.0000000000E+00 +-    0.0000000000E+00   
tni central                    2.00000000E-02   0.0000000000E+00 +-    0.0000000000E+00   
tni 2pixx-anticommutator       2.00000000E-02   0.0000000000E+00 +-    0.0000000000E+00   
tni 2pixd-anticommutator       2.00000000E-02   0.0000000000E+00 +-    0.0000000000E+00   
tni 2pidd-anticommutator       2.00000000E-02   0.0000000000E+00 +-    0.0000000000E+00   
tni 2pixx-commutator           2.00000000E-02   0.0000000000E+00 +-    0.0000000000E+00   
tni 2pixd-commutator           2.00000000E-02   0.0000000000E+00 +-    0.0000000000E+00   
tni 2pidd-commutator           2.00000000E-02   0.0000000000E+00 +-    0.0000000000E+00   
tni 2pi-tm                     2.00000000E-02   0.0000000000E+00 +-    0.0000000000E+00   
tni vd1                        2.00000000E-02   0.0000000000E+00 +-    0.0000000000E+00   
tni vd2                        2.00000000E-02   0.0000000000E+00 +-    0.0000000000E+00   
tni ve                         2.00000000E-02   0.0000000000E+00 +-    0.0000000000E+00   
vpottot v8+tni                 2.00000000E-02  -2.5610250133E+02 +-    5.9252545629E+00   
enetot v8+tni                  2.00000000E-02  -5.1905307609E+01 +-    1.5191417489E+00   
vper cent                      2.00000000E-02   2.1944221429E+02 +-    5.6659145544E+00   
vper tau                       2.00000000E-02  -1.6848634390E+01 +-    8.9059299869E-01   
vper sigma                     2.00000000E-02  -6.7187990275E+01 +-    8.7118047583E-01   
vper sigtau                    2.00000000E-02  -1.8352885555E+02 +-    7.0971923645E-01   
vper tensor                    2.00000000E-02   1.6116860342E+01 +-    3.5788938474E-01   
vper tenstau                   2.00000000E-02  -2.2409609575E+02 +-    2.1403781304E+00   
vper ls                        2.00000000E-02   0.0000000000E+00 +-    0.0000000000E+00   
vper lstau                     2.00000000E-02   0.0000000000E+00 +-    0.0000000000E+00   
vpotper v6                     2.00000000E-02  -2.5610250133E+02 +-    5.9252545629E+00   
vpotper v8                     2.00000000E-02  -2.5610250133E+02 +-    5.9252545629E+00   
vpotv6pr-vpotv6per diff        2.00000000E-02   0.0000000000E+00 +-    0.0000000000E+00   
vpotv8pr-vpotv8per diff        2.00000000E-02   0.0000000000E+00 +-    0.0000000000E+00   
2piapr-2pia diff               2.00000000E-02   0.0000000000E+00 +-    0.0000000000E+00   
vd1pr-vd1 diff                 2.00000000E-02   0.0000000000E+00 +-    0.0000000000E+00   
vepr-ve diff                   2.00000000E-02   0.0000000000E+00 +-    0.0000000000E+00   
diff1 2piapr-2pia-2picxx       2.00000000E-02   0.0000000000E+00 +-    0.0000000000E+00   
diff2 vd1pr-vd1-2picxd         2.00000000E-02   0.0000000000E+00 +-    0.0000000000E+00   
diff3 vepr-ve-2picdd           2.00000000E-02   0.0000000000E+00 +-    0.0000000000E+00   
sum diff1+dif2+diff3           2.00000000E-02   0.0000000000E+00 +-    0.0000000000E+00   
proton rms                     2.00000000E-02   1.0745040917E+00 +-    1.9084315586E-02   
neutron rms                    2.00000000E-02  -7.2899594702E-01 +-    2.6254819456E-02   
total rms                      2.00000000E-02   1.5958001762E-01 +-    1.5332195574E-02   
neutron-proton rms             2.00000000E-02  -1.8035000387E+00 +-    2.4045547381E-02   
GT sigXtau+                    2.00000000E-02   2.3652107740E-04 +-    6.1506091764E-05   
GT sigYtau+                    2.00000000E-02   4.7398706548E-03 +-    9.1799230984E-05   
GT sigZtau+                    2.00000000E-02  -2.9249561902E-03 +-    5.7595377802E-05   
GT sigXtau-                    2.00000000E-02   6.8288758156E-04 +-    5.8233455788E-05   
GT sigYtau-                    2.00000000E-02  -2.7315503176E-03 +-    5.9788469984E-05   
GT sigZtau-                    2.00000000E-02   1.7652389399E-03 +-    4.2784246021E-05   
F tau+                         2.00000000E-02   2.4068968726E-19 +-    1.1564202488E-19   
F tau-                         2.00000000E-02   1.4853560436E-18 +-    1.0673863748E-19   
Psi**2                         2.00000000E-02   1.5402483865E-04 +-    1.4257951014E-06   
single crossing/step           2.00000000E-02   8.6749610437E-03 +-    4.4120472555E-05   
global crossing/step           2.00000000E-02   8.4775764797E-03 +-    8.7239963437E-05   
energy numerator(real)         2.00000000E-02   2.8414730841E-01 +-    9.1502369411E-01   
denominator psit/psigi(real)   2.00000000E-02   8.6230503372E-03 +-    1.2869647442E-02   
energy numerator(aimag)        2.00000000E-02   1.5589879587E+00 +-    6.1566336156E-01   
denominator psit/psigi(aimag)  2.00000000E-02  -2.5214001830E-02 +-    8.7959221386E-03   
growth(lin dt) energy          2.00000000E-02  -2.8609782751E+02 +-    6.2077285289E+00   
growth(global) energy          2.00000000E-02  -2.8124859840E+02 +-    1.0735512251E+01
growth energy                  2.00000000E-02  -2.8568458597E+02 +-    6.1791189591E+00
Time for propagation (sec) (min) =          22.036      0.367
Time for energies (sec) (min) =              0.836      0.014
Time for load balancing (sec) (min) =        0.028      0.000
Time for block (sec) (min) =                23.427      0.390
Time for operators (sec) (min) =             0.020      0.000
Elapsed block time (sec) (min) =           182.638      3.044
 
 walkers multiplicity, block, total
   0          57362         412881
   1        1014055        7939365
   2          56360         406954
   3            555           3045
   4            106            554
   5             30            172
   6             17             68
   7             11             36
   8              2             16
   9              1             12
  10              6             10
  11              1              2
  12              1              6
  13              1              2
  14              0              1
  15              1              2
  16              0              1
  20              2              5
 
 

iteration =                               9
walker number =                       11025
total energy-propagated        2.25000000E-02  -1.8680849835E+01 +-    9.8067559022E-01   
kinetic energy                 2.25000000E-02   1.0203681530E+02 +-    4.6629586552E+00   
potential energy               2.25000000E-02  -1.2071766514E+02 +-    4.6150550149E+00   
im energy                      2.25000000E-02   7.7817780153E+00 +-    6.1996877327E-01   
imkin energy                   2.25000000E-02   3.0091453206E+00 +-    1.4006646223E+00   
impot energy                   2.25000000E-02   4.7726326946E+00 +-    1.2567343967E+00   
v cent                         2.25000000E-02   1.3588320749E+02 +-    4.3289526447E+00   
v tau                          2.25000000E-02  -9.1782917866E+00 +-    5.6500007099E-01   
v sigma                        2.25000000E-02  -4.4081448606E+01 +-    6.0940294483E-01   
v sigtau                       2.25000000E-02  -1.1173309608E+02 +-    7.7035855228E-01   
v tensor                       2.25000000E-02   2.6007146066E-01 +-    3.0495890167E-01   
v tenstau                      2.25000000E-02  -9.1868107618E+01 +-    2.2226722541E+00   
v ls                           2.25000000E-02   0.0000000000E+00 +-    0.0000000000E+00   
v lstau                        2.25000000E-02   0.0000000000E+00 +-    0.0000000000E+00   
vpot v6                        2.25000000E-02  -1.2071766514E+02 +-    4.6150550149E+00   
vpot v8                        2.25000000E-02  -1.2071766514E+02 +-    4.6150550149E+00   
v coulomb                      2.25000000E-02   9.7393396057E-01 +-    8.3330759334E-03   
v external                     2.25000000E-02   0.0000000000E+00 +-    0.0000000000E+00   
tni 2pipr-anticomm             2.25000000E-02   0.0000000000E+00 +-    0.0000000000E+00   
tni vd1pr                      2.25000000E-02   0.0000000000E+00 +-    0.0000000000E+00   
tni vepr                       2.25000000E-02   0.0000000000E+00 +-    0.0000000000E+00   
tni central                    2.25000000E-02   0.0000000000E+00 +-    0.0000000000E+00   
tni 2pixx-anticommutator       2.25000000E-02   0.0000000000E+00 +-    0.0000000000E+00   
tni 2pixd-anticommutator       2.25000000E-02   0.0000000000E+00 +-    0.0000000000E+00   
tni 2pidd-anticommutator       2.25000000E-02   0.0000000000E+00 +-    0.0000000000E+00   
tni 2pixx-commutator           2.25000000E-02   0.0000000000E+00 +-    0.0000000000E+00   
tni 2pixd-commutator           2.25000000E-02   0.0000000000E+00 +-    0.0000000000E+00   
tni 2pidd-commutator           2.25000000E-02   0.0000000000E+00 +-    0.0000000000E+00   
tni 2pi-tm                     2.25000000E-02   0.0000000000E+00 +-    0.0000000000E+00   
tni vd1                        2.25000000E-02   0.0000000000E+00 +-    0.0000000000E+00   
tni vd2                        2.25000000E-02   0.0000000000E+00 +-    0.0000000000E+00   
tni ve                         2.25000000E-02   0.0000000000E+00 +-    0.0000000000E+00   
vpottot v8+tni                 2.25000000E-02  -1.2071766514E+02 +-    4.6150550149E+00   
enetot v8+tni                  2.25000000E-02  -1.8680849835E+01 +-    9.8067559022E-01   
vper cent                      2.25000000E-02   1.3588320749E+02 +-    4.3289526447E+00   
vper tau                       2.25000000E-02  -9.1782917866E+00 +-    5.6500007099E-01   
vper sigma                     2.25000000E-02  -4.4081448606E+01 +-    6.0940294483E-01   
vper sigtau                    2.25000000E-02  -1.1173309608E+02 +-    7.7035855228E-01   
vper tensor                    2.25000000E-02   2.6007146066E-01 +-    3.0495890167E-01   
vper tenstau                   2.25000000E-02  -9.1868107618E+01 +-    2.2226722541E+00   
vper ls                        2.25000000E-02   0.0000000000E+00 +-    0.0000000000E+00   
vper lstau                     2.25000000E-02   0.0000000000E+00 +-    0.0000000000E+00   
vpotper v6                     2.25000000E-02  -1.2071766514E+02 +-    4.6150550149E+00   
vpotper v8                     2.25000000E-02  -1.2071766514E+02 +-    4.6150550149E+00   
vpotv6pr-vpotv6per diff        2.25000000E-02   0.0000000000E+00 +-    0.0000000000E+00   
vpotv8pr-vpotv8per diff        2.25000000E-02   0.0000000000E+00 +-    0.0000000000E+00   
2piapr-2pia diff               2.25000000E-02   0.0000000000E+00 +-    0.0000000000E+00   
vd1pr-vd1 diff                 2.25000000E-02   0.0000000000E+00 +-    0.0000000000E+00   
vepr-ve diff                   2.25000000E-02   0.0000000000E+00 +-    0.0000000000E+00   
diff1 2piapr-2pia-2picxx       2.25000000E-02   0.0000000000E+00 +-    0.0000000000E+00   
diff2 vd1pr-vd1-2picxd         2.25000000E-02   0.0000000000E+00 +-    0.0000000000E+00   
diff3 vepr-ve-2picdd           2.25000000E-02   0.0000000000E+00 +-    0.0000000000E+00   
sum diff1+dif2+diff3           2.25000000E-02   0.0000000000E+00 +-    0.0000000000E+00   
proton rms                     2.25000000E-02   3.4756322363E-01 +-    1.3625281410E-02   
neutron rms                    2.25000000E-02   1.9952455989E-01 +-    2.4418659773E-02   
total rms                      2.25000000E-02   2.6186063077E-01 +-    1.4140049747E-02   
neutron-proton rms             2.25000000E-02  -1.4803866374E-01 +-    1.9913297399E-02   
GT sigXtau+                    2.25000000E-02   4.6273638246E-04 +-    4.1401565680E-05   
GT sigYtau+                    2.25000000E-02  -2.6944338836E-03 +-    5.7594459193E-05   
GT sigZtau+                    2.25000000E-02   7.4154296403E-04 +-    5.9531668658E-05   
GT sigXtau-                    2.25000000E-02   2.9585108378E-03 +-    3.2548260369E-05   
GT sigYtau-                    2.25000000E-02  -2.1271295624E-03 +-    5.0327696740E-05   
GT sigZtau-                    2.25000000E-02  -2.7812119948E-07 +-    5.6596407180E-05   
F tau+                         2.25000000E-02  -6.5555587440E-19 +-    8.3720114916E-20   
F tau-                         2.25000000E-02   1.4314706035E-18 +-    8.8675124785E-20   
Psi**2                         2.25000000E-02   8.3508062013E-05 +-    1.0158466826E-06   
single crossing/step           2.25000000E-02   8.7126623227E-03 +-    4.4609191466E-05   
global crossing/step           2.25000000E-02   8.5481507424E-03 +-    8.8379395464E-05   
energy numerator(real)         2.25000000E-02   1.4612958362E-01 +-    8.5007340817E-01   
denominator psit/psigi(real)   2.25000000E-02   3.4303586577E-02 +-    1.3653992914E-02   
energy numerator(aimag)        2.25000000E-02   1.7319642660E+00 +-    5.7360924617E-01   
denominator psit/psigi(aimag)  2.25000000E-02  -1.9826162999E-02 +-    9.0181793379E-03   
growth(lin dt) energy          2.25000000E-02  -2.8488199244E+02 +-    6.1076266963E+00   
growth(global) energy          2.25000000E-02  -2.9241740917E+02 +-    1.3612270589E+01
growth energy                  2.25000000E-02  -2.8447424253E+02 +-    6.0796699831E+00
Time for propagation (sec) (min) =          21.654      0.361
Time for energies (sec) (min) =              0.771      0.013
Time for load balancing (sec) (min) =        0.029      0.000
Time for block (sec) (min) =                22.930      0.382
Time for operators (sec) (min) =             0.019      0.000
Elapsed block time (sec) (min) =           205.596      3.427
 
 walkers multiplicity, block, total
   0          58943         471824
   1        1005156        8944521
   2          56455         463409
   3            504           3549
   4             92            646
   5             28            200
   6              9             77
   7              6             42
   8              5             21
   9              2             14
  10              0             10
  11              1              3
  12              0              6
  13              0              2
  14              0              1
  15              1              3
  16              0              1
  20              1              6
 
 

iteration =                              10
walker number =                       10917
total energy-propagated        2.50000000E-02  -7.9323371832E+01 +-    1.8653573014E+00   
kinetic energy                 2.50000000E-02  -7.8012640828E+01 +-    5.2345777761E+00   
potential energy               2.50000000E-02  -1.3107310040E+00 +-    4.4254483416E+00   
im energy                      2.50000000E-02   8.3465582230E+01 +-    1.0825001224E+00   
imkin energy                   2.50000000E-02   1.8451618572E+02 +-    2.1380466355E+00   
impot energy                   2.50000000E-02  -1.0105060349E+02 +-    1.6877220713E+00   
v cent                         2.50000000E-02   2.4214960599E+02 +-    4.5459392652E+00   
v tau                          2.50000000E-02  -1.7155583816E+01 +-    1.0700085323E+00   
v sigma                        2.50000000E-02  -7.8497455315E+01 +-    2.4730885635E+00   
v sigtau                       2.50000000E-02  -1.7447058530E+02 +-    1.3406906940E+00   
v tensor                       2.50000000E-02   1.9546433435E+01 +-    9.3939702150E-01   
v tenstau                      2.50000000E-02   7.1168539948E+00 +-    4.1675552133E+00   
v ls                           2.50000000E-02   0.0000000000E+00 +-    0.0000000000E+00   
v lstau                        2.50000000E-02   0.0000000000E+00 +-    0.0000000000E+00   
vpot v6                        2.50000000E-02  -1.3107310040E+00 +-    4.4254483416E+00   
vpot v8                        2.50000000E-02  -1.3107310040E+00 +-    4.4254483416E+00   
v coulomb                      2.50000000E-02   1.2245014967E+00 +-    1.7430211369E-02   
v external                     2.50000000E-02   0.0000000000E+00 +-    0.0000000000E+00   
tni 2pipr-anticomm             2.50000000E-02   0.0000000000E+00 +-    0.0000000000E+00   
tni vd1pr                      2.50000000E-02   0.0000000000E+00 +-    0.0000000000E+00   
tni vepr                       2.50000000E-02   0.0000000000E+00 +-    0.0000000000E+00   
tni central                    2.50000000E-02   0.0000000000E+00 +-    0.0000000000E+00   
tni 2pixx-anticommutator       2.50000000E-02   0.0000000000E+00 +-    0.0000000000E+00   
tni 2pixd-anticommutator       2.50000000E-02   0.0000000000E+00 +-    0.0000000000E+00   
tni 2pidd-anticommutator       2.50000000E-02   0.0000000000E+00 +-    0.0000000000E+00   
tni 2pixx-commutator           2.50000000E-02   0.0000000000E+00 +-    0.0000000000E+00   
tni 2pixd-commutator           2.50000000E-02   0.0000000000E+00 +-    0.0000000000E+00   
tni 2pidd-commutator           2.50000000E-02   0.0000000000E+00 +-    0.0000000000E+00   
tni 2pi-tm                     2.50000000E-02   0.0000000000E+00 +-    0.0000000000E+00   
tni vd1                        2.50000000E-02   0.0000000000E+00 +-    0.0000000000E+00   
tni vd2                        2.50000000E-02   0.0000000000E+00 +-    0.0000000000E+00   
tni ve                         2.50000000E-02   0.0000000000E+00 +-    0.0000000000E+00   
vpottot v8+tni                 2.50000000E-02  -1.3107310040E+00 +-    4.4254483416E+00   
enetot v8+tni                  2.50000000E-02  -7.9323371832E+01 +-    1.8653573014E+00   
vper cent                      2.50000000E-02   2.4214960599E+02 +-    4.5459392652E+00   
vper tau                       2.50000000E-02  -1.7155583816E+01 +-    1.0700085323E+00   
vper sigma                     2.50000000E-02  -7.8497455315E+01 +-    2.4730885635E+00   
vper sigtau                    2.50000000E-02  -1.7447058530E+02 +-    1.3406906940E+00   
vper tensor                    2.50000000E-02   1.9546433435E+01 +-    9.3939702150E-01   
vper tenstau                   2.50000000E-02   7.1168539948E+00 +-    4.1675552133E+00   
vper ls                        2.50000000E-02   0.0000000000E+00 +-    0.0000000000E+00   
vper lstau                     2.50000000E-02   0.0000000000E+00 +-    0.0000000000E+00   
vpotper v6                     2.50000000E-02  -1.3107310040E+00 +-    4.4254483416E+00   
vpotper v8                     2.50000000E-02  -1.3107310040E+00 +-    4.4254483416E+00   
vpotv6pr-vpotv6per diff        2.50000000E-02   0.0000000000E+00 +-    0.0000000000E+00   
vpotv8pr-vpotv8per diff        2.50000000E-02   0.0000000000E+00 +-    0.0000000000E+00   
2piapr-2pia diff               2.50000000E-02   0.0000000000E+00 +-    0.0000000000E+00   
vd1pr-vd1 diff                 2.50000000E-02   0.0000000000E+00 +-    0.0000000000E+00   
vepr-ve diff                   2.50000000E-02   0.0000000000E+00 +-    0.0000000000E+00   
diff1 2piapr-2pia-2picxx       2.50000000E-02   0.0000000000E+00 +-    0.0000000000E+00   
diff2 vd1pr-vd1-2picxd         2.50000000E-02   0.0000000000E+00 +-    0.0000000000E+00   
diff3 vepr-ve-2picdd           2.50000000E-02   0.0000000000E+00 +-    0.0000000000E+00   
sum diff1+dif2+diff3           2.50000000E-02   0.0000000000E+00 +-    0.0000000000E+00   
proton rms                     2.50000000E-02   5.1932715807E-01 +-    2.9899136896E-02   
neutron rms                    2.50000000E-02   7.4923290673E-02 +-    2.8743154714E-02   
total rms                      2.50000000E-02   3.2277559771E-01 +-    2.4763912767E-02   
neutron-proton rms             2.50000000E-02  -4.4440386740E-01 +-    2.4871811910E-02   
GT sigXtau+                    2.50000000E-02   2.4545458129E-04 +-    6.0920451400E-05   
GT sigYtau+                    2.50000000E-02   6.4690138959E-03 +-    9.0159729601E-05   
GT sigZtau+                    2.50000000E-02  -1.0236184618E-03 +-    7.1154820198E-05   
GT sigXtau-                    2.50000000E-02   2.3866077673E-03 +-    5.4341199049E-05   
GT sigYtau-                    2.50000000E-02   2.1642457077E-03 +-    4.9237705587E-05   
GT sigZtau-                    2.50000000E-02  -4.7713476156E-05 +-    7.6736821400E-05   
F tau+                         2.50000000E-02  -4.0741369680E-18 +-    9.3734882791E-20   
F tau-                         2.50000000E-02  -2.2584241538E-18 +-    1.1224231078E-19   
Psi**2                         2.50000000E-02   1.3635836095E-04 +-    2.7683909362E-06   
single crossing/step           2.50000000E-02   7.9887368021E-03 +-    4.2503978068E-05   
global crossing/step           2.50000000E-02   7.7525670918E-03 +-    8.3751959166E-05   
energy numerator(real)         2.50000000E-02   1.2742625318E+00 +-    1.0200897845E+00   
denominator psit/psigi(real)   2.50000000E-02   1.7570913533E-02 +-    1.3790999024E-02   
energy numerator(aimag)        2.50000000E-02   4.3508661437E+00 +-    6.6664417068E-01   
denominator psit/psigi(aimag)  2.50000000E-02  -1.4731380677E-02 +-    9.2442072196E-03   
growth(lin dt) energy          2.50000000E-02  -2.6569374029E+02 +-    5.8785846256E+00   
growth(global) energy          2.50000000E-02  -2.5120573370E+02 +-    1.1559040047E+01
growth energy                  2.50000000E-02  -2.6536780752E+02 +-    5.8544885809E+00
Time for propagation (sec) (min) =          21.880      0.365
Time for energies (sec) (min) =              0.763      0.013
Time for load balancing (sec) (min) =        0.031      0.001
Time for block (sec) (min) =                23.179      0.386
Time for operators (sec) (min) =             0.019      0.000
Elapsed block time (sec) (min) =           228.794      3.813
 
 walkers multiplicity, block, total
   0          56689         528513
   1        1008316        9952837
   2          55233         518642
   3            403           3952
   4             76            722
   5             27            227
   6             16             93
   7              5             47
   8              2             23
   9              3             17
  10              2             12
  11              4              7
  12              0              6
  13              0              2
  14              0              1
  15              0              3
  16              0              1
  20              0              6
 
 

Time for steps      =     228.803 seconds,        3.813 minutes
Master Time for steps =     228.687 seconds,        3.811 minutes

Number of cpus =       100
Total job time =     234.010 seconds,        3.900 minutes,        0.065 hours
Total cpu-time =     390.016 minutes,        6.500 hours
Total time =         233.779 seconds,        3.896 minutes,        0.065 hours
Finished!
