Unconstrained Diffusion Monte Carlo Run -- no drift
!-!-!-!-!-!-!-!-!-!-!-!-!-!-!-!-!-!-!-!-!-!-!-!-!-!
MPI parameters:
Number of boss cpus =                         100
Number of worker cpus for each boss =           0
Total number of cpus =                        100
Simulation parameters:
random number seed =                          321
hbar^2/2m =                              20.73554
start from sites =                              F
nwalk =                                     10000
equilibration blocks =                          0
averaging blocks =                             10
nsteps/blocks =                               100
time step =                          0.0000250000
time step rotations (vmc) =          0.1700000000
trial energy =                          -26.00000
drift cutoff =                            0.00000
drastic population control up =           1.20000
drastic population control down =         0.80000
rebalance if walkers fluctuate more than   2.00 %
weight cut off =                         20.00000
table size =                                 8000
!-!-!-!-!-!-!-!-!-!-!-!-!-!-!-!-!-!-!-!-!-!-!-!-!-!
System parameters:
lpot =                                         11
lpotper =                                      11
potential  =                          argonne v6'
potentialpr =                         argonne v6'
Coulomb included in energy-propagation          F
multiply central v by =                   1.00000
multiply tau v by =                       1.00000
multiply sigma v by =                     1.00000
multiply sigma tau v by =                 1.00000
multiply tensor v by =                    1.00000
multiply tensor tau v by =                1.00000
multiply spin-orbit v by =                0.00000
multiply spin-orbit tau v by =            0.00000
three-body potential =                        no3
ibox (0 is nearest image) =                     0
!-!-!-!-!-!-!-!-!-!-!-!-!-!-!-!-!-!-!-!-!-!-!-!-!-!
propagate LS =                                  F
calculate LS =                                  F
type of correlations =           independent pair
scale orbital   1 with factor    1.14000
determinant # 1
coefficient                     1.00000   0.00000
1  1  0  1  alpha.orb    # 2J,2M,L,tau radial_file for state                    
1 -1  0  1  alpha.orb    # 2J,2M,L,tau radial_file for state                    
1  1  0 -1  alpha.orb    # 2J,2M,L,tau radial_file for state                    
1 -1  0 -1  alpha.orb    # 2J,2M,L,tau radial_file for state                    
rescaled coefficient            1.00000   0.00000
!-!-!-!-!-!-!-!-!-!-!-!-!-!-!-!-!-!-!-!-!-!-!-!-!-!
No external potential
!-!-!-!-!-!-!-!-!-!-!-!-!-!-!-!-!-!-!-!-!-!-!-!-!-!
rcut in pair sampling =                   1.00000
acut in pair sampling =                   5.00000
a constant in psig =                      0.20000
Number of protons =                             2
Number of neutrons =                            2
range of the potential =                 20.00000
!-!-!-!-!-!-!-!-!-!-!-!-!-!-!-!-!-!-!-!-!-!-!-!-!-!
do V3 =                                         F
three body force =                            no3
three body a2piPwa =                      0.000000000000000
three body a2piPwc =                      0.000000000000000
three body a2piSw =                       0.000000000000000
three body Vd,C,c3 =                      0.000000000000000
three body Ve,C,c3 =                      0.000000000000000
three body A_R =                          0.000000000000000
three body Vd1 =                          0.000000000000000
three body Vd2 =                          0.000000000000000
three body Ve =                           0.000000000000000
propagator: multiply the antic by =       0.000000000000000
propagator: multiply the Vd1 by =         0.000000000000000
propagator: multiply the Ve by =          0.000000000000000
propagator: three body a2piPW =           0.000000000000000
!-!-!-!-!-!-!-!-!-!-!-!-!-!-!-!-!-!-!-!-!-!-!-!-!-!
jastrow healing distance dc =             4.47768
jastrow healing distance dtn =           11.57317
jastrow rho =                             0.01000
potential quencher acn (v1) =             1.50851
potential quencher at  (v2) =             6.06936
potential quencher as  (v3) =             2.76780
potential quencher ast (v4) =             0.80880
potential quencher atn (v5) =             0.61864
potential quencher atn (v6) =             0.20141
potential quencher als (v7) =             0.00000
potential quencher alst (v8) =            0.00000
correlation quencher bt (f2) =            0.26685
correlation quencher bs (f3) =           -0.10565
correlation quencher bst (f4) =           0.42277
correlation quencher btn (f5) =           1.08683
correlation quencher btn (f6) =           4.44810
correlation quencher bls (f7) =           0.00000
correlation quencher blst (f8) =          0.00000
!-!-!-!-!-!-!-!-!-!-!-!-!-!-!-!-!-!-!-!-!-!-!-!-!-!
q1c parameter in f3c =                   12.87526
q2c parameter in f3c =                    1.60340
q1p parameter in f3p =                   -1.81620
q2p parameter in f3p =                    2.14789
!-!-!-!-!-!-!-!-!-!-!-!-!-!-!-!-!-!-!-!-!-!-!-!-!-!
rscal parameter in Uijk cent =            1.00000
rscal parameter in Uijk xpi =             1.00000
rscal parameter in Uijk delta =           1.00000
eps_c parameter in Uijk =                 0.00000
eps_anti parameter in Uijk =              0.00000
eps_tm parameter in Uijk =                0.00000
eps_vd1 parameter in Uijk =               0.00000
eps_vd2 parameter in Uijk =               0.00000
eps_vdc3 parameter in Uijk =              0.00000
eps_vec3 parameter in Uijk =              0.00000
eps_ve parameter in Uijk =                0.00000
eps_comm parameter in Uijk =              0.00000
eps_comm-XD parameter in Uijk =           0.00000
eps_comm-DD parameter in Uijk =           0.00000
TNI-comm correlation included =                 F
!-!-!-!-!-!-!-!-!-!-!-!-!-!-!-!-!-!-!-!-!-!-!-!-!-!
CSB correlation rscalpp =                 1.00000
CSB correlation rscalnn =                 1.00000
CSB correlation quencher pp =             0.00000
CSB correlation quencher nn =             0.00000
CSB correlation included =                      F
!-!-!-!-!-!-!-!-!-!-!-!-!-!-!-!-!-!-!-!-!-!-!-!-!-!
jastrow initialized
!-!-!-!-!-!-!-!-!-!-!-!-!-!-!-!-!-!-!-!-!-!-!-!-!-!
Symmetrize V6 in the propagator =               T
New propagation of Vlstau and commutator included!
Coulomb included in energy (and propag)         F
Initial walkers from file
Number of walkers =                          8382
Configurations at tau =              1.7125000000
Reset tau =                          0.0000000000
!-!-!-!-!-!-!-!-!-!-!-!-!-!-!-!-!-!-!-!-!-!-!-!-!-!
Time for reading configurations (sec.) =       0.72
!-!-!-!-!-!-!-!-!-!-!-!-!-!-!-!-!-!-!-!-!-!-!-!-!-!
Initial configurations:
total energy-propagated        0.00000000E+00  -2.6773747739E+01 +-    3.5415658154E-01   
kinetic energy                 0.00000000E+00   1.0578159269E+02 +-    1.7561471343E+00   
potential energy               0.00000000E+00  -1.3255534043E+02 +-    1.7474684355E+00   
v cent                         0.00000000E+00   1.8052922103E+01 +-    1.5996666627E+00   
v tau                          0.00000000E+00  -7.5669095061E+00 +-    2.3983057147E-01   
v sigma                        0.00000000E+00  -8.3075232337E+00 +-    2.5585746893E-01   
v sigtau                       0.00000000E+00  -6.0535054529E+01 +-    5.5893339602E-01   
v tensor                       0.00000000E+00   5.2498849242E-01 +-    1.4136078158E-01   
v tenstau                      0.00000000E+00  -7.4723763758E+01 +-    1.0563060306E+00   
v ls                           0.00000000E+00   0.0000000000E+00 +-    0.0000000000E+00   
v lstau                        0.00000000E+00   0.0000000000E+00 +-    0.0000000000E+00   
v coulomb                      0.00000000E+00   7.4405922977E-01 +-    2.9375618882E-03   
v external                     0.00000000E+00   0.0000000000E+00 +-    0.0000000000E+00   
tni 2pipr-anticomm             0.00000000E+00   0.0000000000E+00 +-    0.0000000000E+00   
tni vd1pr                      0.00000000E+00   0.0000000000E+00 +-    0.0000000000E+00   
tni vepr                       0.00000000E+00   0.0000000000E+00 +-    0.0000000000E+00   
tni central                    0.00000000E+00   0.0000000000E+00 +-    0.0000000000E+00   
tni 2pixx-anticommutator       0.00000000E+00   0.0000000000E+00 +-    0.0000000000E+00   
tni 2pixd-anticommutator       0.00000000E+00   0.0000000000E+00 +-    0.0000000000E+00   
tni 2pidd-anticommutator       0.00000000E+00   0.0000000000E+00 +-    0.0000000000E+00   
tni 2pixx-commutator           0.00000000E+00   0.0000000000E+00 +-    0.0000000000E+00   
tni 2pixd-commutator           0.00000000E+00   0.0000000000E+00 +-    0.0000000000E+00   
tni 2pidd-commutator           0.00000000E+00   0.0000000000E+00 +-    0.0000000000E+00   
tni 2pi-tm                     0.00000000E+00   0.0000000000E+00 +-    0.0000000000E+00   
tni vd1                        0.00000000E+00   0.0000000000E+00 +-    0.0000000000E+00   
tni vd2                        0.00000000E+00   0.0000000000E+00 +-    0.0000000000E+00   
tni ve                         0.00000000E+00   0.0000000000E+00 +-    0.0000000000E+00   
enetot v8+tni                  0.00000000E+00  -2.6773747739E+01 +-    3.5415658154E-01   
!-!-!-!-!-!-!-!-!-!-!-!-!-!-!-!-!-!-!-!-!-!-!-!-!-!
Psi**2 of initial configurations  =   0.2575567E-04  0.0000000E+00  +-    0.6598252E-06  0.0000000E+00
Psig**2 of initial configurations =   0.1631365E-04  0.0000000E+00  +-    0.4539448E-06  0.0000000E+00
!-!-!-!-!-!-!-!-!-!-!-!-!-!-!-!-!-!-!-!-!-!-!-!-!-!
T**2 of initial configurations  =  -0.1622098E-07 -0.1090724E-08
Tz of initial configurations    =  -0.4935528E-14  0.9505999E-14
J**2 of initial configurations  =   0.3148504E-07 -0.5668837E-09
Jz of initial configurations    =   0.7528634E-14  0.1255918E-13
!-!-!-!-!-!-!-!-!-!-!-!-!-!-!-!-!-!-!-!-!-!-!-!-!-!
!-!-!-!-!-!-!-!-!-!-!-!-!-!-!-!-!-!-!-!-!-!-!-!-!-!
Time to process initial configurations (sec.) =       1.44
!-!-!-!-!-!-!-!-!-!-!-!-!-!-!-!-!-!-!-!-!-!-!-!-!-!

equilibration done

iteration =                               1
walker number =                       10618
total energy-propagated        2.50000000E-03  -2.6878319857E+01 +-    2.8148600241E-01   
kinetic energy                 2.50000000E-03   1.0941657586E+02 +-    1.4038577648E+00   
potential energy               2.50000000E-03  -1.3629489571E+02 +-    1.3366115722E+00   
im energy                      2.50000000E-03  -2.7064464245E-01 +-    1.7678664696E-01   
imkin energy                   2.50000000E-03   5.3487111424E-01 +-    3.7644987708E-01   
impot energy                   2.50000000E-03  -8.0551575669E-01 +-    3.7526308766E-01   
v cent                         2.50000000E-03   9.4443769780E+00 +-    1.1114806410E+00   
v tau                          2.50000000E-03  -6.0450232686E+00 +-    1.5251114931E-01   
v sigma                        2.50000000E-03  -9.8779579124E+00 +-    2.0442500023E-01   
v sigtau                       2.50000000E-03  -6.1755355483E+01 +-    5.0650288092E-01   
v tensor                       2.50000000E-03   2.0560285547E-01 +-    1.0067497569E-01   
v tenstau                      2.50000000E-03  -6.8266538881E+01 +-    9.0174147581E-01   
v ls                           2.50000000E-03   0.0000000000E+00 +-    0.0000000000E+00   
v lstau                        2.50000000E-03   0.0000000000E+00 +-    0.0000000000E+00   
vpot v6                        2.50000000E-03  -1.3629489571E+02 +-    1.3366115722E+00   
vpot v8                        2.50000000E-03  -1.3629489571E+02 +-    1.3366115722E+00   
v coulomb                      2.50000000E-03   7.4832975413E-01 +-    2.4578658959E-03   
v external                     2.50000000E-03   0.0000000000E+00 +-    0.0000000000E+00   
tni 2pipr-anticomm             2.50000000E-03   0.0000000000E+00 +-    0.0000000000E+00   
tni vd1pr                      2.50000000E-03   0.0000000000E+00 +-    0.0000000000E+00   
tni vepr                       2.50000000E-03   0.0000000000E+00 +-    0.0000000000E+00   
tni central                    2.50000000E-03   0.0000000000E+00 +-    0.0000000000E+00   
tni 2pixx-anticommutator       2.50000000E-03   0.0000000000E+00 +-    0.0000000000E+00   
tni 2pixd-anticommutator       2.50000000E-03   0.0000000000E+00 +-    0.0000000000E+00   
tni 2pidd-anticommutator       2.50000000E-03   0.0000000000E+00 +-    0.0000000000E+00   
tni 2pixx-commutator           2.50000000E-03   0.0000000000E+00 +-    0.0000000000E+00   
tni 2pixd-commutator           2.50000000E-03   0.0000000000E+00 +-    0.0000000000E+00   
tni 2pidd-commutator           2.50000000E-03   0.0000000000E+00 +-    0.0000000000E+00   
tni 2pi-tm                     2.50000000E-03   0.0000000000E+00 +-    0.0000000000E+00   
tni vd1                        2.50000000E-03   0.0000000000E+00 +-    0.0000000000E+00   
tni vd2                        2.50000000E-03   0.0000000000E+00 +-    0.0000000000E+00   
tni ve                         2.50000000E-03   0.0000000000E+00 +-    0.0000000000E+00   
vpottot v8+tni                 2.50000000E-03  -1.3629489571E+02 +-    1.3366115722E+00   
enetot v8+tni                  2.50000000E-03  -2.6878319857E+01 +-    2.8148600241E-01   
vper cent                      2.50000000E-03   9.4443769780E+00 +-    1.1114806410E+00   
vper tau                       2.50000000E-03  -6.0450232686E+00 +-    1.5251114931E-01   
vper sigma                     2.50000000E-03  -9.8779579124E+00 +-    2.0442500023E-01   
vper sigtau                    2.50000000E-03  -6.1755355483E+01 +-    5.0650288092E-01   
vper tensor                    2.50000000E-03   2.0560285547E-01 +-    1.0067497569E-01   
vper tenstau                   2.50000000E-03  -6.8266538881E+01 +-    9.0174147581E-01   
vper ls                        2.50000000E-03   0.0000000000E+00 +-    0.0000000000E+00   
vper lstau                     2.50000000E-03   0.0000000000E+00 +-    0.0000000000E+00   
vpotper v6                     2.50000000E-03  -1.3629489571E+02 +-    1.3366115722E+00   
vpotper v8                     2.50000000E-03  -1.3629489571E+02 +-    1.3366115722E+00   
vpotv6pr-vpotv6per diff        2.50000000E-03   0.0000000000E+00 +-    0.0000000000E+00   
vpotv8pr-vpotv8per diff        2.50000000E-03   0.0000000000E+00 +-    0.0000000000E+00   
2piapr-2pia diff               2.50000000E-03   0.0000000000E+00 +-    0.0000000000E+00   
vd1pr-vd1 diff                 2.50000000E-03   0.0000000000E+00 +-    0.0000000000E+00   
vepr-ve diff                   2.50000000E-03   0.0000000000E+00 +-    0.0000000000E+00   
diff1 2piapr-2pia-2picxx       2.50000000E-03   0.0000000000E+00 +-    0.0000000000E+00   
diff2 vd1pr-vd1-2picxd         2.50000000E-03   0.0000000000E+00 +-    0.0000000000E+00   
diff3 vepr-ve-2picdd           2.50000000E-03   0.0000000000E+00 +-    0.0000000000E+00   
sum diff1+dif2+diff3           2.50000000E-03   0.0000000000E+00 +-    0.0000000000E+00   
proton rms                     2.50000000E-03   2.0937491206E+00 +-    1.3017980248E-02   
neutron rms                    2.50000000E-03   2.1058648373E+00 +-    1.2996329802E-02   
total rms                      2.50000000E-03   2.0994629906E+00 +-    1.1899436678E-02   
neutron-proton rms             2.50000000E-03   1.2115716699E-02 +-    1.0542502917E-02   
GT sigXtau+                    2.50000000E-03   1.4750191567E-05 +-    2.3414834138E-05   
GT sigYtau+                    2.50000000E-03   4.7108914859E-05 +-    2.3434394397E-05   
GT sigZtau+                    2.50000000E-03  -7.0423761818E-05 +-    2.2872663682E-05   
GT sigXtau-                    2.50000000E-03  -7.0710969789E-07 +-    2.2034298529E-05   
GT sigYtau-                    2.50000000E-03  -8.3373260509E-05 +-    2.4263479897E-05   
GT sigZtau-                    2.50000000E-03   4.3097869588E-05 +-    2.2408719229E-05   
F tau+                         2.50000000E-03  -5.3783795120E-20 +-    4.0750712047E-20   
F tau-                         2.50000000E-03   3.0468286742E-20 +-    3.9955030421E-20   
Psi**2                         2.50000000E-03   2.7521878720E-05 +-    6.4407174482E-07   
single crossing/step           2.50000000E-03   8.1985329162E-03 +-    4.6144596766E-05   
global crossing/step           2.50000000E-03   8.0152259965E-03 +-    9.1260069381E-05   
energy numerator(real)         2.50000000E-03  -2.6720287994E+01 +-    7.0997640239E-01   
denominator psit/psigi(real)   2.50000000E-03   9.9365788876E-01 +-    1.1085723629E-02   
energy numerator(aimag)        2.50000000E-03  -2.0166546928E-01 +-    4.8648309597E-01   
denominator psit/psigi(aimag)  2.50000000E-03   2.5516603829E-02 +-    7.1495846080E-03   
growth(lin dt) energy          2.50000000E-03  -1.9232587928E+02 +-    5.0153599328E+00   
growth(global) energy          2.50000000E-03  -1.9876837219E+02 +-    1.2089033104E+01
growth energy                  2.50000000E-03  -1.9222850434E+02 +-    5.0039966687E+00
Time for propagation (sec) (min) =          19.047      0.317
Time for energies (sec) (min) =              0.744      0.012
Time for load balancing (sec) (min) =        0.065      0.001
Time for block (sec) (min) =                20.512      0.342
Time for operators (sec) (min) =             0.018      0.000
Elapsed block time (sec) (min) =            20.531      0.342
 
 walkers multiplicity, block, total
   0          36819          36819
   1         879137         879137
   2          38490          38490
   3            185            185
   4             33             33
   5             11             11
   6              4              4
   7              1              1
   8              1              1
   9              0              0
  10              1              1
  11              1              1
 
 

iteration =                               2
walker number =                       10792
total energy-propagated        5.00000000E-03  -2.8069915231E+01 +-    4.7395672244E-01   
kinetic energy                 5.00000000E-03   9.4709822297E+01 +-    1.6984898890E+00   
potential energy               5.00000000E-03  -1.2277973753E+02 +-    1.6071876183E+00   
im energy                      5.00000000E-03  -1.3453322761E+00 +-    1.9868143634E-01   
imkin energy                   5.00000000E-03   1.4046170155E+00 +-    6.0099513683E-01   
impot energy                   5.00000000E-03  -2.7499492917E+00 +-    5.3709489488E-01   
v cent                         5.00000000E-03   2.2505299608E+01 +-    1.4865287756E+00   
v tau                          5.00000000E-03  -8.1374619666E+00 +-    2.1678567048E-01   
v sigma                        5.00000000E-03  -8.4513259480E+00 +-    2.8310079921E-01   
v sigtau                       5.00000000E-03  -6.1358426877E+01 +-    5.0080204420E-01   
v tensor                       5.00000000E-03   1.1603826423E+00 +-    1.1282582072E-01   
v tenstau                      5.00000000E-03  -6.8498204986E+01 +-    9.0018617726E-01   
v ls                           5.00000000E-03   0.0000000000E+00 +-    0.0000000000E+00   
v lstau                        5.00000000E-03   0.0000000000E+00 +-    0.0000000000E+00   
vpot v6                        5.00000000E-03  -1.2277973753E+02 +-    1.6071876183E+00   
vpot v8                        5.00000000E-03  -1.2277973753E+02 +-    1.6071876183E+00   
v coulomb                      5.00000000E-03   7.3169754681E-01 +-    2.7281733883E-03   
v external                     5.00000000E-03   0.0000000000E+00 +-    0.0000000000E+00   
tni 2pipr-anticomm             5.00000000E-03   0.0000000000E+00 +-    0.0000000000E+00   
tni vd1pr                      5.00000000E-03   0.0000000000E+00 +-    0.0000000000E+00   
tni vepr                       5.00000000E-03   0.0000000000E+00 +-    0.0000000000E+00   
tni central                    5.00000000E-03   0.0000000000E+00 +-    0.0000000000E+00   
tni 2pixx-anticommutator       5.00000000E-03   0.0000000000E+00 +-    0.0000000000E+00   
tni 2pixd-anticommutator       5.00000000E-03   0.0000000000E+00 +-    0.0000000000E+00   
tni 2pidd-anticommutator       5.00000000E-03   0.0000000000E+00 +-    0.0000000000E+00   
tni 2pixx-commutator           5.00000000E-03   0.0000000000E+00 +-    0.0000000000E+00   
tni 2pixd-commutator           5.00000000E-03   0.0000000000E+00 +-    0.0000000000E+00   
tni 2pidd-commutator           5.00000000E-03   0.0000000000E+00 +-    0.0000000000E+00   
tni 2pi-tm                     5.00000000E-03   0.0000000000E+00 +-    0.0000000000E+00   
tni vd1                        5.00000000E-03   0.0000000000E+00 +-    0.0000000000E+00   
tni vd2                        5.00000000E-03   0.0000000000E+00 +-    0.0000000000E+00   
tni ve                         5.00000000E-03   0.0000000000E+00 +-    0.0000000000E+00   
vpottot v8+tni                 5.00000000E-03  -1.2277973753E+02 +-    1.6071876183E+00   
enetot v8+tni                  5.00000000E-03  -2.8069915231E+01 +-    4.7395672244E-01   
vper cent                      5.00000000E-03   2.2505299608E+01 +-    1.4865287756E+00   
vper tau                       5.00000000E-03  -8.1374619666E+00 +-    2.1678567048E-01   
vper sigma                     5.00000000E-03  -8.4513259480E+00 +-    2.8310079921E-01   
vper sigtau                    5.00000000E-03  -6.1358426877E+01 +-    5.0080204420E-01   
vper tensor                    5.00000000E-03   1.1603826423E+00 +-    1.1282582072E-01   
vper tenstau                   5.00000000E-03  -6.8498204986E+01 +-    9.0018617726E-01   
vper ls                        5.00000000E-03   0.0000000000E+00 +-    0.0000000000E+00   
vper lstau                     5.00000000E-03   0.0000000000E+00 +-    0.0000000000E+00   
vpotper v6                     5.00000000E-03  -1.2277973753E+02 +-    1.6071876183E+00   
vpotper v8                     5.00000000E-03  -1.2277973753E+02 +-    1.6071876183E+00   
vpotv6pr-vpotv6per diff        5.00000000E-03   0.0000000000E+00 +-    0.0000000000E+00   
vpotv8pr-vpotv8per diff        5.00000000E-03   0.0000000000E+00 +-    0.0000000000E+00   
2piapr-2pia diff               5.00000000E-03   0.0000000000E+00 +-    0.0000000000E+00   
vd1pr-vd1 diff                 5.00000000E-03   0.0000000000E+00 +-    0.0000000000E+00   
vepr-ve diff                   5.00000000E-03   0.0000000000E+00 +-    0.0000000000E+00   
diff1 2piapr-2pia-2picxx       5.00000000E-03   0.0000000000E+00 +-    0.0000000000E+00   
diff2 vd1pr-vd1-2picxd         5.00000000E-03   0.0000000000E+00 +-    0.0000000000E+00   
diff3 vepr-ve-2picdd           5.00000000E-03   0.0000000000E+00 +-    0.0000000000E+00   
sum diff1+dif2+diff3           5.00000000E-03   0.0000000000E+00 +-    0.0000000000E+00   
proton rms                     5.00000000E-03   2.1989968996E+00 +-    1.2841133930E-02   
neutron rms                    5.00000000E-03   2.1682534465E+00 +-    1.3072442770E-02   
total rms                      5.00000000E-03   2.1821998274E+00 +-    1.1805978820E-02   
neutron-proton rms             5.00000000E-03  -3.0743453057E-02 +-    1.0675442749E-02   
GT sigXtau+                    5.00000000E-03  -4.6500261945E-06 +-    2.1604944712E-05   
GT sigYtau+                    5.00000000E-03   5.2792749822E-05 +-    2.1358757576E-05   
GT sigZtau+                    5.00000000E-03  -6.4255231513E-05 +-    1.8459790226E-05   
GT sigXtau-                    5.00000000E-03  -3.1469087579E-05 +-    1.9685385352E-05   
GT sigYtau-                    5.00000000E-03   5.8435907832E-05 +-    2.1277800918E-05   
GT sigZtau-                    5.00000000E-03   1.3856283073E-04 +-    1.9746258099E-05   
F tau+                         5.00000000E-03   1.3334909319E-19 +-    3.6690226486E-20   
F tau-                         5.00000000E-03   1.7259704642E-19 +-    3.5601452832E-20   
Psi**2                         5.00000000E-03   2.5896080160E-05 +-    6.3641689146E-07   
single crossing/step           5.00000000E-03   7.3560181614E-03 +-    4.1064940342E-05   
global crossing/step           5.00000000E-03   7.2710308864E-03 +-    8.1657556666E-05   
energy numerator(real)         5.00000000E-03  -1.8983792113E+01 +-    8.0042354761E-01   
denominator psit/psigi(real)   5.00000000E-03   6.7463309277E-01 +-    1.2876892541E-02   
energy numerator(aimag)        5.00000000E-03  -7.2797194449E-01 +-    5.5105559871E-01   
denominator psit/psigi(aimag)  5.00000000E-03  -2.3023201690E-02 +-    8.3927242486E-03   
growth(lin dt) energy          5.00000000E-03  -2.0270927762E+02 +-    5.0750464988E+00   
growth(global) energy          5.00000000E-03  -1.8714454737E+02 +-    9.5487099584E+00
growth energy                  5.00000000E-03  -2.0258768360E+02 +-    5.0622331329E+00
Time for propagation (sec) (min) =          21.589      0.360
Time for energies (sec) (min) =              0.757      0.013
Time for load balancing (sec) (min) =        0.030      0.001
Time for block (sec) (min) =                22.974      0.383
Time for operators (sec) (min) =             0.013      0.000
Elapsed block time (sec) (min) =            43.538      0.726
 
 walkers multiplicity, block, total
   0          46738          83557
   1        1001406        1880543
   2          46053          84543
   3            265            450
   4             49             82
   5             22             33
   6              4              8
   7              1              2
   8              4              5
   9              1              1
  10              0              1
  11              1              2
  12              2              2
 
 

iteration =                               3
walker number =                        9989
total energy-propagated        7.50000000E-03  -2.6537585944E+01 +-    3.6914146945E-01   
kinetic energy                 7.50000000E-03   1.1897940575E+02 +-    9.2042769257E-01   
potential energy               7.50000000E-03  -1.4551699170E+02 +-    7.0708590922E-01   
im energy                      7.50000000E-03  -8.2926951270E-01 +-    3.3035358637E-01   
imkin energy                   7.50000000E-03   8.2130049035E+00 +-    5.6238108887E-01   
impot energy                   7.50000000E-03  -9.0422744162E+00 +-    4.8514530068E-01   
v cent                         7.50000000E-03  -3.4105046548E+00 +-    8.9111028238E-01   
v tau                          7.50000000E-03  -7.3191019243E+00 +-    1.9054704808E-01   
v sigma                        7.50000000E-03  -3.4588780962E+00 +-    2.6979416940E-01   
v sigtau                       7.50000000E-03  -5.4008264729E+01 +-    5.0436724301E-01   
v tensor                       7.50000000E-03   2.3153666317E+00 +-    1.8303370858E-01   
v tenstau                      7.50000000E-03  -7.9635608925E+01 +-    1.2532981664E+00   
v ls                           7.50000000E-03   0.0000000000E+00 +-    0.0000000000E+00   
v lstau                        7.50000000E-03   0.0000000000E+00 +-    0.0000000000E+00   
vpot v6                        7.50000000E-03  -1.4551699170E+02 +-    7.0708590922E-01   
vpot v8                        7.50000000E-03  -1.4551699170E+02 +-    7.0708590922E-01   
v coulomb                      7.50000000E-03   6.9474180444E-01 +-    3.1566935008E-03   
v external                     7.50000000E-03   0.0000000000E+00 +-    0.0000000000E+00   
tni 2pipr-anticomm             7.50000000E-03   0.0000000000E+00 +-    0.0000000000E+00   
tni vd1pr                      7.50000000E-03   0.0000000000E+00 +-    0.0000000000E+00   
tni vepr                       7.50000000E-03   0.0000000000E+00 +-    0.0000000000E+00   
tni central                    7.50000000E-03   0.0000000000E+00 +-    0.0000000000E+00   
tni 2pixx-anticommutator       7.50000000E-03   0.0000000000E+00 +-    0.0000000000E+00   
tni 2pixd-anticommutator       7.50000000E-03   0.0000000000E+00 +-    0.0000000000E+00   
tni 2pidd-anticommutator       7.50000000E-03   0.0000000000E+00 +-    0.0000000000E+00   
tni 2pixx-commutator           7.50000000E-03   0.0000000000E+00 +-    0.0000000000E+00   
tni 2pixd-commutator           7.50000000E-03   0.0000000000E+00 +-    0.0000000000E+00   
tni 2pidd-commutator           7.50000000E-03   0.0000000000E+00 +-    0.0000000000E+00   
tni 2pi-tm                     7.50000000E-03   0.0000000000E+00 +-    0.0000000000E+00   
tni vd1                        7.50000000E-03   0.0000000000E+00 +-    0.0000000000E+00   
tni vd2                        7.50000000E-03   0.0000000000E+00 +-    0.0000000000E+00   
tni ve                         7.50000000E-03   0.0000000000E+00 +-    0.0000000000E+00   
vpottot v8+tni                 7.50000000E-03  -1.4551699170E+02 +-    7.0708590922E-01   
enetot v8+tni                  7.50000000E-03  -2.6537585944E+01 +-    3.6914146945E-01   
vper cent                      7.50000000E-03  -3.4105046548E+00 +-    8.9111028238E-01   
vper tau                       7.50000000E-03  -7.3191019243E+00 +-    1.9054704808E-01   
vper sigma                     7.50000000E-03  -3.4588780962E+00 +-    2.6979416940E-01   
vper sigtau                    7.50000000E-03  -5.4008264729E+01 +-    5.0436724301E-01   
vper tensor                    7.50000000E-03   2.3153666317E+00 +-    1.8303370858E-01   
vper tenstau                   7.50000000E-03  -7.9635608925E+01 +-    1.2532981664E+00   
vper ls                        7.50000000E-03   0.0000000000E+00 +-    0.0000000000E+00   
vper lstau                     7.50000000E-03   0.0000000000E+00 +-    0.0000000000E+00   
vpotper v6                     7.50000000E-03  -1.4551699170E+02 +-    7.0708590922E-01   
vpotper v8                     7.50000000E-03  -1.4551699170E+02 +-    7.0708590922E-01   
vpotv6pr-vpotv6per diff        7.50000000E-03   0.0000000000E+00 +-    0.0000000000E+00   
vpotv8pr-vpotv8per diff        7.50000000E-03   0.0000000000E+00 +-    0.0000000000E+00   
2piapr-2pia diff               7.50000000E-03   0.0000000000E+00 +-    0.0000000000E+00   
vd1pr-vd1 diff                 7.50000000E-03   0.0000000000E+00 +-    0.0000000000E+00   
vepr-ve diff                   7.50000000E-03   0.0000000000E+00 +-    0.0000000000E+00   
diff1 2piapr-2pia-2picxx       7.50000000E-03   0.0000000000E+00 +-    0.0000000000E+00   
diff2 vd1pr-vd1-2picxd         7.50000000E-03   0.0000000000E+00 +-    0.0000000000E+00   
diff3 vepr-ve-2picdd           7.50000000E-03   0.0000000000E+00 +-    0.0000000000E+00   
sum diff1+dif2+diff3           7.50000000E-03   0.0000000000E+00 +-    0.0000000000E+00   
proton rms                     7.50000000E-03   2.2768127269E+00 +-    1.3549732956E-02   
neutron rms                    7.50000000E-03   2.2260148443E+00 +-    1.3034757118E-02   
total rms                      7.50000000E-03   2.2510001480E+00 +-    1.1651964146E-02   
neutron-proton rms             7.50000000E-03  -5.0797882603E-02 +-    1.2774414671E-02   
GT sigXtau+                    7.50000000E-03   1.3614075175E-05 +-    1.9973216676E-05   
GT sigYtau+                    7.50000000E-03  -3.8767166055E-04 +-    2.4872152099E-05   
GT sigZtau+                    7.50000000E-03   2.2364124283E-04 +-    2.3199791573E-05   
GT sigXtau-                    7.50000000E-03  -1.1712727258E-04 +-    2.1741883708E-05   
GT sigYtau-                    7.50000000E-03   4.0509991852E-05 +-    2.1046854104E-05   
GT sigZtau-                    7.50000000E-03   5.9652644541E-05 +-    1.4587934299E-05   
F tau+                         7.50000000E-03  -2.6721115078E-19 +-    6.0713325181E-20   
F tau-                         7.50000000E-03   5.9532661414E-20 +-    3.9703325524E-20   
Psi**2                         7.50000000E-03   2.1715014469E-05 +-    6.3859877700E-07   
single crossing/step           7.50000000E-03   7.5111833676E-03 +-    4.0993847287E-05   
global crossing/step           7.50000000E-03   7.3966671265E-03 +-    8.1364991478E-05   
energy numerator(real)         7.50000000E-03  -9.5891132403E+00 +-    8.5851205531E-01   
denominator psit/psigi(real)   7.50000000E-03   3.6014783109E-01 +-    1.3898490452E-02   
energy numerator(aimag)        7.50000000E-03   1.8011158814E-02 +-    5.5624331804E-01   
denominator psit/psigi(aimag)  7.50000000E-03  -2.1070244142E-02 +-    8.9940357435E-03   
growth(lin dt) energy          7.50000000E-03  -2.3019474096E+02 +-    5.3475997149E+00   
growth(global) energy          7.50000000E-03  -2.2010114646E+02 +-    1.1511802891E+01
growth energy                  7.50000000E-03  -2.2999609475E+02 +-    5.3304266154E+00
Time for propagation (sec) (min) =          22.126      0.369
Time for energies (sec) (min) =              0.701      0.012
Time for load balancing (sec) (min) =        0.036      0.001
Time for block (sec) (min) =                23.403      0.390
Time for operators (sec) (min) =             0.012      0.000
Elapsed block time (sec) (min) =            66.953      1.116
 
 walkers multiplicity, block, total
   0          51942         135499
   1        1030601        2911144
   2          50057         134600
   3            329            779
   4             53            135
   5             20             53
   6             10             18
   7              8             10
   8              2              7
   9              3              4
  10              2              3
  11              2              4
  12              1              3
 
 

iteration =                               4
walker number =                       10572
total energy-propagated        1.00000000E-02  -1.6464739774E+01 +-    2.8658378705E-01   
kinetic energy                 1.00000000E-02   5.6102590506E+01 +-    9.1458331440E-01   
potential energy               1.00000000E-02  -7.2567330280E+01 +-    9.0590630843E-01   
im energy                      1.00000000E-02   1.7963233864E+00 +-    2.0693033026E-01   
imkin energy                   1.00000000E-02  -7.6318688098E-02 +-    7.6307260962E-01   
impot energy                   1.00000000E-02   1.8726420745E+00 +-    4.9387371160E-01   
v cent                         1.00000000E-02   1.2323812744E+00 +-    1.2797509895E+00   
v tau                          1.00000000E-02  -5.2906833508E+00 +-    2.8660238651E-01   
v sigma                        1.00000000E-02   6.9129198365E+00 +-    3.5651175975E-01   
v sigtau                       1.00000000E-02  -1.8065031239E+01 +-    4.4345001566E-01   
v tensor                       1.00000000E-02   9.7070571051E-01 +-    1.9545915007E-01   
v tenstau                      1.00000000E-02  -5.8327622512E+01 +-    1.0479120511E+00   
v ls                           1.00000000E-02   0.0000000000E+00 +-    0.0000000000E+00   
v lstau                        1.00000000E-02   0.0000000000E+00 +-    0.0000000000E+00   
vpot v6                        1.00000000E-02  -7.2567330280E+01 +-    9.0590630843E-01   
vpot v8                        1.00000000E-02  -7.2567330280E+01 +-    9.0590630843E-01   
v coulomb                      1.00000000E-02   6.0836500998E-01 +-    3.0806964229E-03   
v external                     1.00000000E-02   0.0000000000E+00 +-    0.0000000000E+00   
tni 2pipr-anticomm             1.00000000E-02   0.0000000000E+00 +-    0.0000000000E+00   
tni vd1pr                      1.00000000E-02   0.0000000000E+00 +-    0.0000000000E+00   
tni vepr                       1.00000000E-02   0.0000000000E+00 +-    0.0000000000E+00   
tni central                    1.00000000E-02   0.0000000000E+00 +-    0.0000000000E+00   
tni 2pixx-anticommutator       1.00000000E-02   0.0000000000E+00 +-    0.0000000000E+00   
tni 2pixd-anticommutator       1.00000000E-02   0.0000000000E+00 +-    0.0000000000E+00   
tni 2pidd-anticommutator       1.00000000E-02   0.0000000000E+00 +-    0.0000000000E+00   
tni 2pixx-commutator           1.00000000E-02   0.0000000000E+00 +-    0.0000000000E+00   
tni 2pixd-commutator           1.00000000E-02   0.0000000000E+00 +-    0.0000000000E+00   
tni 2pidd-commutator           1.00000000E-02   0.0000000000E+00 +-    0.0000000000E+00   
tni 2pi-tm                     1.00000000E-02   0.0000000000E+00 +-    0.0000000000E+00   
tni vd1                        1.00000000E-02   0.0000000000E+00 +-    0.0000000000E+00   
tni vd2                        1.00000000E-02   0.0000000000E+00 +-    0.0000000000E+00   
tni ve                         1.00000000E-02   0.0000000000E+00 +-    0.0000000000E+00   
vpottot v8+tni                 1.00000000E-02  -7.2567330280E+01 +-    9.0590630843E-01   
enetot v8+tni                  1.00000000E-02  -1.6464739774E+01 +-    2.8658378705E-01   
vper cent                      1.00000000E-02   1.2323812744E+00 +-    1.2797509895E+00   
vper tau                       1.00000000E-02  -5.2906833508E+00 +-    2.8660238651E-01   
vper sigma                     1.00000000E-02   6.9129198365E+00 +-    3.5651175975E-01   
vper sigtau                    1.00000000E-02  -1.8065031239E+01 +-    4.4345001566E-01   
vper tensor                    1.00000000E-02   9.7070571051E-01 +-    1.9545915007E-01   
vper tenstau                   1.00000000E-02  -5.8327622512E+01 +-    1.0479120511E+00   
vper ls                        1.00000000E-02   0.0000000000E+00 +-    0.0000000000E+00   
vper lstau                     1.00000000E-02   0.0000000000E+00 +-    0.0000000000E+00   
vpotper v6                     1.00000000E-02  -7.2567330280E+01 +-    9.0590630843E-01   
vpotper v8                     1.00000000E-02  -7.2567330280E+01 +-    9.0590630843E-01   
vpotv6pr-vpotv6per diff        1.00000000E-02   0.0000000000E+00 +-    0.0000000000E+00   
vpotv8pr-vpotv8per diff        1.00000000E-02   0.0000000000E+00 +-    0.0000000000E+00   
2piapr-2pia diff               1.00000000E-02   0.0000000000E+00 +-    0.0000000000E+00   
vd1pr-vd1 diff                 1.00000000E-02   0.0000000000E+00 +-    0.0000000000E+00   
vepr-ve diff                   1.00000000E-02   0.0000000000E+00 +-    0.0000000000E+00   
diff1 2piapr-2pia-2picxx       1.00000000E-02   0.0000000000E+00 +-    0.0000000000E+00   
diff2 vd1pr-vd1-2picxd         1.00000000E-02   0.0000000000E+00 +-    0.0000000000E+00   
diff3 vepr-ve-2picdd           1.00000000E-02   0.0000000000E+00 +-    0.0000000000E+00   
sum diff1+dif2+diff3           1.00000000E-02   0.0000000000E+00 +-    0.0000000000E+00   
proton rms                     1.00000000E-02   2.8616926973E+00 +-    1.6009839475E-02   
neutron rms                    1.00000000E-02   2.6434199025E+00 +-    1.9646304182E-02   
total rms                      1.00000000E-02   2.7496589596E+00 +-    1.1352866819E-02   
neutron-proton rms             1.00000000E-02  -2.1827279478E-01 +-    2.4004792916E-02   
GT sigXtau+                    1.00000000E-02  -2.2476245992E-04 +-    2.3561304999E-05   
GT sigYtau+                    1.00000000E-02  -4.2839600630E-04 +-    2.1160829357E-05   
GT sigZtau+                    1.00000000E-02  -4.0991278281E-04 +-    1.7928906501E-05   
GT sigXtau-                    1.00000000E-02  -2.3966668872E-04 +-    8.5718141283E-06   
GT sigYtau-                    1.00000000E-02   2.2671593954E-05 +-    1.7947620324E-05   
GT sigZtau-                    1.00000000E-02   3.2859831027E-04 +-    1.5808096451E-05   
F tau+                         1.00000000E-02   6.4900134404E-19 +-    2.4694314976E-20   
F tau-                         1.00000000E-02  -3.9797059819E-19 +-    3.7201011106E-20   
Psi**2                         1.00000000E-02   8.1195264982E-06 +-    6.3108969997E-07   
single crossing/step           1.00000000E-02   7.0209876067E-03 +-    4.0021334516E-05   
global crossing/step           1.00000000E-02   6.9346037277E-03 +-    7.9552196027E-05   
energy numerator(real)         1.00000000E-02  -2.0503108469E+00 +-    8.5810827415E-01   
denominator psit/psigi(real)   1.00000000E-02   1.2015711860E-01 +-    1.3800624394E-02   
energy numerator(aimag)        1.00000000E-02   9.1453368973E-01 +-    5.8891653517E-01   
denominator psit/psigi(aimag)  1.00000000E-02   8.2334644945E-03 +-    9.2059872262E-03   
growth(lin dt) energy          1.00000000E-02  -2.1210942705E+02 +-    5.3038900133E+00   
growth(global) energy          1.00000000E-02  -2.0285649957E+02 +-    1.1861881992E+01
growth energy                  1.00000000E-02  -2.1196359415E+02 +-    5.2892439232E+00
Time for propagation (sec) (min) =          21.717      0.362
Time for energies (sec) (min) =              0.742      0.012
Time for load balancing (sec) (min) =        0.031      0.001
Time for block (sec) (min) =                23.037      0.384
Time for operators (sec) (min) =             0.016      0.000
Elapsed block time (sec) (min) =            90.015      1.500
 
 walkers multiplicity, block, total
   0          49272         184771
   1        1001651        3912795
   2          48813         183413
   3            350           1129
   4             58            193
   5             15             68
   6              9             27
   7              4             14
   8              1              8
   9              1              5
  10              1              4
  11              0              4
  12              0              3
  16              1              1
 
 

iteration =                               5
walker number =                        9964
total energy-propagated        1.25000000E-02  -3.2901062225E+01 +-    3.4565724882E-01   
kinetic energy                 1.25000000E-02   8.4350043020E+01 +-    1.6674728097E+00   
potential energy               1.25000000E-02  -1.1725110524E+02 +-    1.4747162978E+00   
im energy                      1.25000000E-02  -1.7001202202E+00 +-    3.1299423404E-01   
imkin energy                   1.25000000E-02  -2.7518442551E+01 +-    8.4615059219E-01   
impot energy                   1.25000000E-02   2.5818322331E+01 +-    7.7293169309E-01   
v cent                         1.25000000E-02   2.0300669102E+00 +-    1.8335882351E+00   
v tau                          1.25000000E-02  -2.8966832997E+00 +-    4.6820059701E-01   
v sigma                        1.25000000E-02  -1.2532524847E+01 +-    2.4437192591E-01   
v sigtau                       1.25000000E-02  -5.8074946991E+01 +-    6.9916451934E-01   
v tensor                       1.25000000E-02   1.9015860676E+00 +-    2.8710211707E-01   
v tenstau                      1.25000000E-02  -4.7678603085E+01 +-    1.4366891178E+00   
v ls                           1.25000000E-02   0.0000000000E+00 +-    0.0000000000E+00   
v lstau                        1.25000000E-02   0.0000000000E+00 +-    0.0000000000E+00   
vpot v6                        1.25000000E-02  -1.1725110524E+02 +-    1.4747162978E+00   
vpot v8                        1.25000000E-02  -1.1725110524E+02 +-    1.4747162978E+00   
v coulomb                      1.25000000E-02   8.3371200696E-01 +-    2.7372959234E-03   
v external                     1.25000000E-02   0.0000000000E+00 +-    0.0000000000E+00   
tni 2pipr-anticomm             1.25000000E-02   0.0000000000E+00 +-    0.0000000000E+00   
tni vd1pr                      1.25000000E-02   0.0000000000E+00 +-    0.0000000000E+00   
tni vepr                       1.25000000E-02   0.0000000000E+00 +-    0.0000000000E+00   
tni central                    1.25000000E-02   0.0000000000E+00 +-    0.0000000000E+00   
tni 2pixx-anticommutator       1.25000000E-02   0.0000000000E+00 +-    0.0000000000E+00   
tni 2pixd-anticommutator       1.25000000E-02   0.0000000000E+00 +-    0.0000000000E+00   
tni 2pidd-anticommutator       1.25000000E-02   0.0000000000E+00 +-    0.0000000000E+00   
tni 2pixx-commutator           1.25000000E-02   0.0000000000E+00 +-    0.0000000000E+00   
tni 2pixd-commutator           1.25000000E-02   0.0000000000E+00 +-    0.0000000000E+00   
tni 2pidd-commutator           1.25000000E-02   0.0000000000E+00 +-    0.0000000000E+00   
tni 2pi-tm                     1.25000000E-02   0.0000000000E+00 +-    0.0000000000E+00   
tni vd1                        1.25000000E-02   0.0000000000E+00 +-    0.0000000000E+00   
tni vd2                        1.25000000E-02   0.0000000000E+00 +-    0.0000000000E+00   
tni ve                         1.25000000E-02   0.0000000000E+00 +-    0.0000000000E+00   
vpottot v8+tni                 1.25000000E-02  -1.1725110524E+02 +-    1.4747162978E+00   
enetot v8+tni                  1.25000000E-02  -3.2901062225E+01 +-    3.4565724882E-01   
vper cent                      1.25000000E-02   2.0300669102E+00 +-    1.8335882351E+00   
vper tau                       1.25000000E-02  -2.8966832997E+00 +-    4.6820059701E-01   
vper sigma                     1.25000000E-02  -1.2532524847E+01 +-    2.4437192591E-01   
vper sigtau                    1.25000000E-02  -5.8074946991E+01 +-    6.9916451934E-01   
vper tensor                    1.25000000E-02   1.9015860676E+00 +-    2.8710211707E-01   
vper tenstau                   1.25000000E-02  -4.7678603085E+01 +-    1.4366891178E+00   
vper ls                        1.25000000E-02   0.0000000000E+00 +-    0.0000000000E+00   
vper lstau                     1.25000000E-02   0.0000000000E+00 +-    0.0000000000E+00   
vpotper v6                     1.25000000E-02  -1.1725110524E+02 +-    1.4747162978E+00   
vpotper v8                     1.25000000E-02  -1.1725110524E+02 +-    1.4747162978E+00   
vpotv6pr-vpotv6per diff        1.25000000E-02   0.0000000000E+00 +-    0.0000000000E+00   
vpotv8pr-vpotv8per diff        1.25000000E-02   0.0000000000E+00 +-    0.0000000000E+00   
2piapr-2pia diff               1.25000000E-02   0.0000000000E+00 +-    0.0000000000E+00   
vd1pr-vd1 diff                 1.25000000E-02   0.0000000000E+00 +-    0.0000000000E+00   
vepr-ve diff                   1.25000000E-02   0.0000000000E+00 +-    0.0000000000E+00   
diff1 2piapr-2pia-2picxx       1.25000000E-02   0.0000000000E+00 +-    0.0000000000E+00   
diff2 vd1pr-vd1-2picxd         1.25000000E-02   0.0000000000E+00 +-    0.0000000000E+00   
diff3 vepr-ve-2picdd           1.25000000E-02   0.0000000000E+00 +-    0.0000000000E+00   
sum diff1+dif2+diff3           1.25000000E-02   0.0000000000E+00 +-    0.0000000000E+00   
proton rms                     1.25000000E-02   2.1768884393E+00 +-    1.3420684509E-02   
neutron rms                    1.25000000E-02   2.3029819535E+00 +-    1.6216402907E-02   
total rms                      1.25000000E-02   2.2345997227E+00 +-    1.1983188972E-02   
neutron-proton rms             1.25000000E-02   1.2609351423E-01 +-    1.6908214848E-02   
GT sigXtau+                    1.25000000E-02   1.4018891647E-04 +-    3.0349123410E-05   
GT sigYtau+                    1.25000000E-02  -5.9628983807E-05 +-    3.6714053264E-05   
GT sigZtau+                    1.25000000E-02  -6.4490243733E-04 +-    2.9390968311E-05   
GT sigXtau-                    1.25000000E-02  -9.6104194872E-04 +-    3.1851554614E-05   
GT sigYtau-                    1.25000000E-02  -1.3467496908E-04 +-    2.7858833526E-05   
GT sigZtau-                    1.25000000E-02  -1.9890136819E-04 +-    2.2805543652E-05   
F tau+                         1.25000000E-02   5.9594123182E-19 +-    6.4408013956E-20   
F tau-                         1.25000000E-02  -9.9793278920E-20 +-    5.1068968708E-20   
Psi**2                         1.25000000E-02   1.9219923779E-05 +-    1.5133744700E-06   
single crossing/step           1.25000000E-02   7.1665544569E-03 +-    4.0040000793E-05   
global crossing/step           1.25000000E-02   7.0372202980E-03 +-    7.9359281872E-05   
energy numerator(real)         1.25000000E-02  -3.3223658540E+00 +-    9.7551652958E-01   
denominator psit/psigi(real)   1.25000000E-02   1.0287757359E-01 +-    1.4135010116E-02   
energy numerator(aimag)        1.25000000E-02   1.7054750491E+00 +-    6.7043638504E-01   
denominator psit/psigi(aimag)  1.25000000E-02  -4.0873158559E-03 +-    9.7645106449E-03   
growth(lin dt) energy          1.25000000E-02  -2.3466349018E+02 +-    5.4528756199E+00   
growth(global) energy          1.25000000E-02  -2.2860632465E+02 +-    1.0168689291E+01
growth energy                  1.25000000E-02  -2.3445054195E+02 +-    5.4347520985E+00
Time for propagation (sec) (min) =          22.146      0.369
Time for energies (sec) (min) =              0.699      0.012
Time for load balancing (sec) (min) =        0.029      0.000
Time for block (sec) (min) =                23.448      0.391
Time for operators (sec) (min) =             0.015      0.000
Elapsed block time (sec) (min) =           113.479      1.891
 
 walkers multiplicity, block, total
   0          53203         237974
   1        1028529        4941324
   2          51393         234806
   3            358           1487
   4             77            270
   5             22             90
   6             16             43
   7              2             16
   8              1              9
   9              4              9
  10              1              5
  11              0              4
  12              0              3
  13              1              1
  16              1              2
 
 

iteration =                               6
walker number =                       11805
total energy-propagated        1.50000000E-02  -5.3221127563E+01 +-    4.7356725377E-01   
kinetic energy                 1.50000000E-02   5.3904299481E+01 +-    2.3009649039E+00   
potential energy               1.50000000E-02  -1.0712542704E+02 +-    2.0997786349E+00   
im energy                      1.50000000E-02   3.6979465094E-02 +-    3.3084653502E-01   
imkin energy                   1.50000000E-02   2.3679272588E+01 +-    3.0774856974E-01   
impot energy                   1.50000000E-02  -2.3642293123E+01 +-    3.7340139405E-01   
v cent                         1.50000000E-02   7.9136981051E+01 +-    2.4513499007E+00   
v tau                          1.50000000E-02  -1.0589606150E+01 +-    3.6770819863E-01   
v sigma                        1.50000000E-02  -1.9011203092E+01 +-    3.6236120690E-01   
v sigtau                       1.50000000E-02  -9.0221935584E+01 +-    6.4036957285E-01   
v tensor                       1.50000000E-02   1.0475805306E+00 +-    1.9096553115E-01   
v tenstau                      1.50000000E-02  -6.7487243800E+01 +-    1.6163923687E+00   
v ls                           1.50000000E-02   0.0000000000E+00 +-    0.0000000000E+00   
v lstau                        1.50000000E-02   0.0000000000E+00 +-    0.0000000000E+00   
vpot v6                        1.50000000E-02  -1.0712542704E+02 +-    2.0997786349E+00   
vpot v8                        1.50000000E-02  -1.0712542704E+02 +-    2.0997786349E+00   
v coulomb                      1.50000000E-02   8.6023595048E-01 +-    4.6281699684E-03   
v external                     1.50000000E-02   0.0000000000E+00 +-    0.0000000000E+00   
tni 2pipr-anticomm             1.50000000E-02   0.0000000000E+00 +-    0.0000000000E+00   
tni vd1pr                      1.50000000E-02   0.0000000000E+00 +-    0.0000000000E+00   
tni vepr                       1.50000000E-02   0.0000000000E+00 +-    0.0000000000E+00   
tni central                    1.50000000E-02   0.0000000000E+00 +-    0.0000000000E+00   
tni 2pixx-anticommutator       1.50000000E-02   0.0000000000E+00 +-    0.0000000000E+00   
tni 2pixd-anticommutator       1.50000000E-02   0.0000000000E+00 +-    0.0000000000E+00   
tni 2pidd-anticommutator       1.50000000E-02   0.0000000000E+00 +-    0.0000000000E+00   
tni 2pixx-commutator           1.50000000E-02   0.0000000000E+00 +-    0.0000000000E+00   
tni 2pixd-commutator           1.50000000E-02   0.0000000000E+00 +-    0.0000000000E+00   
tni 2pidd-commutator           1.50000000E-02   0.0000000000E+00 +-    0.0000000000E+00   
tni 2pi-tm                     1.50000000E-02   0.0000000000E+00 +-    0.0000000000E+00   
tni vd1                        1.50000000E-02   0.0000000000E+00 +-    0.0000000000E+00   
tni vd2                        1.50000000E-02   0.0000000000E+00 +-    0.0000000000E+00   
tni ve                         1.50000000E-02   0.0000000000E+00 +-    0.0000000000E+00   
vpottot v8+tni                 1.50000000E-02  -1.0712542704E+02 +-    2.0997786349E+00   
enetot v8+tni                  1.50000000E-02  -5.3221127563E+01 +-    4.7356725377E-01   
vper cent                      1.50000000E-02   7.9136981051E+01 +-    2.4513499007E+00   
vper tau                       1.50000000E-02  -1.0589606150E+01 +-    3.6770819863E-01   
vper sigma                     1.50000000E-02  -1.9011203092E+01 +-    3.6236120690E-01   
vper sigtau                    1.50000000E-02  -9.0221935584E+01 +-    6.4036957285E-01   
vper tensor                    1.50000000E-02   1.0475805306E+00 +-    1.9096553115E-01   
vper tenstau                   1.50000000E-02  -6.7487243800E+01 +-    1.6163923687E+00   
vper ls                        1.50000000E-02   0.0000000000E+00 +-    0.0000000000E+00   
vper lstau                     1.50000000E-02   0.0000000000E+00 +-    0.0000000000E+00   
vpotper v6                     1.50000000E-02  -1.0712542704E+02 +-    2.0997786349E+00   
vpotper v8                     1.50000000E-02  -1.0712542704E+02 +-    2.0997786349E+00   
vpotv6pr-vpotv6per diff        1.50000000E-02   0.0000000000E+00 +-    0.0000000000E+00   
vpotv8pr-vpotv8per diff        1.50000000E-02   0.0000000000E+00 +-    0.0000000000E+00   
2piapr-2pia diff               1.50000000E-02   0.0000000000E+00 +-    0.0000000000E+00   
vd1pr-vd1 diff                 1.50000000E-02   0.0000000000E+00 +-    0.0000000000E+00   
vepr-ve diff                   1.50000000E-02   0.0000000000E+00 +-    0.0000000000E+00   
diff1 2piapr-2pia-2picxx       1.50000000E-02   0.0000000000E+00 +-    0.0000000000E+00   
diff2 vd1pr-vd1-2picxd         1.50000000E-02   0.0000000000E+00 +-    0.0000000000E+00   
diff3 vepr-ve-2picdd           1.50000000E-02   0.0000000000E+00 +-    0.0000000000E+00   
sum diff1+dif2+diff3           1.50000000E-02   0.0000000000E+00 +-    0.0000000000E+00   
proton rms                     1.50000000E-02   1.5267065333E+00 +-    9.2755190310E-03   
neutron rms                    1.50000000E-02   1.5165474809E+00 +-    8.7670348665E-03   
total rms                      1.50000000E-02   1.5307239459E+00 +-    8.9578430337E-03   
neutron-proton rms             1.50000000E-02  -1.0159052397E-02 +-    5.4769556364E-03   
GT sigXtau+                    1.50000000E-02   2.8947927373E-04 +-    3.2096389354E-05   
GT sigYtau+                    1.50000000E-02   4.1166140261E-04 +-    3.0793979966E-05   
GT sigZtau+                    1.50000000E-02  -5.4558496011E-04 +-    3.5378598943E-05   
GT sigXtau-                    1.50000000E-02   1.4342547669E-04 +-    3.5670131618E-05   
GT sigYtau-                    1.50000000E-02  -3.6059762785E-04 +-    3.9502487233E-05   
GT sigZtau-                    1.50000000E-02   1.9876685400E-05 +-    3.1216241853E-05   
F tau+                         1.50000000E-02   3.6805937177E-19 +-    5.0166938209E-20   
F tau-                         1.50000000E-02  -1.8074582343E-19 +-    5.5838168022E-20   
Psi**2                         1.50000000E-02   3.3110550030E-05 +-    5.5936063568E-07   
single crossing/step           1.50000000E-02   7.6143883145E-03 +-    4.1687780856E-05   
global crossing/step           1.50000000E-02   7.4414385739E-03 +-    8.2430427722E-05   
energy numerator(real)         1.50000000E-02  -5.7589288514E+00 +-    8.8292070576E-01   
denominator psit/psigi(real)   1.50000000E-02   1.0392996771E-01 +-    1.3224491632E-02   
energy numerator(aimag)        1.50000000E-02  -2.6191137844E+00 +-    5.9982180854E-01   
denominator psit/psigi(aimag)  1.50000000E-02   5.7010036502E-02 +-    8.9853191313E-03   
growth(lin dt) energy          1.50000000E-02  -2.3822076137E+02 +-    5.6778693688E+00   
growth(global) energy          1.50000000E-02  -2.4615637202E+02 +-    1.1493221182E+01
growth energy                  1.50000000E-02  -2.3799607370E+02 +-    5.6584806373E+00
Time for propagation (sec) (min) =          21.703      0.362
Time for energies (sec) (min) =              0.829      0.014
Time for load balancing (sec) (min) =        0.028      0.000
Time for block (sec) (min) =                23.140      0.386
Time for operators (sec) (min) =             0.026      0.000
Elapsed block time (sec) (min) =           136.655      2.278
 
 walkers multiplicity, block, total
   0          50841         288815
   1         996260        5937584
   2          51482         286288
   3            373           1860
   4             52            322
   5             19            109
   6             10             53
   7              5             21
   8              4             13
   9              5             14
  10              0              5
  11              0              4
  12              2              5
  13              0              1
  16              1              3
  19              1              1
  20              1              1
 
 

iteration =                               7
walker number =                       10376
total energy-propagated        1.75000000E-02  -2.6283272091E+01 +-    3.6387739855E+00   
kinetic energy                 1.75000000E-02  -2.2388328878E+01 +-    6.5464830287E+00   
potential energy               1.75000000E-02  -3.8949432124E+00 +-    4.8917479296E+00   
im energy                      1.75000000E-02  -2.4103469363E+00 +-    1.4423560215E+00   
imkin energy                   1.75000000E-02  -1.6393166123E+01 +-    1.7448536192E+00   
impot energy                   1.75000000E-02   1.3982819187E+01 +-    8.6552287634E-01   
v cent                         1.75000000E-02   1.3231346763E+02 +-    4.5493196243E+00   
v tau                          1.75000000E-02  -1.4169083609E+01 +-    3.1123645181E-01   
v sigma                        1.75000000E-02  -1.7315542179E+01 +-    6.5178824497E-01   
v sigtau                       1.75000000E-02  -8.5884866672E+01 +-    8.0449603272E-01   
v tensor                       1.75000000E-02   2.2015778629E+00 +-    3.3725751729E-01   
v tenstau                      1.75000000E-02  -2.1040496243E+01 +-    2.2252155357E+00   
v ls                           1.75000000E-02   0.0000000000E+00 +-    0.0000000000E+00   
v lstau                        1.75000000E-02   0.0000000000E+00 +-    0.0000000000E+00   
vpot v6                        1.75000000E-02  -3.8949432124E+00 +-    4.8917479296E+00   
vpot v8                        1.75000000E-02  -3.8949432124E+00 +-    4.8917479296E+00   
v coulomb                      1.75000000E-02   8.3725828956E-01 +-    5.4712827485E-03   
v external                     1.75000000E-02   0.0000000000E+00 +-    0.0000000000E+00   
tni 2pipr-anticomm             1.75000000E-02   0.0000000000E+00 +-    0.0000000000E+00   
tni vd1pr                      1.75000000E-02   0.0000000000E+00 +-    0.0000000000E+00   
tni vepr                       1.75000000E-02   0.0000000000E+00 +-    0.0000000000E+00   
tni central                    1.75000000E-02   0.0000000000E+00 +-    0.0000000000E+00   
tni 2pixx-anticommutator       1.75000000E-02   0.0000000000E+00 +-    0.0000000000E+00   
tni 2pixd-anticommutator       1.75000000E-02   0.0000000000E+00 +-    0.0000000000E+00   
tni 2pidd-anticommutator       1.75000000E-02   0.0000000000E+00 +-    0.0000000000E+00   
tni 2pixx-commutator           1.75000000E-02   0.0000000000E+00 +-    0.0000000000E+00   
tni 2pixd-commutator           1.75000000E-02   0.0000000000E+00 +-    0.0000000000E+00   
tni 2pidd-commutator           1.75000000E-02   0.0000000000E+00 +-    0.0000000000E+00   
tni 2pi-tm                     1.75000000E-02   0.0000000000E+00 +-    0.0000000000E+00   
tni vd1                        1.75000000E-02   0.0000000000E+00 +-    0.0000000000E+00   
tni vd2                        1.75000000E-02   0.0000000000E+00 +-    0.0000000000E+00   
tni ve                         1.75000000E-02   0.0000000000E+00 +-    0.0000000000E+00   
vpottot v8+tni                 1.75000000E-02  -3.8949432124E+00 +-    4.8917479296E+00   
enetot v8+tni                  1.75000000E-02  -2.6283272091E+01 +-    3.6387739855E+00   
vper cent                      1.75000000E-02   1.3231346763E+02 +-    4.5493196243E+00   
vper tau                       1.75000000E-02  -1.4169083609E+01 +-    3.1123645181E-01   
vper sigma                     1.75000000E-02  -1.7315542179E+01 +-    6.5178824497E-01   
vper sigtau                    1.75000000E-02  -8.5884866672E+01 +-    8.0449603272E-01   
vper tensor                    1.75000000E-02   2.2015778629E+00 +-    3.3725751729E-01   
vper tenstau                   1.75000000E-02  -2.1040496243E+01 +-    2.2252155357E+00   
vper ls                        1.75000000E-02   0.0000000000E+00 +-    0.0000000000E+00   
vper lstau                     1.75000000E-02   0.0000000000E+00 +-    0.0000000000E+00   
vpotper v6                     1.75000000E-02  -3.8949432124E+00 +-    4.8917479296E+00   
vpotper v8                     1.75000000E-02  -3.8949432124E+00 +-    4.8917479296E+00   
vpotv6pr-vpotv6per diff        1.75000000E-02   0.0000000000E+00 +-    0.0000000000E+00   
vpotv8pr-vpotv8per diff        1.75000000E-02   0.0000000000E+00 +-    0.0000000000E+00   
2piapr-2pia diff               1.75000000E-02   0.0000000000E+00 +-    0.0000000000E+00   
vd1pr-vd1 diff                 1.75000000E-02   0.0000000000E+00 +-    0.0000000000E+00   
vepr-ve diff                   1.75000000E-02   0.0000000000E+00 +-    0.0000000000E+00   
diff1 2piapr-2pia-2picxx       1.75000000E-02   0.0000000000E+00 +-    0.0000000000E+00   
diff2 vd1pr-vd1-2picxd         1.75000000E-02   0.0000000000E+00 +-    0.0000000000E+00   
diff3 vepr-ve-2picdd           1.75000000E-02   0.0000000000E+00 +-    0.0000000000E+00   
sum diff1+dif2+diff3           1.75000000E-02   0.0000000000E+00 +-    0.0000000000E+00   
proton rms                     1.75000000E-02   1.6597669511E+00 +-    1.1238372337E-02   
neutron rms                    1.75000000E-02   1.4163553383E+00 +-    9.7780254664E-03   
total rms                      1.75000000E-02   1.5487509764E+00 +-    9.1637996308E-03   
neutron-proton rms             1.75000000E-02  -2.4341161286E-01 +-    1.4076137977E-02   
GT sigXtau+                    1.75000000E-02  -9.6576300247E-05 +-    4.0034115478E-05   
GT sigYtau+                    1.75000000E-02   5.4227508942E-04 +-    3.6899297754E-05   
GT sigZtau+                    1.75000000E-02  -1.9489651778E-03 +-    3.7374194193E-05   
GT sigXtau-                    1.75000000E-02  -2.2737308902E-04 +-    4.6122512073E-05   
GT sigYtau-                    1.75000000E-02   9.1724374477E-04 +-    4.0666207484E-05   
GT sigZtau-                    1.75000000E-02   1.8754486031E-04 +-    4.2730017501E-05   
F tau+                         1.75000000E-02  -9.1182738124E-19 +-    6.5496690403E-20   
F tau-                         1.75000000E-02  -9.6360120657E-20 +-    5.8012299579E-20   
Psi**2                         1.75000000E-02   4.5429162897E-05 +-    1.5944922290E-06   
single crossing/step           1.75000000E-02   8.5618890594E-03 +-    4.4138041414E-05   
global crossing/step           1.75000000E-02   8.3135653592E-03 +-    8.6997404263E-05   
energy numerator(real)         1.75000000E-02  -1.6426129474E+00 +-    1.4891904833E+00   
denominator psit/psigi(real)   1.75000000E-02   7.2402906134E-02 +-    1.4335485371E-02   
energy numerator(aimag)        1.75000000E-02  -1.4498228842E+00 +-    1.1340351566E+00   
denominator psit/psigi(aimag)  1.75000000E-02   3.4171955669E-02 +-    9.7508983125E-03   
growth(lin dt) energy          1.75000000E-02  -2.8967073373E+02 +-    6.1723955762E+00   
growth(global) energy          1.75000000E-02  -2.8099746605E+02 +-    1.2865383291E+01
growth energy                  1.75000000E-02  -2.8924114232E+02 +-    6.1434053298E+00
Time for propagation (sec) (min) =          21.756      0.363
Time for energies (sec) (min) =              0.729      0.012
Time for load balancing (sec) (min) =        0.030      0.000
Time for block (sec) (min) =                23.026      0.384
Time for operators (sec) (min) =             0.016      0.000
Elapsed block time (sec) (min) =           159.697      2.662
 
 walkers multiplicity, block, total
   0          57948         346763
   1        1012084        6949668
   2          54775         341063
   3            526           2386
   4             86            408
   5             31            140
   6             16             69
   7              8             29
   8              7             20
   9              3             17
  10              2              7
  11              1              5
  12              1              6
  13              0              1
  15              1              1
  16              0              3
  19              1              2
  20              2              3
 
 

iteration =                               8
walker number =                       10888
total energy-propagated        2.00000000E-02   3.9676841580E+01 +-    1.3147884402E+00   
kinetic energy                 2.00000000E-02   1.1485854809E+02 +-    5.4702278276E+00   
potential energy               2.00000000E-02  -7.5181706506E+01 +-    6.0452809119E+00   
im energy                      2.00000000E-02  -4.1085405526E+01 +-    5.1703259793E-01   
imkin energy                   2.00000000E-02  -4.9174693615E+01 +-    1.4967426853E+00   
impot energy                   2.00000000E-02   8.0892880885E+00 +-    1.6868602011E+00   
v cent                         2.00000000E-02   9.0865836331E+01 +-    6.8628048496E+00   
v tau                          2.00000000E-02  -1.8176360395E+01 +-    3.0983774915E-01   
v sigma                        2.00000000E-02  -2.6904002583E+01 +-    3.9236013881E-01   
v sigtau                       2.00000000E-02  -1.4269882808E+02 +-    1.4425638273E+00   
v tensor                       2.00000000E-02   9.1185375114E+00 +-    4.1411811892E-01   
v tenstau                      2.00000000E-02   1.2613110711E+01 +-    9.2043497048E-01   
v ls                           2.00000000E-02   0.0000000000E+00 +-    0.0000000000E+00   
v lstau                        2.00000000E-02   0.0000000000E+00 +-    0.0000000000E+00   
vpot v6                        2.00000000E-02  -7.5181706506E+01 +-    6.0452809119E+00   
vpot v8                        2.00000000E-02  -7.5181706506E+01 +-    6.0452809119E+00   
v coulomb                      2.00000000E-02   7.7456850624E-01 +-    6.1166945720E-03   
v external                     2.00000000E-02   0.0000000000E+00 +-    0.0000000000E+00   
tni 2pipr-anticomm             2.00000000E-02   0.0000000000E+00 +-    0.0000000000E+00   
tni vd1pr                      2.00000000E-02   0.0000000000E+00 +-    0.0000000000E+00   
tni vepr                       2.00000000E-02   0.0000000000E+00 +-    0.0000000000E+00   
tni central                    2.00000000E-02   0.0000000000E+00 +-    0.0000000000E+00   
tni 2pixx-anticommutator       2.00000000E-02   0.0000000000E+00 +-    0.0000000000E+00   
tni 2pixd-anticommutator       2.00000000E-02   0.0000000000E+00 +-    0.0000000000E+00   
tni 2pidd-anticommutator       2.00000000E-02   0.0000000000E+00 +-    0.0000000000E+00   
tni 2pixx-commutator           2.00000000E-02   0.0000000000E+00 +-    0.0000000000E+00   
tni 2pixd-commutator           2.00000000E-02   0.0000000000E+00 +-    0.0000000000E+00   
tni 2pidd-commutator           2.00000000E-02   0.0000000000E+00 +-    0.0000000000E+00   
tni 2pi-tm                     2.00000000E-02   0.0000000000E+00 +-    0.0000000000E+00   
tni vd1                        2.00000000E-02   0.0000000000E+00 +-    0.0000000000E+00   
tni vd2                        2.00000000E-02   0.0000000000E+00 +-    0.0000000000E+00   
tni ve                         2.00000000E-02   0.0000000000E+00 +-    0.0000000000E+00   
vpottot v8+tni                 2.00000000E-02  -7.5181706506E+01 +-    6.0452809119E+00   
enetot v8+tni                  2.00000000E-02   3.9676841580E+01 +-    1.3147884402E+00   
vper cent                      2.00000000E-02   9.0865836331E+01 +-    6.8628048496E+00   
vper tau                       2.00000000E-02  -1.8176360395E+01 +-    3.0983774915E-01   
vper sigma                     2.00000000E-02  -2.6904002583E+01 +-    3.9236013881E-01   
vper sigtau                    2.00000000E-02  -1.4269882808E+02 +-    1.4425638273E+00   
vper tensor                    2.00000000E-02   9.1185375114E+00 +-    4.1411811892E-01   
vper tenstau                   2.00000000E-02   1.2613110711E+01 +-    9.2043497048E-01   
vper ls                        2.00000000E-02   0.0000000000E+00 +-    0.0000000000E+00   
vper lstau                     2.00000000E-02   0.0000000000E+00 +-    0.0000000000E+00   
vpotper v6                     2.00000000E-02  -7.5181706506E+01 +-    6.0452809119E+00   
vpotper v8                     2.00000000E-02  -7.5181706506E+01 +-    6.0452809119E+00   
vpotv6pr-vpotv6per diff        2.00000000E-02   0.0000000000E+00 +-    0.0000000000E+00   
vpotv8pr-vpotv8per diff        2.00000000E-02   0.0000000000E+00 +-    0.0000000000E+00   
2piapr-2pia diff               2.00000000E-02   0.0000000000E+00 +-    0.0000000000E+00   
vd1pr-vd1 diff                 2.00000000E-02   0.0000000000E+00 +-    0.0000000000E+00   
vepr-ve diff                   2.00000000E-02   0.0000000000E+00 +-    0.0000000000E+00   
diff1 2piapr-2pia-2picxx       2.00000000E-02   0.0000000000E+00 +-    0.0000000000E+00   
diff2 vd1pr-vd1-2picxd         2.00000000E-02   0.0000000000E+00 +-    0.0000000000E+00   
diff3 vepr-ve-2picdd           2.00000000E-02   0.0000000000E+00 +-    0.0000000000E+00   
sum diff1+dif2+diff3           2.00000000E-02   0.0000000000E+00 +-    0.0000000000E+00   
proton rms                     2.00000000E-02   1.2578553319E+00 +-    2.0112466881E-02   
neutron rms                    2.00000000E-02   1.1004888114E+00 +-    1.2573562299E-02   
total rms                      2.00000000E-02   1.1740319762E+00 +-    1.4637439627E-02   
neutron-proton rms             2.00000000E-02  -1.5736652055E-01 +-    1.4526411189E-02   
GT sigXtau+                    2.00000000E-02   5.2572054468E-03 +-    9.5452762393E-05   
GT sigYtau+                    2.00000000E-02   7.8622745051E-04 +-    6.0919402673E-05   
GT sigZtau+                    2.00000000E-02   3.2793126069E-03 +-    6.6047506964E-05   
GT sigXtau-                    2.00000000E-02  -2.7846924449E-03 +-    6.5759008039E-05   
GT sigYtau-                    2.00000000E-02  -3.4969223166E-03 +-    5.8718339322E-05   
GT sigZtau-                    2.00000000E-02  -3.1317403184E-03 +-    6.6849197567E-05   
F tau+                         2.00000000E-02   7.7887391740E-19 +-    8.4968834340E-20   
F tau-                         2.00000000E-02   2.6814884787E-18 +-    8.0903514223E-20   
Psi**2                         2.00000000E-02   9.8829440001E-05 +-    1.7519679039E-06   
single crossing/step           2.00000000E-02   8.5179117319E-03 +-    4.3959463677E-05   
global crossing/step           2.00000000E-02   8.2794852551E-03 +-    8.6690137924E-05   
energy numerator(real)         2.00000000E-02   6.8958619137E-01 +-    9.6656231187E-01   
denominator psit/psigi(real)   2.00000000E-02   2.7483493577E-02 +-    1.3888569465E-02   
energy numerator(aimag)        2.00000000E-02  -1.5098677818E+00 +-    7.1662434659E-01   
denominator psit/psigi(aimag)  2.00000000E-02  -9.8427422295E-03 +-    9.6807666850E-03   
growth(lin dt) energy          2.00000000E-02  -2.8030813802E+02 +-    5.9511499403E+00   
growth(global) energy          2.00000000E-02  -2.7274406611E+02 +-    1.0549216122E+01
growth energy                  2.00000000E-02  -2.7992071903E+02 +-    5.9245953648E+00
Time for propagation (sec) (min) =          21.823      0.364
Time for energies (sec) (min) =              0.765      0.013
Time for load balancing (sec) (min) =        0.028      0.000
Time for block (sec) (min) =                23.152      0.386
Time for operators (sec) (min) =             0.015      0.000
Elapsed block time (sec) (min) =           182.864      3.048
 
 walkers multiplicity, block, total
   0          56523         403286
   1        1003901        7953569
   2          55668         396731
   3            447           2833
   4             64            472
   5             28            168
   6             13             82
   7              5             34
   8              3             23
   9              0             17
  10              2              9
  11              0              5
  12              1              7
  13              2              3
  15              0              1
  16              0              3
  19              0              2
  20              0              3
 
 

iteration =                               9
walker number =                       10414
total energy-propagated        2.25000000E-02  -7.0838753729E+01 +-    1.0083505027E+00   
kinetic energy                 2.25000000E-02   6.6534947896E+01 +-    4.3759679491E+00   
potential energy               2.25000000E-02  -1.3737370162E+02 +-    4.4151678277E+00   
im energy                      2.25000000E-02   8.9440644589E-01 +-    5.9770020729E-01   
imkin energy                   2.25000000E-02  -6.1053924567E-02 +-    2.1070676046E+00   
impot energy                   2.25000000E-02   9.5546037045E-01 +-    1.9103205837E+00   
v cent                         2.25000000E-02   1.1524369531E+02 +-    3.2971675875E+00   
v tau                          2.25000000E-02  -1.1838885574E+00 +-    4.1470372481E-01   
v sigma                        2.25000000E-02  -5.6594618905E+01 +-    5.5575178764E-01   
v sigtau                       2.25000000E-02  -1.8190550530E+02 +-    7.6185003050E-01   
v tensor                       2.25000000E-02  -3.0647489401E+00 +-    3.9172410116E-01   
v tenstau                      2.25000000E-02  -9.8686352291E+00 +-    3.0525924110E+00   
v ls                           2.25000000E-02   0.0000000000E+00 +-    0.0000000000E+00   
v lstau                        2.25000000E-02   0.0000000000E+00 +-    0.0000000000E+00   
vpot v6                        2.25000000E-02  -1.3737370162E+02 +-    4.4151678277E+00   
vpot v8                        2.25000000E-02  -1.3737370162E+02 +-    4.4151678277E+00   
v coulomb                      2.25000000E-02   1.0243550310E+00 +-    7.1200019502E-03   
v external                     2.25000000E-02   0.0000000000E+00 +-    0.0000000000E+00   
tni 2pipr-anticomm             2.25000000E-02   0.0000000000E+00 +-    0.0000000000E+00   
tni vd1pr                      2.25000000E-02   0.0000000000E+00 +-    0.0000000000E+00   
tni vepr                       2.25000000E-02   0.0000000000E+00 +-    0.0000000000E+00   
tni central                    2.25000000E-02   0.0000000000E+00 +-    0.0000000000E+00   
tni 2pixx-anticommutator       2.25000000E-02   0.0000000000E+00 +-    0.0000000000E+00   
tni 2pixd-anticommutator       2.25000000E-02   0.0000000000E+00 +-    0.0000000000E+00   
tni 2pidd-anticommutator       2.25000000E-02   0.0000000000E+00 +-    0.0000000000E+00   
tni 2pixx-commutator           2.25000000E-02   0.0000000000E+00 +-    0.0000000000E+00   
tni 2pixd-commutator           2.25000000E-02   0.0000000000E+00 +-    0.0000000000E+00   
tni 2pidd-commutator           2.25000000E-02   0.0000000000E+00 +-    0.0000000000E+00   
tni 2pi-tm                     2.25000000E-02   0.0000000000E+00 +-    0.0000000000E+00   
tni vd1                        2.25000000E-02   0.0000000000E+00 +-    0.0000000000E+00   
tni vd2                        2.25000000E-02   0.0000000000E+00 +-    0.0000000000E+00   
tni ve                         2.25000000E-02   0.0000000000E+00 +-    0.0000000000E+00   
vpottot v8+tni                 2.25000000E-02  -1.3737370162E+02 +-    4.4151678277E+00   
enetot v8+tni                  2.25000000E-02  -7.0838753729E+01 +-    1.0083505027E+00   
vper cent                      2.25000000E-02   1.1524369531E+02 +-    3.2971675875E+00   
vper tau                       2.25000000E-02  -1.1838885574E+00 +-    4.1470372481E-01   
vper sigma                     2.25000000E-02  -5.6594618905E+01 +-    5.5575178764E-01   
vper sigtau                    2.25000000E-02  -1.8190550530E+02 +-    7.6185003050E-01   
vper tensor                    2.25000000E-02  -3.0647489401E+00 +-    3.9172410116E-01   
vper tenstau                   2.25000000E-02  -9.8686352291E+00 +-    3.0525924110E+00   
vper ls                        2.25000000E-02   0.0000000000E+00 +-    0.0000000000E+00   
vper lstau                     2.25000000E-02   0.0000000000E+00 +-    0.0000000000E+00   
vpotper v6                     2.25000000E-02  -1.3737370162E+02 +-    4.4151678277E+00   
vpotper v8                     2.25000000E-02  -1.3737370162E+02 +-    4.4151678277E+00   
vpotv6pr-vpotv6per diff        2.25000000E-02   0.0000000000E+00 +-    0.0000000000E+00   
vpotv8pr-vpotv8per diff        2.25000000E-02   0.0000000000E+00 +-    0.0000000000E+00   
2piapr-2pia diff               2.25000000E-02   0.0000000000E+00 +-    0.0000000000E+00   
vd1pr-vd1 diff                 2.25000000E-02   0.0000000000E+00 +-    0.0000000000E+00   
vepr-ve diff                   2.25000000E-02   0.0000000000E+00 +-    0.0000000000E+00   
diff1 2piapr-2pia-2picxx       2.25000000E-02   0.0000000000E+00 +-    0.0000000000E+00   
diff2 vd1pr-vd1-2picxd         2.25000000E-02   0.0000000000E+00 +-    0.0000000000E+00   
diff3 vepr-ve-2picdd           2.25000000E-02   0.0000000000E+00 +-    0.0000000000E+00   
sum diff1+dif2+diff3           2.25000000E-02   0.0000000000E+00 +-    0.0000000000E+00   
proton rms                     2.25000000E-02   1.0042467376E+00 +-    8.7894216402E-03   
neutron rms                    2.25000000E-02   9.3786112735E-01 +-    1.0232331327E-02   
total rms                      2.25000000E-02   9.7589119158E-01 +-    8.4361609057E-03   
neutron-proton rms             2.25000000E-02  -6.6385610229E-02 +-    1.0561745634E-02   
GT sigXtau+                    2.25000000E-02   2.4927518020E-04 +-    4.8098158927E-05   
GT sigYtau+                    2.25000000E-02  -1.6161431409E-03 +-    2.3122337184E-05   
GT sigZtau+                    2.25000000E-02  -7.0342387177E-04 +-    5.2237405299E-05   
GT sigXtau-                    2.25000000E-02  -5.5809083691E-04 +-    6.5937929807E-05   
GT sigYtau-                    2.25000000E-02   1.3964219262E-05 +-    5.2417878216E-05   
GT sigZtau-                    2.25000000E-02  -4.1363291867E-04 +-    6.5959483243E-05   
F tau+                         2.25000000E-02   3.1800796331E-18 +-    8.3371067977E-20   
F tau-                         2.25000000E-02   1.2620190336E-18 +-    7.1281017763E-20   
Psi**2                         2.25000000E-02   7.8180364356E-05 +-    1.3275039388E-06   
single crossing/step           2.25000000E-02   9.0739434749E-03 +-    4.4996107686E-05   
global crossing/step           2.25000000E-02   8.7915789625E-03 +-    8.8593572798E-05   
energy numerator(real)         2.25000000E-02  -2.9027596946E+00 +-    9.6426286008E-01   
denominator psit/psigi(real)   2.25000000E-02   4.1042122347E-02 +-    1.4168970349E-02   
energy numerator(aimag)        2.25000000E-02   1.3344313212E+00 +-    6.6284641194E-01   
denominator psit/psigi(aimag)  2.25000000E-02  -1.8694622056E-02 +-    9.9731681799E-03   
growth(lin dt) energy          2.25000000E-02  -2.9050562409E+02 +-    6.0359749399E+00   
growth(global) energy          2.25000000E-02  -3.0327434369E+02 +-    1.2993647702E+01
growth energy                  2.25000000E-02  -2.9007216659E+02 +-    6.0075108225E+00
Time for propagation (sec) (min) =          22.178      0.370
Time for energies (sec) (min) =              0.732      0.012
Time for load balancing (sec) (min) =        0.030      0.000
Time for block (sec) (min) =                23.469      0.391
Time for operators (sec) (min) =             0.020      0.000
Elapsed block time (sec) (min) =           206.361      3.439
 
 walkers multiplicity, block, total
   0          59732         463018
   1        1028282        8981851
   2          57761         454492
   3            464           3297
   4             93            565
   5             21            189
   6             12             94
   7             10             44
   8              0             23
   9              4             21
  10              1             10
  11              0              5
  12              1              8
  13              0              3
  15              0              1
  16              0              3
  18              2              2
  19              0              2
  20              0              3
 
 

iteration =                              10
walker number =                       10757
total energy-propagated        2.50000000E-02  -4.7042354665E+01 +-    6.8103861439E-01   
kinetic energy                 2.50000000E-02   2.7091511425E+02 +-    2.0966133891E+00   
potential energy               2.50000000E-02  -3.1795746891E+02 +-    2.6906491420E+00   
im energy                      2.50000000E-02  -1.3418888393E+01 +-    6.0985661558E-01   
imkin energy                   2.50000000E-02  -8.8588254822E+00 +-    1.0886096070E+00   
impot energy                   2.50000000E-02  -4.5600629107E+00 +-    1.0252981047E+00   
v cent                         2.50000000E-02  -2.2442178107E+01 +-    2.2471964749E+00   
v tau                          2.50000000E-02  -6.5271151628E+00 +-    5.1279921441E-01   
v sigma                        2.50000000E-02  -2.9158386951E+01 +-    4.6917549943E-01   
v sigtau                       2.50000000E-02  -1.2951238338E+02 +-    3.9872088060E-01   
v tensor                       2.50000000E-02  -9.4078061178E+00 +-    4.1945523009E-01   
v tenstau                      2.50000000E-02  -1.2090959919E+02 +-    2.1451101246E+00   
v ls                           2.50000000E-02   0.0000000000E+00 +-    0.0000000000E+00   
v lstau                        2.50000000E-02   0.0000000000E+00 +-    0.0000000000E+00   
vpot v6                        2.50000000E-02  -3.1795746891E+02 +-    2.6906491420E+00   
vpot v8                        2.50000000E-02  -3.1795746891E+02 +-    2.6906491420E+00   
v coulomb                      2.50000000E-02   9.5911391604E-01 +-    4.1834904760E-03   
v external                     2.50000000E-02   0.0000000000E+00 +-    0.0000000000E+00   
tni 2pipr-anticomm             2.50000000E-02   0.0000000000E+00 +-    0.0000000000E+00   
tni vd1pr                      2.50000000E-02   0.0000000000E+00 +-    0.0000000000E+00   
tni vepr                       2.50000000E-02   0.0000000000E+00 +-    0.0000000000E+00   
tni central                    2.50000000E-02   0.0000000000E+00 +-    0.0000000000E+00   
tni 2pixx-anticommutator       2.50000000E-02   0.0000000000E+00 +-    0.0000000000E+00   
tni 2pixd-anticommutator       2.50000000E-02   0.0000000000E+00 +-    0.0000000000E+00   
tni 2pidd-anticommutator       2.50000000E-02   0.0000000000E+00 +-    0.0000000000E+00   
tni 2pixx-commutator           2.50000000E-02   0.0000000000E+00 +-    0.0000000000E+00   
tni 2pixd-commutator           2.50000000E-02   0.0000000000E+00 +-    0.0000000000E+00   
tni 2pidd-commutator           2.50000000E-02   0.0000000000E+00 +-    0.0000000000E+00   
tni 2pi-tm                     2.50000000E-02   0.0000000000E+00 +-    0.0000000000E+00   
tni vd1                        2.50000000E-02   0.0000000000E+00 +-    0.0000000000E+00   
tni vd2                        2.50000000E-02   0.0000000000E+00 +-    0.0000000000E+00   
tni ve                         2.50000000E-02   0.0000000000E+00 +-    0.0000000000E+00   
vpottot v8+tni                 2.50000000E-02  -3.1795746891E+02 +-    2.6906491420E+00   
enetot v8+tni                  2.50000000E-02  -4.7042354665E+01 +-    6.8103861439E-01   
vper cent                      2.50000000E-02  -2.2442178107E+01 +-    2.2471964749E+00   
vper tau                       2.50000000E-02  -6.5271151628E+00 +-    5.1279921441E-01   
vper sigma                     2.50000000E-02  -2.9158386951E+01 +-    4.6917549943E-01   
vper sigtau                    2.50000000E-02  -1.2951238338E+02 +-    3.9872088060E-01   
vper tensor                    2.50000000E-02  -9.4078061178E+00 +-    4.1945523009E-01   
vper tenstau                   2.50000000E-02  -1.2090959919E+02 +-    2.1451101246E+00   
vper ls                        2.50000000E-02   0.0000000000E+00 +-    0.0000000000E+00   
vper lstau                     2.50000000E-02   0.0000000000E+00 +-    0.0000000000E+00   
vpotper v6                     2.50000000E-02  -3.1795746891E+02 +-    2.6906491420E+00   
vpotper v8                     2.50000000E-02  -3.1795746891E+02 +-    2.6906491420E+00   
vpotv6pr-vpotv6per diff        2.50000000E-02   0.0000000000E+00 +-    0.0000000000E+00   
vpotv8pr-vpotv8per diff        2.50000000E-02   0.0000000000E+00 +-    0.0000000000E+00   
2piapr-2pia diff               2.50000000E-02   0.0000000000E+00 +-    0.0000000000E+00   
vd1pr-vd1 diff                 2.50000000E-02   0.0000000000E+00 +-    0.0000000000E+00   
vepr-ve diff                   2.50000000E-02   0.0000000000E+00 +-    0.0000000000E+00   
diff1 2piapr-2pia-2picxx       2.50000000E-02   0.0000000000E+00 +-    0.0000000000E+00   
diff2 vd1pr-vd1-2picxd         2.50000000E-02   0.0000000000E+00 +-    0.0000000000E+00   
diff3 vepr-ve-2picdd           2.50000000E-02   0.0000000000E+00 +-    0.0000000000E+00   
sum diff1+dif2+diff3           2.50000000E-02   0.0000000000E+00 +-    0.0000000000E+00   
proton rms                     2.50000000E-02   1.0577715845E+00 +-    5.4779034302E-03   
neutron rms                    2.50000000E-02   1.1739368010E+00 +-    1.4511467750E-02   
total rms                      2.50000000E-02   1.1112132480E+00 +-    1.0012188576E-02   
neutron-proton rms             2.50000000E-02   1.1616521657E-01 +-    1.1932564215E-02   
GT sigXtau+                    2.50000000E-02   7.7642410004E-04 +-    6.1207360168E-05   
GT sigYtau+                    2.50000000E-02   1.2748218404E-04 +-    5.7076701993E-05   
GT sigZtau+                    2.50000000E-02   1.3761163599E-03 +-    5.0924175221E-05   
GT sigXtau-                    2.50000000E-02  -2.0284426390E-04 +-    3.7883915396E-05   
GT sigYtau-                    2.50000000E-02  -1.4057136062E-04 +-    4.1575096600E-05   
GT sigZtau-                    2.50000000E-02   8.7702632303E-04 +-    3.9461089852E-05   
F tau+                         2.50000000E-02   2.8664399495E-18 +-    8.4929011913E-20   
F tau-                         2.50000000E-02   2.7993915343E-19 +-    6.7799588411E-20   
Psi**2                         2.50000000E-02   1.0257709377E-04 +-    1.4352444153E-06   
single crossing/step           2.50000000E-02   8.4518634099E-03 +-    4.3942308415E-05   
global crossing/step           2.50000000E-02   8.2993326433E-03 +-    8.7094677616E-05   
energy numerator(real)         2.50000000E-02  -6.5831611215E-01 +-    8.6818360844E-01   
denominator psit/psigi(real)   2.50000000E-02   2.8418054302E-02 +-    1.3828596967E-02   
energy numerator(aimag)        2.50000000E-02  -2.6689817712E+00 +-    6.0238505619E-01   
denominator psit/psigi(aimag)  2.50000000E-02   4.8238317763E-02 +-    9.4806486044E-03   
growth(lin dt) energy          2.50000000E-02  -2.7882836081E+02 +-    6.0492148618E+00   
growth(global) energy          2.50000000E-02  -2.7000691100E+02 +-    1.2214488627E+01
growth energy                  2.50000000E-02  -2.7844740848E+02 +-    6.0224371651E+00
Time for propagation (sec) (min) =          21.672      0.361
Time for energies (sec) (min) =              0.756      0.013
Time for load balancing (sec) (min) =        0.028      0.000
Time for block (sec) (min) =                22.992      0.383
Time for operators (sec) (min) =             0.017      0.000
Elapsed block time (sec) (min) =           229.370      3.823
 
 walkers multiplicity, block, total
   0          56455         519473
   1         996807        9978658
   2          55168         509660
   3            529           3826
   4            100            665
   5             23            212
   6             11            105
   7              1             45
   8              6             29
   9              0             21
  10              1             11
  11              2              7
  12              0              8
  13              0              3
  14              1              1
  15              0              1
  16              0              3
  17              1              1
  18              0              2
  19              0              2
  20              1              4
 
 

Time for steps      =     229.380 seconds,        3.823 minutes
Master Time for steps =     229.190 seconds,        3.820 minutes

Number of cpus =       100
Total job time =     234.489 seconds,        3.908 minutes,        0.065 hours
Total cpu-time =     390.814 minutes,        6.514 hours
Total time =         234.261 seconds,        3.904 minutes,        0.065 hours
Finished!
