Unconstrained Diffusion Monte Carlo Run -- no drift
!-!-!-!-!-!-!-!-!-!-!-!-!-!-!-!-!-!-!-!-!-!-!-!-!-!
MPI parameters:
Number of boss cpus =                         100
Number of worker cpus for each boss =           0
Total number of cpus =                        100
Simulation parameters:
random number seed =                          321
hbar^2/2m =                              20.73554
start from sites =                              F
nwalk =                                     10000
equilibration blocks =                          0
averaging blocks =                             10
nsteps/blocks =                               100
time step =                          0.0000250000
time step rotations (vmc) =          0.1700000000
trial energy =                          -26.00000
drift cutoff =                            0.00000
drastic population control up =           1.20000
drastic population control down =         0.80000
rebalance if walkers fluctuate more than   2.00 %
weight cut off =                         20.00000
table size =                                 8000
!-!-!-!-!-!-!-!-!-!-!-!-!-!-!-!-!-!-!-!-!-!-!-!-!-!
System parameters:
lpot =                                         11
lpotper =                                      11
potential  =                          argonne v6'
potentialpr =                         argonne v6'
Coulomb included in energy-propagation          F
multiply central v by =                   1.00000
multiply tau v by =                       1.00000
multiply sigma v by =                     1.00000
multiply sigma tau v by =                 1.00000
multiply tensor v by =                    1.00000
multiply tensor tau v by =                1.00000
multiply spin-orbit v by =                0.00000
multiply spin-orbit tau v by =            0.00000
three-body potential =                        no3
ibox (0 is nearest image) =                     0
!-!-!-!-!-!-!-!-!-!-!-!-!-!-!-!-!-!-!-!-!-!-!-!-!-!
propagate LS =                                  F
calculate LS =                                  F
type of correlations =           independent pair
scale orbital   1 with factor    1.14000
determinant # 1
coefficient                     1.00000   0.00000
1  1  0  1  alpha.orb    # 2J,2M,L,tau radial_file for state                    
1 -1  0  1  alpha.orb    # 2J,2M,L,tau radial_file for state                    
1  1  0 -1  alpha.orb    # 2J,2M,L,tau radial_file for state                    
1 -1  0 -1  alpha.orb    # 2J,2M,L,tau radial_file for state                    
rescaled coefficient            1.00000   0.00000
!-!-!-!-!-!-!-!-!-!-!-!-!-!-!-!-!-!-!-!-!-!-!-!-!-!
No external potential
!-!-!-!-!-!-!-!-!-!-!-!-!-!-!-!-!-!-!-!-!-!-!-!-!-!
rcut in pair sampling =                   1.00000
acut in pair sampling =                   5.00000
a constant in psig =                      0.20000
Number of protons =                             2
Number of neutrons =                            2
range of the potential =                 20.00000
!-!-!-!-!-!-!-!-!-!-!-!-!-!-!-!-!-!-!-!-!-!-!-!-!-!
do V3 =                                         F
three body force =                            no3
three body a2piPwa =                      0.000000000000000
three body a2piPwc =                      0.000000000000000
three body a2piSw =                       0.000000000000000
three body Vd,C,c3 =                      0.000000000000000
three body Ve,C,c3 =                      0.000000000000000
three body A_R =                          0.000000000000000
three body Vd1 =                          0.000000000000000
three body Vd2 =                          0.000000000000000
three body Ve =                           0.000000000000000
propagator: multiply the antic by =       0.000000000000000
propagator: multiply the Vd1 by =         0.000000000000000
propagator: multiply the Ve by =          0.000000000000000
propagator: three body a2piPW =           0.000000000000000
!-!-!-!-!-!-!-!-!-!-!-!-!-!-!-!-!-!-!-!-!-!-!-!-!-!
jastrow healing distance dc =             4.47768
jastrow healing distance dtn =           11.57317
jastrow rho =                             0.01000
potential quencher acn (v1) =             1.50851
potential quencher at  (v2) =             6.06936
potential quencher as  (v3) =             2.76780
potential quencher ast (v4) =             0.80880
potential quencher atn (v5) =             0.61864
potential quencher atn (v6) =             0.20141
potential quencher als (v7) =             0.00000
potential quencher alst (v8) =            0.00000
correlation quencher bt (f2) =            0.26685
correlation quencher bs (f3) =           -0.10565
correlation quencher bst (f4) =           0.42277
correlation quencher btn (f5) =           1.08683
correlation quencher btn (f6) =           4.44810
correlation quencher bls (f7) =           0.00000
correlation quencher blst (f8) =          0.00000
!-!-!-!-!-!-!-!-!-!-!-!-!-!-!-!-!-!-!-!-!-!-!-!-!-!
q1c parameter in f3c =                   12.87526
q2c parameter in f3c =                    1.60340
q1p parameter in f3p =                   -1.81620
q2p parameter in f3p =                    2.14789
!-!-!-!-!-!-!-!-!-!-!-!-!-!-!-!-!-!-!-!-!-!-!-!-!-!
rscal parameter in Uijk cent =            1.00000
rscal parameter in Uijk xpi =             1.00000
rscal parameter in Uijk delta =           1.00000
eps_c parameter in Uijk =                 0.00000
eps_anti parameter in Uijk =              0.00000
eps_tm parameter in Uijk =                0.00000
eps_vd1 parameter in Uijk =               0.00000
eps_vd2 parameter in Uijk =               0.00000
eps_vdc3 parameter in Uijk =              0.00000
eps_vec3 parameter in Uijk =              0.00000
eps_ve parameter in Uijk =                0.00000
eps_comm parameter in Uijk =              0.00000
eps_comm-XD parameter in Uijk =           0.00000
eps_comm-DD parameter in Uijk =           0.00000
TNI-comm correlation included =                 F
!-!-!-!-!-!-!-!-!-!-!-!-!-!-!-!-!-!-!-!-!-!-!-!-!-!
CSB correlation rscalpp =                 1.00000
CSB correlation rscalnn =                 1.00000
CSB correlation quencher pp =             0.00000
CSB correlation quencher nn =             0.00000
CSB correlation included =                      F
!-!-!-!-!-!-!-!-!-!-!-!-!-!-!-!-!-!-!-!-!-!-!-!-!-!
jastrow initialized
!-!-!-!-!-!-!-!-!-!-!-!-!-!-!-!-!-!-!-!-!-!-!-!-!-!
Symmetrize V6 in the propagator =               T
New propagation of Vlstau and commutator included!
Coulomb included in energy (and propag)         F
Initial walkers from file
Number of walkers =                          8587
Configurations at tau =              2.1625000000
Reset tau =                          0.0000000000
!-!-!-!-!-!-!-!-!-!-!-!-!-!-!-!-!-!-!-!-!-!-!-!-!-!
Time for reading configurations (sec.) =       0.71
!-!-!-!-!-!-!-!-!-!-!-!-!-!-!-!-!-!-!-!-!-!-!-!-!-!
Initial configurations:
total energy-propagated        0.00000000E+00  -2.5970024726E+01 +-    3.5325651878E-01   
kinetic energy                 0.00000000E+00   1.0761054270E+02 +-    1.6048446084E+00   
potential energy               0.00000000E+00  -1.3358056743E+02 +-    1.5836273941E+00   
v cent                         0.00000000E+00   1.5413349108E+01 +-    1.4892670421E+00   
v tau                          0.00000000E+00  -7.4423634615E+00 +-    2.2352111144E-01   
v sigma                        0.00000000E+00  -8.2210315164E+00 +-    2.4691295405E-01   
v sigtau                       0.00000000E+00  -6.0353347447E+01 +-    5.5205236917E-01   
v tensor                       0.00000000E+00   5.5182768553E-01 +-    1.3084143651E-01   
v tenstau                      0.00000000E+00  -7.3529001797E+01 +-    9.7844310512E-01   
v ls                           0.00000000E+00   0.0000000000E+00 +-    0.0000000000E+00   
v lstau                        0.00000000E+00   0.0000000000E+00 +-    0.0000000000E+00   
v coulomb                      0.00000000E+00   7.4351133126E-01 +-    2.8787414775E-03   
v external                     0.00000000E+00   0.0000000000E+00 +-    0.0000000000E+00   
tni 2pipr-anticomm             0.00000000E+00   0.0000000000E+00 +-    0.0000000000E+00   
tni vd1pr                      0.00000000E+00   0.0000000000E+00 +-    0.0000000000E+00   
tni vepr                       0.00000000E+00   0.0000000000E+00 +-    0.0000000000E+00   
tni central                    0.00000000E+00   0.0000000000E+00 +-    0.0000000000E+00   
tni 2pixx-anticommutator       0.00000000E+00   0.0000000000E+00 +-    0.0000000000E+00   
tni 2pixd-anticommutator       0.00000000E+00   0.0000000000E+00 +-    0.0000000000E+00   
tni 2pidd-anticommutator       0.00000000E+00   0.0000000000E+00 +-    0.0000000000E+00   
tni 2pixx-commutator           0.00000000E+00   0.0000000000E+00 +-    0.0000000000E+00   
tni 2pixd-commutator           0.00000000E+00   0.0000000000E+00 +-    0.0000000000E+00   
tni 2pidd-commutator           0.00000000E+00   0.0000000000E+00 +-    0.0000000000E+00   
tni 2pi-tm                     0.00000000E+00   0.0000000000E+00 +-    0.0000000000E+00   
tni vd1                        0.00000000E+00   0.0000000000E+00 +-    0.0000000000E+00   
tni vd2                        0.00000000E+00   0.0000000000E+00 +-    0.0000000000E+00   
tni ve                         0.00000000E+00   0.0000000000E+00 +-    0.0000000000E+00   
enetot v8+tni                  0.00000000E+00  -2.5970024726E+01 +-    3.5325651878E-01   
!-!-!-!-!-!-!-!-!-!-!-!-!-!-!-!-!-!-!-!-!-!-!-!-!-!
Psi**2 of initial configurations  =   0.2624451E-04  0.0000000E+00  +-    0.6903949E-06  0.0000000E+00
Psig**2 of initial configurations =   0.1742024E-04  0.0000000E+00  +-    0.5672906E-06  0.0000000E+00
!-!-!-!-!-!-!-!-!-!-!-!-!-!-!-!-!-!-!-!-!-!-!-!-!-!
T**2 of initial configurations  =  -0.1661280E-07  0.4525097E-09
Tz of initial configurations    =   0.1524807E-13 -0.2086162E-13
J**2 of initial configurations  =   0.3301289E-07  0.4394446E-09
Jz of initial configurations    =   0.2712633E-13  0.4037250E-13
!-!-!-!-!-!-!-!-!-!-!-!-!-!-!-!-!-!-!-!-!-!-!-!-!-!
!-!-!-!-!-!-!-!-!-!-!-!-!-!-!-!-!-!-!-!-!-!-!-!-!-!
Time to process initial configurations (sec.) =       1.50
!-!-!-!-!-!-!-!-!-!-!-!-!-!-!-!-!-!-!-!-!-!-!-!-!-!

equilibration done

iteration =                               1
walker number =                       10795
total energy-propagated        2.50000000E-03  -2.7119336004E+01 +-    3.3679101945E-01   
kinetic energy                 2.50000000E-03   1.0853072704E+02 +-    1.4631343793E+00   
potential energy               2.50000000E-03  -1.3565006304E+02 +-    1.4298575710E+00   
im energy                      2.50000000E-03  -1.1452629791E+00 +-    2.0671339212E-01   
imkin energy                   2.50000000E-03  -1.9145645505E+00 +-    5.1879014001E-01   
impot energy                   2.50000000E-03   7.6930157148E-01 +-    4.7873809681E-01   
v cent                         2.50000000E-03   1.9741436753E+01 +-    1.3124688141E+00   
v tau                          2.50000000E-03  -8.6758258498E+00 +-    2.2911751548E-01   
v sigma                        2.50000000E-03  -8.9255255370E+00 +-    2.5382467584E-01   
v sigtau                       2.50000000E-03  -6.4327099957E+01 +-    5.1070427369E-01   
v tensor                       2.50000000E-03   1.4128323616E+00 +-    1.3407993938E-01   
v tenstau                      2.50000000E-03  -7.4875880812E+01 +-    9.6941711576E-01   
v ls                           2.50000000E-03   0.0000000000E+00 +-    0.0000000000E+00   
v lstau                        2.50000000E-03   0.0000000000E+00 +-    0.0000000000E+00   
vpot v6                        2.50000000E-03  -1.3565006304E+02 +-    1.4298575710E+00   
vpot v8                        2.50000000E-03  -1.3565006304E+02 +-    1.4298575710E+00   
v coulomb                      2.50000000E-03   7.5309526617E-01 +-    2.5160750909E-03   
v external                     2.50000000E-03   0.0000000000E+00 +-    0.0000000000E+00   
tni 2pipr-anticomm             2.50000000E-03   0.0000000000E+00 +-    0.0000000000E+00   
tni vd1pr                      2.50000000E-03   0.0000000000E+00 +-    0.0000000000E+00   
tni vepr                       2.50000000E-03   0.0000000000E+00 +-    0.0000000000E+00   
tni central                    2.50000000E-03   0.0000000000E+00 +-    0.0000000000E+00   
tni 2pixx-anticommutator       2.50000000E-03   0.0000000000E+00 +-    0.0000000000E+00   
tni 2pixd-anticommutator       2.50000000E-03   0.0000000000E+00 +-    0.0000000000E+00   
tni 2pidd-anticommutator       2.50000000E-03   0.0000000000E+00 +-    0.0000000000E+00   
tni 2pixx-commutator           2.50000000E-03   0.0000000000E+00 +-    0.0000000000E+00   
tni 2pixd-commutator           2.50000000E-03   0.0000000000E+00 +-    0.0000000000E+00   
tni 2pidd-commutator           2.50000000E-03   0.0000000000E+00 +-    0.0000000000E+00   
tni 2pi-tm                     2.50000000E-03   0.0000000000E+00 +-    0.0000000000E+00   
tni vd1                        2.50000000E-03   0.0000000000E+00 +-    0.0000000000E+00   
tni vd2                        2.50000000E-03   0.0000000000E+00 +-    0.0000000000E+00   
tni ve                         2.50000000E-03   0.0000000000E+00 +-    0.0000000000E+00   
vpottot v8+tni                 2.50000000E-03  -1.3565006304E+02 +-    1.4298575710E+00   
enetot v8+tni                  2.50000000E-03  -2.7119336004E+01 +-    3.3679101945E-01   
vper cent                      2.50000000E-03   1.9741436753E+01 +-    1.3124688141E+00   
vper tau                       2.50000000E-03  -8.6758258498E+00 +-    2.2911751548E-01   
vper sigma                     2.50000000E-03  -8.9255255370E+00 +-    2.5382467584E-01   
vper sigtau                    2.50000000E-03  -6.4327099957E+01 +-    5.1070427369E-01   
vper tensor                    2.50000000E-03   1.4128323616E+00 +-    1.3407993938E-01   
vper tenstau                   2.50000000E-03  -7.4875880812E+01 +-    9.6941711576E-01   
vper ls                        2.50000000E-03   0.0000000000E+00 +-    0.0000000000E+00   
vper lstau                     2.50000000E-03   0.0000000000E+00 +-    0.0000000000E+00   
vpotper v6                     2.50000000E-03  -1.3565006304E+02 +-    1.4298575710E+00   
vpotper v8                     2.50000000E-03  -1.3565006304E+02 +-    1.4298575710E+00   
vpotv6pr-vpotv6per diff        2.50000000E-03   0.0000000000E+00 +-    0.0000000000E+00   
vpotv8pr-vpotv8per diff        2.50000000E-03   0.0000000000E+00 +-    0.0000000000E+00   
2piapr-2pia diff               2.50000000E-03   0.0000000000E+00 +-    0.0000000000E+00   
vd1pr-vd1 diff                 2.50000000E-03   0.0000000000E+00 +-    0.0000000000E+00   
vepr-ve diff                   2.50000000E-03   0.0000000000E+00 +-    0.0000000000E+00   
diff1 2piapr-2pia-2picxx       2.50000000E-03   0.0000000000E+00 +-    0.0000000000E+00   
diff2 vd1pr-vd1-2picxd         2.50000000E-03   0.0000000000E+00 +-    0.0000000000E+00   
diff3 vepr-ve-2picdd           2.50000000E-03   0.0000000000E+00 +-    0.0000000000E+00   
sum diff1+dif2+diff3           2.50000000E-03   0.0000000000E+00 +-    0.0000000000E+00   
proton rms                     2.50000000E-03   2.0309807844E+00 +-    1.2431503703E-02   
neutron rms                    2.50000000E-03   2.0379776574E+00 +-    1.2795745957E-02   
total rms                      2.50000000E-03   2.0339356604E+00 +-    1.1341777425E-02   
neutron-proton rms             2.50000000E-03   6.9968729823E-03 +-    1.1000154257E-02   
GT sigXtau+                    2.50000000E-03   4.3277366833E-07 +-    2.2133717731E-05   
GT sigYtau+                    2.50000000E-03  -4.4560169106E-05 +-    2.2008966578E-05   
GT sigZtau+                    2.50000000E-03   1.9565798149E-05 +-    2.1528256551E-05   
GT sigXtau-                    2.50000000E-03  -6.7969602055E-05 +-    2.2213672910E-05   
GT sigYtau-                    2.50000000E-03  -5.2078902085E-05 +-    2.1167182577E-05   
GT sigZtau-                    2.50000000E-03  -7.1432221149E-05 +-    2.0623500016E-05   
F tau+                         2.50000000E-03  -2.3401381460E-20 +-    3.9748380090E-20   
F tau-                         2.50000000E-03  -1.9341744510E-20 +-    3.9084339484E-20   
Psi**2                         2.50000000E-03   2.6147955807E-05 +-    5.7778944140E-07   
single crossing/step           2.50000000E-03   8.9883867501E-03 +-    4.7967157241E-05   
global crossing/step           2.50000000E-03   8.8917818693E-03 +-    9.5422033616E-05   
energy numerator(real)         2.50000000E-03  -2.8594378801E+01 +-    7.4854864622E-01   
denominator psit/psigi(real)   2.50000000E-03   1.0555860538E+00 +-    1.1009821406E-02   
energy numerator(aimag)        2.50000000E-03  -2.1353935847E+00 +-    4.7474890924E-01   
denominator psit/psigi(aimag)  2.50000000E-03   2.2389601744E-02 +-    7.1113036965E-03   
growth(lin dt) energy          2.50000000E-03  -2.0242025615E+02 +-    5.0196468998E+00   
growth(global) energy          2.50000000E-03  -1.9569434294E+02 +-    1.1347973522E+01
growth energy                  2.50000000E-03  -2.0229937256E+02 +-    5.0070129509E+00
Time for propagation (sec) (min) =          19.355      0.323
Time for energies (sec) (min) =              0.755      0.013
Time for load balancing (sec) (min) =        0.067      0.001
Time for block (sec) (min) =                20.994      0.350
Time for operators (sec) (min) =             0.031      0.001
Elapsed block time (sec) (min) =            21.026      0.350
 
 walkers multiplicity, block, total
   0          37564          37564
   1         890850         890850
   2          39218          39218
   3            180            180
   4             29             29
   5              7              7
   6              4              4
   7              3              3
   8              1              1
   9              3              3
  11              1              1
 
 

iteration =                               2
walker number =                       10036
total energy-propagated        5.00000000E-03  -2.6966534728E+01 +-    4.0223494574E-01   
kinetic energy                 5.00000000E-03   9.8461808702E+01 +-    1.8618833133E+00   
potential energy               5.00000000E-03  -1.2542834343E+02 +-    1.7738543253E+00   
im energy                      5.00000000E-03   1.7390082833E-01 +-    2.2673074785E-01   
imkin energy                   5.00000000E-03   1.4577843387E+00 +-    4.8417730682E-01   
impot energy                   5.00000000E-03  -1.2838835104E+00 +-    4.9446498602E-01   
v cent                         5.00000000E-03   3.0116560309E+01 +-    1.8038723935E+00   
v tau                          5.00000000E-03  -1.0257565885E+01 +-    2.8798130846E-01   
v sigma                        5.00000000E-03  -7.5335125516E+00 +-    2.5964490874E-01   
v sigtau                       5.00000000E-03  -6.3935237053E+01 +-    5.4184134251E-01   
v tensor                       5.00000000E-03   1.1425516065E+00 +-    1.5227034518E-01   
v tenstau                      5.00000000E-03  -7.4961139856E+01 +-    1.0474070947E+00   
v ls                           5.00000000E-03   0.0000000000E+00 +-    0.0000000000E+00   
v lstau                        5.00000000E-03   0.0000000000E+00 +-    0.0000000000E+00   
vpot v6                        5.00000000E-03  -1.2542834343E+02 +-    1.7738543253E+00   
vpot v8                        5.00000000E-03  -1.2542834343E+02 +-    1.7738543253E+00   
v coulomb                      5.00000000E-03   7.3636526743E-01 +-    3.0421638886E-03   
v external                     5.00000000E-03   0.0000000000E+00 +-    0.0000000000E+00   
tni 2pipr-anticomm             5.00000000E-03   0.0000000000E+00 +-    0.0000000000E+00   
tni vd1pr                      5.00000000E-03   0.0000000000E+00 +-    0.0000000000E+00   
tni vepr                       5.00000000E-03   0.0000000000E+00 +-    0.0000000000E+00   
tni central                    5.00000000E-03   0.0000000000E+00 +-    0.0000000000E+00   
tni 2pixx-anticommutator       5.00000000E-03   0.0000000000E+00 +-    0.0000000000E+00   
tni 2pixd-anticommutator       5.00000000E-03   0.0000000000E+00 +-    0.0000000000E+00   
tni 2pidd-anticommutator       5.00000000E-03   0.0000000000E+00 +-    0.0000000000E+00   
tni 2pixx-commutator           5.00000000E-03   0.0000000000E+00 +-    0.0000000000E+00   
tni 2pixd-commutator           5.00000000E-03   0.0000000000E+00 +-    0.0000000000E+00   
tni 2pidd-commutator           5.00000000E-03   0.0000000000E+00 +-    0.0000000000E+00   
tni 2pi-tm                     5.00000000E-03   0.0000000000E+00 +-    0.0000000000E+00   
tni vd1                        5.00000000E-03   0.0000000000E+00 +-    0.0000000000E+00   
tni vd2                        5.00000000E-03   0.0000000000E+00 +-    0.0000000000E+00   
tni ve                         5.00000000E-03   0.0000000000E+00 +-    0.0000000000E+00   
vpottot v8+tni                 5.00000000E-03  -1.2542834343E+02 +-    1.7738543253E+00   
enetot v8+tni                  5.00000000E-03  -2.6966534728E+01 +-    4.0223494574E-01   
vper cent                      5.00000000E-03   3.0116560309E+01 +-    1.8038723935E+00   
vper tau                       5.00000000E-03  -1.0257565885E+01 +-    2.8798130846E-01   
vper sigma                     5.00000000E-03  -7.5335125516E+00 +-    2.5964490874E-01   
vper sigtau                    5.00000000E-03  -6.3935237053E+01 +-    5.4184134251E-01   
vper tensor                    5.00000000E-03   1.1425516065E+00 +-    1.5227034518E-01   
vper tenstau                   5.00000000E-03  -7.4961139856E+01 +-    1.0474070947E+00   
vper ls                        5.00000000E-03   0.0000000000E+00 +-    0.0000000000E+00   
vper lstau                     5.00000000E-03   0.0000000000E+00 +-    0.0000000000E+00   
vpotper v6                     5.00000000E-03  -1.2542834343E+02 +-    1.7738543253E+00   
vpotper v8                     5.00000000E-03  -1.2542834343E+02 +-    1.7738543253E+00   
vpotv6pr-vpotv6per diff        5.00000000E-03   0.0000000000E+00 +-    0.0000000000E+00   
vpotv8pr-vpotv8per diff        5.00000000E-03   0.0000000000E+00 +-    0.0000000000E+00   
2piapr-2pia diff               5.00000000E-03   0.0000000000E+00 +-    0.0000000000E+00   
vd1pr-vd1 diff                 5.00000000E-03   0.0000000000E+00 +-    0.0000000000E+00   
vepr-ve diff                   5.00000000E-03   0.0000000000E+00 +-    0.0000000000E+00   
diff1 2piapr-2pia-2picxx       5.00000000E-03   0.0000000000E+00 +-    0.0000000000E+00   
diff2 vd1pr-vd1-2picxd         5.00000000E-03   0.0000000000E+00 +-    0.0000000000E+00   
diff3 vepr-ve-2picdd           5.00000000E-03   0.0000000000E+00 +-    0.0000000000E+00   
sum diff1+dif2+diff3           5.00000000E-03   0.0000000000E+00 +-    0.0000000000E+00   
proton rms                     5.00000000E-03   2.0412697059E+00 +-    1.2566308853E-02   
neutron rms                    5.00000000E-03   2.0109940127E+00 +-    1.3123792009E-02   
total rms                      5.00000000E-03   2.0228727925E+00 +-    1.1538061180E-02   
neutron-proton rms             5.00000000E-03  -3.0275693204E-02 +-    1.1184082674E-02   
GT sigXtau+                    5.00000000E-03  -1.9335372569E-05 +-    2.3134170984E-05   
GT sigYtau+                    5.00000000E-03  -1.2423088044E-04 +-    2.1699265229E-05   
GT sigZtau+                    5.00000000E-03   8.2170296434E-05 +-    2.2408440229E-05   
GT sigXtau-                    5.00000000E-03   1.4167936598E-04 +-    2.1918505860E-05   
GT sigYtau-                    5.00000000E-03   5.8098912008E-05 +-    2.2242551944E-05   
GT sigZtau-                    5.00000000E-03  -2.4960013476E-05 +-    2.4012101072E-05   
F tau+                         5.00000000E-03  -1.6067518690E-21 +-    3.8235412418E-20   
F tau-                         5.00000000E-03  -4.1223852094E-20 +-    3.8248871632E-20   
Psi**2                         5.00000000E-03   2.5176168387E-05 +-    5.5779983057E-07   
single crossing/step           5.00000000E-03   7.4862584542E-03 +-    4.0996362704E-05   
global crossing/step           5.00000000E-03   7.4120654165E-03 +-    8.1588465993E-05   
energy numerator(real)         5.00000000E-03  -1.8910317394E+01 +-    7.9063522571E-01   
denominator psit/psigi(real)   5.00000000E-03   7.0138053681E-01 +-    1.2964897030E-02   
energy numerator(aimag)        5.00000000E-03  -6.4236951742E-01 +-    5.3283583094E-01   
denominator psit/psigi(aimag)  5.00000000E-03   1.9066752572E-02 +-    8.5549542109E-03   
growth(lin dt) energy          5.00000000E-03  -2.1868432633E+02 +-    5.0554283231E+00   
growth(global) energy          5.00000000E-03  -2.2418103282E+02 +-    1.1317484080E+01
growth energy                  5.00000000E-03  -2.1852023372E+02 +-    5.0406576855E+00
Time for propagation (sec) (min) =          22.095      0.368
Time for energies (sec) (min) =              0.703      0.012
Time for load balancing (sec) (min) =        0.029      0.000
Time for block (sec) (min) =                23.549      0.392
Time for operators (sec) (min) =             0.034      0.001
Elapsed block time (sec) (min) =            44.628      0.744
 
 walkers multiplicity, block, total
   0          49283          86847
   1        1031927        1922777
   2          47691          86909
   3            265            445
   4             36             65
   5             15             22
   6             10             14
   7              3              6
   8              2              3
   9              2              5
  10              1              1
  11              1              2
  19              1              1
 
 

iteration =                               3
walker number =                       11056
total energy-propagated        7.50000000E-03  -3.0711362151E+01 +-    3.9135537784E-01   
kinetic energy                 7.50000000E-03   1.0278983605E+02 +-    1.8053360983E+00   
potential energy               7.50000000E-03  -1.3350119820E+02 +-    1.7999337338E+00   
im energy                      7.50000000E-03   6.1182769477E-01 +-    3.0139470409E-01   
imkin energy                   7.50000000E-03   1.3665964395E+00 +-    6.2079192163E-01   
impot energy                   7.50000000E-03  -7.5476874471E-01 +-    5.9565020311E-01   
v cent                         7.50000000E-03   1.7034213441E+01 +-    1.4622413239E+00   
v tau                          7.50000000E-03  -6.4236940767E+00 +-    2.8440865119E-01   
v sigma                        7.50000000E-03  -1.1753038785E+01 +-    2.9153615623E-01   
v sigtau                       7.50000000E-03  -6.5525916106E+01 +-    5.5498423858E-01   
v tensor                       7.50000000E-03  -1.2335280233E+00 +-    1.6487657333E-01   
v tenstau                      7.50000000E-03  -6.5599234647E+01 +-    1.1984616039E+00   
v ls                           7.50000000E-03   0.0000000000E+00 +-    0.0000000000E+00   
v lstau                        7.50000000E-03   0.0000000000E+00 +-    0.0000000000E+00   
vpot v6                        7.50000000E-03  -1.3350119820E+02 +-    1.7999337338E+00   
vpot v8                        7.50000000E-03  -1.3350119820E+02 +-    1.7999337338E+00   
v coulomb                      7.50000000E-03   7.6486507367E-01 +-    2.7923147208E-03   
v external                     7.50000000E-03   0.0000000000E+00 +-    0.0000000000E+00   
tni 2pipr-anticomm             7.50000000E-03   0.0000000000E+00 +-    0.0000000000E+00   
tni vd1pr                      7.50000000E-03   0.0000000000E+00 +-    0.0000000000E+00   
tni vepr                       7.50000000E-03   0.0000000000E+00 +-    0.0000000000E+00   
tni central                    7.50000000E-03   0.0000000000E+00 +-    0.0000000000E+00   
tni 2pixx-anticommutator       7.50000000E-03   0.0000000000E+00 +-    0.0000000000E+00   
tni 2pixd-anticommutator       7.50000000E-03   0.0000000000E+00 +-    0.0000000000E+00   
tni 2pidd-anticommutator       7.50000000E-03   0.0000000000E+00 +-    0.0000000000E+00   
tni 2pixx-commutator           7.50000000E-03   0.0000000000E+00 +-    0.0000000000E+00   
tni 2pixd-commutator           7.50000000E-03   0.0000000000E+00 +-    0.0000000000E+00   
tni 2pidd-commutator           7.50000000E-03   0.0000000000E+00 +-    0.0000000000E+00   
tni 2pi-tm                     7.50000000E-03   0.0000000000E+00 +-    0.0000000000E+00   
tni vd1                        7.50000000E-03   0.0000000000E+00 +-    0.0000000000E+00   
tni vd2                        7.50000000E-03   0.0000000000E+00 +-    0.0000000000E+00   
tni ve                         7.50000000E-03   0.0000000000E+00 +-    0.0000000000E+00   
vpottot v8+tni                 7.50000000E-03  -1.3350119820E+02 +-    1.7999337338E+00   
enetot v8+tni                  7.50000000E-03  -3.0711362151E+01 +-    3.9135537784E-01   
vper cent                      7.50000000E-03   1.7034213441E+01 +-    1.4622413239E+00   
vper tau                       7.50000000E-03  -6.4236940767E+00 +-    2.8440865119E-01   
vper sigma                     7.50000000E-03  -1.1753038785E+01 +-    2.9153615623E-01   
vper sigtau                    7.50000000E-03  -6.5525916106E+01 +-    5.5498423858E-01   
vper tensor                    7.50000000E-03  -1.2335280233E+00 +-    1.6487657333E-01   
vper tenstau                   7.50000000E-03  -6.5599234647E+01 +-    1.1984616039E+00   
vper ls                        7.50000000E-03   0.0000000000E+00 +-    0.0000000000E+00   
vper lstau                     7.50000000E-03   0.0000000000E+00 +-    0.0000000000E+00   
vpotper v6                     7.50000000E-03  -1.3350119820E+02 +-    1.7999337338E+00   
vpotper v8                     7.50000000E-03  -1.3350119820E+02 +-    1.7999337338E+00   
vpotv6pr-vpotv6per diff        7.50000000E-03   0.0000000000E+00 +-    0.0000000000E+00   
vpotv8pr-vpotv8per diff        7.50000000E-03   0.0000000000E+00 +-    0.0000000000E+00   
2piapr-2pia diff               7.50000000E-03   0.0000000000E+00 +-    0.0000000000E+00   
vd1pr-vd1 diff                 7.50000000E-03   0.0000000000E+00 +-    0.0000000000E+00   
vepr-ve diff                   7.50000000E-03   0.0000000000E+00 +-    0.0000000000E+00   
diff1 2piapr-2pia-2picxx       7.50000000E-03   0.0000000000E+00 +-    0.0000000000E+00   
diff2 vd1pr-vd1-2picxd         7.50000000E-03   0.0000000000E+00 +-    0.0000000000E+00   
diff3 vepr-ve-2picdd           7.50000000E-03   0.0000000000E+00 +-    0.0000000000E+00   
sum diff1+dif2+diff3           7.50000000E-03   0.0000000000E+00 +-    0.0000000000E+00   
proton rms                     7.50000000E-03   2.0016373418E+00 +-    1.3151737578E-02   
neutron rms                    7.50000000E-03   1.9764603911E+00 +-    1.3344954246E-02   
total rms                      7.50000000E-03   1.9874609318E+00 +-    1.1840057767E-02   
neutron-proton rms             7.50000000E-03  -2.5176950681E-02 +-    1.1849856918E-02   
GT sigXtau+                    7.50000000E-03  -2.3060087487E-05 +-    2.4788853796E-05   
GT sigYtau+                    7.50000000E-03   7.9199256534E-05 +-    2.3422491213E-05   
GT sigZtau+                    7.50000000E-03  -1.3965931834E-04 +-    2.6350639710E-05   
GT sigXtau-                    7.50000000E-03  -5.8879744854E-05 +-    2.2266634275E-05   
GT sigYtau-                    7.50000000E-03   2.3762643287E-04 +-    2.5874941781E-05   
GT sigZtau-                    7.50000000E-03  -1.8113626209E-05 +-    2.4164406626E-05   
F tau+                         7.50000000E-03   4.6391430803E-20 +-    4.4723671816E-20   
F tau-                         7.50000000E-03  -1.1215945038E-19 +-    4.1853778250E-20   
Psi**2                         7.50000000E-03   3.2206489572E-05 +-    7.0661379985E-07   
single crossing/step           7.50000000E-03   7.4595268561E-03 +-    4.1593622259E-05   
global crossing/step           7.50000000E-03   7.2529668467E-03 +-    8.2035934677E-05   
energy numerator(real)         7.50000000E-03  -1.3139625086E+01 +-    7.7626291825E-01   
denominator psit/psigi(real)   7.50000000E-03   4.2845248046E-01 +-    1.3027851739E-02   
energy numerator(aimag)        7.50000000E-03  -1.1149595661E+00 +-    5.3690919002E-01   
denominator psit/psigi(aimag)  7.50000000E-03   2.6407151286E-02 +-    8.7807531650E-03   
growth(lin dt) energy          7.50000000E-03  -2.2357446323E+02 +-    5.3459488975E+00   
growth(global) energy          7.50000000E-03  -2.1830671477E+02 +-    1.2618959598E+01
growth energy                  7.50000000E-03  -2.2339609296E+02 +-    5.3296604720E+00
Time for propagation (sec) (min) =          21.402      0.357
Time for energies (sec) (min) =              0.775      0.013
Time for load balancing (sec) (min) =        0.031      0.001
Time for block (sec) (min) =                22.899      0.382
Time for operators (sec) (min) =             0.036      0.001
Elapsed block time (sec) (min) =            67.563      1.126
 
 walkers multiplicity, block, total
   0          48183         135030
   1         985117        2907894
   2          48229         135138
   3            321            766
   4             65            130
   5              9             31
   6              8             22
   7              2              8
   8              4              7
   9              0              5
  10              1              2
  11              0              2
  13              1              1
  19              0              1
 
 

iteration =                               4
walker number =                       10566
total energy-propagated        1.00000000E-02  -2.7895794422E+01 +-    4.2793575383E-01   
kinetic energy                 1.00000000E-02   1.0841087634E+02 +-    2.1288818740E+00   
potential energy               1.00000000E-02  -1.3630667076E+02 +-    2.0398604535E+00   
im energy                      1.00000000E-02   3.1352512731E+00 +-    2.5751777168E-01   
imkin energy                   1.00000000E-02   1.2469368834E+01 +-    6.5018143289E-01   
impot energy                   1.00000000E-02  -9.3341175610E+00 +-    6.9544897436E-01   
v cent                         1.00000000E-02   3.0017336016E+01 +-    1.6448952576E+00   
v tau                          1.00000000E-02  -8.5348815021E+00 +-    3.0530425801E-01   
v sigma                        1.00000000E-02  -1.2873686254E+01 +-    3.3263635919E-01   
v sigtau                       1.00000000E-02  -7.2584829025E+01 +-    5.7223472348E-01   
v tensor                       1.00000000E-02   9.0723355094E-01 +-    1.5754231754E-01   
v tenstau                      1.00000000E-02  -7.3237843550E+01 +-    1.2488444126E+00   
v ls                           1.00000000E-02   0.0000000000E+00 +-    0.0000000000E+00   
v lstau                        1.00000000E-02   0.0000000000E+00 +-    0.0000000000E+00   
vpot v6                        1.00000000E-02  -1.3630667076E+02 +-    2.0398604535E+00   
vpot v8                        1.00000000E-02  -1.3630667076E+02 +-    2.0398604535E+00   
v coulomb                      1.00000000E-02   7.8910557239E-01 +-    2.6534503865E-03   
v external                     1.00000000E-02   0.0000000000E+00 +-    0.0000000000E+00   
tni 2pipr-anticomm             1.00000000E-02   0.0000000000E+00 +-    0.0000000000E+00   
tni vd1pr                      1.00000000E-02   0.0000000000E+00 +-    0.0000000000E+00   
tni vepr                       1.00000000E-02   0.0000000000E+00 +-    0.0000000000E+00   
tni central                    1.00000000E-02   0.0000000000E+00 +-    0.0000000000E+00   
tni 2pixx-anticommutator       1.00000000E-02   0.0000000000E+00 +-    0.0000000000E+00   
tni 2pixd-anticommutator       1.00000000E-02   0.0000000000E+00 +-    0.0000000000E+00   
tni 2pidd-anticommutator       1.00000000E-02   0.0000000000E+00 +-    0.0000000000E+00   
tni 2pixx-commutator           1.00000000E-02   0.0000000000E+00 +-    0.0000000000E+00   
tni 2pixd-commutator           1.00000000E-02   0.0000000000E+00 +-    0.0000000000E+00   
tni 2pidd-commutator           1.00000000E-02   0.0000000000E+00 +-    0.0000000000E+00   
tni 2pi-tm                     1.00000000E-02   0.0000000000E+00 +-    0.0000000000E+00   
tni vd1                        1.00000000E-02   0.0000000000E+00 +-    0.0000000000E+00   
tni vd2                        1.00000000E-02   0.0000000000E+00 +-    0.0000000000E+00   
tni ve                         1.00000000E-02   0.0000000000E+00 +-    0.0000000000E+00   
vpottot v8+tni                 1.00000000E-02  -1.3630667076E+02 +-    2.0398604535E+00   
enetot v8+tni                  1.00000000E-02  -2.7895794422E+01 +-    4.2793575383E-01   
vper cent                      1.00000000E-02   3.0017336016E+01 +-    1.6448952576E+00   
vper tau                       1.00000000E-02  -8.5348815021E+00 +-    3.0530425801E-01   
vper sigma                     1.00000000E-02  -1.2873686254E+01 +-    3.3263635919E-01   
vper sigtau                    1.00000000E-02  -7.2584829025E+01 +-    5.7223472348E-01   
vper tensor                    1.00000000E-02   9.0723355094E-01 +-    1.5754231754E-01   
vper tenstau                   1.00000000E-02  -7.3237843550E+01 +-    1.2488444126E+00   
vper ls                        1.00000000E-02   0.0000000000E+00 +-    0.0000000000E+00   
vper lstau                     1.00000000E-02   0.0000000000E+00 +-    0.0000000000E+00   
vpotper v6                     1.00000000E-02  -1.3630667076E+02 +-    2.0398604535E+00   
vpotper v8                     1.00000000E-02  -1.3630667076E+02 +-    2.0398604535E+00   
vpotv6pr-vpotv6per diff        1.00000000E-02   0.0000000000E+00 +-    0.0000000000E+00   
vpotv8pr-vpotv8per diff        1.00000000E-02   0.0000000000E+00 +-    0.0000000000E+00   
2piapr-2pia diff               1.00000000E-02   0.0000000000E+00 +-    0.0000000000E+00   
vd1pr-vd1 diff                 1.00000000E-02   0.0000000000E+00 +-    0.0000000000E+00   
vepr-ve diff                   1.00000000E-02   0.0000000000E+00 +-    0.0000000000E+00   
diff1 2piapr-2pia-2picxx       1.00000000E-02   0.0000000000E+00 +-    0.0000000000E+00   
diff2 vd1pr-vd1-2picxd         1.00000000E-02   0.0000000000E+00 +-    0.0000000000E+00   
diff3 vepr-ve-2picdd           1.00000000E-02   0.0000000000E+00 +-    0.0000000000E+00   
sum diff1+dif2+diff3           1.00000000E-02   0.0000000000E+00 +-    0.0000000000E+00   
proton rms                     1.00000000E-02   1.9652969045E+00 +-    1.3817621424E-02   
neutron rms                    1.00000000E-02   1.9351649868E+00 +-    1.3490063470E-02   
total rms                      1.00000000E-02   1.9441028631E+00 +-    1.1372801846E-02   
neutron-proton rms             1.00000000E-02  -3.0131917754E-02 +-    1.4155557616E-02   
GT sigXtau+                    1.00000000E-02  -2.0886138456E-04 +-    2.4136086796E-05   
GT sigYtau+                    1.00000000E-02   1.0592639847E-04 +-    2.2293654443E-05   
GT sigZtau+                    1.00000000E-02  -1.7483499744E-04 +-    2.4247045287E-05   
GT sigXtau-                    1.00000000E-02  -1.2549091678E-04 +-    2.0537767783E-05   
GT sigYtau-                    1.00000000E-02  -5.9707721087E-05 +-    2.1231652663E-05   
GT sigZtau-                    1.00000000E-02   5.5223850504E-05 +-    2.3928289135E-05   
F tau+                         1.00000000E-02  -1.6946552291E-19 +-    5.0300628139E-20   
F tau-                         1.00000000E-02   1.9844852667E-19 +-    4.8235318388E-20   
Psi**2                         1.00000000E-02   3.4575715251E-05 +-    8.1690584902E-07   
single crossing/step           1.00000000E-02   7.7448383788E-03 +-    4.1967886076E-05   
global crossing/step           1.00000000E-02   7.6302426404E-03 +-    8.3317295011E-05   
energy numerator(real)         1.00000000E-02  -7.6396810620E+00 +-    8.9581409274E-01   
denominator psit/psigi(real)   1.00000000E-02   2.6920905627E-01 +-    1.3976080949E-02   
energy numerator(aimag)        1.00000000E-02   6.2995642608E-01 +-    6.1671296140E-01   
denominator psit/psigi(aimag)  1.00000000E-02   2.5869325005E-02 +-    9.3276596619E-03   
growth(lin dt) energy          1.00000000E-02  -2.3013794284E+02 +-    5.4185615662E+00   
growth(global) energy          1.00000000E-02  -2.3951547195E+02 +-    1.0643708479E+01
growth energy                  1.00000000E-02  -2.2993947521E+02 +-    5.4011634515E+00
Time for propagation (sec) (min) =          21.824      0.364
Time for energies (sec) (min) =              0.741      0.012
Time for load balancing (sec) (min) =        0.031      0.001
Time for block (sec) (min) =                23.269      0.388
Time for operators (sec) (min) =             0.030      0.000
Elapsed block time (sec) (min) =            90.869      1.514
 
 walkers multiplicity, block, total
   0          52255         187285
   1        1011432        3919326
   2          50762         185900
   3            351           1117
   4             45            175
   5             11             42
   6             10             32
   7              4             12
   8              2              9
   9              0              5
  10              1              3
  11              0              2
  12              1              1
  13              0              1
  15              1              1
  19              0              1
 
 

iteration =                               5
walker number =                       10807
total energy-propagated        1.25000000E-02  -2.4407469994E+01 +-    3.6474959581E-01   
kinetic energy                 1.25000000E-02   1.6605937118E+02 +-    1.5740884915E+00   
potential energy               1.25000000E-02  -1.9046684117E+02 +-    1.5574655171E+00   
im energy                      1.25000000E-02  -8.9981867479E+00 +-    2.5198469158E-01   
imkin energy                   1.25000000E-02  -2.5397426125E+01 +-    6.6259142303E-01   
impot energy                   1.25000000E-02   1.6399239377E+01 +-    4.3710605598E-01   
v cent                         1.25000000E-02   1.9947425873E+01 +-    1.4636216981E+00   
v tau                          1.25000000E-02  -2.2203843569E+01 +-    4.7610208030E-01   
v sigma                        1.25000000E-02   8.1392856935E+00 +-    1.8674474228E-01   
v sigtau                       1.25000000E-02  -5.7172038816E+01 +-    4.8522705177E-01   
v tensor                       1.25000000E-02   4.7075002831E+00 +-    2.5928719557E-01   
v tenstau                      1.25000000E-02  -1.4388517063E+02 +-    1.3029215128E+00   
v ls                           1.25000000E-02   0.0000000000E+00 +-    0.0000000000E+00   
v lstau                        1.25000000E-02   0.0000000000E+00 +-    0.0000000000E+00   
vpot v6                        1.25000000E-02  -1.9046684117E+02 +-    1.5574655171E+00   
vpot v8                        1.25000000E-02  -1.9046684117E+02 +-    1.5574655171E+00   
v coulomb                      1.25000000E-02   6.1536720663E-01 +-    3.6873312923E-03   
v external                     1.25000000E-02   0.0000000000E+00 +-    0.0000000000E+00   
tni 2pipr-anticomm             1.25000000E-02   0.0000000000E+00 +-    0.0000000000E+00   
tni vd1pr                      1.25000000E-02   0.0000000000E+00 +-    0.0000000000E+00   
tni vepr                       1.25000000E-02   0.0000000000E+00 +-    0.0000000000E+00   
tni central                    1.25000000E-02   0.0000000000E+00 +-    0.0000000000E+00   
tni 2pixx-anticommutator       1.25000000E-02   0.0000000000E+00 +-    0.0000000000E+00   
tni 2pixd-anticommutator       1.25000000E-02   0.0000000000E+00 +-    0.0000000000E+00   
tni 2pidd-anticommutator       1.25000000E-02   0.0000000000E+00 +-    0.0000000000E+00   
tni 2pixx-commutator           1.25000000E-02   0.0000000000E+00 +-    0.0000000000E+00   
tni 2pixd-commutator           1.25000000E-02   0.0000000000E+00 +-    0.0000000000E+00   
tni 2pidd-commutator           1.25000000E-02   0.0000000000E+00 +-    0.0000000000E+00   
tni 2pi-tm                     1.25000000E-02   0.0000000000E+00 +-    0.0000000000E+00   
tni vd1                        1.25000000E-02   0.0000000000E+00 +-    0.0000000000E+00   
tni vd2                        1.25000000E-02   0.0000000000E+00 +-    0.0000000000E+00   
tni ve                         1.25000000E-02   0.0000000000E+00 +-    0.0000000000E+00   
vpottot v8+tni                 1.25000000E-02  -1.9046684117E+02 +-    1.5574655171E+00   
enetot v8+tni                  1.25000000E-02  -2.4407469994E+01 +-    3.6474959581E-01   
vper cent                      1.25000000E-02   1.9947425873E+01 +-    1.4636216981E+00   
vper tau                       1.25000000E-02  -2.2203843569E+01 +-    4.7610208030E-01   
vper sigma                     1.25000000E-02   8.1392856935E+00 +-    1.8674474228E-01   
vper sigtau                    1.25000000E-02  -5.7172038816E+01 +-    4.8522705177E-01   
vper tensor                    1.25000000E-02   4.7075002831E+00 +-    2.5928719557E-01   
vper tenstau                   1.25000000E-02  -1.4388517063E+02 +-    1.3029215128E+00   
vper ls                        1.25000000E-02   0.0000000000E+00 +-    0.0000000000E+00   
vper lstau                     1.25000000E-02   0.0000000000E+00 +-    0.0000000000E+00   
vpotper v6                     1.25000000E-02  -1.9046684117E+02 +-    1.5574655171E+00   
vpotper v8                     1.25000000E-02  -1.9046684117E+02 +-    1.5574655171E+00   
vpotv6pr-vpotv6per diff        1.25000000E-02   0.0000000000E+00 +-    0.0000000000E+00   
vpotv8pr-vpotv8per diff        1.25000000E-02   0.0000000000E+00 +-    0.0000000000E+00   
2piapr-2pia diff               1.25000000E-02   0.0000000000E+00 +-    0.0000000000E+00   
vd1pr-vd1 diff                 1.25000000E-02   0.0000000000E+00 +-    0.0000000000E+00   
vepr-ve diff                   1.25000000E-02   0.0000000000E+00 +-    0.0000000000E+00   
diff1 2piapr-2pia-2picxx       1.25000000E-02   0.0000000000E+00 +-    0.0000000000E+00   
diff2 vd1pr-vd1-2picxd         1.25000000E-02   0.0000000000E+00 +-    0.0000000000E+00   
diff3 vepr-ve-2picdd           1.25000000E-02   0.0000000000E+00 +-    0.0000000000E+00   
sum diff1+dif2+diff3           1.25000000E-02   0.0000000000E+00 +-    0.0000000000E+00   
proton rms                     1.25000000E-02   2.0861067859E+00 +-    1.2096734192E-02   
neutron rms                    1.25000000E-02   1.9329501568E+00 +-    1.2004002847E-02   
total rms                      1.25000000E-02   2.0127538258E+00 +-    1.0371739392E-02   
neutron-proton rms             1.25000000E-02  -1.5315662907E-01 +-    1.2198642221E-02   
GT sigXtau+                    1.25000000E-02  -6.9517073051E-04 +-    2.8073912765E-05   
GT sigYtau+                    1.25000000E-02   1.0959153390E-03 +-    2.1106893823E-05   
GT sigZtau+                    1.25000000E-02  -5.1191176203E-04 +-    2.5090573966E-05   
GT sigXtau-                    1.25000000E-02  -2.7452783322E-05 +-    2.3594820557E-05   
GT sigYtau-                    1.25000000E-02  -5.6925876564E-04 +-    1.8544647881E-05   
GT sigZtau-                    1.25000000E-02  -9.6382698999E-04 +-    3.2590139918E-05   
F tau+                         1.25000000E-02  -1.5668952502E-19 +-    4.3733050720E-20   
F tau-                         1.25000000E-02   2.4509075949E-19 +-    5.6149128004E-20   
Psi**2                         1.25000000E-02   3.5901830652E-05 +-    8.9853710863E-07   
single crossing/step           1.25000000E-02   8.2009491352E-03 +-    4.3161651995E-05   
global crossing/step           1.25000000E-02   8.0713133978E-03 +-    8.5643909050E-05   
energy numerator(real)         1.25000000E-02  -3.7728295758E+00 +-    9.3659322933E-01   
denominator psit/psigi(real)   1.25000000E-02   1.6303532780E-01 +-    1.3738689799E-02   
energy numerator(aimag)        1.25000000E-02  -2.2230076403E+00 +-    6.5879661869E-01   
denominator psit/psigi(aimag)  1.25000000E-02   1.9180186207E-02 +-    9.1985463848E-03   
growth(lin dt) energy          1.25000000E-02  -2.8073423557E+02 +-    5.9522111799E+00   
growth(global) energy          1.25000000E-02  -2.6076936901E+02 +-    1.2753153566E+01
growth energy                  1.25000000E-02  -2.8034494445E+02 +-    5.9255889505E+00
Time for propagation (sec) (min) =          21.849      0.364
Time for energies (sec) (min) =              0.758      0.013
Time for load balancing (sec) (min) =        0.028      0.000
Time for block (sec) (min) =                23.296      0.388
Time for operators (sec) (min) =             0.027      0.000
Elapsed block time (sec) (min) =           114.193      1.903
 
 walkers multiplicity, block, total
   0          54631         241916
   1        1007092        4926418
   2          53218         239118
   3            472           1589
   4            102            277
   5             34             76
   6             11             43
   7              9             21
   8              2             11
   9              6             11
  10              2              5
  11              1              3
  12              1              2
  13              1              2
  14              1              1
  15              0              1
  17              1              1
  18              1              1
  19              0              1
 
 

iteration =                               6
walker number =                       11480
total energy-propagated        1.50000000E-02  -3.6082080461E+01 +-    3.5560120752E-01   
kinetic energy                 1.50000000E-02   6.5703880862E+01 +-    3.2714291521E+00   
potential energy               1.50000000E-02  -1.0178596132E+02 +-    2.9738893287E+00   
im energy                      1.50000000E-02  -1.3715620547E+01 +-    2.2702822332E-01   
imkin energy                   1.50000000E-02  -2.7875812386E+01 +-    1.3714357187E+00   
impot energy                   1.50000000E-02   1.4160191838E+01 +-    1.2124764734E+00   
v cent                         1.50000000E-02   2.8877777867E+01 +-    2.1024138151E+00   
v tau                          1.50000000E-02  -1.5778996766E+01 +-    5.6051677659E-01   
v sigma                        1.50000000E-02   2.9961610318E+00 +-    5.5821597846E-01   
v sigtau                       1.50000000E-02  -2.7205072265E+01 +-    6.3934075115E-01   
v tensor                       1.50000000E-02  -1.3730853953E+00 +-    1.6236684745E-01   
v tenstau                      1.50000000E-02  -8.9302745795E+01 +-    3.4396404086E+00   
v ls                           1.50000000E-02   0.0000000000E+00 +-    0.0000000000E+00   
v lstau                        1.50000000E-02   0.0000000000E+00 +-    0.0000000000E+00   
vpot v6                        1.50000000E-02  -1.0178596132E+02 +-    2.9738893287E+00   
vpot v8                        1.50000000E-02  -1.0178596132E+02 +-    2.9738893287E+00   
v coulomb                      1.50000000E-02   5.7629029827E-01 +-    3.0595905234E-03   
v external                     1.50000000E-02   0.0000000000E+00 +-    0.0000000000E+00   
tni 2pipr-anticomm             1.50000000E-02   0.0000000000E+00 +-    0.0000000000E+00   
tni vd1pr                      1.50000000E-02   0.0000000000E+00 +-    0.0000000000E+00   
tni vepr                       1.50000000E-02   0.0000000000E+00 +-    0.0000000000E+00   
tni central                    1.50000000E-02   0.0000000000E+00 +-    0.0000000000E+00   
tni 2pixx-anticommutator       1.50000000E-02   0.0000000000E+00 +-    0.0000000000E+00   
tni 2pixd-anticommutator       1.50000000E-02   0.0000000000E+00 +-    0.0000000000E+00   
tni 2pidd-anticommutator       1.50000000E-02   0.0000000000E+00 +-    0.0000000000E+00   
tni 2pixx-commutator           1.50000000E-02   0.0000000000E+00 +-    0.0000000000E+00   
tni 2pixd-commutator           1.50000000E-02   0.0000000000E+00 +-    0.0000000000E+00   
tni 2pidd-commutator           1.50000000E-02   0.0000000000E+00 +-    0.0000000000E+00   
tni 2pi-tm                     1.50000000E-02   0.0000000000E+00 +-    0.0000000000E+00   
tni vd1                        1.50000000E-02   0.0000000000E+00 +-    0.0000000000E+00   
tni vd2                        1.50000000E-02   0.0000000000E+00 +-    0.0000000000E+00   
tni ve                         1.50000000E-02   0.0000000000E+00 +-    0.0000000000E+00   
vpottot v8+tni                 1.50000000E-02  -1.0178596132E+02 +-    2.9738893287E+00   
enetot v8+tni                  1.50000000E-02  -3.6082080461E+01 +-    3.5560120752E-01   
vper cent                      1.50000000E-02   2.8877777867E+01 +-    2.1024138151E+00   
vper tau                       1.50000000E-02  -1.5778996766E+01 +-    5.6051677659E-01   
vper sigma                     1.50000000E-02   2.9961610318E+00 +-    5.5821597846E-01   
vper sigtau                    1.50000000E-02  -2.7205072265E+01 +-    6.3934075115E-01   
vper tensor                    1.50000000E-02  -1.3730853953E+00 +-    1.6236684745E-01   
vper tenstau                   1.50000000E-02  -8.9302745795E+01 +-    3.4396404086E+00   
vper ls                        1.50000000E-02   0.0000000000E+00 +-    0.0000000000E+00   
vper lstau                     1.50000000E-02   0.0000000000E+00 +-    0.0000000000E+00   
vpotper v6                     1.50000000E-02  -1.0178596132E+02 +-    2.9738893287E+00   
vpotper v8                     1.50000000E-02  -1.0178596132E+02 +-    2.9738893287E+00   
vpotv6pr-vpotv6per diff        1.50000000E-02   0.0000000000E+00 +-    0.0000000000E+00   
vpotv8pr-vpotv8per diff        1.50000000E-02   0.0000000000E+00 +-    0.0000000000E+00   
2piapr-2pia diff               1.50000000E-02   0.0000000000E+00 +-    0.0000000000E+00   
vd1pr-vd1 diff                 1.50000000E-02   0.0000000000E+00 +-    0.0000000000E+00   
vepr-ve diff                   1.50000000E-02   0.0000000000E+00 +-    0.0000000000E+00   
diff1 2piapr-2pia-2picxx       1.50000000E-02   0.0000000000E+00 +-    0.0000000000E+00   
diff2 vd1pr-vd1-2picxd         1.50000000E-02   0.0000000000E+00 +-    0.0000000000E+00   
diff3 vepr-ve-2picdd           1.50000000E-02   0.0000000000E+00 +-    0.0000000000E+00   
sum diff1+dif2+diff3           1.50000000E-02   0.0000000000E+00 +-    0.0000000000E+00   
proton rms                     1.50000000E-02   2.1165147063E+00 +-    9.2749722799E-03   
neutron rms                    1.50000000E-02   1.8892320119E+00 +-    1.1008235390E-02   
total rms                      1.50000000E-02   2.0083091096E+00 +-    9.0199244784E-03   
neutron-proton rms             1.50000000E-02  -2.2728269441E-01 +-    9.4113773463E-03   
GT sigXtau+                    1.50000000E-02   2.1982478283E-04 +-    1.5691229898E-05   
GT sigYtau+                    1.50000000E-02  -6.0455445785E-05 +-    2.6180107210E-05   
GT sigZtau+                    1.50000000E-02  -9.4867561866E-04 +-    3.0101791160E-05   
GT sigXtau-                    1.50000000E-02   7.9647203000E-04 +-    1.9972291002E-05   
GT sigYtau-                    1.50000000E-02  -5.1563969688E-04 +-    2.6115045923E-05   
GT sigZtau-                    1.50000000E-02   4.5668102157E-04 +-    2.7181834279E-05   
F tau+                         1.50000000E-02  -1.2143396111E-19 +-    4.0900587226E-20   
F tau-                         1.50000000E-02   3.2467330750E-19 +-    4.1827902783E-20   
Psi**2                         1.50000000E-02   1.1740420540E-05 +-    9.9332488713E-07   
single crossing/step           1.50000000E-02   8.4887374446E-03 +-    4.3737932692E-05   
global crossing/step           1.50000000E-02   8.2405393808E-03 +-    8.6198332943E-05   
energy numerator(real)         1.50000000E-02  -2.4554734816E+00 +-    1.0184936628E+00   
denominator psit/psigi(real)   1.50000000E-02   9.0877422725E-02 +-    1.3332934028E-02   
energy numerator(aimag)        1.50000000E-02  -3.8254984330E+00 +-    6.9066319018E-01   
denominator psit/psigi(aimag)  1.50000000E-02   2.5883649973E-02 +-    8.8131168179E-03   
growth(lin dt) energy          1.50000000E-02  -2.9495901026E+02 +-    6.1528118662E+00   
growth(global) energy          1.50000000E-02  -2.8272523902E+02 +-    1.1249992706E+01
growth energy                  1.50000000E-02  -2.9450463899E+02 +-    6.1231093763E+00
Time for propagation (sec) (min) =          22.016      0.367
Time for energies (sec) (min) =              0.805      0.013
Time for load balancing (sec) (min) =        0.027      0.000
Time for block (sec) (min) =                23.445      0.391
Time for operators (sec) (min) =             0.030      0.001
Elapsed block time (sec) (min) =           137.675      2.295
 
 walkers multiplicity, block, total
   0          57227         299143
   1        1009988        5936406
   2          56081         295199
   3            545           2134
   4            106            383
   5             42            118
   6              9             52
   7              9             30
   8              6             17
   9              2             13
  10              3              8
  11              0              3
  12              1              3
  13              1              3
  14              0              1
  15              0              1
  17              0              1
  18              1              2
  19              0              1
  20              1              1
 
 

iteration =                               7
walker number =                       11098
total energy-propagated        1.75000000E-02   5.3524347604E-01 +-    2.4218862907E+00   
kinetic energy                 1.75000000E-02   8.6776316939E+01 +-    2.8586760812E+00   
potential energy               1.75000000E-02  -8.6241073463E+01 +-    3.3082795830E+00   
im energy                      1.75000000E-02   1.1712831755E+01 +-    2.1376693400E+00   
imkin energy                   1.75000000E-02   6.5070477577E+01 +-    1.7825285689E+00   
impot energy                   1.75000000E-02  -5.3357645822E+01 +-    1.8404806106E+00   
v cent                         1.75000000E-02   6.5782349126E+01 +-    2.7699614817E+00   
v tau                          1.75000000E-02   1.2968645567E+01 +-    7.7802017230E-01   
v sigma                        1.75000000E-02  -7.0706402196E+01 +-    8.6821478237E-01   
v sigtau                       1.75000000E-02  -1.3449867313E+02 +-    1.2902686346E+00   
v tensor                       1.75000000E-02   2.3970203819E+00 +-    5.4877501123E-01   
v tenstau                      1.75000000E-02   3.7815986788E+01 +-    4.3563078287E+00   
v ls                           1.75000000E-02   0.0000000000E+00 +-    0.0000000000E+00   
v lstau                        1.75000000E-02   0.0000000000E+00 +-    0.0000000000E+00   
vpot v6                        1.75000000E-02  -8.6241073463E+01 +-    3.3082795830E+00   
vpot v8                        1.75000000E-02  -8.6241073463E+01 +-    3.3082795830E+00   
v coulomb                      1.75000000E-02   8.1697731441E-01 +-    6.7431363478E-03   
v external                     1.75000000E-02   0.0000000000E+00 +-    0.0000000000E+00   
tni 2pipr-anticomm             1.75000000E-02   0.0000000000E+00 +-    0.0000000000E+00   
tni vd1pr                      1.75000000E-02   0.0000000000E+00 +-    0.0000000000E+00   
tni vepr                       1.75000000E-02   0.0000000000E+00 +-    0.0000000000E+00   
tni central                    1.75000000E-02   0.0000000000E+00 +-    0.0000000000E+00   
tni 2pixx-anticommutator       1.75000000E-02   0.0000000000E+00 +-    0.0000000000E+00   
tni 2pixd-anticommutator       1.75000000E-02   0.0000000000E+00 +-    0.0000000000E+00   
tni 2pidd-anticommutator       1.75000000E-02   0.0000000000E+00 +-    0.0000000000E+00   
tni 2pixx-commutator           1.75000000E-02   0.0000000000E+00 +-    0.0000000000E+00   
tni 2pixd-commutator           1.75000000E-02   0.0000000000E+00 +-    0.0000000000E+00   
tni 2pidd-commutator           1.75000000E-02   0.0000000000E+00 +-    0.0000000000E+00   
tni 2pi-tm                     1.75000000E-02   0.0000000000E+00 +-    0.0000000000E+00   
tni vd1                        1.75000000E-02   0.0000000000E+00 +-    0.0000000000E+00   
tni vd2                        1.75000000E-02   0.0000000000E+00 +-    0.0000000000E+00   
tni ve                         1.75000000E-02   0.0000000000E+00 +-    0.0000000000E+00   
vpottot v8+tni                 1.75000000E-02  -8.6241073463E+01 +-    3.3082795830E+00   
enetot v8+tni                  1.75000000E-02   5.3524347604E-01 +-    2.4218862907E+00   
vper cent                      1.75000000E-02   6.5782349126E+01 +-    2.7699614817E+00   
vper tau                       1.75000000E-02   1.2968645567E+01 +-    7.7802017230E-01   
vper sigma                     1.75000000E-02  -7.0706402196E+01 +-    8.6821478237E-01   
vper sigtau                    1.75000000E-02  -1.3449867313E+02 +-    1.2902686346E+00   
vper tensor                    1.75000000E-02   2.3970203819E+00 +-    5.4877501123E-01   
vper tenstau                   1.75000000E-02   3.7815986788E+01 +-    4.3563078287E+00   
vper ls                        1.75000000E-02   0.0000000000E+00 +-    0.0000000000E+00   
vper lstau                     1.75000000E-02   0.0000000000E+00 +-    0.0000000000E+00   
vpotper v6                     1.75000000E-02  -8.6241073463E+01 +-    3.3082795830E+00   
vpotper v8                     1.75000000E-02  -8.6241073463E+01 +-    3.3082795830E+00   
vpotv6pr-vpotv6per diff        1.75000000E-02   0.0000000000E+00 +-    0.0000000000E+00   
vpotv8pr-vpotv8per diff        1.75000000E-02   0.0000000000E+00 +-    0.0000000000E+00   
2piapr-2pia diff               1.75000000E-02   0.0000000000E+00 +-    0.0000000000E+00   
vd1pr-vd1 diff                 1.75000000E-02   0.0000000000E+00 +-    0.0000000000E+00   
vepr-ve diff                   1.75000000E-02   0.0000000000E+00 +-    0.0000000000E+00   
diff1 2piapr-2pia-2picxx       1.75000000E-02   0.0000000000E+00 +-    0.0000000000E+00   
diff2 vd1pr-vd1-2picxd         1.75000000E-02   0.0000000000E+00 +-    0.0000000000E+00   
diff3 vepr-ve-2picdd           1.75000000E-02   0.0000000000E+00 +-    0.0000000000E+00   
sum diff1+dif2+diff3           1.75000000E-02   0.0000000000E+00 +-    0.0000000000E+00   
proton rms                     1.75000000E-02   1.7347156958E+00 +-    2.4537604431E-02   
neutron rms                    1.75000000E-02   1.6293093047E+00 +-    2.0133072145E-02   
total rms                      1.75000000E-02   1.6700952687E+00 +-    2.1553993350E-02   
neutron-proton rms             1.75000000E-02  -1.0540639109E-01 +-    1.1343888490E-02   
GT sigXtau+                    1.75000000E-02  -1.2331973585E-03 +-    6.9154917262E-05   
GT sigYtau+                    1.75000000E-02  -2.8327804582E-03 +-    7.7645860419E-05   
GT sigZtau+                    1.75000000E-02  -2.4440485994E-03 +-    3.9082514110E-05   
GT sigXtau-                    1.75000000E-02   3.0233466169E-03 +-    6.1051539191E-05   
GT sigYtau-                    1.75000000E-02   4.7923340188E-03 +-    6.0808179834E-05   
GT sigZtau-                    1.75000000E-02   1.7917539809E-03 +-    6.5657374297E-05   
F tau+                         1.75000000E-02  -7.3766794868E-19 +-    5.0394159330E-20   
F tau-                         1.75000000E-02  -7.5116436913E-19 +-    1.3350643572E-19   
Psi**2                         1.75000000E-02   4.2648628321E-05 +-    2.0691072341E-06   
single crossing/step           1.75000000E-02   9.0758947850E-03 +-    4.5306928041E-05   
global crossing/step           1.75000000E-02   8.9069942181E-03 +-    8.9774393590E-05   
energy numerator(real)         1.75000000E-02   7.9958810354E-01 +-    1.1813131152E+00   
denominator psit/psigi(real)   1.75000000E-02   4.6143006001E-03 +-    1.3667742275E-02   
energy numerator(aimag)        1.75000000E-02  -1.0044343476E-01 +-    8.5963638415E-01   
denominator psit/psigi(aimag)  1.75000000E-02   3.1373822344E-02 +-    8.9283935985E-03   
growth(lin dt) energy          1.75000000E-02  -3.0878519845E+02 +-    6.2726362904E+00   
growth(global) energy          1.75000000E-02  -3.1629277645E+02 +-    1.2961517440E+01
growth energy                  1.75000000E-02  -3.0826276857E+02 +-    6.2401995095E+00
Time for propagation (sec) (min) =          21.920      0.365
Time for energies (sec) (min) =              0.778      0.013
Time for load balancing (sec) (min) =        0.029      0.000
Time for block (sec) (min) =                23.340      0.389
Time for operators (sec) (min) =             0.026      0.000
Elapsed block time (sec) (min) =           161.041      2.684
 
 walkers multiplicity, block, total
   0          60545         359688
   1        1011861        6948267
   2          58386         353585
   3            563           2697
   4            106            489
   5             31            149
   6             11             63
   7              5             35
   8              7             24
   9              4             17
  10              0              8
  11              0              3
  12              1              4
  13              0              3
  14              1              2
  15              0              1
  17              0              1
  18              0              2
  19              0              1
  20              1              2
 
 

iteration =                               8
walker number =                       10442
total energy-propagated        2.00000000E-02  -3.1863356260E+01 +-    5.1360862087E-01   
kinetic energy                 2.00000000E-02   1.3278585592E+02 +-    2.4225127344E+00   
potential energy               2.00000000E-02  -1.6464921218E+02 +-    2.4033403907E+00   
im energy                      2.00000000E-02  -2.9427078673E+00 +-    4.2596472218E-01   
imkin energy                   2.00000000E-02  -2.7598333735E+01 +-    5.3561272530E-01   
impot energy                   2.00000000E-02   2.4655625868E+01 +-    4.5022567267E-01   
v cent                         2.00000000E-02  -7.4545525111E+01 +-    2.5211437827E+00   
v tau                          2.00000000E-02  -7.1240154757E+00 +-    8.4623616116E-01   
v sigma                        2.00000000E-02  -3.5772327688E+01 +-    5.0974320138E-01   
v sigtau                       2.00000000E-02  -7.2968881773E+01 +-    5.7167672899E-01   
v tensor                       2.00000000E-02   2.0971217591E-01 +-    2.8337742980E-01   
v tenstau                      2.00000000E-02   2.5551825688E+01 +-    1.6025131714E+00   
v ls                           2.00000000E-02   0.0000000000E+00 +-    0.0000000000E+00   
v lstau                        2.00000000E-02   0.0000000000E+00 +-    0.0000000000E+00   
vpot v6                        2.00000000E-02  -1.6464921218E+02 +-    2.4033403907E+00   
vpot v8                        2.00000000E-02  -1.6464921218E+02 +-    2.4033403907E+00   
v coulomb                      2.00000000E-02   9.4117677297E-01 +-    3.1874646154E-03   
v external                     2.00000000E-02   0.0000000000E+00 +-    0.0000000000E+00   
tni 2pipr-anticomm             2.00000000E-02   0.0000000000E+00 +-    0.0000000000E+00   
tni vd1pr                      2.00000000E-02   0.0000000000E+00 +-    0.0000000000E+00   
tni vepr                       2.00000000E-02   0.0000000000E+00 +-    0.0000000000E+00   
tni central                    2.00000000E-02   0.0000000000E+00 +-    0.0000000000E+00   
tni 2pixx-anticommutator       2.00000000E-02   0.0000000000E+00 +-    0.0000000000E+00   
tni 2pixd-anticommutator       2.00000000E-02   0.0000000000E+00 +-    0.0000000000E+00   
tni 2pidd-anticommutator       2.00000000E-02   0.0000000000E+00 +-    0.0000000000E+00   
tni 2pixx-commutator           2.00000000E-02   0.0000000000E+00 +-    0.0000000000E+00   
tni 2pixd-commutator           2.00000000E-02   0.0000000000E+00 +-    0.0000000000E+00   
tni 2pidd-commutator           2.00000000E-02   0.0000000000E+00 +-    0.0000000000E+00   
tni 2pi-tm                     2.00000000E-02   0.0000000000E+00 +-    0.0000000000E+00   
tni vd1                        2.00000000E-02   0.0000000000E+00 +-    0.0000000000E+00   
tni vd2                        2.00000000E-02   0.0000000000E+00 +-    0.0000000000E+00   
tni ve                         2.00000000E-02   0.0000000000E+00 +-    0.0000000000E+00   
vpottot v8+tni                 2.00000000E-02  -1.6464921218E+02 +-    2.4033403907E+00   
enetot v8+tni                  2.00000000E-02  -3.1863356260E+01 +-    5.1360862087E-01   
vper cent                      2.00000000E-02  -7.4545525111E+01 +-    2.5211437827E+00   
vper tau                       2.00000000E-02  -7.1240154757E+00 +-    8.4623616116E-01   
vper sigma                     2.00000000E-02  -3.5772327688E+01 +-    5.0974320138E-01   
vper sigtau                    2.00000000E-02  -7.2968881773E+01 +-    5.7167672899E-01   
vper tensor                    2.00000000E-02   2.0971217591E-01 +-    2.8337742980E-01   
vper tenstau                   2.00000000E-02   2.5551825688E+01 +-    1.6025131714E+00   
vper ls                        2.00000000E-02   0.0000000000E+00 +-    0.0000000000E+00   
vper lstau                     2.00000000E-02   0.0000000000E+00 +-    0.0000000000E+00   
vpotper v6                     2.00000000E-02  -1.6464921218E+02 +-    2.4033403907E+00   
vpotper v8                     2.00000000E-02  -1.6464921218E+02 +-    2.4033403907E+00   
vpotv6pr-vpotv6per diff        2.00000000E-02   0.0000000000E+00 +-    0.0000000000E+00   
vpotv8pr-vpotv8per diff        2.00000000E-02   0.0000000000E+00 +-    0.0000000000E+00   
2piapr-2pia diff               2.00000000E-02   0.0000000000E+00 +-    0.0000000000E+00   
vd1pr-vd1 diff                 2.00000000E-02   0.0000000000E+00 +-    0.0000000000E+00   
vepr-ve diff                   2.00000000E-02   0.0000000000E+00 +-    0.0000000000E+00   
diff1 2piapr-2pia-2picxx       2.00000000E-02   0.0000000000E+00 +-    0.0000000000E+00   
diff2 vd1pr-vd1-2picxd         2.00000000E-02   0.0000000000E+00 +-    0.0000000000E+00   
diff3 vepr-ve-2picdd           2.00000000E-02   0.0000000000E+00 +-    0.0000000000E+00   
sum diff1+dif2+diff3           2.00000000E-02   0.0000000000E+00 +-    0.0000000000E+00   
proton rms                     2.00000000E-02   1.7753701839E+00 +-    1.4407128563E-02   
neutron rms                    2.00000000E-02   1.9994512564E+00 +-    1.6788386552E-02   
total rms                      2.00000000E-02   1.8803402177E+00 +-    1.3318279875E-02   
neutron-proton rms             2.00000000E-02   2.2408107253E-01 +-    1.6150989174E-02   
GT sigXtau+                    2.00000000E-02  -5.0516932854E-06 +-    4.3113882876E-05   
GT sigYtau+                    2.00000000E-02  -1.9613265449E-03 +-    2.7834832345E-05   
GT sigZtau+                    2.00000000E-02   2.4718238185E-04 +-    2.9780730422E-05   
GT sigXtau-                    2.00000000E-02   9.7625440125E-04 +-    3.7855351774E-05   
GT sigYtau-                    2.00000000E-02  -1.2348809419E-03 +-    5.1036561947E-05   
GT sigZtau-                    2.00000000E-02  -1.3021393059E-03 +-    2.9960779306E-05   
F tau+                         2.00000000E-02  -1.1344739931E-18 +-    5.5193884875E-20   
F tau-                         2.00000000E-02  -5.2122419090E-19 +-    7.6005229923E-20   
Psi**2                         2.00000000E-02   3.1004212767E-05 +-    8.0329402832E-07   
single crossing/step           2.00000000E-02   8.8698221282E-03 +-    4.4822621100E-05   
global crossing/step           2.00000000E-02   8.6879098739E-03 +-    8.8729348897E-05   
energy numerator(real)         2.00000000E-02  -1.6694020686E+00 +-    9.5092284631E-01   
denominator psit/psigi(real)   2.00000000E-02   5.4276348193E-02 +-    1.3943329275E-02   
energy numerator(aimag)        2.00000000E-02   7.5714617990E-01 +-    6.8705025458E-01   
denominator psit/psigi(aimag)  2.00000000E-02  -5.6429412909E-03 +-    9.2551572268E-03   
growth(lin dt) energy          2.00000000E-02  -2.9092874593E+02 +-    6.0854208394E+00   
growth(global) energy          2.00000000E-02  -3.0433281930E+02 +-    1.3298053561E+01
growth energy                  2.00000000E-02  -2.9049332250E+02 +-    6.0566560567E+00
Time for propagation (sec) (min) =          21.894      0.365
Time for energies (sec) (min) =              0.732      0.012
Time for load balancing (sec) (min) =        0.028      0.000
Time for block (sec) (min) =                23.239      0.387
Time for operators (sec) (min) =             0.031      0.001
Elapsed block time (sec) (min) =           184.310      3.072
 
 walkers multiplicity, block, total
   0          59434         419122
   1        1012714        7960981
   2          57277         410862
   3            496           3193
   4             81            570
   5             29            178
   6             11             74
   7              3             38
   8              1             25
   9              1             18
  10              2             10
  11              0              3
  12              0              4
  13              1              4
  14              1              3
  15              0              1
  17              0              1
  18              0              2
  19              0              1
  20              1              3
 
 

iteration =                               9
walker number =                       10838
total energy-propagated        2.25000000E-02  -5.0339049378E+01 +-    6.8909182677E-01   
kinetic energy                 2.25000000E-02   1.6375691310E+01 +-    2.3647733686E+00   
potential energy               2.25000000E-02  -6.6714740688E+01 +-    2.2706121470E+00   
im energy                      2.25000000E-02   6.0785616295E+00 +-    7.7384927791E-01   
imkin energy                   2.25000000E-02   3.9279500489E+01 +-    1.3093463932E+00   
impot energy                   2.25000000E-02  -3.3200938859E+01 +-    1.1488786326E+00   
v cent                         2.25000000E-02   5.0032340331E+01 +-    3.5983318507E+00   
v tau                          2.25000000E-02  -1.8086552985E+01 +-    7.2351083086E-01   
v sigma                        2.25000000E-02  -4.9650824741E+01 +-    5.5206724163E-01   
v sigtau                       2.25000000E-02  -8.1426772012E+01 +-    8.0002992369E-01   
v tensor                       2.25000000E-02   2.9571860364E-01 +-    3.7762903218E-01   
v tenstau                      2.25000000E-02   3.2121350115E+01 +-    2.1273770874E+00   
v ls                           2.25000000E-02   0.0000000000E+00 +-    0.0000000000E+00   
v lstau                        2.25000000E-02   0.0000000000E+00 +-    0.0000000000E+00   
vpot v6                        2.25000000E-02  -6.6714740688E+01 +-    2.2706121470E+00   
vpot v8                        2.25000000E-02  -6.6714740688E+01 +-    2.2706121470E+00   
v coulomb                      2.25000000E-02   6.8239543856E-01 +-    7.7067358991E-03   
v external                     2.25000000E-02   0.0000000000E+00 +-    0.0000000000E+00   
tni 2pipr-anticomm             2.25000000E-02   0.0000000000E+00 +-    0.0000000000E+00   
tni vd1pr                      2.25000000E-02   0.0000000000E+00 +-    0.0000000000E+00   
tni vepr                       2.25000000E-02   0.0000000000E+00 +-    0.0000000000E+00   
tni central                    2.25000000E-02   0.0000000000E+00 +-    0.0000000000E+00   
tni 2pixx-anticommutator       2.25000000E-02   0.0000000000E+00 +-    0.0000000000E+00   
tni 2pixd-anticommutator       2.25000000E-02   0.0000000000E+00 +-    0.0000000000E+00   
tni 2pidd-anticommutator       2.25000000E-02   0.0000000000E+00 +-    0.0000000000E+00   
tni 2pixx-commutator           2.25000000E-02   0.0000000000E+00 +-    0.0000000000E+00   
tni 2pixd-commutator           2.25000000E-02   0.0000000000E+00 +-    0.0000000000E+00   
tni 2pidd-commutator           2.25000000E-02   0.0000000000E+00 +-    0.0000000000E+00   
tni 2pi-tm                     2.25000000E-02   0.0000000000E+00 +-    0.0000000000E+00   
tni vd1                        2.25000000E-02   0.0000000000E+00 +-    0.0000000000E+00   
tni vd2                        2.25000000E-02   0.0000000000E+00 +-    0.0000000000E+00   
tni ve                         2.25000000E-02   0.0000000000E+00 +-    0.0000000000E+00   
vpottot v8+tni                 2.25000000E-02  -6.6714740688E+01 +-    2.2706121470E+00   
enetot v8+tni                  2.25000000E-02  -5.0339049378E+01 +-    6.8909182677E-01   
vper cent                      2.25000000E-02   5.0032340331E+01 +-    3.5983318507E+00   
vper tau                       2.25000000E-02  -1.8086552985E+01 +-    7.2351083086E-01   
vper sigma                     2.25000000E-02  -4.9650824741E+01 +-    5.5206724163E-01   
vper sigtau                    2.25000000E-02  -8.1426772012E+01 +-    8.0002992369E-01   
vper tensor                    2.25000000E-02   2.9571860364E-01 +-    3.7762903218E-01   
vper tenstau                   2.25000000E-02   3.2121350115E+01 +-    2.1273770874E+00   
vper ls                        2.25000000E-02   0.0000000000E+00 +-    0.0000000000E+00   
vper lstau                     2.25000000E-02   0.0000000000E+00 +-    0.0000000000E+00   
vpotper v6                     2.25000000E-02  -6.6714740688E+01 +-    2.2706121470E+00   
vpotper v8                     2.25000000E-02  -6.6714740688E+01 +-    2.2706121470E+00   
vpotv6pr-vpotv6per diff        2.25000000E-02   0.0000000000E+00 +-    0.0000000000E+00   
vpotv8pr-vpotv8per diff        2.25000000E-02   0.0000000000E+00 +-    0.0000000000E+00   
2piapr-2pia diff               2.25000000E-02   0.0000000000E+00 +-    0.0000000000E+00   
vd1pr-vd1 diff                 2.25000000E-02   0.0000000000E+00 +-    0.0000000000E+00   
vepr-ve diff                   2.25000000E-02   0.0000000000E+00 +-    0.0000000000E+00   
diff1 2piapr-2pia-2picxx       2.25000000E-02   0.0000000000E+00 +-    0.0000000000E+00   
diff2 vd1pr-vd1-2picxd         2.25000000E-02   0.0000000000E+00 +-    0.0000000000E+00   
diff3 vepr-ve-2picdd           2.25000000E-02   0.0000000000E+00 +-    0.0000000000E+00   
sum diff1+dif2+diff3           2.25000000E-02   0.0000000000E+00 +-    0.0000000000E+00   
proton rms                     2.25000000E-02   1.5810161852E+00 +-    8.7139464555E-03   
neutron rms                    2.25000000E-02   1.9917018624E+00 +-    1.1034200446E-02   
total rms                      2.25000000E-02   1.8305196162E+00 +-    8.9228676527E-03   
neutron-proton rms             2.25000000E-02   4.1068567717E-01 +-    7.5826228473E-03   
GT sigXtau+                    2.25000000E-02  -1.3450685550E-04 +-    5.3298556862E-05   
GT sigYtau+                    2.25000000E-02  -9.4578675224E-04 +-    3.9806832441E-05   
GT sigZtau+                    2.25000000E-02  -1.1477104972E-03 +-    4.5092926232E-05   
GT sigXtau-                    2.25000000E-02  -1.7439662897E-03 +-    7.0944359764E-05   
GT sigYtau-                    2.25000000E-02  -1.4853338997E-03 +-    6.3786111882E-05   
GT sigZtau-                    2.25000000E-02  -6.5893582643E-04 +-    3.4443853636E-05   
F tau+                         2.25000000E-02  -6.6459760926E-19 +-    6.4948750690E-20   
F tau-                         2.25000000E-02   4.2631413115E-19 +-    5.8753251390E-20   
Psi**2                         2.25000000E-02  -2.3961325110E-05 +-    1.5073910897E-06   
single crossing/step           2.25000000E-02   7.8944987126E-03 +-    4.2305032371E-05   
global crossing/step           2.25000000E-02   7.7381991549E-03 +-    8.3774897864E-05   
energy numerator(real)         2.25000000E-02  -1.6164072250E+00 +-    9.7288925996E-01   
denominator psit/psigi(real)   2.25000000E-02   3.7537093370E-02 +-    1.3870347921E-02   
energy numerator(aimag)        2.25000000E-02   1.4556959719E+00 +-    7.0398373812E-01   
denominator psit/psigi(aimag)  2.25000000E-02  -1.6773661921E-02 +-    9.0589010080E-03   
growth(lin dt) energy          2.25000000E-02  -2.6218329356E+02 +-    5.9581865626E+00   
growth(global) energy          2.25000000E-02  -2.6548677376E+02 +-    1.2134368663E+01
growth energy                  2.25000000E-02  -2.6187134129E+02 +-    5.9342770173E+00
Time for propagation (sec) (min) =          21.902      0.365
Time for energies (sec) (min) =              0.760      0.013
Time for load balancing (sec) (min) =        0.027      0.000
Time for block (sec) (min) =                23.333      0.389
Time for operators (sec) (min) =             0.030      0.001
Elapsed block time (sec) (min) =           207.681      3.461
 
 walkers multiplicity, block, total
   0          57076         476198
   1        1004436        8965417
   2          56023         466885
   3            484           3677
   4             80            650
   5             28            206
   6              4             78
   7              2             40
   8              3             28
   9              2             20
  10              2             12
  11              1              4
  12              0              4
  13              0              4
  14              1              4
  15              0              1
  17              0              1
  18              0              2
  19              0              1
  20              1              4
 
 

iteration =                              10
walker number =                       11039
total energy-propagated        2.50000000E-02  -3.3507553042E+02 +-    3.8461984925E+00   
kinetic energy                 2.50000000E-02   2.1092479011E+02 +-    6.6407837265E+00   
potential energy               2.50000000E-02  -5.4600032053E+02 +-    6.9711928363E+00   
im energy                      2.50000000E-02   2.3436006650E+01 +-    1.2121265312E+00   
imkin energy                   2.50000000E-02  -2.2991952847E+01 +-    4.0782672747E+00   
impot energy                   2.50000000E-02   4.6427959496E+01 +-    3.2896526201E+00   
v cent                         2.50000000E-02   2.3510713983E+02 +-    7.1425092498E+00   
v tau                          2.50000000E-02  -1.3806725379E+02 +-    2.1579483432E+00   
v sigma                        2.50000000E-02  -1.7283375846E+02 +-    8.0134043262E-01   
v sigtau                       2.50000000E-02  -3.9263419918E+02 +-    2.6951438414E+00   
v tensor                       2.50000000E-02   6.4174129940E+00 +-    9.0004887489E-01   
v tenstau                      2.50000000E-02  -8.3989661929E+01 +-    2.7018862052E+00   
v ls                           2.50000000E-02   0.0000000000E+00 +-    0.0000000000E+00   
v lstau                        2.50000000E-02   0.0000000000E+00 +-    0.0000000000E+00   
vpot v6                        2.50000000E-02  -5.4600032053E+02 +-    6.9711928363E+00   
vpot v8                        2.50000000E-02  -5.4600032053E+02 +-    6.9711928363E+00   
v coulomb                      2.50000000E-02   1.5070287739E+00 +-    1.9459970853E-02   
v external                     2.50000000E-02   0.0000000000E+00 +-    0.0000000000E+00   
tni 2pipr-anticomm             2.50000000E-02   0.0000000000E+00 +-    0.0000000000E+00   
tni vd1pr                      2.50000000E-02   0.0000000000E+00 +-    0.0000000000E+00   
tni vepr                       2.50000000E-02   0.0000000000E+00 +-    0.0000000000E+00   
tni central                    2.50000000E-02   0.0000000000E+00 +-    0.0000000000E+00   
tni 2pixx-anticommutator       2.50000000E-02   0.0000000000E+00 +-    0.0000000000E+00   
tni 2pixd-anticommutator       2.50000000E-02   0.0000000000E+00 +-    0.0000000000E+00   
tni 2pidd-anticommutator       2.50000000E-02   0.0000000000E+00 +-    0.0000000000E+00   
tni 2pixx-commutator           2.50000000E-02   0.0000000000E+00 +-    0.0000000000E+00   
tni 2pixd-commutator           2.50000000E-02   0.0000000000E+00 +-    0.0000000000E+00   
tni 2pidd-commutator           2.50000000E-02   0.0000000000E+00 +-    0.0000000000E+00   
tni 2pi-tm                     2.50000000E-02   0.0000000000E+00 +-    0.0000000000E+00   
tni vd1                        2.50000000E-02   0.0000000000E+00 +-    0.0000000000E+00   
tni vd2                        2.50000000E-02   0.0000000000E+00 +-    0.0000000000E+00   
tni ve                         2.50000000E-02   0.0000000000E+00 +-    0.0000000000E+00   
vpottot v8+tni                 2.50000000E-02  -5.4600032053E+02 +-    6.9711928363E+00   
enetot v8+tni                  2.50000000E-02  -3.3507553042E+02 +-    3.8461984925E+00   
vper cent                      2.50000000E-02   2.3510713983E+02 +-    7.1425092498E+00   
vper tau                       2.50000000E-02  -1.3806725379E+02 +-    2.1579483432E+00   
vper sigma                     2.50000000E-02  -1.7283375846E+02 +-    8.0134043262E-01   
vper sigtau                    2.50000000E-02  -3.9263419918E+02 +-    2.6951438414E+00   
vper tensor                    2.50000000E-02   6.4174129940E+00 +-    9.0004887489E-01   
vper tenstau                   2.50000000E-02  -8.3989661929E+01 +-    2.7018862052E+00   
vper ls                        2.50000000E-02   0.0000000000E+00 +-    0.0000000000E+00   
vper lstau                     2.50000000E-02   0.0000000000E+00 +-    0.0000000000E+00   
vpotper v6                     2.50000000E-02  -5.4600032053E+02 +-    6.9711928363E+00   
vpotper v8                     2.50000000E-02  -5.4600032053E+02 +-    6.9711928363E+00   
vpotv6pr-vpotv6per diff        2.50000000E-02   0.0000000000E+00 +-    0.0000000000E+00   
vpotv8pr-vpotv8per diff        2.50000000E-02   0.0000000000E+00 +-    0.0000000000E+00   
2piapr-2pia diff               2.50000000E-02   0.0000000000E+00 +-    0.0000000000E+00   
vd1pr-vd1 diff                 2.50000000E-02   0.0000000000E+00 +-    0.0000000000E+00   
vepr-ve diff                   2.50000000E-02   0.0000000000E+00 +-    0.0000000000E+00   
diff1 2piapr-2pia-2picxx       2.50000000E-02   0.0000000000E+00 +-    0.0000000000E+00   
diff2 vd1pr-vd1-2picxd         2.50000000E-02   0.0000000000E+00 +-    0.0000000000E+00   
diff3 vepr-ve-2picdd           2.50000000E-02   0.0000000000E+00 +-    0.0000000000E+00   
sum diff1+dif2+diff3           2.50000000E-02   0.0000000000E+00 +-    0.0000000000E+00   
proton rms                     2.50000000E-02  -3.4706679479E-01 +-    2.5881486782E-02   
neutron rms                    2.50000000E-02  -4.2967852957E+00 +-    6.0733204487E-02   
total rms                      2.50000000E-02  -2.2888603358E+00 +-    4.1556208489E-02   
neutron-proton rms             2.50000000E-02  -3.9497185009E+00 +-    4.5184064956E-02   
GT sigXtau+                    2.50000000E-02  -1.3142238148E-03 +-    1.1370173510E-04   
GT sigYtau+                    2.50000000E-02  -1.2384366484E-02 +-    9.8839667701E-05   
GT sigZtau+                    2.50000000E-02  -2.0585108483E-02 +-    2.7188430473E-04   
GT sigXtau-                    2.50000000E-02   3.7655601522E-03 +-    2.1929179314E-04   
GT sigYtau-                    2.50000000E-02  -2.3661433827E-02 +-    1.9290746592E-04   
GT sigZtau-                    2.50000000E-02  -2.4331784475E-03 +-    1.7647142056E-04   
F tau+                         2.50000000E-02   3.5591159307E-18 +-    1.5364953472E-19   
F tau-                         2.50000000E-02   7.3389493644E-18 +-    5.7960450836E-19   
Psi**2                         2.50000000E-02   3.7805264762E-04 +-    3.3150212316E-06   
single crossing/step           2.50000000E-02   8.6268086769E-03 +-    4.4280568103E-05   
global crossing/step           2.50000000E-02   8.4232207608E-03 +-    8.7518885132E-05   
energy numerator(real)         2.50000000E-02   1.8482891891E+00 +-    9.8984139094E-01   
denominator psit/psigi(real)   2.50000000E-02  -5.4682472985E-03 +-    1.3586754896E-02   
energy numerator(aimag)        2.50000000E-02  -3.3332196023E-01 +-    6.7610092508E-01   
denominator psit/psigi(aimag)  2.50000000E-02   1.2106285632E-03 +-    8.9757896852E-03   
growth(lin dt) energy          2.50000000E-02  -2.6673565025E+02 +-    5.9333642760E+00   
growth(global) energy          2.50000000E-02  -2.5351420281E+02 +-    1.0994856026E+01
growth energy                  2.50000000E-02  -2.6640550922E+02 +-    5.9088863804E+00
Time for propagation (sec) (min) =          21.825      0.364
Time for energies (sec) (min) =              0.774      0.013
Time for load balancing (sec) (min) =        0.031      0.001
Time for block (sec) (min) =                23.181      0.386
Time for operators (sec) (min) =             0.031      0.001
Elapsed block time (sec) (min) =           230.893      3.848
 
 walkers multiplicity, block, total
   0          56705         532903
   1        1001699        9967116
   2          55593         522478
   3            395           4072
   4             76            726
   5             33            239
   6             10             88
   7              4             44
   8              5             33
   9              3             23
  10              1             13
  11              1              5
  12              1              5
  13              0              4
  14              0              4
  15              0              1
  17              0              1
  18              0              2
  19              0              1
  20              0              4
 
 

Time for steps      =     230.901 seconds,        3.848 minutes
Master Time for steps =     230.781 seconds,        3.846 minutes

Number of cpus =       100
Total job time =     235.937 seconds,        3.932 minutes,        0.066 hours
Total cpu-time =     393.228 minutes,        6.554 hours
Total time =         235.739 seconds,        3.929 minutes,        0.065 hours
Finished!
