Unconstrained Diffusion Monte Carlo Run -- no drift
!-!-!-!-!-!-!-!-!-!-!-!-!-!-!-!-!-!-!-!-!-!-!-!-!-!
MPI parameters:
Number of boss cpus =                         100
Number of worker cpus for each boss =           0
Total number of cpus =                        100
Simulation parameters:
random number seed =                          321
hbar^2/2m =                              20.73554
start from sites =                              F
nwalk =                                     10000
equilibration blocks =                          0
averaging blocks =                             10
nsteps/blocks =                               100
time step =                          0.0000250000
time step rotations (vmc) =          0.1700000000
trial energy =                          -26.00000
drift cutoff =                            0.00000
drastic population control up =           1.20000
drastic population control down =         0.80000
rebalance if walkers fluctuate more than   2.00 %
weight cut off =                         20.00000
table size =                                 8000
!-!-!-!-!-!-!-!-!-!-!-!-!-!-!-!-!-!-!-!-!-!-!-!-!-!
System parameters:
lpot =                                         11
lpotper =                                      11
potential  =                          argonne v6'
potentialpr =                         argonne v6'
Coulomb included in energy-propagation          F
multiply central v by =                   1.00000
multiply tau v by =                       1.00000
multiply sigma v by =                     1.00000
multiply sigma tau v by =                 1.00000
multiply tensor v by =                    1.00000
multiply tensor tau v by =                1.00000
multiply spin-orbit v by =                0.00000
multiply spin-orbit tau v by =            0.00000
three-body potential =                        no3
ibox (0 is nearest image) =                     0
!-!-!-!-!-!-!-!-!-!-!-!-!-!-!-!-!-!-!-!-!-!-!-!-!-!
propagate LS =                                  F
calculate LS =                                  F
type of correlations =           independent pair
scale orbital   1 with factor    1.14000
determinant # 1
coefficient                     1.00000   0.00000
1  1  0  1  alpha.orb    # 2J,2M,L,tau radial_file for state                    
1 -1  0  1  alpha.orb    # 2J,2M,L,tau radial_file for state                    
1  1  0 -1  alpha.orb    # 2J,2M,L,tau radial_file for state                    
1 -1  0 -1  alpha.orb    # 2J,2M,L,tau radial_file for state                    
rescaled coefficient            1.00000   0.00000
!-!-!-!-!-!-!-!-!-!-!-!-!-!-!-!-!-!-!-!-!-!-!-!-!-!
No external potential
!-!-!-!-!-!-!-!-!-!-!-!-!-!-!-!-!-!-!-!-!-!-!-!-!-!
rcut in pair sampling =                   1.00000
acut in pair sampling =                   5.00000
a constant in psig =                      0.20000
Number of protons =                             2
Number of neutrons =                            2
range of the potential =                 20.00000
!-!-!-!-!-!-!-!-!-!-!-!-!-!-!-!-!-!-!-!-!-!-!-!-!-!
do V3 =                                         F
three body force =                            no3
three body a2piPwa =                      0.000000000000000
three body a2piPwc =                      0.000000000000000
three body a2piSw =                       0.000000000000000
three body Vd,C,c3 =                      0.000000000000000
three body Ve,C,c3 =                      0.000000000000000
three body A_R =                          0.000000000000000
three body Vd1 =                          0.000000000000000
three body Vd2 =                          0.000000000000000
three body Ve =                           0.000000000000000
propagator: multiply the antic by =       0.000000000000000
propagator: multiply the Vd1 by =         0.000000000000000
propagator: multiply the Ve by =          0.000000000000000
propagator: three body a2piPW =           0.000000000000000
!-!-!-!-!-!-!-!-!-!-!-!-!-!-!-!-!-!-!-!-!-!-!-!-!-!
jastrow healing distance dc =             4.47768
jastrow healing distance dtn =           11.57317
jastrow rho =                             0.01000
potential quencher acn (v1) =             1.50851
potential quencher at  (v2) =             6.06936
potential quencher as  (v3) =             2.76780
potential quencher ast (v4) =             0.80880
potential quencher atn (v5) =             0.61864
potential quencher atn (v6) =             0.20141
potential quencher als (v7) =             0.00000
potential quencher alst (v8) =            0.00000
correlation quencher bt (f2) =            0.26685
correlation quencher bs (f3) =           -0.10565
correlation quencher bst (f4) =           0.42277
correlation quencher btn (f5) =           1.08683
correlation quencher btn (f6) =           4.44810
correlation quencher bls (f7) =           0.00000
correlation quencher blst (f8) =          0.00000
!-!-!-!-!-!-!-!-!-!-!-!-!-!-!-!-!-!-!-!-!-!-!-!-!-!
q1c parameter in f3c =                   12.87526
q2c parameter in f3c =                    1.60340
q1p parameter in f3p =                   -1.81620
q2p parameter in f3p =                    2.14789
!-!-!-!-!-!-!-!-!-!-!-!-!-!-!-!-!-!-!-!-!-!-!-!-!-!
rscal parameter in Uijk cent =            1.00000
rscal parameter in Uijk xpi =             1.00000
rscal parameter in Uijk delta =           1.00000
eps_c parameter in Uijk =                 0.00000
eps_anti parameter in Uijk =              0.00000
eps_tm parameter in Uijk =                0.00000
eps_vd1 parameter in Uijk =               0.00000
eps_vd2 parameter in Uijk =               0.00000
eps_vdc3 parameter in Uijk =              0.00000
eps_vec3 parameter in Uijk =              0.00000
eps_ve parameter in Uijk =                0.00000
eps_comm parameter in Uijk =              0.00000
eps_comm-XD parameter in Uijk =           0.00000
eps_comm-DD parameter in Uijk =           0.00000
TNI-comm correlation included =                 F
!-!-!-!-!-!-!-!-!-!-!-!-!-!-!-!-!-!-!-!-!-!-!-!-!-!
CSB correlation rscalpp =                 1.00000
CSB correlation rscalnn =                 1.00000
CSB correlation quencher pp =             0.00000
CSB correlation quencher nn =             0.00000
CSB correlation included =                      F
!-!-!-!-!-!-!-!-!-!-!-!-!-!-!-!-!-!-!-!-!-!-!-!-!-!
jastrow initialized
!-!-!-!-!-!-!-!-!-!-!-!-!-!-!-!-!-!-!-!-!-!-!-!-!-!
Symmetrize V6 in the propagator =               T
New propagation of Vlstau and commutator included!
Coulomb included in energy (and propag)         F
Initial walkers from file
Number of walkers =                          9026
Configurations at tau =              2.2375000000
Reset tau =                          0.0000000000
!-!-!-!-!-!-!-!-!-!-!-!-!-!-!-!-!-!-!-!-!-!-!-!-!-!
Time for reading configurations (sec.) =       0.74
!-!-!-!-!-!-!-!-!-!-!-!-!-!-!-!-!-!-!-!-!-!-!-!-!-!
Initial configurations:
total energy-propagated        0.00000000E+00  -2.6247588577E+01 +-    3.1992231052E-01   
kinetic energy                 0.00000000E+00   1.0308489261E+02 +-    1.6327167770E+00   
potential energy               0.00000000E+00  -1.2933248119E+02 +-    1.6015490448E+00   
v cent                         0.00000000E+00   1.5084851994E+01 +-    1.4691115804E+00   
v tau                          0.00000000E+00  -7.3913132380E+00 +-    2.2729678406E-01   
v sigma                        0.00000000E+00  -8.1412547503E+00 +-    2.3756114482E-01   
v sigtau                       0.00000000E+00  -5.8084614184E+01 +-    5.2863827207E-01   
v tensor                       0.00000000E+00   4.2521059768E-01 +-    1.3093666575E-01   
v tenstau                      0.00000000E+00  -7.1225361608E+01 +-    9.5776316808E-01   
v ls                           0.00000000E+00   0.0000000000E+00 +-    0.0000000000E+00   
v lstau                        0.00000000E+00   0.0000000000E+00 +-    0.0000000000E+00   
v coulomb                      0.00000000E+00   7.3100627342E-01 +-    2.8025303747E-03   
v external                     0.00000000E+00   0.0000000000E+00 +-    0.0000000000E+00   
tni 2pipr-anticomm             0.00000000E+00   0.0000000000E+00 +-    0.0000000000E+00   
tni vd1pr                      0.00000000E+00   0.0000000000E+00 +-    0.0000000000E+00   
tni vepr                       0.00000000E+00   0.0000000000E+00 +-    0.0000000000E+00   
tni central                    0.00000000E+00   0.0000000000E+00 +-    0.0000000000E+00   
tni 2pixx-anticommutator       0.00000000E+00   0.0000000000E+00 +-    0.0000000000E+00   
tni 2pixd-anticommutator       0.00000000E+00   0.0000000000E+00 +-    0.0000000000E+00   
tni 2pidd-anticommutator       0.00000000E+00   0.0000000000E+00 +-    0.0000000000E+00   
tni 2pixx-commutator           0.00000000E+00   0.0000000000E+00 +-    0.0000000000E+00   
tni 2pixd-commutator           0.00000000E+00   0.0000000000E+00 +-    0.0000000000E+00   
tni 2pidd-commutator           0.00000000E+00   0.0000000000E+00 +-    0.0000000000E+00   
tni 2pi-tm                     0.00000000E+00   0.0000000000E+00 +-    0.0000000000E+00   
tni vd1                        0.00000000E+00   0.0000000000E+00 +-    0.0000000000E+00   
tni vd2                        0.00000000E+00   0.0000000000E+00 +-    0.0000000000E+00   
tni ve                         0.00000000E+00   0.0000000000E+00 +-    0.0000000000E+00   
enetot v8+tni                  0.00000000E+00  -2.6247588577E+01 +-    3.1992231052E-01   
!-!-!-!-!-!-!-!-!-!-!-!-!-!-!-!-!-!-!-!-!-!-!-!-!-!
Psi**2 of initial configurations  =   0.2601478E-04  0.0000000E+00  +-    0.7044650E-06  0.0000000E+00
Psig**2 of initial configurations =   0.1688895E-04  0.0000000E+00  +-    0.5316426E-06  0.0000000E+00
!-!-!-!-!-!-!-!-!-!-!-!-!-!-!-!-!-!-!-!-!-!-!-!-!-!
T**2 of initial configurations  =  -0.1615203E-07 -0.6947222E-09
Tz of initial configurations    =  -0.1583088E-14 -0.1392482E-13
J**2 of initial configurations  =   0.3676532E-07 -0.3128033E-09
Jz of initial configurations    =  -0.2483098E-13  0.1576766E-13
!-!-!-!-!-!-!-!-!-!-!-!-!-!-!-!-!-!-!-!-!-!-!-!-!-!
!-!-!-!-!-!-!-!-!-!-!-!-!-!-!-!-!-!-!-!-!-!-!-!-!-!
Time to process initial configurations (sec.) =       1.55
!-!-!-!-!-!-!-!-!-!-!-!-!-!-!-!-!-!-!-!-!-!-!-!-!-!

equilibration done

iteration =                               1
walker number =                       10132
total energy-propagated        2.50000000E-03  -2.7569871006E+01 +-    3.2671173552E-01   
kinetic energy                 2.50000000E-03   9.5977393628E+01 +-    1.6727914008E+00   
potential energy               2.50000000E-03  -1.2354726463E+02 +-    1.6247405146E+00   
im energy                      2.50000000E-03   4.1497174151E-01 +-    2.1691804556E-01   
imkin energy                   2.50000000E-03  -1.3382809889E+00 +-    4.8898845849E-01   
impot energy                   2.50000000E-03   1.7532527304E+00 +-    4.6446231776E-01   
v cent                         2.50000000E-03   1.8149503483E+01 +-    1.4669388162E+00   
v tau                          2.50000000E-03  -7.2071525689E+00 +-    2.2096847984E-01   
v sigma                        2.50000000E-03  -7.7903126184E+00 +-    2.2860050605E-01   
v sigtau                       2.50000000E-03  -5.7670901134E+01 +-    4.8552105788E-01   
v tensor                       2.50000000E-03   1.6036036268E-01 +-    1.4005534227E-01   
v tenstau                      2.50000000E-03  -6.9188762159E+01 +-    9.9106469544E-01   
v ls                           2.50000000E-03   0.0000000000E+00 +-    0.0000000000E+00   
v lstau                        2.50000000E-03   0.0000000000E+00 +-    0.0000000000E+00   
vpot v6                        2.50000000E-03  -1.2354726463E+02 +-    1.6247405146E+00   
vpot v8                        2.50000000E-03  -1.2354726463E+02 +-    1.6247405146E+00   
v coulomb                      2.50000000E-03   7.3537796189E-01 +-    2.7260550228E-03   
v external                     2.50000000E-03   0.0000000000E+00 +-    0.0000000000E+00   
tni 2pipr-anticomm             2.50000000E-03   0.0000000000E+00 +-    0.0000000000E+00   
tni vd1pr                      2.50000000E-03   0.0000000000E+00 +-    0.0000000000E+00   
tni vepr                       2.50000000E-03   0.0000000000E+00 +-    0.0000000000E+00   
tni central                    2.50000000E-03   0.0000000000E+00 +-    0.0000000000E+00   
tni 2pixx-anticommutator       2.50000000E-03   0.0000000000E+00 +-    0.0000000000E+00   
tni 2pixd-anticommutator       2.50000000E-03   0.0000000000E+00 +-    0.0000000000E+00   
tni 2pidd-anticommutator       2.50000000E-03   0.0000000000E+00 +-    0.0000000000E+00   
tni 2pixx-commutator           2.50000000E-03   0.0000000000E+00 +-    0.0000000000E+00   
tni 2pixd-commutator           2.50000000E-03   0.0000000000E+00 +-    0.0000000000E+00   
tni 2pidd-commutator           2.50000000E-03   0.0000000000E+00 +-    0.0000000000E+00   
tni 2pi-tm                     2.50000000E-03   0.0000000000E+00 +-    0.0000000000E+00   
tni vd1                        2.50000000E-03   0.0000000000E+00 +-    0.0000000000E+00   
tni vd2                        2.50000000E-03   0.0000000000E+00 +-    0.0000000000E+00   
tni ve                         2.50000000E-03   0.0000000000E+00 +-    0.0000000000E+00   
vpottot v8+tni                 2.50000000E-03  -1.2354726463E+02 +-    1.6247405146E+00   
enetot v8+tni                  2.50000000E-03  -2.7569871006E+01 +-    3.2671173552E-01   
vper cent                      2.50000000E-03   1.8149503483E+01 +-    1.4669388162E+00   
vper tau                       2.50000000E-03  -7.2071525689E+00 +-    2.2096847984E-01   
vper sigma                     2.50000000E-03  -7.7903126184E+00 +-    2.2860050605E-01   
vper sigtau                    2.50000000E-03  -5.7670901134E+01 +-    4.8552105788E-01   
vper tensor                    2.50000000E-03   1.6036036268E-01 +-    1.4005534227E-01   
vper tenstau                   2.50000000E-03  -6.9188762159E+01 +-    9.9106469544E-01   
vper ls                        2.50000000E-03   0.0000000000E+00 +-    0.0000000000E+00   
vper lstau                     2.50000000E-03   0.0000000000E+00 +-    0.0000000000E+00   
vpotper v6                     2.50000000E-03  -1.2354726463E+02 +-    1.6247405146E+00   
vpotper v8                     2.50000000E-03  -1.2354726463E+02 +-    1.6247405146E+00   
vpotv6pr-vpotv6per diff        2.50000000E-03   0.0000000000E+00 +-    0.0000000000E+00   
vpotv8pr-vpotv8per diff        2.50000000E-03   0.0000000000E+00 +-    0.0000000000E+00   
2piapr-2pia diff               2.50000000E-03   0.0000000000E+00 +-    0.0000000000E+00   
vd1pr-vd1 diff                 2.50000000E-03   0.0000000000E+00 +-    0.0000000000E+00   
vepr-ve diff                   2.50000000E-03   0.0000000000E+00 +-    0.0000000000E+00   
diff1 2piapr-2pia-2picxx       2.50000000E-03   0.0000000000E+00 +-    0.0000000000E+00   
diff2 vd1pr-vd1-2picxd         2.50000000E-03   0.0000000000E+00 +-    0.0000000000E+00   
diff3 vepr-ve-2picdd           2.50000000E-03   0.0000000000E+00 +-    0.0000000000E+00   
sum diff1+dif2+diff3           2.50000000E-03   0.0000000000E+00 +-    0.0000000000E+00   
proton rms                     2.50000000E-03   2.1126740513E+00 +-    1.2308423199E-02   
neutron rms                    2.50000000E-03   2.1376845873E+00 +-    1.3913232222E-02   
total rms                      2.50000000E-03   2.1238574831E+00 +-    1.1756360213E-02   
neutron-proton rms             2.50000000E-03   2.5010535993E-02 +-    1.1023280537E-02   
GT sigXtau+                    2.50000000E-03   1.1424938210E-05 +-    2.2248255819E-05   
GT sigYtau+                    2.50000000E-03   9.5907415520E-05 +-    2.2484544320E-05   
GT sigZtau+                    2.50000000E-03  -7.4358453916E-05 +-    2.2242236750E-05   
GT sigXtau-                    2.50000000E-03  -1.8595777596E-05 +-    1.9157750636E-05   
GT sigYtau-                    2.50000000E-03   4.6048361333E-05 +-    2.0915641079E-05   
GT sigZtau-                    2.50000000E-03  -9.0996400816E-05 +-    2.0455751417E-05   
F tau+                         2.50000000E-03   9.4645907347E-20 +-    4.2080713948E-20   
F tau-                         2.50000000E-03   2.0573505463E-20 +-    3.9695754666E-20   
Psi**2                         2.50000000E-03   2.4089065968E-05 +-    5.9706521756E-07   
single crossing/step           2.50000000E-03   9.1699778866E-03 +-    4.6844543008E-05   
global crossing/step           2.50000000E-03   9.0337614009E-03 +-    9.2997016667E-05   
energy numerator(real)         2.50000000E-03  -2.6970054641E+01 +-    7.5477302435E-01   
denominator psit/psigi(real)   2.50000000E-03   9.7774395196E-01 +-    1.2120965402E-02   
energy numerator(aimag)        2.50000000E-03   3.4039025968E-01 +-    4.9241788587E-01   
denominator psit/psigi(aimag)  2.50000000E-03   1.6779026266E-02 +-    8.0471582708E-03   
growth(lin dt) energy          2.50000000E-03  -2.1421509079E+02 +-    5.0356266521E+00   
growth(global) energy          2.50000000E-03  -2.2442600911E+02 +-    1.1672089127E+01
growth energy                  2.50000000E-03  -2.1406352706E+02 +-    5.0214745235E+00
Time for propagation (sec) (min) =          20.685      0.345
Time for energies (sec) (min) =              0.708      0.012
Time for load balancing (sec) (min) =        0.069      0.001
Time for block (sec) (min) =                22.226      0.370
Time for operators (sec) (min) =             0.021      0.000
Elapsed block time (sec) (min) =            22.249      0.371
 
 walkers multiplicity, block, total
   0          42102          42102
   1         962316         962316
   2          42414          42414
   3            248            248
   4             50             50
   5             12             12
   6              7              7
   7              3              3
   8              0              0
   9              1              1
  10              3              3
  13              1              1
 
 

iteration =                               2
walker number =                       10701
total energy-propagated        5.00000000E-03  -2.8568549297E+01 +-    3.0172624616E-01   
kinetic energy                 5.00000000E-03   1.0363241104E+02 +-    1.5581542034E+00   
potential energy               5.00000000E-03  -1.3220096033E+02 +-    1.6235973748E+00   
im energy                      5.00000000E-03  -2.5252474173E-01 +-    2.0649564521E-01   
imkin energy                   5.00000000E-03  -1.1874597514E+00 +-    4.0397520284E-01   
impot energy                   5.00000000E-03   9.3493500969E-01 +-    4.0523196345E-01   
v cent                         5.00000000E-03   1.0291393708E+01 +-    1.2997112155E+00   
v tau                          5.00000000E-03  -8.0644998886E+00 +-    1.7852085123E-01   
v sigma                        5.00000000E-03  -6.2101938944E+00 +-    1.7588758805E-01   
v sigtau                       5.00000000E-03  -5.5803263147E+01 +-    4.3407588054E-01   
v tensor                       5.00000000E-03   4.9622479577E-01 +-    8.5512870009E-02   
v tenstau                      5.00000000E-03  -7.2910621907E+01 +-    9.5584306046E-01   
v ls                           5.00000000E-03   0.0000000000E+00 +-    0.0000000000E+00   
v lstau                        5.00000000E-03   0.0000000000E+00 +-    0.0000000000E+00   
vpot v6                        5.00000000E-03  -1.3220096033E+02 +-    1.6235973748E+00   
vpot v8                        5.00000000E-03  -1.3220096033E+02 +-    1.6235973748E+00   
v coulomb                      5.00000000E-03   7.3692718265E-01 +-    2.5575294818E-03   
v external                     5.00000000E-03   0.0000000000E+00 +-    0.0000000000E+00   
tni 2pipr-anticomm             5.00000000E-03   0.0000000000E+00 +-    0.0000000000E+00   
tni vd1pr                      5.00000000E-03   0.0000000000E+00 +-    0.0000000000E+00   
tni vepr                       5.00000000E-03   0.0000000000E+00 +-    0.0000000000E+00   
tni central                    5.00000000E-03   0.0000000000E+00 +-    0.0000000000E+00   
tni 2pixx-anticommutator       5.00000000E-03   0.0000000000E+00 +-    0.0000000000E+00   
tni 2pixd-anticommutator       5.00000000E-03   0.0000000000E+00 +-    0.0000000000E+00   
tni 2pidd-anticommutator       5.00000000E-03   0.0000000000E+00 +-    0.0000000000E+00   
tni 2pixx-commutator           5.00000000E-03   0.0000000000E+00 +-    0.0000000000E+00   
tni 2pixd-commutator           5.00000000E-03   0.0000000000E+00 +-    0.0000000000E+00   
tni 2pidd-commutator           5.00000000E-03   0.0000000000E+00 +-    0.0000000000E+00   
tni 2pi-tm                     5.00000000E-03   0.0000000000E+00 +-    0.0000000000E+00   
tni vd1                        5.00000000E-03   0.0000000000E+00 +-    0.0000000000E+00   
tni vd2                        5.00000000E-03   0.0000000000E+00 +-    0.0000000000E+00   
tni ve                         5.00000000E-03   0.0000000000E+00 +-    0.0000000000E+00   
vpottot v8+tni                 5.00000000E-03  -1.3220096033E+02 +-    1.6235973748E+00   
enetot v8+tni                  5.00000000E-03  -2.8568549297E+01 +-    3.0172624616E-01   
vper cent                      5.00000000E-03   1.0291393708E+01 +-    1.2997112155E+00   
vper tau                       5.00000000E-03  -8.0644998886E+00 +-    1.7852085123E-01   
vper sigma                     5.00000000E-03  -6.2101938944E+00 +-    1.7588758805E-01   
vper sigtau                    5.00000000E-03  -5.5803263147E+01 +-    4.3407588054E-01   
vper tensor                    5.00000000E-03   4.9622479577E-01 +-    8.5512870009E-02   
vper tenstau                   5.00000000E-03  -7.2910621907E+01 +-    9.5584306046E-01   
vper ls                        5.00000000E-03   0.0000000000E+00 +-    0.0000000000E+00   
vper lstau                     5.00000000E-03   0.0000000000E+00 +-    0.0000000000E+00   
vpotper v6                     5.00000000E-03  -1.3220096033E+02 +-    1.6235973748E+00   
vpotper v8                     5.00000000E-03  -1.3220096033E+02 +-    1.6235973748E+00   
vpotv6pr-vpotv6per diff        5.00000000E-03   0.0000000000E+00 +-    0.0000000000E+00   
vpotv8pr-vpotv8per diff        5.00000000E-03   0.0000000000E+00 +-    0.0000000000E+00   
2piapr-2pia diff               5.00000000E-03   0.0000000000E+00 +-    0.0000000000E+00   
vd1pr-vd1 diff                 5.00000000E-03   0.0000000000E+00 +-    0.0000000000E+00   
vepr-ve diff                   5.00000000E-03   0.0000000000E+00 +-    0.0000000000E+00   
diff1 2piapr-2pia-2picxx       5.00000000E-03   0.0000000000E+00 +-    0.0000000000E+00   
diff2 vd1pr-vd1-2picxd         5.00000000E-03   0.0000000000E+00 +-    0.0000000000E+00   
diff3 vepr-ve-2picdd           5.00000000E-03   0.0000000000E+00 +-    0.0000000000E+00   
sum diff1+dif2+diff3           5.00000000E-03   0.0000000000E+00 +-    0.0000000000E+00   
proton rms                     5.00000000E-03   2.0128258060E+00 +-    6.6007814223E-03   
neutron rms                    5.00000000E-03   2.1460743943E+00 +-    1.2596134136E-02   
total rms                      5.00000000E-03   2.0813501863E+00 +-    1.0176128778E-02   
neutron-proton rms             5.00000000E-03   1.3324858822E-01 +-    5.2076213144E-03   
GT sigXtau+                    5.00000000E-03  -3.2198126925E-05 +-    2.2148654310E-05   
GT sigYtau+                    5.00000000E-03  -5.3264960949E-06 +-    2.1032966344E-05   
GT sigZtau+                    5.00000000E-03   6.1449052669E-05 +-    1.9192280087E-05   
GT sigXtau-                    5.00000000E-03   1.4500918680E-04 +-    2.1780339767E-05   
GT sigYtau-                    5.00000000E-03   4.8930094030E-05 +-    2.2386348209E-05   
GT sigZtau-                    5.00000000E-03  -3.1012357615E-05 +-    2.0718635692E-05   
F tau+                         5.00000000E-03  -8.2089485289E-20 +-    3.6576947323E-20   
F tau-                         5.00000000E-03   4.5996928314E-20 +-    3.9327553088E-20   
Psi**2                         5.00000000E-03   2.3489221274E-05 +-    5.2341614875E-07   
single crossing/step           5.00000000E-03   7.6155591218E-03 +-    4.1852480687E-05   
global crossing/step           5.00000000E-03   7.4611990763E-03 +-    8.2858752553E-05   
energy numerator(real)         5.00000000E-03  -1.7248910500E+01 +-    7.8930704544E-01   
denominator psit/psigi(real)   5.00000000E-03   6.0377057305E-01 +-    1.3098827680E-02   
energy numerator(aimag)        5.00000000E-03   3.4756746653E-01 +-    5.2639099041E-01   
denominator psit/psigi(aimag)  5.00000000E-03  -1.2271349865E-02 +-    8.8354879968E-03   
growth(lin dt) energy          5.00000000E-03  -2.0017458773E+02 +-    5.0350796926E+00   
growth(global) energy          5.00000000E-03  -1.9874113785E+02 +-    1.1430089076E+01
growth energy                  5.00000000E-03  -2.0005915334E+02 +-    5.0226872071E+00
Time for propagation (sec) (min) =          21.551      0.359
Time for energies (sec) (min) =              0.748      0.012
Time for load balancing (sec) (min) =        0.026      0.000
Time for block (sec) (min) =                23.020      0.384
Time for operators (sec) (min) =             0.021      0.000
Elapsed block time (sec) (min) =            45.310      0.755
 
 walkers multiplicity, block, total
   0          46733          88835
   1         997027        1959343
   2          46598          89012
   3            255            503
   4             34             84
   5              9             21
   6              5             12
   7              4              7
   8              1              1
   9              0              1
  10              0              3
  13              0              1
 
 

iteration =                               3
walker number =                       10069
total energy-propagated        7.50000000E-03  -2.5451884330E+01 +-    3.2776693068E-01   
kinetic energy                 7.50000000E-03   9.9641885728E+01 +-    1.8274675840E+00   
potential energy               7.50000000E-03  -1.2509377006E+02 +-    1.8127040911E+00   
im energy                      7.50000000E-03  -2.5339410981E-01 +-    2.4963938604E-01   
imkin energy                   7.50000000E-03   1.7728917939E-01 +-    4.7692501183E-01   
impot energy                   7.50000000E-03  -4.3068328921E-01 +-    3.6955573978E-01   
v cent                         7.50000000E-03   1.3971223727E+01 +-    1.6382676336E+00   
v tau                          7.50000000E-03  -3.4338200590E+00 +-    2.3290916504E-01   
v sigma                        7.50000000E-03  -1.2172183601E+01 +-    2.5705001267E-01   
v sigtau                       7.50000000E-03  -6.0941563807E+01 +-    5.1062459593E-01   
v tensor                       7.50000000E-03  -5.9206979699E-01 +-    1.2959617918E-01   
v tenstau                      7.50000000E-03  -6.1925356520E+01 +-    8.0206555866E-01   
v ls                           7.50000000E-03   0.0000000000E+00 +-    0.0000000000E+00   
v lstau                        7.50000000E-03   0.0000000000E+00 +-    0.0000000000E+00   
vpot v6                        7.50000000E-03  -1.2509377006E+02 +-    1.8127040911E+00   
vpot v8                        7.50000000E-03  -1.2509377006E+02 +-    1.8127040911E+00   
v coulomb                      7.50000000E-03   7.5488511727E-01 +-    2.7500463438E-03   
v external                     7.50000000E-03   0.0000000000E+00 +-    0.0000000000E+00   
tni 2pipr-anticomm             7.50000000E-03   0.0000000000E+00 +-    0.0000000000E+00   
tni vd1pr                      7.50000000E-03   0.0000000000E+00 +-    0.0000000000E+00   
tni vepr                       7.50000000E-03   0.0000000000E+00 +-    0.0000000000E+00   
tni central                    7.50000000E-03   0.0000000000E+00 +-    0.0000000000E+00   
tni 2pixx-anticommutator       7.50000000E-03   0.0000000000E+00 +-    0.0000000000E+00   
tni 2pixd-anticommutator       7.50000000E-03   0.0000000000E+00 +-    0.0000000000E+00   
tni 2pidd-anticommutator       7.50000000E-03   0.0000000000E+00 +-    0.0000000000E+00   
tni 2pixx-commutator           7.50000000E-03   0.0000000000E+00 +-    0.0000000000E+00   
tni 2pixd-commutator           7.50000000E-03   0.0000000000E+00 +-    0.0000000000E+00   
tni 2pidd-commutator           7.50000000E-03   0.0000000000E+00 +-    0.0000000000E+00   
tni 2pi-tm                     7.50000000E-03   0.0000000000E+00 +-    0.0000000000E+00   
tni vd1                        7.50000000E-03   0.0000000000E+00 +-    0.0000000000E+00   
tni vd2                        7.50000000E-03   0.0000000000E+00 +-    0.0000000000E+00   
tni ve                         7.50000000E-03   0.0000000000E+00 +-    0.0000000000E+00   
vpottot v8+tni                 7.50000000E-03  -1.2509377006E+02 +-    1.8127040911E+00   
enetot v8+tni                  7.50000000E-03  -2.5451884330E+01 +-    3.2776693068E-01   
vper cent                      7.50000000E-03   1.3971223727E+01 +-    1.6382676336E+00   
vper tau                       7.50000000E-03  -3.4338200590E+00 +-    2.3290916504E-01   
vper sigma                     7.50000000E-03  -1.2172183601E+01 +-    2.5705001267E-01   
vper sigtau                    7.50000000E-03  -6.0941563807E+01 +-    5.1062459593E-01   
vper tensor                    7.50000000E-03  -5.9206979699E-01 +-    1.2959617918E-01   
vper tenstau                   7.50000000E-03  -6.1925356520E+01 +-    8.0206555866E-01   
vper ls                        7.50000000E-03   0.0000000000E+00 +-    0.0000000000E+00   
vper lstau                     7.50000000E-03   0.0000000000E+00 +-    0.0000000000E+00   
vpotper v6                     7.50000000E-03  -1.2509377006E+02 +-    1.8127040911E+00   
vpotper v8                     7.50000000E-03  -1.2509377006E+02 +-    1.8127040911E+00   
vpotv6pr-vpotv6per diff        7.50000000E-03   0.0000000000E+00 +-    0.0000000000E+00   
vpotv8pr-vpotv8per diff        7.50000000E-03   0.0000000000E+00 +-    0.0000000000E+00   
2piapr-2pia diff               7.50000000E-03   0.0000000000E+00 +-    0.0000000000E+00   
vd1pr-vd1 diff                 7.50000000E-03   0.0000000000E+00 +-    0.0000000000E+00   
vepr-ve diff                   7.50000000E-03   0.0000000000E+00 +-    0.0000000000E+00   
diff1 2piapr-2pia-2picxx       7.50000000E-03   0.0000000000E+00 +-    0.0000000000E+00   
diff2 vd1pr-vd1-2picxd         7.50000000E-03   0.0000000000E+00 +-    0.0000000000E+00   
diff3 vepr-ve-2picdd           7.50000000E-03   0.0000000000E+00 +-    0.0000000000E+00   
sum diff1+dif2+diff3           7.50000000E-03   0.0000000000E+00 +-    0.0000000000E+00   
proton rms                     7.50000000E-03   2.0568488065E+00 +-    1.0144378711E-02   
neutron rms                    7.50000000E-03   2.1332435268E+00 +-    1.2815957880E-02   
total rms                      7.50000000E-03   2.0971091991E+00 +-    1.0754275463E-02   
neutron-proton rms             7.50000000E-03   7.6394720298E-02 +-    1.2564268381E-02   
GT sigXtau+                    7.50000000E-03  -2.5335198964E-04 +-    2.2182834914E-05   
GT sigYtau+                    7.50000000E-03  -3.1917544668E-04 +-    1.7367304068E-05   
GT sigZtau+                    7.50000000E-03   1.2906522543E-04 +-    2.1666886516E-05   
GT sigXtau-                    7.50000000E-03  -1.1126415242E-04 +-    2.4118021094E-05   
GT sigYtau-                    7.50000000E-03   2.6704699759E-04 +-    2.6016895045E-05   
GT sigZtau-                    7.50000000E-03  -1.1962304690E-04 +-    2.2370364009E-05   
F tau+                         7.50000000E-03  -2.7785174097E-19 +-    3.9809225472E-20   
F tau-                         7.50000000E-03   4.7805201527E-20 +-    4.4141849581E-20   
Psi**2                         7.50000000E-03   2.7810797438E-05 +-    7.4016620150E-07   
single crossing/step           7.50000000E-03   7.1271321146E-03 +-    3.9960237919E-05   
global crossing/step           7.50000000E-03   6.9114045848E-03 +-    7.8710195385E-05   
energy numerator(real)         7.50000000E-03  -1.0143739978E+01 +-    8.6527629458E-01   
denominator psit/psigi(real)   7.50000000E-03   3.9673387479E-01 +-    1.3941000528E-02   
energy numerator(aimag)        7.50000000E-03  -3.8485675967E-01 +-    5.6285866102E-01   
denominator psit/psigi(aimag)  7.50000000E-03  -2.0296077474E-02 +-    9.3366860788E-03   
growth(lin dt) energy          7.50000000E-03  -2.2498732986E+02 +-    5.3719191253E+00   
growth(global) energy          7.50000000E-03  -2.2567237941E+02 +-    1.0215778096E+01
growth energy                  7.50000000E-03  -2.2480472381E+02 +-    5.3553612547E+00
Time for propagation (sec) (min) =          22.146      0.369
Time for energies (sec) (min) =              0.705      0.012
Time for load balancing (sec) (min) =        0.036      0.001
Time for block (sec) (min) =                23.521      0.392
Time for operators (sec) (min) =             0.023      0.000
Elapsed block time (sec) (min) =            68.853      1.148
 
 walkers multiplicity, block, total
   0          51360         140195
   1        1030510        2989853
   2          49629         138641
   3            333            836
   4             60            144
   5             22             43
   6              9             21
   7              5             12
   8              0              1
   9              2              3
  10              1              4
  13              1              2
  16              1              1
  20              2              2
 
 

iteration =                               4
walker number =                       10809
total energy-propagated        1.00000000E-02  -2.6699782026E+01 +-    1.7344891805E-01   
kinetic energy                 1.00000000E-02   9.4240446662E+01 +-    1.5418504736E+00   
potential energy               1.00000000E-02  -1.2094022869E+02 +-    1.6827266154E+00   
im energy                      1.00000000E-02  -2.4843967365E+00 +-    1.0820276296E-01   
imkin energy                   1.00000000E-02   2.6654709422E+00 +-    6.2758341393E-01   
impot energy                   1.00000000E-02  -5.1498676787E+00 +-    5.0214275683E-01   
v cent                         1.00000000E-02  -7.4753232922E+00 +-    1.3366104951E+00   
v tau                          1.00000000E-02  -5.0107609702E-01 +-    1.4841469678E-01   
v sigma                        1.00000000E-02  -8.3022282785E+00 +-    3.2485221444E-01   
v sigtau                       1.00000000E-02  -5.0388338950E+01 +-    4.2167695286E-01   
v tensor                       1.00000000E-02  -2.2431973680E+00 +-    1.3791241229E-01   
v tenstau                      1.00000000E-02  -5.2030064702E+01 +-    8.9128771856E-01   
v ls                           1.00000000E-02   0.0000000000E+00 +-    0.0000000000E+00   
v lstau                        1.00000000E-02   0.0000000000E+00 +-    0.0000000000E+00   
vpot v6                        1.00000000E-02  -1.2094022869E+02 +-    1.6827266154E+00   
vpot v8                        1.00000000E-02  -1.2094022869E+02 +-    1.6827266154E+00   
v coulomb                      1.00000000E-02   7.1031225358E-01 +-    2.2078865818E-03   
v external                     1.00000000E-02   0.0000000000E+00 +-    0.0000000000E+00   
tni 2pipr-anticomm             1.00000000E-02   0.0000000000E+00 +-    0.0000000000E+00   
tni vd1pr                      1.00000000E-02   0.0000000000E+00 +-    0.0000000000E+00   
tni vepr                       1.00000000E-02   0.0000000000E+00 +-    0.0000000000E+00   
tni central                    1.00000000E-02   0.0000000000E+00 +-    0.0000000000E+00   
tni 2pixx-anticommutator       1.00000000E-02   0.0000000000E+00 +-    0.0000000000E+00   
tni 2pixd-anticommutator       1.00000000E-02   0.0000000000E+00 +-    0.0000000000E+00   
tni 2pidd-anticommutator       1.00000000E-02   0.0000000000E+00 +-    0.0000000000E+00   
tni 2pixx-commutator           1.00000000E-02   0.0000000000E+00 +-    0.0000000000E+00   
tni 2pixd-commutator           1.00000000E-02   0.0000000000E+00 +-    0.0000000000E+00   
tni 2pidd-commutator           1.00000000E-02   0.0000000000E+00 +-    0.0000000000E+00   
tni 2pi-tm                     1.00000000E-02   0.0000000000E+00 +-    0.0000000000E+00   
tni vd1                        1.00000000E-02   0.0000000000E+00 +-    0.0000000000E+00   
tni vd2                        1.00000000E-02   0.0000000000E+00 +-    0.0000000000E+00   
tni ve                         1.00000000E-02   0.0000000000E+00 +-    0.0000000000E+00   
vpottot v8+tni                 1.00000000E-02  -1.2094022869E+02 +-    1.6827266154E+00   
enetot v8+tni                  1.00000000E-02  -2.6699782026E+01 +-    1.7344891805E-01   
vper cent                      1.00000000E-02  -7.4753232922E+00 +-    1.3366104951E+00   
vper tau                       1.00000000E-02  -5.0107609702E-01 +-    1.4841469678E-01   
vper sigma                     1.00000000E-02  -8.3022282785E+00 +-    3.2485221444E-01   
vper sigtau                    1.00000000E-02  -5.0388338950E+01 +-    4.2167695286E-01   
vper tensor                    1.00000000E-02  -2.2431973680E+00 +-    1.3791241229E-01   
vper tenstau                   1.00000000E-02  -5.2030064702E+01 +-    8.9128771856E-01   
vper ls                        1.00000000E-02   0.0000000000E+00 +-    0.0000000000E+00   
vper lstau                     1.00000000E-02   0.0000000000E+00 +-    0.0000000000E+00   
vpotper v6                     1.00000000E-02  -1.2094022869E+02 +-    1.6827266154E+00   
vpotper v8                     1.00000000E-02  -1.2094022869E+02 +-    1.6827266154E+00   
vpotv6pr-vpotv6per diff        1.00000000E-02   0.0000000000E+00 +-    0.0000000000E+00   
vpotv8pr-vpotv8per diff        1.00000000E-02   0.0000000000E+00 +-    0.0000000000E+00   
2piapr-2pia diff               1.00000000E-02   0.0000000000E+00 +-    0.0000000000E+00   
vd1pr-vd1 diff                 1.00000000E-02   0.0000000000E+00 +-    0.0000000000E+00   
vepr-ve diff                   1.00000000E-02   0.0000000000E+00 +-    0.0000000000E+00   
diff1 2piapr-2pia-2picxx       1.00000000E-02   0.0000000000E+00 +-    0.0000000000E+00   
diff2 vd1pr-vd1-2picxd         1.00000000E-02   0.0000000000E+00 +-    0.0000000000E+00   
diff3 vepr-ve-2picdd           1.00000000E-02   0.0000000000E+00 +-    0.0000000000E+00   
sum diff1+dif2+diff3           1.00000000E-02   0.0000000000E+00 +-    0.0000000000E+00   
proton rms                     1.00000000E-02   2.2534998424E+00 +-    1.0945003960E-02   
neutron rms                    1.00000000E-02   2.2317390858E+00 +-    1.3539772917E-02   
total rms                      1.00000000E-02   2.2456831685E+00 +-    1.1257022821E-02   
neutron-proton rms             1.00000000E-02  -2.1760756629E-02 +-    1.1046612959E-02   
GT sigXtau+                    1.00000000E-02  -1.7916159611E-04 +-    2.7263405175E-05   
GT sigYtau+                    1.00000000E-02  -3.2962726896E-04 +-    2.3903540738E-05   
GT sigZtau+                    1.00000000E-02  -2.2228711300E-04 +-    2.0584939028E-05   
GT sigXtau-                    1.00000000E-02  -2.4229272940E-04 +-    2.2194348986E-05   
GT sigYtau-                    1.00000000E-02   5.3710617229E-04 +-    1.8011981606E-05   
GT sigZtau-                    1.00000000E-02   8.8196223789E-05 +-    2.4394156345E-05   
F tau+                         1.00000000E-02   1.8204771902E-19 +-    5.4313382162E-20   
F tau-                         1.00000000E-02   4.7662191910E-20 +-    6.6805915073E-20   
Psi**2                         1.00000000E-02   1.9659674153E-05 +-    5.7444294730E-07   
single crossing/step           1.00000000E-02   6.6364089582E-03 +-    3.9043281461E-05   
global crossing/step           1.00000000E-02   6.5096928568E-03 +-    7.7342407021E-05   
energy numerator(real)         1.00000000E-02  -5.9558582296E+00 +-    8.4379887197E-01   
denominator psit/psigi(real)   1.00000000E-02   2.1828476875E-01 +-    1.3547128783E-02   
energy numerator(aimag)        1.00000000E-02  -3.0774345587E-01 +-    5.8930009285E-01   
denominator psit/psigi(aimag)  1.00000000E-02  -2.7058416617E-02 +-    9.0372545872E-03   
growth(lin dt) energy          1.00000000E-02  -2.1609133433E+02 +-    5.2805926050E+00   
growth(global) energy          1.00000000E-02  -2.0922344122E+02 +-    1.2149967676E+01
growth energy                  1.00000000E-02  -2.1593457128E+02 +-    5.2654896573E+00
Time for propagation (sec) (min) =          21.618      0.360
Time for energies (sec) (min) =              0.757      0.013
Time for load balancing (sec) (min) =        0.028      0.000
Time for block (sec) (min) =                22.971      0.383
Time for operators (sec) (min) =             0.019      0.000
Elapsed block time (sec) (min) =            91.852      1.531
 
 walkers multiplicity, block, total
   0          49297         189492
   1         994429        3984282
   2          49081         187722
   3            346           1182
   4             50            194
   5             11             54
   6              4             25
   7              2             14
   8              3              4
   9              1              4
  10              1              5
  13              0              2
  16              0              1
  20              0              2
 
 

iteration =                               5
walker number =                       10250
total energy-propagated        1.25000000E-02  -2.8579143309E+01 +-    5.3065372333E-01   
kinetic energy                 1.25000000E-02   7.4872828160E+01 +-    2.8399199445E+00   
potential energy               1.25000000E-02  -1.0345197147E+02 +-    2.9197290920E+00   
im energy                      1.25000000E-02  -7.5103015316E+00 +-    2.9484121886E-01   
imkin energy                   1.25000000E-02  -1.4846492106E+01 +-    6.6321944603E-01   
impot energy                   1.25000000E-02   7.3361905748E+00 +-    7.5002806910E-01   
v cent                         1.25000000E-02   2.8298162445E+01 +-    2.7329383914E+00   
v tau                          1.25000000E-02  -5.5108506489E+00 +-    3.9132400687E-01   
v sigma                        1.25000000E-02  -9.3364713083E+00 +-    3.5812538479E-01   
v sigtau                       1.25000000E-02  -5.3077519709E+01 +-    3.9703568523E-01   
v tensor                       1.25000000E-02  -3.3568038487E-01 +-    1.6426696400E-01   
v tenstau                      1.25000000E-02  -6.3489611863E+01 +-    1.2119750877E+00   
v ls                           1.25000000E-02   0.0000000000E+00 +-    0.0000000000E+00   
v lstau                        1.25000000E-02   0.0000000000E+00 +-    0.0000000000E+00   
vpot v6                        1.25000000E-02  -1.0345197147E+02 +-    2.9197290920E+00   
vpot v8                        1.25000000E-02  -1.0345197147E+02 +-    2.9197290920E+00   
v coulomb                      1.25000000E-02   6.1209990704E-01 +-    3.6960801752E-03   
v external                     1.25000000E-02   0.0000000000E+00 +-    0.0000000000E+00   
tni 2pipr-anticomm             1.25000000E-02   0.0000000000E+00 +-    0.0000000000E+00   
tni vd1pr                      1.25000000E-02   0.0000000000E+00 +-    0.0000000000E+00   
tni vepr                       1.25000000E-02   0.0000000000E+00 +-    0.0000000000E+00   
tni central                    1.25000000E-02   0.0000000000E+00 +-    0.0000000000E+00   
tni 2pixx-anticommutator       1.25000000E-02   0.0000000000E+00 +-    0.0000000000E+00   
tni 2pixd-anticommutator       1.25000000E-02   0.0000000000E+00 +-    0.0000000000E+00   
tni 2pidd-anticommutator       1.25000000E-02   0.0000000000E+00 +-    0.0000000000E+00   
tni 2pixx-commutator           1.25000000E-02   0.0000000000E+00 +-    0.0000000000E+00   
tni 2pixd-commutator           1.25000000E-02   0.0000000000E+00 +-    0.0000000000E+00   
tni 2pidd-commutator           1.25000000E-02   0.0000000000E+00 +-    0.0000000000E+00   
tni 2pi-tm                     1.25000000E-02   0.0000000000E+00 +-    0.0000000000E+00   
tni vd1                        1.25000000E-02   0.0000000000E+00 +-    0.0000000000E+00   
tni vd2                        1.25000000E-02   0.0000000000E+00 +-    0.0000000000E+00   
tni ve                         1.25000000E-02   0.0000000000E+00 +-    0.0000000000E+00   
vpottot v8+tni                 1.25000000E-02  -1.0345197147E+02 +-    2.9197290920E+00   
enetot v8+tni                  1.25000000E-02  -2.8579143309E+01 +-    5.3065372333E-01   
vper cent                      1.25000000E-02   2.8298162445E+01 +-    2.7329383914E+00   
vper tau                       1.25000000E-02  -5.5108506489E+00 +-    3.9132400687E-01   
vper sigma                     1.25000000E-02  -9.3364713083E+00 +-    3.5812538479E-01   
vper sigtau                    1.25000000E-02  -5.3077519709E+01 +-    3.9703568523E-01   
vper tensor                    1.25000000E-02  -3.3568038487E-01 +-    1.6426696400E-01   
vper tenstau                   1.25000000E-02  -6.3489611863E+01 +-    1.2119750877E+00   
vper ls                        1.25000000E-02   0.0000000000E+00 +-    0.0000000000E+00   
vper lstau                     1.25000000E-02   0.0000000000E+00 +-    0.0000000000E+00   
vpotper v6                     1.25000000E-02  -1.0345197147E+02 +-    2.9197290920E+00   
vpotper v8                     1.25000000E-02  -1.0345197147E+02 +-    2.9197290920E+00   
vpotv6pr-vpotv6per diff        1.25000000E-02   0.0000000000E+00 +-    0.0000000000E+00   
vpotv8pr-vpotv8per diff        1.25000000E-02   0.0000000000E+00 +-    0.0000000000E+00   
2piapr-2pia diff               1.25000000E-02   0.0000000000E+00 +-    0.0000000000E+00   
vd1pr-vd1 diff                 1.25000000E-02   0.0000000000E+00 +-    0.0000000000E+00   
vepr-ve diff                   1.25000000E-02   0.0000000000E+00 +-    0.0000000000E+00   
diff1 2piapr-2pia-2picxx       1.25000000E-02   0.0000000000E+00 +-    0.0000000000E+00   
diff2 vd1pr-vd1-2picxd         1.25000000E-02   0.0000000000E+00 +-    0.0000000000E+00   
diff3 vepr-ve-2picdd           1.25000000E-02   0.0000000000E+00 +-    0.0000000000E+00   
sum diff1+dif2+diff3           1.25000000E-02   0.0000000000E+00 +-    0.0000000000E+00   
proton rms                     1.25000000E-02   2.4180714820E+00 +-    1.8631685857E-02   
neutron rms                    1.25000000E-02   2.2276556054E+00 +-    1.6768445252E-02   
total rms                      1.25000000E-02   2.3114274233E+00 +-    1.5070374217E-02   
neutron-proton rms             1.25000000E-02  -1.9041587657E-01 +-    1.7481207097E-02   
GT sigXtau+                    1.25000000E-02   1.6574772525E-04 +-    1.9672987564E-05   
GT sigYtau+                    1.25000000E-02  -4.7522624262E-04 +-    2.5470244722E-05   
GT sigZtau+                    1.25000000E-02   3.0651252642E-04 +-    3.2262601135E-05   
GT sigXtau-                    1.25000000E-02  -7.0304774231E-04 +-    3.2575360529E-05   
GT sigYtau-                    1.25000000E-02   2.2249972161E-04 +-    2.2346728476E-05   
GT sigZtau-                    1.25000000E-02  -9.7282757402E-04 +-    3.1770761158E-05   
F tau+                         1.25000000E-02  -2.9626586698E-19 +-    5.2405619086E-20   
F tau-                         1.25000000E-02  -1.3536050256E-19 +-    3.9259587371E-20   
Psi**2                         1.25000000E-02   3.1736618535E-05 +-    1.1095477903E-06   
single crossing/step           1.25000000E-02   7.1562274230E-03 +-    4.0252987862E-05   
global crossing/step           1.25000000E-02   7.0157482613E-03 +-    7.9717518651E-05   
energy numerator(real)         1.25000000E-02  -3.3960012652E+00 +-    9.3914233730E-01   
denominator psit/psigi(real)   1.25000000E-02   1.1031775826E-01 +-    1.3931369857E-02   
energy numerator(aimag)        1.25000000E-02   5.1760921834E-01 +-    6.6086613016E-01   
denominator psit/psigi(aimag)  1.25000000E-02  -4.1006181649E-02 +-    9.5279602254E-03   
growth(lin dt) energy          1.25000000E-02  -2.3652430412E+02 +-    5.5087272380E+00   
growth(global) energy          1.25000000E-02  -2.3164612204E+02 +-    1.2502178780E+01
growth energy                  1.25000000E-02  -2.3630525417E+02 +-    5.4901597094E+00
Time for propagation (sec) (min) =          21.931      0.366
Time for energies (sec) (min) =              0.718      0.012
Time for load balancing (sec) (min) =        0.029      0.000
Time for block (sec) (min) =                23.244      0.387
Time for operators (sec) (min) =             0.020      0.000
Elapsed block time (sec) (min) =           115.115      1.919
 
 walkers multiplicity, block, total
   0          53174         242666
   1        1015198        4999480
   2          51530         239252
   3            353           1535
   4             51            245
   5             14             68
   6              8             33
   7              7             21
   8              2              6
   9              3              7
  10              0              5
  11              1              1
  13              0              2
  14              2              2
  15              1              1
  16              0              1
  20              0              2
 
 

iteration =                               6
walker number =                       10165
total energy-propagated        1.50000000E-02   1.2558883869E+00 +-    1.5532278842E+00   
kinetic energy                 1.50000000E-02   9.4493801266E+01 +-    1.5937070311E+00   
potential energy               1.50000000E-02  -9.3237912879E+01 +-    1.9747814109E+00   
im energy                      1.50000000E-02  -1.5640751733E+01 +-    1.4205874689E+00   
imkin energy                   1.50000000E-02  -4.8427819140E+01 +-    2.2536537872E+00   
impot energy                   1.50000000E-02   3.2787067407E+01 +-    1.2558644522E+00   
v cent                         1.50000000E-02   5.0375792553E+01 +-    3.0588266039E+00   
v tau                          1.50000000E-02  -5.6452368155E-01 +-    5.3095824398E-01   
v sigma                        1.50000000E-02  -6.3570216154E+00 +-    4.6459055236E-01   
v sigtau                       1.50000000E-02  -2.7928549747E+01 +-    9.7772531120E-01   
v tensor                       1.50000000E-02  -6.1287940687E+00 +-    3.1025077682E-01   
v tenstau                      1.50000000E-02  -1.0263481632E+02 +-    2.2051974447E+00   
v ls                           1.50000000E-02   0.0000000000E+00 +-    0.0000000000E+00   
v lstau                        1.50000000E-02   0.0000000000E+00 +-    0.0000000000E+00   
vpot v6                        1.50000000E-02  -9.3237912879E+01 +-    1.9747814109E+00   
vpot v8                        1.50000000E-02  -9.3237912879E+01 +-    1.9747814109E+00   
v coulomb                      1.50000000E-02   3.7836870537E-01 +-    2.5638607918E-03   
v external                     1.50000000E-02   0.0000000000E+00 +-    0.0000000000E+00   
tni 2pipr-anticomm             1.50000000E-02   0.0000000000E+00 +-    0.0000000000E+00   
tni vd1pr                      1.50000000E-02   0.0000000000E+00 +-    0.0000000000E+00   
tni vepr                       1.50000000E-02   0.0000000000E+00 +-    0.0000000000E+00   
tni central                    1.50000000E-02   0.0000000000E+00 +-    0.0000000000E+00   
tni 2pixx-anticommutator       1.50000000E-02   0.0000000000E+00 +-    0.0000000000E+00   
tni 2pixd-anticommutator       1.50000000E-02   0.0000000000E+00 +-    0.0000000000E+00   
tni 2pidd-anticommutator       1.50000000E-02   0.0000000000E+00 +-    0.0000000000E+00   
tni 2pixx-commutator           1.50000000E-02   0.0000000000E+00 +-    0.0000000000E+00   
tni 2pixd-commutator           1.50000000E-02   0.0000000000E+00 +-    0.0000000000E+00   
tni 2pidd-commutator           1.50000000E-02   0.0000000000E+00 +-    0.0000000000E+00   
tni 2pi-tm                     1.50000000E-02   0.0000000000E+00 +-    0.0000000000E+00   
tni vd1                        1.50000000E-02   0.0000000000E+00 +-    0.0000000000E+00   
tni vd2                        1.50000000E-02   0.0000000000E+00 +-    0.0000000000E+00   
tni ve                         1.50000000E-02   0.0000000000E+00 +-    0.0000000000E+00   
vpottot v8+tni                 1.50000000E-02  -9.3237912879E+01 +-    1.9747814109E+00   
enetot v8+tni                  1.50000000E-02   1.2558883869E+00 +-    1.5532278842E+00   
vper cent                      1.50000000E-02   5.0375792553E+01 +-    3.0588266039E+00   
vper tau                       1.50000000E-02  -5.6452368155E-01 +-    5.3095824398E-01   
vper sigma                     1.50000000E-02  -6.3570216154E+00 +-    4.6459055236E-01   
vper sigtau                    1.50000000E-02  -2.7928549747E+01 +-    9.7772531120E-01   
vper tensor                    1.50000000E-02  -6.1287940687E+00 +-    3.1025077682E-01   
vper tenstau                   1.50000000E-02  -1.0263481632E+02 +-    2.2051974447E+00   
vper ls                        1.50000000E-02   0.0000000000E+00 +-    0.0000000000E+00   
vper lstau                     1.50000000E-02   0.0000000000E+00 +-    0.0000000000E+00   
vpotper v6                     1.50000000E-02  -9.3237912879E+01 +-    1.9747814109E+00   
vpotper v8                     1.50000000E-02  -9.3237912879E+01 +-    1.9747814109E+00   
vpotv6pr-vpotv6per diff        1.50000000E-02   0.0000000000E+00 +-    0.0000000000E+00   
vpotv8pr-vpotv8per diff        1.50000000E-02   0.0000000000E+00 +-    0.0000000000E+00   
2piapr-2pia diff               1.50000000E-02   0.0000000000E+00 +-    0.0000000000E+00   
vd1pr-vd1 diff                 1.50000000E-02   0.0000000000E+00 +-    0.0000000000E+00   
vepr-ve diff                   1.50000000E-02   0.0000000000E+00 +-    0.0000000000E+00   
diff1 2piapr-2pia-2picxx       1.50000000E-02   0.0000000000E+00 +-    0.0000000000E+00   
diff2 vd1pr-vd1-2picxd         1.50000000E-02   0.0000000000E+00 +-    0.0000000000E+00   
diff3 vepr-ve-2picdd           1.50000000E-02   0.0000000000E+00 +-    0.0000000000E+00   
sum diff1+dif2+diff3           1.50000000E-02   0.0000000000E+00 +-    0.0000000000E+00   
proton rms                     1.50000000E-02   3.4946374429E+00 +-    2.5220498017E-02   
neutron rms                    1.50000000E-02   2.9693392390E+00 +-    1.9750562908E-02   
total rms                      1.50000000E-02   3.2461112380E+00 +-    2.0507581493E-02   
neutron-proton rms             1.50000000E-02  -5.2529820390E-01 +-    2.0397259261E-02   
GT sigXtau+                    1.50000000E-02   9.4267405474E-04 +-    5.3600567262E-05   
GT sigYtau+                    1.50000000E-02   1.6758548309E-03 +-    4.0393402310E-05   
GT sigZtau+                    1.50000000E-02  -4.2550346415E-04 +-    3.1160680993E-05   
GT sigXtau-                    1.50000000E-02  -3.2446603766E-04 +-    3.6724370865E-05   
GT sigYtau-                    1.50000000E-02  -1.3069944611E-03 +-    3.7078547190E-05   
GT sigZtau-                    1.50000000E-02   3.4584306775E-05 +-    2.9003435277E-05   
F tau+                         1.50000000E-02   8.6563206878E-19 +-    5.3521699806E-20   
F tau-                         1.50000000E-02  -2.4875520313E-18 +-    6.9301317336E-20   
Psi**2                         1.50000000E-02  -8.9950569417E-06 +-    1.9702554973E-06   
single crossing/step           1.50000000E-02   7.8764615222E-03 +-    4.2184344728E-05   
global crossing/step           1.50000000E-02   7.7206994174E-03 +-    8.3536858045E-05   
energy numerator(real)         1.50000000E-02  -6.9897683961E-01 +-    1.0228612917E+00   
denominator psit/psigi(real)   1.50000000E-02   3.5047651461E-02 +-    1.4154230590E-02   
energy numerator(aimag)        1.50000000E-02  -8.2453284068E-01 +-    7.3337918117E-01   
denominator psit/psigi(aimag)  1.50000000E-02  -3.3267406442E-02 +-    9.6340909591E-03   
growth(lin dt) energy          1.50000000E-02  -2.5266269820E+02 +-    5.8443056949E+00   
growth(global) energy          1.50000000E-02  -2.4574926526E+02 +-    1.1637638014E+01
growth energy                  1.50000000E-02  -2.5238712332E+02 +-    5.8222416145E+00
Time for propagation (sec) (min) =          21.964      0.366
Time for energies (sec) (min) =              0.713      0.012
Time for load balancing (sec) (min) =        0.028      0.000
Time for block (sec) (min) =                23.245      0.387
Time for operators (sec) (min) =             0.024      0.000
Elapsed block time (sec) (min) =           138.392      2.307
 
 walkers multiplicity, block, total
   0          54919         297585
   1        1013016        6012496
   2          53317         292569
   3            464           1999
   4             84            329
   5             22             90
   6             13             46
   7              8             29
   8              4             10
   9              3             10
  10              1              6
  11              2              3
  12              2              2
  13              0              2
  14              0              2
  15              1              2
  16              0              1
  20              1              3
 
 

iteration =                               7
walker number =                       10855
total energy-propagated        1.75000000E-02  -5.7709293661E+01 +-    5.7009843352E-01   
kinetic energy                 1.75000000E-02   9.3079051387E+01 +-    2.8886616200E+00   
potential energy               1.75000000E-02  -1.5078834505E+02 +-    2.8960557695E+00   
im energy                      1.75000000E-02  -1.0504263931E+01 +-    4.9099875072E-01   
imkin energy                   1.75000000E-02   4.0215737970E+01 +-    1.5184487824E+00   
impot energy                   1.75000000E-02  -5.0720001901E+01 +-    1.2010220159E+00   
v cent                         1.75000000E-02   4.9410884471E+01 +-    2.8127290456E+00   
v tau                          1.75000000E-02  -9.1197119495E+00 +-    8.4422041972E-01   
v sigma                        1.75000000E-02  -7.6780488206E+00 +-    5.6717397450E-01   
v sigtau                       1.75000000E-02  -7.9520730526E+01 +-    8.5918758249E-01   
v tensor                       1.75000000E-02  -8.4346354006E+00 +-    1.7183834458E-01   
v tenstau                      1.75000000E-02  -9.5446102822E+01 +-    1.4911986305E+00   
v ls                           1.75000000E-02   0.0000000000E+00 +-    0.0000000000E+00   
v lstau                        1.75000000E-02   0.0000000000E+00 +-    0.0000000000E+00   
vpot v6                        1.75000000E-02  -1.5078834505E+02 +-    2.8960557695E+00   
vpot v8                        1.75000000E-02  -1.5078834505E+02 +-    2.8960557695E+00   
v coulomb                      1.75000000E-02   5.6700726261E-01 +-    4.9769346309E-03   
v external                     1.75000000E-02   0.0000000000E+00 +-    0.0000000000E+00   
tni 2pipr-anticomm             1.75000000E-02   0.0000000000E+00 +-    0.0000000000E+00   
tni vd1pr                      1.75000000E-02   0.0000000000E+00 +-    0.0000000000E+00   
tni vepr                       1.75000000E-02   0.0000000000E+00 +-    0.0000000000E+00   
tni central                    1.75000000E-02   0.0000000000E+00 +-    0.0000000000E+00   
tni 2pixx-anticommutator       1.75000000E-02   0.0000000000E+00 +-    0.0000000000E+00   
tni 2pixd-anticommutator       1.75000000E-02   0.0000000000E+00 +-    0.0000000000E+00   
tni 2pidd-anticommutator       1.75000000E-02   0.0000000000E+00 +-    0.0000000000E+00   
tni 2pixx-commutator           1.75000000E-02   0.0000000000E+00 +-    0.0000000000E+00   
tni 2pixd-commutator           1.75000000E-02   0.0000000000E+00 +-    0.0000000000E+00   
tni 2pidd-commutator           1.75000000E-02   0.0000000000E+00 +-    0.0000000000E+00   
tni 2pi-tm                     1.75000000E-02   0.0000000000E+00 +-    0.0000000000E+00   
tni vd1                        1.75000000E-02   0.0000000000E+00 +-    0.0000000000E+00   
tni vd2                        1.75000000E-02   0.0000000000E+00 +-    0.0000000000E+00   
tni ve                         1.75000000E-02   0.0000000000E+00 +-    0.0000000000E+00   
vpottot v8+tni                 1.75000000E-02  -1.5078834505E+02 +-    2.8960557695E+00   
enetot v8+tni                  1.75000000E-02  -5.7709293661E+01 +-    5.7009843352E-01   
vper cent                      1.75000000E-02   4.9410884471E+01 +-    2.8127290456E+00   
vper tau                       1.75000000E-02  -9.1197119495E+00 +-    8.4422041972E-01   
vper sigma                     1.75000000E-02  -7.6780488206E+00 +-    5.6717397450E-01   
vper sigtau                    1.75000000E-02  -7.9520730526E+01 +-    8.5918758249E-01   
vper tensor                    1.75000000E-02  -8.4346354006E+00 +-    1.7183834458E-01   
vper tenstau                   1.75000000E-02  -9.5446102822E+01 +-    1.4911986305E+00   
vper ls                        1.75000000E-02   0.0000000000E+00 +-    0.0000000000E+00   
vper lstau                     1.75000000E-02   0.0000000000E+00 +-    0.0000000000E+00   
vpotper v6                     1.75000000E-02  -1.5078834505E+02 +-    2.8960557695E+00   
vpotper v8                     1.75000000E-02  -1.5078834505E+02 +-    2.8960557695E+00   
vpotv6pr-vpotv6per diff        1.75000000E-02   0.0000000000E+00 +-    0.0000000000E+00   
vpotv8pr-vpotv8per diff        1.75000000E-02   0.0000000000E+00 +-    0.0000000000E+00   
2piapr-2pia diff               1.75000000E-02   0.0000000000E+00 +-    0.0000000000E+00   
vd1pr-vd1 diff                 1.75000000E-02   0.0000000000E+00 +-    0.0000000000E+00   
vepr-ve diff                   1.75000000E-02   0.0000000000E+00 +-    0.0000000000E+00   
diff1 2piapr-2pia-2picxx       1.75000000E-02   0.0000000000E+00 +-    0.0000000000E+00   
diff2 vd1pr-vd1-2picxd         1.75000000E-02   0.0000000000E+00 +-    0.0000000000E+00   
diff3 vepr-ve-2picdd           1.75000000E-02   0.0000000000E+00 +-    0.0000000000E+00   
sum diff1+dif2+diff3           1.75000000E-02   0.0000000000E+00 +-    0.0000000000E+00   
proton rms                     1.75000000E-02   1.1745679651E+00 +-    9.8144561269E-03   
neutron rms                    1.75000000E-02   1.4120470463E+00 +-    1.8912875720E-02   
total rms                      1.75000000E-02   1.2863568671E+00 +-    1.2928710874E-02   
neutron-proton rms             1.75000000E-02   2.3747908116E-01 +-    1.5045210392E-02   
GT sigXtau+                    1.75000000E-02  -1.5066636049E-03 +-    2.5987754314E-05   
GT sigYtau+                    1.75000000E-02  -5.7684392344E-04 +-    3.5564992641E-05   
GT sigZtau+                    1.75000000E-02   2.1483300419E-03 +-    3.6627153753E-05   
GT sigXtau-                    1.75000000E-02  -2.8944480102E-03 +-    5.1667083367E-05   
GT sigYtau-                    1.75000000E-02  -1.1739722252E-04 +-    4.3279554972E-05   
GT sigZtau-                    1.75000000E-02   1.6729688276E-03 +-    4.2945406867E-05   
F tau+                         1.75000000E-02   2.0411631813E-19 +-    7.2403361764E-20   
F tau-                         1.75000000E-02  -2.2069339221E-19 +-    7.7538444947E-20   
Psi**2                         1.75000000E-02   1.7493010112E-05 +-    9.2506363084E-07   
single crossing/step           1.75000000E-02   8.7895925621E-03 +-    4.4801547567E-05   
global crossing/step           1.75000000E-02   8.4854862982E-03 +-    8.8052890911E-05   
energy numerator(real)         1.75000000E-02  -1.1999182752E+00 +-    8.8934992297E-01   
denominator psit/psigi(real)   1.75000000E-02   1.5291432256E-02 +-    1.3707238658E-02   
energy numerator(aimag)        1.75000000E-02   1.8461014549E+00 +-    6.0646616002E-01   
denominator psit/psigi(aimag)  1.75000000E-02  -3.4432662453E-02 +-    9.4225297725E-03   
growth(lin dt) energy          1.75000000E-02  -2.8251910767E+02 +-    6.0960950902E+00   
growth(global) energy          1.75000000E-02  -2.7961844121E+02 +-    1.1475220900E+01
growth energy                  1.75000000E-02  -2.8212192558E+02 +-    6.0685488730E+00
Time for propagation (sec) (min) =          21.712      0.362
Time for energies (sec) (min) =              0.761      0.013
Time for load balancing (sec) (min) =        0.027      0.000
Time for block (sec) (min) =                23.098      0.385
Time for operators (sec) (min) =             0.023      0.000
Elapsed block time (sec) (min) =           161.513      2.692
 
 walkers multiplicity, block, total
   0          56145         353730
   1         997193        7009689
   2          55250         347819
   3            480           2479
   4             86            415
   5             34            124
   6             11             57
   7             10             39
   8              5             15
   9              5             15
  10              3              9
  11              0              3
  12              0              2
  13              0              2
  14              0              2
  15              1              3
  16              0              1
  20              0              3
 
 

iteration =                               8
walker number =                       11313
total energy-propagated        2.00000000E-02  -5.9866808073E+01 +-    9.2435562017E-01   
kinetic energy                 2.00000000E-02  -5.3048977819E+01 +-    3.9352555392E+00   
potential energy               2.00000000E-02  -6.8178302542E+00 +-    4.0082097029E+00   
im energy                      2.00000000E-02  -5.2440644824E+00 +-    4.4253998400E-01   
imkin energy                   2.00000000E-02   7.2315886014E-01 +-    1.5230952140E+00   
impot energy                   2.00000000E-02  -5.9672233425E+00 +-    1.3859934829E+00   
v cent                         2.00000000E-02   2.1817021807E+02 +-    4.1347743948E+00   
v tau                          2.00000000E-02  -3.2641944946E+01 +-    4.9148577882E-01   
v sigma                        2.00000000E-02  -3.2644474865E+01 +-    6.3589722333E-01   
v sigtau                       2.00000000E-02  -1.2341592417E+02 +-    9.9623934637E-01   
v tensor                       2.00000000E-02   3.6947361927E-01 +-    3.7808165524E-01   
v tenstau                      2.00000000E-02  -3.6655177970E+01 +-    2.3614030745E+00   
v ls                           2.00000000E-02   0.0000000000E+00 +-    0.0000000000E+00   
v lstau                        2.00000000E-02   0.0000000000E+00 +-    0.0000000000E+00   
vpot v6                        2.00000000E-02  -6.8178302542E+00 +-    4.0082097029E+00   
vpot v8                        2.00000000E-02  -6.8178302542E+00 +-    4.0082097029E+00   
v coulomb                      2.00000000E-02   9.3242799357E-01 +-    3.3254158419E-03   
v external                     2.00000000E-02   0.0000000000E+00 +-    0.0000000000E+00   
tni 2pipr-anticomm             2.00000000E-02   0.0000000000E+00 +-    0.0000000000E+00   
tni vd1pr                      2.00000000E-02   0.0000000000E+00 +-    0.0000000000E+00   
tni vepr                       2.00000000E-02   0.0000000000E+00 +-    0.0000000000E+00   
tni central                    2.00000000E-02   0.0000000000E+00 +-    0.0000000000E+00   
tni 2pixx-anticommutator       2.00000000E-02   0.0000000000E+00 +-    0.0000000000E+00   
tni 2pixd-anticommutator       2.00000000E-02   0.0000000000E+00 +-    0.0000000000E+00   
tni 2pidd-anticommutator       2.00000000E-02   0.0000000000E+00 +-    0.0000000000E+00   
tni 2pixx-commutator           2.00000000E-02   0.0000000000E+00 +-    0.0000000000E+00   
tni 2pixd-commutator           2.00000000E-02   0.0000000000E+00 +-    0.0000000000E+00   
tni 2pidd-commutator           2.00000000E-02   0.0000000000E+00 +-    0.0000000000E+00   
tni 2pi-tm                     2.00000000E-02   0.0000000000E+00 +-    0.0000000000E+00   
tni vd1                        2.00000000E-02   0.0000000000E+00 +-    0.0000000000E+00   
tni vd2                        2.00000000E-02   0.0000000000E+00 +-    0.0000000000E+00   
tni ve                         2.00000000E-02   0.0000000000E+00 +-    0.0000000000E+00   
vpottot v8+tni                 2.00000000E-02  -6.8178302542E+00 +-    4.0082097029E+00   
enetot v8+tni                  2.00000000E-02  -5.9866808073E+01 +-    9.2435562017E-01   
vper cent                      2.00000000E-02   2.1817021807E+02 +-    4.1347743948E+00   
vper tau                       2.00000000E-02  -3.2641944946E+01 +-    4.9148577882E-01   
vper sigma                     2.00000000E-02  -3.2644474865E+01 +-    6.3589722333E-01   
vper sigtau                    2.00000000E-02  -1.2341592417E+02 +-    9.9623934637E-01   
vper tensor                    2.00000000E-02   3.6947361927E-01 +-    3.7808165524E-01   
vper tenstau                   2.00000000E-02  -3.6655177970E+01 +-    2.3614030745E+00   
vper ls                        2.00000000E-02   0.0000000000E+00 +-    0.0000000000E+00   
vper lstau                     2.00000000E-02   0.0000000000E+00 +-    0.0000000000E+00   
vpotper v6                     2.00000000E-02  -6.8178302542E+00 +-    4.0082097029E+00   
vpotper v8                     2.00000000E-02  -6.8178302542E+00 +-    4.0082097029E+00   
vpotv6pr-vpotv6per diff        2.00000000E-02   0.0000000000E+00 +-    0.0000000000E+00   
vpotv8pr-vpotv8per diff        2.00000000E-02   0.0000000000E+00 +-    0.0000000000E+00   
2piapr-2pia diff               2.00000000E-02   0.0000000000E+00 +-    0.0000000000E+00   
vd1pr-vd1 diff                 2.00000000E-02   0.0000000000E+00 +-    0.0000000000E+00   
vepr-ve diff                   2.00000000E-02   0.0000000000E+00 +-    0.0000000000E+00   
diff1 2piapr-2pia-2picxx       2.00000000E-02   0.0000000000E+00 +-    0.0000000000E+00   
diff2 vd1pr-vd1-2picxd         2.00000000E-02   0.0000000000E+00 +-    0.0000000000E+00   
diff3 vepr-ve-2picdd           2.00000000E-02   0.0000000000E+00 +-    0.0000000000E+00   
sum diff1+dif2+diff3           2.00000000E-02   0.0000000000E+00 +-    0.0000000000E+00   
proton rms                     2.00000000E-02   8.7378969507E-01 +-    2.0459976439E-02   
neutron rms                    2.00000000E-02   1.3266352964E+00 +-    1.9508302144E-02   
total rms                      2.00000000E-02   1.1264307280E+00 +-    1.0279005556E-02   
neutron-proton rms             2.00000000E-02   4.5284560133E-01 +-    1.4577390575E-02   
GT sigXtau+                    2.00000000E-02  -8.0579866088E-04 +-    3.5400368837E-05   
GT sigYtau+                    2.00000000E-02  -1.9410251919E-03 +-    3.6965880562E-05   
GT sigZtau+                    2.00000000E-02  -1.2815011972E-03 +-    4.1918047193E-05   
GT sigXtau-                    2.00000000E-02   1.6772563448E-03 +-    2.7028785742E-05   
GT sigYtau-                    2.00000000E-02   6.4858884170E-04 +-    4.5193758438E-05   
GT sigZtau-                    2.00000000E-02   1.0484234538E-03 +-    5.6130791733E-05   
F tau+                         2.00000000E-02   3.6598632840E-19 +-    8.2645388415E-20   
F tau-                         2.00000000E-02  -3.5880177909E-18 +-    8.8105117336E-20   
Psi**2                         2.00000000E-02  -2.3140782404E-05 +-    1.3394766572E-06   
single crossing/step           2.00000000E-02   7.9332933134E-03 +-    4.2271734615E-05   
global crossing/step           2.00000000E-02   7.7166954707E-03 +-    8.3390464845E-05   
energy numerator(real)         2.00000000E-02  -9.1415165648E-01 +-    8.5669688768E-01   
denominator psit/psigi(real)   2.00000000E-02   2.3365707670E-02 +-    1.3290392040E-02   
energy numerator(aimag)        2.00000000E-02   2.2536553051E+00 +-    6.3411067456E-01   
denominator psit/psigi(aimag)  2.00000000E-02  -3.1671728526E-02 +-    9.1623999643E-03   
growth(lin dt) energy          2.00000000E-02  -2.5521587717E+02 +-    5.7589600381E+00   
growth(global) energy          2.00000000E-02  -2.6300497589E+02 +-    9.8034586568E+00
growth energy                  2.00000000E-02  -2.5493076747E+02 +-    5.7368594628E+00
Time for propagation (sec) (min) =          22.034      0.367
Time for energies (sec) (min) =              0.793      0.013
Time for load balancing (sec) (min) =        0.029      0.000
Time for block (sec) (min) =                23.406      0.390
Time for operators (sec) (min) =             0.020      0.000
Elapsed block time (sec) (min) =           184.939      3.082
 
 walkers multiplicity, block, total
   0          55710         409440
   1        1013989        8023678
   2          54915         402734
   3            424           2903
   4             71            486
   5             23            147
   6              9             66
   7              4             43
   8              2             17
   9              1             16
  10              1             10
  11              0              3
  12              0              2
  13              0              2
  14              0              2
  15              0              3
  16              0              1
  20              0              3
 
 

iteration =                               9
walker number =                        9945
total energy-propagated        2.25000000E-02   4.5757217998E+01 +-    1.2152530909E+00   
kinetic energy                 2.25000000E-02   3.4531656210E+02 +-    2.6667439517E+00   
potential energy               2.25000000E-02  -2.9955934411E+02 +-    2.4352936067E+00   
im energy                      2.25000000E-02   2.8740645610E+01 +-    6.5731438406E-01   
imkin energy                   2.25000000E-02  -2.6778443331E+01 +-    8.1350933668E-01   
impot energy                   2.25000000E-02   5.5519088940E+01 +-    3.5435218048E-01   
v cent                         2.25000000E-02  -9.0868642236E+01 +-    4.6904674429E+00   
v tau                          2.25000000E-02  -8.3208873571E+00 +-    7.9213606635E-01   
v sigma                        2.25000000E-02   4.7516258838E+00 +-    6.5759932532E-01   
v sigtau                       2.25000000E-02  -8.8720957489E+01 +-    1.0503422239E+00   
v tensor                       2.25000000E-02   6.1429657144E+00 +-    4.1721801098E-01   
v tenstau                      2.25000000E-02  -1.2254344862E+02 +-    2.9816062495E+00   
v ls                           2.25000000E-02   0.0000000000E+00 +-    0.0000000000E+00   
v lstau                        2.25000000E-02   0.0000000000E+00 +-    0.0000000000E+00   
vpot v6                        2.25000000E-02  -2.9955934411E+02 +-    2.4352936067E+00   
vpot v8                        2.25000000E-02  -2.9955934411E+02 +-    2.4352936067E+00   
v coulomb                      2.25000000E-02   9.2143104769E-01 +-    5.6842888843E-03   
v external                     2.25000000E-02   0.0000000000E+00 +-    0.0000000000E+00   
tni 2pipr-anticomm             2.25000000E-02   0.0000000000E+00 +-    0.0000000000E+00   
tni vd1pr                      2.25000000E-02   0.0000000000E+00 +-    0.0000000000E+00   
tni vepr                       2.25000000E-02   0.0000000000E+00 +-    0.0000000000E+00   
tni central                    2.25000000E-02   0.0000000000E+00 +-    0.0000000000E+00   
tni 2pixx-anticommutator       2.25000000E-02   0.0000000000E+00 +-    0.0000000000E+00   
tni 2pixd-anticommutator       2.25000000E-02   0.0000000000E+00 +-    0.0000000000E+00   
tni 2pidd-anticommutator       2.25000000E-02   0.0000000000E+00 +-    0.0000000000E+00   
tni 2pixx-commutator           2.25000000E-02   0.0000000000E+00 +-    0.0000000000E+00   
tni 2pixd-commutator           2.25000000E-02   0.0000000000E+00 +-    0.0000000000E+00   
tni 2pidd-commutator           2.25000000E-02   0.0000000000E+00 +-    0.0000000000E+00   
tni 2pi-tm                     2.25000000E-02   0.0000000000E+00 +-    0.0000000000E+00   
tni vd1                        2.25000000E-02   0.0000000000E+00 +-    0.0000000000E+00   
tni vd2                        2.25000000E-02   0.0000000000E+00 +-    0.0000000000E+00   
tni ve                         2.25000000E-02   0.0000000000E+00 +-    0.0000000000E+00   
vpottot v8+tni                 2.25000000E-02  -2.9955934411E+02 +-    2.4352936067E+00   
enetot v8+tni                  2.25000000E-02   4.5757217998E+01 +-    1.2152530909E+00   
vper cent                      2.25000000E-02  -9.0868642236E+01 +-    4.6904674429E+00   
vper tau                       2.25000000E-02  -8.3208873571E+00 +-    7.9213606635E-01   
vper sigma                     2.25000000E-02   4.7516258838E+00 +-    6.5759932532E-01   
vper sigtau                    2.25000000E-02  -8.8720957489E+01 +-    1.0503422239E+00   
vper tensor                    2.25000000E-02   6.1429657144E+00 +-    4.1721801098E-01   
vper tenstau                   2.25000000E-02  -1.2254344862E+02 +-    2.9816062495E+00   
vper ls                        2.25000000E-02   0.0000000000E+00 +-    0.0000000000E+00   
vper lstau                     2.25000000E-02   0.0000000000E+00 +-    0.0000000000E+00   
vpotper v6                     2.25000000E-02  -2.9955934411E+02 +-    2.4352936067E+00   
vpotper v8                     2.25000000E-02  -2.9955934411E+02 +-    2.4352936067E+00   
vpotv6pr-vpotv6per diff        2.25000000E-02   0.0000000000E+00 +-    0.0000000000E+00   
vpotv8pr-vpotv8per diff        2.25000000E-02   0.0000000000E+00 +-    0.0000000000E+00   
2piapr-2pia diff               2.25000000E-02   0.0000000000E+00 +-    0.0000000000E+00   
vd1pr-vd1 diff                 2.25000000E-02   0.0000000000E+00 +-    0.0000000000E+00   
vepr-ve diff                   2.25000000E-02   0.0000000000E+00 +-    0.0000000000E+00   
diff1 2piapr-2pia-2picxx       2.25000000E-02   0.0000000000E+00 +-    0.0000000000E+00   
diff2 vd1pr-vd1-2picxd         2.25000000E-02   0.0000000000E+00 +-    0.0000000000E+00   
diff3 vepr-ve-2picdd           2.25000000E-02   0.0000000000E+00 +-    0.0000000000E+00   
sum diff1+dif2+diff3           2.25000000E-02   0.0000000000E+00 +-    0.0000000000E+00   
proton rms                     2.25000000E-02   9.8695352109E-01 +-    1.2647141716E-02   
neutron rms                    2.25000000E-02   1.2302487682E+00 +-    2.5281331053E-02   
total rms                      2.25000000E-02   1.1656726380E+00 +-    1.0980031709E-02   
neutron-proton rms             2.25000000E-02   2.4329524712E-01 +-    2.3457676673E-02   
GT sigXtau+                    2.25000000E-02  -3.2072985491E-03 +-    7.5399513112E-05   
GT sigYtau+                    2.25000000E-02  -4.3900166456E-03 +-    6.4834341532E-05   
GT sigZtau+                    2.25000000E-02   5.5580922819E-04 +-    6.4020021091E-05   
GT sigXtau-                    2.25000000E-02   1.2200575486E-04 +-    5.7707835285E-05   
GT sigYtau-                    2.25000000E-02   1.5703885681E-03 +-    6.9502927123E-05   
GT sigZtau-                    2.25000000E-02  -6.1696397811E-03 +-    3.2397253114E-05   
F tau+                         2.25000000E-02   1.9392379808E-18 +-    1.3379527004E-19   
F tau-                         2.25000000E-02   1.1013611759E-18 +-    6.9641982714E-20   
Psi**2                         2.25000000E-02  -8.2214878718E-06 +-    2.7583148383E-06   
single crossing/step           2.25000000E-02   8.2908602833E-03 +-    4.3175875253E-05   
global crossing/step           2.25000000E-02   8.1203634847E-03 +-    8.5466596916E-05   
energy numerator(real)         2.25000000E-02   1.6397313953E+00 +-    9.9015917341E-01   
denominator psit/psigi(real)   2.25000000E-02  -1.3710427349E-02 +-    1.4108766250E-02   
energy numerator(aimag)        2.25000000E-02  -2.3856018278E+00 +-    6.7680597826E-01   
denominator psit/psigi(aimag)  2.25000000E-02  -2.5570843203E-02 +-    9.8984571549E-03   
growth(lin dt) energy          2.25000000E-02  -2.8050913244E+02 +-    6.0268709891E+00   
growth(global) energy          2.25000000E-02  -2.8067906213E+02 +-    1.0866921328E+01
growth energy                  2.25000000E-02  -2.8012083091E+02 +-    5.9999428716E+00
Time for propagation (sec) (min) =          22.065      0.368
Time for energies (sec) (min) =              0.697      0.012
Time for load balancing (sec) (min) =        0.026      0.000
Time for block (sec) (min) =                23.382      0.390
Time for operators (sec) (min) =             0.021      0.000
Elapsed block time (sec) (min) =           208.350      3.473
 
 walkers multiplicity, block, total
   0          59200         468640
   1        1022781        9046459
   2          56180         458914
   3            512           3415
   4            102            588
   5             29            176
   6             19             85
   7              6             49
   8              3             20
   9              0             16
  10              0             10
  11              2              5
  12              0              2
  13              0              2
  14              0              2
  15              0              3
  16              0              1
  17              1              1
  19              1              1
  20              0              3
 
 

iteration =                              10
walker number =                       10210
total energy-propagated        2.50000000E-02   7.7460999302E+01 +-    1.8699412691E+00   
kinetic energy                 2.50000000E-02   7.0117734418E+01 +-    4.2234083796E+00   
potential energy               2.50000000E-02   7.3432648837E+00 +-    4.1769950738E+00   
im energy                      2.50000000E-02  -1.6787973234E+01 +-    9.7382257679E-01   
imkin energy                   2.50000000E-02  -3.2652202851E+01 +-    1.5178097372E+00   
impot energy                   2.50000000E-02   1.5864229617E+01 +-    1.5231766118E+00   
v cent                         2.50000000E-02   2.5932407404E+02 +-    4.7115714138E+00   
v tau                          2.50000000E-02  -3.8564839911E+01 +-    3.0082109409E-01   
v sigma                        2.50000000E-02  -1.7391739450E+01 +-    4.4662439692E-01   
v sigtau                       2.50000000E-02  -1.5924770945E+02 +-    1.2282658543E+00   
v tensor                       2.50000000E-02   5.7887317353E+00 +-    2.1926228037E-01   
v tenstau                      2.50000000E-02  -4.2565252084E+01 +-    1.2010443323E+00   
v ls                           2.50000000E-02   0.0000000000E+00 +-    0.0000000000E+00   
v lstau                        2.50000000E-02   0.0000000000E+00 +-    0.0000000000E+00   
vpot v6                        2.50000000E-02   7.3432648837E+00 +-    4.1769950738E+00   
vpot v8                        2.50000000E-02   7.3432648837E+00 +-    4.1769950738E+00   
v coulomb                      2.50000000E-02   9.6261886897E-01 +-    4.1750534396E-03   
v external                     2.50000000E-02   0.0000000000E+00 +-    0.0000000000E+00   
tni 2pipr-anticomm             2.50000000E-02   0.0000000000E+00 +-    0.0000000000E+00   
tni vd1pr                      2.50000000E-02   0.0000000000E+00 +-    0.0000000000E+00   
tni vepr                       2.50000000E-02   0.0000000000E+00 +-    0.0000000000E+00   
tni central                    2.50000000E-02   0.0000000000E+00 +-    0.0000000000E+00   
tni 2pixx-anticommutator       2.50000000E-02   0.0000000000E+00 +-    0.0000000000E+00   
tni 2pixd-anticommutator       2.50000000E-02   0.0000000000E+00 +-    0.0000000000E+00   
tni 2pidd-anticommutator       2.50000000E-02   0.0000000000E+00 +-    0.0000000000E+00   
tni 2pixx-commutator           2.50000000E-02   0.0000000000E+00 +-    0.0000000000E+00   
tni 2pixd-commutator           2.50000000E-02   0.0000000000E+00 +-    0.0000000000E+00   
tni 2pidd-commutator           2.50000000E-02   0.0000000000E+00 +-    0.0000000000E+00   
tni 2pi-tm                     2.50000000E-02   0.0000000000E+00 +-    0.0000000000E+00   
tni vd1                        2.50000000E-02   0.0000000000E+00 +-    0.0000000000E+00   
tni vd2                        2.50000000E-02   0.0000000000E+00 +-    0.0000000000E+00   
tni ve                         2.50000000E-02   0.0000000000E+00 +-    0.0000000000E+00   
vpottot v8+tni                 2.50000000E-02   7.3432648837E+00 +-    4.1769950738E+00   
enetot v8+tni                  2.50000000E-02   7.7460999302E+01 +-    1.8699412691E+00   
vper cent                      2.50000000E-02   2.5932407404E+02 +-    4.7115714138E+00   
vper tau                       2.50000000E-02  -3.8564839911E+01 +-    3.0082109409E-01   
vper sigma                     2.50000000E-02  -1.7391739450E+01 +-    4.4662439692E-01   
vper sigtau                    2.50000000E-02  -1.5924770945E+02 +-    1.2282658543E+00   
vper tensor                    2.50000000E-02   5.7887317353E+00 +-    2.1926228037E-01   
vper tenstau                   2.50000000E-02  -4.2565252084E+01 +-    1.2010443323E+00   
vper ls                        2.50000000E-02   0.0000000000E+00 +-    0.0000000000E+00   
vper lstau                     2.50000000E-02   0.0000000000E+00 +-    0.0000000000E+00   
vpotper v6                     2.50000000E-02   7.3432648837E+00 +-    4.1769950738E+00   
vpotper v8                     2.50000000E-02   7.3432648837E+00 +-    4.1769950738E+00   
vpotv6pr-vpotv6per diff        2.50000000E-02   0.0000000000E+00 +-    0.0000000000E+00   
vpotv8pr-vpotv8per diff        2.50000000E-02   0.0000000000E+00 +-    0.0000000000E+00   
2piapr-2pia diff               2.50000000E-02   0.0000000000E+00 +-    0.0000000000E+00   
vd1pr-vd1 diff                 2.50000000E-02   0.0000000000E+00 +-    0.0000000000E+00   
vepr-ve diff                   2.50000000E-02   0.0000000000E+00 +-    0.0000000000E+00   
diff1 2piapr-2pia-2picxx       2.50000000E-02   0.0000000000E+00 +-    0.0000000000E+00   
diff2 vd1pr-vd1-2picxd         2.50000000E-02   0.0000000000E+00 +-    0.0000000000E+00   
diff3 vepr-ve-2picdd           2.50000000E-02   0.0000000000E+00 +-    0.0000000000E+00   
sum diff1+dif2+diff3           2.50000000E-02   0.0000000000E+00 +-    0.0000000000E+00   
proton rms                     2.50000000E-02   1.0369129208E+00 +-    1.0930265932E-02   
neutron rms                    2.50000000E-02  -2.0233123152E-02 +-    2.2389152992E-02   
total rms                      2.50000000E-02   5.3370368465E-01 +-    1.4691461545E-02   
neutron-proton rms             2.50000000E-02  -1.0571460440E+00 +-    1.7291114908E-02   
GT sigXtau+                    2.50000000E-02  -2.4938706991E-03 +-    5.3307737996E-05   
GT sigYtau+                    2.50000000E-02  -1.0539746175E-04 +-    5.9501104284E-05   
GT sigZtau+                    2.50000000E-02   5.4497101759E-04 +-    7.0892277542E-05   
GT sigXtau-                    2.50000000E-02   1.6275056032E-03 +-    3.8809709454E-05   
GT sigYtau-                    2.50000000E-02  -2.7314153473E-03 +-    3.9039831670E-05   
GT sigZtau-                    2.50000000E-02  -1.0562232871E-03 +-    5.7782306640E-05   
F tau+                         2.50000000E-02  -1.0426917041E-18 +-    1.0027339912E-19   
F tau-                         2.50000000E-02   8.2100333539E-19 +-    1.5142439815E-19   
Psi**2                         2.50000000E-02  -3.6546472821E-05 +-    1.7625069544E-06   
single crossing/step           2.50000000E-02   7.8773045428E-03 +-    4.2280621969E-05   
global crossing/step           2.50000000E-02   7.6499382405E-03 +-    8.3341491385E-05   
energy numerator(real)         2.50000000E-02  -2.1370059157E+00 +-    1.0302440299E+00   
denominator psit/psigi(real)   2.50000000E-02  -2.9372606047E-02 +-    1.4114918294E-02   
energy numerator(aimag)        2.50000000E-02  -1.1271201331E+00 +-    7.2896626133E-01   
denominator psit/psigi(aimag)  2.50000000E-02  -6.5560478555E-03 +-    9.7561861688E-03   
growth(lin dt) energy          2.50000000E-02  -2.5923202009E+02 +-    5.7866252640E+00   
growth(global) energy          2.50000000E-02  -2.5802507677E+02 +-    1.2862201694E+01
growth energy                  2.50000000E-02  -2.5893158488E+02 +-    5.7638400458E+00
Time for propagation (sec) (min) =          21.869      0.364
Time for energies (sec) (min) =              0.716      0.012
Time for load balancing (sec) (min) =        0.030      0.000
Time for block (sec) (min) =                23.167      0.386
Time for operators (sec) (min) =             0.017      0.000
Elapsed block time (sec) (min) =           231.535      3.859
 
 walkers multiplicity, block, total
   0          56326         524966
   1        1004757       10051216
   2          55406         514320
   3            403           3818
   4             57            645
   5             25            201
   6              9             94
   7              8             57
   8              1             21
   9              1             17
  10              0             10
  11              0              5
  12              0              2
  13              0              2
  14              0              2
  15              0              3
  16              0              1
  17              0              1
  19              0              1
  20              0              3
 
 

Time for steps      =     231.544 seconds,        3.859 minutes
Master Time for steps =     231.367 seconds,        3.856 minutes

Number of cpus =       100
Total job time =     236.581 seconds,        3.943 minutes,        0.066 hours
Total cpu-time =     394.302 minutes,        6.572 hours
Total time =         236.358 seconds,        3.939 minutes,        0.066 hours
Finished!
