total number of boss =    500
total number of workers =      0
total number of cpu =    500
total time of execution (sec) =   2131.446
total time for rebalance (sec) =      6.318



     cpu #       sent     received  maxnw       minnw

         0       170       162        22        17
         1       164       165        23        16
         2       151       157        22        17
         3       206       155        23        16
         4       124       149        23        18
         5       140       142        22        18
         6       157       158        22        18
         7       159       182        23        16
         8       152       160        23        16
         9       177       182        23        17
        10       151       171        24        16
        11       162       162        23        16
        12       176       167        23        16
        13       151       172        23        17
        14       159       167        23        17
        15       183       179        23        18
        16       157       161        23        18
        17       173       167        23        17
        18       181       166        23        16
        19       175       184        23        18
        20       169       177        23        16
        21       164       181        23        19
        22       181       149        23        16
        23       141       167        23        18
        24       181       169        23        18
        25       174       159        23        18
        26       201       166        23        17
        27       156       156        23        16
        28       147       159        23        15
        29       145       158        23        18
        30       160       159        23        17
        31       166       155        23        15
        32       177       173        23        18
        33       138       148        24        17
        34       139       157        23        17
        35       148       167        23        18
        36       181       176        23        17
        37       145       141        23        18
        38       151       151        23        17
        39       160       166        24        18
        40       150       160        23        17
        41       176       172        23        17
        42       152       149        23        18
        43       148       172        23        17
        44       181       171        23        17
        45       158       149        23        17
        46       167       154        23        18
        47       185       172        24        16
        48       169       175        23        16
        49       162       160        23        17
        50       179       178        23        17
        51       164       167        23        16
        52       180       172        23        18
        53       172       153        23        16
        54       164       154        23        18
        55       155       148        23        17
        56       160       165        23        17
        57       165       150        23        17
        58       122       144        23        17
        59       160       175        23        18
        60       149       156        23        15
        61       149       167        23        17
        62       171       168        23        18
        63       164       149        24        18
        64       172       160        23        17
        65       138       173        23        16
        66       160       149        23        16
        67       137       166        23        18
        68       201       162        23        18
        69       142       185        23        16
        70       150       153        23        18
        71       158       151        23        15
        72       224       202        24        16
        73       165       145        23        17
        74       160       168        23        17
        75       137       174        23        17
        76       181       166        23        17
        77       182       169        23        17
        78       173       175        23        17
        79       179       174        24        16
        80       164       171        23        18
        81       175       179        23        17
        82       178       156        24        18
        83       156       163        23        17
        84       156       149        23        15
        85       174       156        23        19
        86       156       161        24        17
        87       149       148        24        18
        88       160       159        23        17
        89       182       156        24        18
        90       156       139        23        18
        91       179       166        23        17
        92       159       162        24        15
        93       176       165        24        17
        94       186       171        23        17
        95       159       156        23        18
        96       162       156        24        18
        97       158       156        23        17
        98       175       168        23        14
        99       181       156        23        14
       100       134       161        24        17
       101       151       178        24        16
       102       184       162        23        17
       103       171       145        23        17
       104       154       155        24        17
       105       140       151        23        18
       106       179       189        24        16
       107       144       147        24        19
       108       152       163        23        13
       109       153       165        23        16
       110       168       191        23        16
       111       135       133        23        18
       112       167       172        23        17
       113       161       167        24        18
       114       159       167        23        15
       115       189       188        23        16
       116       162       166        23        17
       117       159       156        23        16
       118       171       162        23        15
       119       164       155        24        17
       120       183       148        23        18
       121       149       185        23        16
       122       186       173        24        17
       123       150       163        24        18
       124       146       173        23        18
       125       185       154        24        17
       126       125       138        23        17
       127       157       173        23        17
       128       171       163        23        16
       129       161       160        23        17
       130       171       164        24        17
       131       189       182        23        17
       132       205       183        23        17
       133       154       126        23        18
       134       231       188        24        18
       135       154       166        23        17
       136       166       155        23        18
       137       153       155        23        18
       138       156       157        23        18
       139       159       170        23        17
       140       162       156        23        17
       141       149       146        24        18
       142       146       175        23        15
       143       164       162        24        17
       144       128       166        23        15
       145       166       182        23        18
       146       171       148        23        17
       147       155       145        23        16
       148       148       162        23        17
       149       160       197        23        17
       150       130       139        23        17
       151       150       147        23        17
       152       172       172        24        17
       153       127       159        23        17
       154       153       156        24        17
       155       152       167        23        16
       156       191       185        23        18
       157       147       182        24        16
       158       186       173        24        18
       159       154       149        23        16
       160       145       155        23        17
       161       144       158        23        17
       162       174       168        23        18
       163       202       162        23        17
       164       180       156        24        18
       165       208       175        24        16
       166       131       159        23        17
       167       154       164        24        16
       168       147       161        25        17
       169       159       150        23        18
       170       117       148        24        16
       171       142       148        23        18
       172       171       147        24        17
       173       159       164        23        18
       174       195       164        23        18
       175       196       172        24        16
       176       139       158        23        18
       177       177       167        23        15
       178       185       171        24        16
       179       148       172        23        18
       180       144       163        23        16
       181       156       157        23        17
       182       211       187        23        16
       183       162       159        23        17
       184       184       158        24        18
       185       188       147        23        17
       186       160       179        23        17
       187       135       163        23        16
       188       194       188        24        15
       189       179       182        23        17
       190       192       184        23        17
       191       189       174        23        17
       192       161       147        24        18
       193       168       192        24        17
       194       136       156        23        16
       195       174       140        23        17
       196       187       161        23        18
       197       211       189        24        17
       198       172       161        24        17
       199       161       155        24        17
       200       144       162        23        18
       201       163       160        23        16
       202       157       178        23        17
       203       163       160        24        17
       204       152       156        23        19
       205       171       189        23        17
       206       161       180        23        16
       207       161       172        24        16
       208       144       175        23        17
       209       139       138        24        17
       210       178       179        23        16
       211       164       170        23        17
       212       169       167        23        18
       213       137       166        24        16
       214       176       169        23        17
       215       196       180        24        17
       216       172       152        24        18
       217       188       146        23        18
       218       148       164        24        17
       219       146       155        23        17
       220       184       167        24        19
       221       191       165        23        16
       222       176       137        24        18
       223       135       137        23        18
       224       142       183        24        16
       225       153       152        23        18
       226       159       147        24        17
       227       179       178        23        16
       228       149       153        24        18
       229       154       168        24        17
       230       144       157        24        18
       231       147       151        24        18
       232       156       152        24        18
       233       176       167        24        18
       234       188       177        23        13
       235       154       149        23        17
       236       158       172        23        18
       237       146       142        23        18
       238       171       161        24        17
       239       170       162        23        17
       240       158       167        24        17
       241       167       195        24        17
       242       153       162        23        18
       243       145       172        24        17
       244       130       160        24        19
       245       147       151        23        16
       246       152       171        23        17
       247       164       157        24        17
       248       149       165        23        15
       249       145       154        24        16
       250       164       149        23        17
       251       168       135        23        16
       252       192       162        23        17
       253       136       136        23        18
       254       164       189        24        17
       255       160       158        24        17
       256       141       175        23        14
       257       182       162        23        17
       258       204       162        23        16
       259       152       168        24        17
       260       149       160        23        16
       261       165       145        24        17
       262       127       170        23        17
       263       173       173        23        16
       264       183       182        24        18
       265       152       174        24        17
       266       182       167        23        18
       267       168       157        24        14
       268       175       161        23        16
       269       165       150        24        17
       270       179       161        23        15
       271       167       162        23        18
       272       137       155        23        17
       273       179       166        24        19
       274       137       147        24        16
       275       126       157        24        18
       276       131       149        23        17
       277       185       146        24        17
       278       129       156        23        17
       279       158       159        23        17
       280       150       167        24        18
       281       167       185        24        16
       282       145       161        23        16
       283       191       182        23        18
       284       137       162        23        17
       285       141       166        24        16
       286       159       159        23        19
       287       161       153        23        17
       288       170       163        24        18
       289       153       166        24        18
       290       157       162        23        16
       291       191       172        23        18
       292       174       175        24        16
       293       170       167        24        16
       294       140       173        23        17
       295       143       176        23        16
       296       187       170        24        17
       297       181       183        24        18
       298       174       157        24        16
       299       152       170        24        19
       300       187       173        24        16
       301       190       190        24        18
       302       172       163        24        18
       303       149       162        23        17
       304       174       157        23        17
       305       155       159        23        17
       306       174       160        23        16
       307       148       161        24        18
       308       196       177        24        17
       309       157       144        24        18
       310       181       159        23        18
       311       186       160        24        18
       312       209       166        24        17
       313       211       151        24        17
       314       143       156        24        18
       315       148       173        23        17
       316       175       163        24        18
       317       164       158        24        16
       318       141       155        23        18
       319       155       155        24        17
       320       155       157        24        16
       321       209       170        24        17
       322       196       171        23        18
       323       206       166        24        16
       324       148       151        24        17
       325       147       168        23        18
       326       188       178        24        17
       327       159       162        23        17
       328       163       151        24        17
       329       186       174        23        17
       330       155       168        23        18
       331       170       147        23        16
       332       189       156        24        18
       333       142       171        23        16
       334       150       167        24        18
       335       182       182        23        16
       336       157       149        23        17
       337       166       160        24        18
       338       147       174        24        17
       339       171       178        24        18
       340       128       170        23        17
       341       201       167        24        17
       342       136       175        23        17
       343       142       179        24        17
       344       155       150        23        17
       345       170       161        23        17
       346       196       187        24        18
       347       182       153        24        19
       348       150       175        23        17
       349       142       149        23        16
       350       130       149        23        18
       351       122       166        24        17
       352       160       155        24        19
       353       157       159        24        16
       354       148       155        24        18
       355       156       165        23        17
       356       185       172        24        17
       357       193       153        24        18
       358       151       153        23        17
       359       183       161        24        17
       360       141       158        24        17
       361       134       166        24        17
       362       182       171        24        17
       363       158       171        24        16
       364       212       174        24        16
       365       157       160        23        18
       366       186       171        24        18
       367       158       162        24        17
       368       160       155        24        16
       369       169       146        23        17
       370       155       166        23        16
       371       174       156        24        19
       372       129       146        23        18
       373       143       159        23        16
       374       140       161        23        18
       375       160       169        23        17
       376       204       177        24        18
       377       181       156        23        17
       378       141       165        23        17
       379       166       181        24        16
       380       164       143        24        19
       381       195       180        24        17
       382       170       174        24        17
       383       170       175        24        16
       384       178       159        23        17
       385       189       186        24        18
       386       159       174        24        17
       387       177       160        24        17
       388       158       148        24        18
       389       176       174        23        17
       390       181       172        24        15
       391       185       168        23        17
       392       146       175        24        18
       393       198       181        24        17
       394       136       172        23        19
       395       162       163        23        18
       396       209       167        24        16
       397       199       173        24        17
       398       182       178        24        18
       399       157       177        24        17
       400       156       160        23        17
       401       167       166        24        17
       402       184       176        24        18
       403       173       157        23        18
       404       149       171        24        17
       405       170       165        23        18
       406       145       170        23        17
       407       184       179        23        16
       408       158       193        23        18
       409       171       159        24        16
       410       156       190        24        17
       411       173       175        23        16
       412       141       166        24        18
       413       218       190        24        16
       414       230       196        23        17
       415       141       179        23        16
       416       160       157        24        18
       417       163       169        24        17
       418       180       178        24        17
       419       130       159        23        18
       420       143       175        23        18
       421       149       158        23        16
       422       179       158        24        16
       423       168       161        23        19
       424       165       193        24        16
       425       162       174        23        18
       426       156       160        23        17
       427       163       154        24        15
       428       141       167        23        18
       429       181       162        23        18
       430       152       170        24        17
       431       175       172        23        18
       432       189       181        24        17
       433       175       173        23        17
       434       157       157        23        18
       435       128       158        23        18
       436       149       174        24        18
       437       159       162        23        16
       438       182       174        24        17
       439       164       157        24        17
       440       154       143        23        18
       441       147       143        24        18
       442       193       168        23        18
       443       161       157        23        17
       444       181       192        23        17
       445       158       173        23        18
       446       146       172        23        16
       447       165       176        24        17
       448       130       165        23        17
       449       201       151        24        17
       450       179       159        23        17
       451       170       166        24        16
       452       170       160        23        18
       453       194       170        24        17
       454       142       153        23        17
       455       149       142        24        18
       456       151       188        23        17
       457       151       175        23        17
       458       158       156        24        16
       459       183       158        24        17
       460       189       150        24        18
       461       164       154        24        18
       462       120       123        23        19
       463       148       161        24        17
       464       176       155        23        16
       465       131       174        24        17
       466       161       155        24        17
       467       145       162        23        16
       468       161       168        24        18
       469       201       188        24        17
       470       166       162        24        18
       471       145       163        24        17
       472       128       158        24        16
       473       137       147        23        17
       474       194       164        24        18
       475       137       184        24        16
       476       202       146        24        16
       477       162       147        23        16
       478       159       168        24        17
       479       175       157        24        18
       480       207       168        24        18
       481       190       174        24        17
       482       167       186        23        16
       483       178       178        24        17
       484       194       159        23        17
       485       139       160        23        16
       486       152       151        24        17
       487       165       167        24        16
       488       183       162        24        18
       489       142       155        23        17
       490       160       154        23        16
       491       158       149        24        17
       492       153       153        24        18
       493       171       177        23        17
       494       171       167        24        18
       495       147       185        23        17
       496       178       175        24        17
       497       176       173        24        17
       498       170       155        24        16
       499       172       169        24        16

     total     82006     82006     11706      8517


checkpop calls        5000
rebalance calls       5000

number of walkers   52439975

number of walkers moved      0.156 %
