Variational Monte Carlo Run
!-!-!-!-!-!-!-!-!-!-!-!-!-!-!-!-!-!-!-!-!-!-!-!-!-!
MPI parameters:
Number of boss cpus =                           4
Number of worker cpus for each boss =           0
Total number of cpus =                          4
Simulation parameters:
random number seed =                           17
hbar^2/2m =                              20.73554
start from sites =                              T
nwalk =                                       100
equilibration blocks =                          0
averaging blocks =                             10
nsteps/blocks =                                10
time step =                          0.0010000000
time step rotations (vmc) =          0.1000000000
trial energy =                          -14.00000
drift cutoff =                            0.00000
drastic population control up =           1.10000
drastic population control down =         0.90000
rebalance if walkers fluctuate more than   1.00 %
weight cut off =                         10.00000
table size =                                 8000
!-!-!-!-!-!-!-!-!-!-!-!-!-!-!-!-!-!-!-!-!-!-!-!-!-!
System parameters:
lpot =                                         10
lpotper =                                      10
potential  =                          argonne v8'
potentialpr =                         argonne v8'
Coulomb included in energy-propagation          T
multiply central v by =                   1.00000
multiply tau v by =                       1.00000
multiply sigma v by =                     1.00000
multiply sigma tau v by =                 1.00000
multiply tensor v by =                    1.00000
multiply tensor tau v by =                1.00000
multiply spin-orbit v by =                1.00000
multiply spin-orbit tau v by =            1.00000
three-body potential =                        no3
ibox (0 is nearest image) =                     1
!-!-!-!-!-!-!-!-!-!-!-!-!-!-!-!-!-!-!-!-!-!-!-!-!-!
calculate LS =                                  T
density =                                 0.16000
L/2 =                                     2.32079
k_F =                                     1.33302
E_FG =                                   22.10755
npart =                                        16
proton up =                                     1
k values =                            0    0    0
proton down =                                   1
k values =                            0    0    0
neutron up =                                    7
k values =                            0    0    0
                                      1    0    0
                                     -1    0    0
                                      0    1    0
                                      0   -1    0
                                      0    0    1
                                      0    0   -1
neutron down =                                  7
k values =                            0    0    0
                                      1    0    0
                                     -1    0    0
                                      0    1    0
                                      0   -1    0
                                      0    0    1
                                      0    0   -1
rcut in pair sampling =                   0.00000
acut in pair sampling =                   1.50000
a constant in psig =                      5.00000
calculating LS =                                F
energy of uncorrelated state =           28.49725
Number of protons =                             2
Number of neutrons =                           14
range of the potential =                 12.05920
LS CAMBIATA!!!!!!!!!!!!!!!!!!!!!!
LS CAMBIATA!!!!!!!!!!!!!!!!!!!!!!
!-!-!-!-!-!-!-!-!-!-!-!-!-!-!-!-!-!-!-!-!-!-!-!-!-!
do V3 =                                         F
three body force =                            no3
three body a2piPwa =                      0.000000000000000
three body a2piPwc =                      0.000000000000000
three body a2piSw =                       0.000000000000000
three body Vd,C,c3 =                      0.000000000000000
three body Ve,C,c3 =                      0.000000000000000
three body A_R =                          0.000000000000000
three body Vd1 =                          0.000000000000000
three body Vd2 =                          0.000000000000000
three body Ve =                           0.000000000000000
propagator: multiply the antic by =       1.000000000000000
propagator: multiply the Vd1 by =         1.000000000000000
propagator: multiply the Ve by =          1.000000000000000
propagator: three body a2piPW =           0.000000000000000
!-!-!-!-!-!-!-!-!-!-!-!-!-!-!-!-!-!-!-!-!-!-!-!-!-!
jastrow healing distance dc =             1.84000
jastrow healing distance dtn =            2.79000
jastrow rho =                             0.01000
potential quencher acn (v1) =             1.23000
potential quencher at  (v2) =            -0.31000
potential quencher as  (v3) =            -4.47000
potential quencher ast (v4) =             1.20000
potential quencher atn (v5) =             0.21000
potential quencher atn (v6) =             0.28000
potential quencher als (v7) =             1.00000
potential quencher alst (v8) =            0.00000
correlation quencher bt (f2) =           -0.48000
correlation quencher bs (f3) =            0.10000
correlation quencher bst (f4) =           1.39000
correlation quencher btn (f5) =          -0.50000
correlation quencher btn (f6) =           2.21000
correlation quencher bls (f7) =           0.00000
correlation quencher blst (f8) =          0.00000
!-!-!-!-!-!-!-!-!-!-!-!-!-!-!-!-!-!-!-!-!-!-!-!-!-!
q1c parameter in f3c =                    0.00000
q2c parameter in f3c =                    0.00000
q1p parameter in f3p =                    0.00000
q2p parameter in f3p =                    0.20000
!-!-!-!-!-!-!-!-!-!-!-!-!-!-!-!-!-!-!-!-!-!-!-!-!-!
rscal parameter in Uijk cent =            1.00000
rscal parameter in Uijk xpi =             1.00000
rscal parameter in Uijk delta =           1.00000
eps_c parameter in Uijk =                 0.00000
eps_anti parameter in Uijk =              0.00000
eps_tm parameter in Uijk =                0.00000
eps_vd1 parameter in Uijk =               0.00000
eps_vd2 parameter in Uijk =               0.00000
eps_vdc3 parameter in Uijk =              0.00000
eps_vec3 parameter in Uijk =              0.00000
eps_ve parameter in Uijk =                0.00000
eps_comm parameter in Uijk =              0.00000
eps_comm-XD parameter in Uijk =           0.00000
eps_comm-DD parameter in Uijk =           0.00000
TNI-comm correlation included =                 F
!-!-!-!-!-!-!-!-!-!-!-!-!-!-!-!-!-!-!-!-!-!-!-!-!-!
CSB correlation rscalpp =                 0.00000
CSB correlation rscalnn =                 0.00000
CSB correlation quencher pp =             0.00000
CSB correlation quencher nn =             0.00000
CSB correlation included =                      F
!-!-!-!-!-!-!-!-!-!-!-!-!-!-!-!-!-!-!-!-!-!-!-!-!-!
dtn reset to    2.3207944168
jastrow initialized
!-!-!-!-!-!-!-!-!-!-!-!-!-!-!-!-!-!-!-!-!-!-!-!-!-!
Coulomb included in energy (and propag)         F
Initial walkers from sites
Configurations at tau =              0.0000000000
!-!-!-!-!-!-!-!-!-!-!-!-!-!-!-!-!-!-!-!-!-!-!-!-!-!
Time for reading configurations (sec.) =       0.11
!-!-!-!-!-!-!-!-!-!-!-!-!-!-!-!-!-!-!-!-!-!-!-!-!-!
Initial configurations:
!-!-!-!-!-!-!-!-!-!-!-!-!-!-!-!-!-!-!-!-!-!-!-!-!-!
Psi**2 of initial configurations  =   0.1439067E+03  0.0000000E+00  +-    0.2949007E+02  0.0000000E+00
Psig**2 of initial configurations =   0.3072686E+03  0.0000000E+00  +-    0.5985826E+02  0.0000000E+00
!-!-!-!-!-!-!-!-!-!-!-!-!-!-!-!-!-!-!-!-!-!-!-!-!-!
T**2 of initial configurations  =   0.4200000E+02 -0.9527454E-06
Tz of initial configurations    =  -0.6000000E+01 -0.7403082E-11
S**2 of initial configurations  =   0.8365325E-01 -0.1063691E+01
Sz of initial configurations    =   0.9617134E-01 -0.2676575E-01
!-!-!-!-!-!-!-!-!-!-!-!-!-!-!-!-!-!-!-!-!-!-!-!-!-!
!-!-!-!-!-!-!-!-!-!-!-!-!-!-!-!-!-!-!-!-!-!-!-!-!-!
Time to process initial configurations (sec.) =      16.19
!-!-!-!-!-!-!-!-!-!-!-!-!-!-!-!-!-!-!-!-!-!-!-!-!-!

equilibration done

iteration =                               1
walker number =                         100
total energy-propagated        0.00000000E+00   3.9279687233E+00 +-    1.4387027849E+00   
kinetic energy                 0.00000000E+00   3.7652062011E+01 +-    1.0008318068E+00   
potential energy               0.00000000E+00  -3.3724093287E+01 +-    1.7590555975E+00   
im energy                      0.00000000E+00   3.1671979997E+00 +-    1.9234174991E+00   
imkin energy                   0.00000000E+00   1.2146512055E-01 +-    5.0649886660E-01   
impot energy                   0.00000000E+00   3.0457328792E+00 +-    1.9072941880E+00   
v cent                         0.00000000E+00  -1.3412628682E+01 +-    1.0268711924E+00   
v tau                          0.00000000E+00  -1.9974930842E-01 +-    1.2783491208E-01   
v sigma                        0.00000000E+00  -3.5295413878E+00 +-    3.0480760875E-01   
v sigtau                       0.00000000E+00  -9.9955624776E+00 +-    4.8527785621E-01   
v tensor                       0.00000000E+00   4.9322079962E-01 +-    2.6378774910E-01   
v tenstau                      0.00000000E+00  -9.3575630915E+00 +-    1.5236606882E+00   
v ls                           0.00000000E+00   2.2777308601E+00 +-    1.3188206758E+00   
v lstau                        0.00000000E+00   0.0000000000E+00 +-    0.0000000000E+00   
vpot v6                        0.00000000E+00  -3.6001824148E+01 +-    1.6529815084E+00   
vpot v8                        0.00000000E+00  -3.3724093287E+01 +-    1.7590555975E+00   
v coulomb                      0.00000000E+00   0.0000000000E+00 +-    0.0000000000E+00   
v external                     0.00000000E+00   0.0000000000E+00 +-    0.0000000000E+00   
tni 2pipr-anticomm             0.00000000E+00   0.0000000000E+00 +-    0.0000000000E+00   
tni vd1pr                      0.00000000E+00   0.0000000000E+00 +-    0.0000000000E+00   
tni vepr                       0.00000000E+00   0.0000000000E+00 +-    0.0000000000E+00   
tni central                    0.00000000E+00   0.0000000000E+00 +-    0.0000000000E+00   
tni 2pixx-anticommutator       0.00000000E+00   0.0000000000E+00 +-    0.0000000000E+00   
tni 2pixd-anticommutator       0.00000000E+00   0.0000000000E+00 +-    0.0000000000E+00   
tni 2pidd-anticommutator       0.00000000E+00   0.0000000000E+00 +-    0.0000000000E+00   
tni 2pixx-commutator           0.00000000E+00   0.0000000000E+00 +-    0.0000000000E+00   
tni 2pixd-commutator           0.00000000E+00   0.0000000000E+00 +-    0.0000000000E+00   
tni 2pidd-commutator           0.00000000E+00   0.0000000000E+00 +-    0.0000000000E+00   
tni 2pi-tm                     0.00000000E+00   0.0000000000E+00 +-    0.0000000000E+00   
tni vd1                        0.00000000E+00   0.0000000000E+00 +-    0.0000000000E+00   
tni vd2                        0.00000000E+00   0.0000000000E+00 +-    0.0000000000E+00   
tni ve                         0.00000000E+00   0.0000000000E+00 +-    0.0000000000E+00   
vpottot v8+tni                 0.00000000E+00  -3.3724093287E+01 +-    1.7590555975E+00   
enetot v8+tni                  0.00000000E+00   3.9279687233E+00 +-    1.4387027849E+00   
vper cent                      0.00000000E+00  -1.3412628682E+01 +-    1.0268711924E+00   
vper tau                       0.00000000E+00   0.0000000000E+00 +-    0.0000000000E+00   
vper sigma                     0.00000000E+00   0.0000000000E+00 +-    0.0000000000E+00   
vper sigtau                    0.00000000E+00   0.0000000000E+00 +-    0.0000000000E+00   
vper tensor                    0.00000000E+00   0.0000000000E+00 +-    0.0000000000E+00   
vper tenstau                   0.00000000E+00   0.0000000000E+00 +-    0.0000000000E+00   
vper ls                        0.00000000E+00   2.2777308601E+00 +-    1.3188206758E+00   
vper lstau                     0.00000000E+00   0.0000000000E+00 +-    0.0000000000E+00   
vpotper v6                     0.00000000E+00  -1.3412628682E+01 +-    1.0268711924E+00   
vpotper v8                     0.00000000E+00  -1.1134897822E+01 +-    1.7668459971E+00   
vpotv6pr-vpotv6per diff        0.00000000E+00  -2.2589195466E+01 +-    1.5446441566E+00   
vpotv8pr-vpotv8per diff        0.00000000E+00  -2.2589195466E+01 +-    1.5446441566E+00   
2piapr-2pia diff               0.00000000E+00   0.0000000000E+00 +-    0.0000000000E+00   
vd1pr-vd1 diff                 0.00000000E+00   0.0000000000E+00 +-    0.0000000000E+00   
vepr-ve diff                   0.00000000E+00   0.0000000000E+00 +-    0.0000000000E+00   
2piapr-2pia-2picxx             0.00000000E+00   0.0000000000E+00 +-    0.0000000000E+00   
vd1pr-vd1-2picxd               0.00000000E+00   0.0000000000E+00 +-    0.0000000000E+00   
vepr-ve-2picdd                 0.00000000E+00   0.0000000000E+00 +-    0.0000000000E+00   
proton rms                     0.00000000E+00   0.0000000000E+00 +-    0.0000000000E+00   
neutron rms                    0.00000000E+00   0.0000000000E+00 +-    0.0000000000E+00   
total rms                      0.00000000E+00   0.0000000000E+00 +-    0.0000000000E+00   
neutron-proton rms             0.00000000E+00   0.0000000000E+00 +-    0.0000000000E+00   
jackson-feenberg energy        0.00000000E+00   5.7766098557E+00 +-    5.9954147868E+00   
acceptance                     0.00000000E+00   5.2900000000E-01 +-    1.5784771142E-02   
acceptance-spin                0.00000000E+00   5.5700000000E-01 +-    1.5708309903E-02   
Time for propagation (sec) (min) =           0.513      0.009
Time for energies (sec) (min) =             13.474      0.225
Time for load balancing (sec) (min) =        0.000      0.000
Time for block (sec) (min) =                14.131      0.236
Time for operators (sec) (min) =             4.910      0.082
Elapsed block time (sec) (min) =            19.041      0.317

iteration =                               2
walker number =                         100
total energy-propagated        0.00000000E+00   3.9046828460E+00 +-    1.4474584465E+00   
kinetic energy                 0.00000000E+00   3.5823913200E+01 +-    1.8377475002E+00   
potential energy               0.00000000E+00  -3.1919230354E+01 +-    2.5684802560E+00   
im energy                      0.00000000E+00   1.0281941373E+00 +-    1.3769561602E+00   
imkin energy                   0.00000000E+00  -7.0147415531E-01 +-    8.1370265510E-01   
impot energy                   0.00000000E+00   1.7296682927E+00 +-    1.4538042498E+00   
v cent                         0.00000000E+00  -7.5887038943E+00 +-    2.0913318294E+00   
v tau                          0.00000000E+00  -5.1653595403E-01 +-    2.0004835435E-01   
v sigma                        0.00000000E+00  -5.1053533623E+00 +-    2.8846908026E-01   
v sigtau                       0.00000000E+00  -1.2935374685E+01 +-    4.3446505848E-01   
v tensor                       0.00000000E+00  -8.6812994127E-02 +-    2.8650922854E-01   
v tenstau                      0.00000000E+00  -7.1412497797E+00 +-    1.2075888611E+00   
v ls                           0.00000000E+00   1.4548003155E+00 +-    1.5096808325E+00   
v lstau                        0.00000000E+00   0.0000000000E+00 +-    0.0000000000E+00   
vpot v6                        0.00000000E+00  -3.3374030669E+01 +-    2.5670535021E+00   
vpot v8                        0.00000000E+00  -3.1919230354E+01 +-    2.5684802560E+00   
v coulomb                      0.00000000E+00   0.0000000000E+00 +-    0.0000000000E+00   
v external                     0.00000000E+00   0.0000000000E+00 +-    0.0000000000E+00   
tni 2pipr-anticomm             0.00000000E+00   0.0000000000E+00 +-    0.0000000000E+00   
tni vd1pr                      0.00000000E+00   0.0000000000E+00 +-    0.0000000000E+00   
tni vepr                       0.00000000E+00   0.0000000000E+00 +-    0.0000000000E+00   
tni central                    0.00000000E+00   0.0000000000E+00 +-    0.0000000000E+00   
tni 2pixx-anticommutator       0.00000000E+00   0.0000000000E+00 +-    0.0000000000E+00   
tni 2pixd-anticommutator       0.00000000E+00   0.0000000000E+00 +-    0.0000000000E+00   
tni 2pidd-anticommutator       0.00000000E+00   0.0000000000E+00 +-    0.0000000000E+00   
tni 2pixx-commutator           0.00000000E+00   0.0000000000E+00 +-    0.0000000000E+00   
tni 2pixd-commutator           0.00000000E+00   0.0000000000E+00 +-    0.0000000000E+00   
tni 2pidd-commutator           0.00000000E+00   0.0000000000E+00 +-    0.0000000000E+00   
tni 2pi-tm                     0.00000000E+00   0.0000000000E+00 +-    0.0000000000E+00   
tni vd1                        0.00000000E+00   0.0000000000E+00 +-    0.0000000000E+00   
tni vd2                        0.00000000E+00   0.0000000000E+00 +-    0.0000000000E+00   
tni ve                         0.00000000E+00   0.0000000000E+00 +-    0.0000000000E+00   
vpottot v8+tni                 0.00000000E+00  -3.1919230354E+01 +-    2.5684802560E+00   
enetot v8+tni                  0.00000000E+00   3.9046828460E+00 +-    1.4474584465E+00   
vper cent                      0.00000000E+00  -7.5887038943E+00 +-    2.0913318294E+00   
vper tau                       0.00000000E+00   0.0000000000E+00 +-    0.0000000000E+00   
vper sigma                     0.00000000E+00   0.0000000000E+00 +-    0.0000000000E+00   
vper sigtau                    0.00000000E+00   0.0000000000E+00 +-    0.0000000000E+00   
vper tensor                    0.00000000E+00   0.0000000000E+00 +-    0.0000000000E+00   
vper tenstau                   0.00000000E+00   0.0000000000E+00 +-    0.0000000000E+00   
vper ls                        0.00000000E+00   1.4548003155E+00 +-    1.5096808325E+00   
vper lstau                     0.00000000E+00   0.0000000000E+00 +-    0.0000000000E+00   
vpotper v6                     0.00000000E+00  -7.5887038943E+00 +-    2.0913318294E+00   
vpotper v8                     0.00000000E+00  -6.1339035788E+00 +-    2.3989533521E+00   
vpotv6pr-vpotv6per diff        0.00000000E+00  -2.5785326775E+01 +-    1.4441242665E+00   
vpotv8pr-vpotv8per diff        0.00000000E+00  -2.5785326775E+01 +-    1.4441242665E+00   
2piapr-2pia diff               0.00000000E+00   0.0000000000E+00 +-    0.0000000000E+00   
vd1pr-vd1 diff                 0.00000000E+00   0.0000000000E+00 +-    0.0000000000E+00   
vepr-ve diff                   0.00000000E+00   0.0000000000E+00 +-    0.0000000000E+00   
2piapr-2pia-2picxx             0.00000000E+00   0.0000000000E+00 +-    0.0000000000E+00   
vd1pr-vd1-2picxd               0.00000000E+00   0.0000000000E+00 +-    0.0000000000E+00   
vepr-ve-2picdd                 0.00000000E+00   0.0000000000E+00 +-    0.0000000000E+00   
proton rms                     0.00000000E+00   0.0000000000E+00 +-    0.0000000000E+00   
neutron rms                    0.00000000E+00   0.0000000000E+00 +-    0.0000000000E+00   
total rms                      0.00000000E+00   0.0000000000E+00 +-    0.0000000000E+00   
neutron-proton rms             0.00000000E+00   0.0000000000E+00 +-    0.0000000000E+00   
jackson-feenberg energy        0.00000000E+00   3.0200961792E+00 +-    2.9296152278E+00   
acceptance                     0.00000000E+00   4.4100000000E-01 +-    1.5700923540E-02   
acceptance-spin                0.00000000E+00   4.9500000000E-01 +-    1.5810597712E-02   
Time for propagation (sec) (min) =           0.508      0.008
Time for energies (sec) (min) =             14.213      0.237
Time for load balancing (sec) (min) =        0.000      0.000
Time for block (sec) (min) =                14.870      0.248
Time for operators (sec) (min) =             4.504      0.075
Elapsed block time (sec) (min) =            38.415      0.640

iteration =                               3
walker number =                         100
total energy-propagated        0.00000000E+00   4.9394382536E+00 +-    1.6867775327E+00   
kinetic energy                 0.00000000E+00   4.0000977542E+01 +-    1.5145586812E+00   
potential energy               0.00000000E+00  -3.5061539289E+01 +-    2.4195828658E+00   
im energy                      0.00000000E+00  -1.3055888931E-01 +-    1.7629103819E+00   
imkin energy                   0.00000000E+00  -1.4890979984E+00 +-    5.5419777428E-01   
impot energy                   0.00000000E+00   1.3585391091E+00 +-    1.8281438496E+00   
v cent                         0.00000000E+00  -6.9075645048E+00 +-    1.8120854396E+00   
v tau                          0.00000000E+00  -2.1570005212E-01 +-    1.3155126613E-01   
v sigma                        0.00000000E+00  -5.5443053724E+00 +-    3.0790856295E-01   
v sigtau                       0.00000000E+00  -1.4329275655E+01 +-    4.5732887962E-01   
v tensor                       0.00000000E+00   4.1293940987E-01 +-    2.1725168656E-01   
v tenstau                      0.00000000E+00  -1.0536182741E+01 +-    1.1454963093E+00   
v ls                           0.00000000E+00   2.0585496269E+00 +-    1.5486690441E+00   
v lstau                        0.00000000E+00   0.0000000000E+00 +-    0.0000000000E+00   
vpot v6                        0.00000000E+00  -3.7120088915E+01 +-    2.0353993272E+00   
vpot v8                        0.00000000E+00  -3.5061539289E+01 +-    2.4195828658E+00   
v coulomb                      0.00000000E+00   0.0000000000E+00 +-    0.0000000000E+00   
v external                     0.00000000E+00   0.0000000000E+00 +-    0.0000000000E+00   
tni 2pipr-anticomm             0.00000000E+00   0.0000000000E+00 +-    0.0000000000E+00   
tni vd1pr                      0.00000000E+00   0.0000000000E+00 +-    0.0000000000E+00   
tni vepr                       0.00000000E+00   0.0000000000E+00 +-    0.0000000000E+00   
tni central                    0.00000000E+00   0.0000000000E+00 +-    0.0000000000E+00   
tni 2pixx-anticommutator       0.00000000E+00   0.0000000000E+00 +-    0.0000000000E+00   
tni 2pixd-anticommutator       0.00000000E+00   0.0000000000E+00 +-    0.0000000000E+00   
tni 2pidd-anticommutator       0.00000000E+00   0.0000000000E+00 +-    0.0000000000E+00   
tni 2pixx-commutator           0.00000000E+00   0.0000000000E+00 +-    0.0000000000E+00   
tni 2pixd-commutator           0.00000000E+00   0.0000000000E+00 +-    0.0000000000E+00   
tni 2pidd-commutator           0.00000000E+00   0.0000000000E+00 +-    0.0000000000E+00   
tni 2pi-tm                     0.00000000E+00   0.0000000000E+00 +-    0.0000000000E+00   
tni vd1                        0.00000000E+00   0.0000000000E+00 +-    0.0000000000E+00   
tni vd2                        0.00000000E+00   0.0000000000E+00 +-    0.0000000000E+00   
tni ve                         0.00000000E+00   0.0000000000E+00 +-    0.0000000000E+00   
vpottot v8+tni                 0.00000000E+00  -3.5061539289E+01 +-    2.4195828658E+00   
enetot v8+tni                  0.00000000E+00   4.9394382536E+00 +-    1.6867775327E+00   
vper cent                      0.00000000E+00  -6.9075645048E+00 +-    1.8120854396E+00   
vper tau                       0.00000000E+00   0.0000000000E+00 +-    0.0000000000E+00   
vper sigma                     0.00000000E+00   0.0000000000E+00 +-    0.0000000000E+00   
vper sigtau                    0.00000000E+00   0.0000000000E+00 +-    0.0000000000E+00   
vper tensor                    0.00000000E+00   0.0000000000E+00 +-    0.0000000000E+00   
vper tenstau                   0.00000000E+00   0.0000000000E+00 +-    0.0000000000E+00   
vper ls                        0.00000000E+00   2.0585496269E+00 +-    1.5486690441E+00   
vper lstau                     0.00000000E+00   0.0000000000E+00 +-    0.0000000000E+00   
vpotper v6                     0.00000000E+00  -6.9075645048E+00 +-    1.8120854396E+00   
vpotper v8                     0.00000000E+00  -4.8490148779E+00 +-    2.4236184620E+00   
vpotv6pr-vpotv6per diff        0.00000000E+00  -3.0212524411E+01 +-    1.3578833133E+00   
vpotv8pr-vpotv8per diff        0.00000000E+00  -3.0212524411E+01 +-    1.3578833133E+00   
2piapr-2pia diff               0.00000000E+00   0.0000000000E+00 +-    0.0000000000E+00   
vd1pr-vd1 diff                 0.00000000E+00   0.0000000000E+00 +-    0.0000000000E+00   
vepr-ve diff                   0.00000000E+00   0.0000000000E+00 +-    0.0000000000E+00   
2piapr-2pia-2picxx             0.00000000E+00   0.0000000000E+00 +-    0.0000000000E+00   
vd1pr-vd1-2picxd               0.00000000E+00   0.0000000000E+00 +-    0.0000000000E+00   
vepr-ve-2picdd                 0.00000000E+00   0.0000000000E+00 +-    0.0000000000E+00   
proton rms                     0.00000000E+00   0.0000000000E+00 +-    0.0000000000E+00   
neutron rms                    0.00000000E+00   0.0000000000E+00 +-    0.0000000000E+00   
total rms                      0.00000000E+00   0.0000000000E+00 +-    0.0000000000E+00   
neutron-proton rms             0.00000000E+00   0.0000000000E+00 +-    0.0000000000E+00   
jackson-feenberg energy        0.00000000E+00   2.6824218950E+00 +-    2.6731208532E+00   
acceptance                     0.00000000E+00   4.6600000000E-01 +-    1.5774790014E-02   
acceptance-spin                0.00000000E+00   4.4400000000E-01 +-    1.5711906313E-02   
Time for propagation (sec) (min) =           0.503      0.008
Time for energies (sec) (min) =             14.566      0.243
Time for load balancing (sec) (min) =        0.000      0.000
Time for block (sec) (min) =                15.213      0.254
Time for operators (sec) (min) =             5.124      0.085
Elapsed block time (sec) (min) =            58.753      0.979

iteration =                               4
walker number =                         100
total energy-propagated        0.00000000E+00   5.2438413746E+00 +-    1.7751372965E+00   
kinetic energy                 0.00000000E+00   3.8137503906E+01 +-    1.8363240311E+00   
potential energy               0.00000000E+00  -3.2893662532E+01 +-    2.7365802655E+00   
im energy                      0.00000000E+00  -1.5038053312E+00 +-    1.6299254247E+00   
imkin energy                   0.00000000E+00  -1.7884001526E-01 +-    5.6482238695E-01   
impot energy                   0.00000000E+00  -1.3249653160E+00 +-    1.8625081367E+00   
v cent                         0.00000000E+00  -4.8843087349E+00 +-    1.9880249338E+00   
v tau                          0.00000000E+00  -3.9201817244E-01 +-    1.9435317641E-01   
v sigma                        0.00000000E+00  -5.7523846236E+00 +-    3.8544667242E-01   
v sigtau                       0.00000000E+00  -1.5668450585E+01 +-    4.6015368242E-01   
v tensor                       0.00000000E+00   3.6159123677E-01 +-    2.0540907598E-01   
v tenstau                      0.00000000E+00  -7.3950696437E+00 +-    1.2301651460E+00   
v ls                           0.00000000E+00   8.3697799113E-01 +-    1.5006094849E+00   
v lstau                        0.00000000E+00   0.0000000000E+00 +-    0.0000000000E+00   
vpot v6                        0.00000000E+00  -3.3730640523E+01 +-    2.2641580146E+00   
vpot v8                        0.00000000E+00  -3.2893662532E+01 +-    2.7365802655E+00   
v coulomb                      0.00000000E+00   0.0000000000E+00 +-    0.0000000000E+00   
v external                     0.00000000E+00   0.0000000000E+00 +-    0.0000000000E+00   
tni 2pipr-anticomm             0.00000000E+00   0.0000000000E+00 +-    0.0000000000E+00   
tni vd1pr                      0.00000000E+00   0.0000000000E+00 +-    0.0000000000E+00   
tni vepr                       0.00000000E+00   0.0000000000E+00 +-    0.0000000000E+00   
tni central                    0.00000000E+00   0.0000000000E+00 +-    0.0000000000E+00   
tni 2pixx-anticommutator       0.00000000E+00   0.0000000000E+00 +-    0.0000000000E+00   
tni 2pixd-anticommutator       0.00000000E+00   0.0000000000E+00 +-    0.0000000000E+00   
tni 2pidd-anticommutator       0.00000000E+00   0.0000000000E+00 +-    0.0000000000E+00   
tni 2pixx-commutator           0.00000000E+00   0.0000000000E+00 +-    0.0000000000E+00   
tni 2pixd-commutator           0.00000000E+00   0.0000000000E+00 +-    0.0000000000E+00   
tni 2pidd-commutator           0.00000000E+00   0.0000000000E+00 +-    0.0000000000E+00   
tni 2pi-tm                     0.00000000E+00   0.0000000000E+00 +-    0.0000000000E+00   
tni vd1                        0.00000000E+00   0.0000000000E+00 +-    0.0000000000E+00   
tni vd2                        0.00000000E+00   0.0000000000E+00 +-    0.0000000000E+00   
tni ve                         0.00000000E+00   0.0000000000E+00 +-    0.0000000000E+00   
vpottot v8+tni                 0.00000000E+00  -3.2893662532E+01 +-    2.7365802655E+00   
enetot v8+tni                  0.00000000E+00   5.2438413746E+00 +-    1.7751372965E+00   
vper cent                      0.00000000E+00  -4.8843087349E+00 +-    1.9880249338E+00   
vper tau                       0.00000000E+00   0.0000000000E+00 +-    0.0000000000E+00   
vper sigma                     0.00000000E+00   0.0000000000E+00 +-    0.0000000000E+00   
vper sigtau                    0.00000000E+00   0.0000000000E+00 +-    0.0000000000E+00   
vper tensor                    0.00000000E+00   0.0000000000E+00 +-    0.0000000000E+00   
vper tenstau                   0.00000000E+00   0.0000000000E+00 +-    0.0000000000E+00   
vper ls                        0.00000000E+00   8.3697799113E-01 +-    1.5006094849E+00   
vper lstau                     0.00000000E+00   0.0000000000E+00 +-    0.0000000000E+00   
vpotper v6                     0.00000000E+00  -4.8843087349E+00 +-    1.9880249338E+00   
vpotper v8                     0.00000000E+00  -4.0473307438E+00 +-    2.6049000704E+00   
vpotv6pr-vpotv6per diff        0.00000000E+00  -2.8846331788E+01 +-    1.2503522051E+00   
vpotv8pr-vpotv8per diff        0.00000000E+00  -2.8846331788E+01 +-    1.2503522051E+00   
2piapr-2pia diff               0.00000000E+00   0.0000000000E+00 +-    0.0000000000E+00   
vd1pr-vd1 diff                 0.00000000E+00   0.0000000000E+00 +-    0.0000000000E+00   
vepr-ve diff                   0.00000000E+00   0.0000000000E+00 +-    0.0000000000E+00   
2piapr-2pia-2picxx             0.00000000E+00   0.0000000000E+00 +-    0.0000000000E+00   
vd1pr-vd1-2picxd               0.00000000E+00   0.0000000000E+00 +-    0.0000000000E+00   
vepr-ve-2picdd                 0.00000000E+00   0.0000000000E+00 +-    0.0000000000E+00   
proton rms                     0.00000000E+00   0.0000000000E+00 +-    0.0000000000E+00   
neutron rms                    0.00000000E+00   0.0000000000E+00 +-    0.0000000000E+00   
total rms                      0.00000000E+00   0.0000000000E+00 +-    0.0000000000E+00   
neutron-proton rms             0.00000000E+00   0.0000000000E+00 +-    0.0000000000E+00   
jackson-feenberg energy        0.00000000E+00   5.9169339961E+00 +-    2.6638420576E+00   
acceptance                     0.00000000E+00   4.2100000000E-01 +-    1.5612783224E-02   
acceptance-spin                0.00000000E+00   4.6300000000E-01 +-    1.5768037291E-02   
Time for propagation (sec) (min) =           0.504      0.008
Time for energies (sec) (min) =             14.161      0.236
Time for load balancing (sec) (min) =        0.000      0.000
Time for block (sec) (min) =                14.811      0.247
Time for operators (sec) (min) =             3.435      0.057
Elapsed block time (sec) (min) =            76.999      1.283

iteration =                               5
walker number =                         100
total energy-propagated        0.00000000E+00   5.4131682427E+00 +-    1.5745760688E+00   
kinetic energy                 0.00000000E+00   3.5839348342E+01 +-    2.1288255144E+00   
potential energy               0.00000000E+00  -3.0426180100E+01 +-    2.7880200126E+00   
im energy                      0.00000000E+00   2.1483466613E+00 +-    2.0124812799E+00   
imkin energy                   0.00000000E+00  -7.2017817691E-02 +-    7.9602006379E-01   
impot energy                   0.00000000E+00   2.2203644790E+00 +-    1.9965935903E+00   
v cent                         0.00000000E+00  -4.1140968410E+00 +-    2.4544788042E+00   
v tau                          0.00000000E+00  -3.1296835783E-01 +-    3.0241675732E-01   
v sigma                        0.00000000E+00  -5.7345516503E+00 +-    3.6925304873E-01   
v sigtau                       0.00000000E+00  -1.4011257455E+01 +-    4.6023060506E-01   
v tensor                       0.00000000E+00   1.8970156569E-01 +-    1.3771520611E-01   
v tenstau                      0.00000000E+00  -7.6541377232E+00 +-    9.5478680909E-01   
v ls                           0.00000000E+00   1.2111303622E+00 +-    1.4802566943E+00   
v lstau                        0.00000000E+00   0.0000000000E+00 +-    0.0000000000E+00   
vpot v6                        0.00000000E+00  -3.1637310462E+01 +-    2.4425367304E+00   
vpot v8                        0.00000000E+00  -3.0426180100E+01 +-    2.7880200126E+00   
v coulomb                      0.00000000E+00   0.0000000000E+00 +-    0.0000000000E+00   
v external                     0.00000000E+00   0.0000000000E+00 +-    0.0000000000E+00   
tni 2pipr-anticomm             0.00000000E+00   0.0000000000E+00 +-    0.0000000000E+00   
tni vd1pr                      0.00000000E+00   0.0000000000E+00 +-    0.0000000000E+00   
tni vepr                       0.00000000E+00   0.0000000000E+00 +-    0.0000000000E+00   
tni central                    0.00000000E+00   0.0000000000E+00 +-    0.0000000000E+00   
tni 2pixx-anticommutator       0.00000000E+00   0.0000000000E+00 +-    0.0000000000E+00   
tni 2pixd-anticommutator       0.00000000E+00   0.0000000000E+00 +-    0.0000000000E+00   
tni 2pidd-anticommutator       0.00000000E+00   0.0000000000E+00 +-    0.0000000000E+00   
tni 2pixx-commutator           0.00000000E+00   0.0000000000E+00 +-    0.0000000000E+00   
tni 2pixd-commutator           0.00000000E+00   0.0000000000E+00 +-    0.0000000000E+00   
tni 2pidd-commutator           0.00000000E+00   0.0000000000E+00 +-    0.0000000000E+00   
tni 2pi-tm                     0.00000000E+00   0.0000000000E+00 +-    0.0000000000E+00   
tni vd1                        0.00000000E+00   0.0000000000E+00 +-    0.0000000000E+00   
tni vd2                        0.00000000E+00   0.0000000000E+00 +-    0.0000000000E+00   
tni ve                         0.00000000E+00   0.0000000000E+00 +-    0.0000000000E+00   
vpottot v8+tni                 0.00000000E+00  -3.0426180100E+01 +-    2.7880200126E+00   
enetot v8+tni                  0.00000000E+00   5.4131682427E+00 +-    1.5745760688E+00   
vper cent                      0.00000000E+00  -4.1140968410E+00 +-    2.4544788042E+00   
vper tau                       0.00000000E+00   0.0000000000E+00 +-    0.0000000000E+00   
vper sigma                     0.00000000E+00   0.0000000000E+00 +-    0.0000000000E+00   
vper sigtau                    0.00000000E+00   0.0000000000E+00 +-    0.0000000000E+00   
vper tensor                    0.00000000E+00   0.0000000000E+00 +-    0.0000000000E+00   
vper tenstau                   0.00000000E+00   0.0000000000E+00 +-    0.0000000000E+00   
vper ls                        0.00000000E+00   1.2111303622E+00 +-    1.4802566943E+00   
vper lstau                     0.00000000E+00   0.0000000000E+00 +-    0.0000000000E+00   
vpotper v6                     0.00000000E+00  -4.1140968410E+00 +-    2.4544788042E+00   
vpotper v8                     0.00000000E+00  -2.9029664788E+00 +-    2.8168929653E+00   
vpotv6pr-vpotv6per diff        0.00000000E+00  -2.7523213621E+01 +-    1.1363037834E+00   
vpotv8pr-vpotv8per diff        0.00000000E+00  -2.7523213621E+01 +-    1.1363037834E+00   
2piapr-2pia diff               0.00000000E+00   0.0000000000E+00 +-    0.0000000000E+00   
vd1pr-vd1 diff                 0.00000000E+00   0.0000000000E+00 +-    0.0000000000E+00   
vepr-ve diff                   0.00000000E+00   0.0000000000E+00 +-    0.0000000000E+00   
2piapr-2pia-2picxx             0.00000000E+00   0.0000000000E+00 +-    0.0000000000E+00   
vd1pr-vd1-2picxd               0.00000000E+00   0.0000000000E+00 +-    0.0000000000E+00   
vepr-ve-2picdd                 0.00000000E+00   0.0000000000E+00 +-    0.0000000000E+00   
proton rms                     0.00000000E+00   0.0000000000E+00 +-    0.0000000000E+00   
neutron rms                    0.00000000E+00   0.0000000000E+00 +-    0.0000000000E+00   
total rms                      0.00000000E+00   0.0000000000E+00 +-    0.0000000000E+00   
neutron-proton rms             0.00000000E+00   0.0000000000E+00 +-    0.0000000000E+00   
jackson-feenberg energy        0.00000000E+00   8.5241355823E+00 +-    3.2071871407E+00   
acceptance                     0.00000000E+00   4.6800000000E-01 +-    1.5778973351E-02   
acceptance-spin                0.00000000E+00   4.7700000000E-01 +-    1.5794650993E-02   
Time for propagation (sec) (min) =           0.501      0.008
Time for energies (sec) (min) =             13.671      0.228
Time for load balancing (sec) (min) =        0.003      0.000
Time for block (sec) (min) =                14.318      0.239
Time for operators (sec) (min) =             4.392      0.073
Elapsed block time (sec) (min) =            95.710      1.595

iteration =                               6
walker number =                         100
total energy-propagated        0.00000000E+00   3.3936429658E+00 +-    1.2976431433E+00   
kinetic energy                 0.00000000E+00   3.9359945280E+01 +-    1.1770107808E+00   
potential energy               0.00000000E+00  -3.5966302314E+01 +-    1.7730048348E+00   
im energy                      0.00000000E+00  -1.1884331763E+00 +-    1.3754748789E+00   
imkin energy                   0.00000000E+00  -2.3366990208E-01 +-    3.9550922439E-01   
impot energy                   0.00000000E+00  -9.5476327427E-01 +-    1.3857205209E+00   
v cent                         0.00000000E+00  -9.9088799052E+00 +-    1.3010647036E+00   
v tau                          0.00000000E+00   2.4028868729E-02 +-    1.3137257860E-01   
v sigma                        0.00000000E+00  -5.6472456139E+00 +-    3.6189898104E-01   
v sigtau                       0.00000000E+00  -1.4262800496E+01 +-    4.3491631602E-01   
v tensor                       0.00000000E+00   7.1156504636E-02 +-    1.7282887177E-01   
v tenstau                      0.00000000E+00  -4.7738463454E+00 +-    9.4420242752E-01   
v ls                           0.00000000E+00  -1.4687153272E+00 +-    1.1831753609E+00   
v lstau                        0.00000000E+00   0.0000000000E+00 +-    0.0000000000E+00   
vpot v6                        0.00000000E+00  -3.4497586987E+01 +-    1.4919145804E+00   
vpot v8                        0.00000000E+00  -3.5966302314E+01 +-    1.7730048348E+00   
v coulomb                      0.00000000E+00   0.0000000000E+00 +-    0.0000000000E+00   
v external                     0.00000000E+00   0.0000000000E+00 +-    0.0000000000E+00   
tni 2pipr-anticomm             0.00000000E+00   0.0000000000E+00 +-    0.0000000000E+00   
tni vd1pr                      0.00000000E+00   0.0000000000E+00 +-    0.0000000000E+00   
tni vepr                       0.00000000E+00   0.0000000000E+00 +-    0.0000000000E+00   
tni central                    0.00000000E+00   0.0000000000E+00 +-    0.0000000000E+00   
tni 2pixx-anticommutator       0.00000000E+00   0.0000000000E+00 +-    0.0000000000E+00   
tni 2pixd-anticommutator       0.00000000E+00   0.0000000000E+00 +-    0.0000000000E+00   
tni 2pidd-anticommutator       0.00000000E+00   0.0000000000E+00 +-    0.0000000000E+00   
tni 2pixx-commutator           0.00000000E+00   0.0000000000E+00 +-    0.0000000000E+00   
tni 2pixd-commutator           0.00000000E+00   0.0000000000E+00 +-    0.0000000000E+00   
tni 2pidd-commutator           0.00000000E+00   0.0000000000E+00 +-    0.0000000000E+00   
tni 2pi-tm                     0.00000000E+00   0.0000000000E+00 +-    0.0000000000E+00   
tni vd1                        0.00000000E+00   0.0000000000E+00 +-    0.0000000000E+00   
tni vd2                        0.00000000E+00   0.0000000000E+00 +-    0.0000000000E+00   
tni ve                         0.00000000E+00   0.0000000000E+00 +-    0.0000000000E+00   
vpottot v8+tni                 0.00000000E+00  -3.5966302314E+01 +-    1.7730048348E+00   
enetot v8+tni                  0.00000000E+00   3.3936429658E+00 +-    1.2976431433E+00   
vper cent                      0.00000000E+00  -9.9088799052E+00 +-    1.3010647036E+00   
vper tau                       0.00000000E+00   0.0000000000E+00 +-    0.0000000000E+00   
vper sigma                     0.00000000E+00   0.0000000000E+00 +-    0.0000000000E+00   
vper sigtau                    0.00000000E+00   0.0000000000E+00 +-    0.0000000000E+00   
vper tensor                    0.00000000E+00   0.0000000000E+00 +-    0.0000000000E+00   
vper tenstau                   0.00000000E+00   0.0000000000E+00 +-    0.0000000000E+00   
vper ls                        0.00000000E+00  -1.4687153272E+00 +-    1.1831753609E+00   
vper lstau                     0.00000000E+00   0.0000000000E+00 +-    0.0000000000E+00   
vpotper v6                     0.00000000E+00  -9.9088799052E+00 +-    1.3010647036E+00   
vpotper v8                     0.00000000E+00  -1.1377595232E+01 +-    1.7536671936E+00   
vpotv6pr-vpotv6per diff        0.00000000E+00  -2.4588707082E+01 +-    1.1112200068E+00   
vpotv8pr-vpotv8per diff        0.00000000E+00  -2.4588707082E+01 +-    1.1112200068E+00   
2piapr-2pia diff               0.00000000E+00   0.0000000000E+00 +-    0.0000000000E+00   
vd1pr-vd1 diff                 0.00000000E+00   0.0000000000E+00 +-    0.0000000000E+00   
vepr-ve diff                   0.00000000E+00   0.0000000000E+00 +-    0.0000000000E+00   
2piapr-2pia-2picxx             0.00000000E+00   0.0000000000E+00 +-    0.0000000000E+00   
vd1pr-vd1-2picxd               0.00000000E+00   0.0000000000E+00 +-    0.0000000000E+00   
vepr-ve-2picdd                 0.00000000E+00   0.0000000000E+00 +-    0.0000000000E+00   
proton rms                     0.00000000E+00   0.0000000000E+00 +-    0.0000000000E+00   
neutron rms                    0.00000000E+00   0.0000000000E+00 +-    0.0000000000E+00   
total rms                      0.00000000E+00   0.0000000000E+00 +-    0.0000000000E+00   
neutron-proton rms             0.00000000E+00   0.0000000000E+00 +-    0.0000000000E+00   
jackson-feenberg energy        0.00000000E+00   1.9053481261E+00 +-    2.4505561285E+00   
acceptance                     0.00000000E+00   4.4700000000E-01 +-    1.5722308991E-02   
acceptance-spin                0.00000000E+00   4.4900000000E-01 +-    1.5728922404E-02   
Time for propagation (sec) (min) =           0.504      0.008
Time for energies (sec) (min) =             14.391      0.240
Time for load balancing (sec) (min) =        0.000      0.000
Time for block (sec) (min) =                15.039      0.251
Time for operators (sec) (min) =             4.787      0.080
Elapsed block time (sec) (min) =           115.536      1.926

iteration =                               7
walker number =                         100
total energy-propagated        0.00000000E+00   6.7334742371E+00 +-    1.5563486922E+00   
kinetic energy                 0.00000000E+00   3.6710629398E+01 +-    1.9622133014E+00   
potential energy               0.00000000E+00  -2.9977155160E+01 +-    2.6635331923E+00   
im energy                      0.00000000E+00   7.2665902818E-01 +-    1.4868187055E+00   
imkin energy                   0.00000000E+00   7.2166085192E-01 +-    5.8729370640E-01   
impot energy                   0.00000000E+00   4.9981762667E-03 +-    1.4508731090E+00   
v cent                         0.00000000E+00  -5.4672477927E+00 +-    2.3259611060E+00   
v tau                          0.00000000E+00  -1.3265220882E-01 +-    1.5343935205E-01   
v sigma                        0.00000000E+00  -5.6246206694E+00 +-    3.6476161336E-01   
v sigtau                       0.00000000E+00  -1.4359865125E+01 +-    4.8042153082E-01   
v tensor                       0.00000000E+00   4.2045194592E-01 +-    1.9417764661E-01   
v tenstau                      0.00000000E+00  -6.0777449964E+00 +-    9.9535619372E-01   
v ls                           0.00000000E+00   1.2645236856E+00 +-    1.3108061833E+00   
v lstau                        0.00000000E+00   0.0000000000E+00 +-    0.0000000000E+00   
vpot v6                        0.00000000E+00  -3.1241678846E+01 +-    2.2472322732E+00   
vpot v8                        0.00000000E+00  -2.9977155160E+01 +-    2.6635331923E+00   
v coulomb                      0.00000000E+00   0.0000000000E+00 +-    0.0000000000E+00   
v external                     0.00000000E+00   0.0000000000E+00 +-    0.0000000000E+00   
tni 2pipr-anticomm             0.00000000E+00   0.0000000000E+00 +-    0.0000000000E+00   
tni vd1pr                      0.00000000E+00   0.0000000000E+00 +-    0.0000000000E+00   
tni vepr                       0.00000000E+00   0.0000000000E+00 +-    0.0000000000E+00   
tni central                    0.00000000E+00   0.0000000000E+00 +-    0.0000000000E+00   
tni 2pixx-anticommutator       0.00000000E+00   0.0000000000E+00 +-    0.0000000000E+00   
tni 2pixd-anticommutator       0.00000000E+00   0.0000000000E+00 +-    0.0000000000E+00   
tni 2pidd-anticommutator       0.00000000E+00   0.0000000000E+00 +-    0.0000000000E+00   
tni 2pixx-commutator           0.00000000E+00   0.0000000000E+00 +-    0.0000000000E+00   
tni 2pixd-commutator           0.00000000E+00   0.0000000000E+00 +-    0.0000000000E+00   
tni 2pidd-commutator           0.00000000E+00   0.0000000000E+00 +-    0.0000000000E+00   
tni 2pi-tm                     0.00000000E+00   0.0000000000E+00 +-    0.0000000000E+00   
tni vd1                        0.00000000E+00   0.0000000000E+00 +-    0.0000000000E+00   
tni vd2                        0.00000000E+00   0.0000000000E+00 +-    0.0000000000E+00   
tni ve                         0.00000000E+00   0.0000000000E+00 +-    0.0000000000E+00   
vpottot v8+tni                 0.00000000E+00  -2.9977155160E+01 +-    2.6635331923E+00   
enetot v8+tni                  0.00000000E+00   6.7334742371E+00 +-    1.5563486922E+00   
vper cent                      0.00000000E+00  -5.4672477927E+00 +-    2.3259611060E+00   
vper tau                       0.00000000E+00   0.0000000000E+00 +-    0.0000000000E+00   
vper sigma                     0.00000000E+00   0.0000000000E+00 +-    0.0000000000E+00   
vper sigtau                    0.00000000E+00   0.0000000000E+00 +-    0.0000000000E+00   
vper tensor                    0.00000000E+00   0.0000000000E+00 +-    0.0000000000E+00   
vper tenstau                   0.00000000E+00   0.0000000000E+00 +-    0.0000000000E+00   
vper ls                        0.00000000E+00   1.2645236856E+00 +-    1.3108061833E+00   
vper lstau                     0.00000000E+00   0.0000000000E+00 +-    0.0000000000E+00   
vpotper v6                     0.00000000E+00  -5.4672477927E+00 +-    2.3259611060E+00   
vpotper v8                     0.00000000E+00  -4.2027241071E+00 +-    2.8176918917E+00   
vpotv6pr-vpotv6per diff        0.00000000E+00  -2.5774431053E+01 +-    1.1810180714E+00   
vpotv8pr-vpotv8per diff        0.00000000E+00  -2.5774431053E+01 +-    1.1810180714E+00   
2piapr-2pia diff               0.00000000E+00   0.0000000000E+00 +-    0.0000000000E+00   
vd1pr-vd1 diff                 0.00000000E+00   0.0000000000E+00 +-    0.0000000000E+00   
vepr-ve diff                   0.00000000E+00   0.0000000000E+00 +-    0.0000000000E+00   
2piapr-2pia-2picxx             0.00000000E+00   0.0000000000E+00 +-    0.0000000000E+00   
vd1pr-vd1-2picxd               0.00000000E+00   0.0000000000E+00 +-    0.0000000000E+00   
vepr-ve-2picdd                 0.00000000E+00   0.0000000000E+00 +-    0.0000000000E+00   
proton rms                     0.00000000E+00   0.0000000000E+00 +-    0.0000000000E+00   
neutron rms                    0.00000000E+00   0.0000000000E+00 +-    0.0000000000E+00   
total rms                      0.00000000E+00   0.0000000000E+00 +-    0.0000000000E+00   
neutron-proton rms             0.00000000E+00   0.0000000000E+00 +-    0.0000000000E+00   
jackson-feenberg energy        0.00000000E+00   5.9033751320E+00 +-    2.6236457313E+00   
acceptance                     0.00000000E+00   4.6300000000E-01 +-    1.5768037291E-02   
acceptance-spin                0.00000000E+00   4.5200000000E-01 +-    1.5738360779E-02   
Time for propagation (sec) (min) =           0.509      0.008
Time for energies (sec) (min) =             14.156      0.236
Time for load balancing (sec) (min) =        0.000      0.000
Time for block (sec) (min) =                14.812      0.247
Time for operators (sec) (min) =             4.015      0.067
Elapsed block time (sec) (min) =           134.363      2.239

iteration =                               8
walker number =                         100
total energy-propagated        0.00000000E+00   6.0025705677E+00 +-    2.1649058831E+00   
kinetic energy                 0.00000000E+00   3.8685096142E+01 +-    1.3360197421E+00   
potential energy               0.00000000E+00  -3.2682525574E+01 +-    2.7711657063E+00   
im energy                      0.00000000E+00   5.5591375091E-01 +-    1.5254442799E+00   
imkin energy                   0.00000000E+00  -1.1288748316E-01 +-    8.3503986709E-01   
impot energy                   0.00000000E+00   6.6880123407E-01 +-    1.7851009947E+00   
v cent                         0.00000000E+00  -6.8688615145E+00 +-    1.7297776992E+00   
v tau                          0.00000000E+00  -2.2113595250E-01 +-    2.0582837352E-01   
v sigma                        0.00000000E+00  -6.2029937932E+00 +-    3.2144127222E-01   
v sigtau                       0.00000000E+00  -1.4959845229E+01 +-    5.1605838613E-01   
v tensor                       0.00000000E+00   3.3658239735E-01 +-    1.8759256901E-01   
v tenstau                      0.00000000E+00  -6.9877337238E+00 +-    1.0584913437E+00   
v ls                           0.00000000E+00   2.2214622418E+00 +-    1.8614803314E+00   
v lstau                        0.00000000E+00   0.0000000000E+00 +-    0.0000000000E+00   
vpot v6                        0.00000000E+00  -3.4903987816E+01 +-    1.7841096229E+00   
vpot v8                        0.00000000E+00  -3.2682525574E+01 +-    2.7711657063E+00   
v coulomb                      0.00000000E+00   0.0000000000E+00 +-    0.0000000000E+00   
v external                     0.00000000E+00   0.0000000000E+00 +-    0.0000000000E+00   
tni 2pipr-anticomm             0.00000000E+00   0.0000000000E+00 +-    0.0000000000E+00   
tni vd1pr                      0.00000000E+00   0.0000000000E+00 +-    0.0000000000E+00   
tni vepr                       0.00000000E+00   0.0000000000E+00 +-    0.0000000000E+00   
tni central                    0.00000000E+00   0.0000000000E+00 +-    0.0000000000E+00   
tni 2pixx-anticommutator       0.00000000E+00   0.0000000000E+00 +-    0.0000000000E+00   
tni 2pixd-anticommutator       0.00000000E+00   0.0000000000E+00 +-    0.0000000000E+00   
tni 2pidd-anticommutator       0.00000000E+00   0.0000000000E+00 +-    0.0000000000E+00   
tni 2pixx-commutator           0.00000000E+00   0.0000000000E+00 +-    0.0000000000E+00   
tni 2pixd-commutator           0.00000000E+00   0.0000000000E+00 +-    0.0000000000E+00   
tni 2pidd-commutator           0.00000000E+00   0.0000000000E+00 +-    0.0000000000E+00   
tni 2pi-tm                     0.00000000E+00   0.0000000000E+00 +-    0.0000000000E+00   
tni vd1                        0.00000000E+00   0.0000000000E+00 +-    0.0000000000E+00   
tni vd2                        0.00000000E+00   0.0000000000E+00 +-    0.0000000000E+00   
tni ve                         0.00000000E+00   0.0000000000E+00 +-    0.0000000000E+00   
vpottot v8+tni                 0.00000000E+00  -3.2682525574E+01 +-    2.7711657063E+00   
enetot v8+tni                  0.00000000E+00   6.0025705677E+00 +-    2.1649058831E+00   
vper cent                      0.00000000E+00  -6.8688615145E+00 +-    1.7297776992E+00   
vper tau                       0.00000000E+00   0.0000000000E+00 +-    0.0000000000E+00   
vper sigma                     0.00000000E+00   0.0000000000E+00 +-    0.0000000000E+00   
vper sigtau                    0.00000000E+00   0.0000000000E+00 +-    0.0000000000E+00   
vper tensor                    0.00000000E+00   0.0000000000E+00 +-    0.0000000000E+00   
vper tenstau                   0.00000000E+00   0.0000000000E+00 +-    0.0000000000E+00   
vper ls                        0.00000000E+00   2.2214622418E+00 +-    1.8614803314E+00   
vper lstau                     0.00000000E+00   0.0000000000E+00 +-    0.0000000000E+00   
vpotper v6                     0.00000000E+00  -6.8688615145E+00 +-    1.7297776992E+00   
vpotper v8                     0.00000000E+00  -4.6473992728E+00 +-    2.9515461629E+00   
vpotv6pr-vpotv6per diff        0.00000000E+00  -2.8035126301E+01 +-    1.3648585974E+00   
vpotv8pr-vpotv8per diff        0.00000000E+00  -2.8035126301E+01 +-    1.3648585974E+00   
2piapr-2pia diff               0.00000000E+00   0.0000000000E+00 +-    0.0000000000E+00   
vd1pr-vd1 diff                 0.00000000E+00   0.0000000000E+00 +-    0.0000000000E+00   
vepr-ve diff                   0.00000000E+00   0.0000000000E+00 +-    0.0000000000E+00   
2piapr-2pia-2picxx             0.00000000E+00   0.0000000000E+00 +-    0.0000000000E+00   
vd1pr-vd1-2picxd               0.00000000E+00   0.0000000000E+00 +-    0.0000000000E+00   
vepr-ve-2picdd                 0.00000000E+00   0.0000000000E+00 +-    0.0000000000E+00   
proton rms                     0.00000000E+00   0.0000000000E+00 +-    0.0000000000E+00   
neutron rms                    0.00000000E+00   0.0000000000E+00 +-    0.0000000000E+00   
total rms                      0.00000000E+00   0.0000000000E+00 +-    0.0000000000E+00   
neutron-proton rms             0.00000000E+00   0.0000000000E+00 +-    0.0000000000E+00   
jackson-feenberg energy        0.00000000E+00   4.9535943473E+00 +-    3.4149862316E+00   
acceptance                     0.00000000E+00   4.4500000000E-01 +-    1.5715438269E-02   
acceptance-spin                0.00000000E+00   4.5400000000E-01 +-    1.5744332314E-02   
Time for propagation (sec) (min) =           0.504      0.008
Time for energies (sec) (min) =             14.434      0.241
Time for load balancing (sec) (min) =        0.000      0.000
Time for block (sec) (min) =                15.083      0.251
Time for operators (sec) (min) =             4.066      0.068
Elapsed block time (sec) (min) =           153.513      2.559

iteration =                               9
walker number =                         100
total energy-propagated        0.00000000E+00   4.1768876920E+00 +-    1.5211308241E+00   
kinetic energy                 0.00000000E+00   3.8962790008E+01 +-    1.3787680611E+00   
potential energy               0.00000000E+00  -3.4785902316E+01 +-    2.0565558905E+00   
im energy                      0.00000000E+00   6.8725443898E-02 +-    1.8043908957E+00   
imkin energy                   0.00000000E+00  -1.9372469683E-01 +-    5.6692426010E-01   
impot energy                   0.00000000E+00   2.6245014073E-01 +-    1.8437675153E+00   
v cent                         0.00000000E+00  -5.0137103403E+00 +-    1.7314531466E+00   
v tau                          0.00000000E+00  -1.8840580518E-01 +-    1.8906593253E-01   
v sigma                        0.00000000E+00  -6.1588818631E+00 +-    3.4146910213E-01   
v sigtau                       0.00000000E+00  -1.5863361183E+01 +-    5.3303711122E-01   
v tensor                       0.00000000E+00   3.0190738624E-01 +-    1.7223070701E-01   
v tenstau                      0.00000000E+00  -7.5014069658E+00 +-    8.7376698838E-01   
v ls                           0.00000000E+00  -3.6204354549E-01 +-    1.3665658898E+00   
v lstau                        0.00000000E+00   0.0000000000E+00 +-    0.0000000000E+00   
vpot v6                        0.00000000E+00  -3.4423858771E+01 +-    1.6966107034E+00   
vpot v8                        0.00000000E+00  -3.4785902316E+01 +-    2.0565558905E+00   
v coulomb                      0.00000000E+00   0.0000000000E+00 +-    0.0000000000E+00   
v external                     0.00000000E+00   0.0000000000E+00 +-    0.0000000000E+00   
tni 2pipr-anticomm             0.00000000E+00   0.0000000000E+00 +-    0.0000000000E+00   
tni vd1pr                      0.00000000E+00   0.0000000000E+00 +-    0.0000000000E+00   
tni vepr                       0.00000000E+00   0.0000000000E+00 +-    0.0000000000E+00   
tni central                    0.00000000E+00   0.0000000000E+00 +-    0.0000000000E+00   
tni 2pixx-anticommutator       0.00000000E+00   0.0000000000E+00 +-    0.0000000000E+00   
tni 2pixd-anticommutator       0.00000000E+00   0.0000000000E+00 +-    0.0000000000E+00   
tni 2pidd-anticommutator       0.00000000E+00   0.0000000000E+00 +-    0.0000000000E+00   
tni 2pixx-commutator           0.00000000E+00   0.0000000000E+00 +-    0.0000000000E+00   
tni 2pixd-commutator           0.00000000E+00   0.0000000000E+00 +-    0.0000000000E+00   
tni 2pidd-commutator           0.00000000E+00   0.0000000000E+00 +-    0.0000000000E+00   
tni 2pi-tm                     0.00000000E+00   0.0000000000E+00 +-    0.0000000000E+00   
tni vd1                        0.00000000E+00   0.0000000000E+00 +-    0.0000000000E+00   
tni vd2                        0.00000000E+00   0.0000000000E+00 +-    0.0000000000E+00   
tni ve                         0.00000000E+00   0.0000000000E+00 +-    0.0000000000E+00   
vpottot v8+tni                 0.00000000E+00  -3.4785902316E+01 +-    2.0565558905E+00   
enetot v8+tni                  0.00000000E+00   4.1768876920E+00 +-    1.5211308241E+00   
vper cent                      0.00000000E+00  -5.0137103403E+00 +-    1.7314531466E+00   
vper tau                       0.00000000E+00   0.0000000000E+00 +-    0.0000000000E+00   
vper sigma                     0.00000000E+00   0.0000000000E+00 +-    0.0000000000E+00   
vper sigtau                    0.00000000E+00   0.0000000000E+00 +-    0.0000000000E+00   
vper tensor                    0.00000000E+00   0.0000000000E+00 +-    0.0000000000E+00   
vper tenstau                   0.00000000E+00   0.0000000000E+00 +-    0.0000000000E+00   
vper ls                        0.00000000E+00  -3.6204354549E-01 +-    1.3665658898E+00   
vper lstau                     0.00000000E+00   0.0000000000E+00 +-    0.0000000000E+00   
vpotper v6                     0.00000000E+00  -5.0137103403E+00 +-    1.7314531466E+00   
vpotper v8                     0.00000000E+00  -5.3757538858E+00 +-    2.1170364513E+00   
vpotv6pr-vpotv6per diff        0.00000000E+00  -2.9410148430E+01 +-    1.2286736254E+00   
vpotv8pr-vpotv8per diff        0.00000000E+00  -2.9410148430E+01 +-    1.2286736254E+00   
2piapr-2pia diff               0.00000000E+00   0.0000000000E+00 +-    0.0000000000E+00   
vd1pr-vd1 diff                 0.00000000E+00   0.0000000000E+00 +-    0.0000000000E+00   
vepr-ve diff                   0.00000000E+00   0.0000000000E+00 +-    0.0000000000E+00   
2piapr-2pia-2picxx             0.00000000E+00   0.0000000000E+00 +-    0.0000000000E+00   
vd1pr-vd1-2picxd               0.00000000E+00   0.0000000000E+00 +-    0.0000000000E+00   
vepr-ve-2picdd                 0.00000000E+00   0.0000000000E+00 +-    0.0000000000E+00   
proton rms                     0.00000000E+00   0.0000000000E+00 +-    0.0000000000E+00   
neutron rms                    0.00000000E+00   0.0000000000E+00 +-    0.0000000000E+00   
total rms                      0.00000000E+00   0.0000000000E+00 +-    0.0000000000E+00   
neutron-proton rms             0.00000000E+00   0.0000000000E+00 +-    0.0000000000E+00   
jackson-feenberg energy        0.00000000E+00   7.6539777388E+00 +-    3.6103572023E+00   
acceptance                     0.00000000E+00   4.4400000000E-01 +-    1.5711906313E-02   
acceptance-spin                0.00000000E+00   4.6000000000E-01 +-    1.5760710644E-02   
Time for propagation (sec) (min) =           0.507      0.008
Time for energies (sec) (min) =             14.358      0.239
Time for load balancing (sec) (min) =        0.000      0.000
Time for block (sec) (min) =                15.010      0.250
Time for operators (sec) (min) =             5.187      0.086
Elapsed block time (sec) (min) =           173.710      2.895

iteration =                              10
walker number =                         100
total energy-propagated        0.00000000E+00   5.4244639322E+00 +-    2.0311237630E+00   
kinetic energy                 0.00000000E+00   3.7036396290E+01 +-    1.9167064448E+00   
potential energy               0.00000000E+00  -3.1611932358E+01 +-    3.2343332903E+00   
im energy                      0.00000000E+00  -1.0223817912E+00 +-    1.6017280645E+00   
imkin energy                   0.00000000E+00   6.9603768570E-02 +-    4.2626541623E-01   
impot energy                   0.00000000E+00  -1.0919855598E+00 +-    1.6293661459E+00   
v cent                         0.00000000E+00  -4.6960643875E+00 +-    2.3325617652E+00   
v tau                          0.00000000E+00  -2.9813857850E-01 +-    1.4980647747E-01   
v sigma                        0.00000000E+00  -6.2871315302E+00 +-    3.7751125454E-01   
v sigtau                       0.00000000E+00  -1.5574338623E+01 +-    4.4344861684E-01   
v tensor                       0.00000000E+00   1.3067364817E-01 +-    1.7303529943E-01   
v tenstau                      0.00000000E+00  -6.4779604705E+00 +-    1.1290734398E+00   
v ls                           0.00000000E+00   1.5910275831E+00 +-    1.5444890227E+00   
v lstau                        0.00000000E+00   0.0000000000E+00 +-    0.0000000000E+00   
vpot v6                        0.00000000E+00  -3.3202959941E+01 +-    2.6812250590E+00   
vpot v8                        0.00000000E+00  -3.1611932358E+01 +-    3.2343332903E+00   
v coulomb                      0.00000000E+00   0.0000000000E+00 +-    0.0000000000E+00   
v external                     0.00000000E+00   0.0000000000E+00 +-    0.0000000000E+00   
tni 2pipr-anticomm             0.00000000E+00   0.0000000000E+00 +-    0.0000000000E+00   
tni vd1pr                      0.00000000E+00   0.0000000000E+00 +-    0.0000000000E+00   
tni vepr                       0.00000000E+00   0.0000000000E+00 +-    0.0000000000E+00   
tni central                    0.00000000E+00   0.0000000000E+00 +-    0.0000000000E+00   
tni 2pixx-anticommutator       0.00000000E+00   0.0000000000E+00 +-    0.0000000000E+00   
tni 2pixd-anticommutator       0.00000000E+00   0.0000000000E+00 +-    0.0000000000E+00   
tni 2pidd-anticommutator       0.00000000E+00   0.0000000000E+00 +-    0.0000000000E+00   
tni 2pixx-commutator           0.00000000E+00   0.0000000000E+00 +-    0.0000000000E+00   
tni 2pixd-commutator           0.00000000E+00   0.0000000000E+00 +-    0.0000000000E+00   
tni 2pidd-commutator           0.00000000E+00   0.0000000000E+00 +-    0.0000000000E+00   
tni 2pi-tm                     0.00000000E+00   0.0000000000E+00 +-    0.0000000000E+00   
tni vd1                        0.00000000E+00   0.0000000000E+00 +-    0.0000000000E+00   
tni vd2                        0.00000000E+00   0.0000000000E+00 +-    0.0000000000E+00   
tni ve                         0.00000000E+00   0.0000000000E+00 +-    0.0000000000E+00   
vpottot v8+tni                 0.00000000E+00  -3.1611932358E+01 +-    3.2343332903E+00   
enetot v8+tni                  0.00000000E+00   5.4244639322E+00 +-    2.0311237630E+00   
vper cent                      0.00000000E+00  -4.6960643875E+00 +-    2.3325617652E+00   
vper tau                       0.00000000E+00   0.0000000000E+00 +-    0.0000000000E+00   
vper sigma                     0.00000000E+00   0.0000000000E+00 +-    0.0000000000E+00   
vper sigtau                    0.00000000E+00   0.0000000000E+00 +-    0.0000000000E+00   
vper tensor                    0.00000000E+00   0.0000000000E+00 +-    0.0000000000E+00   
vper tenstau                   0.00000000E+00   0.0000000000E+00 +-    0.0000000000E+00   
vper ls                        0.00000000E+00   1.5910275831E+00 +-    1.5444890227E+00   
vper lstau                     0.00000000E+00   0.0000000000E+00 +-    0.0000000000E+00   
vpotper v6                     0.00000000E+00  -4.6960643875E+00 +-    2.3325617652E+00   
vpotper v8                     0.00000000E+00  -3.1050368044E+00 +-    2.9826247424E+00   
vpotv6pr-vpotv6per diff        0.00000000E+00  -2.8506895554E+01 +-    1.2573158151E+00   
vpotv8pr-vpotv8per diff        0.00000000E+00  -2.8506895554E+01 +-    1.2573158151E+00   
2piapr-2pia diff               0.00000000E+00   0.0000000000E+00 +-    0.0000000000E+00   
vd1pr-vd1 diff                 0.00000000E+00   0.0000000000E+00 +-    0.0000000000E+00   
vepr-ve diff                   0.00000000E+00   0.0000000000E+00 +-    0.0000000000E+00   
2piapr-2pia-2picxx             0.00000000E+00   0.0000000000E+00 +-    0.0000000000E+00   
vd1pr-vd1-2picxd               0.00000000E+00   0.0000000000E+00 +-    0.0000000000E+00   
vepr-ve-2picdd                 0.00000000E+00   0.0000000000E+00 +-    0.0000000000E+00   
proton rms                     0.00000000E+00   0.0000000000E+00 +-    0.0000000000E+00   
neutron rms                    0.00000000E+00   0.0000000000E+00 +-    0.0000000000E+00   
total rms                      0.00000000E+00   0.0000000000E+00 +-    0.0000000000E+00   
neutron-proton rms             0.00000000E+00   0.0000000000E+00 +-    0.0000000000E+00   
jackson-feenberg energy        0.00000000E+00   6.9539941479E+00 +-    3.9452415283E+00   
acceptance                     0.00000000E+00   4.6500000000E-01 +-    1.5772602829E-02   
acceptance-spin                0.00000000E+00   4.4700000000E-01 +-    1.5722308991E-02   
Time for propagation (sec) (min) =           0.508      0.008
Time for energies (sec) (min) =             14.193      0.237
Time for load balancing (sec) (min) =        0.000      0.000
Time for block (sec) (min) =                14.846      0.247
Time for operators (sec) (min) =             4.415      0.074
Elapsed block time (sec) (min) =           192.971      3.216

Time for steps =     192.971 seconds,        3.216 minutes

Number of cpus =         4
Total job time =     209.283 seconds,        3.488 minutes,        0.058 hours
Total cpu-time =      13.952 minutes,        0.233 hours
Total time =         209.285 seconds,        3.488 minutes,        0.058 hours
Finished!
