Variational Monte Carlo Run
!-!-!-!-!-!-!-!-!-!-!-!-!-!-!-!-!-!-!-!-!-!-!-!-!-!
MPI parameters:
Number of boss cpus =                           4
Number of worker cpus for each boss =           0
Total number of cpus =                          4
Simulation parameters:
random number seed =                           17
hbar^2/2m =                              20.73554
start from sites =                              T
nwalk =                                       100
equilibration blocks =                          0
averaging blocks =                             10
nsteps/blocks =                                10
time step =                          0.0010000000
time step rotations (vmc) =          0.1000000000
trial energy =                          -14.00000
drift cutoff =                            0.00000
drastic population control up =           1.10000
drastic population control down =         0.90000
rebalance if walkers fluctuate more than   1.00 %
weight cut off =                         10.00000
table size =                                 8000
!-!-!-!-!-!-!-!-!-!-!-!-!-!-!-!-!-!-!-!-!-!-!-!-!-!
System parameters:
lpot =                                         10
lpotper =                                      10
potential  =                          argonne v8'
potentialpr =                         argonne v8'
Coulomb included in energy-propagation          T
multiply central v by =                   1.00000
multiply tau v by =                       1.00000
multiply sigma v by =                     1.00000
multiply sigma tau v by =                 1.00000
multiply tensor v by =                    1.00000
multiply tensor tau v by =                1.00000
multiply spin-orbit v by =                1.00000
multiply spin-orbit tau v by =            1.00000
three-body potential =                        no3
ibox (0 is nearest image) =                     1
!-!-!-!-!-!-!-!-!-!-!-!-!-!-!-!-!-!-!-!-!-!-!-!-!-!
calculate LS =                                  T
density =                                 0.16000
L/2 =                                     2.21976
k_F =                                     1.33302
E_FG =                                   22.10755
npart =                                        14
proton up =                                     0
k values =
proton down =                                   0
k values =
neutron up =                                    7
k values =                            0    0    0
                                      1    0    0
                                     -1    0    0
                                      0    1    0
                                      0   -1    0
                                      0    0    1
                                      0    0   -1
neutron down =                                  7
k values =                            0    0    0
                                      1    0    0
                                     -1    0    0
                                      0    1    0
                                      0   -1    0
                                      0    0    1
                                      0    0   -1
rcut in pair sampling =                   0.00000
acut in pair sampling =                   1.50000
a constant in psig =                      5.00000
Pure neutron matter
calculating LS =                                F
energy of uncorrelated state =           35.60051
Number of protons =                             0
Number of neutrons =                           14
range of the potential =                 11.53421
LS CAMBIATA!!!!!!!!!!!!!!!!!!!!!!
LS CAMBIATA!!!!!!!!!!!!!!!!!!!!!!
!-!-!-!-!-!-!-!-!-!-!-!-!-!-!-!-!-!-!-!-!-!-!-!-!-!
do V3 =                                         F
three body force =                            no3
three body a2piPwa =                      0.000000000000000
three body a2piPwc =                      0.000000000000000
three body a2piSw =                       0.000000000000000
three body Vd,C,c3 =                      0.000000000000000
three body Ve,C,c3 =                      0.000000000000000
three body A_R =                          0.000000000000000
three body Vd1 =                          0.000000000000000
three body Vd2 =                          0.000000000000000
three body Ve =                           0.000000000000000
propagator: multiply the antic by =       1.000000000000000
propagator: multiply the Vd1 by =         1.000000000000000
propagator: multiply the Ve by =          1.000000000000000
propagator: three body a2piPW =           0.000000000000000
!-!-!-!-!-!-!-!-!-!-!-!-!-!-!-!-!-!-!-!-!-!-!-!-!-!
jastrow healing distance dc =             1.84000
jastrow healing distance dtn =            2.79000
jastrow rho =                             0.01000
potential quencher acn (v1) =             1.23000
potential quencher at  (v2) =            -0.31000
potential quencher as  (v3) =            -4.47000
potential quencher ast (v4) =             1.20000
potential quencher atn (v5) =             0.21000
potential quencher atn (v6) =             0.28000
potential quencher als (v7) =             1.00000
potential quencher alst (v8) =            0.00000
correlation quencher bt (f2) =           -0.48000
correlation quencher bs (f3) =            0.10000
correlation quencher bst (f4) =           1.39000
correlation quencher btn (f5) =          -0.50000
correlation quencher btn (f6) =           2.21000
correlation quencher bls (f7) =           0.00000
correlation quencher blst (f8) =          0.00000
!-!-!-!-!-!-!-!-!-!-!-!-!-!-!-!-!-!-!-!-!-!-!-!-!-!
q1c parameter in f3c =                    0.00000
q2c parameter in f3c =                    0.00000
q1p parameter in f3p =                    0.00000
q2p parameter in f3p =                    0.20000
!-!-!-!-!-!-!-!-!-!-!-!-!-!-!-!-!-!-!-!-!-!-!-!-!-!
rscal parameter in Uijk cent =            1.00000
rscal parameter in Uijk xpi =             1.00000
rscal parameter in Uijk delta =           1.00000
eps_c parameter in Uijk =                 0.00000
eps_anti parameter in Uijk =              0.00000
eps_tm parameter in Uijk =                0.00000
eps_vd1 parameter in Uijk =               0.00000
eps_vd2 parameter in Uijk =               0.00000
eps_vdc3 parameter in Uijk =              0.00000
eps_vec3 parameter in Uijk =              0.00000
eps_ve parameter in Uijk =                0.00000
eps_comm parameter in Uijk =              0.00000
eps_comm-XD parameter in Uijk =           0.00000
eps_comm-DD parameter in Uijk =           0.00000
TNI-comm correlation included =                 F
!-!-!-!-!-!-!-!-!-!-!-!-!-!-!-!-!-!-!-!-!-!-!-!-!-!
CSB correlation rscalpp =                 0.00000
CSB correlation rscalnn =                 0.00000
CSB correlation quencher pp =             0.00000
CSB correlation quencher nn =             0.00000
CSB correlation included =                      F
!-!-!-!-!-!-!-!-!-!-!-!-!-!-!-!-!-!-!-!-!-!-!-!-!-!
dtn reset to    2.2197600044
jastrow initialized
!-!-!-!-!-!-!-!-!-!-!-!-!-!-!-!-!-!-!-!-!-!-!-!-!-!
Coulomb included in energy (and propag)         F
Initial walkers from sites
Configurations at tau =              0.0000000000
!-!-!-!-!-!-!-!-!-!-!-!-!-!-!-!-!-!-!-!-!-!-!-!-!-!
Time for reading configurations (sec.) =       0.04
!-!-!-!-!-!-!-!-!-!-!-!-!-!-!-!-!-!-!-!-!-!-!-!-!-!
Initial configurations:
!-!-!-!-!-!-!-!-!-!-!-!-!-!-!-!-!-!-!-!-!-!-!-!-!-!
Psi**2 of initial configurations  =   0.4340289E-02  0.0000000E+00  +-    0.6897659E-03  0.0000000E+00
Psig**2 of initial configurations =   0.1939193E-01  0.0000000E+00  +-    0.3676985E-02  0.0000000E+00
!-!-!-!-!-!-!-!-!-!-!-!-!-!-!-!-!-!-!-!-!-!-!-!-!-!
T**2 of initial configurations  =   0.5599999E+02 -0.1577482E-04
Tz of initial configurations    =  -0.6999999E+01 -0.6168704E-11
S**2 of initial configurations  =   0.6608845E+01  0.5607363E+01
Sz of initial configurations    =  -0.2053085E+01 -0.1175070E+01
!-!-!-!-!-!-!-!-!-!-!-!-!-!-!-!-!-!-!-!-!-!-!-!-!-!
!-!-!-!-!-!-!-!-!-!-!-!-!-!-!-!-!-!-!-!-!-!-!-!-!-!
Time to process initial configurations (sec.) =       6.25
!-!-!-!-!-!-!-!-!-!-!-!-!-!-!-!-!-!-!-!-!-!-!-!-!-!

equilibration done

iteration =                               1
walker number =                         100
total energy-propagated        0.00000000E+00   1.2581243059E+01 +-    3.6516737600E+00   
kinetic energy                 0.00000000E+00   4.5296531590E+01 +-    1.3364507400E+00   
potential energy               0.00000000E+00  -3.2715288530E+01 +-    3.6761490542E+00   
im energy                      0.00000000E+00  -1.5750707236E+00 +-    2.1562059304E+00   
imkin energy                   0.00000000E+00  -8.4454226006E-01 +-    5.2040631999E-01   
impot energy                   0.00000000E+00  -7.3052846353E-01 +-    2.1527080798E+00   
v cent                         0.00000000E+00  -1.4034434474E+01 +-    1.1958657148E+00   
v tau                          0.00000000E+00   3.4128369183E-01 +-    7.5684578203E-02   
v sigma                        0.00000000E+00  -4.9253688228E+00 +-    3.5414625419E-01   
v sigtau                       0.00000000E+00  -7.2108946051E+00 +-    4.1751406518E-01   
v tensor                       0.00000000E+00   7.3964524084E-01 +-    5.3231942084E-01   
v tenstau                      0.00000000E+00  -5.2807763967E+00 +-    1.7324704928E+00   
v ls                           0.00000000E+00  -2.3447431648E+00 +-    2.7711871702E+00   
v lstau                        0.00000000E+00   0.0000000000E+00 +-    0.0000000000E+00   
vpot v6                        0.00000000E+00  -3.0370545366E+01 +-    1.8576972938E+00   
vpot v8                        0.00000000E+00  -3.2715288530E+01 +-    3.6761490542E+00   
v coulomb                      0.00000000E+00   0.0000000000E+00 +-    0.0000000000E+00   
v external                     0.00000000E+00   0.0000000000E+00 +-    0.0000000000E+00   
tni 2pipr-anticomm             0.00000000E+00   0.0000000000E+00 +-    0.0000000000E+00   
tni vd1pr                      0.00000000E+00   0.0000000000E+00 +-    0.0000000000E+00   
tni vepr                       0.00000000E+00   0.0000000000E+00 +-    0.0000000000E+00   
tni central                    0.00000000E+00   0.0000000000E+00 +-    0.0000000000E+00   
tni 2pixx-anticommutator       0.00000000E+00   0.0000000000E+00 +-    0.0000000000E+00   
tni 2pixd-anticommutator       0.00000000E+00   0.0000000000E+00 +-    0.0000000000E+00   
tni 2pidd-anticommutator       0.00000000E+00   0.0000000000E+00 +-    0.0000000000E+00   
tni 2pixx-commutator           0.00000000E+00   0.0000000000E+00 +-    0.0000000000E+00   
tni 2pixd-commutator           0.00000000E+00   0.0000000000E+00 +-    0.0000000000E+00   
tni 2pidd-commutator           0.00000000E+00   0.0000000000E+00 +-    0.0000000000E+00   
tni 2pi-tm                     0.00000000E+00   0.0000000000E+00 +-    0.0000000000E+00   
tni vd1                        0.00000000E+00   0.0000000000E+00 +-    0.0000000000E+00   
tni vd2                        0.00000000E+00   0.0000000000E+00 +-    0.0000000000E+00   
tni ve                         0.00000000E+00   0.0000000000E+00 +-    0.0000000000E+00   
vpottot v8+tni                 0.00000000E+00  -3.2715288530E+01 +-    3.6761490542E+00   
enetot v8+tni                  0.00000000E+00   1.2581243059E+01 +-    3.6516737600E+00   
vper cent                      0.00000000E+00  -1.4034434474E+01 +-    1.1958657148E+00   
vper tau                       0.00000000E+00   0.0000000000E+00 +-    0.0000000000E+00   
vper sigma                     0.00000000E+00   0.0000000000E+00 +-    0.0000000000E+00   
vper sigtau                    0.00000000E+00   0.0000000000E+00 +-    0.0000000000E+00   
vper tensor                    0.00000000E+00   0.0000000000E+00 +-    0.0000000000E+00   
vper tenstau                   0.00000000E+00   0.0000000000E+00 +-    0.0000000000E+00   
vper ls                        0.00000000E+00  -2.3447431648E+00 +-    2.7711871702E+00   
vper lstau                     0.00000000E+00   0.0000000000E+00 +-    0.0000000000E+00   
vpotper v6                     0.00000000E+00  -1.4034434474E+01 +-    1.1958657148E+00   
vpotper v8                     0.00000000E+00  -1.6379177638E+01 +-    2.6046163788E+00   
vpotv6pr-vpotv6per diff        0.00000000E+00  -1.6336110892E+01 +-    1.6406813669E+00   
vpotv8pr-vpotv8per diff        0.00000000E+00  -1.6336110892E+01 +-    1.6406813669E+00   
2piapr-2pia diff               0.00000000E+00   0.0000000000E+00 +-    0.0000000000E+00   
vd1pr-vd1 diff                 0.00000000E+00   0.0000000000E+00 +-    0.0000000000E+00   
vepr-ve diff                   0.00000000E+00   0.0000000000E+00 +-    0.0000000000E+00   
2piapr-2pia-2picxx             0.00000000E+00   0.0000000000E+00 +-    0.0000000000E+00   
vd1pr-vd1-2picxd               0.00000000E+00   0.0000000000E+00 +-    0.0000000000E+00   
vepr-ve-2picdd                 0.00000000E+00   0.0000000000E+00 +-    0.0000000000E+00   
proton rms                     0.00000000E+00   0.0000000000E+00 +-    0.0000000000E+00   
neutron rms                    0.00000000E+00   0.0000000000E+00 +-    0.0000000000E+00   
total rms                      0.00000000E+00   0.0000000000E+00 +-    0.0000000000E+00   
neutron-proton rms             0.00000000E+00   0.0000000000E+00 +-    0.0000000000E+00   
jackson-feenberg energy        0.00000000E+00   9.3172066822E+00 +-    3.6505398123E+00   
acceptance                     0.00000000E+00   5.3500000000E-01 +-    1.5772602829E-02   
acceptance-spin                0.00000000E+00   6.2900000000E-01 +-    1.5276092432E-02   
Time for propagation (sec) (min) =           0.292      0.005
Time for energies (sec) (min) =              6.336      0.106
Time for load balancing (sec) (min) =        0.000      0.000
Time for block (sec) (min) =                 6.630      0.111
Time for operators (sec) (min) =             0.582      0.010
Elapsed block time (sec) (min) =             7.212      0.120

iteration =                               2
walker number =                         100
total energy-propagated        0.00000000E+00   1.7294532388E+01 +-    2.0654608846E+00   
kinetic energy                 0.00000000E+00   4.5786152474E+01 +-    1.4646697934E+00   
potential energy               0.00000000E+00  -2.8491620086E+01 +-    2.6872238807E+00   
im energy                      0.00000000E+00   9.1302678139E-01 +-    2.0631070657E+00   
imkin energy                   0.00000000E+00   3.7140879265E-01 +-    4.5364733474E-01   
impot energy                   0.00000000E+00   5.4161798873E-01 +-    2.2025360978E+00   
v cent                         0.00000000E+00  -1.0724366574E+01 +-    1.5206451295E+00   
v tau                          0.00000000E+00   7.8595172406E-01 +-    9.8438921852E-02   
v sigma                        0.00000000E+00  -7.1882895250E+00 +-    4.1805752013E-01   
v sigtau                       0.00000000E+00  -9.9217103256E+00 +-    4.8499378797E-01   
v tensor                       0.00000000E+00   1.7184197153E-01 +-    2.1528967858E-01   
v tenstau                      0.00000000E+00  -1.3397592014E+00 +-    8.3628937472E-01   
v ls                           0.00000000E+00  -2.7528815575E-01 +-    2.0042138250E+00   
v lstau                        0.00000000E+00   0.0000000000E+00 +-    0.0000000000E+00   
vpot v6                        0.00000000E+00  -2.8216331930E+01 +-    1.6255918979E+00   
vpot v8                        0.00000000E+00  -2.8491620086E+01 +-    2.6872238807E+00   
v coulomb                      0.00000000E+00   0.0000000000E+00 +-    0.0000000000E+00   
v external                     0.00000000E+00   0.0000000000E+00 +-    0.0000000000E+00   
tni 2pipr-anticomm             0.00000000E+00   0.0000000000E+00 +-    0.0000000000E+00   
tni vd1pr                      0.00000000E+00   0.0000000000E+00 +-    0.0000000000E+00   
tni vepr                       0.00000000E+00   0.0000000000E+00 +-    0.0000000000E+00   
tni central                    0.00000000E+00   0.0000000000E+00 +-    0.0000000000E+00   
tni 2pixx-anticommutator       0.00000000E+00   0.0000000000E+00 +-    0.0000000000E+00   
tni 2pixd-anticommutator       0.00000000E+00   0.0000000000E+00 +-    0.0000000000E+00   
tni 2pidd-anticommutator       0.00000000E+00   0.0000000000E+00 +-    0.0000000000E+00   
tni 2pixx-commutator           0.00000000E+00   0.0000000000E+00 +-    0.0000000000E+00   
tni 2pixd-commutator           0.00000000E+00   0.0000000000E+00 +-    0.0000000000E+00   
tni 2pidd-commutator           0.00000000E+00   0.0000000000E+00 +-    0.0000000000E+00   
tni 2pi-tm                     0.00000000E+00   0.0000000000E+00 +-    0.0000000000E+00   
tni vd1                        0.00000000E+00   0.0000000000E+00 +-    0.0000000000E+00   
tni vd2                        0.00000000E+00   0.0000000000E+00 +-    0.0000000000E+00   
tni ve                         0.00000000E+00   0.0000000000E+00 +-    0.0000000000E+00   
vpottot v8+tni                 0.00000000E+00  -2.8491620086E+01 +-    2.6872238807E+00   
enetot v8+tni                  0.00000000E+00   1.7294532388E+01 +-    2.0654608846E+00   
vper cent                      0.00000000E+00  -1.0724366574E+01 +-    1.5206451295E+00   
vper tau                       0.00000000E+00   0.0000000000E+00 +-    0.0000000000E+00   
vper sigma                     0.00000000E+00   0.0000000000E+00 +-    0.0000000000E+00   
vper sigtau                    0.00000000E+00   0.0000000000E+00 +-    0.0000000000E+00   
vper tensor                    0.00000000E+00   0.0000000000E+00 +-    0.0000000000E+00   
vper tenstau                   0.00000000E+00   0.0000000000E+00 +-    0.0000000000E+00   
vper ls                        0.00000000E+00  -2.7528815575E-01 +-    2.0042138250E+00   
vper lstau                     0.00000000E+00   0.0000000000E+00 +-    0.0000000000E+00   
vpotper v6                     0.00000000E+00  -1.0724366574E+01 +-    1.5206451295E+00   
vpotper v8                     0.00000000E+00  -1.0999654730E+01 +-    2.6965005775E+00   
vpotv6pr-vpotv6per diff        0.00000000E+00  -1.7491965357E+01 +-    1.0833330266E+00   
vpotv8pr-vpotv8per diff        0.00000000E+00  -1.7491965357E+01 +-    1.0833330266E+00   
2piapr-2pia diff               0.00000000E+00   0.0000000000E+00 +-    0.0000000000E+00   
vd1pr-vd1 diff                 0.00000000E+00   0.0000000000E+00 +-    0.0000000000E+00   
vepr-ve diff                   0.00000000E+00   0.0000000000E+00 +-    0.0000000000E+00   
2piapr-2pia-2picxx             0.00000000E+00   0.0000000000E+00 +-    0.0000000000E+00   
vd1pr-vd1-2picxd               0.00000000E+00   0.0000000000E+00 +-    0.0000000000E+00   
vepr-ve-2picdd                 0.00000000E+00   0.0000000000E+00 +-    0.0000000000E+00   
proton rms                     0.00000000E+00   0.0000000000E+00 +-    0.0000000000E+00   
neutron rms                    0.00000000E+00   0.0000000000E+00 +-    0.0000000000E+00   
total rms                      0.00000000E+00   0.0000000000E+00 +-    0.0000000000E+00   
neutron-proton rms             0.00000000E+00   0.0000000000E+00 +-    0.0000000000E+00   
jackson-feenberg energy        0.00000000E+00   1.4940476408E+01 +-    2.9763161750E+00   
acceptance                     0.00000000E+00   4.5500000000E-01 +-    1.5747221977E-02   
acceptance-spin                0.00000000E+00   5.1200000000E-01 +-    1.5806833965E-02   
Time for propagation (sec) (min) =           0.287      0.005
Time for energies (sec) (min) =              6.429      0.107
Time for load balancing (sec) (min) =        0.000      0.000
Time for block (sec) (min) =                 6.721      0.112
Time for operators (sec) (min) =             0.262      0.004
Elapsed block time (sec) (min) =            14.194      0.237

iteration =                               3
walker number =                         100
total energy-propagated        0.00000000E+00   1.6604914532E+01 +-    1.8058427058E+00   
kinetic energy                 0.00000000E+00   4.3269464396E+01 +-    1.7250702127E+00   
potential energy               0.00000000E+00  -2.6664549864E+01 +-    2.5962326415E+00   
im energy                      0.00000000E+00   1.8880230002E+00 +-    1.9976328833E+00   
imkin energy                   0.00000000E+00  -1.0446750103E-02 +-    2.7952705754E-01   
impot energy                   0.00000000E+00   1.8984697503E+00 +-    1.9841543109E+00   
v cent                         0.00000000E+00  -9.4299052152E+00 +-    1.7101280076E+00   
v tau                          0.00000000E+00   7.9720087352E-01 +-    8.9077436315E-02   
v sigma                        0.00000000E+00  -7.2043139699E+00 +-    3.3492296846E-01   
v sigtau                       0.00000000E+00  -9.9076183162E+00 +-    3.8956907723E-01   
v tensor                       0.00000000E+00   2.9617521786E-01 +-    1.7265885253E-01   
v tenstau                      0.00000000E+00  -2.6121651502E+00 +-    5.0717011610E-01   
v ls                           0.00000000E+00   1.3960766961E+00 +-    1.7220076621E+00   
v lstau                        0.00000000E+00   0.0000000000E+00 +-    0.0000000000E+00   
vpot v6                        0.00000000E+00  -2.8060626560E+01 +-    1.8828720575E+00   
vpot v8                        0.00000000E+00  -2.6664549864E+01 +-    2.5962326415E+00   
v coulomb                      0.00000000E+00   0.0000000000E+00 +-    0.0000000000E+00   
v external                     0.00000000E+00   0.0000000000E+00 +-    0.0000000000E+00   
tni 2pipr-anticomm             0.00000000E+00   0.0000000000E+00 +-    0.0000000000E+00   
tni vd1pr                      0.00000000E+00   0.0000000000E+00 +-    0.0000000000E+00   
tni vepr                       0.00000000E+00   0.0000000000E+00 +-    0.0000000000E+00   
tni central                    0.00000000E+00   0.0000000000E+00 +-    0.0000000000E+00   
tni 2pixx-anticommutator       0.00000000E+00   0.0000000000E+00 +-    0.0000000000E+00   
tni 2pixd-anticommutator       0.00000000E+00   0.0000000000E+00 +-    0.0000000000E+00   
tni 2pidd-anticommutator       0.00000000E+00   0.0000000000E+00 +-    0.0000000000E+00   
tni 2pixx-commutator           0.00000000E+00   0.0000000000E+00 +-    0.0000000000E+00   
tni 2pixd-commutator           0.00000000E+00   0.0000000000E+00 +-    0.0000000000E+00   
tni 2pidd-commutator           0.00000000E+00   0.0000000000E+00 +-    0.0000000000E+00   
tni 2pi-tm                     0.00000000E+00   0.0000000000E+00 +-    0.0000000000E+00   
tni vd1                        0.00000000E+00   0.0000000000E+00 +-    0.0000000000E+00   
tni vd2                        0.00000000E+00   0.0000000000E+00 +-    0.0000000000E+00   
tni ve                         0.00000000E+00   0.0000000000E+00 +-    0.0000000000E+00   
vpottot v8+tni                 0.00000000E+00  -2.6664549864E+01 +-    2.5962326415E+00   
enetot v8+tni                  0.00000000E+00   1.6604914532E+01 +-    1.8058427058E+00   
vper cent                      0.00000000E+00  -9.4299052152E+00 +-    1.7101280076E+00   
vper tau                       0.00000000E+00   0.0000000000E+00 +-    0.0000000000E+00   
vper sigma                     0.00000000E+00   0.0000000000E+00 +-    0.0000000000E+00   
vper sigtau                    0.00000000E+00   0.0000000000E+00 +-    0.0000000000E+00   
vper tensor                    0.00000000E+00   0.0000000000E+00 +-    0.0000000000E+00   
vper tenstau                   0.00000000E+00   0.0000000000E+00 +-    0.0000000000E+00   
vper ls                        0.00000000E+00   1.3960766961E+00 +-    1.7220076621E+00   
vper lstau                     0.00000000E+00   0.0000000000E+00 +-    0.0000000000E+00   
vpotper v6                     0.00000000E+00  -9.4299052152E+00 +-    1.7101280076E+00   
vpotper v8                     0.00000000E+00  -8.0338285191E+00 +-    2.5109352390E+00   
vpotv6pr-vpotv6per diff        0.00000000E+00  -1.8630721345E+01 +-    7.9545488643E-01   
vpotv8pr-vpotv8per diff        0.00000000E+00  -1.8630721345E+01 +-    7.9545488643E-01   
2piapr-2pia diff               0.00000000E+00   0.0000000000E+00 +-    0.0000000000E+00   
vd1pr-vd1 diff                 0.00000000E+00   0.0000000000E+00 +-    0.0000000000E+00   
vepr-ve diff                   0.00000000E+00   0.0000000000E+00 +-    0.0000000000E+00   
2piapr-2pia-2picxx             0.00000000E+00   0.0000000000E+00 +-    0.0000000000E+00   
vd1pr-vd1-2picxd               0.00000000E+00   0.0000000000E+00 +-    0.0000000000E+00   
vepr-ve-2picdd                 0.00000000E+00   0.0000000000E+00 +-    0.0000000000E+00   
proton rms                     0.00000000E+00   0.0000000000E+00 +-    0.0000000000E+00   
neutron rms                    0.00000000E+00   0.0000000000E+00 +-    0.0000000000E+00   
total rms                      0.00000000E+00   0.0000000000E+00 +-    0.0000000000E+00   
neutron-proton rms             0.00000000E+00   0.0000000000E+00 +-    0.0000000000E+00   
jackson-feenberg energy        0.00000000E+00   1.4432561813E+01 +-    3.0008838968E+00   
acceptance                     0.00000000E+00   4.3700000000E-01 +-    1.5685375354E-02   
acceptance-spin                0.00000000E+00   4.9100000000E-01 +-    1.5808826648E-02   
Time for propagation (sec) (min) =           0.290      0.005
Time for energies (sec) (min) =              7.194      0.120
Time for load balancing (sec) (min) =        0.000      0.000
Time for block (sec) (min) =                 7.489      0.125
Time for operators (sec) (min) =             0.439      0.007
Elapsed block time (sec) (min) =            22.122      0.369

iteration =                               4
walker number =                         100
total energy-propagated        0.00000000E+00   1.5618479759E+01 +-    1.3124449284E+00   
kinetic energy                 0.00000000E+00   4.4872191063E+01 +-    1.5309013855E+00   
potential energy               0.00000000E+00  -2.9253711304E+01 +-    1.8076742146E+00   
im energy                      0.00000000E+00   2.4204531541E+00 +-    1.3869959379E+00   
imkin energy                   0.00000000E+00   1.2972800190E-01 +-    3.0416545102E-01   
impot energy                   0.00000000E+00   2.2907251522E+00 +-    1.4276334701E+00   
v cent                         0.00000000E+00  -9.7093500597E+00 +-    1.6249777873E+00   
v tau                          0.00000000E+00   8.9275917666E-01 +-    9.7504719696E-02   
v sigma                        0.00000000E+00  -7.0649651944E+00 +-    3.5225578006E-01   
v sigtau                       0.00000000E+00  -9.7536340298E+00 +-    4.0705558112E-01   
v tensor                       0.00000000E+00  -1.4200413711E-01 +-    1.3007547430E-01   
v tenstau                      0.00000000E+00  -1.6567048367E+00 +-    6.1908847674E-01   
v ls                           0.00000000E+00  -1.8198122227E+00 +-    1.1117245395E+00   
v lstau                        0.00000000E+00   0.0000000000E+00 +-    0.0000000000E+00   
vpot v6                        0.00000000E+00  -2.7433899081E+01 +-    1.7851298774E+00   
vpot v8                        0.00000000E+00  -2.9253711304E+01 +-    1.8076742146E+00   
v coulomb                      0.00000000E+00   0.0000000000E+00 +-    0.0000000000E+00   
v external                     0.00000000E+00   0.0000000000E+00 +-    0.0000000000E+00   
tni 2pipr-anticomm             0.00000000E+00   0.0000000000E+00 +-    0.0000000000E+00   
tni vd1pr                      0.00000000E+00   0.0000000000E+00 +-    0.0000000000E+00   
tni vepr                       0.00000000E+00   0.0000000000E+00 +-    0.0000000000E+00   
tni central                    0.00000000E+00   0.0000000000E+00 +-    0.0000000000E+00   
tni 2pixx-anticommutator       0.00000000E+00   0.0000000000E+00 +-    0.0000000000E+00   
tni 2pixd-anticommutator       0.00000000E+00   0.0000000000E+00 +-    0.0000000000E+00   
tni 2pidd-anticommutator       0.00000000E+00   0.0000000000E+00 +-    0.0000000000E+00   
tni 2pixx-commutator           0.00000000E+00   0.0000000000E+00 +-    0.0000000000E+00   
tni 2pixd-commutator           0.00000000E+00   0.0000000000E+00 +-    0.0000000000E+00   
tni 2pidd-commutator           0.00000000E+00   0.0000000000E+00 +-    0.0000000000E+00   
tni 2pi-tm                     0.00000000E+00   0.0000000000E+00 +-    0.0000000000E+00   
tni vd1                        0.00000000E+00   0.0000000000E+00 +-    0.0000000000E+00   
tni vd2                        0.00000000E+00   0.0000000000E+00 +-    0.0000000000E+00   
tni ve                         0.00000000E+00   0.0000000000E+00 +-    0.0000000000E+00   
vpottot v8+tni                 0.00000000E+00  -2.9253711304E+01 +-    1.8076742146E+00   
enetot v8+tni                  0.00000000E+00   1.5618479759E+01 +-    1.3124449284E+00   
vper cent                      0.00000000E+00  -9.7093500597E+00 +-    1.6249777873E+00   
vper tau                       0.00000000E+00   0.0000000000E+00 +-    0.0000000000E+00   
vper sigma                     0.00000000E+00   0.0000000000E+00 +-    0.0000000000E+00   
vper sigtau                    0.00000000E+00   0.0000000000E+00 +-    0.0000000000E+00   
vper tensor                    0.00000000E+00   0.0000000000E+00 +-    0.0000000000E+00   
vper tenstau                   0.00000000E+00   0.0000000000E+00 +-    0.0000000000E+00   
vper ls                        0.00000000E+00  -1.8198122227E+00 +-    1.1117245395E+00   
vper lstau                     0.00000000E+00   0.0000000000E+00 +-    0.0000000000E+00   
vpotper v6                     0.00000000E+00  -9.7093500597E+00 +-    1.6249777873E+00   
vpotper v8                     0.00000000E+00  -1.1529162282E+01 +-    1.6621980354E+00   
vpotv6pr-vpotv6per diff        0.00000000E+00  -1.7724549021E+01 +-    9.4360707779E-01   
vpotv8pr-vpotv8per diff        0.00000000E+00  -1.7724549021E+01 +-    9.4360707779E-01   
2piapr-2pia diff               0.00000000E+00   0.0000000000E+00 +-    0.0000000000E+00   
vd1pr-vd1 diff                 0.00000000E+00   0.0000000000E+00 +-    0.0000000000E+00   
vepr-ve diff                   0.00000000E+00   0.0000000000E+00 +-    0.0000000000E+00   
2piapr-2pia-2picxx             0.00000000E+00   0.0000000000E+00 +-    0.0000000000E+00   
vd1pr-vd1-2picxd               0.00000000E+00   0.0000000000E+00 +-    0.0000000000E+00   
vepr-ve-2picdd                 0.00000000E+00   0.0000000000E+00 +-    0.0000000000E+00   
proton rms                     0.00000000E+00   0.0000000000E+00 +-    0.0000000000E+00   
neutron rms                    0.00000000E+00   0.0000000000E+00 +-    0.0000000000E+00   
total rms                      0.00000000E+00   0.0000000000E+00 +-    0.0000000000E+00   
neutron-proton rms             0.00000000E+00   0.0000000000E+00 +-    0.0000000000E+00   
jackson-feenberg energy        0.00000000E+00   1.1730854072E+01 +-    2.2479939882E+00   
acceptance                     0.00000000E+00   3.9900000000E-01 +-    1.5485444779E-02   
acceptance-spin                0.00000000E+00   4.4700000000E-01 +-    1.5722308991E-02   
Time for propagation (sec) (min) =           0.291      0.005
Time for energies (sec) (min) =              6.697      0.112
Time for load balancing (sec) (min) =        0.000      0.000
Time for block (sec) (min) =                 6.992      0.117
Time for operators (sec) (min) =             0.202      0.003
Elapsed block time (sec) (min) =            29.316      0.489

iteration =                               5
walker number =                         100
total energy-propagated        0.00000000E+00   1.7048623822E+01 +-    1.3096509594E+00   
kinetic energy                 0.00000000E+00   4.3990698652E+01 +-    1.6431157266E+00   
potential energy               0.00000000E+00  -2.6942074829E+01 +-    2.2074303287E+00   
im energy                      0.00000000E+00  -4.6082447873E-01 +-    1.6061055152E+00   
imkin energy                   0.00000000E+00   2.9436669518E-01 +-    2.6564958025E-01   
impot energy                   0.00000000E+00  -7.5519117391E-01 +-    1.6756271447E+00   
v cent                         0.00000000E+00  -9.0892371125E+00 +-    1.6750568351E+00   
v tau                          0.00000000E+00   9.4858061340E-01 +-    9.3173498028E-02   
v sigma                        0.00000000E+00  -7.5783978848E+00 +-    3.5455159524E-01   
v sigtau                       0.00000000E+00  -1.0379169201E+01 +-    4.1003400969E-01   
v tensor                       0.00000000E+00   1.4144229736E-01 +-    1.3320803656E-01   
v tenstau                      0.00000000E+00  -4.0289657279E-01 +-    3.9935585101E-01   
v ls                           0.00000000E+00  -5.8239696899E-01 +-    1.2028900342E+00   
v lstau                        0.00000000E+00   0.0000000000E+00 +-    0.0000000000E+00   
vpot v6                        0.00000000E+00  -2.6359677860E+01 +-    1.7611420751E+00   
vpot v8                        0.00000000E+00  -2.6942074829E+01 +-    2.2074303287E+00   
v coulomb                      0.00000000E+00   0.0000000000E+00 +-    0.0000000000E+00   
v external                     0.00000000E+00   0.0000000000E+00 +-    0.0000000000E+00   
tni 2pipr-anticomm             0.00000000E+00   0.0000000000E+00 +-    0.0000000000E+00   
tni vd1pr                      0.00000000E+00   0.0000000000E+00 +-    0.0000000000E+00   
tni vepr                       0.00000000E+00   0.0000000000E+00 +-    0.0000000000E+00   
tni central                    0.00000000E+00   0.0000000000E+00 +-    0.0000000000E+00   
tni 2pixx-anticommutator       0.00000000E+00   0.0000000000E+00 +-    0.0000000000E+00   
tni 2pixd-anticommutator       0.00000000E+00   0.0000000000E+00 +-    0.0000000000E+00   
tni 2pidd-anticommutator       0.00000000E+00   0.0000000000E+00 +-    0.0000000000E+00   
tni 2pixx-commutator           0.00000000E+00   0.0000000000E+00 +-    0.0000000000E+00   
tni 2pixd-commutator           0.00000000E+00   0.0000000000E+00 +-    0.0000000000E+00   
tni 2pidd-commutator           0.00000000E+00   0.0000000000E+00 +-    0.0000000000E+00   
tni 2pi-tm                     0.00000000E+00   0.0000000000E+00 +-    0.0000000000E+00   
tni vd1                        0.00000000E+00   0.0000000000E+00 +-    0.0000000000E+00   
tni vd2                        0.00000000E+00   0.0000000000E+00 +-    0.0000000000E+00   
tni ve                         0.00000000E+00   0.0000000000E+00 +-    0.0000000000E+00   
vpottot v8+tni                 0.00000000E+00  -2.6942074829E+01 +-    2.2074303287E+00   
enetot v8+tni                  0.00000000E+00   1.7048623822E+01 +-    1.3096509594E+00   
vper cent                      0.00000000E+00  -9.0892371125E+00 +-    1.6750568351E+00   
vper tau                       0.00000000E+00   0.0000000000E+00 +-    0.0000000000E+00   
vper sigma                     0.00000000E+00   0.0000000000E+00 +-    0.0000000000E+00   
vper sigtau                    0.00000000E+00   0.0000000000E+00 +-    0.0000000000E+00   
vper tensor                    0.00000000E+00   0.0000000000E+00 +-    0.0000000000E+00   
vper tenstau                   0.00000000E+00   0.0000000000E+00 +-    0.0000000000E+00   
vper ls                        0.00000000E+00  -5.8239696899E-01 +-    1.2028900342E+00   
vper lstau                     0.00000000E+00   0.0000000000E+00 +-    0.0000000000E+00   
vpotper v6                     0.00000000E+00  -9.0892371125E+00 +-    1.6750568351E+00   
vpotper v8                     0.00000000E+00  -9.6716340815E+00 +-    2.1398568224E+00   
vpotv6pr-vpotv6per diff        0.00000000E+00  -1.7270440748E+01 +-    7.5398752843E-01   
vpotv8pr-vpotv8per diff        0.00000000E+00  -1.7270440748E+01 +-    7.5398752843E-01   
2piapr-2pia diff               0.00000000E+00   0.0000000000E+00 +-    0.0000000000E+00   
vd1pr-vd1 diff                 0.00000000E+00   0.0000000000E+00 +-    0.0000000000E+00   
vepr-ve diff                   0.00000000E+00   0.0000000000E+00 +-    0.0000000000E+00   
2piapr-2pia-2picxx             0.00000000E+00   0.0000000000E+00 +-    0.0000000000E+00   
vd1pr-vd1-2picxd               0.00000000E+00   0.0000000000E+00 +-    0.0000000000E+00   
vepr-ve-2picdd                 0.00000000E+00   0.0000000000E+00 +-    0.0000000000E+00   
proton rms                     0.00000000E+00   0.0000000000E+00 +-    0.0000000000E+00   
neutron rms                    0.00000000E+00   0.0000000000E+00 +-    0.0000000000E+00   
total rms                      0.00000000E+00   0.0000000000E+00 +-    0.0000000000E+00   
neutron-proton rms             0.00000000E+00   0.0000000000E+00 +-    0.0000000000E+00   
jackson-feenberg energy        0.00000000E+00   1.3961750081E+01 +-    2.2350046192E+00   
acceptance                     0.00000000E+00   4.2000000000E-01 +-    1.5607690412E-02   
acceptance-spin                0.00000000E+00   5.1200000000E-01 +-    1.5806833965E-02   
Time for propagation (sec) (min) =           0.294      0.005
Time for energies (sec) (min) =              6.817      0.114
Time for load balancing (sec) (min) =        0.000      0.000
Time for block (sec) (min) =                 7.117      0.119
Time for operators (sec) (min) =             1.059      0.018
Elapsed block time (sec) (min) =            37.492      0.625

iteration =                               6
walker number =                         100
total energy-propagated        0.00000000E+00   1.7902334070E+01 +-    1.4231958813E+00   
kinetic energy                 0.00000000E+00   4.6591105127E+01 +-    8.1893317531E-01   
potential energy               0.00000000E+00  -2.8688771057E+01 +-    1.5861350066E+00   
im energy                      0.00000000E+00  -4.4738456988E-01 +-    1.8149965720E+00   
imkin energy                   0.00000000E+00   9.9333202877E-02 +-    2.9672917304E-01   
impot energy                   0.00000000E+00  -5.4671777275E-01 +-    1.7835286528E+00   
v cent                         0.00000000E+00  -1.1894107661E+01 +-    1.0050809090E+00   
v tau                          0.00000000E+00   7.9302603860E-01 +-    8.2533974173E-02   
v sigma                        0.00000000E+00  -7.6144278633E+00 +-    4.0252990369E-01   
v sigtau                       0.00000000E+00  -1.0440214392E+01 +-    4.6262992470E-01   
v tensor                       0.00000000E+00   6.5229941368E-02 +-    1.7349878033E-01   
v tenstau                      0.00000000E+00  -6.2000839438E-01 +-    5.7459315206E-01   
v ls                           0.00000000E+00   1.0217312729E+00 +-    1.2122437712E+00   
v lstau                        0.00000000E+00   0.0000000000E+00 +-    0.0000000000E+00   
vpot v6                        0.00000000E+00  -2.9710502330E+01 +-    1.0677538245E+00   
vpot v8                        0.00000000E+00  -2.8688771057E+01 +-    1.5861350066E+00   
v coulomb                      0.00000000E+00   0.0000000000E+00 +-    0.0000000000E+00   
v external                     0.00000000E+00   0.0000000000E+00 +-    0.0000000000E+00   
tni 2pipr-anticomm             0.00000000E+00   0.0000000000E+00 +-    0.0000000000E+00   
tni vd1pr                      0.00000000E+00   0.0000000000E+00 +-    0.0000000000E+00   
tni vepr                       0.00000000E+00   0.0000000000E+00 +-    0.0000000000E+00   
tni central                    0.00000000E+00   0.0000000000E+00 +-    0.0000000000E+00   
tni 2pixx-anticommutator       0.00000000E+00   0.0000000000E+00 +-    0.0000000000E+00   
tni 2pixd-anticommutator       0.00000000E+00   0.0000000000E+00 +-    0.0000000000E+00   
tni 2pidd-anticommutator       0.00000000E+00   0.0000000000E+00 +-    0.0000000000E+00   
tni 2pixx-commutator           0.00000000E+00   0.0000000000E+00 +-    0.0000000000E+00   
tni 2pixd-commutator           0.00000000E+00   0.0000000000E+00 +-    0.0000000000E+00   
tni 2pidd-commutator           0.00000000E+00   0.0000000000E+00 +-    0.0000000000E+00   
tni 2pi-tm                     0.00000000E+00   0.0000000000E+00 +-    0.0000000000E+00   
tni vd1                        0.00000000E+00   0.0000000000E+00 +-    0.0000000000E+00   
tni vd2                        0.00000000E+00   0.0000000000E+00 +-    0.0000000000E+00   
tni ve                         0.00000000E+00   0.0000000000E+00 +-    0.0000000000E+00   
vpottot v8+tni                 0.00000000E+00  -2.8688771057E+01 +-    1.5861350066E+00   
enetot v8+tni                  0.00000000E+00   1.7902334070E+01 +-    1.4231958813E+00   
vper cent                      0.00000000E+00  -1.1894107661E+01 +-    1.0050809090E+00   
vper tau                       0.00000000E+00   0.0000000000E+00 +-    0.0000000000E+00   
vper sigma                     0.00000000E+00   0.0000000000E+00 +-    0.0000000000E+00   
vper sigtau                    0.00000000E+00   0.0000000000E+00 +-    0.0000000000E+00   
vper tensor                    0.00000000E+00   0.0000000000E+00 +-    0.0000000000E+00   
vper tenstau                   0.00000000E+00   0.0000000000E+00 +-    0.0000000000E+00   
vper ls                        0.00000000E+00   1.0217312729E+00 +-    1.2122437712E+00   
vper lstau                     0.00000000E+00   0.0000000000E+00 +-    0.0000000000E+00   
vpotper v6                     0.00000000E+00  -1.1894107661E+01 +-    1.0050809090E+00   
vpotper v8                     0.00000000E+00  -1.0872376388E+01 +-    1.5856704274E+00   
vpotv6pr-vpotv6per diff        0.00000000E+00  -1.7816394670E+01 +-    9.4050395491E-01   
vpotv8pr-vpotv8per diff        0.00000000E+00  -1.7816394670E+01 +-    9.4050395491E-01   
2piapr-2pia diff               0.00000000E+00   0.0000000000E+00 +-    0.0000000000E+00   
vd1pr-vd1 diff                 0.00000000E+00   0.0000000000E+00 +-    0.0000000000E+00   
vepr-ve diff                   0.00000000E+00   0.0000000000E+00 +-    0.0000000000E+00   
2piapr-2pia-2picxx             0.00000000E+00   0.0000000000E+00 +-    0.0000000000E+00   
vd1pr-vd1-2picxd               0.00000000E+00   0.0000000000E+00 +-    0.0000000000E+00   
vepr-ve-2picdd                 0.00000000E+00   0.0000000000E+00 +-    0.0000000000E+00   
proton rms                     0.00000000E+00   0.0000000000E+00 +-    0.0000000000E+00   
neutron rms                    0.00000000E+00   0.0000000000E+00 +-    0.0000000000E+00   
total rms                      0.00000000E+00   0.0000000000E+00 +-    0.0000000000E+00   
neutron-proton rms             0.00000000E+00   0.0000000000E+00 +-    0.0000000000E+00   
jackson-feenberg energy        0.00000000E+00   1.4343603132E+01 +-    2.3773385993E+00   
acceptance                     0.00000000E+00   4.2300000000E-01 +-    1.5622771841E-02   
acceptance-spin                0.00000000E+00   4.8400000000E-01 +-    1.5803290797E-02   
Time for propagation (sec) (min) =           0.293      0.005
Time for energies (sec) (min) =              6.724      0.112
Time for load balancing (sec) (min) =        0.000      0.000
Time for block (sec) (min) =                 7.022      0.117
Time for operators (sec) (min) =             0.673      0.011
Elapsed block time (sec) (min) =            45.186      0.753

iteration =                               7
walker number =                         100
total energy-propagated        0.00000000E+00   1.6551291357E+01 +-    1.3928821349E+00   
kinetic energy                 0.00000000E+00   4.4385867570E+01 +-    1.5744832569E+00   
potential energy               0.00000000E+00  -2.7834576213E+01 +-    2.0671593416E+00   
im energy                      0.00000000E+00  -2.5531539915E+00 +-    1.4588908629E+00   
imkin energy                   0.00000000E+00   3.0783265727E-01 +-    3.7102240799E-01   
impot energy                   0.00000000E+00  -2.8609866488E+00 +-    1.5053407000E+00   
v cent                         0.00000000E+00  -9.0286092571E+00 +-    1.6975978595E+00   
v tau                          0.00000000E+00   9.4041541655E-01 +-    1.0065441983E-01   
v sigma                        0.00000000E+00  -7.6892469481E+00 +-    3.4513065100E-01   
v sigtau                       0.00000000E+00  -1.0498783386E+01 +-    4.0005051613E-01   
v tensor                       0.00000000E+00   1.7450476419E-01 +-    1.5728929533E-01   
v tenstau                      0.00000000E+00  -1.5554684876E+00 +-    4.9347657077E-01   
v ls                           0.00000000E+00  -1.7738831527E-01 +-    1.3336030889E+00   
v lstau                        0.00000000E+00   0.0000000000E+00 +-    0.0000000000E+00   
vpot v6                        0.00000000E+00  -2.7657187898E+01 +-    1.6582437249E+00   
vpot v8                        0.00000000E+00  -2.7834576213E+01 +-    2.0671593416E+00   
v coulomb                      0.00000000E+00   0.0000000000E+00 +-    0.0000000000E+00   
v external                     0.00000000E+00   0.0000000000E+00 +-    0.0000000000E+00   
tni 2pipr-anticomm             0.00000000E+00   0.0000000000E+00 +-    0.0000000000E+00   
tni vd1pr                      0.00000000E+00   0.0000000000E+00 +-    0.0000000000E+00   
tni vepr                       0.00000000E+00   0.0000000000E+00 +-    0.0000000000E+00   
tni central                    0.00000000E+00   0.0000000000E+00 +-    0.0000000000E+00   
tni 2pixx-anticommutator       0.00000000E+00   0.0000000000E+00 +-    0.0000000000E+00   
tni 2pixd-anticommutator       0.00000000E+00   0.0000000000E+00 +-    0.0000000000E+00   
tni 2pidd-anticommutator       0.00000000E+00   0.0000000000E+00 +-    0.0000000000E+00   
tni 2pixx-commutator           0.00000000E+00   0.0000000000E+00 +-    0.0000000000E+00   
tni 2pixd-commutator           0.00000000E+00   0.0000000000E+00 +-    0.0000000000E+00   
tni 2pidd-commutator           0.00000000E+00   0.0000000000E+00 +-    0.0000000000E+00   
tni 2pi-tm                     0.00000000E+00   0.0000000000E+00 +-    0.0000000000E+00   
tni vd1                        0.00000000E+00   0.0000000000E+00 +-    0.0000000000E+00   
tni vd2                        0.00000000E+00   0.0000000000E+00 +-    0.0000000000E+00   
tni ve                         0.00000000E+00   0.0000000000E+00 +-    0.0000000000E+00   
vpottot v8+tni                 0.00000000E+00  -2.7834576213E+01 +-    2.0671593416E+00   
enetot v8+tni                  0.00000000E+00   1.6551291357E+01 +-    1.3928821349E+00   
vper cent                      0.00000000E+00  -9.0286092571E+00 +-    1.6975978595E+00   
vper tau                       0.00000000E+00   0.0000000000E+00 +-    0.0000000000E+00   
vper sigma                     0.00000000E+00   0.0000000000E+00 +-    0.0000000000E+00   
vper sigtau                    0.00000000E+00   0.0000000000E+00 +-    0.0000000000E+00   
vper tensor                    0.00000000E+00   0.0000000000E+00 +-    0.0000000000E+00   
vper tenstau                   0.00000000E+00   0.0000000000E+00 +-    0.0000000000E+00   
vper ls                        0.00000000E+00  -1.7738831527E-01 +-    1.3336030889E+00   
vper lstau                     0.00000000E+00   0.0000000000E+00 +-    0.0000000000E+00   
vpotper v6                     0.00000000E+00  -9.0286092571E+00 +-    1.6975978595E+00   
vpotper v8                     0.00000000E+00  -9.2059975723E+00 +-    2.1506221702E+00   
vpotv6pr-vpotv6per diff        0.00000000E+00  -1.8628578641E+01 +-    7.7172040400E-01   
vpotv8pr-vpotv8per diff        0.00000000E+00  -1.8628578641E+01 +-    7.7172040400E-01   
2piapr-2pia diff               0.00000000E+00   0.0000000000E+00 +-    0.0000000000E+00   
vd1pr-vd1 diff                 0.00000000E+00   0.0000000000E+00 +-    0.0000000000E+00   
vepr-ve diff                   0.00000000E+00   0.0000000000E+00 +-    0.0000000000E+00   
2piapr-2pia-2picxx             0.00000000E+00   0.0000000000E+00 +-    0.0000000000E+00   
vd1pr-vd1-2picxd               0.00000000E+00   0.0000000000E+00 +-    0.0000000000E+00   
vepr-ve-2picdd                 0.00000000E+00   0.0000000000E+00 +-    0.0000000000E+00   
proton rms                     0.00000000E+00   0.0000000000E+00 +-    0.0000000000E+00   
neutron rms                    0.00000000E+00   0.0000000000E+00 +-    0.0000000000E+00   
total rms                      0.00000000E+00   0.0000000000E+00 +-    0.0000000000E+00   
neutron-proton rms             0.00000000E+00   0.0000000000E+00 +-    0.0000000000E+00   
jackson-feenberg energy        0.00000000E+00   1.3293915798E+01 +-    2.2177069563E+00   
acceptance                     0.00000000E+00   4.5500000000E-01 +-    1.5747221977E-02   
acceptance-spin                0.00000000E+00   4.7200000000E-01 +-    1.5786576576E-02   
Time for propagation (sec) (min) =           0.295      0.005
Time for energies (sec) (min) =              8.175      0.136
Time for load balancing (sec) (min) =        0.000      0.000
Time for block (sec) (min) =                 8.476      0.141
Time for operators (sec) (min) =             1.716      0.029
Elapsed block time (sec) (min) =            55.378      0.923

iteration =                               8
walker number =                         100
total energy-propagated        0.00000000E+00   1.7530673603E+01 +-    1.1980142166E+00   
kinetic energy                 0.00000000E+00   4.5797588646E+01 +-    1.3549621951E+00   
potential energy               0.00000000E+00  -2.8266915043E+01 +-    1.8298471894E+00   
im energy                      0.00000000E+00   5.9411060692E-01 +-    1.0219612477E+00   
imkin energy                   0.00000000E+00  -3.0110535197E-01 +-    2.3204807798E-01   
impot energy                   0.00000000E+00   8.9521595889E-01 +-    1.0850717223E+00   
v cent                         0.00000000E+00  -1.0581218913E+01 +-    1.4315342127E+00   
v tau                          0.00000000E+00   8.7534602492E-01 +-    8.7517243930E-02   
v sigma                        0.00000000E+00  -7.7458848746E+00 +-    3.7883588194E-01   
v sigtau                       0.00000000E+00  -1.0577826638E+01 +-    4.3935285754E-01   
v tensor                       0.00000000E+00   2.2594949187E-01 +-    1.3360918390E-01   
v tenstau                      0.00000000E+00  -5.0170176594E-01 +-    4.4348119183E-01   
v ls                           0.00000000E+00   3.8421632058E-02 +-    9.5218467825E-01   
v lstau                        0.00000000E+00   0.0000000000E+00 +-    0.0000000000E+00   
vpot v6                        0.00000000E+00  -2.8305336675E+01 +-    1.5576239412E+00   
vpot v8                        0.00000000E+00  -2.8266915043E+01 +-    1.8298471894E+00   
v coulomb                      0.00000000E+00   0.0000000000E+00 +-    0.0000000000E+00   
v external                     0.00000000E+00   0.0000000000E+00 +-    0.0000000000E+00   
tni 2pipr-anticomm             0.00000000E+00   0.0000000000E+00 +-    0.0000000000E+00   
tni vd1pr                      0.00000000E+00   0.0000000000E+00 +-    0.0000000000E+00   
tni vepr                       0.00000000E+00   0.0000000000E+00 +-    0.0000000000E+00   
tni central                    0.00000000E+00   0.0000000000E+00 +-    0.0000000000E+00   
tni 2pixx-anticommutator       0.00000000E+00   0.0000000000E+00 +-    0.0000000000E+00   
tni 2pixd-anticommutator       0.00000000E+00   0.0000000000E+00 +-    0.0000000000E+00   
tni 2pidd-anticommutator       0.00000000E+00   0.0000000000E+00 +-    0.0000000000E+00   
tni 2pixx-commutator           0.00000000E+00   0.0000000000E+00 +-    0.0000000000E+00   
tni 2pixd-commutator           0.00000000E+00   0.0000000000E+00 +-    0.0000000000E+00   
tni 2pidd-commutator           0.00000000E+00   0.0000000000E+00 +-    0.0000000000E+00   
tni 2pi-tm                     0.00000000E+00   0.0000000000E+00 +-    0.0000000000E+00   
tni vd1                        0.00000000E+00   0.0000000000E+00 +-    0.0000000000E+00   
tni vd2                        0.00000000E+00   0.0000000000E+00 +-    0.0000000000E+00   
tni ve                         0.00000000E+00   0.0000000000E+00 +-    0.0000000000E+00   
vpottot v8+tni                 0.00000000E+00  -2.8266915043E+01 +-    1.8298471894E+00   
enetot v8+tni                  0.00000000E+00   1.7530673603E+01 +-    1.1980142166E+00   
vper cent                      0.00000000E+00  -1.0581218913E+01 +-    1.4315342127E+00   
vper tau                       0.00000000E+00   0.0000000000E+00 +-    0.0000000000E+00   
vper sigma                     0.00000000E+00   0.0000000000E+00 +-    0.0000000000E+00   
vper sigtau                    0.00000000E+00   0.0000000000E+00 +-    0.0000000000E+00   
vper tensor                    0.00000000E+00   0.0000000000E+00 +-    0.0000000000E+00   
vper tenstau                   0.00000000E+00   0.0000000000E+00 +-    0.0000000000E+00   
vper ls                        0.00000000E+00   3.8421632058E-02 +-    9.5218467825E-01   
vper lstau                     0.00000000E+00   0.0000000000E+00 +-    0.0000000000E+00   
vpotper v6                     0.00000000E+00  -1.0581218913E+01 +-    1.4315342127E+00   
vpotper v8                     0.00000000E+00  -1.0542797281E+01 +-    1.7457777998E+00   
vpotv6pr-vpotv6per diff        0.00000000E+00  -1.7724117762E+01 +-    9.0187607676E-01   
vpotv8pr-vpotv8per diff        0.00000000E+00  -1.7724117762E+01 +-    9.0187607676E-01   
2piapr-2pia diff               0.00000000E+00   0.0000000000E+00 +-    0.0000000000E+00   
vd1pr-vd1 diff                 0.00000000E+00   0.0000000000E+00 +-    0.0000000000E+00   
vepr-ve diff                   0.00000000E+00   0.0000000000E+00 +-    0.0000000000E+00   
2piapr-2pia-2picxx             0.00000000E+00   0.0000000000E+00 +-    0.0000000000E+00   
vd1pr-vd1-2picxd               0.00000000E+00   0.0000000000E+00 +-    0.0000000000E+00   
vepr-ve-2picdd                 0.00000000E+00   0.0000000000E+00 +-    0.0000000000E+00   
proton rms                     0.00000000E+00   0.0000000000E+00 +-    0.0000000000E+00   
neutron rms                    0.00000000E+00   0.0000000000E+00 +-    0.0000000000E+00   
total rms                      0.00000000E+00   0.0000000000E+00 +-    0.0000000000E+00   
neutron-proton rms             0.00000000E+00   0.0000000000E+00 +-    0.0000000000E+00   
jackson-feenberg energy        0.00000000E+00   1.1773744433E+01 +-    2.0464620849E+00   
acceptance                     0.00000000E+00   4.3000000000E-01 +-    1.5655669899E-02   
acceptance-spin                0.00000000E+00   4.6200000000E-01 +-    1.5765658883E-02   
Time for propagation (sec) (min) =           0.378      0.006
Time for energies (sec) (min) =              8.503      0.142
Time for load balancing (sec) (min) =        0.000      0.000
Time for block (sec) (min) =                 8.985      0.150
Time for operators (sec) (min) =             2.610      0.043
Elapsed block time (sec) (min) =            66.972      1.116

iteration =                               9
walker number =                         100
total energy-propagated        0.00000000E+00   1.6008563811E+01 +-    1.6017321430E+00   
kinetic energy                 0.00000000E+00   4.3791302782E+01 +-    1.4320290177E+00   
potential energy               0.00000000E+00  -2.7782738971E+01 +-    2.2091632957E+00   
im energy                      0.00000000E+00   3.7796484625E-01 +-    1.5546768893E+00   
imkin energy                   0.00000000E+00  -4.0646753545E-01 +-    2.8209833822E-01   
impot energy                   0.00000000E+00   7.8443238170E-01 +-    1.6089317320E+00   
v cent                         0.00000000E+00  -9.0144665498E+00 +-    1.6351749819E+00   
v tau                          0.00000000E+00   9.0106623369E-01 +-    9.8461359013E-02   
v sigma                        0.00000000E+00  -7.6188998017E+00 +-    3.9195138256E-01   
v sigtau                       0.00000000E+00  -1.0428511523E+01 +-    4.5332599999E-01   
v tensor                       0.00000000E+00   2.4633613110E-01 +-    1.4198911482E-01   
v tenstau                      0.00000000E+00  -8.4349262590E-01 +-    4.8551606938E-01   
v ls                           0.00000000E+00  -1.0247708355E+00 +-    1.5886025227E+00   
v lstau                        0.00000000E+00   0.0000000000E+00 +-    0.0000000000E+00   
vpot v6                        0.00000000E+00  -2.6757968135E+01 +-    1.8169316808E+00   
vpot v8                        0.00000000E+00  -2.7782738971E+01 +-    2.2091632957E+00   
v coulomb                      0.00000000E+00   0.0000000000E+00 +-    0.0000000000E+00   
v external                     0.00000000E+00   0.0000000000E+00 +-    0.0000000000E+00   
tni 2pipr-anticomm             0.00000000E+00   0.0000000000E+00 +-    0.0000000000E+00   
tni vd1pr                      0.00000000E+00   0.0000000000E+00 +-    0.0000000000E+00   
tni vepr                       0.00000000E+00   0.0000000000E+00 +-    0.0000000000E+00   
tni central                    0.00000000E+00   0.0000000000E+00 +-    0.0000000000E+00   
tni 2pixx-anticommutator       0.00000000E+00   0.0000000000E+00 +-    0.0000000000E+00   
tni 2pixd-anticommutator       0.00000000E+00   0.0000000000E+00 +-    0.0000000000E+00   
tni 2pidd-anticommutator       0.00000000E+00   0.0000000000E+00 +-    0.0000000000E+00   
tni 2pixx-commutator           0.00000000E+00   0.0000000000E+00 +-    0.0000000000E+00   
tni 2pixd-commutator           0.00000000E+00   0.0000000000E+00 +-    0.0000000000E+00   
tni 2pidd-commutator           0.00000000E+00   0.0000000000E+00 +-    0.0000000000E+00   
tni 2pi-tm                     0.00000000E+00   0.0000000000E+00 +-    0.0000000000E+00   
tni vd1                        0.00000000E+00   0.0000000000E+00 +-    0.0000000000E+00   
tni vd2                        0.00000000E+00   0.0000000000E+00 +-    0.0000000000E+00   
tni ve                         0.00000000E+00   0.0000000000E+00 +-    0.0000000000E+00   
vpottot v8+tni                 0.00000000E+00  -2.7782738971E+01 +-    2.2091632957E+00   
enetot v8+tni                  0.00000000E+00   1.6008563811E+01 +-    1.6017321430E+00   
vper cent                      0.00000000E+00  -9.0144665498E+00 +-    1.6351749819E+00   
vper tau                       0.00000000E+00   0.0000000000E+00 +-    0.0000000000E+00   
vper sigma                     0.00000000E+00   0.0000000000E+00 +-    0.0000000000E+00   
vper sigtau                    0.00000000E+00   0.0000000000E+00 +-    0.0000000000E+00   
vper tensor                    0.00000000E+00   0.0000000000E+00 +-    0.0000000000E+00   
vper tenstau                   0.00000000E+00   0.0000000000E+00 +-    0.0000000000E+00   
vper ls                        0.00000000E+00  -1.0247708355E+00 +-    1.5886025227E+00   
vper lstau                     0.00000000E+00   0.0000000000E+00 +-    0.0000000000E+00   
vpotper v6                     0.00000000E+00  -9.0144665498E+00 +-    1.6351749819E+00   
vpotper v8                     0.00000000E+00  -1.0039237385E+01 +-    2.1118195386E+00   
vpotv6pr-vpotv6per diff        0.00000000E+00  -1.7743501586E+01 +-    8.9417762281E-01   
vpotv8pr-vpotv8per diff        0.00000000E+00  -1.7743501586E+01 +-    8.9417762281E-01   
2piapr-2pia diff               0.00000000E+00   0.0000000000E+00 +-    0.0000000000E+00   
vd1pr-vd1 diff                 0.00000000E+00   0.0000000000E+00 +-    0.0000000000E+00   
vepr-ve diff                   0.00000000E+00   0.0000000000E+00 +-    0.0000000000E+00   
2piapr-2pia-2picxx             0.00000000E+00   0.0000000000E+00 +-    0.0000000000E+00   
vd1pr-vd1-2picxd               0.00000000E+00   0.0000000000E+00 +-    0.0000000000E+00   
vepr-ve-2picdd                 0.00000000E+00   0.0000000000E+00 +-    0.0000000000E+00   
proton rms                     0.00000000E+00   0.0000000000E+00 +-    0.0000000000E+00   
neutron rms                    0.00000000E+00   0.0000000000E+00 +-    0.0000000000E+00   
total rms                      0.00000000E+00   0.0000000000E+00 +-    0.0000000000E+00   
neutron-proton rms             0.00000000E+00   0.0000000000E+00 +-    0.0000000000E+00   
jackson-feenberg energy        0.00000000E+00   1.5068528002E+01 +-    3.1211599712E+00   
acceptance                     0.00000000E+00   3.9800000000E-01 +-    1.5478888849E-02   
acceptance-spin                0.00000000E+00   4.8100000000E-01 +-    1.5799968354E-02   
Time for propagation (sec) (min) =           0.377      0.006
Time for energies (sec) (min) =              8.441      0.141
Time for load balancing (sec) (min) =        0.000      0.000
Time for block (sec) (min) =                 8.921      0.149
Time for operators (sec) (min) =             3.124      0.052
Elapsed block time (sec) (min) =            79.017      1.317

iteration =                              10
walker number =                         100
total energy-propagated        0.00000000E+00   1.6066537205E+01 +-    1.3137939774E+00   
kinetic energy                 0.00000000E+00   4.3361176645E+01 +-    1.5097816952E+00   
potential energy               0.00000000E+00  -2.7294639439E+01 +-    2.1378864358E+00   
im energy                      0.00000000E+00  -2.2185774400E+00 +-    1.7150833145E+00   
imkin energy                   0.00000000E+00  -1.8215142717E-02 +-    2.8228016360E-01   
impot energy                   0.00000000E+00  -2.2003622973E+00 +-    1.8178051843E+00   
v cent                         0.00000000E+00  -9.1868735793E+00 +-    1.5697702746E+00   
v tau                          0.00000000E+00   9.0030982566E-01 +-    9.2278356860E-02   
v sigma                        0.00000000E+00  -6.9867609655E+00 +-    3.3253725737E-01   
v sigtau                       0.00000000E+00  -9.6939994203E+00 +-    3.8313863798E-01   
v tensor                       0.00000000E+00  -1.0306569359E-01 +-    1.5415336590E-01   
v tenstau                      0.00000000E+00  -9.8688190356E-01 +-    6.0540492034E-01   
v ls                           0.00000000E+00  -1.2373677028E+00 +-    1.1082205101E+00   
v lstau                        0.00000000E+00   0.0000000000E+00 +-    0.0000000000E+00   
vpot v6                        0.00000000E+00  -2.6057271737E+01 +-    1.6919502904E+00   
vpot v8                        0.00000000E+00  -2.7294639439E+01 +-    2.1378864358E+00   
v coulomb                      0.00000000E+00   0.0000000000E+00 +-    0.0000000000E+00   
v external                     0.00000000E+00   0.0000000000E+00 +-    0.0000000000E+00   
tni 2pipr-anticomm             0.00000000E+00   0.0000000000E+00 +-    0.0000000000E+00   
tni vd1pr                      0.00000000E+00   0.0000000000E+00 +-    0.0000000000E+00   
tni vepr                       0.00000000E+00   0.0000000000E+00 +-    0.0000000000E+00   
tni central                    0.00000000E+00   0.0000000000E+00 +-    0.0000000000E+00   
tni 2pixx-anticommutator       0.00000000E+00   0.0000000000E+00 +-    0.0000000000E+00   
tni 2pixd-anticommutator       0.00000000E+00   0.0000000000E+00 +-    0.0000000000E+00   
tni 2pidd-anticommutator       0.00000000E+00   0.0000000000E+00 +-    0.0000000000E+00   
tni 2pixx-commutator           0.00000000E+00   0.0000000000E+00 +-    0.0000000000E+00   
tni 2pixd-commutator           0.00000000E+00   0.0000000000E+00 +-    0.0000000000E+00   
tni 2pidd-commutator           0.00000000E+00   0.0000000000E+00 +-    0.0000000000E+00   
tni 2pi-tm                     0.00000000E+00   0.0000000000E+00 +-    0.0000000000E+00   
tni vd1                        0.00000000E+00   0.0000000000E+00 +-    0.0000000000E+00   
tni vd2                        0.00000000E+00   0.0000000000E+00 +-    0.0000000000E+00   
tni ve                         0.00000000E+00   0.0000000000E+00 +-    0.0000000000E+00   
vpottot v8+tni                 0.00000000E+00  -2.7294639439E+01 +-    2.1378864358E+00   
enetot v8+tni                  0.00000000E+00   1.6066537205E+01 +-    1.3137939774E+00   
vper cent                      0.00000000E+00  -9.1868735793E+00 +-    1.5697702746E+00   
vper tau                       0.00000000E+00   0.0000000000E+00 +-    0.0000000000E+00   
vper sigma                     0.00000000E+00   0.0000000000E+00 +-    0.0000000000E+00   
vper sigtau                    0.00000000E+00   0.0000000000E+00 +-    0.0000000000E+00   
vper tensor                    0.00000000E+00   0.0000000000E+00 +-    0.0000000000E+00   
vper tenstau                   0.00000000E+00   0.0000000000E+00 +-    0.0000000000E+00   
vper ls                        0.00000000E+00  -1.2373677028E+00 +-    1.1082205101E+00   
vper lstau                     0.00000000E+00   0.0000000000E+00 +-    0.0000000000E+00   
vpotper v6                     0.00000000E+00  -9.1868735793E+00 +-    1.5697702746E+00   
vpotper v8                     0.00000000E+00  -1.0424241282E+01 +-    2.0470182948E+00   
vpotv6pr-vpotv6per diff        0.00000000E+00  -1.6870398157E+01 +-    8.9884769731E-01   
vpotv8pr-vpotv8per diff        0.00000000E+00  -1.6870398157E+01 +-    8.9884769731E-01   
2piapr-2pia diff               0.00000000E+00   0.0000000000E+00 +-    0.0000000000E+00   
vd1pr-vd1 diff                 0.00000000E+00   0.0000000000E+00 +-    0.0000000000E+00   
vepr-ve diff                   0.00000000E+00   0.0000000000E+00 +-    0.0000000000E+00   
2piapr-2pia-2picxx             0.00000000E+00   0.0000000000E+00 +-    0.0000000000E+00   
vd1pr-vd1-2picxd               0.00000000E+00   0.0000000000E+00 +-    0.0000000000E+00   
vepr-ve-2picdd                 0.00000000E+00   0.0000000000E+00 +-    0.0000000000E+00   
proton rms                     0.00000000E+00   0.0000000000E+00 +-    0.0000000000E+00   
neutron rms                    0.00000000E+00   0.0000000000E+00 +-    0.0000000000E+00   
total rms                      0.00000000E+00   0.0000000000E+00 +-    0.0000000000E+00   
neutron-proton rms             0.00000000E+00   0.0000000000E+00 +-    0.0000000000E+00   
jackson-feenberg energy        0.00000000E+00   1.8457245435E+01 +-    3.1797898663E+00   
acceptance                     0.00000000E+00   4.4100000000E-01 +-    1.5700923540E-02   
acceptance-spin                0.00000000E+00   4.8300000000E-01 +-    1.5802246676E-02   
Time for propagation (sec) (min) =           0.378      0.006
Time for energies (sec) (min) =              8.337      0.139
Time for load balancing (sec) (min) =        0.000      0.000
Time for block (sec) (min) =                 8.819      0.147
Time for operators (sec) (min) =             2.033      0.034
Elapsed block time (sec) (min) =            89.869      1.498

Time for steps =      89.869 seconds,        1.498 minutes

Number of cpus =         4
Total job time =      96.175 seconds,        1.603 minutes,        0.027 hours
Total cpu-time =       6.412 minutes,        0.107 hours
Total time =          96.185 seconds,        1.603 minutes,        0.027 hours
Finished!
